[2021-02-23 23:15:28,962] {scheduler_job.py:182} INFO - Started process (PID=51) to work on /home/airflow/.local/lib/python3.6/site-packages/airflow/example_dags/example_trigger_target_dag.py
[2021-02-23 23:15:28,963] {scheduler_job.py:629} INFO - Processing file /home/airflow/.local/lib/python3.6/site-packages/airflow/example_dags/example_trigger_target_dag.py for tasks to queue
[2021-02-23 23:15:28,963] {logging_mixin.py:104} INFO - [2021-02-23 23:15:28,963] {dagbag.py:448} INFO - Filling up the DagBag from /home/airflow/.local/lib/python3.6/site-packages/airflow/example_dags/example_trigger_target_dag.py
[2021-02-23 23:15:28,974] {scheduler_job.py:639} INFO - DAG(s) dict_keys(['example_trigger_target_dag']) retrieved from /home/airflow/.local/lib/python3.6/site-packages/airflow/example_dags/example_trigger_target_dag.py
[2021-02-23 23:15:28,992] {logging_mixin.py:104} INFO - [2021-02-23 23:15:28,991] {dag.py:1818} INFO - Sync 1 DAGs
[2021-02-23 23:15:28,999] {logging_mixin.py:104} INFO - [2021-02-23 23:15:28,999] {dag.py:1837} INFO - Creating ORM DAG for example_trigger_target_dag
[2021-02-23 23:15:29,004] {logging_mixin.py:104} INFO - [2021-02-23 23:15:29,003] {dag.py:2273} INFO - Setting next_dagrun for example_trigger_target_dag to None
[2021-02-23 23:15:29,244] {scheduler_job.py:190} INFO - Processing /home/airflow/.local/lib/python3.6/site-packages/airflow/example_dags/example_trigger_target_dag.py took 0.285 seconds
[2021-02-23 23:15:59,629] {scheduler_job.py:182} INFO - Started process (PID=78) to work on /home/airflow/.local/lib/python3.6/site-packages/airflow/example_dags/example_trigger_target_dag.py
[2021-02-23 23:15:59,632] {scheduler_job.py:629} INFO - Processing file /home/airflow/.local/lib/python3.6/site-packages/airflow/example_dags/example_trigger_target_dag.py for tasks to queue
[2021-02-23 23:15:59,633] {logging_mixin.py:104} INFO - [2021-02-23 23:15:59,633] {dagbag.py:448} INFO - Filling up the DagBag from /home/airflow/.local/lib/python3.6/site-packages/airflow/example_dags/example_trigger_target_dag.py
[2021-02-23 23:15:59,653] {scheduler_job.py:639} INFO - DAG(s) dict_keys(['example_trigger_target_dag']) retrieved from /home/airflow/.local/lib/python3.6/site-packages/airflow/example_dags/example_trigger_target_dag.py
[2021-02-23 23:15:59,670] {logging_mixin.py:104} INFO - [2021-02-23 23:15:59,669] {dag.py:1818} INFO - Sync 1 DAGs
[2021-02-23 23:15:59,681] {logging_mixin.py:104} INFO - [2021-02-23 23:15:59,680] {dag.py:2273} INFO - Setting next_dagrun for example_trigger_target_dag to None
[2021-02-23 23:15:59,738] {scheduler_job.py:190} INFO - Processing /home/airflow/.local/lib/python3.6/site-packages/airflow/example_dags/example_trigger_target_dag.py took 0.116 seconds
[2021-02-23 23:16:30,372] {scheduler_job.py:182} INFO - Started process (PID=103) to work on /home/airflow/.local/lib/python3.6/site-packages/airflow/example_dags/example_trigger_target_dag.py
[2021-02-23 23:16:30,373] {scheduler_job.py:629} INFO - Processing file /home/airflow/.local/lib/python3.6/site-packages/airflow/example_dags/example_trigger_target_dag.py for tasks to queue
[2021-02-23 23:16:30,373] {logging_mixin.py:104} INFO - [2021-02-23 23:16:30,373] {dagbag.py:448} INFO - Filling up the DagBag from /home/airflow/.local/lib/python3.6/site-packages/airflow/example_dags/example_trigger_target_dag.py
[2021-02-23 23:16:30,383] {scheduler_job.py:639} INFO - DAG(s) dict_keys(['example_trigger_target_dag']) retrieved from /home/airflow/.local/lib/python3.6/site-packages/airflow/example_dags/example_trigger_target_dag.py
[2021-02-23 23:16:30,399] {logging_mixin.py:104} INFO - [2021-02-23 23:16:30,399] {dag.py:1818} INFO - Sync 1 DAGs
[2021-02-23 23:16:30,411] {logging_mixin.py:104} INFO - [2021-02-23 23:16:30,411] {dag.py:2273} INFO - Setting next_dagrun for example_trigger_target_dag to None
[2021-02-23 23:16:30,471] {scheduler_job.py:190} INFO - Processing /home/airflow/.local/lib/python3.6/site-packages/airflow/example_dags/example_trigger_target_dag.py took 0.101 seconds
[2021-02-23 23:17:01,399] {scheduler_job.py:182} INFO - Started process (PID=132) to work on /home/airflow/.local/lib/python3.6/site-packages/airflow/example_dags/example_trigger_target_dag.py
[2021-02-23 23:17:01,400] {scheduler_job.py:629} INFO - Processing file /home/airflow/.local/lib/python3.6/site-packages/airflow/example_dags/example_trigger_target_dag.py for tasks to queue
[2021-02-23 23:17:01,401] {logging_mixin.py:104} INFO - [2021-02-23 23:17:01,401] {dagbag.py:448} INFO - Filling up the DagBag from /home/airflow/.local/lib/python3.6/site-packages/airflow/example_dags/example_trigger_target_dag.py
[2021-02-23 23:17:01,412] {scheduler_job.py:639} INFO - DAG(s) dict_keys(['example_trigger_target_dag']) retrieved from /home/airflow/.local/lib/python3.6/site-packages/airflow/example_dags/example_trigger_target_dag.py
[2021-02-23 23:17:01,428] {logging_mixin.py:104} INFO - [2021-02-23 23:17:01,428] {dag.py:1818} INFO - Sync 1 DAGs
[2021-02-23 23:17:01,439] {logging_mixin.py:104} INFO - [2021-02-23 23:17:01,439] {dag.py:2273} INFO - Setting next_dagrun for example_trigger_target_dag to None
[2021-02-23 23:17:01,598] {scheduler_job.py:190} INFO - Processing /home/airflow/.local/lib/python3.6/site-packages/airflow/example_dags/example_trigger_target_dag.py took 0.202 seconds
[2021-02-23 23:26:15,246] {scheduler_job.py:182} INFO - Started process (PID=46) to work on /home/airflow/.local/lib/python3.6/site-packages/airflow/example_dags/example_trigger_target_dag.py
[2021-02-23 23:26:15,247] {scheduler_job.py:629} INFO - Processing file /home/airflow/.local/lib/python3.6/site-packages/airflow/example_dags/example_trigger_target_dag.py for tasks to queue
[2021-02-23 23:26:15,248] {logging_mixin.py:104} INFO - [2021-02-23 23:26:15,247] {dagbag.py:448} INFO - Filling up the DagBag from /home/airflow/.local/lib/python3.6/site-packages/airflow/example_dags/example_trigger_target_dag.py
[2021-02-23 23:26:15,259] {scheduler_job.py:639} INFO - DAG(s) dict_keys(['example_trigger_target_dag']) retrieved from /home/airflow/.local/lib/python3.6/site-packages/airflow/example_dags/example_trigger_target_dag.py
[2021-02-23 23:26:15,281] {logging_mixin.py:104} INFO - [2021-02-23 23:26:15,281] {dag.py:1818} INFO - Sync 1 DAGs
[2021-02-23 23:26:15,303] {logging_mixin.py:104} INFO - [2021-02-23 23:26:15,303] {dag.py:2273} INFO - Setting next_dagrun for example_trigger_target_dag to None
[2021-02-23 23:26:15,342] {scheduler_job.py:190} INFO - Processing /home/airflow/.local/lib/python3.6/site-packages/airflow/example_dags/example_trigger_target_dag.py took 0.099 seconds
[2021-02-23 23:26:47,116] {scheduler_job.py:182} INFO - Started process (PID=72) to work on /home/airflow/.local/lib/python3.6/site-packages/airflow/example_dags/example_trigger_target_dag.py
[2021-02-23 23:26:47,117] {scheduler_job.py:629} INFO - Processing file /home/airflow/.local/lib/python3.6/site-packages/airflow/example_dags/example_trigger_target_dag.py for tasks to queue
[2021-02-23 23:26:47,118] {logging_mixin.py:104} INFO - [2021-02-23 23:26:47,118] {dagbag.py:448} INFO - Filling up the DagBag from /home/airflow/.local/lib/python3.6/site-packages/airflow/example_dags/example_trigger_target_dag.py
[2021-02-23 23:26:47,129] {scheduler_job.py:639} INFO - DAG(s) dict_keys(['example_trigger_target_dag']) retrieved from /home/airflow/.local/lib/python3.6/site-packages/airflow/example_dags/example_trigger_target_dag.py
[2021-02-23 23:26:47,145] {logging_mixin.py:104} INFO - [2021-02-23 23:26:47,145] {dag.py:1818} INFO - Sync 1 DAGs
[2021-02-23 23:26:47,157] {logging_mixin.py:104} INFO - [2021-02-23 23:26:47,157] {dag.py:2273} INFO - Setting next_dagrun for example_trigger_target_dag to None
[2021-02-23 23:26:47,325] {scheduler_job.py:190} INFO - Processing /home/airflow/.local/lib/python3.6/site-packages/airflow/example_dags/example_trigger_target_dag.py took 0.212 seconds
[2021-02-23 23:27:17,528] {scheduler_job.py:182} INFO - Started process (PID=100) to work on /home/airflow/.local/lib/python3.6/site-packages/airflow/example_dags/example_trigger_target_dag.py
[2021-02-23 23:27:17,529] {scheduler_job.py:629} INFO - Processing file /home/airflow/.local/lib/python3.6/site-packages/airflow/example_dags/example_trigger_target_dag.py for tasks to queue
[2021-02-23 23:27:17,529] {logging_mixin.py:104} INFO - [2021-02-23 23:27:17,529] {dagbag.py:448} INFO - Filling up the DagBag from /home/airflow/.local/lib/python3.6/site-packages/airflow/example_dags/example_trigger_target_dag.py
[2021-02-23 23:27:17,539] {scheduler_job.py:639} INFO - DAG(s) dict_keys(['example_trigger_target_dag']) retrieved from /home/airflow/.local/lib/python3.6/site-packages/airflow/example_dags/example_trigger_target_dag.py
[2021-02-23 23:27:17,556] {logging_mixin.py:104} INFO - [2021-02-23 23:27:17,556] {dag.py:1818} INFO - Sync 1 DAGs
[2021-02-23 23:27:17,567] {logging_mixin.py:104} INFO - [2021-02-23 23:27:17,567] {dag.py:2273} INFO - Setting next_dagrun for example_trigger_target_dag to None
[2021-02-23 23:27:17,598] {scheduler_job.py:190} INFO - Processing /home/airflow/.local/lib/python3.6/site-packages/airflow/example_dags/example_trigger_target_dag.py took 0.073 seconds
[2021-02-23 23:27:48,001] {scheduler_job.py:182} INFO - Started process (PID=125) to work on /home/airflow/.local/lib/python3.6/site-packages/airflow/example_dags/example_trigger_target_dag.py
[2021-02-23 23:27:48,003] {scheduler_job.py:629} INFO - Processing file /home/airflow/.local/lib/python3.6/site-packages/airflow/example_dags/example_trigger_target_dag.py for tasks to queue
[2021-02-23 23:27:48,004] {logging_mixin.py:104} INFO - [2021-02-23 23:27:48,004] {dagbag.py:448} INFO - Filling up the DagBag from /home/airflow/.local/lib/python3.6/site-packages/airflow/example_dags/example_trigger_target_dag.py
[2021-02-23 23:27:48,015] {scheduler_job.py:639} INFO - DAG(s) dict_keys(['example_trigger_target_dag']) retrieved from /home/airflow/.local/lib/python3.6/site-packages/airflow/example_dags/example_trigger_target_dag.py
[2021-02-23 23:27:48,033] {logging_mixin.py:104} INFO - [2021-02-23 23:27:48,032] {dag.py:1818} INFO - Sync 1 DAGs
[2021-02-23 23:27:48,048] {logging_mixin.py:104} INFO - [2021-02-23 23:27:48,048] {dag.py:2273} INFO - Setting next_dagrun for example_trigger_target_dag to None
[2021-02-23 23:27:48,193] {scheduler_job.py:190} INFO - Processing /home/airflow/.local/lib/python3.6/site-packages/airflow/example_dags/example_trigger_target_dag.py took 0.194 seconds
[2021-02-23 23:28:18,954] {scheduler_job.py:182} INFO - Started process (PID=151) to work on /home/airflow/.local/lib/python3.6/site-packages/airflow/example_dags/example_trigger_target_dag.py
[2021-02-23 23:28:18,955] {scheduler_job.py:629} INFO - Processing file /home/airflow/.local/lib/python3.6/site-packages/airflow/example_dags/example_trigger_target_dag.py for tasks to queue
[2021-02-23 23:28:18,955] {logging_mixin.py:104} INFO - [2021-02-23 23:28:18,955] {dagbag.py:448} INFO - Filling up the DagBag from /home/airflow/.local/lib/python3.6/site-packages/airflow/example_dags/example_trigger_target_dag.py
[2021-02-23 23:28:18,963] {scheduler_job.py:639} INFO - DAG(s) dict_keys(['example_trigger_target_dag']) retrieved from /home/airflow/.local/lib/python3.6/site-packages/airflow/example_dags/example_trigger_target_dag.py
[2021-02-23 23:28:18,975] {logging_mixin.py:104} INFO - [2021-02-23 23:28:18,975] {dag.py:1818} INFO - Sync 1 DAGs
[2021-02-23 23:28:18,985] {logging_mixin.py:104} INFO - [2021-02-23 23:28:18,985] {dag.py:2273} INFO - Setting next_dagrun for example_trigger_target_dag to None
[2021-02-23 23:28:19,100] {scheduler_job.py:190} INFO - Processing /home/airflow/.local/lib/python3.6/site-packages/airflow/example_dags/example_trigger_target_dag.py took 0.148 seconds
[2021-02-23 23:28:50,107] {scheduler_job.py:182} INFO - Started process (PID=179) to work on /home/airflow/.local/lib/python3.6/site-packages/airflow/example_dags/example_trigger_target_dag.py
[2021-02-23 23:28:50,111] {scheduler_job.py:629} INFO - Processing file /home/airflow/.local/lib/python3.6/site-packages/airflow/example_dags/example_trigger_target_dag.py for tasks to queue
[2021-02-23 23:28:50,113] {logging_mixin.py:104} INFO - [2021-02-23 23:28:50,112] {dagbag.py:448} INFO - Filling up the DagBag from /home/airflow/.local/lib/python3.6/site-packages/airflow/example_dags/example_trigger_target_dag.py
[2021-02-23 23:28:50,134] {scheduler_job.py:639} INFO - DAG(s) dict_keys(['example_trigger_target_dag']) retrieved from /home/airflow/.local/lib/python3.6/site-packages/airflow/example_dags/example_trigger_target_dag.py
[2021-02-23 23:28:50,152] {logging_mixin.py:104} INFO - [2021-02-23 23:28:50,152] {dag.py:1818} INFO - Sync 1 DAGs
[2021-02-23 23:28:50,165] {logging_mixin.py:104} INFO - [2021-02-23 23:28:50,165] {dag.py:2273} INFO - Setting next_dagrun for example_trigger_target_dag to None
[2021-02-23 23:28:50,199] {scheduler_job.py:190} INFO - Processing /home/airflow/.local/lib/python3.6/site-packages/airflow/example_dags/example_trigger_target_dag.py took 0.099 seconds
[2021-02-23 23:29:20,257] {scheduler_job.py:182} INFO - Started process (PID=206) to work on /home/airflow/.local/lib/python3.6/site-packages/airflow/example_dags/example_trigger_target_dag.py
[2021-02-23 23:29:20,257] {scheduler_job.py:629} INFO - Processing file /home/airflow/.local/lib/python3.6/site-packages/airflow/example_dags/example_trigger_target_dag.py for tasks to queue
[2021-02-23 23:29:20,258] {logging_mixin.py:104} INFO - [2021-02-23 23:29:20,258] {dagbag.py:448} INFO - Filling up the DagBag from /home/airflow/.local/lib/python3.6/site-packages/airflow/example_dags/example_trigger_target_dag.py
[2021-02-23 23:29:20,268] {scheduler_job.py:639} INFO - DAG(s) dict_keys(['example_trigger_target_dag']) retrieved from /home/airflow/.local/lib/python3.6/site-packages/airflow/example_dags/example_trigger_target_dag.py
[2021-02-23 23:29:20,283] {logging_mixin.py:104} INFO - [2021-02-23 23:29:20,283] {dag.py:1818} INFO - Sync 1 DAGs
[2021-02-23 23:29:20,294] {logging_mixin.py:104} INFO - [2021-02-23 23:29:20,294] {dag.py:2273} INFO - Setting next_dagrun for example_trigger_target_dag to None
[2021-02-23 23:29:20,329] {scheduler_job.py:190} INFO - Processing /home/airflow/.local/lib/python3.6/site-packages/airflow/example_dags/example_trigger_target_dag.py took 0.075 seconds
[2021-02-23 23:29:50,367] {scheduler_job.py:182} INFO - Started process (PID=232) to work on /home/airflow/.local/lib/python3.6/site-packages/airflow/example_dags/example_trigger_target_dag.py
[2021-02-23 23:29:50,369] {scheduler_job.py:629} INFO - Processing file /home/airflow/.local/lib/python3.6/site-packages/airflow/example_dags/example_trigger_target_dag.py for tasks to queue
[2021-02-23 23:29:50,370] {logging_mixin.py:104} INFO - [2021-02-23 23:29:50,369] {dagbag.py:448} INFO - Filling up the DagBag from /home/airflow/.local/lib/python3.6/site-packages/airflow/example_dags/example_trigger_target_dag.py
[2021-02-23 23:29:50,383] {scheduler_job.py:639} INFO - DAG(s) dict_keys(['example_trigger_target_dag']) retrieved from /home/airflow/.local/lib/python3.6/site-packages/airflow/example_dags/example_trigger_target_dag.py
[2021-02-23 23:29:50,401] {logging_mixin.py:104} INFO - [2021-02-23 23:29:50,401] {dag.py:1818} INFO - Sync 1 DAGs
[2021-02-23 23:29:50,414] {logging_mixin.py:104} INFO - [2021-02-23 23:29:50,414] {dag.py:2273} INFO - Setting next_dagrun for example_trigger_target_dag to None
[2021-02-23 23:29:50,446] {scheduler_job.py:190} INFO - Processing /home/airflow/.local/lib/python3.6/site-packages/airflow/example_dags/example_trigger_target_dag.py took 0.085 seconds
[2021-02-23 23:30:21,016] {scheduler_job.py:182} INFO - Started process (PID=259) to work on /home/airflow/.local/lib/python3.6/site-packages/airflow/example_dags/example_trigger_target_dag.py
[2021-02-23 23:30:21,023] {scheduler_job.py:629} INFO - Processing file /home/airflow/.local/lib/python3.6/site-packages/airflow/example_dags/example_trigger_target_dag.py for tasks to queue
[2021-02-23 23:30:21,024] {logging_mixin.py:104} INFO - [2021-02-23 23:30:21,023] {dagbag.py:448} INFO - Filling up the DagBag from /home/airflow/.local/lib/python3.6/site-packages/airflow/example_dags/example_trigger_target_dag.py
[2021-02-23 23:30:21,031] {scheduler_job.py:639} INFO - DAG(s) dict_keys(['example_trigger_target_dag']) retrieved from /home/airflow/.local/lib/python3.6/site-packages/airflow/example_dags/example_trigger_target_dag.py
[2021-02-23 23:30:21,049] {logging_mixin.py:104} INFO - [2021-02-23 23:30:21,049] {dag.py:1818} INFO - Sync 1 DAGs
[2021-02-23 23:30:21,071] {logging_mixin.py:104} INFO - [2021-02-23 23:30:21,071] {dag.py:2273} INFO - Setting next_dagrun for example_trigger_target_dag to None
[2021-02-23 23:30:21,255] {scheduler_job.py:190} INFO - Processing /home/airflow/.local/lib/python3.6/site-packages/airflow/example_dags/example_trigger_target_dag.py took 0.241 seconds
[2021-02-23 23:30:51,535] {scheduler_job.py:182} INFO - Started process (PID=283) to work on /home/airflow/.local/lib/python3.6/site-packages/airflow/example_dags/example_trigger_target_dag.py
[2021-02-23 23:30:51,538] {scheduler_job.py:629} INFO - Processing file /home/airflow/.local/lib/python3.6/site-packages/airflow/example_dags/example_trigger_target_dag.py for tasks to queue
[2021-02-23 23:30:51,540] {logging_mixin.py:104} INFO - [2021-02-23 23:30:51,539] {dagbag.py:448} INFO - Filling up the DagBag from /home/airflow/.local/lib/python3.6/site-packages/airflow/example_dags/example_trigger_target_dag.py
[2021-02-23 23:30:51,560] {scheduler_job.py:639} INFO - DAG(s) dict_keys(['example_trigger_target_dag']) retrieved from /home/airflow/.local/lib/python3.6/site-packages/airflow/example_dags/example_trigger_target_dag.py
[2021-02-23 23:30:51,582] {logging_mixin.py:104} INFO - [2021-02-23 23:30:51,582] {dag.py:1818} INFO - Sync 1 DAGs
[2021-02-23 23:30:51,598] {logging_mixin.py:104} INFO - [2021-02-23 23:30:51,598] {dag.py:2273} INFO - Setting next_dagrun for example_trigger_target_dag to None
[2021-02-23 23:30:51,640] {scheduler_job.py:190} INFO - Processing /home/airflow/.local/lib/python3.6/site-packages/airflow/example_dags/example_trigger_target_dag.py took 0.112 seconds
[2021-02-23 23:31:22,574] {scheduler_job.py:182} INFO - Started process (PID=310) to work on /home/airflow/.local/lib/python3.6/site-packages/airflow/example_dags/example_trigger_target_dag.py
[2021-02-23 23:31:22,575] {scheduler_job.py:629} INFO - Processing file /home/airflow/.local/lib/python3.6/site-packages/airflow/example_dags/example_trigger_target_dag.py for tasks to queue
[2021-02-23 23:31:22,576] {logging_mixin.py:104} INFO - [2021-02-23 23:31:22,576] {dagbag.py:448} INFO - Filling up the DagBag from /home/airflow/.local/lib/python3.6/site-packages/airflow/example_dags/example_trigger_target_dag.py
[2021-02-23 23:31:22,589] {scheduler_job.py:639} INFO - DAG(s) dict_keys(['example_trigger_target_dag']) retrieved from /home/airflow/.local/lib/python3.6/site-packages/airflow/example_dags/example_trigger_target_dag.py
[2021-02-23 23:31:22,606] {logging_mixin.py:104} INFO - [2021-02-23 23:31:22,605] {dag.py:1818} INFO - Sync 1 DAGs
[2021-02-23 23:31:22,620] {logging_mixin.py:104} INFO - [2021-02-23 23:31:22,620] {dag.py:2273} INFO - Setting next_dagrun for example_trigger_target_dag to None
[2021-02-23 23:31:22,661] {scheduler_job.py:190} INFO - Processing /home/airflow/.local/lib/python3.6/site-packages/airflow/example_dags/example_trigger_target_dag.py took 0.090 seconds
[2021-02-23 23:31:53,202] {scheduler_job.py:182} INFO - Started process (PID=337) to work on /home/airflow/.local/lib/python3.6/site-packages/airflow/example_dags/example_trigger_target_dag.py
[2021-02-23 23:31:53,202] {scheduler_job.py:629} INFO - Processing file /home/airflow/.local/lib/python3.6/site-packages/airflow/example_dags/example_trigger_target_dag.py for tasks to queue
[2021-02-23 23:31:53,203] {logging_mixin.py:104} INFO - [2021-02-23 23:31:53,203] {dagbag.py:448} INFO - Filling up the DagBag from /home/airflow/.local/lib/python3.6/site-packages/airflow/example_dags/example_trigger_target_dag.py
[2021-02-23 23:31:53,214] {scheduler_job.py:639} INFO - DAG(s) dict_keys(['example_trigger_target_dag']) retrieved from /home/airflow/.local/lib/python3.6/site-packages/airflow/example_dags/example_trigger_target_dag.py
[2021-02-23 23:31:53,230] {logging_mixin.py:104} INFO - [2021-02-23 23:31:53,230] {dag.py:1818} INFO - Sync 1 DAGs
[2021-02-23 23:31:53,243] {logging_mixin.py:104} INFO - [2021-02-23 23:31:53,243] {dag.py:2273} INFO - Setting next_dagrun for example_trigger_target_dag to None
[2021-02-23 23:31:53,420] {scheduler_job.py:190} INFO - Processing /home/airflow/.local/lib/python3.6/site-packages/airflow/example_dags/example_trigger_target_dag.py took 0.220 seconds
[2021-02-23 23:32:24,458] {scheduler_job.py:182} INFO - Started process (PID=367) to work on /home/airflow/.local/lib/python3.6/site-packages/airflow/example_dags/example_trigger_target_dag.py
[2021-02-23 23:32:24,459] {scheduler_job.py:629} INFO - Processing file /home/airflow/.local/lib/python3.6/site-packages/airflow/example_dags/example_trigger_target_dag.py for tasks to queue
[2021-02-23 23:32:24,460] {logging_mixin.py:104} INFO - [2021-02-23 23:32:24,460] {dagbag.py:448} INFO - Filling up the DagBag from /home/airflow/.local/lib/python3.6/site-packages/airflow/example_dags/example_trigger_target_dag.py
[2021-02-23 23:32:24,472] {scheduler_job.py:639} INFO - DAG(s) dict_keys(['example_trigger_target_dag']) retrieved from /home/airflow/.local/lib/python3.6/site-packages/airflow/example_dags/example_trigger_target_dag.py
[2021-02-23 23:32:24,489] {logging_mixin.py:104} INFO - [2021-02-23 23:32:24,489] {dag.py:1818} INFO - Sync 1 DAGs
[2021-02-23 23:32:24,502] {logging_mixin.py:104} INFO - [2021-02-23 23:32:24,502] {dag.py:2273} INFO - Setting next_dagrun for example_trigger_target_dag to None
[2021-02-23 23:32:24,538] {scheduler_job.py:190} INFO - Processing /home/airflow/.local/lib/python3.6/site-packages/airflow/example_dags/example_trigger_target_dag.py took 0.084 seconds
[2021-02-23 23:32:55,544] {scheduler_job.py:182} INFO - Started process (PID=394) to work on /home/airflow/.local/lib/python3.6/site-packages/airflow/example_dags/example_trigger_target_dag.py
[2021-02-23 23:32:55,545] {scheduler_job.py:629} INFO - Processing file /home/airflow/.local/lib/python3.6/site-packages/airflow/example_dags/example_trigger_target_dag.py for tasks to queue
[2021-02-23 23:32:55,545] {logging_mixin.py:104} INFO - [2021-02-23 23:32:55,545] {dagbag.py:448} INFO - Filling up the DagBag from /home/airflow/.local/lib/python3.6/site-packages/airflow/example_dags/example_trigger_target_dag.py
[2021-02-23 23:32:55,554] {scheduler_job.py:639} INFO - DAG(s) dict_keys(['example_trigger_target_dag']) retrieved from /home/airflow/.local/lib/python3.6/site-packages/airflow/example_dags/example_trigger_target_dag.py
[2021-02-23 23:32:55,569] {logging_mixin.py:104} INFO - [2021-02-23 23:32:55,568] {dag.py:1818} INFO - Sync 1 DAGs
[2021-02-23 23:32:55,582] {logging_mixin.py:104} INFO - [2021-02-23 23:32:55,582] {dag.py:2273} INFO - Setting next_dagrun for example_trigger_target_dag to None
[2021-02-23 23:32:55,612] {scheduler_job.py:190} INFO - Processing /home/airflow/.local/lib/python3.6/site-packages/airflow/example_dags/example_trigger_target_dag.py took 0.070 seconds
[2021-02-23 23:33:26,279] {scheduler_job.py:182} INFO - Started process (PID=421) to work on /home/airflow/.local/lib/python3.6/site-packages/airflow/example_dags/example_trigger_target_dag.py
[2021-02-23 23:33:26,281] {scheduler_job.py:629} INFO - Processing file /home/airflow/.local/lib/python3.6/site-packages/airflow/example_dags/example_trigger_target_dag.py for tasks to queue
[2021-02-23 23:33:26,282] {logging_mixin.py:104} INFO - [2021-02-23 23:33:26,281] {dagbag.py:448} INFO - Filling up the DagBag from /home/airflow/.local/lib/python3.6/site-packages/airflow/example_dags/example_trigger_target_dag.py
[2021-02-23 23:33:26,292] {scheduler_job.py:639} INFO - DAG(s) dict_keys(['example_trigger_target_dag']) retrieved from /home/airflow/.local/lib/python3.6/site-packages/airflow/example_dags/example_trigger_target_dag.py
[2021-02-23 23:33:26,309] {logging_mixin.py:104} INFO - [2021-02-23 23:33:26,309] {dag.py:1818} INFO - Sync 1 DAGs
[2021-02-23 23:33:26,322] {logging_mixin.py:104} INFO - [2021-02-23 23:33:26,322] {dag.py:2273} INFO - Setting next_dagrun for example_trigger_target_dag to None
[2021-02-23 23:33:26,349] {scheduler_job.py:190} INFO - Processing /home/airflow/.local/lib/python3.6/site-packages/airflow/example_dags/example_trigger_target_dag.py took 0.073 seconds
[2021-02-23 23:33:56,873] {scheduler_job.py:182} INFO - Started process (PID=447) to work on /home/airflow/.local/lib/python3.6/site-packages/airflow/example_dags/example_trigger_target_dag.py
[2021-02-23 23:33:56,874] {scheduler_job.py:629} INFO - Processing file /home/airflow/.local/lib/python3.6/site-packages/airflow/example_dags/example_trigger_target_dag.py for tasks to queue
[2021-02-23 23:33:56,875] {logging_mixin.py:104} INFO - [2021-02-23 23:33:56,874] {dagbag.py:448} INFO - Filling up the DagBag from /home/airflow/.local/lib/python3.6/site-packages/airflow/example_dags/example_trigger_target_dag.py
[2021-02-23 23:33:56,884] {scheduler_job.py:639} INFO - DAG(s) dict_keys(['example_trigger_target_dag']) retrieved from /home/airflow/.local/lib/python3.6/site-packages/airflow/example_dags/example_trigger_target_dag.py
[2021-02-23 23:33:56,898] {logging_mixin.py:104} INFO - [2021-02-23 23:33:56,898] {dag.py:1818} INFO - Sync 1 DAGs
[2021-02-23 23:33:56,910] {logging_mixin.py:104} INFO - [2021-02-23 23:33:56,910] {dag.py:2273} INFO - Setting next_dagrun for example_trigger_target_dag to None
[2021-02-23 23:33:56,948] {scheduler_job.py:190} INFO - Processing /home/airflow/.local/lib/python3.6/site-packages/airflow/example_dags/example_trigger_target_dag.py took 0.077 seconds
[2021-02-23 23:34:27,093] {scheduler_job.py:182} INFO - Started process (PID=471) to work on /home/airflow/.local/lib/python3.6/site-packages/airflow/example_dags/example_trigger_target_dag.py
[2021-02-23 23:34:27,095] {scheduler_job.py:629} INFO - Processing file /home/airflow/.local/lib/python3.6/site-packages/airflow/example_dags/example_trigger_target_dag.py for tasks to queue
[2021-02-23 23:34:27,096] {logging_mixin.py:104} INFO - [2021-02-23 23:34:27,096] {dagbag.py:448} INFO - Filling up the DagBag from /home/airflow/.local/lib/python3.6/site-packages/airflow/example_dags/example_trigger_target_dag.py
[2021-02-23 23:34:27,112] {scheduler_job.py:639} INFO - DAG(s) dict_keys(['example_trigger_target_dag']) retrieved from /home/airflow/.local/lib/python3.6/site-packages/airflow/example_dags/example_trigger_target_dag.py
[2021-02-23 23:34:27,129] {logging_mixin.py:104} INFO - [2021-02-23 23:34:27,129] {dag.py:1818} INFO - Sync 1 DAGs
[2021-02-23 23:34:27,145] {logging_mixin.py:104} INFO - [2021-02-23 23:34:27,145] {dag.py:2273} INFO - Setting next_dagrun for example_trigger_target_dag to None
[2021-02-23 23:34:27,279] {scheduler_job.py:190} INFO - Processing /home/airflow/.local/lib/python3.6/site-packages/airflow/example_dags/example_trigger_target_dag.py took 0.193 seconds
[2021-02-23 23:34:58,489] {scheduler_job.py:182} INFO - Started process (PID=501) to work on /home/airflow/.local/lib/python3.6/site-packages/airflow/example_dags/example_trigger_target_dag.py
[2021-02-23 23:34:58,489] {scheduler_job.py:629} INFO - Processing file /home/airflow/.local/lib/python3.6/site-packages/airflow/example_dags/example_trigger_target_dag.py for tasks to queue
[2021-02-23 23:34:58,490] {logging_mixin.py:104} INFO - [2021-02-23 23:34:58,490] {dagbag.py:448} INFO - Filling up the DagBag from /home/airflow/.local/lib/python3.6/site-packages/airflow/example_dags/example_trigger_target_dag.py
[2021-02-23 23:34:58,499] {scheduler_job.py:639} INFO - DAG(s) dict_keys(['example_trigger_target_dag']) retrieved from /home/airflow/.local/lib/python3.6/site-packages/airflow/example_dags/example_trigger_target_dag.py
[2021-02-23 23:34:58,512] {logging_mixin.py:104} INFO - [2021-02-23 23:34:58,512] {dag.py:1818} INFO - Sync 1 DAGs
[2021-02-23 23:34:58,525] {logging_mixin.py:104} INFO - [2021-02-23 23:34:58,525] {dag.py:2273} INFO - Setting next_dagrun for example_trigger_target_dag to None
[2021-02-23 23:34:58,559] {scheduler_job.py:190} INFO - Processing /home/airflow/.local/lib/python3.6/site-packages/airflow/example_dags/example_trigger_target_dag.py took 0.072 seconds
[2021-02-23 23:35:29,135] {scheduler_job.py:182} INFO - Started process (PID=527) to work on /home/airflow/.local/lib/python3.6/site-packages/airflow/example_dags/example_trigger_target_dag.py
[2021-02-23 23:35:29,137] {scheduler_job.py:629} INFO - Processing file /home/airflow/.local/lib/python3.6/site-packages/airflow/example_dags/example_trigger_target_dag.py for tasks to queue
[2021-02-23 23:35:29,138] {logging_mixin.py:104} INFO - [2021-02-23 23:35:29,138] {dagbag.py:448} INFO - Filling up the DagBag from /home/airflow/.local/lib/python3.6/site-packages/airflow/example_dags/example_trigger_target_dag.py
[2021-02-23 23:35:29,153] {scheduler_job.py:639} INFO - DAG(s) dict_keys(['example_trigger_target_dag']) retrieved from /home/airflow/.local/lib/python3.6/site-packages/airflow/example_dags/example_trigger_target_dag.py
[2021-02-23 23:35:29,169] {logging_mixin.py:104} INFO - [2021-02-23 23:35:29,169] {dag.py:1818} INFO - Sync 1 DAGs
[2021-02-23 23:35:29,182] {logging_mixin.py:104} INFO - [2021-02-23 23:35:29,182] {dag.py:2273} INFO - Setting next_dagrun for example_trigger_target_dag to None
[2021-02-23 23:35:29,214] {scheduler_job.py:190} INFO - Processing /home/airflow/.local/lib/python3.6/site-packages/airflow/example_dags/example_trigger_target_dag.py took 0.087 seconds
[2021-02-23 23:36:00,274] {scheduler_job.py:182} INFO - Started process (PID=556) to work on /home/airflow/.local/lib/python3.6/site-packages/airflow/example_dags/example_trigger_target_dag.py
[2021-02-23 23:36:00,276] {scheduler_job.py:629} INFO - Processing file /home/airflow/.local/lib/python3.6/site-packages/airflow/example_dags/example_trigger_target_dag.py for tasks to queue
[2021-02-23 23:36:00,277] {logging_mixin.py:104} INFO - [2021-02-23 23:36:00,276] {dagbag.py:448} INFO - Filling up the DagBag from /home/airflow/.local/lib/python3.6/site-packages/airflow/example_dags/example_trigger_target_dag.py
[2021-02-23 23:36:00,290] {scheduler_job.py:639} INFO - DAG(s) dict_keys(['example_trigger_target_dag']) retrieved from /home/airflow/.local/lib/python3.6/site-packages/airflow/example_dags/example_trigger_target_dag.py
[2021-02-23 23:36:00,309] {logging_mixin.py:104} INFO - [2021-02-23 23:36:00,308] {dag.py:1818} INFO - Sync 1 DAGs
[2021-02-23 23:36:00,322] {logging_mixin.py:104} INFO - [2021-02-23 23:36:00,322] {dag.py:2273} INFO - Setting next_dagrun for example_trigger_target_dag to None
[2021-02-23 23:36:00,360] {scheduler_job.py:190} INFO - Processing /home/airflow/.local/lib/python3.6/site-packages/airflow/example_dags/example_trigger_target_dag.py took 0.090 seconds
[2021-02-23 23:36:30,977] {scheduler_job.py:182} INFO - Started process (PID=583) to work on /home/airflow/.local/lib/python3.6/site-packages/airflow/example_dags/example_trigger_target_dag.py
[2021-02-23 23:36:30,977] {scheduler_job.py:629} INFO - Processing file /home/airflow/.local/lib/python3.6/site-packages/airflow/example_dags/example_trigger_target_dag.py for tasks to queue
[2021-02-23 23:36:30,978] {logging_mixin.py:104} INFO - [2021-02-23 23:36:30,978] {dagbag.py:448} INFO - Filling up the DagBag from /home/airflow/.local/lib/python3.6/site-packages/airflow/example_dags/example_trigger_target_dag.py
[2021-02-23 23:36:30,987] {scheduler_job.py:639} INFO - DAG(s) dict_keys(['example_trigger_target_dag']) retrieved from /home/airflow/.local/lib/python3.6/site-packages/airflow/example_dags/example_trigger_target_dag.py
[2021-02-23 23:36:31,002] {logging_mixin.py:104} INFO - [2021-02-23 23:36:31,002] {dag.py:1818} INFO - Sync 1 DAGs
[2021-02-23 23:36:31,012] {logging_mixin.py:104} INFO - [2021-02-23 23:36:31,012] {dag.py:2273} INFO - Setting next_dagrun for example_trigger_target_dag to None
[2021-02-23 23:36:31,052] {scheduler_job.py:190} INFO - Processing /home/airflow/.local/lib/python3.6/site-packages/airflow/example_dags/example_trigger_target_dag.py took 0.077 seconds
[2021-02-23 23:37:01,903] {scheduler_job.py:182} INFO - Started process (PID=610) to work on /home/airflow/.local/lib/python3.6/site-packages/airflow/example_dags/example_trigger_target_dag.py
[2021-02-23 23:37:01,905] {scheduler_job.py:629} INFO - Processing file /home/airflow/.local/lib/python3.6/site-packages/airflow/example_dags/example_trigger_target_dag.py for tasks to queue
[2021-02-23 23:37:01,906] {logging_mixin.py:104} INFO - [2021-02-23 23:37:01,906] {dagbag.py:448} INFO - Filling up the DagBag from /home/airflow/.local/lib/python3.6/site-packages/airflow/example_dags/example_trigger_target_dag.py
[2021-02-23 23:37:01,918] {scheduler_job.py:639} INFO - DAG(s) dict_keys(['example_trigger_target_dag']) retrieved from /home/airflow/.local/lib/python3.6/site-packages/airflow/example_dags/example_trigger_target_dag.py
[2021-02-23 23:37:01,945] {logging_mixin.py:104} INFO - [2021-02-23 23:37:01,945] {dag.py:1818} INFO - Sync 1 DAGs
[2021-02-23 23:37:01,959] {logging_mixin.py:104} INFO - [2021-02-23 23:37:01,959] {dag.py:2273} INFO - Setting next_dagrun for example_trigger_target_dag to None
[2021-02-23 23:37:02,002] {scheduler_job.py:190} INFO - Processing /home/airflow/.local/lib/python3.6/site-packages/airflow/example_dags/example_trigger_target_dag.py took 0.101 seconds
[2021-02-23 23:37:32,160] {scheduler_job.py:182} INFO - Started process (PID=634) to work on /home/airflow/.local/lib/python3.6/site-packages/airflow/example_dags/example_trigger_target_dag.py
[2021-02-23 23:37:32,161] {scheduler_job.py:629} INFO - Processing file /home/airflow/.local/lib/python3.6/site-packages/airflow/example_dags/example_trigger_target_dag.py for tasks to queue
[2021-02-23 23:37:32,162] {logging_mixin.py:104} INFO - [2021-02-23 23:37:32,161] {dagbag.py:448} INFO - Filling up the DagBag from /home/airflow/.local/lib/python3.6/site-packages/airflow/example_dags/example_trigger_target_dag.py
[2021-02-23 23:37:32,173] {scheduler_job.py:639} INFO - DAG(s) dict_keys(['example_trigger_target_dag']) retrieved from /home/airflow/.local/lib/python3.6/site-packages/airflow/example_dags/example_trigger_target_dag.py
[2021-02-23 23:37:32,191] {logging_mixin.py:104} INFO - [2021-02-23 23:37:32,191] {dag.py:1818} INFO - Sync 1 DAGs
[2021-02-23 23:37:32,203] {logging_mixin.py:104} INFO - [2021-02-23 23:37:32,203] {dag.py:2273} INFO - Setting next_dagrun for example_trigger_target_dag to None
[2021-02-23 23:37:32,250] {scheduler_job.py:190} INFO - Processing /home/airflow/.local/lib/python3.6/site-packages/airflow/example_dags/example_trigger_target_dag.py took 0.094 seconds
[2021-02-23 23:38:02,737] {scheduler_job.py:182} INFO - Started process (PID=662) to work on /home/airflow/.local/lib/python3.6/site-packages/airflow/example_dags/example_trigger_target_dag.py
[2021-02-23 23:38:02,739] {scheduler_job.py:629} INFO - Processing file /home/airflow/.local/lib/python3.6/site-packages/airflow/example_dags/example_trigger_target_dag.py for tasks to queue
[2021-02-23 23:38:02,740] {logging_mixin.py:104} INFO - [2021-02-23 23:38:02,740] {dagbag.py:448} INFO - Filling up the DagBag from /home/airflow/.local/lib/python3.6/site-packages/airflow/example_dags/example_trigger_target_dag.py
[2021-02-23 23:38:02,756] {scheduler_job.py:639} INFO - DAG(s) dict_keys(['example_trigger_target_dag']) retrieved from /home/airflow/.local/lib/python3.6/site-packages/airflow/example_dags/example_trigger_target_dag.py
[2021-02-23 23:38:02,774] {logging_mixin.py:104} INFO - [2021-02-23 23:38:02,774] {dag.py:1818} INFO - Sync 1 DAGs
[2021-02-23 23:38:02,787] {logging_mixin.py:104} INFO - [2021-02-23 23:38:02,787] {dag.py:2273} INFO - Setting next_dagrun for example_trigger_target_dag to None
[2021-02-23 23:38:02,824] {scheduler_job.py:190} INFO - Processing /home/airflow/.local/lib/python3.6/site-packages/airflow/example_dags/example_trigger_target_dag.py took 0.096 seconds
[2021-02-23 23:38:33,109] {scheduler_job.py:182} INFO - Started process (PID=688) to work on /home/airflow/.local/lib/python3.6/site-packages/airflow/example_dags/example_trigger_target_dag.py
[2021-02-23 23:38:33,112] {scheduler_job.py:629} INFO - Processing file /home/airflow/.local/lib/python3.6/site-packages/airflow/example_dags/example_trigger_target_dag.py for tasks to queue
[2021-02-23 23:38:33,114] {logging_mixin.py:104} INFO - [2021-02-23 23:38:33,113] {dagbag.py:448} INFO - Filling up the DagBag from /home/airflow/.local/lib/python3.6/site-packages/airflow/example_dags/example_trigger_target_dag.py
[2021-02-23 23:38:33,130] {scheduler_job.py:639} INFO - DAG(s) dict_keys(['example_trigger_target_dag']) retrieved from /home/airflow/.local/lib/python3.6/site-packages/airflow/example_dags/example_trigger_target_dag.py
[2021-02-23 23:38:33,146] {logging_mixin.py:104} INFO - [2021-02-23 23:38:33,146] {dag.py:1818} INFO - Sync 1 DAGs
[2021-02-23 23:38:33,159] {logging_mixin.py:104} INFO - [2021-02-23 23:38:33,158] {dag.py:2273} INFO - Setting next_dagrun for example_trigger_target_dag to None
[2021-02-23 23:38:33,208] {scheduler_job.py:190} INFO - Processing /home/airflow/.local/lib/python3.6/site-packages/airflow/example_dags/example_trigger_target_dag.py took 0.108 seconds
[2021-02-23 23:39:03,302] {scheduler_job.py:182} INFO - Started process (PID=715) to work on /home/airflow/.local/lib/python3.6/site-packages/airflow/example_dags/example_trigger_target_dag.py
[2021-02-23 23:39:03,304] {scheduler_job.py:629} INFO - Processing file /home/airflow/.local/lib/python3.6/site-packages/airflow/example_dags/example_trigger_target_dag.py for tasks to queue
[2021-02-23 23:39:03,304] {logging_mixin.py:104} INFO - [2021-02-23 23:39:03,304] {dagbag.py:448} INFO - Filling up the DagBag from /home/airflow/.local/lib/python3.6/site-packages/airflow/example_dags/example_trigger_target_dag.py
[2021-02-23 23:39:03,319] {scheduler_job.py:639} INFO - DAG(s) dict_keys(['example_trigger_target_dag']) retrieved from /home/airflow/.local/lib/python3.6/site-packages/airflow/example_dags/example_trigger_target_dag.py
[2021-02-23 23:39:03,338] {logging_mixin.py:104} INFO - [2021-02-23 23:39:03,338] {dag.py:1818} INFO - Sync 1 DAGs
[2021-02-23 23:39:03,351] {logging_mixin.py:104} INFO - [2021-02-23 23:39:03,351] {dag.py:2273} INFO - Setting next_dagrun for example_trigger_target_dag to None
[2021-02-23 23:39:03,381] {scheduler_job.py:190} INFO - Processing /home/airflow/.local/lib/python3.6/site-packages/airflow/example_dags/example_trigger_target_dag.py took 0.082 seconds
[2021-02-23 23:39:33,456] {scheduler_job.py:182} INFO - Started process (PID=742) to work on /home/airflow/.local/lib/python3.6/site-packages/airflow/example_dags/example_trigger_target_dag.py
[2021-02-23 23:39:33,458] {scheduler_job.py:629} INFO - Processing file /home/airflow/.local/lib/python3.6/site-packages/airflow/example_dags/example_trigger_target_dag.py for tasks to queue
[2021-02-23 23:39:33,459] {logging_mixin.py:104} INFO - [2021-02-23 23:39:33,459] {dagbag.py:448} INFO - Filling up the DagBag from /home/airflow/.local/lib/python3.6/site-packages/airflow/example_dags/example_trigger_target_dag.py
[2021-02-23 23:39:33,478] {scheduler_job.py:639} INFO - DAG(s) dict_keys(['example_trigger_target_dag']) retrieved from /home/airflow/.local/lib/python3.6/site-packages/airflow/example_dags/example_trigger_target_dag.py
[2021-02-23 23:39:33,494] {logging_mixin.py:104} INFO - [2021-02-23 23:39:33,493] {dag.py:1818} INFO - Sync 1 DAGs
[2021-02-23 23:39:33,505] {logging_mixin.py:104} INFO - [2021-02-23 23:39:33,505] {dag.py:2273} INFO - Setting next_dagrun for example_trigger_target_dag to None
[2021-02-23 23:39:33,541] {scheduler_job.py:190} INFO - Processing /home/airflow/.local/lib/python3.6/site-packages/airflow/example_dags/example_trigger_target_dag.py took 0.089 seconds
[2021-02-23 23:40:03,676] {scheduler_job.py:182} INFO - Started process (PID=769) to work on /home/airflow/.local/lib/python3.6/site-packages/airflow/example_dags/example_trigger_target_dag.py
[2021-02-23 23:40:03,677] {scheduler_job.py:629} INFO - Processing file /home/airflow/.local/lib/python3.6/site-packages/airflow/example_dags/example_trigger_target_dag.py for tasks to queue
[2021-02-23 23:40:03,678] {logging_mixin.py:104} INFO - [2021-02-23 23:40:03,678] {dagbag.py:448} INFO - Filling up the DagBag from /home/airflow/.local/lib/python3.6/site-packages/airflow/example_dags/example_trigger_target_dag.py
[2021-02-23 23:40:03,690] {scheduler_job.py:639} INFO - DAG(s) dict_keys(['example_trigger_target_dag']) retrieved from /home/airflow/.local/lib/python3.6/site-packages/airflow/example_dags/example_trigger_target_dag.py
[2021-02-23 23:40:03,708] {logging_mixin.py:104} INFO - [2021-02-23 23:40:03,708] {dag.py:1818} INFO - Sync 1 DAGs
[2021-02-23 23:40:03,720] {logging_mixin.py:104} INFO - [2021-02-23 23:40:03,720] {dag.py:2273} INFO - Setting next_dagrun for example_trigger_target_dag to None
[2021-02-23 23:40:03,753] {scheduler_job.py:190} INFO - Processing /home/airflow/.local/lib/python3.6/site-packages/airflow/example_dags/example_trigger_target_dag.py took 0.081 seconds
[2021-02-23 23:40:33,902] {scheduler_job.py:182} INFO - Started process (PID=796) to work on /home/airflow/.local/lib/python3.6/site-packages/airflow/example_dags/example_trigger_target_dag.py
[2021-02-23 23:40:33,904] {scheduler_job.py:629} INFO - Processing file /home/airflow/.local/lib/python3.6/site-packages/airflow/example_dags/example_trigger_target_dag.py for tasks to queue
[2021-02-23 23:40:33,905] {logging_mixin.py:104} INFO - [2021-02-23 23:40:33,905] {dagbag.py:448} INFO - Filling up the DagBag from /home/airflow/.local/lib/python3.6/site-packages/airflow/example_dags/example_trigger_target_dag.py
[2021-02-23 23:40:33,927] {scheduler_job.py:639} INFO - DAG(s) dict_keys(['example_trigger_target_dag']) retrieved from /home/airflow/.local/lib/python3.6/site-packages/airflow/example_dags/example_trigger_target_dag.py
[2021-02-23 23:40:33,950] {logging_mixin.py:104} INFO - [2021-02-23 23:40:33,950] {dag.py:1818} INFO - Sync 1 DAGs
[2021-02-23 23:40:33,967] {logging_mixin.py:104} INFO - [2021-02-23 23:40:33,967] {dag.py:2273} INFO - Setting next_dagrun for example_trigger_target_dag to None
[2021-02-23 23:40:34,006] {scheduler_job.py:190} INFO - Processing /home/airflow/.local/lib/python3.6/site-packages/airflow/example_dags/example_trigger_target_dag.py took 0.112 seconds
[2021-02-23 23:41:04,093] {scheduler_job.py:182} INFO - Started process (PID=818) to work on /home/airflow/.local/lib/python3.6/site-packages/airflow/example_dags/example_trigger_target_dag.py
[2021-02-23 23:41:04,095] {scheduler_job.py:629} INFO - Processing file /home/airflow/.local/lib/python3.6/site-packages/airflow/example_dags/example_trigger_target_dag.py for tasks to queue
[2021-02-23 23:41:04,096] {logging_mixin.py:104} INFO - [2021-02-23 23:41:04,096] {dagbag.py:448} INFO - Filling up the DagBag from /home/airflow/.local/lib/python3.6/site-packages/airflow/example_dags/example_trigger_target_dag.py
[2021-02-23 23:41:04,112] {scheduler_job.py:639} INFO - DAG(s) dict_keys(['example_trigger_target_dag']) retrieved from /home/airflow/.local/lib/python3.6/site-packages/airflow/example_dags/example_trigger_target_dag.py
[2021-02-23 23:41:04,128] {logging_mixin.py:104} INFO - [2021-02-23 23:41:04,128] {dag.py:1818} INFO - Sync 1 DAGs
[2021-02-23 23:41:04,141] {logging_mixin.py:104} INFO - [2021-02-23 23:41:04,141] {dag.py:2273} INFO - Setting next_dagrun for example_trigger_target_dag to None
[2021-02-23 23:41:04,210] {scheduler_job.py:190} INFO - Processing /home/airflow/.local/lib/python3.6/site-packages/airflow/example_dags/example_trigger_target_dag.py took 0.125 seconds
[2021-02-23 23:41:35,088] {scheduler_job.py:182} INFO - Started process (PID=845) to work on /home/airflow/.local/lib/python3.6/site-packages/airflow/example_dags/example_trigger_target_dag.py
[2021-02-23 23:41:35,090] {scheduler_job.py:629} INFO - Processing file /home/airflow/.local/lib/python3.6/site-packages/airflow/example_dags/example_trigger_target_dag.py for tasks to queue
[2021-02-23 23:41:35,091] {logging_mixin.py:104} INFO - [2021-02-23 23:41:35,090] {dagbag.py:448} INFO - Filling up the DagBag from /home/airflow/.local/lib/python3.6/site-packages/airflow/example_dags/example_trigger_target_dag.py
[2021-02-23 23:41:35,106] {scheduler_job.py:639} INFO - DAG(s) dict_keys(['example_trigger_target_dag']) retrieved from /home/airflow/.local/lib/python3.6/site-packages/airflow/example_dags/example_trigger_target_dag.py
[2021-02-23 23:41:35,124] {logging_mixin.py:104} INFO - [2021-02-23 23:41:35,124] {dag.py:1818} INFO - Sync 1 DAGs
[2021-02-23 23:41:35,137] {logging_mixin.py:104} INFO - [2021-02-23 23:41:35,137] {dag.py:2273} INFO - Setting next_dagrun for example_trigger_target_dag to None
[2021-02-23 23:41:35,192] {scheduler_job.py:190} INFO - Processing /home/airflow/.local/lib/python3.6/site-packages/airflow/example_dags/example_trigger_target_dag.py took 0.113 seconds
[2021-02-23 23:42:05,265] {scheduler_job.py:182} INFO - Started process (PID=872) to work on /home/airflow/.local/lib/python3.6/site-packages/airflow/example_dags/example_trigger_target_dag.py
[2021-02-23 23:42:05,266] {scheduler_job.py:629} INFO - Processing file /home/airflow/.local/lib/python3.6/site-packages/airflow/example_dags/example_trigger_target_dag.py for tasks to queue
[2021-02-23 23:42:05,267] {logging_mixin.py:104} INFO - [2021-02-23 23:42:05,267] {dagbag.py:448} INFO - Filling up the DagBag from /home/airflow/.local/lib/python3.6/site-packages/airflow/example_dags/example_trigger_target_dag.py
[2021-02-23 23:42:05,279] {scheduler_job.py:639} INFO - DAG(s) dict_keys(['example_trigger_target_dag']) retrieved from /home/airflow/.local/lib/python3.6/site-packages/airflow/example_dags/example_trigger_target_dag.py
[2021-02-23 23:42:05,295] {logging_mixin.py:104} INFO - [2021-02-23 23:42:05,295] {dag.py:1818} INFO - Sync 1 DAGs
[2021-02-23 23:42:05,307] {logging_mixin.py:104} INFO - [2021-02-23 23:42:05,307] {dag.py:2273} INFO - Setting next_dagrun for example_trigger_target_dag to None
[2021-02-23 23:42:05,361] {scheduler_job.py:190} INFO - Processing /home/airflow/.local/lib/python3.6/site-packages/airflow/example_dags/example_trigger_target_dag.py took 0.100 seconds
[2021-02-23 23:42:35,383] {scheduler_job.py:182} INFO - Started process (PID=898) to work on /home/airflow/.local/lib/python3.6/site-packages/airflow/example_dags/example_trigger_target_dag.py
[2021-02-23 23:42:35,386] {scheduler_job.py:629} INFO - Processing file /home/airflow/.local/lib/python3.6/site-packages/airflow/example_dags/example_trigger_target_dag.py for tasks to queue
[2021-02-23 23:42:35,386] {logging_mixin.py:104} INFO - [2021-02-23 23:42:35,386] {dagbag.py:448} INFO - Filling up the DagBag from /home/airflow/.local/lib/python3.6/site-packages/airflow/example_dags/example_trigger_target_dag.py
[2021-02-23 23:42:35,396] {scheduler_job.py:639} INFO - DAG(s) dict_keys(['example_trigger_target_dag']) retrieved from /home/airflow/.local/lib/python3.6/site-packages/airflow/example_dags/example_trigger_target_dag.py
[2021-02-23 23:42:35,411] {logging_mixin.py:104} INFO - [2021-02-23 23:42:35,411] {dag.py:1818} INFO - Sync 1 DAGs
[2021-02-23 23:42:35,422] {logging_mixin.py:104} INFO - [2021-02-23 23:42:35,422] {dag.py:2273} INFO - Setting next_dagrun for example_trigger_target_dag to None
[2021-02-23 23:42:35,460] {scheduler_job.py:190} INFO - Processing /home/airflow/.local/lib/python3.6/site-packages/airflow/example_dags/example_trigger_target_dag.py took 0.080 seconds
[2021-02-23 23:43:05,776] {scheduler_job.py:182} INFO - Started process (PID=926) to work on /home/airflow/.local/lib/python3.6/site-packages/airflow/example_dags/example_trigger_target_dag.py
[2021-02-23 23:43:05,777] {scheduler_job.py:629} INFO - Processing file /home/airflow/.local/lib/python3.6/site-packages/airflow/example_dags/example_trigger_target_dag.py for tasks to queue
[2021-02-23 23:43:05,777] {logging_mixin.py:104} INFO - [2021-02-23 23:43:05,777] {dagbag.py:448} INFO - Filling up the DagBag from /home/airflow/.local/lib/python3.6/site-packages/airflow/example_dags/example_trigger_target_dag.py
[2021-02-23 23:43:05,787] {scheduler_job.py:639} INFO - DAG(s) dict_keys(['example_trigger_target_dag']) retrieved from /home/airflow/.local/lib/python3.6/site-packages/airflow/example_dags/example_trigger_target_dag.py
[2021-02-23 23:43:05,802] {logging_mixin.py:104} INFO - [2021-02-23 23:43:05,802] {dag.py:1818} INFO - Sync 1 DAGs
[2021-02-23 23:43:05,813] {logging_mixin.py:104} INFO - [2021-02-23 23:43:05,813] {dag.py:2273} INFO - Setting next_dagrun for example_trigger_target_dag to None
[2021-02-23 23:43:05,846] {scheduler_job.py:190} INFO - Processing /home/airflow/.local/lib/python3.6/site-packages/airflow/example_dags/example_trigger_target_dag.py took 0.073 seconds
[2021-02-23 23:43:36,652] {scheduler_job.py:182} INFO - Started process (PID=958) to work on /home/airflow/.local/lib/python3.6/site-packages/airflow/example_dags/example_trigger_target_dag.py
[2021-02-23 23:43:36,654] {scheduler_job.py:629} INFO - Processing file /home/airflow/.local/lib/python3.6/site-packages/airflow/example_dags/example_trigger_target_dag.py for tasks to queue
[2021-02-23 23:43:36,654] {logging_mixin.py:104} INFO - [2021-02-23 23:43:36,654] {dagbag.py:448} INFO - Filling up the DagBag from /home/airflow/.local/lib/python3.6/site-packages/airflow/example_dags/example_trigger_target_dag.py
[2021-02-23 23:43:36,665] {scheduler_job.py:639} INFO - DAG(s) dict_keys(['example_trigger_target_dag']) retrieved from /home/airflow/.local/lib/python3.6/site-packages/airflow/example_dags/example_trigger_target_dag.py
[2021-02-23 23:43:36,682] {logging_mixin.py:104} INFO - [2021-02-23 23:43:36,682] {dag.py:1818} INFO - Sync 1 DAGs
[2021-02-23 23:43:36,694] {logging_mixin.py:104} INFO - [2021-02-23 23:43:36,694] {dag.py:2273} INFO - Setting next_dagrun for example_trigger_target_dag to None
[2021-02-23 23:43:36,751] {scheduler_job.py:190} INFO - Processing /home/airflow/.local/lib/python3.6/site-packages/airflow/example_dags/example_trigger_target_dag.py took 0.101 seconds
[2021-02-23 23:44:06,962] {scheduler_job.py:182} INFO - Started process (PID=985) to work on /home/airflow/.local/lib/python3.6/site-packages/airflow/example_dags/example_trigger_target_dag.py
[2021-02-23 23:44:06,964] {scheduler_job.py:629} INFO - Processing file /home/airflow/.local/lib/python3.6/site-packages/airflow/example_dags/example_trigger_target_dag.py for tasks to queue
[2021-02-23 23:44:06,965] {logging_mixin.py:104} INFO - [2021-02-23 23:44:06,965] {dagbag.py:448} INFO - Filling up the DagBag from /home/airflow/.local/lib/python3.6/site-packages/airflow/example_dags/example_trigger_target_dag.py
[2021-02-23 23:44:06,979] {scheduler_job.py:639} INFO - DAG(s) dict_keys(['example_trigger_target_dag']) retrieved from /home/airflow/.local/lib/python3.6/site-packages/airflow/example_dags/example_trigger_target_dag.py
[2021-02-23 23:44:06,996] {logging_mixin.py:104} INFO - [2021-02-23 23:44:06,996] {dag.py:1818} INFO - Sync 1 DAGs
[2021-02-23 23:44:07,009] {logging_mixin.py:104} INFO - [2021-02-23 23:44:07,009] {dag.py:2273} INFO - Setting next_dagrun for example_trigger_target_dag to None
[2021-02-23 23:44:07,046] {scheduler_job.py:190} INFO - Processing /home/airflow/.local/lib/python3.6/site-packages/airflow/example_dags/example_trigger_target_dag.py took 0.092 seconds
[2021-02-23 23:44:37,096] {scheduler_job.py:182} INFO - Started process (PID=1011) to work on /home/airflow/.local/lib/python3.6/site-packages/airflow/example_dags/example_trigger_target_dag.py
[2021-02-23 23:44:37,097] {scheduler_job.py:629} INFO - Processing file /home/airflow/.local/lib/python3.6/site-packages/airflow/example_dags/example_trigger_target_dag.py for tasks to queue
[2021-02-23 23:44:37,097] {logging_mixin.py:104} INFO - [2021-02-23 23:44:37,097] {dagbag.py:448} INFO - Filling up the DagBag from /home/airflow/.local/lib/python3.6/site-packages/airflow/example_dags/example_trigger_target_dag.py
[2021-02-23 23:44:37,107] {scheduler_job.py:639} INFO - DAG(s) dict_keys(['example_trigger_target_dag']) retrieved from /home/airflow/.local/lib/python3.6/site-packages/airflow/example_dags/example_trigger_target_dag.py
[2021-02-23 23:44:37,122] {logging_mixin.py:104} INFO - [2021-02-23 23:44:37,122] {dag.py:1818} INFO - Sync 1 DAGs
[2021-02-23 23:44:37,133] {logging_mixin.py:104} INFO - [2021-02-23 23:44:37,133] {dag.py:2273} INFO - Setting next_dagrun for example_trigger_target_dag to None
[2021-02-23 23:44:37,166] {scheduler_job.py:190} INFO - Processing /home/airflow/.local/lib/python3.6/site-packages/airflow/example_dags/example_trigger_target_dag.py took 0.073 seconds
[2021-02-23 23:45:07,912] {scheduler_job.py:182} INFO - Started process (PID=1038) to work on /home/airflow/.local/lib/python3.6/site-packages/airflow/example_dags/example_trigger_target_dag.py
[2021-02-23 23:45:07,913] {scheduler_job.py:629} INFO - Processing file /home/airflow/.local/lib/python3.6/site-packages/airflow/example_dags/example_trigger_target_dag.py for tasks to queue
[2021-02-23 23:45:07,914] {logging_mixin.py:104} INFO - [2021-02-23 23:45:07,914] {dagbag.py:448} INFO - Filling up the DagBag from /home/airflow/.local/lib/python3.6/site-packages/airflow/example_dags/example_trigger_target_dag.py
[2021-02-23 23:45:07,925] {scheduler_job.py:639} INFO - DAG(s) dict_keys(['example_trigger_target_dag']) retrieved from /home/airflow/.local/lib/python3.6/site-packages/airflow/example_dags/example_trigger_target_dag.py
[2021-02-23 23:45:07,945] {logging_mixin.py:104} INFO - [2021-02-23 23:45:07,945] {dag.py:1818} INFO - Sync 1 DAGs
[2021-02-23 23:45:07,957] {logging_mixin.py:104} INFO - [2021-02-23 23:45:07,957] {dag.py:2273} INFO - Setting next_dagrun for example_trigger_target_dag to None
[2021-02-23 23:45:08,148] {scheduler_job.py:190} INFO - Processing /home/airflow/.local/lib/python3.6/site-packages/airflow/example_dags/example_trigger_target_dag.py took 0.239 seconds
[2021-02-23 23:45:38,778] {scheduler_job.py:182} INFO - Started process (PID=1065) to work on /home/airflow/.local/lib/python3.6/site-packages/airflow/example_dags/example_trigger_target_dag.py
[2021-02-23 23:45:38,779] {scheduler_job.py:629} INFO - Processing file /home/airflow/.local/lib/python3.6/site-packages/airflow/example_dags/example_trigger_target_dag.py for tasks to queue
[2021-02-23 23:45:38,780] {logging_mixin.py:104} INFO - [2021-02-23 23:45:38,780] {dagbag.py:448} INFO - Filling up the DagBag from /home/airflow/.local/lib/python3.6/site-packages/airflow/example_dags/example_trigger_target_dag.py
[2021-02-23 23:45:38,792] {scheduler_job.py:639} INFO - DAG(s) dict_keys(['example_trigger_target_dag']) retrieved from /home/airflow/.local/lib/python3.6/site-packages/airflow/example_dags/example_trigger_target_dag.py
[2021-02-23 23:45:38,808] {logging_mixin.py:104} INFO - [2021-02-23 23:45:38,808] {dag.py:1818} INFO - Sync 1 DAGs
[2021-02-23 23:45:38,819] {logging_mixin.py:104} INFO - [2021-02-23 23:45:38,819] {dag.py:2273} INFO - Setting next_dagrun for example_trigger_target_dag to None
[2021-02-23 23:45:38,867] {scheduler_job.py:190} INFO - Processing /home/airflow/.local/lib/python3.6/site-packages/airflow/example_dags/example_trigger_target_dag.py took 0.091 seconds
[2021-02-23 23:46:09,616] {scheduler_job.py:182} INFO - Started process (PID=1092) to work on /home/airflow/.local/lib/python3.6/site-packages/airflow/example_dags/example_trigger_target_dag.py
[2021-02-23 23:46:09,617] {scheduler_job.py:629} INFO - Processing file /home/airflow/.local/lib/python3.6/site-packages/airflow/example_dags/example_trigger_target_dag.py for tasks to queue
[2021-02-23 23:46:09,617] {logging_mixin.py:104} INFO - [2021-02-23 23:46:09,617] {dagbag.py:448} INFO - Filling up the DagBag from /home/airflow/.local/lib/python3.6/site-packages/airflow/example_dags/example_trigger_target_dag.py
[2021-02-23 23:46:09,628] {scheduler_job.py:639} INFO - DAG(s) dict_keys(['example_trigger_target_dag']) retrieved from /home/airflow/.local/lib/python3.6/site-packages/airflow/example_dags/example_trigger_target_dag.py
[2021-02-23 23:46:09,644] {logging_mixin.py:104} INFO - [2021-02-23 23:46:09,644] {dag.py:1818} INFO - Sync 1 DAGs
[2021-02-23 23:46:09,655] {logging_mixin.py:104} INFO - [2021-02-23 23:46:09,655] {dag.py:2273} INFO - Setting next_dagrun for example_trigger_target_dag to None
[2021-02-23 23:46:09,812] {scheduler_job.py:190} INFO - Processing /home/airflow/.local/lib/python3.6/site-packages/airflow/example_dags/example_trigger_target_dag.py took 0.199 seconds
[2021-02-23 23:46:40,584] {scheduler_job.py:182} INFO - Started process (PID=1119) to work on /home/airflow/.local/lib/python3.6/site-packages/airflow/example_dags/example_trigger_target_dag.py
[2021-02-23 23:46:40,585] {scheduler_job.py:629} INFO - Processing file /home/airflow/.local/lib/python3.6/site-packages/airflow/example_dags/example_trigger_target_dag.py for tasks to queue
[2021-02-23 23:46:40,586] {logging_mixin.py:104} INFO - [2021-02-23 23:46:40,585] {dagbag.py:448} INFO - Filling up the DagBag from /home/airflow/.local/lib/python3.6/site-packages/airflow/example_dags/example_trigger_target_dag.py
[2021-02-23 23:46:40,596] {scheduler_job.py:639} INFO - DAG(s) dict_keys(['example_trigger_target_dag']) retrieved from /home/airflow/.local/lib/python3.6/site-packages/airflow/example_dags/example_trigger_target_dag.py
[2021-02-23 23:46:40,612] {logging_mixin.py:104} INFO - [2021-02-23 23:46:40,612] {dag.py:1818} INFO - Sync 1 DAGs
[2021-02-23 23:46:40,623] {logging_mixin.py:104} INFO - [2021-02-23 23:46:40,623] {dag.py:2273} INFO - Setting next_dagrun for example_trigger_target_dag to None
[2021-02-23 23:46:40,672] {scheduler_job.py:190} INFO - Processing /home/airflow/.local/lib/python3.6/site-packages/airflow/example_dags/example_trigger_target_dag.py took 0.091 seconds
[2021-02-23 23:47:11,499] {scheduler_job.py:182} INFO - Started process (PID=1146) to work on /home/airflow/.local/lib/python3.6/site-packages/airflow/example_dags/example_trigger_target_dag.py
[2021-02-23 23:47:11,501] {scheduler_job.py:629} INFO - Processing file /home/airflow/.local/lib/python3.6/site-packages/airflow/example_dags/example_trigger_target_dag.py for tasks to queue
[2021-02-23 23:47:11,502] {logging_mixin.py:104} INFO - [2021-02-23 23:47:11,502] {dagbag.py:448} INFO - Filling up the DagBag from /home/airflow/.local/lib/python3.6/site-packages/airflow/example_dags/example_trigger_target_dag.py
[2021-02-23 23:47:11,522] {scheduler_job.py:639} INFO - DAG(s) dict_keys(['example_trigger_target_dag']) retrieved from /home/airflow/.local/lib/python3.6/site-packages/airflow/example_dags/example_trigger_target_dag.py
[2021-02-23 23:47:11,541] {logging_mixin.py:104} INFO - [2021-02-23 23:47:11,541] {dag.py:1818} INFO - Sync 1 DAGs
[2021-02-23 23:47:11,553] {logging_mixin.py:104} INFO - [2021-02-23 23:47:11,553] {dag.py:2273} INFO - Setting next_dagrun for example_trigger_target_dag to None
[2021-02-23 23:47:11,586] {scheduler_job.py:190} INFO - Processing /home/airflow/.local/lib/python3.6/site-packages/airflow/example_dags/example_trigger_target_dag.py took 0.093 seconds
[2021-02-23 23:47:42,696] {scheduler_job.py:182} INFO - Started process (PID=1173) to work on /home/airflow/.local/lib/python3.6/site-packages/airflow/example_dags/example_trigger_target_dag.py
[2021-02-23 23:47:42,697] {scheduler_job.py:629} INFO - Processing file /home/airflow/.local/lib/python3.6/site-packages/airflow/example_dags/example_trigger_target_dag.py for tasks to queue
[2021-02-23 23:47:42,697] {logging_mixin.py:104} INFO - [2021-02-23 23:47:42,697] {dagbag.py:448} INFO - Filling up the DagBag from /home/airflow/.local/lib/python3.6/site-packages/airflow/example_dags/example_trigger_target_dag.py
[2021-02-23 23:47:42,710] {scheduler_job.py:639} INFO - DAG(s) dict_keys(['example_trigger_target_dag']) retrieved from /home/airflow/.local/lib/python3.6/site-packages/airflow/example_dags/example_trigger_target_dag.py
[2021-02-23 23:47:42,728] {logging_mixin.py:104} INFO - [2021-02-23 23:47:42,728] {dag.py:1818} INFO - Sync 1 DAGs
[2021-02-23 23:47:42,745] {logging_mixin.py:104} INFO - [2021-02-23 23:47:42,745] {dag.py:2273} INFO - Setting next_dagrun for example_trigger_target_dag to None
[2021-02-23 23:47:42,787] {scheduler_job.py:190} INFO - Processing /home/airflow/.local/lib/python3.6/site-packages/airflow/example_dags/example_trigger_target_dag.py took 0.094 seconds
[2021-02-23 23:48:13,754] {scheduler_job.py:182} INFO - Started process (PID=1200) to work on /home/airflow/.local/lib/python3.6/site-packages/airflow/example_dags/example_trigger_target_dag.py
[2021-02-23 23:48:13,773] {scheduler_job.py:629} INFO - Processing file /home/airflow/.local/lib/python3.6/site-packages/airflow/example_dags/example_trigger_target_dag.py for tasks to queue
[2021-02-23 23:48:13,774] {logging_mixin.py:104} INFO - [2021-02-23 23:48:13,774] {dagbag.py:448} INFO - Filling up the DagBag from /home/airflow/.local/lib/python3.6/site-packages/airflow/example_dags/example_trigger_target_dag.py
[2021-02-23 23:48:13,796] {scheduler_job.py:639} INFO - DAG(s) dict_keys(['example_trigger_target_dag']) retrieved from /home/airflow/.local/lib/python3.6/site-packages/airflow/example_dags/example_trigger_target_dag.py
[2021-02-23 23:48:13,816] {logging_mixin.py:104} INFO - [2021-02-23 23:48:13,816] {dag.py:1818} INFO - Sync 1 DAGs
[2021-02-23 23:48:13,828] {logging_mixin.py:104} INFO - [2021-02-23 23:48:13,828] {dag.py:2273} INFO - Setting next_dagrun for example_trigger_target_dag to None
[2021-02-23 23:48:13,999] {scheduler_job.py:190} INFO - Processing /home/airflow/.local/lib/python3.6/site-packages/airflow/example_dags/example_trigger_target_dag.py took 0.249 seconds
[2021-02-23 23:48:44,854] {scheduler_job.py:182} INFO - Started process (PID=1229) to work on /home/airflow/.local/lib/python3.6/site-packages/airflow/example_dags/example_trigger_target_dag.py
[2021-02-23 23:48:44,856] {scheduler_job.py:629} INFO - Processing file /home/airflow/.local/lib/python3.6/site-packages/airflow/example_dags/example_trigger_target_dag.py for tasks to queue
[2021-02-23 23:48:44,856] {logging_mixin.py:104} INFO - [2021-02-23 23:48:44,856] {dagbag.py:448} INFO - Filling up the DagBag from /home/airflow/.local/lib/python3.6/site-packages/airflow/example_dags/example_trigger_target_dag.py
[2021-02-23 23:48:44,867] {scheduler_job.py:639} INFO - DAG(s) dict_keys(['example_trigger_target_dag']) retrieved from /home/airflow/.local/lib/python3.6/site-packages/airflow/example_dags/example_trigger_target_dag.py
[2021-02-23 23:48:44,883] {logging_mixin.py:104} INFO - [2021-02-23 23:48:44,883] {dag.py:1818} INFO - Sync 1 DAGs
[2021-02-23 23:48:44,896] {logging_mixin.py:104} INFO - [2021-02-23 23:48:44,896] {dag.py:2273} INFO - Setting next_dagrun for example_trigger_target_dag to None
[2021-02-23 23:48:44,929] {scheduler_job.py:190} INFO - Processing /home/airflow/.local/lib/python3.6/site-packages/airflow/example_dags/example_trigger_target_dag.py took 0.078 seconds
[2021-02-23 23:49:15,795] {scheduler_job.py:182} INFO - Started process (PID=1256) to work on /home/airflow/.local/lib/python3.6/site-packages/airflow/example_dags/example_trigger_target_dag.py
[2021-02-23 23:49:15,796] {scheduler_job.py:629} INFO - Processing file /home/airflow/.local/lib/python3.6/site-packages/airflow/example_dags/example_trigger_target_dag.py for tasks to queue
[2021-02-23 23:49:15,796] {logging_mixin.py:104} INFO - [2021-02-23 23:49:15,796] {dagbag.py:448} INFO - Filling up the DagBag from /home/airflow/.local/lib/python3.6/site-packages/airflow/example_dags/example_trigger_target_dag.py
[2021-02-23 23:49:15,805] {scheduler_job.py:639} INFO - DAG(s) dict_keys(['example_trigger_target_dag']) retrieved from /home/airflow/.local/lib/python3.6/site-packages/airflow/example_dags/example_trigger_target_dag.py
[2021-02-23 23:49:15,818] {logging_mixin.py:104} INFO - [2021-02-23 23:49:15,818] {dag.py:1818} INFO - Sync 1 DAGs
[2021-02-23 23:49:15,828] {logging_mixin.py:104} INFO - [2021-02-23 23:49:15,828] {dag.py:2273} INFO - Setting next_dagrun for example_trigger_target_dag to None
[2021-02-23 23:49:15,865] {scheduler_job.py:190} INFO - Processing /home/airflow/.local/lib/python3.6/site-packages/airflow/example_dags/example_trigger_target_dag.py took 0.072 seconds
