[2021-02-23 23:15:26,607] {scheduler_job.py:182} INFO - Started process (PID=35) to work on /home/airflow/.local/lib/python3.6/site-packages/airflow/example_dags/example_latest_only_with_trigger.py
[2021-02-23 23:15:26,608] {scheduler_job.py:629} INFO - Processing file /home/airflow/.local/lib/python3.6/site-packages/airflow/example_dags/example_latest_only_with_trigger.py for tasks to queue
[2021-02-23 23:15:26,609] {logging_mixin.py:104} INFO - [2021-02-23 23:15:26,609] {dagbag.py:448} INFO - Filling up the DagBag from /home/airflow/.local/lib/python3.6/site-packages/airflow/example_dags/example_latest_only_with_trigger.py
[2021-02-23 23:15:26,627] {scheduler_job.py:639} INFO - DAG(s) dict_keys(['latest_only_with_trigger']) retrieved from /home/airflow/.local/lib/python3.6/site-packages/airflow/example_dags/example_latest_only_with_trigger.py
[2021-02-23 23:15:26,658] {logging_mixin.py:104} INFO - [2021-02-23 23:15:26,658] {dag.py:1818} INFO - Sync 1 DAGs
[2021-02-23 23:15:26,671] {logging_mixin.py:104} INFO - [2021-02-23 23:15:26,671] {dag.py:1837} INFO - Creating ORM DAG for latest_only_with_trigger
[2021-02-23 23:15:26,681] {logging_mixin.py:104} INFO - [2021-02-23 23:15:26,681] {dag.py:2273} INFO - Setting next_dagrun for latest_only_with_trigger to 2021-02-21 00:00:00+00:00
[2021-02-23 23:15:26,736] {scheduler_job.py:190} INFO - Processing /home/airflow/.local/lib/python3.6/site-packages/airflow/example_dags/example_latest_only_with_trigger.py took 0.133 seconds
[2021-02-23 23:15:57,020] {scheduler_job.py:182} INFO - Started process (PID=59) to work on /home/airflow/.local/lib/python3.6/site-packages/airflow/example_dags/example_latest_only_with_trigger.py
[2021-02-23 23:15:57,021] {scheduler_job.py:629} INFO - Processing file /home/airflow/.local/lib/python3.6/site-packages/airflow/example_dags/example_latest_only_with_trigger.py for tasks to queue
[2021-02-23 23:15:57,021] {logging_mixin.py:104} INFO - [2021-02-23 23:15:57,021] {dagbag.py:448} INFO - Filling up the DagBag from /home/airflow/.local/lib/python3.6/site-packages/airflow/example_dags/example_latest_only_with_trigger.py
[2021-02-23 23:15:57,033] {scheduler_job.py:639} INFO - DAG(s) dict_keys(['latest_only_with_trigger']) retrieved from /home/airflow/.local/lib/python3.6/site-packages/airflow/example_dags/example_latest_only_with_trigger.py
[2021-02-23 23:15:57,052] {logging_mixin.py:104} INFO - [2021-02-23 23:15:57,052] {dag.py:1818} INFO - Sync 1 DAGs
[2021-02-23 23:15:57,068] {logging_mixin.py:104} INFO - [2021-02-23 23:15:57,068] {dag.py:2273} INFO - Setting next_dagrun for latest_only_with_trigger to 2021-02-21 00:00:00+00:00
[2021-02-23 23:15:57,184] {scheduler_job.py:190} INFO - Processing /home/airflow/.local/lib/python3.6/site-packages/airflow/example_dags/example_latest_only_with_trigger.py took 0.166 seconds
[2021-02-23 23:16:27,695] {scheduler_job.py:182} INFO - Started process (PID=86) to work on /home/airflow/.local/lib/python3.6/site-packages/airflow/example_dags/example_latest_only_with_trigger.py
[2021-02-23 23:16:27,697] {scheduler_job.py:629} INFO - Processing file /home/airflow/.local/lib/python3.6/site-packages/airflow/example_dags/example_latest_only_with_trigger.py for tasks to queue
[2021-02-23 23:16:27,698] {logging_mixin.py:104} INFO - [2021-02-23 23:16:27,698] {dagbag.py:448} INFO - Filling up the DagBag from /home/airflow/.local/lib/python3.6/site-packages/airflow/example_dags/example_latest_only_with_trigger.py
[2021-02-23 23:16:27,713] {scheduler_job.py:639} INFO - DAG(s) dict_keys(['latest_only_with_trigger']) retrieved from /home/airflow/.local/lib/python3.6/site-packages/airflow/example_dags/example_latest_only_with_trigger.py
[2021-02-23 23:16:27,732] {logging_mixin.py:104} INFO - [2021-02-23 23:16:27,732] {dag.py:1818} INFO - Sync 1 DAGs
[2021-02-23 23:16:27,747] {logging_mixin.py:104} INFO - [2021-02-23 23:16:27,747] {dag.py:2273} INFO - Setting next_dagrun for latest_only_with_trigger to 2021-02-21 00:00:00+00:00
[2021-02-23 23:16:27,919] {scheduler_job.py:190} INFO - Processing /home/airflow/.local/lib/python3.6/site-packages/airflow/example_dags/example_latest_only_with_trigger.py took 0.231 seconds
[2021-02-23 23:16:58,031] {scheduler_job.py:182} INFO - Started process (PID=113) to work on /home/airflow/.local/lib/python3.6/site-packages/airflow/example_dags/example_latest_only_with_trigger.py
[2021-02-23 23:16:58,032] {scheduler_job.py:629} INFO - Processing file /home/airflow/.local/lib/python3.6/site-packages/airflow/example_dags/example_latest_only_with_trigger.py for tasks to queue
[2021-02-23 23:16:58,032] {logging_mixin.py:104} INFO - [2021-02-23 23:16:58,032] {dagbag.py:448} INFO - Filling up the DagBag from /home/airflow/.local/lib/python3.6/site-packages/airflow/example_dags/example_latest_only_with_trigger.py
[2021-02-23 23:16:58,042] {scheduler_job.py:639} INFO - DAG(s) dict_keys(['latest_only_with_trigger']) retrieved from /home/airflow/.local/lib/python3.6/site-packages/airflow/example_dags/example_latest_only_with_trigger.py
[2021-02-23 23:16:58,056] {logging_mixin.py:104} INFO - [2021-02-23 23:16:58,056] {dag.py:1818} INFO - Sync 1 DAGs
[2021-02-23 23:16:58,067] {logging_mixin.py:104} INFO - [2021-02-23 23:16:58,067] {dag.py:2273} INFO - Setting next_dagrun for latest_only_with_trigger to 2021-02-21 00:00:00+00:00
[2021-02-23 23:16:58,104] {scheduler_job.py:190} INFO - Processing /home/airflow/.local/lib/python3.6/site-packages/airflow/example_dags/example_latest_only_with_trigger.py took 0.076 seconds
[2021-02-23 23:26:15,115] {scheduler_job.py:182} INFO - Started process (PID=44) to work on /home/airflow/.local/lib/python3.6/site-packages/airflow/example_dags/example_latest_only_with_trigger.py
[2021-02-23 23:26:15,117] {scheduler_job.py:629} INFO - Processing file /home/airflow/.local/lib/python3.6/site-packages/airflow/example_dags/example_latest_only_with_trigger.py for tasks to queue
[2021-02-23 23:26:15,118] {logging_mixin.py:104} INFO - [2021-02-23 23:26:15,118] {dagbag.py:448} INFO - Filling up the DagBag from /home/airflow/.local/lib/python3.6/site-packages/airflow/example_dags/example_latest_only_with_trigger.py
[2021-02-23 23:26:15,136] {scheduler_job.py:639} INFO - DAG(s) dict_keys(['latest_only_with_trigger']) retrieved from /home/airflow/.local/lib/python3.6/site-packages/airflow/example_dags/example_latest_only_with_trigger.py
[2021-02-23 23:26:15,167] {logging_mixin.py:104} INFO - [2021-02-23 23:26:15,167] {dag.py:1818} INFO - Sync 1 DAGs
[2021-02-23 23:26:15,190] {logging_mixin.py:104} INFO - [2021-02-23 23:26:15,190] {dag.py:2273} INFO - Setting next_dagrun for latest_only_with_trigger to 2021-02-21 00:00:00+00:00
[2021-02-23 23:26:15,226] {scheduler_job.py:190} INFO - Processing /home/airflow/.local/lib/python3.6/site-packages/airflow/example_dags/example_latest_only_with_trigger.py took 0.117 seconds
[2021-02-23 23:26:47,043] {scheduler_job.py:182} INFO - Started process (PID=71) to work on /home/airflow/.local/lib/python3.6/site-packages/airflow/example_dags/example_latest_only_with_trigger.py
[2021-02-23 23:26:47,046] {scheduler_job.py:629} INFO - Processing file /home/airflow/.local/lib/python3.6/site-packages/airflow/example_dags/example_latest_only_with_trigger.py for tasks to queue
[2021-02-23 23:26:47,048] {logging_mixin.py:104} INFO - [2021-02-23 23:26:47,048] {dagbag.py:448} INFO - Filling up the DagBag from /home/airflow/.local/lib/python3.6/site-packages/airflow/example_dags/example_latest_only_with_trigger.py
[2021-02-23 23:26:47,064] {scheduler_job.py:639} INFO - DAG(s) dict_keys(['latest_only_with_trigger']) retrieved from /home/airflow/.local/lib/python3.6/site-packages/airflow/example_dags/example_latest_only_with_trigger.py
[2021-02-23 23:26:47,082] {logging_mixin.py:104} INFO - [2021-02-23 23:26:47,082] {dag.py:1818} INFO - Sync 1 DAGs
[2021-02-23 23:26:47,096] {logging_mixin.py:104} INFO - [2021-02-23 23:26:47,096] {dag.py:2273} INFO - Setting next_dagrun for latest_only_with_trigger to 2021-02-21 00:00:00+00:00
[2021-02-23 23:26:47,224] {scheduler_job.py:190} INFO - Processing /home/airflow/.local/lib/python3.6/site-packages/airflow/example_dags/example_latest_only_with_trigger.py took 0.189 seconds
[2021-02-23 23:27:17,332] {scheduler_job.py:182} INFO - Started process (PID=96) to work on /home/airflow/.local/lib/python3.6/site-packages/airflow/example_dags/example_latest_only_with_trigger.py
[2021-02-23 23:27:17,333] {scheduler_job.py:629} INFO - Processing file /home/airflow/.local/lib/python3.6/site-packages/airflow/example_dags/example_latest_only_with_trigger.py for tasks to queue
[2021-02-23 23:27:17,333] {logging_mixin.py:104} INFO - [2021-02-23 23:27:17,333] {dagbag.py:448} INFO - Filling up the DagBag from /home/airflow/.local/lib/python3.6/site-packages/airflow/example_dags/example_latest_only_with_trigger.py
[2021-02-23 23:27:17,345] {scheduler_job.py:639} INFO - DAG(s) dict_keys(['latest_only_with_trigger']) retrieved from /home/airflow/.local/lib/python3.6/site-packages/airflow/example_dags/example_latest_only_with_trigger.py
[2021-02-23 23:27:17,364] {logging_mixin.py:104} INFO - [2021-02-23 23:27:17,364] {dag.py:1818} INFO - Sync 1 DAGs
[2021-02-23 23:27:17,377] {logging_mixin.py:104} INFO - [2021-02-23 23:27:17,377] {dag.py:2273} INFO - Setting next_dagrun for latest_only_with_trigger to 2021-02-21 00:00:00+00:00
[2021-02-23 23:27:17,411] {scheduler_job.py:190} INFO - Processing /home/airflow/.local/lib/python3.6/site-packages/airflow/example_dags/example_latest_only_with_trigger.py took 0.083 seconds
[2021-02-23 23:27:47,607] {scheduler_job.py:182} INFO - Started process (PID=122) to work on /home/airflow/.local/lib/python3.6/site-packages/airflow/example_dags/example_latest_only_with_trigger.py
[2021-02-23 23:27:47,608] {scheduler_job.py:629} INFO - Processing file /home/airflow/.local/lib/python3.6/site-packages/airflow/example_dags/example_latest_only_with_trigger.py for tasks to queue
[2021-02-23 23:27:47,608] {logging_mixin.py:104} INFO - [2021-02-23 23:27:47,608] {dagbag.py:448} INFO - Filling up the DagBag from /home/airflow/.local/lib/python3.6/site-packages/airflow/example_dags/example_latest_only_with_trigger.py
[2021-02-23 23:27:47,617] {scheduler_job.py:639} INFO - DAG(s) dict_keys(['latest_only_with_trigger']) retrieved from /home/airflow/.local/lib/python3.6/site-packages/airflow/example_dags/example_latest_only_with_trigger.py
[2021-02-23 23:27:47,637] {logging_mixin.py:104} INFO - [2021-02-23 23:27:47,637] {dag.py:1818} INFO - Sync 1 DAGs
[2021-02-23 23:27:47,655] {logging_mixin.py:104} INFO - [2021-02-23 23:27:47,655] {dag.py:2273} INFO - Setting next_dagrun for latest_only_with_trigger to 2021-02-21 00:00:00+00:00
[2021-02-23 23:27:47,769] {scheduler_job.py:190} INFO - Processing /home/airflow/.local/lib/python3.6/site-packages/airflow/example_dags/example_latest_only_with_trigger.py took 0.165 seconds
[2021-02-23 23:28:17,891] {scheduler_job.py:182} INFO - Started process (PID=149) to work on /home/airflow/.local/lib/python3.6/site-packages/airflow/example_dags/example_latest_only_with_trigger.py
[2021-02-23 23:28:17,892] {scheduler_job.py:629} INFO - Processing file /home/airflow/.local/lib/python3.6/site-packages/airflow/example_dags/example_latest_only_with_trigger.py for tasks to queue
[2021-02-23 23:28:17,892] {logging_mixin.py:104} INFO - [2021-02-23 23:28:17,892] {dagbag.py:448} INFO - Filling up the DagBag from /home/airflow/.local/lib/python3.6/site-packages/airflow/example_dags/example_latest_only_with_trigger.py
[2021-02-23 23:28:17,902] {scheduler_job.py:639} INFO - DAG(s) dict_keys(['latest_only_with_trigger']) retrieved from /home/airflow/.local/lib/python3.6/site-packages/airflow/example_dags/example_latest_only_with_trigger.py
[2021-02-23 23:28:17,917] {logging_mixin.py:104} INFO - [2021-02-23 23:28:17,917] {dag.py:1818} INFO - Sync 1 DAGs
[2021-02-23 23:28:17,928] {logging_mixin.py:104} INFO - [2021-02-23 23:28:17,928] {dag.py:2273} INFO - Setting next_dagrun for latest_only_with_trigger to 2021-02-21 00:00:00+00:00
[2021-02-23 23:28:17,960] {scheduler_job.py:190} INFO - Processing /home/airflow/.local/lib/python3.6/site-packages/airflow/example_dags/example_latest_only_with_trigger.py took 0.072 seconds
[2021-02-23 23:28:48,713] {scheduler_job.py:182} INFO - Started process (PID=173) to work on /home/airflow/.local/lib/python3.6/site-packages/airflow/example_dags/example_latest_only_with_trigger.py
[2021-02-23 23:28:48,715] {scheduler_job.py:629} INFO - Processing file /home/airflow/.local/lib/python3.6/site-packages/airflow/example_dags/example_latest_only_with_trigger.py for tasks to queue
[2021-02-23 23:28:48,716] {logging_mixin.py:104} INFO - [2021-02-23 23:28:48,716] {dagbag.py:448} INFO - Filling up the DagBag from /home/airflow/.local/lib/python3.6/site-packages/airflow/example_dags/example_latest_only_with_trigger.py
[2021-02-23 23:28:48,734] {scheduler_job.py:639} INFO - DAG(s) dict_keys(['latest_only_with_trigger']) retrieved from /home/airflow/.local/lib/python3.6/site-packages/airflow/example_dags/example_latest_only_with_trigger.py
[2021-02-23 23:28:48,752] {logging_mixin.py:104} INFO - [2021-02-23 23:28:48,752] {dag.py:1818} INFO - Sync 1 DAGs
[2021-02-23 23:28:48,765] {logging_mixin.py:104} INFO - [2021-02-23 23:28:48,765] {dag.py:2273} INFO - Setting next_dagrun for latest_only_with_trigger to 2021-02-21 00:00:00+00:00
[2021-02-23 23:28:48,801] {scheduler_job.py:190} INFO - Processing /home/airflow/.local/lib/python3.6/site-packages/airflow/example_dags/example_latest_only_with_trigger.py took 0.094 seconds
[2021-02-23 23:29:19,409] {scheduler_job.py:182} INFO - Started process (PID=200) to work on /home/airflow/.local/lib/python3.6/site-packages/airflow/example_dags/example_latest_only_with_trigger.py
[2021-02-23 23:29:19,411] {scheduler_job.py:629} INFO - Processing file /home/airflow/.local/lib/python3.6/site-packages/airflow/example_dags/example_latest_only_with_trigger.py for tasks to queue
[2021-02-23 23:29:19,412] {logging_mixin.py:104} INFO - [2021-02-23 23:29:19,412] {dagbag.py:448} INFO - Filling up the DagBag from /home/airflow/.local/lib/python3.6/site-packages/airflow/example_dags/example_latest_only_with_trigger.py
[2021-02-23 23:29:19,426] {scheduler_job.py:639} INFO - DAG(s) dict_keys(['latest_only_with_trigger']) retrieved from /home/airflow/.local/lib/python3.6/site-packages/airflow/example_dags/example_latest_only_with_trigger.py
[2021-02-23 23:29:19,442] {logging_mixin.py:104} INFO - [2021-02-23 23:29:19,442] {dag.py:1818} INFO - Sync 1 DAGs
[2021-02-23 23:29:19,455] {logging_mixin.py:104} INFO - [2021-02-23 23:29:19,455] {dag.py:2273} INFO - Setting next_dagrun for latest_only_with_trigger to 2021-02-21 00:00:00+00:00
[2021-02-23 23:29:19,728] {scheduler_job.py:190} INFO - Processing /home/airflow/.local/lib/python3.6/site-packages/airflow/example_dags/example_latest_only_with_trigger.py took 0.325 seconds
[2021-02-23 23:29:50,147] {scheduler_job.py:182} INFO - Started process (PID=228) to work on /home/airflow/.local/lib/python3.6/site-packages/airflow/example_dags/example_latest_only_with_trigger.py
[2021-02-23 23:29:50,148] {scheduler_job.py:629} INFO - Processing file /home/airflow/.local/lib/python3.6/site-packages/airflow/example_dags/example_latest_only_with_trigger.py for tasks to queue
[2021-02-23 23:29:50,148] {logging_mixin.py:104} INFO - [2021-02-23 23:29:50,148] {dagbag.py:448} INFO - Filling up the DagBag from /home/airflow/.local/lib/python3.6/site-packages/airflow/example_dags/example_latest_only_with_trigger.py
[2021-02-23 23:29:50,159] {scheduler_job.py:639} INFO - DAG(s) dict_keys(['latest_only_with_trigger']) retrieved from /home/airflow/.local/lib/python3.6/site-packages/airflow/example_dags/example_latest_only_with_trigger.py
[2021-02-23 23:29:50,180] {logging_mixin.py:104} INFO - [2021-02-23 23:29:50,179] {dag.py:1818} INFO - Sync 1 DAGs
[2021-02-23 23:29:50,192] {logging_mixin.py:104} INFO - [2021-02-23 23:29:50,192] {dag.py:2273} INFO - Setting next_dagrun for latest_only_with_trigger to 2021-02-21 00:00:00+00:00
[2021-02-23 23:29:50,243] {scheduler_job.py:190} INFO - Processing /home/airflow/.local/lib/python3.6/site-packages/airflow/example_dags/example_latest_only_with_trigger.py took 0.099 seconds
[2021-02-23 23:30:20,935] {scheduler_job.py:182} INFO - Started process (PID=257) to work on /home/airflow/.local/lib/python3.6/site-packages/airflow/example_dags/example_latest_only_with_trigger.py
[2021-02-23 23:30:20,936] {scheduler_job.py:629} INFO - Processing file /home/airflow/.local/lib/python3.6/site-packages/airflow/example_dags/example_latest_only_with_trigger.py for tasks to queue
[2021-02-23 23:30:20,937] {logging_mixin.py:104} INFO - [2021-02-23 23:30:20,937] {dagbag.py:448} INFO - Filling up the DagBag from /home/airflow/.local/lib/python3.6/site-packages/airflow/example_dags/example_latest_only_with_trigger.py
[2021-02-23 23:30:20,946] {scheduler_job.py:639} INFO - DAG(s) dict_keys(['latest_only_with_trigger']) retrieved from /home/airflow/.local/lib/python3.6/site-packages/airflow/example_dags/example_latest_only_with_trigger.py
[2021-02-23 23:30:20,963] {logging_mixin.py:104} INFO - [2021-02-23 23:30:20,962] {dag.py:1818} INFO - Sync 1 DAGs
[2021-02-23 23:30:20,975] {logging_mixin.py:104} INFO - [2021-02-23 23:30:20,974] {dag.py:2273} INFO - Setting next_dagrun for latest_only_with_trigger to 2021-02-21 00:00:00+00:00
[2021-02-23 23:30:21,005] {scheduler_job.py:190} INFO - Processing /home/airflow/.local/lib/python3.6/site-packages/airflow/example_dags/example_latest_only_with_trigger.py took 0.072 seconds
[2021-02-23 23:30:51,325] {scheduler_job.py:182} INFO - Started process (PID=281) to work on /home/airflow/.local/lib/python3.6/site-packages/airflow/example_dags/example_latest_only_with_trigger.py
[2021-02-23 23:30:51,327] {scheduler_job.py:629} INFO - Processing file /home/airflow/.local/lib/python3.6/site-packages/airflow/example_dags/example_latest_only_with_trigger.py for tasks to queue
[2021-02-23 23:30:51,328] {logging_mixin.py:104} INFO - [2021-02-23 23:30:51,328] {dagbag.py:448} INFO - Filling up the DagBag from /home/airflow/.local/lib/python3.6/site-packages/airflow/example_dags/example_latest_only_with_trigger.py
[2021-02-23 23:30:51,353] {scheduler_job.py:639} INFO - DAG(s) dict_keys(['latest_only_with_trigger']) retrieved from /home/airflow/.local/lib/python3.6/site-packages/airflow/example_dags/example_latest_only_with_trigger.py
[2021-02-23 23:30:51,399] {logging_mixin.py:104} INFO - [2021-02-23 23:30:51,399] {dag.py:1818} INFO - Sync 1 DAGs
[2021-02-23 23:30:51,440] {logging_mixin.py:104} INFO - [2021-02-23 23:30:51,439] {dag.py:2273} INFO - Setting next_dagrun for latest_only_with_trigger to 2021-02-21 00:00:00+00:00
[2021-02-23 23:30:51,488] {scheduler_job.py:190} INFO - Processing /home/airflow/.local/lib/python3.6/site-packages/airflow/example_dags/example_latest_only_with_trigger.py took 0.170 seconds
[2021-02-23 23:31:21,571] {scheduler_job.py:182} INFO - Started process (PID=308) to work on /home/airflow/.local/lib/python3.6/site-packages/airflow/example_dags/example_latest_only_with_trigger.py
[2021-02-23 23:31:21,573] {scheduler_job.py:629} INFO - Processing file /home/airflow/.local/lib/python3.6/site-packages/airflow/example_dags/example_latest_only_with_trigger.py for tasks to queue
[2021-02-23 23:31:21,574] {logging_mixin.py:104} INFO - [2021-02-23 23:31:21,574] {dagbag.py:448} INFO - Filling up the DagBag from /home/airflow/.local/lib/python3.6/site-packages/airflow/example_dags/example_latest_only_with_trigger.py
[2021-02-23 23:31:21,588] {scheduler_job.py:639} INFO - DAG(s) dict_keys(['latest_only_with_trigger']) retrieved from /home/airflow/.local/lib/python3.6/site-packages/airflow/example_dags/example_latest_only_with_trigger.py
[2021-02-23 23:31:21,604] {logging_mixin.py:104} INFO - [2021-02-23 23:31:21,604] {dag.py:1818} INFO - Sync 1 DAGs
[2021-02-23 23:31:21,616] {logging_mixin.py:104} INFO - [2021-02-23 23:31:21,616] {dag.py:2273} INFO - Setting next_dagrun for latest_only_with_trigger to 2021-02-21 00:00:00+00:00
[2021-02-23 23:31:21,648] {scheduler_job.py:190} INFO - Processing /home/airflow/.local/lib/python3.6/site-packages/airflow/example_dags/example_latest_only_with_trigger.py took 0.085 seconds
[2021-02-23 23:31:52,197] {scheduler_job.py:182} INFO - Started process (PID=332) to work on /home/airflow/.local/lib/python3.6/site-packages/airflow/example_dags/example_latest_only_with_trigger.py
[2021-02-23 23:31:52,199] {scheduler_job.py:629} INFO - Processing file /home/airflow/.local/lib/python3.6/site-packages/airflow/example_dags/example_latest_only_with_trigger.py for tasks to queue
[2021-02-23 23:31:52,199] {logging_mixin.py:104} INFO - [2021-02-23 23:31:52,199] {dagbag.py:448} INFO - Filling up the DagBag from /home/airflow/.local/lib/python3.6/site-packages/airflow/example_dags/example_latest_only_with_trigger.py
[2021-02-23 23:31:52,214] {scheduler_job.py:639} INFO - DAG(s) dict_keys(['latest_only_with_trigger']) retrieved from /home/airflow/.local/lib/python3.6/site-packages/airflow/example_dags/example_latest_only_with_trigger.py
[2021-02-23 23:31:52,235] {logging_mixin.py:104} INFO - [2021-02-23 23:31:52,235] {dag.py:1818} INFO - Sync 1 DAGs
[2021-02-23 23:31:52,251] {logging_mixin.py:104} INFO - [2021-02-23 23:31:52,251] {dag.py:2273} INFO - Setting next_dagrun for latest_only_with_trigger to 2021-02-21 00:00:00+00:00
[2021-02-23 23:31:52,634] {scheduler_job.py:190} INFO - Processing /home/airflow/.local/lib/python3.6/site-packages/airflow/example_dags/example_latest_only_with_trigger.py took 0.441 seconds
[2021-02-23 23:32:22,944] {scheduler_job.py:182} INFO - Started process (PID=358) to work on /home/airflow/.local/lib/python3.6/site-packages/airflow/example_dags/example_latest_only_with_trigger.py
[2021-02-23 23:32:22,945] {scheduler_job.py:629} INFO - Processing file /home/airflow/.local/lib/python3.6/site-packages/airflow/example_dags/example_latest_only_with_trigger.py for tasks to queue
[2021-02-23 23:32:22,946] {logging_mixin.py:104} INFO - [2021-02-23 23:32:22,946] {dagbag.py:448} INFO - Filling up the DagBag from /home/airflow/.local/lib/python3.6/site-packages/airflow/example_dags/example_latest_only_with_trigger.py
[2021-02-23 23:32:22,959] {scheduler_job.py:639} INFO - DAG(s) dict_keys(['latest_only_with_trigger']) retrieved from /home/airflow/.local/lib/python3.6/site-packages/airflow/example_dags/example_latest_only_with_trigger.py
[2021-02-23 23:32:22,978] {logging_mixin.py:104} INFO - [2021-02-23 23:32:22,978] {dag.py:1818} INFO - Sync 1 DAGs
[2021-02-23 23:32:22,994] {logging_mixin.py:104} INFO - [2021-02-23 23:32:22,994] {dag.py:2273} INFO - Setting next_dagrun for latest_only_with_trigger to 2021-02-21 00:00:00+00:00
[2021-02-23 23:32:23,036] {scheduler_job.py:190} INFO - Processing /home/airflow/.local/lib/python3.6/site-packages/airflow/example_dags/example_latest_only_with_trigger.py took 0.099 seconds
[2021-02-23 23:32:53,738] {scheduler_job.py:182} INFO - Started process (PID=386) to work on /home/airflow/.local/lib/python3.6/site-packages/airflow/example_dags/example_latest_only_with_trigger.py
[2021-02-23 23:32:53,745] {scheduler_job.py:629} INFO - Processing file /home/airflow/.local/lib/python3.6/site-packages/airflow/example_dags/example_latest_only_with_trigger.py for tasks to queue
[2021-02-23 23:32:53,746] {logging_mixin.py:104} INFO - [2021-02-23 23:32:53,746] {dagbag.py:448} INFO - Filling up the DagBag from /home/airflow/.local/lib/python3.6/site-packages/airflow/example_dags/example_latest_only_with_trigger.py
[2021-02-23 23:32:53,785] {scheduler_job.py:639} INFO - DAG(s) dict_keys(['latest_only_with_trigger']) retrieved from /home/airflow/.local/lib/python3.6/site-packages/airflow/example_dags/example_latest_only_with_trigger.py
[2021-02-23 23:32:53,829] {logging_mixin.py:104} INFO - [2021-02-23 23:32:53,829] {dag.py:1818} INFO - Sync 1 DAGs
[2021-02-23 23:32:53,850] {logging_mixin.py:104} INFO - [2021-02-23 23:32:53,850] {dag.py:2273} INFO - Setting next_dagrun for latest_only_with_trigger to 2021-02-21 00:00:00+00:00
[2021-02-23 23:32:53,896] {scheduler_job.py:190} INFO - Processing /home/airflow/.local/lib/python3.6/site-packages/airflow/example_dags/example_latest_only_with_trigger.py took 0.166 seconds
[2021-02-23 23:33:24,831] {scheduler_job.py:182} INFO - Started process (PID=413) to work on /home/airflow/.local/lib/python3.6/site-packages/airflow/example_dags/example_latest_only_with_trigger.py
[2021-02-23 23:33:24,833] {scheduler_job.py:629} INFO - Processing file /home/airflow/.local/lib/python3.6/site-packages/airflow/example_dags/example_latest_only_with_trigger.py for tasks to queue
[2021-02-23 23:33:24,834] {logging_mixin.py:104} INFO - [2021-02-23 23:33:24,834] {dagbag.py:448} INFO - Filling up the DagBag from /home/airflow/.local/lib/python3.6/site-packages/airflow/example_dags/example_latest_only_with_trigger.py
[2021-02-23 23:33:24,847] {scheduler_job.py:639} INFO - DAG(s) dict_keys(['latest_only_with_trigger']) retrieved from /home/airflow/.local/lib/python3.6/site-packages/airflow/example_dags/example_latest_only_with_trigger.py
[2021-02-23 23:33:24,865] {logging_mixin.py:104} INFO - [2021-02-23 23:33:24,865] {dag.py:1818} INFO - Sync 1 DAGs
[2021-02-23 23:33:24,878] {logging_mixin.py:104} INFO - [2021-02-23 23:33:24,878] {dag.py:2273} INFO - Setting next_dagrun for latest_only_with_trigger to 2021-02-21 00:00:00+00:00
[2021-02-23 23:33:24,917] {scheduler_job.py:190} INFO - Processing /home/airflow/.local/lib/python3.6/site-packages/airflow/example_dags/example_latest_only_with_trigger.py took 0.093 seconds
[2021-02-23 23:33:55,501] {scheduler_job.py:182} INFO - Started process (PID=440) to work on /home/airflow/.local/lib/python3.6/site-packages/airflow/example_dags/example_latest_only_with_trigger.py
[2021-02-23 23:33:55,502] {scheduler_job.py:629} INFO - Processing file /home/airflow/.local/lib/python3.6/site-packages/airflow/example_dags/example_latest_only_with_trigger.py for tasks to queue
[2021-02-23 23:33:55,503] {logging_mixin.py:104} INFO - [2021-02-23 23:33:55,503] {dagbag.py:448} INFO - Filling up the DagBag from /home/airflow/.local/lib/python3.6/site-packages/airflow/example_dags/example_latest_only_with_trigger.py
[2021-02-23 23:33:55,517] {scheduler_job.py:639} INFO - DAG(s) dict_keys(['latest_only_with_trigger']) retrieved from /home/airflow/.local/lib/python3.6/site-packages/airflow/example_dags/example_latest_only_with_trigger.py
[2021-02-23 23:33:55,541] {logging_mixin.py:104} INFO - [2021-02-23 23:33:55,541] {dag.py:1818} INFO - Sync 1 DAGs
[2021-02-23 23:33:55,555] {logging_mixin.py:104} INFO - [2021-02-23 23:33:55,555] {dag.py:2273} INFO - Setting next_dagrun for latest_only_with_trigger to 2021-02-21 00:00:00+00:00
[2021-02-23 23:33:55,587] {scheduler_job.py:190} INFO - Processing /home/airflow/.local/lib/python3.6/site-packages/airflow/example_dags/example_latest_only_with_trigger.py took 0.089 seconds
[2021-02-23 23:34:25,920] {scheduler_job.py:182} INFO - Started process (PID=467) to work on /home/airflow/.local/lib/python3.6/site-packages/airflow/example_dags/example_latest_only_with_trigger.py
[2021-02-23 23:34:25,921] {scheduler_job.py:629} INFO - Processing file /home/airflow/.local/lib/python3.6/site-packages/airflow/example_dags/example_latest_only_with_trigger.py for tasks to queue
[2021-02-23 23:34:25,922] {logging_mixin.py:104} INFO - [2021-02-23 23:34:25,922] {dagbag.py:448} INFO - Filling up the DagBag from /home/airflow/.local/lib/python3.6/site-packages/airflow/example_dags/example_latest_only_with_trigger.py
[2021-02-23 23:34:25,938] {scheduler_job.py:639} INFO - DAG(s) dict_keys(['latest_only_with_trigger']) retrieved from /home/airflow/.local/lib/python3.6/site-packages/airflow/example_dags/example_latest_only_with_trigger.py
[2021-02-23 23:34:25,958] {logging_mixin.py:104} INFO - [2021-02-23 23:34:25,958] {dag.py:1818} INFO - Sync 1 DAGs
[2021-02-23 23:34:25,972] {logging_mixin.py:104} INFO - [2021-02-23 23:34:25,972] {dag.py:2273} INFO - Setting next_dagrun for latest_only_with_trigger to 2021-02-21 00:00:00+00:00
[2021-02-23 23:34:26,012] {scheduler_job.py:190} INFO - Processing /home/airflow/.local/lib/python3.6/site-packages/airflow/example_dags/example_latest_only_with_trigger.py took 0.096 seconds
[2021-02-23 23:34:56,051] {scheduler_job.py:182} INFO - Started process (PID=494) to work on /home/airflow/.local/lib/python3.6/site-packages/airflow/example_dags/example_latest_only_with_trigger.py
[2021-02-23 23:34:56,052] {scheduler_job.py:629} INFO - Processing file /home/airflow/.local/lib/python3.6/site-packages/airflow/example_dags/example_latest_only_with_trigger.py for tasks to queue
[2021-02-23 23:34:56,053] {logging_mixin.py:104} INFO - [2021-02-23 23:34:56,053] {dagbag.py:448} INFO - Filling up the DagBag from /home/airflow/.local/lib/python3.6/site-packages/airflow/example_dags/example_latest_only_with_trigger.py
[2021-02-23 23:34:56,065] {scheduler_job.py:639} INFO - DAG(s) dict_keys(['latest_only_with_trigger']) retrieved from /home/airflow/.local/lib/python3.6/site-packages/airflow/example_dags/example_latest_only_with_trigger.py
[2021-02-23 23:34:56,081] {logging_mixin.py:104} INFO - [2021-02-23 23:34:56,081] {dag.py:1818} INFO - Sync 1 DAGs
[2021-02-23 23:34:56,095] {logging_mixin.py:104} INFO - [2021-02-23 23:34:56,095] {dag.py:2273} INFO - Setting next_dagrun for latest_only_with_trigger to 2021-02-21 00:00:00+00:00
[2021-02-23 23:34:56,148] {scheduler_job.py:190} INFO - Processing /home/airflow/.local/lib/python3.6/site-packages/airflow/example_dags/example_latest_only_with_trigger.py took 0.102 seconds
[2021-02-23 23:35:26,243] {scheduler_job.py:182} INFO - Started process (PID=521) to work on /home/airflow/.local/lib/python3.6/site-packages/airflow/example_dags/example_latest_only_with_trigger.py
[2021-02-23 23:35:26,245] {scheduler_job.py:629} INFO - Processing file /home/airflow/.local/lib/python3.6/site-packages/airflow/example_dags/example_latest_only_with_trigger.py for tasks to queue
[2021-02-23 23:35:26,247] {logging_mixin.py:104} INFO - [2021-02-23 23:35:26,247] {dagbag.py:448} INFO - Filling up the DagBag from /home/airflow/.local/lib/python3.6/site-packages/airflow/example_dags/example_latest_only_with_trigger.py
[2021-02-23 23:35:26,270] {scheduler_job.py:639} INFO - DAG(s) dict_keys(['latest_only_with_trigger']) retrieved from /home/airflow/.local/lib/python3.6/site-packages/airflow/example_dags/example_latest_only_with_trigger.py
[2021-02-23 23:35:26,290] {logging_mixin.py:104} INFO - [2021-02-23 23:35:26,290] {dag.py:1818} INFO - Sync 1 DAGs
[2021-02-23 23:35:26,303] {logging_mixin.py:104} INFO - [2021-02-23 23:35:26,303] {dag.py:2273} INFO - Setting next_dagrun for latest_only_with_trigger to 2021-02-21 00:00:00+00:00
[2021-02-23 23:35:26,333] {scheduler_job.py:190} INFO - Processing /home/airflow/.local/lib/python3.6/site-packages/airflow/example_dags/example_latest_only_with_trigger.py took 0.097 seconds
[2021-02-23 23:35:56,368] {scheduler_job.py:182} INFO - Started process (PID=548) to work on /home/airflow/.local/lib/python3.6/site-packages/airflow/example_dags/example_latest_only_with_trigger.py
[2021-02-23 23:35:56,369] {scheduler_job.py:629} INFO - Processing file /home/airflow/.local/lib/python3.6/site-packages/airflow/example_dags/example_latest_only_with_trigger.py for tasks to queue
[2021-02-23 23:35:56,370] {logging_mixin.py:104} INFO - [2021-02-23 23:35:56,370] {dagbag.py:448} INFO - Filling up the DagBag from /home/airflow/.local/lib/python3.6/site-packages/airflow/example_dags/example_latest_only_with_trigger.py
[2021-02-23 23:35:56,384] {scheduler_job.py:639} INFO - DAG(s) dict_keys(['latest_only_with_trigger']) retrieved from /home/airflow/.local/lib/python3.6/site-packages/airflow/example_dags/example_latest_only_with_trigger.py
[2021-02-23 23:35:56,413] {logging_mixin.py:104} INFO - [2021-02-23 23:35:56,412] {dag.py:1818} INFO - Sync 1 DAGs
[2021-02-23 23:35:56,434] {logging_mixin.py:104} INFO - [2021-02-23 23:35:56,434] {dag.py:2273} INFO - Setting next_dagrun for latest_only_with_trigger to 2021-02-21 00:00:00+00:00
[2021-02-23 23:35:56,713] {scheduler_job.py:190} INFO - Processing /home/airflow/.local/lib/python3.6/site-packages/airflow/example_dags/example_latest_only_with_trigger.py took 0.349 seconds
[2021-02-23 23:36:27,441] {scheduler_job.py:182} INFO - Started process (PID=575) to work on /home/airflow/.local/lib/python3.6/site-packages/airflow/example_dags/example_latest_only_with_trigger.py
[2021-02-23 23:36:27,443] {scheduler_job.py:629} INFO - Processing file /home/airflow/.local/lib/python3.6/site-packages/airflow/example_dags/example_latest_only_with_trigger.py for tasks to queue
[2021-02-23 23:36:27,444] {logging_mixin.py:104} INFO - [2021-02-23 23:36:27,444] {dagbag.py:448} INFO - Filling up the DagBag from /home/airflow/.local/lib/python3.6/site-packages/airflow/example_dags/example_latest_only_with_trigger.py
[2021-02-23 23:36:27,458] {scheduler_job.py:639} INFO - DAG(s) dict_keys(['latest_only_with_trigger']) retrieved from /home/airflow/.local/lib/python3.6/site-packages/airflow/example_dags/example_latest_only_with_trigger.py
[2021-02-23 23:36:27,480] {logging_mixin.py:104} INFO - [2021-02-23 23:36:27,480] {dag.py:1818} INFO - Sync 1 DAGs
[2021-02-23 23:36:27,495] {logging_mixin.py:104} INFO - [2021-02-23 23:36:27,495] {dag.py:2273} INFO - Setting next_dagrun for latest_only_with_trigger to 2021-02-21 00:00:00+00:00
[2021-02-23 23:36:27,544] {scheduler_job.py:190} INFO - Processing /home/airflow/.local/lib/python3.6/site-packages/airflow/example_dags/example_latest_only_with_trigger.py took 0.112 seconds
[2021-02-23 23:36:58,194] {scheduler_job.py:182} INFO - Started process (PID=602) to work on /home/airflow/.local/lib/python3.6/site-packages/airflow/example_dags/example_latest_only_with_trigger.py
[2021-02-23 23:36:58,195] {scheduler_job.py:629} INFO - Processing file /home/airflow/.local/lib/python3.6/site-packages/airflow/example_dags/example_latest_only_with_trigger.py for tasks to queue
[2021-02-23 23:36:58,196] {logging_mixin.py:104} INFO - [2021-02-23 23:36:58,196] {dagbag.py:448} INFO - Filling up the DagBag from /home/airflow/.local/lib/python3.6/site-packages/airflow/example_dags/example_latest_only_with_trigger.py
[2021-02-23 23:36:58,208] {scheduler_job.py:639} INFO - DAG(s) dict_keys(['latest_only_with_trigger']) retrieved from /home/airflow/.local/lib/python3.6/site-packages/airflow/example_dags/example_latest_only_with_trigger.py
[2021-02-23 23:36:58,234] {logging_mixin.py:104} INFO - [2021-02-23 23:36:58,234] {dag.py:1818} INFO - Sync 1 DAGs
[2021-02-23 23:36:58,252] {logging_mixin.py:104} INFO - [2021-02-23 23:36:58,252] {dag.py:2273} INFO - Setting next_dagrun for latest_only_with_trigger to 2021-02-21 00:00:00+00:00
[2021-02-23 23:36:58,542] {scheduler_job.py:190} INFO - Processing /home/airflow/.local/lib/python3.6/site-packages/airflow/example_dags/example_latest_only_with_trigger.py took 0.354 seconds
[2021-02-23 23:37:28,923] {scheduler_job.py:182} INFO - Started process (PID=629) to work on /home/airflow/.local/lib/python3.6/site-packages/airflow/example_dags/example_latest_only_with_trigger.py
[2021-02-23 23:37:28,924] {scheduler_job.py:629} INFO - Processing file /home/airflow/.local/lib/python3.6/site-packages/airflow/example_dags/example_latest_only_with_trigger.py for tasks to queue
[2021-02-23 23:37:28,925] {logging_mixin.py:104} INFO - [2021-02-23 23:37:28,924] {dagbag.py:448} INFO - Filling up the DagBag from /home/airflow/.local/lib/python3.6/site-packages/airflow/example_dags/example_latest_only_with_trigger.py
[2021-02-23 23:37:28,936] {scheduler_job.py:639} INFO - DAG(s) dict_keys(['latest_only_with_trigger']) retrieved from /home/airflow/.local/lib/python3.6/site-packages/airflow/example_dags/example_latest_only_with_trigger.py
[2021-02-23 23:37:28,957] {logging_mixin.py:104} INFO - [2021-02-23 23:37:28,957] {dag.py:1818} INFO - Sync 1 DAGs
[2021-02-23 23:37:28,971] {logging_mixin.py:104} INFO - [2021-02-23 23:37:28,971] {dag.py:2273} INFO - Setting next_dagrun for latest_only_with_trigger to 2021-02-21 00:00:00+00:00
[2021-02-23 23:37:29,008] {scheduler_job.py:190} INFO - Processing /home/airflow/.local/lib/python3.6/site-packages/airflow/example_dags/example_latest_only_with_trigger.py took 0.088 seconds
[2021-02-23 23:38:00,329] {scheduler_job.py:182} INFO - Started process (PID=658) to work on /home/airflow/.local/lib/python3.6/site-packages/airflow/example_dags/example_latest_only_with_trigger.py
[2021-02-23 23:38:00,332] {scheduler_job.py:629} INFO - Processing file /home/airflow/.local/lib/python3.6/site-packages/airflow/example_dags/example_latest_only_with_trigger.py for tasks to queue
[2021-02-23 23:38:00,334] {logging_mixin.py:104} INFO - [2021-02-23 23:38:00,333] {dagbag.py:448} INFO - Filling up the DagBag from /home/airflow/.local/lib/python3.6/site-packages/airflow/example_dags/example_latest_only_with_trigger.py
[2021-02-23 23:38:00,350] {scheduler_job.py:639} INFO - DAG(s) dict_keys(['latest_only_with_trigger']) retrieved from /home/airflow/.local/lib/python3.6/site-packages/airflow/example_dags/example_latest_only_with_trigger.py
[2021-02-23 23:38:00,368] {logging_mixin.py:104} INFO - [2021-02-23 23:38:00,368] {dag.py:1818} INFO - Sync 1 DAGs
[2021-02-23 23:38:00,380] {logging_mixin.py:104} INFO - [2021-02-23 23:38:00,380] {dag.py:2273} INFO - Setting next_dagrun for latest_only_with_trigger to 2021-02-21 00:00:00+00:00
[2021-02-23 23:38:00,418] {scheduler_job.py:190} INFO - Processing /home/airflow/.local/lib/python3.6/site-packages/airflow/example_dags/example_latest_only_with_trigger.py took 0.097 seconds
[2021-02-23 23:38:30,812] {scheduler_job.py:182} INFO - Started process (PID=681) to work on /home/airflow/.local/lib/python3.6/site-packages/airflow/example_dags/example_latest_only_with_trigger.py
[2021-02-23 23:38:30,813] {scheduler_job.py:629} INFO - Processing file /home/airflow/.local/lib/python3.6/site-packages/airflow/example_dags/example_latest_only_with_trigger.py for tasks to queue
[2021-02-23 23:38:30,814] {logging_mixin.py:104} INFO - [2021-02-23 23:38:30,814] {dagbag.py:448} INFO - Filling up the DagBag from /home/airflow/.local/lib/python3.6/site-packages/airflow/example_dags/example_latest_only_with_trigger.py
[2021-02-23 23:38:30,823] {scheduler_job.py:639} INFO - DAG(s) dict_keys(['latest_only_with_trigger']) retrieved from /home/airflow/.local/lib/python3.6/site-packages/airflow/example_dags/example_latest_only_with_trigger.py
[2021-02-23 23:38:30,842] {logging_mixin.py:104} INFO - [2021-02-23 23:38:30,842] {dag.py:1818} INFO - Sync 1 DAGs
[2021-02-23 23:38:30,854] {logging_mixin.py:104} INFO - [2021-02-23 23:38:30,854] {dag.py:2273} INFO - Setting next_dagrun for latest_only_with_trigger to 2021-02-21 00:00:00+00:00
[2021-02-23 23:38:30,885] {scheduler_job.py:190} INFO - Processing /home/airflow/.local/lib/python3.6/site-packages/airflow/example_dags/example_latest_only_with_trigger.py took 0.075 seconds
[2021-02-23 23:39:01,386] {scheduler_job.py:182} INFO - Started process (PID=708) to work on /home/airflow/.local/lib/python3.6/site-packages/airflow/example_dags/example_latest_only_with_trigger.py
[2021-02-23 23:39:01,387] {scheduler_job.py:629} INFO - Processing file /home/airflow/.local/lib/python3.6/site-packages/airflow/example_dags/example_latest_only_with_trigger.py for tasks to queue
[2021-02-23 23:39:01,388] {logging_mixin.py:104} INFO - [2021-02-23 23:39:01,388] {dagbag.py:448} INFO - Filling up the DagBag from /home/airflow/.local/lib/python3.6/site-packages/airflow/example_dags/example_latest_only_with_trigger.py
[2021-02-23 23:39:01,402] {scheduler_job.py:639} INFO - DAG(s) dict_keys(['latest_only_with_trigger']) retrieved from /home/airflow/.local/lib/python3.6/site-packages/airflow/example_dags/example_latest_only_with_trigger.py
[2021-02-23 23:39:01,426] {logging_mixin.py:104} INFO - [2021-02-23 23:39:01,426] {dag.py:1818} INFO - Sync 1 DAGs
[2021-02-23 23:39:01,443] {logging_mixin.py:104} INFO - [2021-02-23 23:39:01,443] {dag.py:2273} INFO - Setting next_dagrun for latest_only_with_trigger to 2021-02-21 00:00:00+00:00
[2021-02-23 23:39:01,478] {scheduler_job.py:190} INFO - Processing /home/airflow/.local/lib/python3.6/site-packages/airflow/example_dags/example_latest_only_with_trigger.py took 0.095 seconds
[2021-02-23 23:39:31,559] {scheduler_job.py:182} INFO - Started process (PID=734) to work on /home/airflow/.local/lib/python3.6/site-packages/airflow/example_dags/example_latest_only_with_trigger.py
[2021-02-23 23:39:31,561] {scheduler_job.py:629} INFO - Processing file /home/airflow/.local/lib/python3.6/site-packages/airflow/example_dags/example_latest_only_with_trigger.py for tasks to queue
[2021-02-23 23:39:31,561] {logging_mixin.py:104} INFO - [2021-02-23 23:39:31,561] {dagbag.py:448} INFO - Filling up the DagBag from /home/airflow/.local/lib/python3.6/site-packages/airflow/example_dags/example_latest_only_with_trigger.py
[2021-02-23 23:39:31,574] {scheduler_job.py:639} INFO - DAG(s) dict_keys(['latest_only_with_trigger']) retrieved from /home/airflow/.local/lib/python3.6/site-packages/airflow/example_dags/example_latest_only_with_trigger.py
[2021-02-23 23:39:31,593] {logging_mixin.py:104} INFO - [2021-02-23 23:39:31,593] {dag.py:1818} INFO - Sync 1 DAGs
[2021-02-23 23:39:31,605] {logging_mixin.py:104} INFO - [2021-02-23 23:39:31,605] {dag.py:2273} INFO - Setting next_dagrun for latest_only_with_trigger to 2021-02-21 00:00:00+00:00
[2021-02-23 23:39:31,643] {scheduler_job.py:190} INFO - Processing /home/airflow/.local/lib/python3.6/site-packages/airflow/example_dags/example_latest_only_with_trigger.py took 0.090 seconds
[2021-02-23 23:40:01,683] {scheduler_job.py:182} INFO - Started process (PID=761) to work on /home/airflow/.local/lib/python3.6/site-packages/airflow/example_dags/example_latest_only_with_trigger.py
[2021-02-23 23:40:01,684] {scheduler_job.py:629} INFO - Processing file /home/airflow/.local/lib/python3.6/site-packages/airflow/example_dags/example_latest_only_with_trigger.py for tasks to queue
[2021-02-23 23:40:01,685] {logging_mixin.py:104} INFO - [2021-02-23 23:40:01,684] {dagbag.py:448} INFO - Filling up the DagBag from /home/airflow/.local/lib/python3.6/site-packages/airflow/example_dags/example_latest_only_with_trigger.py
[2021-02-23 23:40:01,697] {scheduler_job.py:639} INFO - DAG(s) dict_keys(['latest_only_with_trigger']) retrieved from /home/airflow/.local/lib/python3.6/site-packages/airflow/example_dags/example_latest_only_with_trigger.py
[2021-02-23 23:40:01,716] {logging_mixin.py:104} INFO - [2021-02-23 23:40:01,716] {dag.py:1818} INFO - Sync 1 DAGs
[2021-02-23 23:40:01,729] {logging_mixin.py:104} INFO - [2021-02-23 23:40:01,729] {dag.py:2273} INFO - Setting next_dagrun for latest_only_with_trigger to 2021-02-21 00:00:00+00:00
[2021-02-23 23:40:01,811] {scheduler_job.py:190} INFO - Processing /home/airflow/.local/lib/python3.6/site-packages/airflow/example_dags/example_latest_only_with_trigger.py took 0.132 seconds
[2021-02-23 23:40:32,241] {scheduler_job.py:182} INFO - Started process (PID=788) to work on /home/airflow/.local/lib/python3.6/site-packages/airflow/example_dags/example_latest_only_with_trigger.py
[2021-02-23 23:40:32,243] {scheduler_job.py:629} INFO - Processing file /home/airflow/.local/lib/python3.6/site-packages/airflow/example_dags/example_latest_only_with_trigger.py for tasks to queue
[2021-02-23 23:40:32,244] {logging_mixin.py:104} INFO - [2021-02-23 23:40:32,244] {dagbag.py:448} INFO - Filling up the DagBag from /home/airflow/.local/lib/python3.6/site-packages/airflow/example_dags/example_latest_only_with_trigger.py
[2021-02-23 23:40:32,259] {scheduler_job.py:639} INFO - DAG(s) dict_keys(['latest_only_with_trigger']) retrieved from /home/airflow/.local/lib/python3.6/site-packages/airflow/example_dags/example_latest_only_with_trigger.py
[2021-02-23 23:40:32,276] {logging_mixin.py:104} INFO - [2021-02-23 23:40:32,276] {dag.py:1818} INFO - Sync 1 DAGs
[2021-02-23 23:40:32,288] {logging_mixin.py:104} INFO - [2021-02-23 23:40:32,288] {dag.py:2273} INFO - Setting next_dagrun for latest_only_with_trigger to 2021-02-21 00:00:00+00:00
[2021-02-23 23:40:32,343] {scheduler_job.py:190} INFO - Processing /home/airflow/.local/lib/python3.6/site-packages/airflow/example_dags/example_latest_only_with_trigger.py took 0.112 seconds
[2021-02-23 23:41:02,975] {scheduler_job.py:182} INFO - Started process (PID=815) to work on /home/airflow/.local/lib/python3.6/site-packages/airflow/example_dags/example_latest_only_with_trigger.py
[2021-02-23 23:41:02,976] {scheduler_job.py:629} INFO - Processing file /home/airflow/.local/lib/python3.6/site-packages/airflow/example_dags/example_latest_only_with_trigger.py for tasks to queue
[2021-02-23 23:41:02,977] {logging_mixin.py:104} INFO - [2021-02-23 23:41:02,977] {dagbag.py:448} INFO - Filling up the DagBag from /home/airflow/.local/lib/python3.6/site-packages/airflow/example_dags/example_latest_only_with_trigger.py
[2021-02-23 23:41:02,988] {scheduler_job.py:639} INFO - DAG(s) dict_keys(['latest_only_with_trigger']) retrieved from /home/airflow/.local/lib/python3.6/site-packages/airflow/example_dags/example_latest_only_with_trigger.py
[2021-02-23 23:41:03,004] {logging_mixin.py:104} INFO - [2021-02-23 23:41:03,004] {dag.py:1818} INFO - Sync 1 DAGs
[2021-02-23 23:41:03,015] {logging_mixin.py:104} INFO - [2021-02-23 23:41:03,015] {dag.py:2273} INFO - Setting next_dagrun for latest_only_with_trigger to 2021-02-21 00:00:00+00:00
[2021-02-23 23:41:03,046] {scheduler_job.py:190} INFO - Processing /home/airflow/.local/lib/python3.6/site-packages/airflow/example_dags/example_latest_only_with_trigger.py took 0.074 seconds
[2021-02-23 23:41:33,859] {scheduler_job.py:182} INFO - Started process (PID=842) to work on /home/airflow/.local/lib/python3.6/site-packages/airflow/example_dags/example_latest_only_with_trigger.py
[2021-02-23 23:41:33,860] {scheduler_job.py:629} INFO - Processing file /home/airflow/.local/lib/python3.6/site-packages/airflow/example_dags/example_latest_only_with_trigger.py for tasks to queue
[2021-02-23 23:41:33,860] {logging_mixin.py:104} INFO - [2021-02-23 23:41:33,860] {dagbag.py:448} INFO - Filling up the DagBag from /home/airflow/.local/lib/python3.6/site-packages/airflow/example_dags/example_latest_only_with_trigger.py
[2021-02-23 23:41:33,871] {scheduler_job.py:639} INFO - DAG(s) dict_keys(['latest_only_with_trigger']) retrieved from /home/airflow/.local/lib/python3.6/site-packages/airflow/example_dags/example_latest_only_with_trigger.py
[2021-02-23 23:41:33,888] {logging_mixin.py:104} INFO - [2021-02-23 23:41:33,888] {dag.py:1818} INFO - Sync 1 DAGs
[2021-02-23 23:41:33,900] {logging_mixin.py:104} INFO - [2021-02-23 23:41:33,900] {dag.py:2273} INFO - Setting next_dagrun for latest_only_with_trigger to 2021-02-21 00:00:00+00:00
[2021-02-23 23:41:34,040] {scheduler_job.py:190} INFO - Processing /home/airflow/.local/lib/python3.6/site-packages/airflow/example_dags/example_latest_only_with_trigger.py took 0.184 seconds
[2021-02-23 23:42:04,786] {scheduler_job.py:182} INFO - Started process (PID=869) to work on /home/airflow/.local/lib/python3.6/site-packages/airflow/example_dags/example_latest_only_with_trigger.py
[2021-02-23 23:42:04,789] {scheduler_job.py:629} INFO - Processing file /home/airflow/.local/lib/python3.6/site-packages/airflow/example_dags/example_latest_only_with_trigger.py for tasks to queue
[2021-02-23 23:42:04,790] {logging_mixin.py:104} INFO - [2021-02-23 23:42:04,790] {dagbag.py:448} INFO - Filling up the DagBag from /home/airflow/.local/lib/python3.6/site-packages/airflow/example_dags/example_latest_only_with_trigger.py
[2021-02-23 23:42:04,805] {scheduler_job.py:639} INFO - DAG(s) dict_keys(['latest_only_with_trigger']) retrieved from /home/airflow/.local/lib/python3.6/site-packages/airflow/example_dags/example_latest_only_with_trigger.py
[2021-02-23 23:42:04,823] {logging_mixin.py:104} INFO - [2021-02-23 23:42:04,823] {dag.py:1818} INFO - Sync 1 DAGs
[2021-02-23 23:42:04,836] {logging_mixin.py:104} INFO - [2021-02-23 23:42:04,835] {dag.py:2273} INFO - Setting next_dagrun for latest_only_with_trigger to 2021-02-21 00:00:00+00:00
[2021-02-23 23:42:05,104] {scheduler_job.py:190} INFO - Processing /home/airflow/.local/lib/python3.6/site-packages/airflow/example_dags/example_latest_only_with_trigger.py took 0.328 seconds
[2021-02-23 23:42:35,178] {scheduler_job.py:182} INFO - Started process (PID=896) to work on /home/airflow/.local/lib/python3.6/site-packages/airflow/example_dags/example_latest_only_with_trigger.py
[2021-02-23 23:42:35,179] {scheduler_job.py:629} INFO - Processing file /home/airflow/.local/lib/python3.6/site-packages/airflow/example_dags/example_latest_only_with_trigger.py for tasks to queue
[2021-02-23 23:42:35,179] {logging_mixin.py:104} INFO - [2021-02-23 23:42:35,179] {dagbag.py:448} INFO - Filling up the DagBag from /home/airflow/.local/lib/python3.6/site-packages/airflow/example_dags/example_latest_only_with_trigger.py
[2021-02-23 23:42:35,191] {scheduler_job.py:639} INFO - DAG(s) dict_keys(['latest_only_with_trigger']) retrieved from /home/airflow/.local/lib/python3.6/site-packages/airflow/example_dags/example_latest_only_with_trigger.py
[2021-02-23 23:42:35,209] {logging_mixin.py:104} INFO - [2021-02-23 23:42:35,209] {dag.py:1818} INFO - Sync 1 DAGs
[2021-02-23 23:42:35,227] {logging_mixin.py:104} INFO - [2021-02-23 23:42:35,227] {dag.py:2273} INFO - Setting next_dagrun for latest_only_with_trigger to 2021-02-21 00:00:00+00:00
[2021-02-23 23:42:35,264] {scheduler_job.py:190} INFO - Processing /home/airflow/.local/lib/python3.6/site-packages/airflow/example_dags/example_latest_only_with_trigger.py took 0.088 seconds
[2021-02-23 23:43:05,458] {scheduler_job.py:182} INFO - Started process (PID=923) to work on /home/airflow/.local/lib/python3.6/site-packages/airflow/example_dags/example_latest_only_with_trigger.py
[2021-02-23 23:43:05,460] {scheduler_job.py:629} INFO - Processing file /home/airflow/.local/lib/python3.6/site-packages/airflow/example_dags/example_latest_only_with_trigger.py for tasks to queue
[2021-02-23 23:43:05,462] {logging_mixin.py:104} INFO - [2021-02-23 23:43:05,461] {dagbag.py:448} INFO - Filling up the DagBag from /home/airflow/.local/lib/python3.6/site-packages/airflow/example_dags/example_latest_only_with_trigger.py
[2021-02-23 23:43:05,476] {scheduler_job.py:639} INFO - DAG(s) dict_keys(['latest_only_with_trigger']) retrieved from /home/airflow/.local/lib/python3.6/site-packages/airflow/example_dags/example_latest_only_with_trigger.py
[2021-02-23 23:43:05,495] {logging_mixin.py:104} INFO - [2021-02-23 23:43:05,494] {dag.py:1818} INFO - Sync 1 DAGs
[2021-02-23 23:43:05,508] {logging_mixin.py:104} INFO - [2021-02-23 23:43:05,508] {dag.py:2273} INFO - Setting next_dagrun for latest_only_with_trigger to 2021-02-21 00:00:00+00:00
[2021-02-23 23:43:05,726] {scheduler_job.py:190} INFO - Processing /home/airflow/.local/lib/python3.6/site-packages/airflow/example_dags/example_latest_only_with_trigger.py took 0.274 seconds
[2021-02-23 23:43:36,559] {scheduler_job.py:182} INFO - Started process (PID=956) to work on /home/airflow/.local/lib/python3.6/site-packages/airflow/example_dags/example_latest_only_with_trigger.py
[2021-02-23 23:43:36,560] {scheduler_job.py:629} INFO - Processing file /home/airflow/.local/lib/python3.6/site-packages/airflow/example_dags/example_latest_only_with_trigger.py for tasks to queue
[2021-02-23 23:43:36,561] {logging_mixin.py:104} INFO - [2021-02-23 23:43:36,561] {dagbag.py:448} INFO - Filling up the DagBag from /home/airflow/.local/lib/python3.6/site-packages/airflow/example_dags/example_latest_only_with_trigger.py
[2021-02-23 23:43:36,569] {scheduler_job.py:639} INFO - DAG(s) dict_keys(['latest_only_with_trigger']) retrieved from /home/airflow/.local/lib/python3.6/site-packages/airflow/example_dags/example_latest_only_with_trigger.py
[2021-02-23 23:43:36,587] {logging_mixin.py:104} INFO - [2021-02-23 23:43:36,587] {dag.py:1818} INFO - Sync 1 DAGs
[2021-02-23 23:43:36,600] {logging_mixin.py:104} INFO - [2021-02-23 23:43:36,600] {dag.py:2273} INFO - Setting next_dagrun for latest_only_with_trigger to 2021-02-21 00:00:00+00:00
[2021-02-23 23:43:36,639] {scheduler_job.py:190} INFO - Processing /home/airflow/.local/lib/python3.6/site-packages/airflow/example_dags/example_latest_only_with_trigger.py took 0.082 seconds
[2021-02-23 23:44:06,755] {scheduler_job.py:182} INFO - Started process (PID=982) to work on /home/airflow/.local/lib/python3.6/site-packages/airflow/example_dags/example_latest_only_with_trigger.py
[2021-02-23 23:44:06,756] {scheduler_job.py:629} INFO - Processing file /home/airflow/.local/lib/python3.6/site-packages/airflow/example_dags/example_latest_only_with_trigger.py for tasks to queue
[2021-02-23 23:44:06,756] {logging_mixin.py:104} INFO - [2021-02-23 23:44:06,756] {dagbag.py:448} INFO - Filling up the DagBag from /home/airflow/.local/lib/python3.6/site-packages/airflow/example_dags/example_latest_only_with_trigger.py
[2021-02-23 23:44:06,765] {scheduler_job.py:639} INFO - DAG(s) dict_keys(['latest_only_with_trigger']) retrieved from /home/airflow/.local/lib/python3.6/site-packages/airflow/example_dags/example_latest_only_with_trigger.py
[2021-02-23 23:44:06,780] {logging_mixin.py:104} INFO - [2021-02-23 23:44:06,780] {dag.py:1818} INFO - Sync 1 DAGs
[2021-02-23 23:44:06,791] {logging_mixin.py:104} INFO - [2021-02-23 23:44:06,791] {dag.py:2273} INFO - Setting next_dagrun for latest_only_with_trigger to 2021-02-21 00:00:00+00:00
[2021-02-23 23:44:06,830] {scheduler_job.py:190} INFO - Processing /home/airflow/.local/lib/python3.6/site-packages/airflow/example_dags/example_latest_only_with_trigger.py took 0.077 seconds
[2021-02-23 23:44:36,966] {scheduler_job.py:182} INFO - Started process (PID=1008) to work on /home/airflow/.local/lib/python3.6/site-packages/airflow/example_dags/example_latest_only_with_trigger.py
[2021-02-23 23:44:36,967] {scheduler_job.py:629} INFO - Processing file /home/airflow/.local/lib/python3.6/site-packages/airflow/example_dags/example_latest_only_with_trigger.py for tasks to queue
[2021-02-23 23:44:36,968] {logging_mixin.py:104} INFO - [2021-02-23 23:44:36,968] {dagbag.py:448} INFO - Filling up the DagBag from /home/airflow/.local/lib/python3.6/site-packages/airflow/example_dags/example_latest_only_with_trigger.py
[2021-02-23 23:44:36,978] {scheduler_job.py:639} INFO - DAG(s) dict_keys(['latest_only_with_trigger']) retrieved from /home/airflow/.local/lib/python3.6/site-packages/airflow/example_dags/example_latest_only_with_trigger.py
[2021-02-23 23:44:37,000] {logging_mixin.py:104} INFO - [2021-02-23 23:44:37,000] {dag.py:1818} INFO - Sync 1 DAGs
[2021-02-23 23:44:37,014] {logging_mixin.py:104} INFO - [2021-02-23 23:44:37,014] {dag.py:2273} INFO - Setting next_dagrun for latest_only_with_trigger to 2021-02-21 00:00:00+00:00
[2021-02-23 23:44:37,048] {scheduler_job.py:190} INFO - Processing /home/airflow/.local/lib/python3.6/site-packages/airflow/example_dags/example_latest_only_with_trigger.py took 0.084 seconds
[2021-02-23 23:45:07,792] {scheduler_job.py:182} INFO - Started process (PID=1036) to work on /home/airflow/.local/lib/python3.6/site-packages/airflow/example_dags/example_latest_only_with_trigger.py
[2021-02-23 23:45:07,793] {scheduler_job.py:629} INFO - Processing file /home/airflow/.local/lib/python3.6/site-packages/airflow/example_dags/example_latest_only_with_trigger.py for tasks to queue
[2021-02-23 23:45:07,794] {logging_mixin.py:104} INFO - [2021-02-23 23:45:07,794] {dagbag.py:448} INFO - Filling up the DagBag from /home/airflow/.local/lib/python3.6/site-packages/airflow/example_dags/example_latest_only_with_trigger.py
[2021-02-23 23:45:07,811] {scheduler_job.py:639} INFO - DAG(s) dict_keys(['latest_only_with_trigger']) retrieved from /home/airflow/.local/lib/python3.6/site-packages/airflow/example_dags/example_latest_only_with_trigger.py
[2021-02-23 23:45:07,843] {logging_mixin.py:104} INFO - [2021-02-23 23:45:07,843] {dag.py:1818} INFO - Sync 1 DAGs
[2021-02-23 23:45:07,858] {logging_mixin.py:104} INFO - [2021-02-23 23:45:07,858] {dag.py:2273} INFO - Setting next_dagrun for latest_only_with_trigger to 2021-02-21 00:00:00+00:00
[2021-02-23 23:45:07,898] {scheduler_job.py:190} INFO - Processing /home/airflow/.local/lib/python3.6/site-packages/airflow/example_dags/example_latest_only_with_trigger.py took 0.109 seconds
[2021-02-23 23:45:38,654] {scheduler_job.py:182} INFO - Started process (PID=1063) to work on /home/airflow/.local/lib/python3.6/site-packages/airflow/example_dags/example_latest_only_with_trigger.py
[2021-02-23 23:45:38,655] {scheduler_job.py:629} INFO - Processing file /home/airflow/.local/lib/python3.6/site-packages/airflow/example_dags/example_latest_only_with_trigger.py for tasks to queue
[2021-02-23 23:45:38,656] {logging_mixin.py:104} INFO - [2021-02-23 23:45:38,656] {dagbag.py:448} INFO - Filling up the DagBag from /home/airflow/.local/lib/python3.6/site-packages/airflow/example_dags/example_latest_only_with_trigger.py
[2021-02-23 23:45:38,667] {scheduler_job.py:639} INFO - DAG(s) dict_keys(['latest_only_with_trigger']) retrieved from /home/airflow/.local/lib/python3.6/site-packages/airflow/example_dags/example_latest_only_with_trigger.py
[2021-02-23 23:45:38,685] {logging_mixin.py:104} INFO - [2021-02-23 23:45:38,685] {dag.py:1818} INFO - Sync 1 DAGs
[2021-02-23 23:45:38,697] {logging_mixin.py:104} INFO - [2021-02-23 23:45:38,697] {dag.py:2273} INFO - Setting next_dagrun for latest_only_with_trigger to 2021-02-21 00:00:00+00:00
[2021-02-23 23:45:38,738] {scheduler_job.py:190} INFO - Processing /home/airflow/.local/lib/python3.6/site-packages/airflow/example_dags/example_latest_only_with_trigger.py took 0.088 seconds
[2021-02-23 23:46:09,270] {scheduler_job.py:182} INFO - Started process (PID=1090) to work on /home/airflow/.local/lib/python3.6/site-packages/airflow/example_dags/example_latest_only_with_trigger.py
[2021-02-23 23:46:09,271] {scheduler_job.py:629} INFO - Processing file /home/airflow/.local/lib/python3.6/site-packages/airflow/example_dags/example_latest_only_with_trigger.py for tasks to queue
[2021-02-23 23:46:09,273] {logging_mixin.py:104} INFO - [2021-02-23 23:46:09,272] {dagbag.py:448} INFO - Filling up the DagBag from /home/airflow/.local/lib/python3.6/site-packages/airflow/example_dags/example_latest_only_with_trigger.py
[2021-02-23 23:46:09,286] {scheduler_job.py:639} INFO - DAG(s) dict_keys(['latest_only_with_trigger']) retrieved from /home/airflow/.local/lib/python3.6/site-packages/airflow/example_dags/example_latest_only_with_trigger.py
[2021-02-23 23:46:09,304] {logging_mixin.py:104} INFO - [2021-02-23 23:46:09,303] {dag.py:1818} INFO - Sync 1 DAGs
[2021-02-23 23:46:09,316] {logging_mixin.py:104} INFO - [2021-02-23 23:46:09,316] {dag.py:2273} INFO - Setting next_dagrun for latest_only_with_trigger to 2021-02-21 00:00:00+00:00
[2021-02-23 23:46:09,450] {scheduler_job.py:190} INFO - Processing /home/airflow/.local/lib/python3.6/site-packages/airflow/example_dags/example_latest_only_with_trigger.py took 0.189 seconds
[2021-02-23 23:46:40,433] {scheduler_job.py:182} INFO - Started process (PID=1117) to work on /home/airflow/.local/lib/python3.6/site-packages/airflow/example_dags/example_latest_only_with_trigger.py
[2021-02-23 23:46:40,435] {scheduler_job.py:629} INFO - Processing file /home/airflow/.local/lib/python3.6/site-packages/airflow/example_dags/example_latest_only_with_trigger.py for tasks to queue
[2021-02-23 23:46:40,436] {logging_mixin.py:104} INFO - [2021-02-23 23:46:40,436] {dagbag.py:448} INFO - Filling up the DagBag from /home/airflow/.local/lib/python3.6/site-packages/airflow/example_dags/example_latest_only_with_trigger.py
[2021-02-23 23:46:40,451] {scheduler_job.py:639} INFO - DAG(s) dict_keys(['latest_only_with_trigger']) retrieved from /home/airflow/.local/lib/python3.6/site-packages/airflow/example_dags/example_latest_only_with_trigger.py
[2021-02-23 23:46:40,476] {logging_mixin.py:104} INFO - [2021-02-23 23:46:40,476] {dag.py:1818} INFO - Sync 1 DAGs
[2021-02-23 23:46:40,496] {logging_mixin.py:104} INFO - [2021-02-23 23:46:40,496] {dag.py:2273} INFO - Setting next_dagrun for latest_only_with_trigger to 2021-02-21 00:00:00+00:00
[2021-02-23 23:46:40,544] {scheduler_job.py:190} INFO - Processing /home/airflow/.local/lib/python3.6/site-packages/airflow/example_dags/example_latest_only_with_trigger.py took 0.116 seconds
[2021-02-23 23:47:11,237] {scheduler_job.py:182} INFO - Started process (PID=1144) to work on /home/airflow/.local/lib/python3.6/site-packages/airflow/example_dags/example_latest_only_with_trigger.py
[2021-02-23 23:47:11,240] {scheduler_job.py:629} INFO - Processing file /home/airflow/.local/lib/python3.6/site-packages/airflow/example_dags/example_latest_only_with_trigger.py for tasks to queue
[2021-02-23 23:47:11,242] {logging_mixin.py:104} INFO - [2021-02-23 23:47:11,241] {dagbag.py:448} INFO - Filling up the DagBag from /home/airflow/.local/lib/python3.6/site-packages/airflow/example_dags/example_latest_only_with_trigger.py
[2021-02-23 23:47:11,257] {scheduler_job.py:639} INFO - DAG(s) dict_keys(['latest_only_with_trigger']) retrieved from /home/airflow/.local/lib/python3.6/site-packages/airflow/example_dags/example_latest_only_with_trigger.py
[2021-02-23 23:47:11,275] {logging_mixin.py:104} INFO - [2021-02-23 23:47:11,275] {dag.py:1818} INFO - Sync 1 DAGs
[2021-02-23 23:47:11,289] {logging_mixin.py:104} INFO - [2021-02-23 23:47:11,288] {dag.py:2273} INFO - Setting next_dagrun for latest_only_with_trigger to 2021-02-21 00:00:00+00:00
[2021-02-23 23:47:11,339] {scheduler_job.py:190} INFO - Processing /home/airflow/.local/lib/python3.6/site-packages/airflow/example_dags/example_latest_only_with_trigger.py took 0.112 seconds
[2021-02-23 23:47:42,225] {scheduler_job.py:182} INFO - Started process (PID=1171) to work on /home/airflow/.local/lib/python3.6/site-packages/airflow/example_dags/example_latest_only_with_trigger.py
[2021-02-23 23:47:42,226] {scheduler_job.py:629} INFO - Processing file /home/airflow/.local/lib/python3.6/site-packages/airflow/example_dags/example_latest_only_with_trigger.py for tasks to queue
[2021-02-23 23:47:42,227] {logging_mixin.py:104} INFO - [2021-02-23 23:47:42,227] {dagbag.py:448} INFO - Filling up the DagBag from /home/airflow/.local/lib/python3.6/site-packages/airflow/example_dags/example_latest_only_with_trigger.py
[2021-02-23 23:47:42,236] {scheduler_job.py:639} INFO - DAG(s) dict_keys(['latest_only_with_trigger']) retrieved from /home/airflow/.local/lib/python3.6/site-packages/airflow/example_dags/example_latest_only_with_trigger.py
[2021-02-23 23:47:42,253] {logging_mixin.py:104} INFO - [2021-02-23 23:47:42,253] {dag.py:1818} INFO - Sync 1 DAGs
[2021-02-23 23:47:42,266] {logging_mixin.py:104} INFO - [2021-02-23 23:47:42,265] {dag.py:2273} INFO - Setting next_dagrun for latest_only_with_trigger to 2021-02-21 00:00:00+00:00
[2021-02-23 23:47:42,437] {scheduler_job.py:190} INFO - Processing /home/airflow/.local/lib/python3.6/site-packages/airflow/example_dags/example_latest_only_with_trigger.py took 0.215 seconds
[2021-02-23 23:48:13,359] {scheduler_job.py:182} INFO - Started process (PID=1198) to work on /home/airflow/.local/lib/python3.6/site-packages/airflow/example_dags/example_latest_only_with_trigger.py
[2021-02-23 23:48:13,361] {scheduler_job.py:629} INFO - Processing file /home/airflow/.local/lib/python3.6/site-packages/airflow/example_dags/example_latest_only_with_trigger.py for tasks to queue
[2021-02-23 23:48:13,363] {logging_mixin.py:104} INFO - [2021-02-23 23:48:13,363] {dagbag.py:448} INFO - Filling up the DagBag from /home/airflow/.local/lib/python3.6/site-packages/airflow/example_dags/example_latest_only_with_trigger.py
[2021-02-23 23:48:13,377] {scheduler_job.py:639} INFO - DAG(s) dict_keys(['latest_only_with_trigger']) retrieved from /home/airflow/.local/lib/python3.6/site-packages/airflow/example_dags/example_latest_only_with_trigger.py
[2021-02-23 23:48:13,394] {logging_mixin.py:104} INFO - [2021-02-23 23:48:13,394] {dag.py:1818} INFO - Sync 1 DAGs
[2021-02-23 23:48:13,407] {logging_mixin.py:104} INFO - [2021-02-23 23:48:13,407] {dag.py:2273} INFO - Setting next_dagrun for latest_only_with_trigger to 2021-02-21 00:00:00+00:00
[2021-02-23 23:48:13,606] {scheduler_job.py:190} INFO - Processing /home/airflow/.local/lib/python3.6/site-packages/airflow/example_dags/example_latest_only_with_trigger.py took 0.254 seconds
[2021-02-23 23:48:44,748] {scheduler_job.py:182} INFO - Started process (PID=1227) to work on /home/airflow/.local/lib/python3.6/site-packages/airflow/example_dags/example_latest_only_with_trigger.py
[2021-02-23 23:48:44,749] {scheduler_job.py:629} INFO - Processing file /home/airflow/.local/lib/python3.6/site-packages/airflow/example_dags/example_latest_only_with_trigger.py for tasks to queue
[2021-02-23 23:48:44,749] {logging_mixin.py:104} INFO - [2021-02-23 23:48:44,749] {dagbag.py:448} INFO - Filling up the DagBag from /home/airflow/.local/lib/python3.6/site-packages/airflow/example_dags/example_latest_only_with_trigger.py
[2021-02-23 23:48:44,761] {scheduler_job.py:639} INFO - DAG(s) dict_keys(['latest_only_with_trigger']) retrieved from /home/airflow/.local/lib/python3.6/site-packages/airflow/example_dags/example_latest_only_with_trigger.py
[2021-02-23 23:48:44,780] {logging_mixin.py:104} INFO - [2021-02-23 23:48:44,780] {dag.py:1818} INFO - Sync 1 DAGs
[2021-02-23 23:48:44,793] {logging_mixin.py:104} INFO - [2021-02-23 23:48:44,793] {dag.py:2273} INFO - Setting next_dagrun for latest_only_with_trigger to 2021-02-21 00:00:00+00:00
[2021-02-23 23:48:44,838] {scheduler_job.py:190} INFO - Processing /home/airflow/.local/lib/python3.6/site-packages/airflow/example_dags/example_latest_only_with_trigger.py took 0.093 seconds
[2021-02-23 23:49:15,711] {scheduler_job.py:182} INFO - Started process (PID=1254) to work on /home/airflow/.local/lib/python3.6/site-packages/airflow/example_dags/example_latest_only_with_trigger.py
[2021-02-23 23:49:15,712] {scheduler_job.py:629} INFO - Processing file /home/airflow/.local/lib/python3.6/site-packages/airflow/example_dags/example_latest_only_with_trigger.py for tasks to queue
[2021-02-23 23:49:15,713] {logging_mixin.py:104} INFO - [2021-02-23 23:49:15,713] {dagbag.py:448} INFO - Filling up the DagBag from /home/airflow/.local/lib/python3.6/site-packages/airflow/example_dags/example_latest_only_with_trigger.py
[2021-02-23 23:49:15,721] {scheduler_job.py:639} INFO - DAG(s) dict_keys(['latest_only_with_trigger']) retrieved from /home/airflow/.local/lib/python3.6/site-packages/airflow/example_dags/example_latest_only_with_trigger.py
[2021-02-23 23:49:15,734] {logging_mixin.py:104} INFO - [2021-02-23 23:49:15,734] {dag.py:1818} INFO - Sync 1 DAGs
[2021-02-23 23:49:15,745] {logging_mixin.py:104} INFO - [2021-02-23 23:49:15,745] {dag.py:2273} INFO - Setting next_dagrun for latest_only_with_trigger to 2021-02-21 00:00:00+00:00
[2021-02-23 23:49:15,782] {scheduler_job.py:190} INFO - Processing /home/airflow/.local/lib/python3.6/site-packages/airflow/example_dags/example_latest_only_with_trigger.py took 0.073 seconds
