[2021-02-23 23:15:25,889] {scheduler_job.py:182} INFO - Started process (PID=27) to work on /home/airflow/.local/lib/python3.6/site-packages/airflow/example_dags/example_short_circuit_operator.py
[2021-02-23 23:15:25,889] {scheduler_job.py:629} INFO - Processing file /home/airflow/.local/lib/python3.6/site-packages/airflow/example_dags/example_short_circuit_operator.py for tasks to queue
[2021-02-23 23:15:25,890] {logging_mixin.py:104} INFO - [2021-02-23 23:15:25,890] {dagbag.py:448} INFO - Filling up the DagBag from /home/airflow/.local/lib/python3.6/site-packages/airflow/example_dags/example_short_circuit_operator.py
[2021-02-23 23:15:25,973] {scheduler_job.py:639} INFO - DAG(s) dict_keys(['example_short_circuit_operator']) retrieved from /home/airflow/.local/lib/python3.6/site-packages/airflow/example_dags/example_short_circuit_operator.py
[2021-02-23 23:15:25,998] {logging_mixin.py:104} INFO - [2021-02-23 23:15:25,998] {dag.py:1818} INFO - Sync 1 DAGs
[2021-02-23 23:15:26,010] {logging_mixin.py:104} INFO - [2021-02-23 23:15:26,010] {dag.py:1837} INFO - Creating ORM DAG for example_short_circuit_operator
[2021-02-23 23:15:26,016] {logging_mixin.py:104} INFO - [2021-02-23 23:15:26,016] {dag.py:2273} INFO - Setting next_dagrun for example_short_circuit_operator to 2021-02-21 00:00:00+00:00
[2021-02-23 23:15:26,055] {scheduler_job.py:190} INFO - Processing /home/airflow/.local/lib/python3.6/site-packages/airflow/example_dags/example_short_circuit_operator.py took 0.169 seconds
[2021-02-23 23:15:56,365] {scheduler_job.py:182} INFO - Started process (PID=54) to work on /home/airflow/.local/lib/python3.6/site-packages/airflow/example_dags/example_short_circuit_operator.py
[2021-02-23 23:15:56,370] {scheduler_job.py:629} INFO - Processing file /home/airflow/.local/lib/python3.6/site-packages/airflow/example_dags/example_short_circuit_operator.py for tasks to queue
[2021-02-23 23:15:56,370] {logging_mixin.py:104} INFO - [2021-02-23 23:15:56,370] {dagbag.py:448} INFO - Filling up the DagBag from /home/airflow/.local/lib/python3.6/site-packages/airflow/example_dags/example_short_circuit_operator.py
[2021-02-23 23:15:56,386] {scheduler_job.py:639} INFO - DAG(s) dict_keys(['example_short_circuit_operator']) retrieved from /home/airflow/.local/lib/python3.6/site-packages/airflow/example_dags/example_short_circuit_operator.py
[2021-02-23 23:15:56,405] {logging_mixin.py:104} INFO - [2021-02-23 23:15:56,404] {dag.py:1818} INFO - Sync 1 DAGs
[2021-02-23 23:15:56,420] {logging_mixin.py:104} INFO - [2021-02-23 23:15:56,420] {dag.py:2273} INFO - Setting next_dagrun for example_short_circuit_operator to 2021-02-21 00:00:00+00:00
[2021-02-23 23:15:56,605] {scheduler_job.py:190} INFO - Processing /home/airflow/.local/lib/python3.6/site-packages/airflow/example_dags/example_short_circuit_operator.py took 0.245 seconds
[2021-02-23 23:16:26,849] {scheduler_job.py:182} INFO - Started process (PID=81) to work on /home/airflow/.local/lib/python3.6/site-packages/airflow/example_dags/example_short_circuit_operator.py
[2021-02-23 23:16:26,850] {scheduler_job.py:629} INFO - Processing file /home/airflow/.local/lib/python3.6/site-packages/airflow/example_dags/example_short_circuit_operator.py for tasks to queue
[2021-02-23 23:16:26,851] {logging_mixin.py:104} INFO - [2021-02-23 23:16:26,851] {dagbag.py:448} INFO - Filling up the DagBag from /home/airflow/.local/lib/python3.6/site-packages/airflow/example_dags/example_short_circuit_operator.py
[2021-02-23 23:16:26,865] {scheduler_job.py:639} INFO - DAG(s) dict_keys(['example_short_circuit_operator']) retrieved from /home/airflow/.local/lib/python3.6/site-packages/airflow/example_dags/example_short_circuit_operator.py
[2021-02-23 23:16:26,886] {logging_mixin.py:104} INFO - [2021-02-23 23:16:26,885] {dag.py:1818} INFO - Sync 1 DAGs
[2021-02-23 23:16:26,901] {logging_mixin.py:104} INFO - [2021-02-23 23:16:26,901] {dag.py:2273} INFO - Setting next_dagrun for example_short_circuit_operator to 2021-02-21 00:00:00+00:00
[2021-02-23 23:16:26,981] {scheduler_job.py:190} INFO - Processing /home/airflow/.local/lib/python3.6/site-packages/airflow/example_dags/example_short_circuit_operator.py took 0.136 seconds
[2021-02-23 23:16:57,675] {scheduler_job.py:182} INFO - Started process (PID=108) to work on /home/airflow/.local/lib/python3.6/site-packages/airflow/example_dags/example_short_circuit_operator.py
[2021-02-23 23:16:57,676] {scheduler_job.py:629} INFO - Processing file /home/airflow/.local/lib/python3.6/site-packages/airflow/example_dags/example_short_circuit_operator.py for tasks to queue
[2021-02-23 23:16:57,676] {logging_mixin.py:104} INFO - [2021-02-23 23:16:57,676] {dagbag.py:448} INFO - Filling up the DagBag from /home/airflow/.local/lib/python3.6/site-packages/airflow/example_dags/example_short_circuit_operator.py
[2021-02-23 23:16:57,689] {scheduler_job.py:639} INFO - DAG(s) dict_keys(['example_short_circuit_operator']) retrieved from /home/airflow/.local/lib/python3.6/site-packages/airflow/example_dags/example_short_circuit_operator.py
[2021-02-23 23:16:57,707] {logging_mixin.py:104} INFO - [2021-02-23 23:16:57,707] {dag.py:1818} INFO - Sync 1 DAGs
[2021-02-23 23:16:57,720] {logging_mixin.py:104} INFO - [2021-02-23 23:16:57,720] {dag.py:2273} INFO - Setting next_dagrun for example_short_circuit_operator to 2021-02-21 00:00:00+00:00
[2021-02-23 23:16:57,758] {scheduler_job.py:190} INFO - Processing /home/airflow/.local/lib/python3.6/site-packages/airflow/example_dags/example_short_circuit_operator.py took 0.087 seconds
[2021-02-23 23:26:14,589] {scheduler_job.py:182} INFO - Started process (PID=36) to work on /home/airflow/.local/lib/python3.6/site-packages/airflow/example_dags/example_short_circuit_operator.py
[2021-02-23 23:26:14,590] {scheduler_job.py:629} INFO - Processing file /home/airflow/.local/lib/python3.6/site-packages/airflow/example_dags/example_short_circuit_operator.py for tasks to queue
[2021-02-23 23:26:14,591] {logging_mixin.py:104} INFO - [2021-02-23 23:26:14,591] {dagbag.py:448} INFO - Filling up the DagBag from /home/airflow/.local/lib/python3.6/site-packages/airflow/example_dags/example_short_circuit_operator.py
[2021-02-23 23:26:14,617] {scheduler_job.py:639} INFO - DAG(s) dict_keys(['example_short_circuit_operator']) retrieved from /home/airflow/.local/lib/python3.6/site-packages/airflow/example_dags/example_short_circuit_operator.py
[2021-02-23 23:26:14,660] {logging_mixin.py:104} INFO - [2021-02-23 23:26:14,660] {dag.py:1818} INFO - Sync 1 DAGs
[2021-02-23 23:26:14,686] {logging_mixin.py:104} INFO - [2021-02-23 23:26:14,686] {dag.py:2273} INFO - Setting next_dagrun for example_short_circuit_operator to 2021-02-21 00:00:00+00:00
[2021-02-23 23:26:14,721] {scheduler_job.py:190} INFO - Processing /home/airflow/.local/lib/python3.6/site-packages/airflow/example_dags/example_short_circuit_operator.py took 0.137 seconds
[2021-02-23 23:26:45,143] {scheduler_job.py:182} INFO - Started process (PID=58) to work on /home/airflow/.local/lib/python3.6/site-packages/airflow/example_dags/example_short_circuit_operator.py
[2021-02-23 23:26:45,145] {scheduler_job.py:629} INFO - Processing file /home/airflow/.local/lib/python3.6/site-packages/airflow/example_dags/example_short_circuit_operator.py for tasks to queue
[2021-02-23 23:26:45,147] {logging_mixin.py:104} INFO - [2021-02-23 23:26:45,147] {dagbag.py:448} INFO - Filling up the DagBag from /home/airflow/.local/lib/python3.6/site-packages/airflow/example_dags/example_short_circuit_operator.py
[2021-02-23 23:26:45,173] {scheduler_job.py:639} INFO - DAG(s) dict_keys(['example_short_circuit_operator']) retrieved from /home/airflow/.local/lib/python3.6/site-packages/airflow/example_dags/example_short_circuit_operator.py
[2021-02-23 23:26:45,192] {logging_mixin.py:104} INFO - [2021-02-23 23:26:45,192] {dag.py:1818} INFO - Sync 1 DAGs
[2021-02-23 23:26:45,203] {logging_mixin.py:104} INFO - [2021-02-23 23:26:45,203] {dag.py:2273} INFO - Setting next_dagrun for example_short_circuit_operator to 2021-02-21 00:00:00+00:00
[2021-02-23 23:26:45,369] {scheduler_job.py:190} INFO - Processing /home/airflow/.local/lib/python3.6/site-packages/airflow/example_dags/example_short_circuit_operator.py took 0.233 seconds
[2021-02-23 23:27:15,488] {scheduler_job.py:182} INFO - Started process (PID=85) to work on /home/airflow/.local/lib/python3.6/site-packages/airflow/example_dags/example_short_circuit_operator.py
[2021-02-23 23:27:15,491] {scheduler_job.py:629} INFO - Processing file /home/airflow/.local/lib/python3.6/site-packages/airflow/example_dags/example_short_circuit_operator.py for tasks to queue
[2021-02-23 23:27:15,492] {logging_mixin.py:104} INFO - [2021-02-23 23:27:15,492] {dagbag.py:448} INFO - Filling up the DagBag from /home/airflow/.local/lib/python3.6/site-packages/airflow/example_dags/example_short_circuit_operator.py
[2021-02-23 23:27:15,513] {scheduler_job.py:639} INFO - DAG(s) dict_keys(['example_short_circuit_operator']) retrieved from /home/airflow/.local/lib/python3.6/site-packages/airflow/example_dags/example_short_circuit_operator.py
[2021-02-23 23:27:15,533] {logging_mixin.py:104} INFO - [2021-02-23 23:27:15,533] {dag.py:1818} INFO - Sync 1 DAGs
[2021-02-23 23:27:15,547] {logging_mixin.py:104} INFO - [2021-02-23 23:27:15,547] {dag.py:2273} INFO - Setting next_dagrun for example_short_circuit_operator to 2021-02-21 00:00:00+00:00
[2021-02-23 23:27:15,607] {scheduler_job.py:190} INFO - Processing /home/airflow/.local/lib/python3.6/site-packages/airflow/example_dags/example_short_circuit_operator.py took 0.126 seconds
[2021-02-23 23:27:45,836] {scheduler_job.py:182} INFO - Started process (PID=112) to work on /home/airflow/.local/lib/python3.6/site-packages/airflow/example_dags/example_short_circuit_operator.py
[2021-02-23 23:27:45,838] {scheduler_job.py:629} INFO - Processing file /home/airflow/.local/lib/python3.6/site-packages/airflow/example_dags/example_short_circuit_operator.py for tasks to queue
[2021-02-23 23:27:45,840] {logging_mixin.py:104} INFO - [2021-02-23 23:27:45,839] {dagbag.py:448} INFO - Filling up the DagBag from /home/airflow/.local/lib/python3.6/site-packages/airflow/example_dags/example_short_circuit_operator.py
[2021-02-23 23:27:45,855] {scheduler_job.py:639} INFO - DAG(s) dict_keys(['example_short_circuit_operator']) retrieved from /home/airflow/.local/lib/python3.6/site-packages/airflow/example_dags/example_short_circuit_operator.py
[2021-02-23 23:27:45,876] {logging_mixin.py:104} INFO - [2021-02-23 23:27:45,876] {dag.py:1818} INFO - Sync 1 DAGs
[2021-02-23 23:27:45,894] {logging_mixin.py:104} INFO - [2021-02-23 23:27:45,893] {dag.py:2273} INFO - Setting next_dagrun for example_short_circuit_operator to 2021-02-21 00:00:00+00:00
[2021-02-23 23:27:45,975] {scheduler_job.py:190} INFO - Processing /home/airflow/.local/lib/python3.6/site-packages/airflow/example_dags/example_short_circuit_operator.py took 0.142 seconds
[2021-02-23 23:28:16,444] {scheduler_job.py:182} INFO - Started process (PID=139) to work on /home/airflow/.local/lib/python3.6/site-packages/airflow/example_dags/example_short_circuit_operator.py
[2021-02-23 23:28:16,445] {scheduler_job.py:629} INFO - Processing file /home/airflow/.local/lib/python3.6/site-packages/airflow/example_dags/example_short_circuit_operator.py for tasks to queue
[2021-02-23 23:28:16,446] {logging_mixin.py:104} INFO - [2021-02-23 23:28:16,445] {dagbag.py:448} INFO - Filling up the DagBag from /home/airflow/.local/lib/python3.6/site-packages/airflow/example_dags/example_short_circuit_operator.py
[2021-02-23 23:28:16,458] {scheduler_job.py:639} INFO - DAG(s) dict_keys(['example_short_circuit_operator']) retrieved from /home/airflow/.local/lib/python3.6/site-packages/airflow/example_dags/example_short_circuit_operator.py
[2021-02-23 23:28:16,478] {logging_mixin.py:104} INFO - [2021-02-23 23:28:16,478] {dag.py:1818} INFO - Sync 1 DAGs
[2021-02-23 23:28:16,498] {logging_mixin.py:104} INFO - [2021-02-23 23:28:16,497] {dag.py:2273} INFO - Setting next_dagrun for example_short_circuit_operator to 2021-02-21 00:00:00+00:00
[2021-02-23 23:28:16,550] {scheduler_job.py:190} INFO - Processing /home/airflow/.local/lib/python3.6/site-packages/airflow/example_dags/example_short_circuit_operator.py took 0.108 seconds
[2021-02-23 23:28:47,421] {scheduler_job.py:182} INFO - Started process (PID=166) to work on /home/airflow/.local/lib/python3.6/site-packages/airflow/example_dags/example_short_circuit_operator.py
[2021-02-23 23:28:47,424] {scheduler_job.py:629} INFO - Processing file /home/airflow/.local/lib/python3.6/site-packages/airflow/example_dags/example_short_circuit_operator.py for tasks to queue
[2021-02-23 23:28:47,425] {logging_mixin.py:104} INFO - [2021-02-23 23:28:47,425] {dagbag.py:448} INFO - Filling up the DagBag from /home/airflow/.local/lib/python3.6/site-packages/airflow/example_dags/example_short_circuit_operator.py
[2021-02-23 23:28:47,439] {scheduler_job.py:639} INFO - DAG(s) dict_keys(['example_short_circuit_operator']) retrieved from /home/airflow/.local/lib/python3.6/site-packages/airflow/example_dags/example_short_circuit_operator.py
[2021-02-23 23:28:47,462] {logging_mixin.py:104} INFO - [2021-02-23 23:28:47,462] {dag.py:1818} INFO - Sync 1 DAGs
[2021-02-23 23:28:47,477] {logging_mixin.py:104} INFO - [2021-02-23 23:28:47,477] {dag.py:2273} INFO - Setting next_dagrun for example_short_circuit_operator to 2021-02-21 00:00:00+00:00
[2021-02-23 23:28:47,525] {scheduler_job.py:190} INFO - Processing /home/airflow/.local/lib/python3.6/site-packages/airflow/example_dags/example_short_circuit_operator.py took 0.108 seconds
[2021-02-23 23:29:17,910] {scheduler_job.py:182} INFO - Started process (PID=193) to work on /home/airflow/.local/lib/python3.6/site-packages/airflow/example_dags/example_short_circuit_operator.py
[2021-02-23 23:29:17,912] {scheduler_job.py:629} INFO - Processing file /home/airflow/.local/lib/python3.6/site-packages/airflow/example_dags/example_short_circuit_operator.py for tasks to queue
[2021-02-23 23:29:17,913] {logging_mixin.py:104} INFO - [2021-02-23 23:29:17,913] {dagbag.py:448} INFO - Filling up the DagBag from /home/airflow/.local/lib/python3.6/site-packages/airflow/example_dags/example_short_circuit_operator.py
[2021-02-23 23:29:17,929] {scheduler_job.py:639} INFO - DAG(s) dict_keys(['example_short_circuit_operator']) retrieved from /home/airflow/.local/lib/python3.6/site-packages/airflow/example_dags/example_short_circuit_operator.py
[2021-02-23 23:29:17,952] {logging_mixin.py:104} INFO - [2021-02-23 23:29:17,951] {dag.py:1818} INFO - Sync 1 DAGs
[2021-02-23 23:29:17,965] {logging_mixin.py:104} INFO - [2021-02-23 23:29:17,965] {dag.py:2273} INFO - Setting next_dagrun for example_short_circuit_operator to 2021-02-21 00:00:00+00:00
[2021-02-23 23:29:18,041] {scheduler_job.py:190} INFO - Processing /home/airflow/.local/lib/python3.6/site-packages/airflow/example_dags/example_short_circuit_operator.py took 0.138 seconds
[2021-02-23 23:29:48,598] {scheduler_job.py:182} INFO - Started process (PID=220) to work on /home/airflow/.local/lib/python3.6/site-packages/airflow/example_dags/example_short_circuit_operator.py
[2021-02-23 23:29:48,599] {scheduler_job.py:629} INFO - Processing file /home/airflow/.local/lib/python3.6/site-packages/airflow/example_dags/example_short_circuit_operator.py for tasks to queue
[2021-02-23 23:29:48,600] {logging_mixin.py:104} INFO - [2021-02-23 23:29:48,600] {dagbag.py:448} INFO - Filling up the DagBag from /home/airflow/.local/lib/python3.6/site-packages/airflow/example_dags/example_short_circuit_operator.py
[2021-02-23 23:29:48,615] {scheduler_job.py:639} INFO - DAG(s) dict_keys(['example_short_circuit_operator']) retrieved from /home/airflow/.local/lib/python3.6/site-packages/airflow/example_dags/example_short_circuit_operator.py
[2021-02-23 23:29:48,634] {logging_mixin.py:104} INFO - [2021-02-23 23:29:48,634] {dag.py:1818} INFO - Sync 1 DAGs
[2021-02-23 23:29:48,648] {logging_mixin.py:104} INFO - [2021-02-23 23:29:48,648] {dag.py:2273} INFO - Setting next_dagrun for example_short_circuit_operator to 2021-02-21 00:00:00+00:00
[2021-02-23 23:29:48,755] {scheduler_job.py:190} INFO - Processing /home/airflow/.local/lib/python3.6/site-packages/airflow/example_dags/example_short_circuit_operator.py took 0.163 seconds
[2021-02-23 23:30:19,520] {scheduler_job.py:182} INFO - Started process (PID=247) to work on /home/airflow/.local/lib/python3.6/site-packages/airflow/example_dags/example_short_circuit_operator.py
[2021-02-23 23:30:19,521] {scheduler_job.py:629} INFO - Processing file /home/airflow/.local/lib/python3.6/site-packages/airflow/example_dags/example_short_circuit_operator.py for tasks to queue
[2021-02-23 23:30:19,522] {logging_mixin.py:104} INFO - [2021-02-23 23:30:19,522] {dagbag.py:448} INFO - Filling up the DagBag from /home/airflow/.local/lib/python3.6/site-packages/airflow/example_dags/example_short_circuit_operator.py
[2021-02-23 23:30:19,533] {scheduler_job.py:639} INFO - DAG(s) dict_keys(['example_short_circuit_operator']) retrieved from /home/airflow/.local/lib/python3.6/site-packages/airflow/example_dags/example_short_circuit_operator.py
[2021-02-23 23:30:19,549] {logging_mixin.py:104} INFO - [2021-02-23 23:30:19,549] {dag.py:1818} INFO - Sync 1 DAGs
[2021-02-23 23:30:19,562] {logging_mixin.py:104} INFO - [2021-02-23 23:30:19,562] {dag.py:2273} INFO - Setting next_dagrun for example_short_circuit_operator to 2021-02-21 00:00:00+00:00
[2021-02-23 23:30:19,603] {scheduler_job.py:190} INFO - Processing /home/airflow/.local/lib/python3.6/site-packages/airflow/example_dags/example_short_circuit_operator.py took 0.085 seconds
[2021-02-23 23:30:50,027] {scheduler_job.py:182} INFO - Started process (PID=274) to work on /home/airflow/.local/lib/python3.6/site-packages/airflow/example_dags/example_short_circuit_operator.py
[2021-02-23 23:30:50,029] {scheduler_job.py:629} INFO - Processing file /home/airflow/.local/lib/python3.6/site-packages/airflow/example_dags/example_short_circuit_operator.py for tasks to queue
[2021-02-23 23:30:50,030] {logging_mixin.py:104} INFO - [2021-02-23 23:30:50,030] {dagbag.py:448} INFO - Filling up the DagBag from /home/airflow/.local/lib/python3.6/site-packages/airflow/example_dags/example_short_circuit_operator.py
[2021-02-23 23:30:50,048] {scheduler_job.py:639} INFO - DAG(s) dict_keys(['example_short_circuit_operator']) retrieved from /home/airflow/.local/lib/python3.6/site-packages/airflow/example_dags/example_short_circuit_operator.py
[2021-02-23 23:30:50,068] {logging_mixin.py:104} INFO - [2021-02-23 23:30:50,068] {dag.py:1818} INFO - Sync 1 DAGs
[2021-02-23 23:30:50,084] {logging_mixin.py:104} INFO - [2021-02-23 23:30:50,084] {dag.py:2273} INFO - Setting next_dagrun for example_short_circuit_operator to 2021-02-21 00:00:00+00:00
[2021-02-23 23:30:50,129] {scheduler_job.py:190} INFO - Processing /home/airflow/.local/lib/python3.6/site-packages/airflow/example_dags/example_short_circuit_operator.py took 0.111 seconds
[2021-02-23 23:31:21,100] {scheduler_job.py:182} INFO - Started process (PID=302) to work on /home/airflow/.local/lib/python3.6/site-packages/airflow/example_dags/example_short_circuit_operator.py
[2021-02-23 23:31:21,101] {scheduler_job.py:629} INFO - Processing file /home/airflow/.local/lib/python3.6/site-packages/airflow/example_dags/example_short_circuit_operator.py for tasks to queue
[2021-02-23 23:31:21,102] {logging_mixin.py:104} INFO - [2021-02-23 23:31:21,102] {dagbag.py:448} INFO - Filling up the DagBag from /home/airflow/.local/lib/python3.6/site-packages/airflow/example_dags/example_short_circuit_operator.py
[2021-02-23 23:31:21,117] {scheduler_job.py:639} INFO - DAG(s) dict_keys(['example_short_circuit_operator']) retrieved from /home/airflow/.local/lib/python3.6/site-packages/airflow/example_dags/example_short_circuit_operator.py
[2021-02-23 23:31:21,142] {logging_mixin.py:104} INFO - [2021-02-23 23:31:21,142] {dag.py:1818} INFO - Sync 1 DAGs
[2021-02-23 23:31:21,159] {logging_mixin.py:104} INFO - [2021-02-23 23:31:21,159] {dag.py:2273} INFO - Setting next_dagrun for example_short_circuit_operator to 2021-02-21 00:00:00+00:00
[2021-02-23 23:31:21,265] {scheduler_job.py:190} INFO - Processing /home/airflow/.local/lib/python3.6/site-packages/airflow/example_dags/example_short_circuit_operator.py took 0.170 seconds
[2021-02-23 23:31:51,846] {scheduler_job.py:182} INFO - Started process (PID=330) to work on /home/airflow/.local/lib/python3.6/site-packages/airflow/example_dags/example_short_circuit_operator.py
[2021-02-23 23:31:51,847] {scheduler_job.py:629} INFO - Processing file /home/airflow/.local/lib/python3.6/site-packages/airflow/example_dags/example_short_circuit_operator.py for tasks to queue
[2021-02-23 23:31:51,848] {logging_mixin.py:104} INFO - [2021-02-23 23:31:51,848] {dagbag.py:448} INFO - Filling up the DagBag from /home/airflow/.local/lib/python3.6/site-packages/airflow/example_dags/example_short_circuit_operator.py
[2021-02-23 23:31:51,865] {scheduler_job.py:639} INFO - DAG(s) dict_keys(['example_short_circuit_operator']) retrieved from /home/airflow/.local/lib/python3.6/site-packages/airflow/example_dags/example_short_circuit_operator.py
[2021-02-23 23:31:51,885] {logging_mixin.py:104} INFO - [2021-02-23 23:31:51,885] {dag.py:1818} INFO - Sync 1 DAGs
[2021-02-23 23:31:51,901] {logging_mixin.py:104} INFO - [2021-02-23 23:31:51,901] {dag.py:2273} INFO - Setting next_dagrun for example_short_circuit_operator to 2021-02-21 00:00:00+00:00
[2021-02-23 23:31:52,166] {scheduler_job.py:190} INFO - Processing /home/airflow/.local/lib/python3.6/site-packages/airflow/example_dags/example_short_circuit_operator.py took 0.327 seconds
[2021-02-23 23:32:22,811] {scheduler_job.py:182} INFO - Started process (PID=357) to work on /home/airflow/.local/lib/python3.6/site-packages/airflow/example_dags/example_short_circuit_operator.py
[2021-02-23 23:32:22,813] {scheduler_job.py:629} INFO - Processing file /home/airflow/.local/lib/python3.6/site-packages/airflow/example_dags/example_short_circuit_operator.py for tasks to queue
[2021-02-23 23:32:22,814] {logging_mixin.py:104} INFO - [2021-02-23 23:32:22,814] {dagbag.py:448} INFO - Filling up the DagBag from /home/airflow/.local/lib/python3.6/site-packages/airflow/example_dags/example_short_circuit_operator.py
[2021-02-23 23:32:22,829] {scheduler_job.py:639} INFO - DAG(s) dict_keys(['example_short_circuit_operator']) retrieved from /home/airflow/.local/lib/python3.6/site-packages/airflow/example_dags/example_short_circuit_operator.py
[2021-02-23 23:32:22,846] {logging_mixin.py:104} INFO - [2021-02-23 23:32:22,846] {dag.py:1818} INFO - Sync 1 DAGs
[2021-02-23 23:32:22,861] {logging_mixin.py:104} INFO - [2021-02-23 23:32:22,861] {dag.py:2273} INFO - Setting next_dagrun for example_short_circuit_operator to 2021-02-21 00:00:00+00:00
[2021-02-23 23:32:22,940] {scheduler_job.py:190} INFO - Processing /home/airflow/.local/lib/python3.6/site-packages/airflow/example_dags/example_short_circuit_operator.py took 0.136 seconds
[2021-02-23 23:32:53,392] {scheduler_job.py:182} INFO - Started process (PID=384) to work on /home/airflow/.local/lib/python3.6/site-packages/airflow/example_dags/example_short_circuit_operator.py
[2021-02-23 23:32:53,393] {scheduler_job.py:629} INFO - Processing file /home/airflow/.local/lib/python3.6/site-packages/airflow/example_dags/example_short_circuit_operator.py for tasks to queue
[2021-02-23 23:32:53,394] {logging_mixin.py:104} INFO - [2021-02-23 23:32:53,394] {dagbag.py:448} INFO - Filling up the DagBag from /home/airflow/.local/lib/python3.6/site-packages/airflow/example_dags/example_short_circuit_operator.py
[2021-02-23 23:32:53,410] {scheduler_job.py:639} INFO - DAG(s) dict_keys(['example_short_circuit_operator']) retrieved from /home/airflow/.local/lib/python3.6/site-packages/airflow/example_dags/example_short_circuit_operator.py
[2021-02-23 23:32:53,437] {logging_mixin.py:104} INFO - [2021-02-23 23:32:53,437] {dag.py:1818} INFO - Sync 1 DAGs
[2021-02-23 23:32:53,458] {logging_mixin.py:104} INFO - [2021-02-23 23:32:53,458] {dag.py:2273} INFO - Setting next_dagrun for example_short_circuit_operator to 2021-02-21 00:00:00+00:00
[2021-02-23 23:32:53,707] {scheduler_job.py:190} INFO - Processing /home/airflow/.local/lib/python3.6/site-packages/airflow/example_dags/example_short_circuit_operator.py took 0.317 seconds
[2021-02-23 23:33:24,682] {scheduler_job.py:182} INFO - Started process (PID=411) to work on /home/airflow/.local/lib/python3.6/site-packages/airflow/example_dags/example_short_circuit_operator.py
[2021-02-23 23:33:24,684] {scheduler_job.py:629} INFO - Processing file /home/airflow/.local/lib/python3.6/site-packages/airflow/example_dags/example_short_circuit_operator.py for tasks to queue
[2021-02-23 23:33:24,685] {logging_mixin.py:104} INFO - [2021-02-23 23:33:24,684] {dagbag.py:448} INFO - Filling up the DagBag from /home/airflow/.local/lib/python3.6/site-packages/airflow/example_dags/example_short_circuit_operator.py
[2021-02-23 23:33:24,698] {scheduler_job.py:639} INFO - DAG(s) dict_keys(['example_short_circuit_operator']) retrieved from /home/airflow/.local/lib/python3.6/site-packages/airflow/example_dags/example_short_circuit_operator.py
[2021-02-23 23:33:24,723] {logging_mixin.py:104} INFO - [2021-02-23 23:33:24,723] {dag.py:1818} INFO - Sync 1 DAGs
[2021-02-23 23:33:24,741] {logging_mixin.py:104} INFO - [2021-02-23 23:33:24,740] {dag.py:2273} INFO - Setting next_dagrun for example_short_circuit_operator to 2021-02-21 00:00:00+00:00
[2021-02-23 23:33:24,793] {scheduler_job.py:190} INFO - Processing /home/airflow/.local/lib/python3.6/site-packages/airflow/example_dags/example_short_circuit_operator.py took 0.114 seconds
[2021-02-23 23:33:55,387] {scheduler_job.py:182} INFO - Started process (PID=438) to work on /home/airflow/.local/lib/python3.6/site-packages/airflow/example_dags/example_short_circuit_operator.py
[2021-02-23 23:33:55,389] {scheduler_job.py:629} INFO - Processing file /home/airflow/.local/lib/python3.6/site-packages/airflow/example_dags/example_short_circuit_operator.py for tasks to queue
[2021-02-23 23:33:55,389] {logging_mixin.py:104} INFO - [2021-02-23 23:33:55,389] {dagbag.py:448} INFO - Filling up the DagBag from /home/airflow/.local/lib/python3.6/site-packages/airflow/example_dags/example_short_circuit_operator.py
[2021-02-23 23:33:55,403] {scheduler_job.py:639} INFO - DAG(s) dict_keys(['example_short_circuit_operator']) retrieved from /home/airflow/.local/lib/python3.6/site-packages/airflow/example_dags/example_short_circuit_operator.py
[2021-02-23 23:33:55,422] {logging_mixin.py:104} INFO - [2021-02-23 23:33:55,422] {dag.py:1818} INFO - Sync 1 DAGs
[2021-02-23 23:33:55,436] {logging_mixin.py:104} INFO - [2021-02-23 23:33:55,436] {dag.py:2273} INFO - Setting next_dagrun for example_short_circuit_operator to 2021-02-21 00:00:00+00:00
[2021-02-23 23:33:55,507] {scheduler_job.py:190} INFO - Processing /home/airflow/.local/lib/python3.6/site-packages/airflow/example_dags/example_short_circuit_operator.py took 0.123 seconds
[2021-02-23 23:34:25,818] {scheduler_job.py:182} INFO - Started process (PID=465) to work on /home/airflow/.local/lib/python3.6/site-packages/airflow/example_dags/example_short_circuit_operator.py
[2021-02-23 23:34:25,819] {scheduler_job.py:629} INFO - Processing file /home/airflow/.local/lib/python3.6/site-packages/airflow/example_dags/example_short_circuit_operator.py for tasks to queue
[2021-02-23 23:34:25,819] {logging_mixin.py:104} INFO - [2021-02-23 23:34:25,819] {dagbag.py:448} INFO - Filling up the DagBag from /home/airflow/.local/lib/python3.6/site-packages/airflow/example_dags/example_short_circuit_operator.py
[2021-02-23 23:34:25,833] {scheduler_job.py:639} INFO - DAG(s) dict_keys(['example_short_circuit_operator']) retrieved from /home/airflow/.local/lib/python3.6/site-packages/airflow/example_dags/example_short_circuit_operator.py
[2021-02-23 23:34:25,852] {logging_mixin.py:104} INFO - [2021-02-23 23:34:25,852] {dag.py:1818} INFO - Sync 1 DAGs
[2021-02-23 23:34:25,866] {logging_mixin.py:104} INFO - [2021-02-23 23:34:25,866] {dag.py:2273} INFO - Setting next_dagrun for example_short_circuit_operator to 2021-02-21 00:00:00+00:00
[2021-02-23 23:34:25,928] {scheduler_job.py:190} INFO - Processing /home/airflow/.local/lib/python3.6/site-packages/airflow/example_dags/example_short_circuit_operator.py took 0.114 seconds
[2021-02-23 23:34:56,045] {scheduler_job.py:182} INFO - Started process (PID=493) to work on /home/airflow/.local/lib/python3.6/site-packages/airflow/example_dags/example_short_circuit_operator.py
[2021-02-23 23:34:56,046] {scheduler_job.py:629} INFO - Processing file /home/airflow/.local/lib/python3.6/site-packages/airflow/example_dags/example_short_circuit_operator.py for tasks to queue
[2021-02-23 23:34:56,047] {logging_mixin.py:104} INFO - [2021-02-23 23:34:56,047] {dagbag.py:448} INFO - Filling up the DagBag from /home/airflow/.local/lib/python3.6/site-packages/airflow/example_dags/example_short_circuit_operator.py
[2021-02-23 23:34:56,064] {scheduler_job.py:639} INFO - DAG(s) dict_keys(['example_short_circuit_operator']) retrieved from /home/airflow/.local/lib/python3.6/site-packages/airflow/example_dags/example_short_circuit_operator.py
[2021-02-23 23:34:56,080] {logging_mixin.py:104} INFO - [2021-02-23 23:34:56,080] {dag.py:1818} INFO - Sync 1 DAGs
[2021-02-23 23:34:56,092] {logging_mixin.py:104} INFO - [2021-02-23 23:34:56,092] {dag.py:2273} INFO - Setting next_dagrun for example_short_circuit_operator to 2021-02-21 00:00:00+00:00
[2021-02-23 23:34:56,124] {scheduler_job.py:190} INFO - Processing /home/airflow/.local/lib/python3.6/site-packages/airflow/example_dags/example_short_circuit_operator.py took 0.083 seconds
[2021-02-23 23:35:26,141] {scheduler_job.py:182} INFO - Started process (PID=520) to work on /home/airflow/.local/lib/python3.6/site-packages/airflow/example_dags/example_short_circuit_operator.py
[2021-02-23 23:35:26,142] {scheduler_job.py:629} INFO - Processing file /home/airflow/.local/lib/python3.6/site-packages/airflow/example_dags/example_short_circuit_operator.py for tasks to queue
[2021-02-23 23:35:26,143] {logging_mixin.py:104} INFO - [2021-02-23 23:35:26,143] {dagbag.py:448} INFO - Filling up the DagBag from /home/airflow/.local/lib/python3.6/site-packages/airflow/example_dags/example_short_circuit_operator.py
[2021-02-23 23:35:26,154] {scheduler_job.py:639} INFO - DAG(s) dict_keys(['example_short_circuit_operator']) retrieved from /home/airflow/.local/lib/python3.6/site-packages/airflow/example_dags/example_short_circuit_operator.py
[2021-02-23 23:35:26,170] {logging_mixin.py:104} INFO - [2021-02-23 23:35:26,170] {dag.py:1818} INFO - Sync 1 DAGs
[2021-02-23 23:35:26,183] {logging_mixin.py:104} INFO - [2021-02-23 23:35:26,183] {dag.py:2273} INFO - Setting next_dagrun for example_short_circuit_operator to 2021-02-21 00:00:00+00:00
[2021-02-23 23:35:26,246] {scheduler_job.py:190} INFO - Processing /home/airflow/.local/lib/python3.6/site-packages/airflow/example_dags/example_short_circuit_operator.py took 0.107 seconds
[2021-02-23 23:35:56,361] {scheduler_job.py:182} INFO - Started process (PID=547) to work on /home/airflow/.local/lib/python3.6/site-packages/airflow/example_dags/example_short_circuit_operator.py
[2021-02-23 23:35:56,363] {scheduler_job.py:629} INFO - Processing file /home/airflow/.local/lib/python3.6/site-packages/airflow/example_dags/example_short_circuit_operator.py for tasks to queue
[2021-02-23 23:35:56,363] {logging_mixin.py:104} INFO - [2021-02-23 23:35:56,363] {dagbag.py:448} INFO - Filling up the DagBag from /home/airflow/.local/lib/python3.6/site-packages/airflow/example_dags/example_short_circuit_operator.py
[2021-02-23 23:35:56,380] {scheduler_job.py:639} INFO - DAG(s) dict_keys(['example_short_circuit_operator']) retrieved from /home/airflow/.local/lib/python3.6/site-packages/airflow/example_dags/example_short_circuit_operator.py
[2021-02-23 23:35:56,405] {logging_mixin.py:104} INFO - [2021-02-23 23:35:56,405] {dag.py:1818} INFO - Sync 1 DAGs
[2021-02-23 23:35:56,422] {logging_mixin.py:104} INFO - [2021-02-23 23:35:56,422] {dag.py:2273} INFO - Setting next_dagrun for example_short_circuit_operator to 2021-02-21 00:00:00+00:00
[2021-02-23 23:35:56,584] {scheduler_job.py:190} INFO - Processing /home/airflow/.local/lib/python3.6/site-packages/airflow/example_dags/example_short_circuit_operator.py took 0.228 seconds
[2021-02-23 23:36:27,429] {scheduler_job.py:182} INFO - Started process (PID=574) to work on /home/airflow/.local/lib/python3.6/site-packages/airflow/example_dags/example_short_circuit_operator.py
[2021-02-23 23:36:27,433] {scheduler_job.py:629} INFO - Processing file /home/airflow/.local/lib/python3.6/site-packages/airflow/example_dags/example_short_circuit_operator.py for tasks to queue
[2021-02-23 23:36:27,436] {logging_mixin.py:104} INFO - [2021-02-23 23:36:27,436] {dagbag.py:448} INFO - Filling up the DagBag from /home/airflow/.local/lib/python3.6/site-packages/airflow/example_dags/example_short_circuit_operator.py
[2021-02-23 23:36:27,459] {scheduler_job.py:639} INFO - DAG(s) dict_keys(['example_short_circuit_operator']) retrieved from /home/airflow/.local/lib/python3.6/site-packages/airflow/example_dags/example_short_circuit_operator.py
[2021-02-23 23:36:27,481] {logging_mixin.py:104} INFO - [2021-02-23 23:36:27,481] {dag.py:1818} INFO - Sync 1 DAGs
[2021-02-23 23:36:27,496] {logging_mixin.py:104} INFO - [2021-02-23 23:36:27,496] {dag.py:2273} INFO - Setting next_dagrun for example_short_circuit_operator to 2021-02-21 00:00:00+00:00
[2021-02-23 23:36:27,568] {scheduler_job.py:190} INFO - Processing /home/airflow/.local/lib/python3.6/site-packages/airflow/example_dags/example_short_circuit_operator.py took 0.148 seconds
[2021-02-23 23:36:58,186] {scheduler_job.py:182} INFO - Started process (PID=601) to work on /home/airflow/.local/lib/python3.6/site-packages/airflow/example_dags/example_short_circuit_operator.py
[2021-02-23 23:36:58,188] {scheduler_job.py:629} INFO - Processing file /home/airflow/.local/lib/python3.6/site-packages/airflow/example_dags/example_short_circuit_operator.py for tasks to queue
[2021-02-23 23:36:58,189] {logging_mixin.py:104} INFO - [2021-02-23 23:36:58,189] {dagbag.py:448} INFO - Filling up the DagBag from /home/airflow/.local/lib/python3.6/site-packages/airflow/example_dags/example_short_circuit_operator.py
[2021-02-23 23:36:58,205] {scheduler_job.py:639} INFO - DAG(s) dict_keys(['example_short_circuit_operator']) retrieved from /home/airflow/.local/lib/python3.6/site-packages/airflow/example_dags/example_short_circuit_operator.py
[2021-02-23 23:36:58,231] {logging_mixin.py:104} INFO - [2021-02-23 23:36:58,231] {dag.py:1818} INFO - Sync 1 DAGs
[2021-02-23 23:36:58,250] {logging_mixin.py:104} INFO - [2021-02-23 23:36:58,250] {dag.py:2273} INFO - Setting next_dagrun for example_short_circuit_operator to 2021-02-21 00:00:00+00:00
[2021-02-23 23:36:58,361] {scheduler_job.py:190} INFO - Processing /home/airflow/.local/lib/python3.6/site-packages/airflow/example_dags/example_short_circuit_operator.py took 0.181 seconds
[2021-02-23 23:37:28,901] {scheduler_job.py:182} INFO - Started process (PID=628) to work on /home/airflow/.local/lib/python3.6/site-packages/airflow/example_dags/example_short_circuit_operator.py
[2021-02-23 23:37:28,902] {scheduler_job.py:629} INFO - Processing file /home/airflow/.local/lib/python3.6/site-packages/airflow/example_dags/example_short_circuit_operator.py for tasks to queue
[2021-02-23 23:37:28,902] {logging_mixin.py:104} INFO - [2021-02-23 23:37:28,902] {dagbag.py:448} INFO - Filling up the DagBag from /home/airflow/.local/lib/python3.6/site-packages/airflow/example_dags/example_short_circuit_operator.py
[2021-02-23 23:37:28,916] {scheduler_job.py:639} INFO - DAG(s) dict_keys(['example_short_circuit_operator']) retrieved from /home/airflow/.local/lib/python3.6/site-packages/airflow/example_dags/example_short_circuit_operator.py
[2021-02-23 23:37:28,936] {logging_mixin.py:104} INFO - [2021-02-23 23:37:28,936] {dag.py:1818} INFO - Sync 1 DAGs
[2021-02-23 23:37:28,951] {logging_mixin.py:104} INFO - [2021-02-23 23:37:28,951] {dag.py:2273} INFO - Setting next_dagrun for example_short_circuit_operator to 2021-02-21 00:00:00+00:00
[2021-02-23 23:37:28,984] {scheduler_job.py:190} INFO - Processing /home/airflow/.local/lib/python3.6/site-packages/airflow/example_dags/example_short_circuit_operator.py took 0.087 seconds
[2021-02-23 23:37:59,284] {scheduler_job.py:182} INFO - Started process (PID=649) to work on /home/airflow/.local/lib/python3.6/site-packages/airflow/example_dags/example_short_circuit_operator.py
[2021-02-23 23:37:59,286] {scheduler_job.py:629} INFO - Processing file /home/airflow/.local/lib/python3.6/site-packages/airflow/example_dags/example_short_circuit_operator.py for tasks to queue
[2021-02-23 23:37:59,287] {logging_mixin.py:104} INFO - [2021-02-23 23:37:59,287] {dagbag.py:448} INFO - Filling up the DagBag from /home/airflow/.local/lib/python3.6/site-packages/airflow/example_dags/example_short_circuit_operator.py
[2021-02-23 23:37:59,303] {scheduler_job.py:639} INFO - DAG(s) dict_keys(['example_short_circuit_operator']) retrieved from /home/airflow/.local/lib/python3.6/site-packages/airflow/example_dags/example_short_circuit_operator.py
[2021-02-23 23:37:59,319] {logging_mixin.py:104} INFO - [2021-02-23 23:37:59,319] {dag.py:1818} INFO - Sync 1 DAGs
[2021-02-23 23:37:59,331] {logging_mixin.py:104} INFO - [2021-02-23 23:37:59,330] {dag.py:2273} INFO - Setting next_dagrun for example_short_circuit_operator to 2021-02-21 00:00:00+00:00
[2021-02-23 23:37:59,433] {scheduler_job.py:190} INFO - Processing /home/airflow/.local/lib/python3.6/site-packages/airflow/example_dags/example_short_circuit_operator.py took 0.153 seconds
[2021-02-23 23:38:29,605] {scheduler_job.py:182} INFO - Started process (PID=676) to work on /home/airflow/.local/lib/python3.6/site-packages/airflow/example_dags/example_short_circuit_operator.py
[2021-02-23 23:38:29,607] {scheduler_job.py:629} INFO - Processing file /home/airflow/.local/lib/python3.6/site-packages/airflow/example_dags/example_short_circuit_operator.py for tasks to queue
[2021-02-23 23:38:29,608] {logging_mixin.py:104} INFO - [2021-02-23 23:38:29,607] {dagbag.py:448} INFO - Filling up the DagBag from /home/airflow/.local/lib/python3.6/site-packages/airflow/example_dags/example_short_circuit_operator.py
[2021-02-23 23:38:29,624] {scheduler_job.py:639} INFO - DAG(s) dict_keys(['example_short_circuit_operator']) retrieved from /home/airflow/.local/lib/python3.6/site-packages/airflow/example_dags/example_short_circuit_operator.py
[2021-02-23 23:38:29,641] {logging_mixin.py:104} INFO - [2021-02-23 23:38:29,641] {dag.py:1818} INFO - Sync 1 DAGs
[2021-02-23 23:38:29,653] {logging_mixin.py:104} INFO - [2021-02-23 23:38:29,653] {dag.py:2273} INFO - Setting next_dagrun for example_short_circuit_operator to 2021-02-21 00:00:00+00:00
[2021-02-23 23:38:29,691] {scheduler_job.py:190} INFO - Processing /home/airflow/.local/lib/python3.6/site-packages/airflow/example_dags/example_short_circuit_operator.py took 0.095 seconds
[2021-02-23 23:39:00,133] {scheduler_job.py:182} INFO - Started process (PID=703) to work on /home/airflow/.local/lib/python3.6/site-packages/airflow/example_dags/example_short_circuit_operator.py
[2021-02-23 23:39:00,136] {scheduler_job.py:629} INFO - Processing file /home/airflow/.local/lib/python3.6/site-packages/airflow/example_dags/example_short_circuit_operator.py for tasks to queue
[2021-02-23 23:39:00,138] {logging_mixin.py:104} INFO - [2021-02-23 23:39:00,138] {dagbag.py:448} INFO - Filling up the DagBag from /home/airflow/.local/lib/python3.6/site-packages/airflow/example_dags/example_short_circuit_operator.py
[2021-02-23 23:39:00,161] {scheduler_job.py:639} INFO - DAG(s) dict_keys(['example_short_circuit_operator']) retrieved from /home/airflow/.local/lib/python3.6/site-packages/airflow/example_dags/example_short_circuit_operator.py
[2021-02-23 23:39:00,179] {logging_mixin.py:104} INFO - [2021-02-23 23:39:00,178] {dag.py:1818} INFO - Sync 1 DAGs
[2021-02-23 23:39:00,191] {logging_mixin.py:104} INFO - [2021-02-23 23:39:00,191] {dag.py:2273} INFO - Setting next_dagrun for example_short_circuit_operator to 2021-02-21 00:00:00+00:00
[2021-02-23 23:39:00,244] {scheduler_job.py:190} INFO - Processing /home/airflow/.local/lib/python3.6/site-packages/airflow/example_dags/example_short_circuit_operator.py took 0.122 seconds
[2021-02-23 23:39:30,321] {scheduler_job.py:182} INFO - Started process (PID=730) to work on /home/airflow/.local/lib/python3.6/site-packages/airflow/example_dags/example_short_circuit_operator.py
[2021-02-23 23:39:30,322] {scheduler_job.py:629} INFO - Processing file /home/airflow/.local/lib/python3.6/site-packages/airflow/example_dags/example_short_circuit_operator.py for tasks to queue
[2021-02-23 23:39:30,322] {logging_mixin.py:104} INFO - [2021-02-23 23:39:30,322] {dagbag.py:448} INFO - Filling up the DagBag from /home/airflow/.local/lib/python3.6/site-packages/airflow/example_dags/example_short_circuit_operator.py
[2021-02-23 23:39:30,338] {scheduler_job.py:639} INFO - DAG(s) dict_keys(['example_short_circuit_operator']) retrieved from /home/airflow/.local/lib/python3.6/site-packages/airflow/example_dags/example_short_circuit_operator.py
[2021-02-23 23:39:30,359] {logging_mixin.py:104} INFO - [2021-02-23 23:39:30,358] {dag.py:1818} INFO - Sync 1 DAGs
[2021-02-23 23:39:30,377] {logging_mixin.py:104} INFO - [2021-02-23 23:39:30,377] {dag.py:2273} INFO - Setting next_dagrun for example_short_circuit_operator to 2021-02-21 00:00:00+00:00
[2021-02-23 23:39:30,418] {scheduler_job.py:190} INFO - Processing /home/airflow/.local/lib/python3.6/site-packages/airflow/example_dags/example_short_circuit_operator.py took 0.102 seconds
[2021-02-23 23:40:00,485] {scheduler_job.py:182} INFO - Started process (PID=757) to work on /home/airflow/.local/lib/python3.6/site-packages/airflow/example_dags/example_short_circuit_operator.py
[2021-02-23 23:40:00,487] {scheduler_job.py:629} INFO - Processing file /home/airflow/.local/lib/python3.6/site-packages/airflow/example_dags/example_short_circuit_operator.py for tasks to queue
[2021-02-23 23:40:00,488] {logging_mixin.py:104} INFO - [2021-02-23 23:40:00,488] {dagbag.py:448} INFO - Filling up the DagBag from /home/airflow/.local/lib/python3.6/site-packages/airflow/example_dags/example_short_circuit_operator.py
[2021-02-23 23:40:00,506] {scheduler_job.py:639} INFO - DAG(s) dict_keys(['example_short_circuit_operator']) retrieved from /home/airflow/.local/lib/python3.6/site-packages/airflow/example_dags/example_short_circuit_operator.py
[2021-02-23 23:40:00,527] {logging_mixin.py:104} INFO - [2021-02-23 23:40:00,526] {dag.py:1818} INFO - Sync 1 DAGs
[2021-02-23 23:40:00,543] {logging_mixin.py:104} INFO - [2021-02-23 23:40:00,543] {dag.py:2273} INFO - Setting next_dagrun for example_short_circuit_operator to 2021-02-21 00:00:00+00:00
[2021-02-23 23:40:00,611] {scheduler_job.py:190} INFO - Processing /home/airflow/.local/lib/python3.6/site-packages/airflow/example_dags/example_short_circuit_operator.py took 0.136 seconds
[2021-02-23 23:40:31,021] {scheduler_job.py:182} INFO - Started process (PID=784) to work on /home/airflow/.local/lib/python3.6/site-packages/airflow/example_dags/example_short_circuit_operator.py
[2021-02-23 23:40:31,023] {scheduler_job.py:629} INFO - Processing file /home/airflow/.local/lib/python3.6/site-packages/airflow/example_dags/example_short_circuit_operator.py for tasks to queue
[2021-02-23 23:40:31,024] {logging_mixin.py:104} INFO - [2021-02-23 23:40:31,024] {dagbag.py:448} INFO - Filling up the DagBag from /home/airflow/.local/lib/python3.6/site-packages/airflow/example_dags/example_short_circuit_operator.py
[2021-02-23 23:40:31,041] {scheduler_job.py:639} INFO - DAG(s) dict_keys(['example_short_circuit_operator']) retrieved from /home/airflow/.local/lib/python3.6/site-packages/airflow/example_dags/example_short_circuit_operator.py
[2021-02-23 23:40:31,063] {logging_mixin.py:104} INFO - [2021-02-23 23:40:31,063] {dag.py:1818} INFO - Sync 1 DAGs
[2021-02-23 23:40:31,080] {logging_mixin.py:104} INFO - [2021-02-23 23:40:31,080] {dag.py:2273} INFO - Setting next_dagrun for example_short_circuit_operator to 2021-02-21 00:00:00+00:00
[2021-02-23 23:40:31,165] {scheduler_job.py:190} INFO - Processing /home/airflow/.local/lib/python3.6/site-packages/airflow/example_dags/example_short_circuit_operator.py took 0.150 seconds
[2021-02-23 23:41:01,799] {scheduler_job.py:182} INFO - Started process (PID=811) to work on /home/airflow/.local/lib/python3.6/site-packages/airflow/example_dags/example_short_circuit_operator.py
[2021-02-23 23:41:01,800] {scheduler_job.py:629} INFO - Processing file /home/airflow/.local/lib/python3.6/site-packages/airflow/example_dags/example_short_circuit_operator.py for tasks to queue
[2021-02-23 23:41:01,801] {logging_mixin.py:104} INFO - [2021-02-23 23:41:01,801] {dagbag.py:448} INFO - Filling up the DagBag from /home/airflow/.local/lib/python3.6/site-packages/airflow/example_dags/example_short_circuit_operator.py
[2021-02-23 23:41:01,816] {scheduler_job.py:639} INFO - DAG(s) dict_keys(['example_short_circuit_operator']) retrieved from /home/airflow/.local/lib/python3.6/site-packages/airflow/example_dags/example_short_circuit_operator.py
[2021-02-23 23:41:01,835] {logging_mixin.py:104} INFO - [2021-02-23 23:41:01,835] {dag.py:1818} INFO - Sync 1 DAGs
[2021-02-23 23:41:01,848] {logging_mixin.py:104} INFO - [2021-02-23 23:41:01,848] {dag.py:2273} INFO - Setting next_dagrun for example_short_circuit_operator to 2021-02-21 00:00:00+00:00
[2021-02-23 23:41:01,917] {scheduler_job.py:190} INFO - Processing /home/airflow/.local/lib/python3.6/site-packages/airflow/example_dags/example_short_circuit_operator.py took 0.126 seconds
[2021-02-23 23:41:32,595] {scheduler_job.py:182} INFO - Started process (PID=838) to work on /home/airflow/.local/lib/python3.6/site-packages/airflow/example_dags/example_short_circuit_operator.py
[2021-02-23 23:41:32,597] {scheduler_job.py:629} INFO - Processing file /home/airflow/.local/lib/python3.6/site-packages/airflow/example_dags/example_short_circuit_operator.py for tasks to queue
[2021-02-23 23:41:32,599] {logging_mixin.py:104} INFO - [2021-02-23 23:41:32,598] {dagbag.py:448} INFO - Filling up the DagBag from /home/airflow/.local/lib/python3.6/site-packages/airflow/example_dags/example_short_circuit_operator.py
[2021-02-23 23:41:32,621] {scheduler_job.py:639} INFO - DAG(s) dict_keys(['example_short_circuit_operator']) retrieved from /home/airflow/.local/lib/python3.6/site-packages/airflow/example_dags/example_short_circuit_operator.py
[2021-02-23 23:41:32,646] {logging_mixin.py:104} INFO - [2021-02-23 23:41:32,646] {dag.py:1818} INFO - Sync 1 DAGs
[2021-02-23 23:41:32,666] {logging_mixin.py:104} INFO - [2021-02-23 23:41:32,666] {dag.py:2273} INFO - Setting next_dagrun for example_short_circuit_operator to 2021-02-21 00:00:00+00:00
[2021-02-23 23:41:32,708] {scheduler_job.py:190} INFO - Processing /home/airflow/.local/lib/python3.6/site-packages/airflow/example_dags/example_short_circuit_operator.py took 0.120 seconds
[2021-02-23 23:42:03,468] {scheduler_job.py:182} INFO - Started process (PID=865) to work on /home/airflow/.local/lib/python3.6/site-packages/airflow/example_dags/example_short_circuit_operator.py
[2021-02-23 23:42:03,471] {scheduler_job.py:629} INFO - Processing file /home/airflow/.local/lib/python3.6/site-packages/airflow/example_dags/example_short_circuit_operator.py for tasks to queue
[2021-02-23 23:42:03,474] {logging_mixin.py:104} INFO - [2021-02-23 23:42:03,473] {dagbag.py:448} INFO - Filling up the DagBag from /home/airflow/.local/lib/python3.6/site-packages/airflow/example_dags/example_short_circuit_operator.py
[2021-02-23 23:42:03,497] {scheduler_job.py:639} INFO - DAG(s) dict_keys(['example_short_circuit_operator']) retrieved from /home/airflow/.local/lib/python3.6/site-packages/airflow/example_dags/example_short_circuit_operator.py
[2021-02-23 23:42:03,516] {logging_mixin.py:104} INFO - [2021-02-23 23:42:03,516] {dag.py:1818} INFO - Sync 1 DAGs
[2021-02-23 23:42:03,532] {logging_mixin.py:104} INFO - [2021-02-23 23:42:03,532] {dag.py:2273} INFO - Setting next_dagrun for example_short_circuit_operator to 2021-02-21 00:00:00+00:00
[2021-02-23 23:42:03,652] {scheduler_job.py:190} INFO - Processing /home/airflow/.local/lib/python3.6/site-packages/airflow/example_dags/example_short_circuit_operator.py took 0.192 seconds
[2021-02-23 23:42:33,964] {scheduler_job.py:182} INFO - Started process (PID=892) to work on /home/airflow/.local/lib/python3.6/site-packages/airflow/example_dags/example_short_circuit_operator.py
[2021-02-23 23:42:33,965] {scheduler_job.py:629} INFO - Processing file /home/airflow/.local/lib/python3.6/site-packages/airflow/example_dags/example_short_circuit_operator.py for tasks to queue
[2021-02-23 23:42:33,966] {logging_mixin.py:104} INFO - [2021-02-23 23:42:33,966] {dagbag.py:448} INFO - Filling up the DagBag from /home/airflow/.local/lib/python3.6/site-packages/airflow/example_dags/example_short_circuit_operator.py
[2021-02-23 23:42:33,982] {scheduler_job.py:639} INFO - DAG(s) dict_keys(['example_short_circuit_operator']) retrieved from /home/airflow/.local/lib/python3.6/site-packages/airflow/example_dags/example_short_circuit_operator.py
[2021-02-23 23:42:34,002] {logging_mixin.py:104} INFO - [2021-02-23 23:42:34,001] {dag.py:1818} INFO - Sync 1 DAGs
[2021-02-23 23:42:34,018] {logging_mixin.py:104} INFO - [2021-02-23 23:42:34,018] {dag.py:2273} INFO - Setting next_dagrun for example_short_circuit_operator to 2021-02-21 00:00:00+00:00
[2021-02-23 23:42:34,059] {scheduler_job.py:190} INFO - Processing /home/airflow/.local/lib/python3.6/site-packages/airflow/example_dags/example_short_circuit_operator.py took 0.098 seconds
[2021-02-23 23:43:04,219] {scheduler_job.py:182} INFO - Started process (PID=919) to work on /home/airflow/.local/lib/python3.6/site-packages/airflow/example_dags/example_short_circuit_operator.py
[2021-02-23 23:43:04,223] {scheduler_job.py:629} INFO - Processing file /home/airflow/.local/lib/python3.6/site-packages/airflow/example_dags/example_short_circuit_operator.py for tasks to queue
[2021-02-23 23:43:04,225] {logging_mixin.py:104} INFO - [2021-02-23 23:43:04,225] {dagbag.py:448} INFO - Filling up the DagBag from /home/airflow/.local/lib/python3.6/site-packages/airflow/example_dags/example_short_circuit_operator.py
[2021-02-23 23:43:04,250] {scheduler_job.py:639} INFO - DAG(s) dict_keys(['example_short_circuit_operator']) retrieved from /home/airflow/.local/lib/python3.6/site-packages/airflow/example_dags/example_short_circuit_operator.py
[2021-02-23 23:43:04,271] {logging_mixin.py:104} INFO - [2021-02-23 23:43:04,271] {dag.py:1818} INFO - Sync 1 DAGs
[2021-02-23 23:43:04,287] {logging_mixin.py:104} INFO - [2021-02-23 23:43:04,287] {dag.py:2273} INFO - Setting next_dagrun for example_short_circuit_operator to 2021-02-21 00:00:00+00:00
[2021-02-23 23:43:04,378] {scheduler_job.py:190} INFO - Processing /home/airflow/.local/lib/python3.6/site-packages/airflow/example_dags/example_short_circuit_operator.py took 0.168 seconds
[2021-02-23 23:43:35,038] {scheduler_job.py:182} INFO - Started process (PID=946) to work on /home/airflow/.local/lib/python3.6/site-packages/airflow/example_dags/example_short_circuit_operator.py
[2021-02-23 23:43:35,041] {scheduler_job.py:629} INFO - Processing file /home/airflow/.local/lib/python3.6/site-packages/airflow/example_dags/example_short_circuit_operator.py for tasks to queue
[2021-02-23 23:43:35,041] {logging_mixin.py:104} INFO - [2021-02-23 23:43:35,041] {dagbag.py:448} INFO - Filling up the DagBag from /home/airflow/.local/lib/python3.6/site-packages/airflow/example_dags/example_short_circuit_operator.py
[2021-02-23 23:43:35,056] {scheduler_job.py:639} INFO - DAG(s) dict_keys(['example_short_circuit_operator']) retrieved from /home/airflow/.local/lib/python3.6/site-packages/airflow/example_dags/example_short_circuit_operator.py
[2021-02-23 23:43:35,073] {logging_mixin.py:104} INFO - [2021-02-23 23:43:35,073] {dag.py:1818} INFO - Sync 1 DAGs
[2021-02-23 23:43:35,085] {logging_mixin.py:104} INFO - [2021-02-23 23:43:35,085] {dag.py:2273} INFO - Setting next_dagrun for example_short_circuit_operator to 2021-02-21 00:00:00+00:00
[2021-02-23 23:43:35,126] {scheduler_job.py:190} INFO - Processing /home/airflow/.local/lib/python3.6/site-packages/airflow/example_dags/example_short_circuit_operator.py took 0.096 seconds
[2021-02-23 23:44:05,310] {scheduler_job.py:182} INFO - Started process (PID=973) to work on /home/airflow/.local/lib/python3.6/site-packages/airflow/example_dags/example_short_circuit_operator.py
[2021-02-23 23:44:05,311] {scheduler_job.py:629} INFO - Processing file /home/airflow/.local/lib/python3.6/site-packages/airflow/example_dags/example_short_circuit_operator.py for tasks to queue
[2021-02-23 23:44:05,311] {logging_mixin.py:104} INFO - [2021-02-23 23:44:05,311] {dagbag.py:448} INFO - Filling up the DagBag from /home/airflow/.local/lib/python3.6/site-packages/airflow/example_dags/example_short_circuit_operator.py
[2021-02-23 23:44:05,322] {scheduler_job.py:639} INFO - DAG(s) dict_keys(['example_short_circuit_operator']) retrieved from /home/airflow/.local/lib/python3.6/site-packages/airflow/example_dags/example_short_circuit_operator.py
[2021-02-23 23:44:05,339] {logging_mixin.py:104} INFO - [2021-02-23 23:44:05,339] {dag.py:1818} INFO - Sync 1 DAGs
[2021-02-23 23:44:05,352] {logging_mixin.py:104} INFO - [2021-02-23 23:44:05,352] {dag.py:2273} INFO - Setting next_dagrun for example_short_circuit_operator to 2021-02-21 00:00:00+00:00
[2021-02-23 23:44:05,406] {scheduler_job.py:190} INFO - Processing /home/airflow/.local/lib/python3.6/site-packages/airflow/example_dags/example_short_circuit_operator.py took 0.099 seconds
[2021-02-23 23:44:35,468] {scheduler_job.py:182} INFO - Started process (PID=1000) to work on /home/airflow/.local/lib/python3.6/site-packages/airflow/example_dags/example_short_circuit_operator.py
[2021-02-23 23:44:35,470] {scheduler_job.py:629} INFO - Processing file /home/airflow/.local/lib/python3.6/site-packages/airflow/example_dags/example_short_circuit_operator.py for tasks to queue
[2021-02-23 23:44:35,470] {logging_mixin.py:104} INFO - [2021-02-23 23:44:35,470] {dagbag.py:448} INFO - Filling up the DagBag from /home/airflow/.local/lib/python3.6/site-packages/airflow/example_dags/example_short_circuit_operator.py
[2021-02-23 23:44:35,483] {scheduler_job.py:639} INFO - DAG(s) dict_keys(['example_short_circuit_operator']) retrieved from /home/airflow/.local/lib/python3.6/site-packages/airflow/example_dags/example_short_circuit_operator.py
[2021-02-23 23:44:35,501] {logging_mixin.py:104} INFO - [2021-02-23 23:44:35,501] {dag.py:1818} INFO - Sync 1 DAGs
[2021-02-23 23:44:35,514] {logging_mixin.py:104} INFO - [2021-02-23 23:44:35,514] {dag.py:2273} INFO - Setting next_dagrun for example_short_circuit_operator to 2021-02-21 00:00:00+00:00
[2021-02-23 23:44:35,555] {scheduler_job.py:190} INFO - Processing /home/airflow/.local/lib/python3.6/site-packages/airflow/example_dags/example_short_circuit_operator.py took 0.090 seconds
[2021-02-23 23:45:05,581] {scheduler_job.py:182} INFO - Started process (PID=1027) to work on /home/airflow/.local/lib/python3.6/site-packages/airflow/example_dags/example_short_circuit_operator.py
[2021-02-23 23:45:05,582] {scheduler_job.py:629} INFO - Processing file /home/airflow/.local/lib/python3.6/site-packages/airflow/example_dags/example_short_circuit_operator.py for tasks to queue
[2021-02-23 23:45:05,583] {logging_mixin.py:104} INFO - [2021-02-23 23:45:05,583] {dagbag.py:448} INFO - Filling up the DagBag from /home/airflow/.local/lib/python3.6/site-packages/airflow/example_dags/example_short_circuit_operator.py
[2021-02-23 23:45:05,605] {scheduler_job.py:639} INFO - DAG(s) dict_keys(['example_short_circuit_operator']) retrieved from /home/airflow/.local/lib/python3.6/site-packages/airflow/example_dags/example_short_circuit_operator.py
[2021-02-23 23:45:05,624] {logging_mixin.py:104} INFO - [2021-02-23 23:45:05,623] {dag.py:1818} INFO - Sync 1 DAGs
[2021-02-23 23:45:05,635] {logging_mixin.py:104} INFO - [2021-02-23 23:45:05,635] {dag.py:2273} INFO - Setting next_dagrun for example_short_circuit_operator to 2021-02-21 00:00:00+00:00
[2021-02-23 23:45:05,670] {scheduler_job.py:190} INFO - Processing /home/airflow/.local/lib/python3.6/site-packages/airflow/example_dags/example_short_circuit_operator.py took 0.094 seconds
[2021-02-23 23:45:36,007] {scheduler_job.py:182} INFO - Started process (PID=1053) to work on /home/airflow/.local/lib/python3.6/site-packages/airflow/example_dags/example_short_circuit_operator.py
[2021-02-23 23:45:36,008] {scheduler_job.py:629} INFO - Processing file /home/airflow/.local/lib/python3.6/site-packages/airflow/example_dags/example_short_circuit_operator.py for tasks to queue
[2021-02-23 23:45:36,008] {logging_mixin.py:104} INFO - [2021-02-23 23:45:36,008] {dagbag.py:448} INFO - Filling up the DagBag from /home/airflow/.local/lib/python3.6/site-packages/airflow/example_dags/example_short_circuit_operator.py
[2021-02-23 23:45:36,024] {scheduler_job.py:639} INFO - DAG(s) dict_keys(['example_short_circuit_operator']) retrieved from /home/airflow/.local/lib/python3.6/site-packages/airflow/example_dags/example_short_circuit_operator.py
[2021-02-23 23:45:36,043] {logging_mixin.py:104} INFO - [2021-02-23 23:45:36,043] {dag.py:1818} INFO - Sync 1 DAGs
[2021-02-23 23:45:36,057] {logging_mixin.py:104} INFO - [2021-02-23 23:45:36,057] {dag.py:2273} INFO - Setting next_dagrun for example_short_circuit_operator to 2021-02-21 00:00:00+00:00
[2021-02-23 23:45:36,123] {scheduler_job.py:190} INFO - Processing /home/airflow/.local/lib/python3.6/site-packages/airflow/example_dags/example_short_circuit_operator.py took 0.121 seconds
[2021-02-23 23:46:06,710] {scheduler_job.py:182} INFO - Started process (PID=1080) to work on /home/airflow/.local/lib/python3.6/site-packages/airflow/example_dags/example_short_circuit_operator.py
[2021-02-23 23:46:06,712] {scheduler_job.py:629} INFO - Processing file /home/airflow/.local/lib/python3.6/site-packages/airflow/example_dags/example_short_circuit_operator.py for tasks to queue
[2021-02-23 23:46:06,713] {logging_mixin.py:104} INFO - [2021-02-23 23:46:06,713] {dagbag.py:448} INFO - Filling up the DagBag from /home/airflow/.local/lib/python3.6/site-packages/airflow/example_dags/example_short_circuit_operator.py
[2021-02-23 23:46:06,728] {scheduler_job.py:639} INFO - DAG(s) dict_keys(['example_short_circuit_operator']) retrieved from /home/airflow/.local/lib/python3.6/site-packages/airflow/example_dags/example_short_circuit_operator.py
[2021-02-23 23:46:06,746] {logging_mixin.py:104} INFO - [2021-02-23 23:46:06,746] {dag.py:1818} INFO - Sync 1 DAGs
[2021-02-23 23:46:06,759] {logging_mixin.py:104} INFO - [2021-02-23 23:46:06,758] {dag.py:2273} INFO - Setting next_dagrun for example_short_circuit_operator to 2021-02-21 00:00:00+00:00
[2021-02-23 23:46:06,826] {scheduler_job.py:190} INFO - Processing /home/airflow/.local/lib/python3.6/site-packages/airflow/example_dags/example_short_circuit_operator.py took 0.124 seconds
[2021-02-23 23:46:37,779] {scheduler_job.py:182} INFO - Started process (PID=1107) to work on /home/airflow/.local/lib/python3.6/site-packages/airflow/example_dags/example_short_circuit_operator.py
[2021-02-23 23:46:37,780] {scheduler_job.py:629} INFO - Processing file /home/airflow/.local/lib/python3.6/site-packages/airflow/example_dags/example_short_circuit_operator.py for tasks to queue
[2021-02-23 23:46:37,781] {logging_mixin.py:104} INFO - [2021-02-23 23:46:37,781] {dagbag.py:448} INFO - Filling up the DagBag from /home/airflow/.local/lib/python3.6/site-packages/airflow/example_dags/example_short_circuit_operator.py
[2021-02-23 23:46:37,794] {scheduler_job.py:639} INFO - DAG(s) dict_keys(['example_short_circuit_operator']) retrieved from /home/airflow/.local/lib/python3.6/site-packages/airflow/example_dags/example_short_circuit_operator.py
[2021-02-23 23:46:37,815] {logging_mixin.py:104} INFO - [2021-02-23 23:46:37,815] {dag.py:1818} INFO - Sync 1 DAGs
[2021-02-23 23:46:37,831] {logging_mixin.py:104} INFO - [2021-02-23 23:46:37,830] {dag.py:2273} INFO - Setting next_dagrun for example_short_circuit_operator to 2021-02-21 00:00:00+00:00
[2021-02-23 23:46:37,898] {scheduler_job.py:190} INFO - Processing /home/airflow/.local/lib/python3.6/site-packages/airflow/example_dags/example_short_circuit_operator.py took 0.123 seconds
[2021-02-23 23:47:08,548] {scheduler_job.py:182} INFO - Started process (PID=1134) to work on /home/airflow/.local/lib/python3.6/site-packages/airflow/example_dags/example_short_circuit_operator.py
[2021-02-23 23:47:08,551] {scheduler_job.py:629} INFO - Processing file /home/airflow/.local/lib/python3.6/site-packages/airflow/example_dags/example_short_circuit_operator.py for tasks to queue
[2021-02-23 23:47:08,552] {logging_mixin.py:104} INFO - [2021-02-23 23:47:08,552] {dagbag.py:448} INFO - Filling up the DagBag from /home/airflow/.local/lib/python3.6/site-packages/airflow/example_dags/example_short_circuit_operator.py
[2021-02-23 23:47:08,570] {scheduler_job.py:639} INFO - DAG(s) dict_keys(['example_short_circuit_operator']) retrieved from /home/airflow/.local/lib/python3.6/site-packages/airflow/example_dags/example_short_circuit_operator.py
[2021-02-23 23:47:08,593] {logging_mixin.py:104} INFO - [2021-02-23 23:47:08,593] {dag.py:1818} INFO - Sync 1 DAGs
[2021-02-23 23:47:08,615] {logging_mixin.py:104} INFO - [2021-02-23 23:47:08,615] {dag.py:2273} INFO - Setting next_dagrun for example_short_circuit_operator to 2021-02-21 00:00:00+00:00
[2021-02-23 23:47:08,738] {scheduler_job.py:190} INFO - Processing /home/airflow/.local/lib/python3.6/site-packages/airflow/example_dags/example_short_circuit_operator.py took 0.199 seconds
[2021-02-23 23:47:39,673] {scheduler_job.py:182} INFO - Started process (PID=1161) to work on /home/airflow/.local/lib/python3.6/site-packages/airflow/example_dags/example_short_circuit_operator.py
[2021-02-23 23:47:39,675] {scheduler_job.py:629} INFO - Processing file /home/airflow/.local/lib/python3.6/site-packages/airflow/example_dags/example_short_circuit_operator.py for tasks to queue
[2021-02-23 23:47:39,676] {logging_mixin.py:104} INFO - [2021-02-23 23:47:39,676] {dagbag.py:448} INFO - Filling up the DagBag from /home/airflow/.local/lib/python3.6/site-packages/airflow/example_dags/example_short_circuit_operator.py
[2021-02-23 23:47:39,693] {scheduler_job.py:639} INFO - DAG(s) dict_keys(['example_short_circuit_operator']) retrieved from /home/airflow/.local/lib/python3.6/site-packages/airflow/example_dags/example_short_circuit_operator.py
[2021-02-23 23:47:39,710] {logging_mixin.py:104} INFO - [2021-02-23 23:47:39,710] {dag.py:1818} INFO - Sync 1 DAGs
[2021-02-23 23:47:39,723] {logging_mixin.py:104} INFO - [2021-02-23 23:47:39,723] {dag.py:2273} INFO - Setting next_dagrun for example_short_circuit_operator to 2021-02-21 00:00:00+00:00
[2021-02-23 23:47:39,815] {scheduler_job.py:190} INFO - Processing /home/airflow/.local/lib/python3.6/site-packages/airflow/example_dags/example_short_circuit_operator.py took 0.152 seconds
[2021-02-23 23:48:10,758] {scheduler_job.py:182} INFO - Started process (PID=1188) to work on /home/airflow/.local/lib/python3.6/site-packages/airflow/example_dags/example_short_circuit_operator.py
[2021-02-23 23:48:10,759] {scheduler_job.py:629} INFO - Processing file /home/airflow/.local/lib/python3.6/site-packages/airflow/example_dags/example_short_circuit_operator.py for tasks to queue
[2021-02-23 23:48:10,760] {logging_mixin.py:104} INFO - [2021-02-23 23:48:10,760] {dagbag.py:448} INFO - Filling up the DagBag from /home/airflow/.local/lib/python3.6/site-packages/airflow/example_dags/example_short_circuit_operator.py
[2021-02-23 23:48:10,769] {scheduler_job.py:639} INFO - DAG(s) dict_keys(['example_short_circuit_operator']) retrieved from /home/airflow/.local/lib/python3.6/site-packages/airflow/example_dags/example_short_circuit_operator.py
[2021-02-23 23:48:10,784] {logging_mixin.py:104} INFO - [2021-02-23 23:48:10,784] {dag.py:1818} INFO - Sync 1 DAGs
[2021-02-23 23:48:10,795] {logging_mixin.py:104} INFO - [2021-02-23 23:48:10,795] {dag.py:2273} INFO - Setting next_dagrun for example_short_circuit_operator to 2021-02-21 00:00:00+00:00
[2021-02-23 23:48:10,848] {scheduler_job.py:190} INFO - Processing /home/airflow/.local/lib/python3.6/site-packages/airflow/example_dags/example_short_circuit_operator.py took 0.091 seconds
[2021-02-23 23:48:40,990] {scheduler_job.py:182} INFO - Started process (PID=1215) to work on /home/airflow/.local/lib/python3.6/site-packages/airflow/example_dags/example_short_circuit_operator.py
[2021-02-23 23:48:40,991] {scheduler_job.py:629} INFO - Processing file /home/airflow/.local/lib/python3.6/site-packages/airflow/example_dags/example_short_circuit_operator.py for tasks to queue
[2021-02-23 23:48:40,993] {logging_mixin.py:104} INFO - [2021-02-23 23:48:40,993] {dagbag.py:448} INFO - Filling up the DagBag from /home/airflow/.local/lib/python3.6/site-packages/airflow/example_dags/example_short_circuit_operator.py
[2021-02-23 23:48:41,011] {scheduler_job.py:639} INFO - DAG(s) dict_keys(['example_short_circuit_operator']) retrieved from /home/airflow/.local/lib/python3.6/site-packages/airflow/example_dags/example_short_circuit_operator.py
[2021-02-23 23:48:41,034] {logging_mixin.py:104} INFO - [2021-02-23 23:48:41,034] {dag.py:1818} INFO - Sync 1 DAGs
[2021-02-23 23:48:41,057] {logging_mixin.py:104} INFO - [2021-02-23 23:48:41,056] {dag.py:2273} INFO - Setting next_dagrun for example_short_circuit_operator to 2021-02-21 00:00:00+00:00
[2021-02-23 23:48:41,127] {scheduler_job.py:190} INFO - Processing /home/airflow/.local/lib/python3.6/site-packages/airflow/example_dags/example_short_circuit_operator.py took 0.144 seconds
[2021-02-23 23:49:12,115] {scheduler_job.py:182} INFO - Started process (PID=1242) to work on /home/airflow/.local/lib/python3.6/site-packages/airflow/example_dags/example_short_circuit_operator.py
[2021-02-23 23:49:12,116] {scheduler_job.py:629} INFO - Processing file /home/airflow/.local/lib/python3.6/site-packages/airflow/example_dags/example_short_circuit_operator.py for tasks to queue
[2021-02-23 23:49:12,117] {logging_mixin.py:104} INFO - [2021-02-23 23:49:12,117] {dagbag.py:448} INFO - Filling up the DagBag from /home/airflow/.local/lib/python3.6/site-packages/airflow/example_dags/example_short_circuit_operator.py
[2021-02-23 23:49:12,132] {scheduler_job.py:639} INFO - DAG(s) dict_keys(['example_short_circuit_operator']) retrieved from /home/airflow/.local/lib/python3.6/site-packages/airflow/example_dags/example_short_circuit_operator.py
[2021-02-23 23:49:12,154] {logging_mixin.py:104} INFO - [2021-02-23 23:49:12,154] {dag.py:1818} INFO - Sync 1 DAGs
[2021-02-23 23:49:12,169] {logging_mixin.py:104} INFO - [2021-02-23 23:49:12,169] {dag.py:2273} INFO - Setting next_dagrun for example_short_circuit_operator to 2021-02-21 00:00:00+00:00
[2021-02-23 23:49:12,229] {scheduler_job.py:190} INFO - Processing /home/airflow/.local/lib/python3.6/site-packages/airflow/example_dags/example_short_circuit_operator.py took 0.118 seconds
