[2021-02-23 23:15:26,919] {scheduler_job.py:182} INFO - Started process (PID=39) to work on /home/airflow/.local/lib/python3.6/site-packages/airflow/example_dags/example_latest_only.py
[2021-02-23 23:15:26,921] {scheduler_job.py:629} INFO - Processing file /home/airflow/.local/lib/python3.6/site-packages/airflow/example_dags/example_latest_only.py for tasks to queue
[2021-02-23 23:15:26,922] {logging_mixin.py:104} INFO - [2021-02-23 23:15:26,922] {dagbag.py:448} INFO - Filling up the DagBag from /home/airflow/.local/lib/python3.6/site-packages/airflow/example_dags/example_latest_only.py
[2021-02-23 23:15:26,946] {scheduler_job.py:639} INFO - DAG(s) dict_keys(['latest_only']) retrieved from /home/airflow/.local/lib/python3.6/site-packages/airflow/example_dags/example_latest_only.py
[2021-02-23 23:15:26,984] {logging_mixin.py:104} INFO - [2021-02-23 23:15:26,984] {dag.py:1818} INFO - Sync 1 DAGs
[2021-02-23 23:15:26,997] {logging_mixin.py:104} INFO - [2021-02-23 23:15:26,997] {dag.py:1837} INFO - Creating ORM DAG for latest_only
[2021-02-23 23:15:27,005] {logging_mixin.py:104} INFO - [2021-02-23 23:15:27,005] {dag.py:2273} INFO - Setting next_dagrun for latest_only to 2021-02-21 00:00:00+00:00
[2021-02-23 23:15:27,348] {scheduler_job.py:190} INFO - Processing /home/airflow/.local/lib/python3.6/site-packages/airflow/example_dags/example_latest_only.py took 0.435 seconds
[2021-02-23 23:15:57,500] {scheduler_job.py:182} INFO - Started process (PID=64) to work on /home/airflow/.local/lib/python3.6/site-packages/airflow/example_dags/example_latest_only.py
[2021-02-23 23:15:57,501] {scheduler_job.py:629} INFO - Processing file /home/airflow/.local/lib/python3.6/site-packages/airflow/example_dags/example_latest_only.py for tasks to queue
[2021-02-23 23:15:57,502] {logging_mixin.py:104} INFO - [2021-02-23 23:15:57,502] {dagbag.py:448} INFO - Filling up the DagBag from /home/airflow/.local/lib/python3.6/site-packages/airflow/example_dags/example_latest_only.py
[2021-02-23 23:15:57,514] {scheduler_job.py:639} INFO - DAG(s) dict_keys(['latest_only']) retrieved from /home/airflow/.local/lib/python3.6/site-packages/airflow/example_dags/example_latest_only.py
[2021-02-23 23:15:57,532] {logging_mixin.py:104} INFO - [2021-02-23 23:15:57,532] {dag.py:1818} INFO - Sync 1 DAGs
[2021-02-23 23:15:57,546] {logging_mixin.py:104} INFO - [2021-02-23 23:15:57,546] {dag.py:2273} INFO - Setting next_dagrun for latest_only to 2021-02-21 00:00:00+00:00
[2021-02-23 23:15:57,717] {scheduler_job.py:190} INFO - Processing /home/airflow/.local/lib/python3.6/site-packages/airflow/example_dags/example_latest_only.py took 0.220 seconds
[2021-02-23 23:16:28,211] {scheduler_job.py:182} INFO - Started process (PID=91) to work on /home/airflow/.local/lib/python3.6/site-packages/airflow/example_dags/example_latest_only.py
[2021-02-23 23:16:28,212] {scheduler_job.py:629} INFO - Processing file /home/airflow/.local/lib/python3.6/site-packages/airflow/example_dags/example_latest_only.py for tasks to queue
[2021-02-23 23:16:28,213] {logging_mixin.py:104} INFO - [2021-02-23 23:16:28,213] {dagbag.py:448} INFO - Filling up the DagBag from /home/airflow/.local/lib/python3.6/site-packages/airflow/example_dags/example_latest_only.py
[2021-02-23 23:16:28,224] {scheduler_job.py:639} INFO - DAG(s) dict_keys(['latest_only']) retrieved from /home/airflow/.local/lib/python3.6/site-packages/airflow/example_dags/example_latest_only.py
[2021-02-23 23:16:28,245] {logging_mixin.py:104} INFO - [2021-02-23 23:16:28,245] {dag.py:1818} INFO - Sync 1 DAGs
[2021-02-23 23:16:28,259] {logging_mixin.py:104} INFO - [2021-02-23 23:16:28,259] {dag.py:2273} INFO - Setting next_dagrun for latest_only to 2021-02-21 00:00:00+00:00
[2021-02-23 23:16:28,297] {scheduler_job.py:190} INFO - Processing /home/airflow/.local/lib/python3.6/site-packages/airflow/example_dags/example_latest_only.py took 0.089 seconds
[2021-02-23 23:16:59,128] {scheduler_job.py:182} INFO - Started process (PID=115) to work on /home/airflow/.local/lib/python3.6/site-packages/airflow/example_dags/example_latest_only.py
[2021-02-23 23:16:59,129] {scheduler_job.py:629} INFO - Processing file /home/airflow/.local/lib/python3.6/site-packages/airflow/example_dags/example_latest_only.py for tasks to queue
[2021-02-23 23:16:59,130] {logging_mixin.py:104} INFO - [2021-02-23 23:16:59,130] {dagbag.py:448} INFO - Filling up the DagBag from /home/airflow/.local/lib/python3.6/site-packages/airflow/example_dags/example_latest_only.py
[2021-02-23 23:16:59,141] {scheduler_job.py:639} INFO - DAG(s) dict_keys(['latest_only']) retrieved from /home/airflow/.local/lib/python3.6/site-packages/airflow/example_dags/example_latest_only.py
[2021-02-23 23:16:59,163] {logging_mixin.py:104} INFO - [2021-02-23 23:16:59,162] {dag.py:1818} INFO - Sync 1 DAGs
[2021-02-23 23:16:59,181] {logging_mixin.py:104} INFO - [2021-02-23 23:16:59,181] {dag.py:2273} INFO - Setting next_dagrun for latest_only to 2021-02-21 00:00:00+00:00
[2021-02-23 23:16:59,488] {scheduler_job.py:190} INFO - Processing /home/airflow/.local/lib/python3.6/site-packages/airflow/example_dags/example_latest_only.py took 0.363 seconds
[2021-02-23 23:26:12,911] {scheduler_job.py:182} INFO - Started process (PID=27) to work on /home/airflow/.local/lib/python3.6/site-packages/airflow/example_dags/example_latest_only.py
[2021-02-23 23:26:12,914] {scheduler_job.py:629} INFO - Processing file /home/airflow/.local/lib/python3.6/site-packages/airflow/example_dags/example_latest_only.py for tasks to queue
[2021-02-23 23:26:12,915] {logging_mixin.py:104} INFO - [2021-02-23 23:26:12,915] {dagbag.py:448} INFO - Filling up the DagBag from /home/airflow/.local/lib/python3.6/site-packages/airflow/example_dags/example_latest_only.py
[2021-02-23 23:26:12,924] {scheduler_job.py:639} INFO - DAG(s) dict_keys(['latest_only']) retrieved from /home/airflow/.local/lib/python3.6/site-packages/airflow/example_dags/example_latest_only.py
[2021-02-23 23:26:12,948] {logging_mixin.py:104} INFO - [2021-02-23 23:26:12,948] {dag.py:1818} INFO - Sync 1 DAGs
[2021-02-23 23:26:12,967] {logging_mixin.py:104} INFO - [2021-02-23 23:26:12,967] {dag.py:2273} INFO - Setting next_dagrun for latest_only to 2021-02-21 00:00:00+00:00
[2021-02-23 23:26:13,100] {scheduler_job.py:190} INFO - Processing /home/airflow/.local/lib/python3.6/site-packages/airflow/example_dags/example_latest_only.py took 0.192 seconds
[2021-02-23 23:26:43,841] {scheduler_job.py:182} INFO - Started process (PID=54) to work on /home/airflow/.local/lib/python3.6/site-packages/airflow/example_dags/example_latest_only.py
[2021-02-23 23:26:43,841] {scheduler_job.py:629} INFO - Processing file /home/airflow/.local/lib/python3.6/site-packages/airflow/example_dags/example_latest_only.py for tasks to queue
[2021-02-23 23:26:43,842] {logging_mixin.py:104} INFO - [2021-02-23 23:26:43,842] {dagbag.py:448} INFO - Filling up the DagBag from /home/airflow/.local/lib/python3.6/site-packages/airflow/example_dags/example_latest_only.py
[2021-02-23 23:26:43,849] {scheduler_job.py:639} INFO - DAG(s) dict_keys(['latest_only']) retrieved from /home/airflow/.local/lib/python3.6/site-packages/airflow/example_dags/example_latest_only.py
[2021-02-23 23:26:43,861] {logging_mixin.py:104} INFO - [2021-02-23 23:26:43,861] {dag.py:1818} INFO - Sync 1 DAGs
[2021-02-23 23:26:43,870] {logging_mixin.py:104} INFO - [2021-02-23 23:26:43,870] {dag.py:2273} INFO - Setting next_dagrun for latest_only to 2021-02-21 00:00:00+00:00
[2021-02-23 23:26:44,036] {scheduler_job.py:190} INFO - Processing /home/airflow/.local/lib/python3.6/site-packages/airflow/example_dags/example_latest_only.py took 0.197 seconds
[2021-02-23 23:27:14,059] {scheduler_job.py:182} INFO - Started process (PID=81) to work on /home/airflow/.local/lib/python3.6/site-packages/airflow/example_dags/example_latest_only.py
[2021-02-23 23:27:14,060] {scheduler_job.py:629} INFO - Processing file /home/airflow/.local/lib/python3.6/site-packages/airflow/example_dags/example_latest_only.py for tasks to queue
[2021-02-23 23:27:14,061] {logging_mixin.py:104} INFO - [2021-02-23 23:27:14,061] {dagbag.py:448} INFO - Filling up the DagBag from /home/airflow/.local/lib/python3.6/site-packages/airflow/example_dags/example_latest_only.py
[2021-02-23 23:27:14,070] {scheduler_job.py:639} INFO - DAG(s) dict_keys(['latest_only']) retrieved from /home/airflow/.local/lib/python3.6/site-packages/airflow/example_dags/example_latest_only.py
[2021-02-23 23:27:14,087] {logging_mixin.py:104} INFO - [2021-02-23 23:27:14,087] {dag.py:1818} INFO - Sync 1 DAGs
[2021-02-23 23:27:14,100] {logging_mixin.py:104} INFO - [2021-02-23 23:27:14,100] {dag.py:2273} INFO - Setting next_dagrun for latest_only to 2021-02-21 00:00:00+00:00
[2021-02-23 23:27:14,251] {scheduler_job.py:190} INFO - Processing /home/airflow/.local/lib/python3.6/site-packages/airflow/example_dags/example_latest_only.py took 0.194 seconds
[2021-02-23 23:27:44,634] {scheduler_job.py:182} INFO - Started process (PID=108) to work on /home/airflow/.local/lib/python3.6/site-packages/airflow/example_dags/example_latest_only.py
[2021-02-23 23:27:44,636] {scheduler_job.py:629} INFO - Processing file /home/airflow/.local/lib/python3.6/site-packages/airflow/example_dags/example_latest_only.py for tasks to queue
[2021-02-23 23:27:44,636] {logging_mixin.py:104} INFO - [2021-02-23 23:27:44,636] {dagbag.py:448} INFO - Filling up the DagBag from /home/airflow/.local/lib/python3.6/site-packages/airflow/example_dags/example_latest_only.py
[2021-02-23 23:27:44,647] {scheduler_job.py:639} INFO - DAG(s) dict_keys(['latest_only']) retrieved from /home/airflow/.local/lib/python3.6/site-packages/airflow/example_dags/example_latest_only.py
[2021-02-23 23:27:44,669] {logging_mixin.py:104} INFO - [2021-02-23 23:27:44,669] {dag.py:1818} INFO - Sync 1 DAGs
[2021-02-23 23:27:44,687] {logging_mixin.py:104} INFO - [2021-02-23 23:27:44,687] {dag.py:2273} INFO - Setting next_dagrun for latest_only to 2021-02-21 00:00:00+00:00
[2021-02-23 23:27:44,727] {scheduler_job.py:190} INFO - Processing /home/airflow/.local/lib/python3.6/site-packages/airflow/example_dags/example_latest_only.py took 0.095 seconds
[2021-02-23 23:28:15,235] {scheduler_job.py:182} INFO - Started process (PID=135) to work on /home/airflow/.local/lib/python3.6/site-packages/airflow/example_dags/example_latest_only.py
[2021-02-23 23:28:15,236] {scheduler_job.py:629} INFO - Processing file /home/airflow/.local/lib/python3.6/site-packages/airflow/example_dags/example_latest_only.py for tasks to queue
[2021-02-23 23:28:15,237] {logging_mixin.py:104} INFO - [2021-02-23 23:28:15,236] {dagbag.py:448} INFO - Filling up the DagBag from /home/airflow/.local/lib/python3.6/site-packages/airflow/example_dags/example_latest_only.py
[2021-02-23 23:28:15,245] {scheduler_job.py:639} INFO - DAG(s) dict_keys(['latest_only']) retrieved from /home/airflow/.local/lib/python3.6/site-packages/airflow/example_dags/example_latest_only.py
[2021-02-23 23:28:15,266] {logging_mixin.py:104} INFO - [2021-02-23 23:28:15,266] {dag.py:1818} INFO - Sync 1 DAGs
[2021-02-23 23:28:15,280] {logging_mixin.py:104} INFO - [2021-02-23 23:28:15,279] {dag.py:2273} INFO - Setting next_dagrun for latest_only to 2021-02-21 00:00:00+00:00
[2021-02-23 23:28:15,315] {scheduler_job.py:190} INFO - Processing /home/airflow/.local/lib/python3.6/site-packages/airflow/example_dags/example_latest_only.py took 0.082 seconds
[2021-02-23 23:28:46,157] {scheduler_job.py:182} INFO - Started process (PID=162) to work on /home/airflow/.local/lib/python3.6/site-packages/airflow/example_dags/example_latest_only.py
[2021-02-23 23:28:46,159] {scheduler_job.py:629} INFO - Processing file /home/airflow/.local/lib/python3.6/site-packages/airflow/example_dags/example_latest_only.py for tasks to queue
[2021-02-23 23:28:46,160] {logging_mixin.py:104} INFO - [2021-02-23 23:28:46,160] {dagbag.py:448} INFO - Filling up the DagBag from /home/airflow/.local/lib/python3.6/site-packages/airflow/example_dags/example_latest_only.py
[2021-02-23 23:28:46,172] {scheduler_job.py:639} INFO - DAG(s) dict_keys(['latest_only']) retrieved from /home/airflow/.local/lib/python3.6/site-packages/airflow/example_dags/example_latest_only.py
[2021-02-23 23:28:46,189] {logging_mixin.py:104} INFO - [2021-02-23 23:28:46,189] {dag.py:1818} INFO - Sync 1 DAGs
[2021-02-23 23:28:46,205] {logging_mixin.py:104} INFO - [2021-02-23 23:28:46,205] {dag.py:2273} INFO - Setting next_dagrun for latest_only to 2021-02-21 00:00:00+00:00
[2021-02-23 23:28:46,276] {scheduler_job.py:190} INFO - Processing /home/airflow/.local/lib/python3.6/site-packages/airflow/example_dags/example_latest_only.py took 0.126 seconds
[2021-02-23 23:29:16,722] {scheduler_job.py:182} INFO - Started process (PID=189) to work on /home/airflow/.local/lib/python3.6/site-packages/airflow/example_dags/example_latest_only.py
[2021-02-23 23:29:16,723] {scheduler_job.py:629} INFO - Processing file /home/airflow/.local/lib/python3.6/site-packages/airflow/example_dags/example_latest_only.py for tasks to queue
[2021-02-23 23:29:16,723] {logging_mixin.py:104} INFO - [2021-02-23 23:29:16,723] {dagbag.py:448} INFO - Filling up the DagBag from /home/airflow/.local/lib/python3.6/site-packages/airflow/example_dags/example_latest_only.py
[2021-02-23 23:29:16,731] {scheduler_job.py:639} INFO - DAG(s) dict_keys(['latest_only']) retrieved from /home/airflow/.local/lib/python3.6/site-packages/airflow/example_dags/example_latest_only.py
[2021-02-23 23:29:16,747] {logging_mixin.py:104} INFO - [2021-02-23 23:29:16,747] {dag.py:1818} INFO - Sync 1 DAGs
[2021-02-23 23:29:16,763] {logging_mixin.py:104} INFO - [2021-02-23 23:29:16,763] {dag.py:2273} INFO - Setting next_dagrun for latest_only to 2021-02-21 00:00:00+00:00
[2021-02-23 23:29:16,801] {scheduler_job.py:190} INFO - Processing /home/airflow/.local/lib/python3.6/site-packages/airflow/example_dags/example_latest_only.py took 0.081 seconds
[2021-02-23 23:29:46,977] {scheduler_job.py:182} INFO - Started process (PID=216) to work on /home/airflow/.local/lib/python3.6/site-packages/airflow/example_dags/example_latest_only.py
[2021-02-23 23:29:46,979] {scheduler_job.py:629} INFO - Processing file /home/airflow/.local/lib/python3.6/site-packages/airflow/example_dags/example_latest_only.py for tasks to queue
[2021-02-23 23:29:46,980] {logging_mixin.py:104} INFO - [2021-02-23 23:29:46,980] {dagbag.py:448} INFO - Filling up the DagBag from /home/airflow/.local/lib/python3.6/site-packages/airflow/example_dags/example_latest_only.py
[2021-02-23 23:29:46,993] {scheduler_job.py:639} INFO - DAG(s) dict_keys(['latest_only']) retrieved from /home/airflow/.local/lib/python3.6/site-packages/airflow/example_dags/example_latest_only.py
[2021-02-23 23:29:47,010] {logging_mixin.py:104} INFO - [2021-02-23 23:29:47,010] {dag.py:1818} INFO - Sync 1 DAGs
[2021-02-23 23:29:47,023] {logging_mixin.py:104} INFO - [2021-02-23 23:29:47,023] {dag.py:2273} INFO - Setting next_dagrun for latest_only to 2021-02-21 00:00:00+00:00
[2021-02-23 23:29:47,212] {scheduler_job.py:190} INFO - Processing /home/airflow/.local/lib/python3.6/site-packages/airflow/example_dags/example_latest_only.py took 0.238 seconds
[2021-02-23 23:30:18,183] {scheduler_job.py:182} INFO - Started process (PID=243) to work on /home/airflow/.local/lib/python3.6/site-packages/airflow/example_dags/example_latest_only.py
[2021-02-23 23:30:18,185] {scheduler_job.py:629} INFO - Processing file /home/airflow/.local/lib/python3.6/site-packages/airflow/example_dags/example_latest_only.py for tasks to queue
[2021-02-23 23:30:18,186] {logging_mixin.py:104} INFO - [2021-02-23 23:30:18,186] {dagbag.py:448} INFO - Filling up the DagBag from /home/airflow/.local/lib/python3.6/site-packages/airflow/example_dags/example_latest_only.py
[2021-02-23 23:30:18,200] {scheduler_job.py:639} INFO - DAG(s) dict_keys(['latest_only']) retrieved from /home/airflow/.local/lib/python3.6/site-packages/airflow/example_dags/example_latest_only.py
[2021-02-23 23:30:18,219] {logging_mixin.py:104} INFO - [2021-02-23 23:30:18,218] {dag.py:1818} INFO - Sync 1 DAGs
[2021-02-23 23:30:18,234] {logging_mixin.py:104} INFO - [2021-02-23 23:30:18,234] {dag.py:2273} INFO - Setting next_dagrun for latest_only to 2021-02-21 00:00:00+00:00
[2021-02-23 23:30:18,374] {scheduler_job.py:190} INFO - Processing /home/airflow/.local/lib/python3.6/site-packages/airflow/example_dags/example_latest_only.py took 0.199 seconds
[2021-02-23 23:30:48,798] {scheduler_job.py:182} INFO - Started process (PID=270) to work on /home/airflow/.local/lib/python3.6/site-packages/airflow/example_dags/example_latest_only.py
[2021-02-23 23:30:48,799] {scheduler_job.py:629} INFO - Processing file /home/airflow/.local/lib/python3.6/site-packages/airflow/example_dags/example_latest_only.py for tasks to queue
[2021-02-23 23:30:48,800] {logging_mixin.py:104} INFO - [2021-02-23 23:30:48,800] {dagbag.py:448} INFO - Filling up the DagBag from /home/airflow/.local/lib/python3.6/site-packages/airflow/example_dags/example_latest_only.py
[2021-02-23 23:30:48,809] {scheduler_job.py:639} INFO - DAG(s) dict_keys(['latest_only']) retrieved from /home/airflow/.local/lib/python3.6/site-packages/airflow/example_dags/example_latest_only.py
[2021-02-23 23:30:48,827] {logging_mixin.py:104} INFO - [2021-02-23 23:30:48,826] {dag.py:1818} INFO - Sync 1 DAGs
[2021-02-23 23:30:48,841] {logging_mixin.py:104} INFO - [2021-02-23 23:30:48,841] {dag.py:2273} INFO - Setting next_dagrun for latest_only to 2021-02-21 00:00:00+00:00
[2021-02-23 23:30:48,879] {scheduler_job.py:190} INFO - Processing /home/airflow/.local/lib/python3.6/site-packages/airflow/example_dags/example_latest_only.py took 0.083 seconds
[2021-02-23 23:31:19,500] {scheduler_job.py:182} INFO - Started process (PID=297) to work on /home/airflow/.local/lib/python3.6/site-packages/airflow/example_dags/example_latest_only.py
[2021-02-23 23:31:19,501] {scheduler_job.py:629} INFO - Processing file /home/airflow/.local/lib/python3.6/site-packages/airflow/example_dags/example_latest_only.py for tasks to queue
[2021-02-23 23:31:19,502] {logging_mixin.py:104} INFO - [2021-02-23 23:31:19,502] {dagbag.py:448} INFO - Filling up the DagBag from /home/airflow/.local/lib/python3.6/site-packages/airflow/example_dags/example_latest_only.py
[2021-02-23 23:31:19,512] {scheduler_job.py:639} INFO - DAG(s) dict_keys(['latest_only']) retrieved from /home/airflow/.local/lib/python3.6/site-packages/airflow/example_dags/example_latest_only.py
[2021-02-23 23:31:19,536] {logging_mixin.py:104} INFO - [2021-02-23 23:31:19,536] {dag.py:1818} INFO - Sync 1 DAGs
[2021-02-23 23:31:19,552] {logging_mixin.py:104} INFO - [2021-02-23 23:31:19,552] {dag.py:2273} INFO - Setting next_dagrun for latest_only to 2021-02-21 00:00:00+00:00
[2021-02-23 23:31:19,695] {scheduler_job.py:190} INFO - Processing /home/airflow/.local/lib/python3.6/site-packages/airflow/example_dags/example_latest_only.py took 0.200 seconds
[2021-02-23 23:31:50,588] {scheduler_job.py:182} INFO - Started process (PID=325) to work on /home/airflow/.local/lib/python3.6/site-packages/airflow/example_dags/example_latest_only.py
[2021-02-23 23:31:50,589] {scheduler_job.py:629} INFO - Processing file /home/airflow/.local/lib/python3.6/site-packages/airflow/example_dags/example_latest_only.py for tasks to queue
[2021-02-23 23:31:50,590] {logging_mixin.py:104} INFO - [2021-02-23 23:31:50,590] {dagbag.py:448} INFO - Filling up the DagBag from /home/airflow/.local/lib/python3.6/site-packages/airflow/example_dags/example_latest_only.py
[2021-02-23 23:31:50,601] {scheduler_job.py:639} INFO - DAG(s) dict_keys(['latest_only']) retrieved from /home/airflow/.local/lib/python3.6/site-packages/airflow/example_dags/example_latest_only.py
[2021-02-23 23:31:50,617] {logging_mixin.py:104} INFO - [2021-02-23 23:31:50,617] {dag.py:1818} INFO - Sync 1 DAGs
[2021-02-23 23:31:50,631] {logging_mixin.py:104} INFO - [2021-02-23 23:31:50,631] {dag.py:2273} INFO - Setting next_dagrun for latest_only to 2021-02-21 00:00:00+00:00
[2021-02-23 23:31:50,691] {scheduler_job.py:190} INFO - Processing /home/airflow/.local/lib/python3.6/site-packages/airflow/example_dags/example_latest_only.py took 0.105 seconds
[2021-02-23 23:32:21,417] {scheduler_job.py:182} INFO - Started process (PID=352) to work on /home/airflow/.local/lib/python3.6/site-packages/airflow/example_dags/example_latest_only.py
[2021-02-23 23:32:21,418] {scheduler_job.py:629} INFO - Processing file /home/airflow/.local/lib/python3.6/site-packages/airflow/example_dags/example_latest_only.py for tasks to queue
[2021-02-23 23:32:21,418] {logging_mixin.py:104} INFO - [2021-02-23 23:32:21,418] {dagbag.py:448} INFO - Filling up the DagBag from /home/airflow/.local/lib/python3.6/site-packages/airflow/example_dags/example_latest_only.py
[2021-02-23 23:32:21,430] {scheduler_job.py:639} INFO - DAG(s) dict_keys(['latest_only']) retrieved from /home/airflow/.local/lib/python3.6/site-packages/airflow/example_dags/example_latest_only.py
[2021-02-23 23:32:21,448] {logging_mixin.py:104} INFO - [2021-02-23 23:32:21,448] {dag.py:1818} INFO - Sync 1 DAGs
[2021-02-23 23:32:21,463] {logging_mixin.py:104} INFO - [2021-02-23 23:32:21,463] {dag.py:2273} INFO - Setting next_dagrun for latest_only to 2021-02-21 00:00:00+00:00
[2021-02-23 23:32:21,533] {scheduler_job.py:190} INFO - Processing /home/airflow/.local/lib/python3.6/site-packages/airflow/example_dags/example_latest_only.py took 0.120 seconds
[2021-02-23 23:32:52,111] {scheduler_job.py:182} INFO - Started process (PID=379) to work on /home/airflow/.local/lib/python3.6/site-packages/airflow/example_dags/example_latest_only.py
[2021-02-23 23:32:52,113] {scheduler_job.py:629} INFO - Processing file /home/airflow/.local/lib/python3.6/site-packages/airflow/example_dags/example_latest_only.py for tasks to queue
[2021-02-23 23:32:52,113] {logging_mixin.py:104} INFO - [2021-02-23 23:32:52,113] {dagbag.py:448} INFO - Filling up the DagBag from /home/airflow/.local/lib/python3.6/site-packages/airflow/example_dags/example_latest_only.py
[2021-02-23 23:32:52,125] {scheduler_job.py:639} INFO - DAG(s) dict_keys(['latest_only']) retrieved from /home/airflow/.local/lib/python3.6/site-packages/airflow/example_dags/example_latest_only.py
[2021-02-23 23:32:52,141] {logging_mixin.py:104} INFO - [2021-02-23 23:32:52,141] {dag.py:1818} INFO - Sync 1 DAGs
[2021-02-23 23:32:52,153] {logging_mixin.py:104} INFO - [2021-02-23 23:32:52,153] {dag.py:2273} INFO - Setting next_dagrun for latest_only to 2021-02-21 00:00:00+00:00
[2021-02-23 23:32:52,219] {scheduler_job.py:190} INFO - Processing /home/airflow/.local/lib/python3.6/site-packages/airflow/example_dags/example_latest_only.py took 0.111 seconds
[2021-02-23 23:33:22,278] {scheduler_job.py:182} INFO - Started process (PID=406) to work on /home/airflow/.local/lib/python3.6/site-packages/airflow/example_dags/example_latest_only.py
[2021-02-23 23:33:22,280] {scheduler_job.py:629} INFO - Processing file /home/airflow/.local/lib/python3.6/site-packages/airflow/example_dags/example_latest_only.py for tasks to queue
[2021-02-23 23:33:22,281] {logging_mixin.py:104} INFO - [2021-02-23 23:33:22,281] {dagbag.py:448} INFO - Filling up the DagBag from /home/airflow/.local/lib/python3.6/site-packages/airflow/example_dags/example_latest_only.py
[2021-02-23 23:33:22,292] {scheduler_job.py:639} INFO - DAG(s) dict_keys(['latest_only']) retrieved from /home/airflow/.local/lib/python3.6/site-packages/airflow/example_dags/example_latest_only.py
[2021-02-23 23:33:22,311] {logging_mixin.py:104} INFO - [2021-02-23 23:33:22,311] {dag.py:1818} INFO - Sync 1 DAGs
[2021-02-23 23:33:22,323] {logging_mixin.py:104} INFO - [2021-02-23 23:33:22,323] {dag.py:2273} INFO - Setting next_dagrun for latest_only to 2021-02-21 00:00:00+00:00
[2021-02-23 23:33:22,362] {scheduler_job.py:190} INFO - Processing /home/airflow/.local/lib/python3.6/site-packages/airflow/example_dags/example_latest_only.py took 0.087 seconds
[2021-02-23 23:33:53,132] {scheduler_job.py:182} INFO - Started process (PID=433) to work on /home/airflow/.local/lib/python3.6/site-packages/airflow/example_dags/example_latest_only.py
[2021-02-23 23:33:53,134] {scheduler_job.py:629} INFO - Processing file /home/airflow/.local/lib/python3.6/site-packages/airflow/example_dags/example_latest_only.py for tasks to queue
[2021-02-23 23:33:53,135] {logging_mixin.py:104} INFO - [2021-02-23 23:33:53,135] {dagbag.py:448} INFO - Filling up the DagBag from /home/airflow/.local/lib/python3.6/site-packages/airflow/example_dags/example_latest_only.py
[2021-02-23 23:33:53,152] {scheduler_job.py:639} INFO - DAG(s) dict_keys(['latest_only']) retrieved from /home/airflow/.local/lib/python3.6/site-packages/airflow/example_dags/example_latest_only.py
[2021-02-23 23:33:53,170] {logging_mixin.py:104} INFO - [2021-02-23 23:33:53,169] {dag.py:1818} INFO - Sync 1 DAGs
[2021-02-23 23:33:53,183] {logging_mixin.py:104} INFO - [2021-02-23 23:33:53,183] {dag.py:2273} INFO - Setting next_dagrun for latest_only to 2021-02-21 00:00:00+00:00
[2021-02-23 23:33:53,225] {scheduler_job.py:190} INFO - Processing /home/airflow/.local/lib/python3.6/site-packages/airflow/example_dags/example_latest_only.py took 0.100 seconds
[2021-02-23 23:34:23,606] {scheduler_job.py:182} INFO - Started process (PID=460) to work on /home/airflow/.local/lib/python3.6/site-packages/airflow/example_dags/example_latest_only.py
[2021-02-23 23:34:23,607] {scheduler_job.py:629} INFO - Processing file /home/airflow/.local/lib/python3.6/site-packages/airflow/example_dags/example_latest_only.py for tasks to queue
[2021-02-23 23:34:23,607] {logging_mixin.py:104} INFO - [2021-02-23 23:34:23,607] {dagbag.py:448} INFO - Filling up the DagBag from /home/airflow/.local/lib/python3.6/site-packages/airflow/example_dags/example_latest_only.py
[2021-02-23 23:34:23,615] {scheduler_job.py:639} INFO - DAG(s) dict_keys(['latest_only']) retrieved from /home/airflow/.local/lib/python3.6/site-packages/airflow/example_dags/example_latest_only.py
[2021-02-23 23:34:23,632] {logging_mixin.py:104} INFO - [2021-02-23 23:34:23,632] {dag.py:1818} INFO - Sync 1 DAGs
[2021-02-23 23:34:23,647] {logging_mixin.py:104} INFO - [2021-02-23 23:34:23,647] {dag.py:2273} INFO - Setting next_dagrun for latest_only to 2021-02-21 00:00:00+00:00
[2021-02-23 23:34:23,676] {scheduler_job.py:190} INFO - Processing /home/airflow/.local/lib/python3.6/site-packages/airflow/example_dags/example_latest_only.py took 0.072 seconds
[2021-02-23 23:34:54,648] {scheduler_job.py:182} INFO - Started process (PID=487) to work on /home/airflow/.local/lib/python3.6/site-packages/airflow/example_dags/example_latest_only.py
[2021-02-23 23:34:54,649] {scheduler_job.py:629} INFO - Processing file /home/airflow/.local/lib/python3.6/site-packages/airflow/example_dags/example_latest_only.py for tasks to queue
[2021-02-23 23:34:54,649] {logging_mixin.py:104} INFO - [2021-02-23 23:34:54,649] {dagbag.py:448} INFO - Filling up the DagBag from /home/airflow/.local/lib/python3.6/site-packages/airflow/example_dags/example_latest_only.py
[2021-02-23 23:34:54,658] {scheduler_job.py:639} INFO - DAG(s) dict_keys(['latest_only']) retrieved from /home/airflow/.local/lib/python3.6/site-packages/airflow/example_dags/example_latest_only.py
[2021-02-23 23:34:54,674] {logging_mixin.py:104} INFO - [2021-02-23 23:34:54,674] {dag.py:1818} INFO - Sync 1 DAGs
[2021-02-23 23:34:54,689] {logging_mixin.py:104} INFO - [2021-02-23 23:34:54,689] {dag.py:2273} INFO - Setting next_dagrun for latest_only to 2021-02-21 00:00:00+00:00
[2021-02-23 23:34:54,719] {scheduler_job.py:190} INFO - Processing /home/airflow/.local/lib/python3.6/site-packages/airflow/example_dags/example_latest_only.py took 0.074 seconds
[2021-02-23 23:35:24,866] {scheduler_job.py:182} INFO - Started process (PID=515) to work on /home/airflow/.local/lib/python3.6/site-packages/airflow/example_dags/example_latest_only.py
[2021-02-23 23:35:24,867] {scheduler_job.py:629} INFO - Processing file /home/airflow/.local/lib/python3.6/site-packages/airflow/example_dags/example_latest_only.py for tasks to queue
[2021-02-23 23:35:24,868] {logging_mixin.py:104} INFO - [2021-02-23 23:35:24,868] {dagbag.py:448} INFO - Filling up the DagBag from /home/airflow/.local/lib/python3.6/site-packages/airflow/example_dags/example_latest_only.py
[2021-02-23 23:35:24,879] {scheduler_job.py:639} INFO - DAG(s) dict_keys(['latest_only']) retrieved from /home/airflow/.local/lib/python3.6/site-packages/airflow/example_dags/example_latest_only.py
[2021-02-23 23:35:24,896] {logging_mixin.py:104} INFO - [2021-02-23 23:35:24,896] {dag.py:1818} INFO - Sync 1 DAGs
[2021-02-23 23:35:24,909] {logging_mixin.py:104} INFO - [2021-02-23 23:35:24,909] {dag.py:2273} INFO - Setting next_dagrun for latest_only to 2021-02-21 00:00:00+00:00
[2021-02-23 23:35:24,965] {scheduler_job.py:190} INFO - Processing /home/airflow/.local/lib/python3.6/site-packages/airflow/example_dags/example_latest_only.py took 0.102 seconds
[2021-02-23 23:35:55,950] {scheduler_job.py:182} INFO - Started process (PID=542) to work on /home/airflow/.local/lib/python3.6/site-packages/airflow/example_dags/example_latest_only.py
[2021-02-23 23:35:55,951] {scheduler_job.py:629} INFO - Processing file /home/airflow/.local/lib/python3.6/site-packages/airflow/example_dags/example_latest_only.py for tasks to queue
[2021-02-23 23:35:55,951] {logging_mixin.py:104} INFO - [2021-02-23 23:35:55,951] {dagbag.py:448} INFO - Filling up the DagBag from /home/airflow/.local/lib/python3.6/site-packages/airflow/example_dags/example_latest_only.py
[2021-02-23 23:35:55,962] {scheduler_job.py:639} INFO - DAG(s) dict_keys(['latest_only']) retrieved from /home/airflow/.local/lib/python3.6/site-packages/airflow/example_dags/example_latest_only.py
[2021-02-23 23:35:55,982] {logging_mixin.py:104} INFO - [2021-02-23 23:35:55,981] {dag.py:1818} INFO - Sync 1 DAGs
[2021-02-23 23:35:55,998] {logging_mixin.py:104} INFO - [2021-02-23 23:35:55,998] {dag.py:2273} INFO - Setting next_dagrun for latest_only to 2021-02-21 00:00:00+00:00
[2021-02-23 23:35:56,036] {scheduler_job.py:190} INFO - Processing /home/airflow/.local/lib/python3.6/site-packages/airflow/example_dags/example_latest_only.py took 0.089 seconds
[2021-02-23 23:36:26,072] {scheduler_job.py:182} INFO - Started process (PID=569) to work on /home/airflow/.local/lib/python3.6/site-packages/airflow/example_dags/example_latest_only.py
[2021-02-23 23:36:26,073] {scheduler_job.py:629} INFO - Processing file /home/airflow/.local/lib/python3.6/site-packages/airflow/example_dags/example_latest_only.py for tasks to queue
[2021-02-23 23:36:26,073] {logging_mixin.py:104} INFO - [2021-02-23 23:36:26,073] {dagbag.py:448} INFO - Filling up the DagBag from /home/airflow/.local/lib/python3.6/site-packages/airflow/example_dags/example_latest_only.py
[2021-02-23 23:36:26,082] {scheduler_job.py:639} INFO - DAG(s) dict_keys(['latest_only']) retrieved from /home/airflow/.local/lib/python3.6/site-packages/airflow/example_dags/example_latest_only.py
[2021-02-23 23:36:26,098] {logging_mixin.py:104} INFO - [2021-02-23 23:36:26,098] {dag.py:1818} INFO - Sync 1 DAGs
[2021-02-23 23:36:26,110] {logging_mixin.py:104} INFO - [2021-02-23 23:36:26,109] {dag.py:2273} INFO - Setting next_dagrun for latest_only to 2021-02-21 00:00:00+00:00
[2021-02-23 23:36:26,151] {scheduler_job.py:190} INFO - Processing /home/airflow/.local/lib/python3.6/site-packages/airflow/example_dags/example_latest_only.py took 0.082 seconds
[2021-02-23 23:36:56,861] {scheduler_job.py:182} INFO - Started process (PID=596) to work on /home/airflow/.local/lib/python3.6/site-packages/airflow/example_dags/example_latest_only.py
[2021-02-23 23:36:56,862] {scheduler_job.py:629} INFO - Processing file /home/airflow/.local/lib/python3.6/site-packages/airflow/example_dags/example_latest_only.py for tasks to queue
[2021-02-23 23:36:56,863] {logging_mixin.py:104} INFO - [2021-02-23 23:36:56,863] {dagbag.py:448} INFO - Filling up the DagBag from /home/airflow/.local/lib/python3.6/site-packages/airflow/example_dags/example_latest_only.py
[2021-02-23 23:36:56,874] {scheduler_job.py:639} INFO - DAG(s) dict_keys(['latest_only']) retrieved from /home/airflow/.local/lib/python3.6/site-packages/airflow/example_dags/example_latest_only.py
[2021-02-23 23:36:56,899] {logging_mixin.py:104} INFO - [2021-02-23 23:36:56,899] {dag.py:1818} INFO - Sync 1 DAGs
[2021-02-23 23:36:56,916] {logging_mixin.py:104} INFO - [2021-02-23 23:36:56,916] {dag.py:2273} INFO - Setting next_dagrun for latest_only to 2021-02-21 00:00:00+00:00
[2021-02-23 23:36:56,946] {scheduler_job.py:190} INFO - Processing /home/airflow/.local/lib/python3.6/site-packages/airflow/example_dags/example_latest_only.py took 0.090 seconds
[2021-02-23 23:37:28,098] {scheduler_job.py:182} INFO - Started process (PID=623) to work on /home/airflow/.local/lib/python3.6/site-packages/airflow/example_dags/example_latest_only.py
[2021-02-23 23:37:28,099] {scheduler_job.py:629} INFO - Processing file /home/airflow/.local/lib/python3.6/site-packages/airflow/example_dags/example_latest_only.py for tasks to queue
[2021-02-23 23:37:28,101] {logging_mixin.py:104} INFO - [2021-02-23 23:37:28,101] {dagbag.py:448} INFO - Filling up the DagBag from /home/airflow/.local/lib/python3.6/site-packages/airflow/example_dags/example_latest_only.py
[2021-02-23 23:37:28,121] {scheduler_job.py:639} INFO - DAG(s) dict_keys(['latest_only']) retrieved from /home/airflow/.local/lib/python3.6/site-packages/airflow/example_dags/example_latest_only.py
[2021-02-23 23:37:28,154] {logging_mixin.py:104} INFO - [2021-02-23 23:37:28,154] {dag.py:1818} INFO - Sync 1 DAGs
[2021-02-23 23:37:28,173] {logging_mixin.py:104} INFO - [2021-02-23 23:37:28,173] {dag.py:2273} INFO - Setting next_dagrun for latest_only to 2021-02-21 00:00:00+00:00
[2021-02-23 23:37:28,434] {scheduler_job.py:190} INFO - Processing /home/airflow/.local/lib/python3.6/site-packages/airflow/example_dags/example_latest_only.py took 0.339 seconds
[2021-02-23 23:37:59,469] {scheduler_job.py:182} INFO - Started process (PID=651) to work on /home/airflow/.local/lib/python3.6/site-packages/airflow/example_dags/example_latest_only.py
[2021-02-23 23:37:59,472] {scheduler_job.py:629} INFO - Processing file /home/airflow/.local/lib/python3.6/site-packages/airflow/example_dags/example_latest_only.py for tasks to queue
[2021-02-23 23:37:59,473] {logging_mixin.py:104} INFO - [2021-02-23 23:37:59,473] {dagbag.py:448} INFO - Filling up the DagBag from /home/airflow/.local/lib/python3.6/site-packages/airflow/example_dags/example_latest_only.py
[2021-02-23 23:37:59,491] {scheduler_job.py:639} INFO - DAG(s) dict_keys(['latest_only']) retrieved from /home/airflow/.local/lib/python3.6/site-packages/airflow/example_dags/example_latest_only.py
[2021-02-23 23:37:59,511] {logging_mixin.py:104} INFO - [2021-02-23 23:37:59,511] {dag.py:1818} INFO - Sync 1 DAGs
[2021-02-23 23:37:59,526] {logging_mixin.py:104} INFO - [2021-02-23 23:37:59,526] {dag.py:2273} INFO - Setting next_dagrun for latest_only to 2021-02-21 00:00:00+00:00
[2021-02-23 23:37:59,584] {scheduler_job.py:190} INFO - Processing /home/airflow/.local/lib/python3.6/site-packages/airflow/example_dags/example_latest_only.py took 0.123 seconds
[2021-02-23 23:38:29,705] {scheduler_job.py:182} INFO - Started process (PID=678) to work on /home/airflow/.local/lib/python3.6/site-packages/airflow/example_dags/example_latest_only.py
[2021-02-23 23:38:29,706] {scheduler_job.py:629} INFO - Processing file /home/airflow/.local/lib/python3.6/site-packages/airflow/example_dags/example_latest_only.py for tasks to queue
[2021-02-23 23:38:29,707] {logging_mixin.py:104} INFO - [2021-02-23 23:38:29,707] {dagbag.py:448} INFO - Filling up the DagBag from /home/airflow/.local/lib/python3.6/site-packages/airflow/example_dags/example_latest_only.py
[2021-02-23 23:38:29,718] {scheduler_job.py:639} INFO - DAG(s) dict_keys(['latest_only']) retrieved from /home/airflow/.local/lib/python3.6/site-packages/airflow/example_dags/example_latest_only.py
[2021-02-23 23:38:29,738] {logging_mixin.py:104} INFO - [2021-02-23 23:38:29,738] {dag.py:1818} INFO - Sync 1 DAGs
[2021-02-23 23:38:29,752] {logging_mixin.py:104} INFO - [2021-02-23 23:38:29,752] {dag.py:2273} INFO - Setting next_dagrun for latest_only to 2021-02-21 00:00:00+00:00
[2021-02-23 23:38:29,785] {scheduler_job.py:190} INFO - Processing /home/airflow/.local/lib/python3.6/site-packages/airflow/example_dags/example_latest_only.py took 0.083 seconds
[2021-02-23 23:39:00,282] {scheduler_job.py:182} INFO - Started process (PID=705) to work on /home/airflow/.local/lib/python3.6/site-packages/airflow/example_dags/example_latest_only.py
[2021-02-23 23:39:00,284] {scheduler_job.py:629} INFO - Processing file /home/airflow/.local/lib/python3.6/site-packages/airflow/example_dags/example_latest_only.py for tasks to queue
[2021-02-23 23:39:00,285] {logging_mixin.py:104} INFO - [2021-02-23 23:39:00,285] {dagbag.py:448} INFO - Filling up the DagBag from /home/airflow/.local/lib/python3.6/site-packages/airflow/example_dags/example_latest_only.py
[2021-02-23 23:39:00,297] {scheduler_job.py:639} INFO - DAG(s) dict_keys(['latest_only']) retrieved from /home/airflow/.local/lib/python3.6/site-packages/airflow/example_dags/example_latest_only.py
[2021-02-23 23:39:00,315] {logging_mixin.py:104} INFO - [2021-02-23 23:39:00,315] {dag.py:1818} INFO - Sync 1 DAGs
[2021-02-23 23:39:00,329] {logging_mixin.py:104} INFO - [2021-02-23 23:39:00,329] {dag.py:2273} INFO - Setting next_dagrun for latest_only to 2021-02-21 00:00:00+00:00
[2021-02-23 23:39:00,367] {scheduler_job.py:190} INFO - Processing /home/airflow/.local/lib/python3.6/site-packages/airflow/example_dags/example_latest_only.py took 0.090 seconds
[2021-02-23 23:39:30,432] {scheduler_job.py:182} INFO - Started process (PID=732) to work on /home/airflow/.local/lib/python3.6/site-packages/airflow/example_dags/example_latest_only.py
[2021-02-23 23:39:30,433] {scheduler_job.py:629} INFO - Processing file /home/airflow/.local/lib/python3.6/site-packages/airflow/example_dags/example_latest_only.py for tasks to queue
[2021-02-23 23:39:30,433] {logging_mixin.py:104} INFO - [2021-02-23 23:39:30,433] {dagbag.py:448} INFO - Filling up the DagBag from /home/airflow/.local/lib/python3.6/site-packages/airflow/example_dags/example_latest_only.py
[2021-02-23 23:39:30,444] {scheduler_job.py:639} INFO - DAG(s) dict_keys(['latest_only']) retrieved from /home/airflow/.local/lib/python3.6/site-packages/airflow/example_dags/example_latest_only.py
[2021-02-23 23:39:30,460] {logging_mixin.py:104} INFO - [2021-02-23 23:39:30,460] {dag.py:1818} INFO - Sync 1 DAGs
[2021-02-23 23:39:30,471] {logging_mixin.py:104} INFO - [2021-02-23 23:39:30,471] {dag.py:2273} INFO - Setting next_dagrun for latest_only to 2021-02-21 00:00:00+00:00
[2021-02-23 23:39:30,531] {scheduler_job.py:190} INFO - Processing /home/airflow/.local/lib/python3.6/site-packages/airflow/example_dags/example_latest_only.py took 0.102 seconds
[2021-02-23 23:40:00,640] {scheduler_job.py:182} INFO - Started process (PID=759) to work on /home/airflow/.local/lib/python3.6/site-packages/airflow/example_dags/example_latest_only.py
[2021-02-23 23:40:00,643] {scheduler_job.py:629} INFO - Processing file /home/airflow/.local/lib/python3.6/site-packages/airflow/example_dags/example_latest_only.py for tasks to queue
[2021-02-23 23:40:00,644] {logging_mixin.py:104} INFO - [2021-02-23 23:40:00,644] {dagbag.py:448} INFO - Filling up the DagBag from /home/airflow/.local/lib/python3.6/site-packages/airflow/example_dags/example_latest_only.py
[2021-02-23 23:40:00,665] {scheduler_job.py:639} INFO - DAG(s) dict_keys(['latest_only']) retrieved from /home/airflow/.local/lib/python3.6/site-packages/airflow/example_dags/example_latest_only.py
[2021-02-23 23:40:00,682] {logging_mixin.py:104} INFO - [2021-02-23 23:40:00,682] {dag.py:1818} INFO - Sync 1 DAGs
[2021-02-23 23:40:00,694] {logging_mixin.py:104} INFO - [2021-02-23 23:40:00,694] {dag.py:2273} INFO - Setting next_dagrun for latest_only to 2021-02-21 00:00:00+00:00
[2021-02-23 23:40:00,725] {scheduler_job.py:190} INFO - Processing /home/airflow/.local/lib/python3.6/site-packages/airflow/example_dags/example_latest_only.py took 0.092 seconds
[2021-02-23 23:40:31,195] {scheduler_job.py:182} INFO - Started process (PID=786) to work on /home/airflow/.local/lib/python3.6/site-packages/airflow/example_dags/example_latest_only.py
[2021-02-23 23:40:31,196] {scheduler_job.py:629} INFO - Processing file /home/airflow/.local/lib/python3.6/site-packages/airflow/example_dags/example_latest_only.py for tasks to queue
[2021-02-23 23:40:31,197] {logging_mixin.py:104} INFO - [2021-02-23 23:40:31,197] {dagbag.py:448} INFO - Filling up the DagBag from /home/airflow/.local/lib/python3.6/site-packages/airflow/example_dags/example_latest_only.py
[2021-02-23 23:40:31,209] {scheduler_job.py:639} INFO - DAG(s) dict_keys(['latest_only']) retrieved from /home/airflow/.local/lib/python3.6/site-packages/airflow/example_dags/example_latest_only.py
[2021-02-23 23:40:31,228] {logging_mixin.py:104} INFO - [2021-02-23 23:40:31,228] {dag.py:1818} INFO - Sync 1 DAGs
[2021-02-23 23:40:31,242] {logging_mixin.py:104} INFO - [2021-02-23 23:40:31,242] {dag.py:2273} INFO - Setting next_dagrun for latest_only to 2021-02-21 00:00:00+00:00
[2021-02-23 23:40:31,277] {scheduler_job.py:190} INFO - Processing /home/airflow/.local/lib/python3.6/site-packages/airflow/example_dags/example_latest_only.py took 0.088 seconds
[2021-02-23 23:41:01,952] {scheduler_job.py:182} INFO - Started process (PID=813) to work on /home/airflow/.local/lib/python3.6/site-packages/airflow/example_dags/example_latest_only.py
[2021-02-23 23:41:01,953] {scheduler_job.py:629} INFO - Processing file /home/airflow/.local/lib/python3.6/site-packages/airflow/example_dags/example_latest_only.py for tasks to queue
[2021-02-23 23:41:01,954] {logging_mixin.py:104} INFO - [2021-02-23 23:41:01,954] {dagbag.py:448} INFO - Filling up the DagBag from /home/airflow/.local/lib/python3.6/site-packages/airflow/example_dags/example_latest_only.py
[2021-02-23 23:41:01,965] {scheduler_job.py:639} INFO - DAG(s) dict_keys(['latest_only']) retrieved from /home/airflow/.local/lib/python3.6/site-packages/airflow/example_dags/example_latest_only.py
[2021-02-23 23:41:01,984] {logging_mixin.py:104} INFO - [2021-02-23 23:41:01,984] {dag.py:1818} INFO - Sync 1 DAGs
[2021-02-23 23:41:01,998] {logging_mixin.py:104} INFO - [2021-02-23 23:41:01,998] {dag.py:2273} INFO - Setting next_dagrun for latest_only to 2021-02-21 00:00:00+00:00
[2021-02-23 23:41:02,133] {scheduler_job.py:190} INFO - Processing /home/airflow/.local/lib/python3.6/site-packages/airflow/example_dags/example_latest_only.py took 0.185 seconds
[2021-02-23 23:41:32,722] {scheduler_job.py:182} INFO - Started process (PID=840) to work on /home/airflow/.local/lib/python3.6/site-packages/airflow/example_dags/example_latest_only.py
[2021-02-23 23:41:32,723] {scheduler_job.py:629} INFO - Processing file /home/airflow/.local/lib/python3.6/site-packages/airflow/example_dags/example_latest_only.py for tasks to queue
[2021-02-23 23:41:32,724] {logging_mixin.py:104} INFO - [2021-02-23 23:41:32,724] {dagbag.py:448} INFO - Filling up the DagBag from /home/airflow/.local/lib/python3.6/site-packages/airflow/example_dags/example_latest_only.py
[2021-02-23 23:41:32,732] {scheduler_job.py:639} INFO - DAG(s) dict_keys(['latest_only']) retrieved from /home/airflow/.local/lib/python3.6/site-packages/airflow/example_dags/example_latest_only.py
[2021-02-23 23:41:32,746] {logging_mixin.py:104} INFO - [2021-02-23 23:41:32,746] {dag.py:1818} INFO - Sync 1 DAGs
[2021-02-23 23:41:32,758] {logging_mixin.py:104} INFO - [2021-02-23 23:41:32,758] {dag.py:2273} INFO - Setting next_dagrun for latest_only to 2021-02-21 00:00:00+00:00
[2021-02-23 23:41:32,883] {scheduler_job.py:190} INFO - Processing /home/airflow/.local/lib/python3.6/site-packages/airflow/example_dags/example_latest_only.py took 0.163 seconds
[2021-02-23 23:42:03,684] {scheduler_job.py:182} INFO - Started process (PID=867) to work on /home/airflow/.local/lib/python3.6/site-packages/airflow/example_dags/example_latest_only.py
[2021-02-23 23:42:03,686] {scheduler_job.py:629} INFO - Processing file /home/airflow/.local/lib/python3.6/site-packages/airflow/example_dags/example_latest_only.py for tasks to queue
[2021-02-23 23:42:03,686] {logging_mixin.py:104} INFO - [2021-02-23 23:42:03,686] {dagbag.py:448} INFO - Filling up the DagBag from /home/airflow/.local/lib/python3.6/site-packages/airflow/example_dags/example_latest_only.py
[2021-02-23 23:42:03,697] {scheduler_job.py:639} INFO - DAG(s) dict_keys(['latest_only']) retrieved from /home/airflow/.local/lib/python3.6/site-packages/airflow/example_dags/example_latest_only.py
[2021-02-23 23:42:03,712] {logging_mixin.py:104} INFO - [2021-02-23 23:42:03,712] {dag.py:1818} INFO - Sync 1 DAGs
[2021-02-23 23:42:03,724] {logging_mixin.py:104} INFO - [2021-02-23 23:42:03,724] {dag.py:2273} INFO - Setting next_dagrun for latest_only to 2021-02-21 00:00:00+00:00
[2021-02-23 23:42:03,893] {scheduler_job.py:190} INFO - Processing /home/airflow/.local/lib/python3.6/site-packages/airflow/example_dags/example_latest_only.py took 0.213 seconds
[2021-02-23 23:42:34,072] {scheduler_job.py:182} INFO - Started process (PID=894) to work on /home/airflow/.local/lib/python3.6/site-packages/airflow/example_dags/example_latest_only.py
[2021-02-23 23:42:34,073] {scheduler_job.py:629} INFO - Processing file /home/airflow/.local/lib/python3.6/site-packages/airflow/example_dags/example_latest_only.py for tasks to queue
[2021-02-23 23:42:34,074] {logging_mixin.py:104} INFO - [2021-02-23 23:42:34,074] {dagbag.py:448} INFO - Filling up the DagBag from /home/airflow/.local/lib/python3.6/site-packages/airflow/example_dags/example_latest_only.py
[2021-02-23 23:42:34,083] {scheduler_job.py:639} INFO - DAG(s) dict_keys(['latest_only']) retrieved from /home/airflow/.local/lib/python3.6/site-packages/airflow/example_dags/example_latest_only.py
[2021-02-23 23:42:34,100] {logging_mixin.py:104} INFO - [2021-02-23 23:42:34,100] {dag.py:1818} INFO - Sync 1 DAGs
[2021-02-23 23:42:34,113] {logging_mixin.py:104} INFO - [2021-02-23 23:42:34,113] {dag.py:2273} INFO - Setting next_dagrun for latest_only to 2021-02-21 00:00:00+00:00
[2021-02-23 23:42:34,254] {scheduler_job.py:190} INFO - Processing /home/airflow/.local/lib/python3.6/site-packages/airflow/example_dags/example_latest_only.py took 0.185 seconds
[2021-02-23 23:43:04,418] {scheduler_job.py:182} INFO - Started process (PID=921) to work on /home/airflow/.local/lib/python3.6/site-packages/airflow/example_dags/example_latest_only.py
[2021-02-23 23:43:04,421] {scheduler_job.py:629} INFO - Processing file /home/airflow/.local/lib/python3.6/site-packages/airflow/example_dags/example_latest_only.py for tasks to queue
[2021-02-23 23:43:04,422] {logging_mixin.py:104} INFO - [2021-02-23 23:43:04,422] {dagbag.py:448} INFO - Filling up the DagBag from /home/airflow/.local/lib/python3.6/site-packages/airflow/example_dags/example_latest_only.py
[2021-02-23 23:43:04,440] {scheduler_job.py:639} INFO - DAG(s) dict_keys(['latest_only']) retrieved from /home/airflow/.local/lib/python3.6/site-packages/airflow/example_dags/example_latest_only.py
[2021-02-23 23:43:04,456] {logging_mixin.py:104} INFO - [2021-02-23 23:43:04,456] {dag.py:1818} INFO - Sync 1 DAGs
[2021-02-23 23:43:04,468] {logging_mixin.py:104} INFO - [2021-02-23 23:43:04,468] {dag.py:2273} INFO - Setting next_dagrun for latest_only to 2021-02-21 00:00:00+00:00
[2021-02-23 23:43:04,503] {scheduler_job.py:190} INFO - Processing /home/airflow/.local/lib/python3.6/site-packages/airflow/example_dags/example_latest_only.py took 0.094 seconds
[2021-02-23 23:43:35,138] {scheduler_job.py:182} INFO - Started process (PID=948) to work on /home/airflow/.local/lib/python3.6/site-packages/airflow/example_dags/example_latest_only.py
[2021-02-23 23:43:35,140] {scheduler_job.py:629} INFO - Processing file /home/airflow/.local/lib/python3.6/site-packages/airflow/example_dags/example_latest_only.py for tasks to queue
[2021-02-23 23:43:35,140] {logging_mixin.py:104} INFO - [2021-02-23 23:43:35,140] {dagbag.py:448} INFO - Filling up the DagBag from /home/airflow/.local/lib/python3.6/site-packages/airflow/example_dags/example_latest_only.py
[2021-02-23 23:43:35,149] {scheduler_job.py:639} INFO - DAG(s) dict_keys(['latest_only']) retrieved from /home/airflow/.local/lib/python3.6/site-packages/airflow/example_dags/example_latest_only.py
[2021-02-23 23:43:35,166] {logging_mixin.py:104} INFO - [2021-02-23 23:43:35,166] {dag.py:1818} INFO - Sync 1 DAGs
[2021-02-23 23:43:35,179] {logging_mixin.py:104} INFO - [2021-02-23 23:43:35,179] {dag.py:2273} INFO - Setting next_dagrun for latest_only to 2021-02-21 00:00:00+00:00
[2021-02-23 23:43:35,209] {scheduler_job.py:190} INFO - Processing /home/airflow/.local/lib/python3.6/site-packages/airflow/example_dags/example_latest_only.py took 0.073 seconds
[2021-02-23 23:44:05,422] {scheduler_job.py:182} INFO - Started process (PID=975) to work on /home/airflow/.local/lib/python3.6/site-packages/airflow/example_dags/example_latest_only.py
[2021-02-23 23:44:05,423] {scheduler_job.py:629} INFO - Processing file /home/airflow/.local/lib/python3.6/site-packages/airflow/example_dags/example_latest_only.py for tasks to queue
[2021-02-23 23:44:05,423] {logging_mixin.py:104} INFO - [2021-02-23 23:44:05,423] {dagbag.py:448} INFO - Filling up the DagBag from /home/airflow/.local/lib/python3.6/site-packages/airflow/example_dags/example_latest_only.py
[2021-02-23 23:44:05,434] {scheduler_job.py:639} INFO - DAG(s) dict_keys(['latest_only']) retrieved from /home/airflow/.local/lib/python3.6/site-packages/airflow/example_dags/example_latest_only.py
[2021-02-23 23:44:05,451] {logging_mixin.py:104} INFO - [2021-02-23 23:44:05,451] {dag.py:1818} INFO - Sync 1 DAGs
[2021-02-23 23:44:05,464] {logging_mixin.py:104} INFO - [2021-02-23 23:44:05,464] {dag.py:2273} INFO - Setting next_dagrun for latest_only to 2021-02-21 00:00:00+00:00
[2021-02-23 23:44:05,500] {scheduler_job.py:190} INFO - Processing /home/airflow/.local/lib/python3.6/site-packages/airflow/example_dags/example_latest_only.py took 0.081 seconds
[2021-02-23 23:44:35,569] {scheduler_job.py:182} INFO - Started process (PID=1002) to work on /home/airflow/.local/lib/python3.6/site-packages/airflow/example_dags/example_latest_only.py
[2021-02-23 23:44:35,570] {scheduler_job.py:629} INFO - Processing file /home/airflow/.local/lib/python3.6/site-packages/airflow/example_dags/example_latest_only.py for tasks to queue
[2021-02-23 23:44:35,571] {logging_mixin.py:104} INFO - [2021-02-23 23:44:35,571] {dagbag.py:448} INFO - Filling up the DagBag from /home/airflow/.local/lib/python3.6/site-packages/airflow/example_dags/example_latest_only.py
[2021-02-23 23:44:35,580] {scheduler_job.py:639} INFO - DAG(s) dict_keys(['latest_only']) retrieved from /home/airflow/.local/lib/python3.6/site-packages/airflow/example_dags/example_latest_only.py
[2021-02-23 23:44:35,597] {logging_mixin.py:104} INFO - [2021-02-23 23:44:35,597] {dag.py:1818} INFO - Sync 1 DAGs
[2021-02-23 23:44:35,610] {logging_mixin.py:104} INFO - [2021-02-23 23:44:35,610] {dag.py:2273} INFO - Setting next_dagrun for latest_only to 2021-02-21 00:00:00+00:00
[2021-02-23 23:44:35,649] {scheduler_job.py:190} INFO - Processing /home/airflow/.local/lib/python3.6/site-packages/airflow/example_dags/example_latest_only.py took 0.083 seconds
[2021-02-23 23:45:05,691] {scheduler_job.py:182} INFO - Started process (PID=1029) to work on /home/airflow/.local/lib/python3.6/site-packages/airflow/example_dags/example_latest_only.py
[2021-02-23 23:45:05,693] {scheduler_job.py:629} INFO - Processing file /home/airflow/.local/lib/python3.6/site-packages/airflow/example_dags/example_latest_only.py for tasks to queue
[2021-02-23 23:45:05,693] {logging_mixin.py:104} INFO - [2021-02-23 23:45:05,693] {dagbag.py:448} INFO - Filling up the DagBag from /home/airflow/.local/lib/python3.6/site-packages/airflow/example_dags/example_latest_only.py
[2021-02-23 23:45:05,705] {scheduler_job.py:639} INFO - DAG(s) dict_keys(['latest_only']) retrieved from /home/airflow/.local/lib/python3.6/site-packages/airflow/example_dags/example_latest_only.py
[2021-02-23 23:45:05,722] {logging_mixin.py:104} INFO - [2021-02-23 23:45:05,722] {dag.py:1818} INFO - Sync 1 DAGs
[2021-02-23 23:45:05,734] {logging_mixin.py:104} INFO - [2021-02-23 23:45:05,734] {dag.py:2273} INFO - Setting next_dagrun for latest_only to 2021-02-21 00:00:00+00:00
[2021-02-23 23:45:05,771] {scheduler_job.py:190} INFO - Processing /home/airflow/.local/lib/python3.6/site-packages/airflow/example_dags/example_latest_only.py took 0.083 seconds
[2021-02-23 23:45:36,215] {scheduler_job.py:182} INFO - Started process (PID=1056) to work on /home/airflow/.local/lib/python3.6/site-packages/airflow/example_dags/example_latest_only.py
[2021-02-23 23:45:36,216] {scheduler_job.py:629} INFO - Processing file /home/airflow/.local/lib/python3.6/site-packages/airflow/example_dags/example_latest_only.py for tasks to queue
[2021-02-23 23:45:36,216] {logging_mixin.py:104} INFO - [2021-02-23 23:45:36,216] {dagbag.py:448} INFO - Filling up the DagBag from /home/airflow/.local/lib/python3.6/site-packages/airflow/example_dags/example_latest_only.py
[2021-02-23 23:45:36,226] {scheduler_job.py:639} INFO - DAG(s) dict_keys(['latest_only']) retrieved from /home/airflow/.local/lib/python3.6/site-packages/airflow/example_dags/example_latest_only.py
[2021-02-23 23:45:36,243] {logging_mixin.py:104} INFO - [2021-02-23 23:45:36,243] {dag.py:1818} INFO - Sync 1 DAGs
[2021-02-23 23:45:36,254] {logging_mixin.py:104} INFO - [2021-02-23 23:45:36,254] {dag.py:2273} INFO - Setting next_dagrun for latest_only to 2021-02-21 00:00:00+00:00
[2021-02-23 23:45:36,285] {scheduler_job.py:190} INFO - Processing /home/airflow/.local/lib/python3.6/site-packages/airflow/example_dags/example_latest_only.py took 0.073 seconds
[2021-02-23 23:46:06,906] {scheduler_job.py:182} INFO - Started process (PID=1083) to work on /home/airflow/.local/lib/python3.6/site-packages/airflow/example_dags/example_latest_only.py
[2021-02-23 23:46:06,907] {scheduler_job.py:629} INFO - Processing file /home/airflow/.local/lib/python3.6/site-packages/airflow/example_dags/example_latest_only.py for tasks to queue
[2021-02-23 23:46:06,907] {logging_mixin.py:104} INFO - [2021-02-23 23:46:06,907] {dagbag.py:448} INFO - Filling up the DagBag from /home/airflow/.local/lib/python3.6/site-packages/airflow/example_dags/example_latest_only.py
[2021-02-23 23:46:06,916] {scheduler_job.py:639} INFO - DAG(s) dict_keys(['latest_only']) retrieved from /home/airflow/.local/lib/python3.6/site-packages/airflow/example_dags/example_latest_only.py
[2021-02-23 23:46:06,931] {logging_mixin.py:104} INFO - [2021-02-23 23:46:06,931] {dag.py:1818} INFO - Sync 1 DAGs
[2021-02-23 23:46:06,944] {logging_mixin.py:104} INFO - [2021-02-23 23:46:06,944] {dag.py:2273} INFO - Setting next_dagrun for latest_only to 2021-02-21 00:00:00+00:00
[2021-02-23 23:46:06,978] {scheduler_job.py:190} INFO - Processing /home/airflow/.local/lib/python3.6/site-packages/airflow/example_dags/example_latest_only.py took 0.074 seconds
[2021-02-23 23:46:38,022] {scheduler_job.py:182} INFO - Started process (PID=1110) to work on /home/airflow/.local/lib/python3.6/site-packages/airflow/example_dags/example_latest_only.py
[2021-02-23 23:46:38,023] {scheduler_job.py:629} INFO - Processing file /home/airflow/.local/lib/python3.6/site-packages/airflow/example_dags/example_latest_only.py for tasks to queue
[2021-02-23 23:46:38,024] {logging_mixin.py:104} INFO - [2021-02-23 23:46:38,024] {dagbag.py:448} INFO - Filling up the DagBag from /home/airflow/.local/lib/python3.6/site-packages/airflow/example_dags/example_latest_only.py
[2021-02-23 23:46:38,034] {scheduler_job.py:639} INFO - DAG(s) dict_keys(['latest_only']) retrieved from /home/airflow/.local/lib/python3.6/site-packages/airflow/example_dags/example_latest_only.py
[2021-02-23 23:46:38,051] {logging_mixin.py:104} INFO - [2021-02-23 23:46:38,051] {dag.py:1818} INFO - Sync 1 DAGs
[2021-02-23 23:46:38,063] {logging_mixin.py:104} INFO - [2021-02-23 23:46:38,063] {dag.py:2273} INFO - Setting next_dagrun for latest_only to 2021-02-21 00:00:00+00:00
[2021-02-23 23:46:38,119] {scheduler_job.py:190} INFO - Processing /home/airflow/.local/lib/python3.6/site-packages/airflow/example_dags/example_latest_only.py took 0.100 seconds
[2021-02-23 23:47:08,875] {scheduler_job.py:182} INFO - Started process (PID=1137) to work on /home/airflow/.local/lib/python3.6/site-packages/airflow/example_dags/example_latest_only.py
[2021-02-23 23:47:08,877] {scheduler_job.py:629} INFO - Processing file /home/airflow/.local/lib/python3.6/site-packages/airflow/example_dags/example_latest_only.py for tasks to queue
[2021-02-23 23:47:08,878] {logging_mixin.py:104} INFO - [2021-02-23 23:47:08,878] {dagbag.py:448} INFO - Filling up the DagBag from /home/airflow/.local/lib/python3.6/site-packages/airflow/example_dags/example_latest_only.py
[2021-02-23 23:47:08,896] {scheduler_job.py:639} INFO - DAG(s) dict_keys(['latest_only']) retrieved from /home/airflow/.local/lib/python3.6/site-packages/airflow/example_dags/example_latest_only.py
[2021-02-23 23:47:08,919] {logging_mixin.py:104} INFO - [2021-02-23 23:47:08,919] {dag.py:1818} INFO - Sync 1 DAGs
[2021-02-23 23:47:08,938] {logging_mixin.py:104} INFO - [2021-02-23 23:47:08,938] {dag.py:2273} INFO - Setting next_dagrun for latest_only to 2021-02-21 00:00:00+00:00
[2021-02-23 23:47:08,972] {scheduler_job.py:190} INFO - Processing /home/airflow/.local/lib/python3.6/site-packages/airflow/example_dags/example_latest_only.py took 0.101 seconds
[2021-02-23 23:47:39,950] {scheduler_job.py:182} INFO - Started process (PID=1164) to work on /home/airflow/.local/lib/python3.6/site-packages/airflow/example_dags/example_latest_only.py
[2021-02-23 23:47:39,952] {scheduler_job.py:629} INFO - Processing file /home/airflow/.local/lib/python3.6/site-packages/airflow/example_dags/example_latest_only.py for tasks to queue
[2021-02-23 23:47:39,953] {logging_mixin.py:104} INFO - [2021-02-23 23:47:39,953] {dagbag.py:448} INFO - Filling up the DagBag from /home/airflow/.local/lib/python3.6/site-packages/airflow/example_dags/example_latest_only.py
[2021-02-23 23:47:39,966] {scheduler_job.py:639} INFO - DAG(s) dict_keys(['latest_only']) retrieved from /home/airflow/.local/lib/python3.6/site-packages/airflow/example_dags/example_latest_only.py
[2021-02-23 23:47:39,985] {logging_mixin.py:104} INFO - [2021-02-23 23:47:39,985] {dag.py:1818} INFO - Sync 1 DAGs
[2021-02-23 23:47:39,998] {logging_mixin.py:104} INFO - [2021-02-23 23:47:39,998] {dag.py:2273} INFO - Setting next_dagrun for latest_only to 2021-02-21 00:00:00+00:00
[2021-02-23 23:47:40,028] {scheduler_job.py:190} INFO - Processing /home/airflow/.local/lib/python3.6/site-packages/airflow/example_dags/example_latest_only.py took 0.085 seconds
[2021-02-23 23:48:10,934] {scheduler_job.py:182} INFO - Started process (PID=1191) to work on /home/airflow/.local/lib/python3.6/site-packages/airflow/example_dags/example_latest_only.py
[2021-02-23 23:48:10,936] {scheduler_job.py:629} INFO - Processing file /home/airflow/.local/lib/python3.6/site-packages/airflow/example_dags/example_latest_only.py for tasks to queue
[2021-02-23 23:48:10,937] {logging_mixin.py:104} INFO - [2021-02-23 23:48:10,937] {dagbag.py:448} INFO - Filling up the DagBag from /home/airflow/.local/lib/python3.6/site-packages/airflow/example_dags/example_latest_only.py
[2021-02-23 23:48:10,945] {scheduler_job.py:639} INFO - DAG(s) dict_keys(['latest_only']) retrieved from /home/airflow/.local/lib/python3.6/site-packages/airflow/example_dags/example_latest_only.py
[2021-02-23 23:48:10,961] {logging_mixin.py:104} INFO - [2021-02-23 23:48:10,961] {dag.py:1818} INFO - Sync 1 DAGs
[2021-02-23 23:48:10,974] {logging_mixin.py:104} INFO - [2021-02-23 23:48:10,974] {dag.py:2273} INFO - Setting next_dagrun for latest_only to 2021-02-21 00:00:00+00:00
[2021-02-23 23:48:11,091] {scheduler_job.py:190} INFO - Processing /home/airflow/.local/lib/python3.6/site-packages/airflow/example_dags/example_latest_only.py took 0.162 seconds
[2021-02-23 23:48:41,219] {scheduler_job.py:182} INFO - Started process (PID=1218) to work on /home/airflow/.local/lib/python3.6/site-packages/airflow/example_dags/example_latest_only.py
[2021-02-23 23:48:41,220] {scheduler_job.py:629} INFO - Processing file /home/airflow/.local/lib/python3.6/site-packages/airflow/example_dags/example_latest_only.py for tasks to queue
[2021-02-23 23:48:41,221] {logging_mixin.py:104} INFO - [2021-02-23 23:48:41,221] {dagbag.py:448} INFO - Filling up the DagBag from /home/airflow/.local/lib/python3.6/site-packages/airflow/example_dags/example_latest_only.py
[2021-02-23 23:48:41,230] {scheduler_job.py:639} INFO - DAG(s) dict_keys(['latest_only']) retrieved from /home/airflow/.local/lib/python3.6/site-packages/airflow/example_dags/example_latest_only.py
[2021-02-23 23:48:41,250] {logging_mixin.py:104} INFO - [2021-02-23 23:48:41,249] {dag.py:1818} INFO - Sync 1 DAGs
[2021-02-23 23:48:41,263] {logging_mixin.py:104} INFO - [2021-02-23 23:48:41,263] {dag.py:2273} INFO - Setting next_dagrun for latest_only to 2021-02-21 00:00:00+00:00
[2021-02-23 23:48:41,300] {scheduler_job.py:190} INFO - Processing /home/airflow/.local/lib/python3.6/site-packages/airflow/example_dags/example_latest_only.py took 0.083 seconds
[2021-02-23 23:49:12,310] {scheduler_job.py:182} INFO - Started process (PID=1245) to work on /home/airflow/.local/lib/python3.6/site-packages/airflow/example_dags/example_latest_only.py
[2021-02-23 23:49:12,311] {scheduler_job.py:629} INFO - Processing file /home/airflow/.local/lib/python3.6/site-packages/airflow/example_dags/example_latest_only.py for tasks to queue
[2021-02-23 23:49:12,312] {logging_mixin.py:104} INFO - [2021-02-23 23:49:12,311] {dagbag.py:448} INFO - Filling up the DagBag from /home/airflow/.local/lib/python3.6/site-packages/airflow/example_dags/example_latest_only.py
[2021-02-23 23:49:12,320] {scheduler_job.py:639} INFO - DAG(s) dict_keys(['latest_only']) retrieved from /home/airflow/.local/lib/python3.6/site-packages/airflow/example_dags/example_latest_only.py
[2021-02-23 23:49:12,336] {logging_mixin.py:104} INFO - [2021-02-23 23:49:12,336] {dag.py:1818} INFO - Sync 1 DAGs
[2021-02-23 23:49:12,351] {logging_mixin.py:104} INFO - [2021-02-23 23:49:12,351] {dag.py:2273} INFO - Setting next_dagrun for latest_only to 2021-02-21 00:00:00+00:00
[2021-02-23 23:49:12,379] {scheduler_job.py:190} INFO - Processing /home/airflow/.local/lib/python3.6/site-packages/airflow/example_dags/example_latest_only.py took 0.072 seconds
