[2021-02-23 23:15:26,304] {scheduler_job.py:182} INFO - Started process (PID=31) to work on /home/airflow/.local/lib/python3.6/site-packages/airflow/example_dags/example_complex.py
[2021-02-23 23:15:26,305] {scheduler_job.py:629} INFO - Processing file /home/airflow/.local/lib/python3.6/site-packages/airflow/example_dags/example_complex.py for tasks to queue
[2021-02-23 23:15:26,305] {logging_mixin.py:104} INFO - [2021-02-23 23:15:26,305] {dagbag.py:448} INFO - Filling up the DagBag from /home/airflow/.local/lib/python3.6/site-packages/airflow/example_dags/example_complex.py
[2021-02-23 23:15:26,326] {scheduler_job.py:639} INFO - DAG(s) dict_keys(['example_complex']) retrieved from /home/airflow/.local/lib/python3.6/site-packages/airflow/example_dags/example_complex.py
[2021-02-23 23:15:26,360] {logging_mixin.py:104} INFO - [2021-02-23 23:15:26,360] {dag.py:1818} INFO - Sync 1 DAGs
[2021-02-23 23:15:26,370] {logging_mixin.py:104} INFO - [2021-02-23 23:15:26,370] {dag.py:1837} INFO - Creating ORM DAG for example_complex
[2021-02-23 23:15:26,377] {logging_mixin.py:104} INFO - [2021-02-23 23:15:26,376] {dag.py:2273} INFO - Setting next_dagrun for example_complex to None
[2021-02-23 23:15:26,426] {scheduler_job.py:190} INFO - Processing /home/airflow/.local/lib/python3.6/site-packages/airflow/example_dags/example_complex.py took 0.126 seconds
[2021-02-23 23:15:57,208] {scheduler_job.py:182} INFO - Started process (PID=61) to work on /home/airflow/.local/lib/python3.6/site-packages/airflow/example_dags/example_complex.py
[2021-02-23 23:15:57,210] {scheduler_job.py:629} INFO - Processing file /home/airflow/.local/lib/python3.6/site-packages/airflow/example_dags/example_complex.py for tasks to queue
[2021-02-23 23:15:57,211] {logging_mixin.py:104} INFO - [2021-02-23 23:15:57,211] {dagbag.py:448} INFO - Filling up the DagBag from /home/airflow/.local/lib/python3.6/site-packages/airflow/example_dags/example_complex.py
[2021-02-23 23:15:57,237] {scheduler_job.py:639} INFO - DAG(s) dict_keys(['example_complex']) retrieved from /home/airflow/.local/lib/python3.6/site-packages/airflow/example_dags/example_complex.py
[2021-02-23 23:15:57,259] {logging_mixin.py:104} INFO - [2021-02-23 23:15:57,258] {dag.py:1818} INFO - Sync 1 DAGs
[2021-02-23 23:15:57,272] {logging_mixin.py:104} INFO - [2021-02-23 23:15:57,272] {dag.py:2273} INFO - Setting next_dagrun for example_complex to None
[2021-02-23 23:15:57,377] {scheduler_job.py:190} INFO - Processing /home/airflow/.local/lib/python3.6/site-packages/airflow/example_dags/example_complex.py took 0.174 seconds
[2021-02-23 23:16:27,945] {scheduler_job.py:182} INFO - Started process (PID=88) to work on /home/airflow/.local/lib/python3.6/site-packages/airflow/example_dags/example_complex.py
[2021-02-23 23:16:27,946] {scheduler_job.py:629} INFO - Processing file /home/airflow/.local/lib/python3.6/site-packages/airflow/example_dags/example_complex.py for tasks to queue
[2021-02-23 23:16:27,947] {logging_mixin.py:104} INFO - [2021-02-23 23:16:27,947] {dagbag.py:448} INFO - Filling up the DagBag from /home/airflow/.local/lib/python3.6/site-packages/airflow/example_dags/example_complex.py
[2021-02-23 23:16:27,971] {scheduler_job.py:639} INFO - DAG(s) dict_keys(['example_complex']) retrieved from /home/airflow/.local/lib/python3.6/site-packages/airflow/example_dags/example_complex.py
[2021-02-23 23:16:27,993] {logging_mixin.py:104} INFO - [2021-02-23 23:16:27,993] {dag.py:1818} INFO - Sync 1 DAGs
[2021-02-23 23:16:28,007] {logging_mixin.py:104} INFO - [2021-02-23 23:16:28,007] {dag.py:2273} INFO - Setting next_dagrun for example_complex to None
[2021-02-23 23:16:28,155] {scheduler_job.py:190} INFO - Processing /home/airflow/.local/lib/python3.6/site-packages/airflow/example_dags/example_complex.py took 0.213 seconds
[2021-02-23 23:16:59,515] {scheduler_job.py:182} INFO - Started process (PID=118) to work on /home/airflow/.local/lib/python3.6/site-packages/airflow/example_dags/example_complex.py
[2021-02-23 23:16:59,516] {scheduler_job.py:629} INFO - Processing file /home/airflow/.local/lib/python3.6/site-packages/airflow/example_dags/example_complex.py for tasks to queue
[2021-02-23 23:16:59,516] {logging_mixin.py:104} INFO - [2021-02-23 23:16:59,516] {dagbag.py:448} INFO - Filling up the DagBag from /home/airflow/.local/lib/python3.6/site-packages/airflow/example_dags/example_complex.py
[2021-02-23 23:16:59,534] {scheduler_job.py:639} INFO - DAG(s) dict_keys(['example_complex']) retrieved from /home/airflow/.local/lib/python3.6/site-packages/airflow/example_dags/example_complex.py
[2021-02-23 23:16:59,554] {logging_mixin.py:104} INFO - [2021-02-23 23:16:59,554] {dag.py:1818} INFO - Sync 1 DAGs
[2021-02-23 23:16:59,566] {logging_mixin.py:104} INFO - [2021-02-23 23:16:59,566] {dag.py:2273} INFO - Setting next_dagrun for example_complex to None
[2021-02-23 23:16:59,610] {scheduler_job.py:190} INFO - Processing /home/airflow/.local/lib/python3.6/site-packages/airflow/example_dags/example_complex.py took 0.099 seconds
[2021-02-23 23:26:13,500] {scheduler_job.py:182} INFO - Started process (PID=30) to work on /home/airflow/.local/lib/python3.6/site-packages/airflow/example_dags/example_complex.py
[2021-02-23 23:26:13,502] {scheduler_job.py:629} INFO - Processing file /home/airflow/.local/lib/python3.6/site-packages/airflow/example_dags/example_complex.py for tasks to queue
[2021-02-23 23:26:13,503] {logging_mixin.py:104} INFO - [2021-02-23 23:26:13,503] {dagbag.py:448} INFO - Filling up the DagBag from /home/airflow/.local/lib/python3.6/site-packages/airflow/example_dags/example_complex.py
[2021-02-23 23:26:13,543] {scheduler_job.py:639} INFO - DAG(s) dict_keys(['example_complex']) retrieved from /home/airflow/.local/lib/python3.6/site-packages/airflow/example_dags/example_complex.py
[2021-02-23 23:26:13,577] {logging_mixin.py:104} INFO - [2021-02-23 23:26:13,576] {dag.py:1818} INFO - Sync 1 DAGs
[2021-02-23 23:26:13,595] {logging_mixin.py:104} INFO - [2021-02-23 23:26:13,594] {dag.py:2273} INFO - Setting next_dagrun for example_complex to None
[2021-02-23 23:26:13,960] {scheduler_job.py:190} INFO - Processing /home/airflow/.local/lib/python3.6/site-packages/airflow/example_dags/example_complex.py took 0.464 seconds
[2021-02-23 23:26:44,074] {scheduler_job.py:182} INFO - Started process (PID=57) to work on /home/airflow/.local/lib/python3.6/site-packages/airflow/example_dags/example_complex.py
[2021-02-23 23:26:44,074] {scheduler_job.py:629} INFO - Processing file /home/airflow/.local/lib/python3.6/site-packages/airflow/example_dags/example_complex.py for tasks to queue
[2021-02-23 23:26:44,075] {logging_mixin.py:104} INFO - [2021-02-23 23:26:44,074] {dagbag.py:448} INFO - Filling up the DagBag from /home/airflow/.local/lib/python3.6/site-packages/airflow/example_dags/example_complex.py
[2021-02-23 23:26:44,088] {scheduler_job.py:639} INFO - DAG(s) dict_keys(['example_complex']) retrieved from /home/airflow/.local/lib/python3.6/site-packages/airflow/example_dags/example_complex.py
[2021-02-23 23:26:44,104] {logging_mixin.py:104} INFO - [2021-02-23 23:26:44,104] {dag.py:1818} INFO - Sync 1 DAGs
[2021-02-23 23:26:44,114] {logging_mixin.py:104} INFO - [2021-02-23 23:26:44,114] {dag.py:2273} INFO - Setting next_dagrun for example_complex to None
[2021-02-23 23:26:44,143] {scheduler_job.py:190} INFO - Processing /home/airflow/.local/lib/python3.6/site-packages/airflow/example_dags/example_complex.py took 0.072 seconds
[2021-02-23 23:27:14,268] {scheduler_job.py:182} INFO - Started process (PID=83) to work on /home/airflow/.local/lib/python3.6/site-packages/airflow/example_dags/example_complex.py
[2021-02-23 23:27:14,269] {scheduler_job.py:629} INFO - Processing file /home/airflow/.local/lib/python3.6/site-packages/airflow/example_dags/example_complex.py for tasks to queue
[2021-02-23 23:27:14,270] {logging_mixin.py:104} INFO - [2021-02-23 23:27:14,269] {dagbag.py:448} INFO - Filling up the DagBag from /home/airflow/.local/lib/python3.6/site-packages/airflow/example_dags/example_complex.py
[2021-02-23 23:27:14,291] {scheduler_job.py:639} INFO - DAG(s) dict_keys(['example_complex']) retrieved from /home/airflow/.local/lib/python3.6/site-packages/airflow/example_dags/example_complex.py
[2021-02-23 23:27:14,319] {logging_mixin.py:104} INFO - [2021-02-23 23:27:14,318] {dag.py:1818} INFO - Sync 1 DAGs
[2021-02-23 23:27:14,334] {logging_mixin.py:104} INFO - [2021-02-23 23:27:14,333] {dag.py:2273} INFO - Setting next_dagrun for example_complex to None
[2021-02-23 23:27:14,457] {scheduler_job.py:190} INFO - Processing /home/airflow/.local/lib/python3.6/site-packages/airflow/example_dags/example_complex.py took 0.193 seconds
[2021-02-23 23:27:44,740] {scheduler_job.py:182} INFO - Started process (PID=110) to work on /home/airflow/.local/lib/python3.6/site-packages/airflow/example_dags/example_complex.py
[2021-02-23 23:27:44,741] {scheduler_job.py:629} INFO - Processing file /home/airflow/.local/lib/python3.6/site-packages/airflow/example_dags/example_complex.py for tasks to queue
[2021-02-23 23:27:44,742] {logging_mixin.py:104} INFO - [2021-02-23 23:27:44,741] {dagbag.py:448} INFO - Filling up the DagBag from /home/airflow/.local/lib/python3.6/site-packages/airflow/example_dags/example_complex.py
[2021-02-23 23:27:44,756] {scheduler_job.py:639} INFO - DAG(s) dict_keys(['example_complex']) retrieved from /home/airflow/.local/lib/python3.6/site-packages/airflow/example_dags/example_complex.py
[2021-02-23 23:27:44,777] {logging_mixin.py:104} INFO - [2021-02-23 23:27:44,777] {dag.py:1818} INFO - Sync 1 DAGs
[2021-02-23 23:27:44,791] {logging_mixin.py:104} INFO - [2021-02-23 23:27:44,791] {dag.py:2273} INFO - Setting next_dagrun for example_complex to None
[2021-02-23 23:27:44,821] {scheduler_job.py:190} INFO - Processing /home/airflow/.local/lib/python3.6/site-packages/airflow/example_dags/example_complex.py took 0.084 seconds
[2021-02-23 23:28:15,368] {scheduler_job.py:182} INFO - Started process (PID=138) to work on /home/airflow/.local/lib/python3.6/site-packages/airflow/example_dags/example_complex.py
[2021-02-23 23:28:15,369] {scheduler_job.py:629} INFO - Processing file /home/airflow/.local/lib/python3.6/site-packages/airflow/example_dags/example_complex.py for tasks to queue
[2021-02-23 23:28:15,370] {logging_mixin.py:104} INFO - [2021-02-23 23:28:15,370] {dagbag.py:448} INFO - Filling up the DagBag from /home/airflow/.local/lib/python3.6/site-packages/airflow/example_dags/example_complex.py
[2021-02-23 23:28:15,386] {scheduler_job.py:639} INFO - DAG(s) dict_keys(['example_complex']) retrieved from /home/airflow/.local/lib/python3.6/site-packages/airflow/example_dags/example_complex.py
[2021-02-23 23:28:15,407] {logging_mixin.py:104} INFO - [2021-02-23 23:28:15,407] {dag.py:1818} INFO - Sync 1 DAGs
[2021-02-23 23:28:15,418] {logging_mixin.py:104} INFO - [2021-02-23 23:28:15,417] {dag.py:2273} INFO - Setting next_dagrun for example_complex to None
[2021-02-23 23:28:15,454] {scheduler_job.py:190} INFO - Processing /home/airflow/.local/lib/python3.6/site-packages/airflow/example_dags/example_complex.py took 0.088 seconds
[2021-02-23 23:28:46,326] {scheduler_job.py:182} INFO - Started process (PID=165) to work on /home/airflow/.local/lib/python3.6/site-packages/airflow/example_dags/example_complex.py
[2021-02-23 23:28:46,327] {scheduler_job.py:629} INFO - Processing file /home/airflow/.local/lib/python3.6/site-packages/airflow/example_dags/example_complex.py for tasks to queue
[2021-02-23 23:28:46,328] {logging_mixin.py:104} INFO - [2021-02-23 23:28:46,327] {dagbag.py:448} INFO - Filling up the DagBag from /home/airflow/.local/lib/python3.6/site-packages/airflow/example_dags/example_complex.py
[2021-02-23 23:28:46,345] {scheduler_job.py:639} INFO - DAG(s) dict_keys(['example_complex']) retrieved from /home/airflow/.local/lib/python3.6/site-packages/airflow/example_dags/example_complex.py
[2021-02-23 23:28:46,371] {logging_mixin.py:104} INFO - [2021-02-23 23:28:46,371] {dag.py:1818} INFO - Sync 1 DAGs
[2021-02-23 23:28:46,382] {logging_mixin.py:104} INFO - [2021-02-23 23:28:46,382] {dag.py:2273} INFO - Setting next_dagrun for example_complex to None
[2021-02-23 23:28:46,423] {scheduler_job.py:190} INFO - Processing /home/airflow/.local/lib/python3.6/site-packages/airflow/example_dags/example_complex.py took 0.100 seconds
[2021-02-23 23:29:16,838] {scheduler_job.py:182} INFO - Started process (PID=192) to work on /home/airflow/.local/lib/python3.6/site-packages/airflow/example_dags/example_complex.py
[2021-02-23 23:29:16,839] {scheduler_job.py:629} INFO - Processing file /home/airflow/.local/lib/python3.6/site-packages/airflow/example_dags/example_complex.py for tasks to queue
[2021-02-23 23:29:16,839] {logging_mixin.py:104} INFO - [2021-02-23 23:29:16,839] {dagbag.py:448} INFO - Filling up the DagBag from /home/airflow/.local/lib/python3.6/site-packages/airflow/example_dags/example_complex.py
[2021-02-23 23:29:16,852] {scheduler_job.py:639} INFO - DAG(s) dict_keys(['example_complex']) retrieved from /home/airflow/.local/lib/python3.6/site-packages/airflow/example_dags/example_complex.py
[2021-02-23 23:29:16,868] {logging_mixin.py:104} INFO - [2021-02-23 23:29:16,868] {dag.py:1818} INFO - Sync 1 DAGs
[2021-02-23 23:29:16,877] {logging_mixin.py:104} INFO - [2021-02-23 23:29:16,877] {dag.py:2273} INFO - Setting next_dagrun for example_complex to None
[2021-02-23 23:29:16,908] {scheduler_job.py:190} INFO - Processing /home/airflow/.local/lib/python3.6/site-packages/airflow/example_dags/example_complex.py took 0.072 seconds
[2021-02-23 23:29:47,224] {scheduler_job.py:182} INFO - Started process (PID=218) to work on /home/airflow/.local/lib/python3.6/site-packages/airflow/example_dags/example_complex.py
[2021-02-23 23:29:47,225] {scheduler_job.py:629} INFO - Processing file /home/airflow/.local/lib/python3.6/site-packages/airflow/example_dags/example_complex.py for tasks to queue
[2021-02-23 23:29:47,226] {logging_mixin.py:104} INFO - [2021-02-23 23:29:47,226] {dagbag.py:448} INFO - Filling up the DagBag from /home/airflow/.local/lib/python3.6/site-packages/airflow/example_dags/example_complex.py
[2021-02-23 23:29:47,241] {scheduler_job.py:639} INFO - DAG(s) dict_keys(['example_complex']) retrieved from /home/airflow/.local/lib/python3.6/site-packages/airflow/example_dags/example_complex.py
[2021-02-23 23:29:47,262] {logging_mixin.py:104} INFO - [2021-02-23 23:29:47,261] {dag.py:1818} INFO - Sync 1 DAGs
[2021-02-23 23:29:47,274] {logging_mixin.py:104} INFO - [2021-02-23 23:29:47,274] {dag.py:2273} INFO - Setting next_dagrun for example_complex to None
[2021-02-23 23:29:47,568] {scheduler_job.py:190} INFO - Processing /home/airflow/.local/lib/python3.6/site-packages/airflow/example_dags/example_complex.py took 0.347 seconds
[2021-02-23 23:30:18,430] {scheduler_job.py:182} INFO - Started process (PID=246) to work on /home/airflow/.local/lib/python3.6/site-packages/airflow/example_dags/example_complex.py
[2021-02-23 23:30:18,431] {scheduler_job.py:629} INFO - Processing file /home/airflow/.local/lib/python3.6/site-packages/airflow/example_dags/example_complex.py for tasks to queue
[2021-02-23 23:30:18,431] {logging_mixin.py:104} INFO - [2021-02-23 23:30:18,431] {dagbag.py:448} INFO - Filling up the DagBag from /home/airflow/.local/lib/python3.6/site-packages/airflow/example_dags/example_complex.py
[2021-02-23 23:30:18,448] {scheduler_job.py:639} INFO - DAG(s) dict_keys(['example_complex']) retrieved from /home/airflow/.local/lib/python3.6/site-packages/airflow/example_dags/example_complex.py
[2021-02-23 23:30:18,473] {logging_mixin.py:104} INFO - [2021-02-23 23:30:18,473] {dag.py:1818} INFO - Sync 1 DAGs
[2021-02-23 23:30:18,485] {logging_mixin.py:104} INFO - [2021-02-23 23:30:18,485] {dag.py:2273} INFO - Setting next_dagrun for example_complex to None
[2021-02-23 23:30:18,529] {scheduler_job.py:190} INFO - Processing /home/airflow/.local/lib/python3.6/site-packages/airflow/example_dags/example_complex.py took 0.103 seconds
[2021-02-23 23:30:48,920] {scheduler_job.py:182} INFO - Started process (PID=273) to work on /home/airflow/.local/lib/python3.6/site-packages/airflow/example_dags/example_complex.py
[2021-02-23 23:30:48,921] {scheduler_job.py:629} INFO - Processing file /home/airflow/.local/lib/python3.6/site-packages/airflow/example_dags/example_complex.py for tasks to queue
[2021-02-23 23:30:48,921] {logging_mixin.py:104} INFO - [2021-02-23 23:30:48,921] {dagbag.py:448} INFO - Filling up the DagBag from /home/airflow/.local/lib/python3.6/site-packages/airflow/example_dags/example_complex.py
[2021-02-23 23:30:48,946] {scheduler_job.py:639} INFO - DAG(s) dict_keys(['example_complex']) retrieved from /home/airflow/.local/lib/python3.6/site-packages/airflow/example_dags/example_complex.py
[2021-02-23 23:30:48,971] {logging_mixin.py:104} INFO - [2021-02-23 23:30:48,971] {dag.py:1818} INFO - Sync 1 DAGs
[2021-02-23 23:30:48,985] {logging_mixin.py:104} INFO - [2021-02-23 23:30:48,985] {dag.py:2273} INFO - Setting next_dagrun for example_complex to None
[2021-02-23 23:30:49,020] {scheduler_job.py:190} INFO - Processing /home/airflow/.local/lib/python3.6/site-packages/airflow/example_dags/example_complex.py took 0.103 seconds
[2021-02-23 23:31:19,965] {scheduler_job.py:182} INFO - Started process (PID=300) to work on /home/airflow/.local/lib/python3.6/site-packages/airflow/example_dags/example_complex.py
[2021-02-23 23:31:19,966] {scheduler_job.py:629} INFO - Processing file /home/airflow/.local/lib/python3.6/site-packages/airflow/example_dags/example_complex.py for tasks to queue
[2021-02-23 23:31:19,967] {logging_mixin.py:104} INFO - [2021-02-23 23:31:19,967] {dagbag.py:448} INFO - Filling up the DagBag from /home/airflow/.local/lib/python3.6/site-packages/airflow/example_dags/example_complex.py
[2021-02-23 23:31:19,986] {scheduler_job.py:639} INFO - DAG(s) dict_keys(['example_complex']) retrieved from /home/airflow/.local/lib/python3.6/site-packages/airflow/example_dags/example_complex.py
[2021-02-23 23:31:20,007] {logging_mixin.py:104} INFO - [2021-02-23 23:31:20,007] {dag.py:1818} INFO - Sync 1 DAGs
[2021-02-23 23:31:20,020] {logging_mixin.py:104} INFO - [2021-02-23 23:31:20,020] {dag.py:2273} INFO - Setting next_dagrun for example_complex to None
[2021-02-23 23:31:20,080] {scheduler_job.py:190} INFO - Processing /home/airflow/.local/lib/python3.6/site-packages/airflow/example_dags/example_complex.py took 0.119 seconds
[2021-02-23 23:31:50,796] {scheduler_job.py:182} INFO - Started process (PID=328) to work on /home/airflow/.local/lib/python3.6/site-packages/airflow/example_dags/example_complex.py
[2021-02-23 23:31:50,798] {scheduler_job.py:629} INFO - Processing file /home/airflow/.local/lib/python3.6/site-packages/airflow/example_dags/example_complex.py for tasks to queue
[2021-02-23 23:31:50,799] {logging_mixin.py:104} INFO - [2021-02-23 23:31:50,798] {dagbag.py:448} INFO - Filling up the DagBag from /home/airflow/.local/lib/python3.6/site-packages/airflow/example_dags/example_complex.py
[2021-02-23 23:31:50,824] {scheduler_job.py:639} INFO - DAG(s) dict_keys(['example_complex']) retrieved from /home/airflow/.local/lib/python3.6/site-packages/airflow/example_dags/example_complex.py
[2021-02-23 23:31:50,858] {logging_mixin.py:104} INFO - [2021-02-23 23:31:50,858] {dag.py:1818} INFO - Sync 1 DAGs
[2021-02-23 23:31:50,880] {logging_mixin.py:104} INFO - [2021-02-23 23:31:50,880] {dag.py:2273} INFO - Setting next_dagrun for example_complex to None
[2021-02-23 23:31:50,923] {scheduler_job.py:190} INFO - Processing /home/airflow/.local/lib/python3.6/site-packages/airflow/example_dags/example_complex.py took 0.132 seconds
[2021-02-23 23:32:21,747] {scheduler_job.py:182} INFO - Started process (PID=355) to work on /home/airflow/.local/lib/python3.6/site-packages/airflow/example_dags/example_complex.py
[2021-02-23 23:32:21,748] {scheduler_job.py:629} INFO - Processing file /home/airflow/.local/lib/python3.6/site-packages/airflow/example_dags/example_complex.py for tasks to queue
[2021-02-23 23:32:21,750] {logging_mixin.py:104} INFO - [2021-02-23 23:32:21,749] {dagbag.py:448} INFO - Filling up the DagBag from /home/airflow/.local/lib/python3.6/site-packages/airflow/example_dags/example_complex.py
[2021-02-23 23:32:21,780] {scheduler_job.py:639} INFO - DAG(s) dict_keys(['example_complex']) retrieved from /home/airflow/.local/lib/python3.6/site-packages/airflow/example_dags/example_complex.py
[2021-02-23 23:32:21,816] {logging_mixin.py:104} INFO - [2021-02-23 23:32:21,816] {dag.py:1818} INFO - Sync 1 DAGs
[2021-02-23 23:32:21,835] {logging_mixin.py:104} INFO - [2021-02-23 23:32:21,835] {dag.py:2273} INFO - Setting next_dagrun for example_complex to None
[2021-02-23 23:32:21,874] {scheduler_job.py:190} INFO - Processing /home/airflow/.local/lib/python3.6/site-packages/airflow/example_dags/example_complex.py took 0.130 seconds
[2021-02-23 23:32:52,370] {scheduler_job.py:182} INFO - Started process (PID=382) to work on /home/airflow/.local/lib/python3.6/site-packages/airflow/example_dags/example_complex.py
[2021-02-23 23:32:52,371] {scheduler_job.py:629} INFO - Processing file /home/airflow/.local/lib/python3.6/site-packages/airflow/example_dags/example_complex.py for tasks to queue
[2021-02-23 23:32:52,372] {logging_mixin.py:104} INFO - [2021-02-23 23:32:52,372] {dagbag.py:448} INFO - Filling up the DagBag from /home/airflow/.local/lib/python3.6/site-packages/airflow/example_dags/example_complex.py
[2021-02-23 23:32:52,392] {scheduler_job.py:639} INFO - DAG(s) dict_keys(['example_complex']) retrieved from /home/airflow/.local/lib/python3.6/site-packages/airflow/example_dags/example_complex.py
[2021-02-23 23:32:52,412] {logging_mixin.py:104} INFO - [2021-02-23 23:32:52,412] {dag.py:1818} INFO - Sync 1 DAGs
[2021-02-23 23:32:52,424] {logging_mixin.py:104} INFO - [2021-02-23 23:32:52,424] {dag.py:2273} INFO - Setting next_dagrun for example_complex to None
[2021-02-23 23:32:52,459] {scheduler_job.py:190} INFO - Processing /home/airflow/.local/lib/python3.6/site-packages/airflow/example_dags/example_complex.py took 0.094 seconds
[2021-02-23 23:33:22,559] {scheduler_job.py:182} INFO - Started process (PID=409) to work on /home/airflow/.local/lib/python3.6/site-packages/airflow/example_dags/example_complex.py
[2021-02-23 23:33:22,560] {scheduler_job.py:629} INFO - Processing file /home/airflow/.local/lib/python3.6/site-packages/airflow/example_dags/example_complex.py for tasks to queue
[2021-02-23 23:33:22,561] {logging_mixin.py:104} INFO - [2021-02-23 23:33:22,561] {dagbag.py:448} INFO - Filling up the DagBag from /home/airflow/.local/lib/python3.6/site-packages/airflow/example_dags/example_complex.py
[2021-02-23 23:33:22,578] {scheduler_job.py:639} INFO - DAG(s) dict_keys(['example_complex']) retrieved from /home/airflow/.local/lib/python3.6/site-packages/airflow/example_dags/example_complex.py
[2021-02-23 23:33:22,598] {logging_mixin.py:104} INFO - [2021-02-23 23:33:22,598] {dag.py:1818} INFO - Sync 1 DAGs
[2021-02-23 23:33:22,608] {logging_mixin.py:104} INFO - [2021-02-23 23:33:22,608] {dag.py:2273} INFO - Setting next_dagrun for example_complex to None
[2021-02-23 23:33:22,651] {scheduler_job.py:190} INFO - Processing /home/airflow/.local/lib/python3.6/site-packages/airflow/example_dags/example_complex.py took 0.095 seconds
[2021-02-23 23:33:53,267] {scheduler_job.py:182} INFO - Started process (PID=436) to work on /home/airflow/.local/lib/python3.6/site-packages/airflow/example_dags/example_complex.py
[2021-02-23 23:33:53,268] {scheduler_job.py:629} INFO - Processing file /home/airflow/.local/lib/python3.6/site-packages/airflow/example_dags/example_complex.py for tasks to queue
[2021-02-23 23:33:53,268] {logging_mixin.py:104} INFO - [2021-02-23 23:33:53,268] {dagbag.py:448} INFO - Filling up the DagBag from /home/airflow/.local/lib/python3.6/site-packages/airflow/example_dags/example_complex.py
[2021-02-23 23:33:53,285] {scheduler_job.py:639} INFO - DAG(s) dict_keys(['example_complex']) retrieved from /home/airflow/.local/lib/python3.6/site-packages/airflow/example_dags/example_complex.py
[2021-02-23 23:33:53,305] {logging_mixin.py:104} INFO - [2021-02-23 23:33:53,305] {dag.py:1818} INFO - Sync 1 DAGs
[2021-02-23 23:33:53,316] {logging_mixin.py:104} INFO - [2021-02-23 23:33:53,316] {dag.py:2273} INFO - Setting next_dagrun for example_complex to None
[2021-02-23 23:33:53,362] {scheduler_job.py:190} INFO - Processing /home/airflow/.local/lib/python3.6/site-packages/airflow/example_dags/example_complex.py took 0.098 seconds
[2021-02-23 23:34:23,714] {scheduler_job.py:182} INFO - Started process (PID=463) to work on /home/airflow/.local/lib/python3.6/site-packages/airflow/example_dags/example_complex.py
[2021-02-23 23:34:23,715] {scheduler_job.py:629} INFO - Processing file /home/airflow/.local/lib/python3.6/site-packages/airflow/example_dags/example_complex.py for tasks to queue
[2021-02-23 23:34:23,716] {logging_mixin.py:104} INFO - [2021-02-23 23:34:23,716] {dagbag.py:448} INFO - Filling up the DagBag from /home/airflow/.local/lib/python3.6/site-packages/airflow/example_dags/example_complex.py
[2021-02-23 23:34:23,732] {scheduler_job.py:639} INFO - DAG(s) dict_keys(['example_complex']) retrieved from /home/airflow/.local/lib/python3.6/site-packages/airflow/example_dags/example_complex.py
[2021-02-23 23:34:23,751] {logging_mixin.py:104} INFO - [2021-02-23 23:34:23,751] {dag.py:1818} INFO - Sync 1 DAGs
[2021-02-23 23:34:23,763] {logging_mixin.py:104} INFO - [2021-02-23 23:34:23,763] {dag.py:2273} INFO - Setting next_dagrun for example_complex to None
[2021-02-23 23:34:23,795] {scheduler_job.py:190} INFO - Processing /home/airflow/.local/lib/python3.6/site-packages/airflow/example_dags/example_complex.py took 0.083 seconds
[2021-02-23 23:34:54,768] {scheduler_job.py:182} INFO - Started process (PID=490) to work on /home/airflow/.local/lib/python3.6/site-packages/airflow/example_dags/example_complex.py
[2021-02-23 23:34:54,769] {scheduler_job.py:629} INFO - Processing file /home/airflow/.local/lib/python3.6/site-packages/airflow/example_dags/example_complex.py for tasks to queue
[2021-02-23 23:34:54,769] {logging_mixin.py:104} INFO - [2021-02-23 23:34:54,769] {dagbag.py:448} INFO - Filling up the DagBag from /home/airflow/.local/lib/python3.6/site-packages/airflow/example_dags/example_complex.py
[2021-02-23 23:34:54,783] {scheduler_job.py:639} INFO - DAG(s) dict_keys(['example_complex']) retrieved from /home/airflow/.local/lib/python3.6/site-packages/airflow/example_dags/example_complex.py
[2021-02-23 23:34:54,804] {logging_mixin.py:104} INFO - [2021-02-23 23:34:54,804] {dag.py:1818} INFO - Sync 1 DAGs
[2021-02-23 23:34:54,815] {logging_mixin.py:104} INFO - [2021-02-23 23:34:54,815] {dag.py:2273} INFO - Setting next_dagrun for example_complex to None
[2021-02-23 23:34:54,849] {scheduler_job.py:190} INFO - Processing /home/airflow/.local/lib/python3.6/site-packages/airflow/example_dags/example_complex.py took 0.083 seconds
[2021-02-23 23:35:25,041] {scheduler_job.py:182} INFO - Started process (PID=518) to work on /home/airflow/.local/lib/python3.6/site-packages/airflow/example_dags/example_complex.py
[2021-02-23 23:35:25,042] {scheduler_job.py:629} INFO - Processing file /home/airflow/.local/lib/python3.6/site-packages/airflow/example_dags/example_complex.py for tasks to queue
[2021-02-23 23:35:25,043] {logging_mixin.py:104} INFO - [2021-02-23 23:35:25,043] {dagbag.py:448} INFO - Filling up the DagBag from /home/airflow/.local/lib/python3.6/site-packages/airflow/example_dags/example_complex.py
[2021-02-23 23:35:25,059] {scheduler_job.py:639} INFO - DAG(s) dict_keys(['example_complex']) retrieved from /home/airflow/.local/lib/python3.6/site-packages/airflow/example_dags/example_complex.py
[2021-02-23 23:35:25,079] {logging_mixin.py:104} INFO - [2021-02-23 23:35:25,079] {dag.py:1818} INFO - Sync 1 DAGs
[2021-02-23 23:35:25,090] {logging_mixin.py:104} INFO - [2021-02-23 23:35:25,090] {dag.py:2273} INFO - Setting next_dagrun for example_complex to None
[2021-02-23 23:35:25,126] {scheduler_job.py:190} INFO - Processing /home/airflow/.local/lib/python3.6/site-packages/airflow/example_dags/example_complex.py took 0.087 seconds
[2021-02-23 23:35:56,131] {scheduler_job.py:182} INFO - Started process (PID=545) to work on /home/airflow/.local/lib/python3.6/site-packages/airflow/example_dags/example_complex.py
[2021-02-23 23:35:56,131] {scheduler_job.py:629} INFO - Processing file /home/airflow/.local/lib/python3.6/site-packages/airflow/example_dags/example_complex.py for tasks to queue
[2021-02-23 23:35:56,132] {logging_mixin.py:104} INFO - [2021-02-23 23:35:56,132] {dagbag.py:448} INFO - Filling up the DagBag from /home/airflow/.local/lib/python3.6/site-packages/airflow/example_dags/example_complex.py
[2021-02-23 23:35:56,152] {scheduler_job.py:639} INFO - DAG(s) dict_keys(['example_complex']) retrieved from /home/airflow/.local/lib/python3.6/site-packages/airflow/example_dags/example_complex.py
[2021-02-23 23:35:56,181] {logging_mixin.py:104} INFO - [2021-02-23 23:35:56,181] {dag.py:1818} INFO - Sync 1 DAGs
[2021-02-23 23:35:56,198] {logging_mixin.py:104} INFO - [2021-02-23 23:35:56,198] {dag.py:2273} INFO - Setting next_dagrun for example_complex to None
[2021-02-23 23:35:56,233] {scheduler_job.py:190} INFO - Processing /home/airflow/.local/lib/python3.6/site-packages/airflow/example_dags/example_complex.py took 0.104 seconds
[2021-02-23 23:36:26,298] {scheduler_job.py:182} INFO - Started process (PID=572) to work on /home/airflow/.local/lib/python3.6/site-packages/airflow/example_dags/example_complex.py
[2021-02-23 23:36:26,299] {scheduler_job.py:629} INFO - Processing file /home/airflow/.local/lib/python3.6/site-packages/airflow/example_dags/example_complex.py for tasks to queue
[2021-02-23 23:36:26,300] {logging_mixin.py:104} INFO - [2021-02-23 23:36:26,300] {dagbag.py:448} INFO - Filling up the DagBag from /home/airflow/.local/lib/python3.6/site-packages/airflow/example_dags/example_complex.py
[2021-02-23 23:36:26,320] {scheduler_job.py:639} INFO - DAG(s) dict_keys(['example_complex']) retrieved from /home/airflow/.local/lib/python3.6/site-packages/airflow/example_dags/example_complex.py
[2021-02-23 23:36:26,342] {logging_mixin.py:104} INFO - [2021-02-23 23:36:26,342] {dag.py:1818} INFO - Sync 1 DAGs
[2021-02-23 23:36:26,353] {logging_mixin.py:104} INFO - [2021-02-23 23:36:26,352] {dag.py:2273} INFO - Setting next_dagrun for example_complex to None
[2021-02-23 23:36:26,389] {scheduler_job.py:190} INFO - Processing /home/airflow/.local/lib/python3.6/site-packages/airflow/example_dags/example_complex.py took 0.093 seconds
[2021-02-23 23:36:57,077] {scheduler_job.py:182} INFO - Started process (PID=599) to work on /home/airflow/.local/lib/python3.6/site-packages/airflow/example_dags/example_complex.py
[2021-02-23 23:36:57,078] {scheduler_job.py:629} INFO - Processing file /home/airflow/.local/lib/python3.6/site-packages/airflow/example_dags/example_complex.py for tasks to queue
[2021-02-23 23:36:57,079] {logging_mixin.py:104} INFO - [2021-02-23 23:36:57,079] {dagbag.py:448} INFO - Filling up the DagBag from /home/airflow/.local/lib/python3.6/site-packages/airflow/example_dags/example_complex.py
[2021-02-23 23:36:57,102] {scheduler_job.py:639} INFO - DAG(s) dict_keys(['example_complex']) retrieved from /home/airflow/.local/lib/python3.6/site-packages/airflow/example_dags/example_complex.py
[2021-02-23 23:36:57,129] {logging_mixin.py:104} INFO - [2021-02-23 23:36:57,129] {dag.py:1818} INFO - Sync 1 DAGs
[2021-02-23 23:36:57,142] {logging_mixin.py:104} INFO - [2021-02-23 23:36:57,142] {dag.py:2273} INFO - Setting next_dagrun for example_complex to None
[2021-02-23 23:36:57,180] {scheduler_job.py:190} INFO - Processing /home/airflow/.local/lib/python3.6/site-packages/airflow/example_dags/example_complex.py took 0.107 seconds
[2021-02-23 23:37:28,760] {scheduler_job.py:182} INFO - Started process (PID=626) to work on /home/airflow/.local/lib/python3.6/site-packages/airflow/example_dags/example_complex.py
[2021-02-23 23:37:28,760] {scheduler_job.py:629} INFO - Processing file /home/airflow/.local/lib/python3.6/site-packages/airflow/example_dags/example_complex.py for tasks to queue
[2021-02-23 23:37:28,761] {logging_mixin.py:104} INFO - [2021-02-23 23:37:28,761] {dagbag.py:448} INFO - Filling up the DagBag from /home/airflow/.local/lib/python3.6/site-packages/airflow/example_dags/example_complex.py
[2021-02-23 23:37:28,783] {scheduler_job.py:639} INFO - DAG(s) dict_keys(['example_complex']) retrieved from /home/airflow/.local/lib/python3.6/site-packages/airflow/example_dags/example_complex.py
[2021-02-23 23:37:28,807] {logging_mixin.py:104} INFO - [2021-02-23 23:37:28,807] {dag.py:1818} INFO - Sync 1 DAGs
[2021-02-23 23:37:28,821] {logging_mixin.py:104} INFO - [2021-02-23 23:37:28,821] {dag.py:2273} INFO - Setting next_dagrun for example_complex to None
[2021-02-23 23:37:28,885] {scheduler_job.py:190} INFO - Processing /home/airflow/.local/lib/python3.6/site-packages/airflow/example_dags/example_complex.py took 0.129 seconds
[2021-02-23 23:37:59,877] {scheduler_job.py:182} INFO - Started process (PID=655) to work on /home/airflow/.local/lib/python3.6/site-packages/airflow/example_dags/example_complex.py
[2021-02-23 23:37:59,878] {scheduler_job.py:629} INFO - Processing file /home/airflow/.local/lib/python3.6/site-packages/airflow/example_dags/example_complex.py for tasks to queue
[2021-02-23 23:37:59,879] {logging_mixin.py:104} INFO - [2021-02-23 23:37:59,879] {dagbag.py:448} INFO - Filling up the DagBag from /home/airflow/.local/lib/python3.6/site-packages/airflow/example_dags/example_complex.py
[2021-02-23 23:37:59,898] {scheduler_job.py:639} INFO - DAG(s) dict_keys(['example_complex']) retrieved from /home/airflow/.local/lib/python3.6/site-packages/airflow/example_dags/example_complex.py
[2021-02-23 23:37:59,918] {logging_mixin.py:104} INFO - [2021-02-23 23:37:59,918] {dag.py:1818} INFO - Sync 1 DAGs
[2021-02-23 23:37:59,929] {logging_mixin.py:104} INFO - [2021-02-23 23:37:59,929] {dag.py:2273} INFO - Setting next_dagrun for example_complex to None
[2021-02-23 23:38:00,164] {scheduler_job.py:190} INFO - Processing /home/airflow/.local/lib/python3.6/site-packages/airflow/example_dags/example_complex.py took 0.290 seconds
[2021-02-23 23:38:30,742] {scheduler_job.py:182} INFO - Started process (PID=680) to work on /home/airflow/.local/lib/python3.6/site-packages/airflow/example_dags/example_complex.py
[2021-02-23 23:38:30,743] {scheduler_job.py:629} INFO - Processing file /home/airflow/.local/lib/python3.6/site-packages/airflow/example_dags/example_complex.py for tasks to queue
[2021-02-23 23:38:30,744] {logging_mixin.py:104} INFO - [2021-02-23 23:38:30,744] {dagbag.py:448} INFO - Filling up the DagBag from /home/airflow/.local/lib/python3.6/site-packages/airflow/example_dags/example_complex.py
[2021-02-23 23:38:30,767] {scheduler_job.py:639} INFO - DAG(s) dict_keys(['example_complex']) retrieved from /home/airflow/.local/lib/python3.6/site-packages/airflow/example_dags/example_complex.py
[2021-02-23 23:38:30,785] {logging_mixin.py:104} INFO - [2021-02-23 23:38:30,785] {dag.py:1818} INFO - Sync 1 DAGs
[2021-02-23 23:38:30,796] {logging_mixin.py:104} INFO - [2021-02-23 23:38:30,796] {dag.py:2273} INFO - Setting next_dagrun for example_complex to None
[2021-02-23 23:38:30,827] {scheduler_job.py:190} INFO - Processing /home/airflow/.local/lib/python3.6/site-packages/airflow/example_dags/example_complex.py took 0.089 seconds
[2021-02-23 23:39:01,317] {scheduler_job.py:182} INFO - Started process (PID=707) to work on /home/airflow/.local/lib/python3.6/site-packages/airflow/example_dags/example_complex.py
[2021-02-23 23:39:01,319] {scheduler_job.py:629} INFO - Processing file /home/airflow/.local/lib/python3.6/site-packages/airflow/example_dags/example_complex.py for tasks to queue
[2021-02-23 23:39:01,320] {logging_mixin.py:104} INFO - [2021-02-23 23:39:01,320] {dagbag.py:448} INFO - Filling up the DagBag from /home/airflow/.local/lib/python3.6/site-packages/airflow/example_dags/example_complex.py
[2021-02-23 23:39:01,343] {scheduler_job.py:639} INFO - DAG(s) dict_keys(['example_complex']) retrieved from /home/airflow/.local/lib/python3.6/site-packages/airflow/example_dags/example_complex.py
[2021-02-23 23:39:01,396] {logging_mixin.py:104} INFO - [2021-02-23 23:39:01,396] {dag.py:1818} INFO - Sync 1 DAGs
[2021-02-23 23:39:01,413] {logging_mixin.py:104} INFO - [2021-02-23 23:39:01,413] {dag.py:2273} INFO - Setting next_dagrun for example_complex to None
[2021-02-23 23:39:01,452] {scheduler_job.py:190} INFO - Processing /home/airflow/.local/lib/python3.6/site-packages/airflow/example_dags/example_complex.py took 0.140 seconds
[2021-02-23 23:39:31,571] {scheduler_job.py:182} INFO - Started process (PID=735) to work on /home/airflow/.local/lib/python3.6/site-packages/airflow/example_dags/example_complex.py
[2021-02-23 23:39:31,572] {scheduler_job.py:629} INFO - Processing file /home/airflow/.local/lib/python3.6/site-packages/airflow/example_dags/example_complex.py for tasks to queue
[2021-02-23 23:39:31,573] {logging_mixin.py:104} INFO - [2021-02-23 23:39:31,573] {dagbag.py:448} INFO - Filling up the DagBag from /home/airflow/.local/lib/python3.6/site-packages/airflow/example_dags/example_complex.py
[2021-02-23 23:39:31,592] {scheduler_job.py:639} INFO - DAG(s) dict_keys(['example_complex']) retrieved from /home/airflow/.local/lib/python3.6/site-packages/airflow/example_dags/example_complex.py
[2021-02-23 23:39:31,613] {logging_mixin.py:104} INFO - [2021-02-23 23:39:31,613] {dag.py:1818} INFO - Sync 1 DAGs
[2021-02-23 23:39:31,625] {logging_mixin.py:104} INFO - [2021-02-23 23:39:31,624] {dag.py:2273} INFO - Setting next_dagrun for example_complex to None
[2021-02-23 23:39:31,668] {scheduler_job.py:190} INFO - Processing /home/airflow/.local/lib/python3.6/site-packages/airflow/example_dags/example_complex.py took 0.100 seconds
[2021-02-23 23:40:01,821] {scheduler_job.py:182} INFO - Started process (PID=762) to work on /home/airflow/.local/lib/python3.6/site-packages/airflow/example_dags/example_complex.py
[2021-02-23 23:40:01,824] {scheduler_job.py:629} INFO - Processing file /home/airflow/.local/lib/python3.6/site-packages/airflow/example_dags/example_complex.py for tasks to queue
[2021-02-23 23:40:01,825] {logging_mixin.py:104} INFO - [2021-02-23 23:40:01,825] {dagbag.py:448} INFO - Filling up the DagBag from /home/airflow/.local/lib/python3.6/site-packages/airflow/example_dags/example_complex.py
[2021-02-23 23:40:01,854] {scheduler_job.py:639} INFO - DAG(s) dict_keys(['example_complex']) retrieved from /home/airflow/.local/lib/python3.6/site-packages/airflow/example_dags/example_complex.py
[2021-02-23 23:40:01,898] {logging_mixin.py:104} INFO - [2021-02-23 23:40:01,898] {dag.py:1818} INFO - Sync 1 DAGs
[2021-02-23 23:40:01,916] {logging_mixin.py:104} INFO - [2021-02-23 23:40:01,916] {dag.py:2273} INFO - Setting next_dagrun for example_complex to None
[2021-02-23 23:40:01,976] {scheduler_job.py:190} INFO - Processing /home/airflow/.local/lib/python3.6/site-packages/airflow/example_dags/example_complex.py took 0.166 seconds
[2021-02-23 23:40:32,338] {scheduler_job.py:182} INFO - Started process (PID=789) to work on /home/airflow/.local/lib/python3.6/site-packages/airflow/example_dags/example_complex.py
[2021-02-23 23:40:32,340] {scheduler_job.py:629} INFO - Processing file /home/airflow/.local/lib/python3.6/site-packages/airflow/example_dags/example_complex.py for tasks to queue
[2021-02-23 23:40:32,341] {logging_mixin.py:104} INFO - [2021-02-23 23:40:32,341] {dagbag.py:448} INFO - Filling up the DagBag from /home/airflow/.local/lib/python3.6/site-packages/airflow/example_dags/example_complex.py
[2021-02-23 23:40:32,371] {scheduler_job.py:639} INFO - DAG(s) dict_keys(['example_complex']) retrieved from /home/airflow/.local/lib/python3.6/site-packages/airflow/example_dags/example_complex.py
[2021-02-23 23:40:32,392] {logging_mixin.py:104} INFO - [2021-02-23 23:40:32,391] {dag.py:1818} INFO - Sync 1 DAGs
[2021-02-23 23:40:32,402] {logging_mixin.py:104} INFO - [2021-02-23 23:40:32,402] {dag.py:2273} INFO - Setting next_dagrun for example_complex to None
[2021-02-23 23:40:32,431] {scheduler_job.py:190} INFO - Processing /home/airflow/.local/lib/python3.6/site-packages/airflow/example_dags/example_complex.py took 0.098 seconds
[2021-02-23 23:41:03,031] {scheduler_job.py:182} INFO - Started process (PID=816) to work on /home/airflow/.local/lib/python3.6/site-packages/airflow/example_dags/example_complex.py
[2021-02-23 23:41:03,032] {scheduler_job.py:629} INFO - Processing file /home/airflow/.local/lib/python3.6/site-packages/airflow/example_dags/example_complex.py for tasks to queue
[2021-02-23 23:41:03,032] {logging_mixin.py:104} INFO - [2021-02-23 23:41:03,032] {dagbag.py:448} INFO - Filling up the DagBag from /home/airflow/.local/lib/python3.6/site-packages/airflow/example_dags/example_complex.py
[2021-02-23 23:41:03,048] {scheduler_job.py:639} INFO - DAG(s) dict_keys(['example_complex']) retrieved from /home/airflow/.local/lib/python3.6/site-packages/airflow/example_dags/example_complex.py
[2021-02-23 23:41:03,067] {logging_mixin.py:104} INFO - [2021-02-23 23:41:03,067] {dag.py:1818} INFO - Sync 1 DAGs
[2021-02-23 23:41:03,077] {logging_mixin.py:104} INFO - [2021-02-23 23:41:03,077] {dag.py:2273} INFO - Setting next_dagrun for example_complex to None
[2021-02-23 23:41:03,115] {scheduler_job.py:190} INFO - Processing /home/airflow/.local/lib/python3.6/site-packages/airflow/example_dags/example_complex.py took 0.087 seconds
[2021-02-23 23:41:33,938] {scheduler_job.py:182} INFO - Started process (PID=843) to work on /home/airflow/.local/lib/python3.6/site-packages/airflow/example_dags/example_complex.py
[2021-02-23 23:41:33,939] {scheduler_job.py:629} INFO - Processing file /home/airflow/.local/lib/python3.6/site-packages/airflow/example_dags/example_complex.py for tasks to queue
[2021-02-23 23:41:33,940] {logging_mixin.py:104} INFO - [2021-02-23 23:41:33,940] {dagbag.py:448} INFO - Filling up the DagBag from /home/airflow/.local/lib/python3.6/site-packages/airflow/example_dags/example_complex.py
[2021-02-23 23:41:33,960] {scheduler_job.py:639} INFO - DAG(s) dict_keys(['example_complex']) retrieved from /home/airflow/.local/lib/python3.6/site-packages/airflow/example_dags/example_complex.py
[2021-02-23 23:41:33,982] {logging_mixin.py:104} INFO - [2021-02-23 23:41:33,982] {dag.py:1818} INFO - Sync 1 DAGs
[2021-02-23 23:41:33,996] {logging_mixin.py:104} INFO - [2021-02-23 23:41:33,996] {dag.py:2273} INFO - Setting next_dagrun for example_complex to None
[2021-02-23 23:41:34,135] {scheduler_job.py:190} INFO - Processing /home/airflow/.local/lib/python3.6/site-packages/airflow/example_dags/example_complex.py took 0.202 seconds
[2021-02-23 23:42:04,959] {scheduler_job.py:182} INFO - Started process (PID=870) to work on /home/airflow/.local/lib/python3.6/site-packages/airflow/example_dags/example_complex.py
[2021-02-23 23:42:04,962] {scheduler_job.py:629} INFO - Processing file /home/airflow/.local/lib/python3.6/site-packages/airflow/example_dags/example_complex.py for tasks to queue
[2021-02-23 23:42:04,964] {logging_mixin.py:104} INFO - [2021-02-23 23:42:04,964] {dagbag.py:448} INFO - Filling up the DagBag from /home/airflow/.local/lib/python3.6/site-packages/airflow/example_dags/example_complex.py
[2021-02-23 23:42:04,988] {scheduler_job.py:639} INFO - DAG(s) dict_keys(['example_complex']) retrieved from /home/airflow/.local/lib/python3.6/site-packages/airflow/example_dags/example_complex.py
[2021-02-23 23:42:05,007] {logging_mixin.py:104} INFO - [2021-02-23 23:42:05,007] {dag.py:1818} INFO - Sync 1 DAGs
[2021-02-23 23:42:05,018] {logging_mixin.py:104} INFO - [2021-02-23 23:42:05,018] {dag.py:2273} INFO - Setting next_dagrun for example_complex to None
[2021-02-23 23:42:05,232] {scheduler_job.py:190} INFO - Processing /home/airflow/.local/lib/python3.6/site-packages/airflow/example_dags/example_complex.py took 0.282 seconds
[2021-02-23 23:42:35,279] {scheduler_job.py:182} INFO - Started process (PID=897) to work on /home/airflow/.local/lib/python3.6/site-packages/airflow/example_dags/example_complex.py
[2021-02-23 23:42:35,280] {scheduler_job.py:629} INFO - Processing file /home/airflow/.local/lib/python3.6/site-packages/airflow/example_dags/example_complex.py for tasks to queue
[2021-02-23 23:42:35,281] {logging_mixin.py:104} INFO - [2021-02-23 23:42:35,280] {dagbag.py:448} INFO - Filling up the DagBag from /home/airflow/.local/lib/python3.6/site-packages/airflow/example_dags/example_complex.py
[2021-02-23 23:42:35,297] {scheduler_job.py:639} INFO - DAG(s) dict_keys(['example_complex']) retrieved from /home/airflow/.local/lib/python3.6/site-packages/airflow/example_dags/example_complex.py
[2021-02-23 23:42:35,320] {logging_mixin.py:104} INFO - [2021-02-23 23:42:35,320] {dag.py:1818} INFO - Sync 1 DAGs
[2021-02-23 23:42:35,332] {logging_mixin.py:104} INFO - [2021-02-23 23:42:35,332] {dag.py:2273} INFO - Setting next_dagrun for example_complex to None
[2021-02-23 23:42:35,370] {scheduler_job.py:190} INFO - Processing /home/airflow/.local/lib/python3.6/site-packages/airflow/example_dags/example_complex.py took 0.093 seconds
[2021-02-23 23:43:05,660] {scheduler_job.py:182} INFO - Started process (PID=924) to work on /home/airflow/.local/lib/python3.6/site-packages/airflow/example_dags/example_complex.py
[2021-02-23 23:43:05,663] {scheduler_job.py:629} INFO - Processing file /home/airflow/.local/lib/python3.6/site-packages/airflow/example_dags/example_complex.py for tasks to queue
[2021-02-23 23:43:05,665] {logging_mixin.py:104} INFO - [2021-02-23 23:43:05,664] {dagbag.py:448} INFO - Filling up the DagBag from /home/airflow/.local/lib/python3.6/site-packages/airflow/example_dags/example_complex.py
[2021-02-23 23:43:05,689] {scheduler_job.py:639} INFO - DAG(s) dict_keys(['example_complex']) retrieved from /home/airflow/.local/lib/python3.6/site-packages/airflow/example_dags/example_complex.py
[2021-02-23 23:43:05,708] {logging_mixin.py:104} INFO - [2021-02-23 23:43:05,708] {dag.py:1818} INFO - Sync 1 DAGs
[2021-02-23 23:43:05,720] {logging_mixin.py:104} INFO - [2021-02-23 23:43:05,720] {dag.py:2273} INFO - Setting next_dagrun for example_complex to None
[2021-02-23 23:43:05,763] {scheduler_job.py:190} INFO - Processing /home/airflow/.local/lib/python3.6/site-packages/airflow/example_dags/example_complex.py took 0.111 seconds
[2021-02-23 23:43:36,435] {scheduler_job.py:182} INFO - Started process (PID=953) to work on /home/airflow/.local/lib/python3.6/site-packages/airflow/example_dags/example_complex.py
[2021-02-23 23:43:36,437] {scheduler_job.py:629} INFO - Processing file /home/airflow/.local/lib/python3.6/site-packages/airflow/example_dags/example_complex.py for tasks to queue
[2021-02-23 23:43:36,438] {logging_mixin.py:104} INFO - [2021-02-23 23:43:36,438] {dagbag.py:448} INFO - Filling up the DagBag from /home/airflow/.local/lib/python3.6/site-packages/airflow/example_dags/example_complex.py
[2021-02-23 23:43:36,458] {scheduler_job.py:639} INFO - DAG(s) dict_keys(['example_complex']) retrieved from /home/airflow/.local/lib/python3.6/site-packages/airflow/example_dags/example_complex.py
[2021-02-23 23:43:36,481] {logging_mixin.py:104} INFO - [2021-02-23 23:43:36,481] {dag.py:1818} INFO - Sync 1 DAGs
[2021-02-23 23:43:36,492] {logging_mixin.py:104} INFO - [2021-02-23 23:43:36,492] {dag.py:2273} INFO - Setting next_dagrun for example_complex to None
[2021-02-23 23:43:36,545] {scheduler_job.py:190} INFO - Processing /home/airflow/.local/lib/python3.6/site-packages/airflow/example_dags/example_complex.py took 0.117 seconds
[2021-02-23 23:44:06,723] {scheduler_job.py:182} INFO - Started process (PID=981) to work on /home/airflow/.local/lib/python3.6/site-packages/airflow/example_dags/example_complex.py
[2021-02-23 23:44:06,724] {scheduler_job.py:629} INFO - Processing file /home/airflow/.local/lib/python3.6/site-packages/airflow/example_dags/example_complex.py for tasks to queue
[2021-02-23 23:44:06,724] {logging_mixin.py:104} INFO - [2021-02-23 23:44:06,724] {dagbag.py:448} INFO - Filling up the DagBag from /home/airflow/.local/lib/python3.6/site-packages/airflow/example_dags/example_complex.py
[2021-02-23 23:44:06,741] {scheduler_job.py:639} INFO - DAG(s) dict_keys(['example_complex']) retrieved from /home/airflow/.local/lib/python3.6/site-packages/airflow/example_dags/example_complex.py
[2021-02-23 23:44:06,761] {logging_mixin.py:104} INFO - [2021-02-23 23:44:06,761] {dag.py:1818} INFO - Sync 1 DAGs
[2021-02-23 23:44:06,773] {logging_mixin.py:104} INFO - [2021-02-23 23:44:06,772] {dag.py:2273} INFO - Setting next_dagrun for example_complex to None
[2021-02-23 23:44:06,806] {scheduler_job.py:190} INFO - Processing /home/airflow/.local/lib/python3.6/site-packages/airflow/example_dags/example_complex.py took 0.085 seconds
[2021-02-23 23:44:37,061] {scheduler_job.py:182} INFO - Started process (PID=1010) to work on /home/airflow/.local/lib/python3.6/site-packages/airflow/example_dags/example_complex.py
[2021-02-23 23:44:37,062] {scheduler_job.py:629} INFO - Processing file /home/airflow/.local/lib/python3.6/site-packages/airflow/example_dags/example_complex.py for tasks to queue
[2021-02-23 23:44:37,062] {logging_mixin.py:104} INFO - [2021-02-23 23:44:37,062] {dagbag.py:448} INFO - Filling up the DagBag from /home/airflow/.local/lib/python3.6/site-packages/airflow/example_dags/example_complex.py
[2021-02-23 23:44:37,075] {scheduler_job.py:639} INFO - DAG(s) dict_keys(['example_complex']) retrieved from /home/airflow/.local/lib/python3.6/site-packages/airflow/example_dags/example_complex.py
[2021-02-23 23:44:37,094] {logging_mixin.py:104} INFO - [2021-02-23 23:44:37,094] {dag.py:1818} INFO - Sync 1 DAGs
[2021-02-23 23:44:37,108] {logging_mixin.py:104} INFO - [2021-02-23 23:44:37,108] {dag.py:2273} INFO - Setting next_dagrun for example_complex to None
[2021-02-23 23:44:37,141] {scheduler_job.py:190} INFO - Processing /home/airflow/.local/lib/python3.6/site-packages/airflow/example_dags/example_complex.py took 0.083 seconds
[2021-02-23 23:45:07,514] {scheduler_job.py:182} INFO - Started process (PID=1035) to work on /home/airflow/.local/lib/python3.6/site-packages/airflow/example_dags/example_complex.py
[2021-02-23 23:45:07,515] {scheduler_job.py:629} INFO - Processing file /home/airflow/.local/lib/python3.6/site-packages/airflow/example_dags/example_complex.py for tasks to queue
[2021-02-23 23:45:07,516] {logging_mixin.py:104} INFO - [2021-02-23 23:45:07,516] {dagbag.py:448} INFO - Filling up the DagBag from /home/airflow/.local/lib/python3.6/site-packages/airflow/example_dags/example_complex.py
[2021-02-23 23:45:07,536] {scheduler_job.py:639} INFO - DAG(s) dict_keys(['example_complex']) retrieved from /home/airflow/.local/lib/python3.6/site-packages/airflow/example_dags/example_complex.py
[2021-02-23 23:45:07,557] {logging_mixin.py:104} INFO - [2021-02-23 23:45:07,557] {dag.py:1818} INFO - Sync 1 DAGs
[2021-02-23 23:45:07,569] {logging_mixin.py:104} INFO - [2021-02-23 23:45:07,569] {dag.py:2273} INFO - Setting next_dagrun for example_complex to None
[2021-02-23 23:45:07,762] {scheduler_job.py:190} INFO - Processing /home/airflow/.local/lib/python3.6/site-packages/airflow/example_dags/example_complex.py took 0.253 seconds
[2021-02-23 23:45:38,649] {scheduler_job.py:182} INFO - Started process (PID=1062) to work on /home/airflow/.local/lib/python3.6/site-packages/airflow/example_dags/example_complex.py
[2021-02-23 23:45:38,650] {scheduler_job.py:629} INFO - Processing file /home/airflow/.local/lib/python3.6/site-packages/airflow/example_dags/example_complex.py for tasks to queue
[2021-02-23 23:45:38,651] {logging_mixin.py:104} INFO - [2021-02-23 23:45:38,651] {dagbag.py:448} INFO - Filling up the DagBag from /home/airflow/.local/lib/python3.6/site-packages/airflow/example_dags/example_complex.py
[2021-02-23 23:45:38,671] {scheduler_job.py:639} INFO - DAG(s) dict_keys(['example_complex']) retrieved from /home/airflow/.local/lib/python3.6/site-packages/airflow/example_dags/example_complex.py
[2021-02-23 23:45:38,694] {logging_mixin.py:104} INFO - [2021-02-23 23:45:38,694] {dag.py:1818} INFO - Sync 1 DAGs
[2021-02-23 23:45:38,706] {logging_mixin.py:104} INFO - [2021-02-23 23:45:38,706] {dag.py:2273} INFO - Setting next_dagrun for example_complex to None
[2021-02-23 23:45:38,763] {scheduler_job.py:190} INFO - Processing /home/airflow/.local/lib/python3.6/site-packages/airflow/example_dags/example_complex.py took 0.120 seconds
[2021-02-23 23:46:09,259] {scheduler_job.py:182} INFO - Started process (PID=1089) to work on /home/airflow/.local/lib/python3.6/site-packages/airflow/example_dags/example_complex.py
[2021-02-23 23:46:09,262] {scheduler_job.py:629} INFO - Processing file /home/airflow/.local/lib/python3.6/site-packages/airflow/example_dags/example_complex.py for tasks to queue
[2021-02-23 23:46:09,264] {logging_mixin.py:104} INFO - [2021-02-23 23:46:09,264] {dagbag.py:448} INFO - Filling up the DagBag from /home/airflow/.local/lib/python3.6/site-packages/airflow/example_dags/example_complex.py
[2021-02-23 23:46:09,290] {scheduler_job.py:639} INFO - DAG(s) dict_keys(['example_complex']) retrieved from /home/airflow/.local/lib/python3.6/site-packages/airflow/example_dags/example_complex.py
[2021-02-23 23:46:09,311] {logging_mixin.py:104} INFO - [2021-02-23 23:46:09,311] {dag.py:1818} INFO - Sync 1 DAGs
[2021-02-23 23:46:09,322] {logging_mixin.py:104} INFO - [2021-02-23 23:46:09,322] {dag.py:2273} INFO - Setting next_dagrun for example_complex to None
[2021-02-23 23:46:09,603] {scheduler_job.py:190} INFO - Processing /home/airflow/.local/lib/python3.6/site-packages/airflow/example_dags/example_complex.py took 0.354 seconds
[2021-02-23 23:46:40,426] {scheduler_job.py:182} INFO - Started process (PID=1116) to work on /home/airflow/.local/lib/python3.6/site-packages/airflow/example_dags/example_complex.py
[2021-02-23 23:46:40,427] {scheduler_job.py:629} INFO - Processing file /home/airflow/.local/lib/python3.6/site-packages/airflow/example_dags/example_complex.py for tasks to queue
[2021-02-23 23:46:40,429] {logging_mixin.py:104} INFO - [2021-02-23 23:46:40,428] {dagbag.py:448} INFO - Filling up the DagBag from /home/airflow/.local/lib/python3.6/site-packages/airflow/example_dags/example_complex.py
[2021-02-23 23:46:40,457] {scheduler_job.py:639} INFO - DAG(s) dict_keys(['example_complex']) retrieved from /home/airflow/.local/lib/python3.6/site-packages/airflow/example_dags/example_complex.py
[2021-02-23 23:46:40,493] {logging_mixin.py:104} INFO - [2021-02-23 23:46:40,493] {dag.py:1818} INFO - Sync 1 DAGs
[2021-02-23 23:46:40,508] {logging_mixin.py:104} INFO - [2021-02-23 23:46:40,508] {dag.py:2273} INFO - Setting next_dagrun for example_complex to None
[2021-02-23 23:46:40,568] {scheduler_job.py:190} INFO - Processing /home/airflow/.local/lib/python3.6/site-packages/airflow/example_dags/example_complex.py took 0.150 seconds
[2021-02-23 23:47:11,226] {scheduler_job.py:182} INFO - Started process (PID=1143) to work on /home/airflow/.local/lib/python3.6/site-packages/airflow/example_dags/example_complex.py
[2021-02-23 23:47:11,229] {scheduler_job.py:629} INFO - Processing file /home/airflow/.local/lib/python3.6/site-packages/airflow/example_dags/example_complex.py for tasks to queue
[2021-02-23 23:47:11,230] {logging_mixin.py:104} INFO - [2021-02-23 23:47:11,230] {dagbag.py:448} INFO - Filling up the DagBag from /home/airflow/.local/lib/python3.6/site-packages/airflow/example_dags/example_complex.py
[2021-02-23 23:47:11,262] {scheduler_job.py:639} INFO - DAG(s) dict_keys(['example_complex']) retrieved from /home/airflow/.local/lib/python3.6/site-packages/airflow/example_dags/example_complex.py
[2021-02-23 23:47:11,285] {logging_mixin.py:104} INFO - [2021-02-23 23:47:11,285] {dag.py:1818} INFO - Sync 1 DAGs
[2021-02-23 23:47:11,297] {logging_mixin.py:104} INFO - [2021-02-23 23:47:11,297] {dag.py:2273} INFO - Setting next_dagrun for example_complex to None
[2021-02-23 23:47:11,477] {scheduler_job.py:190} INFO - Processing /home/airflow/.local/lib/python3.6/site-packages/airflow/example_dags/example_complex.py took 0.260 seconds
[2021-02-23 23:47:42,221] {scheduler_job.py:182} INFO - Started process (PID=1170) to work on /home/airflow/.local/lib/python3.6/site-packages/airflow/example_dags/example_complex.py
[2021-02-23 23:47:42,222] {scheduler_job.py:629} INFO - Processing file /home/airflow/.local/lib/python3.6/site-packages/airflow/example_dags/example_complex.py for tasks to queue
[2021-02-23 23:47:42,223] {logging_mixin.py:104} INFO - [2021-02-23 23:47:42,222] {dagbag.py:448} INFO - Filling up the DagBag from /home/airflow/.local/lib/python3.6/site-packages/airflow/example_dags/example_complex.py
[2021-02-23 23:47:42,239] {scheduler_job.py:639} INFO - DAG(s) dict_keys(['example_complex']) retrieved from /home/airflow/.local/lib/python3.6/site-packages/airflow/example_dags/example_complex.py
[2021-02-23 23:47:42,261] {logging_mixin.py:104} INFO - [2021-02-23 23:47:42,261] {dag.py:1818} INFO - Sync 1 DAGs
[2021-02-23 23:47:42,273] {logging_mixin.py:104} INFO - [2021-02-23 23:47:42,272] {dag.py:2273} INFO - Setting next_dagrun for example_complex to None
[2021-02-23 23:47:42,541] {scheduler_job.py:190} INFO - Processing /home/airflow/.local/lib/python3.6/site-packages/airflow/example_dags/example_complex.py took 0.323 seconds
[2021-02-23 23:48:13,349] {scheduler_job.py:182} INFO - Started process (PID=1197) to work on /home/airflow/.local/lib/python3.6/site-packages/airflow/example_dags/example_complex.py
[2021-02-23 23:48:13,352] {scheduler_job.py:629} INFO - Processing file /home/airflow/.local/lib/python3.6/site-packages/airflow/example_dags/example_complex.py for tasks to queue
[2021-02-23 23:48:13,354] {logging_mixin.py:104} INFO - [2021-02-23 23:48:13,353] {dagbag.py:448} INFO - Filling up the DagBag from /home/airflow/.local/lib/python3.6/site-packages/airflow/example_dags/example_complex.py
[2021-02-23 23:48:13,382] {scheduler_job.py:639} INFO - DAG(s) dict_keys(['example_complex']) retrieved from /home/airflow/.local/lib/python3.6/site-packages/airflow/example_dags/example_complex.py
[2021-02-23 23:48:13,402] {logging_mixin.py:104} INFO - [2021-02-23 23:48:13,402] {dag.py:1818} INFO - Sync 1 DAGs
[2021-02-23 23:48:13,413] {logging_mixin.py:104} INFO - [2021-02-23 23:48:13,413] {dag.py:2273} INFO - Setting next_dagrun for example_complex to None
[2021-02-23 23:48:13,729] {scheduler_job.py:190} INFO - Processing /home/airflow/.local/lib/python3.6/site-packages/airflow/example_dags/example_complex.py took 0.388 seconds
[2021-02-23 23:48:44,505] {scheduler_job.py:182} INFO - Started process (PID=1225) to work on /home/airflow/.local/lib/python3.6/site-packages/airflow/example_dags/example_complex.py
[2021-02-23 23:48:44,507] {scheduler_job.py:629} INFO - Processing file /home/airflow/.local/lib/python3.6/site-packages/airflow/example_dags/example_complex.py for tasks to queue
[2021-02-23 23:48:44,508] {logging_mixin.py:104} INFO - [2021-02-23 23:48:44,508] {dagbag.py:448} INFO - Filling up the DagBag from /home/airflow/.local/lib/python3.6/site-packages/airflow/example_dags/example_complex.py
[2021-02-23 23:48:44,529] {scheduler_job.py:639} INFO - DAG(s) dict_keys(['example_complex']) retrieved from /home/airflow/.local/lib/python3.6/site-packages/airflow/example_dags/example_complex.py
[2021-02-23 23:48:44,551] {logging_mixin.py:104} INFO - [2021-02-23 23:48:44,551] {dag.py:1818} INFO - Sync 1 DAGs
[2021-02-23 23:48:44,563] {logging_mixin.py:104} INFO - [2021-02-23 23:48:44,563] {dag.py:2273} INFO - Setting next_dagrun for example_complex to None
[2021-02-23 23:48:44,725] {scheduler_job.py:190} INFO - Processing /home/airflow/.local/lib/python3.6/site-packages/airflow/example_dags/example_complex.py took 0.227 seconds
[2021-02-23 23:49:15,613] {scheduler_job.py:182} INFO - Started process (PID=1252) to work on /home/airflow/.local/lib/python3.6/site-packages/airflow/example_dags/example_complex.py
[2021-02-23 23:49:15,614] {scheduler_job.py:629} INFO - Processing file /home/airflow/.local/lib/python3.6/site-packages/airflow/example_dags/example_complex.py for tasks to queue
[2021-02-23 23:49:15,614] {logging_mixin.py:104} INFO - [2021-02-23 23:49:15,614] {dagbag.py:448} INFO - Filling up the DagBag from /home/airflow/.local/lib/python3.6/site-packages/airflow/example_dags/example_complex.py
[2021-02-23 23:49:15,627] {scheduler_job.py:639} INFO - DAG(s) dict_keys(['example_complex']) retrieved from /home/airflow/.local/lib/python3.6/site-packages/airflow/example_dags/example_complex.py
[2021-02-23 23:49:15,643] {logging_mixin.py:104} INFO - [2021-02-23 23:49:15,643] {dag.py:1818} INFO - Sync 1 DAGs
[2021-02-23 23:49:15,652] {logging_mixin.py:104} INFO - [2021-02-23 23:49:15,652] {dag.py:2273} INFO - Setting next_dagrun for example_complex to None
[2021-02-23 23:49:15,699] {scheduler_job.py:190} INFO - Processing /home/airflow/.local/lib/python3.6/site-packages/airflow/example_dags/example_complex.py took 0.089 seconds
