[2021-02-23 23:15:28,328] {scheduler_job.py:182} INFO - Started process (PID=47) to work on /home/airflow/.local/lib/python3.6/site-packages/airflow/example_dags/example_skip_dag.py
[2021-02-23 23:15:28,329] {scheduler_job.py:629} INFO - Processing file /home/airflow/.local/lib/python3.6/site-packages/airflow/example_dags/example_skip_dag.py for tasks to queue
[2021-02-23 23:15:28,330] {logging_mixin.py:104} INFO - [2021-02-23 23:15:28,330] {dagbag.py:448} INFO - Filling up the DagBag from /home/airflow/.local/lib/python3.6/site-packages/airflow/example_dags/example_skip_dag.py
[2021-02-23 23:15:28,341] {scheduler_job.py:639} INFO - DAG(s) dict_keys(['example_skip_dag']) retrieved from /home/airflow/.local/lib/python3.6/site-packages/airflow/example_dags/example_skip_dag.py
[2021-02-23 23:15:28,364] {logging_mixin.py:104} INFO - [2021-02-23 23:15:28,364] {dag.py:1818} INFO - Sync 1 DAGs
[2021-02-23 23:15:28,375] {logging_mixin.py:104} INFO - [2021-02-23 23:15:28,375] {dag.py:1837} INFO - Creating ORM DAG for example_skip_dag
[2021-02-23 23:15:28,381] {logging_mixin.py:104} INFO - [2021-02-23 23:15:28,381] {dag.py:2273} INFO - Setting next_dagrun for example_skip_dag to 2021-02-21 00:00:00+00:00
[2021-02-23 23:15:28,679] {scheduler_job.py:190} INFO - Processing /home/airflow/.local/lib/python3.6/site-packages/airflow/example_dags/example_skip_dag.py took 0.353 seconds
[2021-02-23 23:15:59,199] {scheduler_job.py:182} INFO - Started process (PID=75) to work on /home/airflow/.local/lib/python3.6/site-packages/airflow/example_dags/example_skip_dag.py
[2021-02-23 23:15:59,202] {scheduler_job.py:629} INFO - Processing file /home/airflow/.local/lib/python3.6/site-packages/airflow/example_dags/example_skip_dag.py for tasks to queue
[2021-02-23 23:15:59,203] {logging_mixin.py:104} INFO - [2021-02-23 23:15:59,203] {dagbag.py:448} INFO - Filling up the DagBag from /home/airflow/.local/lib/python3.6/site-packages/airflow/example_dags/example_skip_dag.py
[2021-02-23 23:15:59,217] {scheduler_job.py:639} INFO - DAG(s) dict_keys(['example_skip_dag']) retrieved from /home/airflow/.local/lib/python3.6/site-packages/airflow/example_dags/example_skip_dag.py
[2021-02-23 23:15:59,234] {logging_mixin.py:104} INFO - [2021-02-23 23:15:59,234] {dag.py:1818} INFO - Sync 1 DAGs
[2021-02-23 23:15:59,245] {logging_mixin.py:104} INFO - [2021-02-23 23:15:59,245] {dag.py:2273} INFO - Setting next_dagrun for example_skip_dag to 2021-02-21 00:00:00+00:00
[2021-02-23 23:15:59,472] {scheduler_job.py:190} INFO - Processing /home/airflow/.local/lib/python3.6/site-packages/airflow/example_dags/example_skip_dag.py took 0.283 seconds
[2021-02-23 23:16:30,112] {scheduler_job.py:182} INFO - Started process (PID=100) to work on /home/airflow/.local/lib/python3.6/site-packages/airflow/example_dags/example_skip_dag.py
[2021-02-23 23:16:30,114] {scheduler_job.py:629} INFO - Processing file /home/airflow/.local/lib/python3.6/site-packages/airflow/example_dags/example_skip_dag.py for tasks to queue
[2021-02-23 23:16:30,115] {logging_mixin.py:104} INFO - [2021-02-23 23:16:30,115] {dagbag.py:448} INFO - Filling up the DagBag from /home/airflow/.local/lib/python3.6/site-packages/airflow/example_dags/example_skip_dag.py
[2021-02-23 23:16:30,131] {scheduler_job.py:639} INFO - DAG(s) dict_keys(['example_skip_dag']) retrieved from /home/airflow/.local/lib/python3.6/site-packages/airflow/example_dags/example_skip_dag.py
[2021-02-23 23:16:30,155] {logging_mixin.py:104} INFO - [2021-02-23 23:16:30,155] {dag.py:1818} INFO - Sync 1 DAGs
[2021-02-23 23:16:30,170] {logging_mixin.py:104} INFO - [2021-02-23 23:16:30,170] {dag.py:2273} INFO - Setting next_dagrun for example_skip_dag to 2021-02-21 00:00:00+00:00
[2021-02-23 23:16:30,302] {scheduler_job.py:190} INFO - Processing /home/airflow/.local/lib/python3.6/site-packages/airflow/example_dags/example_skip_dag.py took 0.195 seconds
[2021-02-23 23:17:01,373] {scheduler_job.py:182} INFO - Started process (PID=131) to work on /home/airflow/.local/lib/python3.6/site-packages/airflow/example_dags/example_skip_dag.py
[2021-02-23 23:17:01,375] {scheduler_job.py:629} INFO - Processing file /home/airflow/.local/lib/python3.6/site-packages/airflow/example_dags/example_skip_dag.py for tasks to queue
[2021-02-23 23:17:01,376] {logging_mixin.py:104} INFO - [2021-02-23 23:17:01,376] {dagbag.py:448} INFO - Filling up the DagBag from /home/airflow/.local/lib/python3.6/site-packages/airflow/example_dags/example_skip_dag.py
[2021-02-23 23:17:01,392] {scheduler_job.py:639} INFO - DAG(s) dict_keys(['example_skip_dag']) retrieved from /home/airflow/.local/lib/python3.6/site-packages/airflow/example_dags/example_skip_dag.py
[2021-02-23 23:17:01,410] {logging_mixin.py:104} INFO - [2021-02-23 23:17:01,410] {dag.py:1818} INFO - Sync 1 DAGs
[2021-02-23 23:17:01,422] {logging_mixin.py:104} INFO - [2021-02-23 23:17:01,422] {dag.py:2273} INFO - Setting next_dagrun for example_skip_dag to 2021-02-21 00:00:00+00:00
[2021-02-23 23:17:01,488] {scheduler_job.py:190} INFO - Processing /home/airflow/.local/lib/python3.6/site-packages/airflow/example_dags/example_skip_dag.py took 0.120 seconds
[2021-02-23 23:26:12,708] {scheduler_job.py:182} INFO - Started process (PID=25) to work on /home/airflow/.local/lib/python3.6/site-packages/airflow/example_dags/example_skip_dag.py
[2021-02-23 23:26:12,713] {scheduler_job.py:629} INFO - Processing file /home/airflow/.local/lib/python3.6/site-packages/airflow/example_dags/example_skip_dag.py for tasks to queue
[2021-02-23 23:26:12,714] {logging_mixin.py:104} INFO - [2021-02-23 23:26:12,714] {dagbag.py:448} INFO - Filling up the DagBag from /home/airflow/.local/lib/python3.6/site-packages/airflow/example_dags/example_skip_dag.py
[2021-02-23 23:26:12,733] {scheduler_job.py:639} INFO - DAG(s) dict_keys(['example_skip_dag']) retrieved from /home/airflow/.local/lib/python3.6/site-packages/airflow/example_dags/example_skip_dag.py
[2021-02-23 23:26:12,760] {logging_mixin.py:104} INFO - [2021-02-23 23:26:12,759] {dag.py:1818} INFO - Sync 1 DAGs
[2021-02-23 23:26:12,777] {logging_mixin.py:104} INFO - [2021-02-23 23:26:12,777] {dag.py:2273} INFO - Setting next_dagrun for example_skip_dag to 2021-02-21 00:00:00+00:00
[2021-02-23 23:26:12,895] {scheduler_job.py:190} INFO - Processing /home/airflow/.local/lib/python3.6/site-packages/airflow/example_dags/example_skip_dag.py took 0.190 seconds
[2021-02-23 23:26:43,742] {scheduler_job.py:182} INFO - Started process (PID=52) to work on /home/airflow/.local/lib/python3.6/site-packages/airflow/example_dags/example_skip_dag.py
[2021-02-23 23:26:43,743] {scheduler_job.py:629} INFO - Processing file /home/airflow/.local/lib/python3.6/site-packages/airflow/example_dags/example_skip_dag.py for tasks to queue
[2021-02-23 23:26:43,744] {logging_mixin.py:104} INFO - [2021-02-23 23:26:43,744] {dagbag.py:448} INFO - Filling up the DagBag from /home/airflow/.local/lib/python3.6/site-packages/airflow/example_dags/example_skip_dag.py
[2021-02-23 23:26:43,754] {scheduler_job.py:639} INFO - DAG(s) dict_keys(['example_skip_dag']) retrieved from /home/airflow/.local/lib/python3.6/site-packages/airflow/example_dags/example_skip_dag.py
[2021-02-23 23:26:43,770] {logging_mixin.py:104} INFO - [2021-02-23 23:26:43,770] {dag.py:1818} INFO - Sync 1 DAGs
[2021-02-23 23:26:43,782] {logging_mixin.py:104} INFO - [2021-02-23 23:26:43,782] {dag.py:2273} INFO - Setting next_dagrun for example_skip_dag to 2021-02-21 00:00:00+00:00
[2021-02-23 23:26:43,830] {scheduler_job.py:190} INFO - Processing /home/airflow/.local/lib/python3.6/site-packages/airflow/example_dags/example_skip_dag.py took 0.090 seconds
[2021-02-23 23:27:13,881] {scheduler_job.py:182} INFO - Started process (PID=79) to work on /home/airflow/.local/lib/python3.6/site-packages/airflow/example_dags/example_skip_dag.py
[2021-02-23 23:27:13,883] {scheduler_job.py:629} INFO - Processing file /home/airflow/.local/lib/python3.6/site-packages/airflow/example_dags/example_skip_dag.py for tasks to queue
[2021-02-23 23:27:13,884] {logging_mixin.py:104} INFO - [2021-02-23 23:27:13,884] {dagbag.py:448} INFO - Filling up the DagBag from /home/airflow/.local/lib/python3.6/site-packages/airflow/example_dags/example_skip_dag.py
[2021-02-23 23:27:13,899] {scheduler_job.py:639} INFO - DAG(s) dict_keys(['example_skip_dag']) retrieved from /home/airflow/.local/lib/python3.6/site-packages/airflow/example_dags/example_skip_dag.py
[2021-02-23 23:27:13,917] {logging_mixin.py:104} INFO - [2021-02-23 23:27:13,917] {dag.py:1818} INFO - Sync 1 DAGs
[2021-02-23 23:27:13,930] {logging_mixin.py:104} INFO - [2021-02-23 23:27:13,930] {dag.py:2273} INFO - Setting next_dagrun for example_skip_dag to 2021-02-21 00:00:00+00:00
[2021-02-23 23:27:14,046] {scheduler_job.py:190} INFO - Processing /home/airflow/.local/lib/python3.6/site-packages/airflow/example_dags/example_skip_dag.py took 0.170 seconds
[2021-02-23 23:27:44,402] {scheduler_job.py:182} INFO - Started process (PID=106) to work on /home/airflow/.local/lib/python3.6/site-packages/airflow/example_dags/example_skip_dag.py
[2021-02-23 23:27:44,403] {scheduler_job.py:629} INFO - Processing file /home/airflow/.local/lib/python3.6/site-packages/airflow/example_dags/example_skip_dag.py for tasks to queue
[2021-02-23 23:27:44,404] {logging_mixin.py:104} INFO - [2021-02-23 23:27:44,404] {dagbag.py:448} INFO - Filling up the DagBag from /home/airflow/.local/lib/python3.6/site-packages/airflow/example_dags/example_skip_dag.py
[2021-02-23 23:27:44,418] {scheduler_job.py:639} INFO - DAG(s) dict_keys(['example_skip_dag']) retrieved from /home/airflow/.local/lib/python3.6/site-packages/airflow/example_dags/example_skip_dag.py
[2021-02-23 23:27:44,441] {logging_mixin.py:104} INFO - [2021-02-23 23:27:44,441] {dag.py:1818} INFO - Sync 1 DAGs
[2021-02-23 23:27:44,459] {logging_mixin.py:104} INFO - [2021-02-23 23:27:44,459] {dag.py:2273} INFO - Setting next_dagrun for example_skip_dag to 2021-02-21 00:00:00+00:00
[2021-02-23 23:27:44,618] {scheduler_job.py:190} INFO - Processing /home/airflow/.local/lib/python3.6/site-packages/airflow/example_dags/example_skip_dag.py took 0.218 seconds
[2021-02-23 23:28:15,091] {scheduler_job.py:182} INFO - Started process (PID=133) to work on /home/airflow/.local/lib/python3.6/site-packages/airflow/example_dags/example_skip_dag.py
[2021-02-23 23:28:15,091] {scheduler_job.py:629} INFO - Processing file /home/airflow/.local/lib/python3.6/site-packages/airflow/example_dags/example_skip_dag.py for tasks to queue
[2021-02-23 23:28:15,092] {logging_mixin.py:104} INFO - [2021-02-23 23:28:15,092] {dagbag.py:448} INFO - Filling up the DagBag from /home/airflow/.local/lib/python3.6/site-packages/airflow/example_dags/example_skip_dag.py
[2021-02-23 23:28:15,104] {scheduler_job.py:639} INFO - DAG(s) dict_keys(['example_skip_dag']) retrieved from /home/airflow/.local/lib/python3.6/site-packages/airflow/example_dags/example_skip_dag.py
[2021-02-23 23:28:15,124] {logging_mixin.py:104} INFO - [2021-02-23 23:28:15,124] {dag.py:1818} INFO - Sync 1 DAGs
[2021-02-23 23:28:15,137] {logging_mixin.py:104} INFO - [2021-02-23 23:28:15,137] {dag.py:2273} INFO - Setting next_dagrun for example_skip_dag to 2021-02-21 00:00:00+00:00
[2021-02-23 23:28:15,220] {scheduler_job.py:190} INFO - Processing /home/airflow/.local/lib/python3.6/site-packages/airflow/example_dags/example_skip_dag.py took 0.131 seconds
[2021-02-23 23:28:46,027] {scheduler_job.py:182} INFO - Started process (PID=160) to work on /home/airflow/.local/lib/python3.6/site-packages/airflow/example_dags/example_skip_dag.py
[2021-02-23 23:28:46,031] {scheduler_job.py:629} INFO - Processing file /home/airflow/.local/lib/python3.6/site-packages/airflow/example_dags/example_skip_dag.py for tasks to queue
[2021-02-23 23:28:46,033] {logging_mixin.py:104} INFO - [2021-02-23 23:28:46,032] {dagbag.py:448} INFO - Filling up the DagBag from /home/airflow/.local/lib/python3.6/site-packages/airflow/example_dags/example_skip_dag.py
[2021-02-23 23:28:46,049] {scheduler_job.py:639} INFO - DAG(s) dict_keys(['example_skip_dag']) retrieved from /home/airflow/.local/lib/python3.6/site-packages/airflow/example_dags/example_skip_dag.py
[2021-02-23 23:28:46,068] {logging_mixin.py:104} INFO - [2021-02-23 23:28:46,068] {dag.py:1818} INFO - Sync 1 DAGs
[2021-02-23 23:28:46,081] {logging_mixin.py:104} INFO - [2021-02-23 23:28:46,081] {dag.py:2273} INFO - Setting next_dagrun for example_skip_dag to 2021-02-21 00:00:00+00:00
[2021-02-23 23:28:46,123] {scheduler_job.py:190} INFO - Processing /home/airflow/.local/lib/python3.6/site-packages/airflow/example_dags/example_skip_dag.py took 0.105 seconds
[2021-02-23 23:29:16,616] {scheduler_job.py:182} INFO - Started process (PID=187) to work on /home/airflow/.local/lib/python3.6/site-packages/airflow/example_dags/example_skip_dag.py
[2021-02-23 23:29:16,617] {scheduler_job.py:629} INFO - Processing file /home/airflow/.local/lib/python3.6/site-packages/airflow/example_dags/example_skip_dag.py for tasks to queue
[2021-02-23 23:29:16,618] {logging_mixin.py:104} INFO - [2021-02-23 23:29:16,618] {dagbag.py:448} INFO - Filling up the DagBag from /home/airflow/.local/lib/python3.6/site-packages/airflow/example_dags/example_skip_dag.py
[2021-02-23 23:29:16,626] {scheduler_job.py:639} INFO - DAG(s) dict_keys(['example_skip_dag']) retrieved from /home/airflow/.local/lib/python3.6/site-packages/airflow/example_dags/example_skip_dag.py
[2021-02-23 23:29:16,645] {logging_mixin.py:104} INFO - [2021-02-23 23:29:16,645] {dag.py:1818} INFO - Sync 1 DAGs
[2021-02-23 23:29:16,662] {logging_mixin.py:104} INFO - [2021-02-23 23:29:16,661] {dag.py:2273} INFO - Setting next_dagrun for example_skip_dag to 2021-02-21 00:00:00+00:00
[2021-02-23 23:29:16,708] {scheduler_job.py:190} INFO - Processing /home/airflow/.local/lib/python3.6/site-packages/airflow/example_dags/example_skip_dag.py took 0.095 seconds
[2021-02-23 23:29:46,820] {scheduler_job.py:182} INFO - Started process (PID=214) to work on /home/airflow/.local/lib/python3.6/site-packages/airflow/example_dags/example_skip_dag.py
[2021-02-23 23:29:46,821] {scheduler_job.py:629} INFO - Processing file /home/airflow/.local/lib/python3.6/site-packages/airflow/example_dags/example_skip_dag.py for tasks to queue
[2021-02-23 23:29:46,823] {logging_mixin.py:104} INFO - [2021-02-23 23:29:46,822] {dagbag.py:448} INFO - Filling up the DagBag from /home/airflow/.local/lib/python3.6/site-packages/airflow/example_dags/example_skip_dag.py
[2021-02-23 23:29:46,837] {scheduler_job.py:639} INFO - DAG(s) dict_keys(['example_skip_dag']) retrieved from /home/airflow/.local/lib/python3.6/site-packages/airflow/example_dags/example_skip_dag.py
[2021-02-23 23:29:46,890] {logging_mixin.py:104} INFO - [2021-02-23 23:29:46,890] {dag.py:1818} INFO - Sync 1 DAGs
[2021-02-23 23:29:46,907] {logging_mixin.py:104} INFO - [2021-02-23 23:29:46,907] {dag.py:2273} INFO - Setting next_dagrun for example_skip_dag to 2021-02-21 00:00:00+00:00
[2021-02-23 23:29:46,960] {scheduler_job.py:190} INFO - Processing /home/airflow/.local/lib/python3.6/site-packages/airflow/example_dags/example_skip_dag.py took 0.147 seconds
[2021-02-23 23:30:17,978] {scheduler_job.py:182} INFO - Started process (PID=241) to work on /home/airflow/.local/lib/python3.6/site-packages/airflow/example_dags/example_skip_dag.py
[2021-02-23 23:30:17,979] {scheduler_job.py:629} INFO - Processing file /home/airflow/.local/lib/python3.6/site-packages/airflow/example_dags/example_skip_dag.py for tasks to queue
[2021-02-23 23:30:17,981] {logging_mixin.py:104} INFO - [2021-02-23 23:30:17,980] {dagbag.py:448} INFO - Filling up the DagBag from /home/airflow/.local/lib/python3.6/site-packages/airflow/example_dags/example_skip_dag.py
[2021-02-23 23:30:17,995] {scheduler_job.py:639} INFO - DAG(s) dict_keys(['example_skip_dag']) retrieved from /home/airflow/.local/lib/python3.6/site-packages/airflow/example_dags/example_skip_dag.py
[2021-02-23 23:30:18,014] {logging_mixin.py:104} INFO - [2021-02-23 23:30:18,014] {dag.py:1818} INFO - Sync 1 DAGs
[2021-02-23 23:30:18,026] {logging_mixin.py:104} INFO - [2021-02-23 23:30:18,026] {dag.py:2273} INFO - Setting next_dagrun for example_skip_dag to 2021-02-21 00:00:00+00:00
[2021-02-23 23:30:18,142] {scheduler_job.py:190} INFO - Processing /home/airflow/.local/lib/python3.6/site-packages/airflow/example_dags/example_skip_dag.py took 0.170 seconds
[2021-02-23 23:30:48,692] {scheduler_job.py:182} INFO - Started process (PID=268) to work on /home/airflow/.local/lib/python3.6/site-packages/airflow/example_dags/example_skip_dag.py
[2021-02-23 23:30:48,693] {scheduler_job.py:629} INFO - Processing file /home/airflow/.local/lib/python3.6/site-packages/airflow/example_dags/example_skip_dag.py for tasks to queue
[2021-02-23 23:30:48,693] {logging_mixin.py:104} INFO - [2021-02-23 23:30:48,693] {dagbag.py:448} INFO - Filling up the DagBag from /home/airflow/.local/lib/python3.6/site-packages/airflow/example_dags/example_skip_dag.py
[2021-02-23 23:30:48,704] {scheduler_job.py:639} INFO - DAG(s) dict_keys(['example_skip_dag']) retrieved from /home/airflow/.local/lib/python3.6/site-packages/airflow/example_dags/example_skip_dag.py
[2021-02-23 23:30:48,725] {logging_mixin.py:104} INFO - [2021-02-23 23:30:48,725] {dag.py:1818} INFO - Sync 1 DAGs
[2021-02-23 23:30:48,739] {logging_mixin.py:104} INFO - [2021-02-23 23:30:48,739] {dag.py:2273} INFO - Setting next_dagrun for example_skip_dag to 2021-02-21 00:00:00+00:00
[2021-02-23 23:30:48,786] {scheduler_job.py:190} INFO - Processing /home/airflow/.local/lib/python3.6/site-packages/airflow/example_dags/example_skip_dag.py took 0.097 seconds
[2021-02-23 23:31:19,256] {scheduler_job.py:182} INFO - Started process (PID=295) to work on /home/airflow/.local/lib/python3.6/site-packages/airflow/example_dags/example_skip_dag.py
[2021-02-23 23:31:19,259] {scheduler_job.py:629} INFO - Processing file /home/airflow/.local/lib/python3.6/site-packages/airflow/example_dags/example_skip_dag.py for tasks to queue
[2021-02-23 23:31:19,261] {logging_mixin.py:104} INFO - [2021-02-23 23:31:19,260] {dagbag.py:448} INFO - Filling up the DagBag from /home/airflow/.local/lib/python3.6/site-packages/airflow/example_dags/example_skip_dag.py
[2021-02-23 23:31:19,283] {scheduler_job.py:639} INFO - DAG(s) dict_keys(['example_skip_dag']) retrieved from /home/airflow/.local/lib/python3.6/site-packages/airflow/example_dags/example_skip_dag.py
[2021-02-23 23:31:19,303] {logging_mixin.py:104} INFO - [2021-02-23 23:31:19,303] {dag.py:1818} INFO - Sync 1 DAGs
[2021-02-23 23:31:19,316] {logging_mixin.py:104} INFO - [2021-02-23 23:31:19,316] {dag.py:2273} INFO - Setting next_dagrun for example_skip_dag to 2021-02-21 00:00:00+00:00
[2021-02-23 23:31:19,464] {scheduler_job.py:190} INFO - Processing /home/airflow/.local/lib/python3.6/site-packages/airflow/example_dags/example_skip_dag.py took 0.216 seconds
[2021-02-23 23:31:49,530] {scheduler_job.py:182} INFO - Started process (PID=322) to work on /home/airflow/.local/lib/python3.6/site-packages/airflow/example_dags/example_skip_dag.py
[2021-02-23 23:31:49,532] {scheduler_job.py:629} INFO - Processing file /home/airflow/.local/lib/python3.6/site-packages/airflow/example_dags/example_skip_dag.py for tasks to queue
[2021-02-23 23:31:49,534] {logging_mixin.py:104} INFO - [2021-02-23 23:31:49,534] {dagbag.py:448} INFO - Filling up the DagBag from /home/airflow/.local/lib/python3.6/site-packages/airflow/example_dags/example_skip_dag.py
[2021-02-23 23:31:49,553] {scheduler_job.py:639} INFO - DAG(s) dict_keys(['example_skip_dag']) retrieved from /home/airflow/.local/lib/python3.6/site-packages/airflow/example_dags/example_skip_dag.py
[2021-02-23 23:31:49,571] {logging_mixin.py:104} INFO - [2021-02-23 23:31:49,571] {dag.py:1818} INFO - Sync 1 DAGs
[2021-02-23 23:31:49,583] {logging_mixin.py:104} INFO - [2021-02-23 23:31:49,582] {dag.py:2273} INFO - Setting next_dagrun for example_skip_dag to 2021-02-21 00:00:00+00:00
[2021-02-23 23:31:49,637] {scheduler_job.py:190} INFO - Processing /home/airflow/.local/lib/python3.6/site-packages/airflow/example_dags/example_skip_dag.py took 0.115 seconds
[2021-02-23 23:32:20,383] {scheduler_job.py:182} INFO - Started process (PID=349) to work on /home/airflow/.local/lib/python3.6/site-packages/airflow/example_dags/example_skip_dag.py
[2021-02-23 23:32:20,386] {scheduler_job.py:629} INFO - Processing file /home/airflow/.local/lib/python3.6/site-packages/airflow/example_dags/example_skip_dag.py for tasks to queue
[2021-02-23 23:32:20,389] {logging_mixin.py:104} INFO - [2021-02-23 23:32:20,388] {dagbag.py:448} INFO - Filling up the DagBag from /home/airflow/.local/lib/python3.6/site-packages/airflow/example_dags/example_skip_dag.py
[2021-02-23 23:32:20,410] {scheduler_job.py:639} INFO - DAG(s) dict_keys(['example_skip_dag']) retrieved from /home/airflow/.local/lib/python3.6/site-packages/airflow/example_dags/example_skip_dag.py
[2021-02-23 23:32:20,430] {logging_mixin.py:104} INFO - [2021-02-23 23:32:20,430] {dag.py:1818} INFO - Sync 1 DAGs
[2021-02-23 23:32:20,444] {logging_mixin.py:104} INFO - [2021-02-23 23:32:20,444] {dag.py:2273} INFO - Setting next_dagrun for example_skip_dag to 2021-02-21 00:00:00+00:00
[2021-02-23 23:32:20,512] {scheduler_job.py:190} INFO - Processing /home/airflow/.local/lib/python3.6/site-packages/airflow/example_dags/example_skip_dag.py took 0.138 seconds
[2021-02-23 23:32:51,043] {scheduler_job.py:182} INFO - Started process (PID=376) to work on /home/airflow/.local/lib/python3.6/site-packages/airflow/example_dags/example_skip_dag.py
[2021-02-23 23:32:51,044] {scheduler_job.py:629} INFO - Processing file /home/airflow/.local/lib/python3.6/site-packages/airflow/example_dags/example_skip_dag.py for tasks to queue
[2021-02-23 23:32:51,045] {logging_mixin.py:104} INFO - [2021-02-23 23:32:51,044] {dagbag.py:448} INFO - Filling up the DagBag from /home/airflow/.local/lib/python3.6/site-packages/airflow/example_dags/example_skip_dag.py
[2021-02-23 23:32:51,058] {scheduler_job.py:639} INFO - DAG(s) dict_keys(['example_skip_dag']) retrieved from /home/airflow/.local/lib/python3.6/site-packages/airflow/example_dags/example_skip_dag.py
[2021-02-23 23:32:51,100] {logging_mixin.py:104} INFO - [2021-02-23 23:32:51,100] {dag.py:1818} INFO - Sync 1 DAGs
[2021-02-23 23:32:51,118] {logging_mixin.py:104} INFO - [2021-02-23 23:32:51,118] {dag.py:2273} INFO - Setting next_dagrun for example_skip_dag to 2021-02-21 00:00:00+00:00
[2021-02-23 23:32:51,178] {scheduler_job.py:190} INFO - Processing /home/airflow/.local/lib/python3.6/site-packages/airflow/example_dags/example_skip_dag.py took 0.141 seconds
[2021-02-23 23:33:22,090] {scheduler_job.py:182} INFO - Started process (PID=403) to work on /home/airflow/.local/lib/python3.6/site-packages/airflow/example_dags/example_skip_dag.py
[2021-02-23 23:33:22,094] {scheduler_job.py:629} INFO - Processing file /home/airflow/.local/lib/python3.6/site-packages/airflow/example_dags/example_skip_dag.py for tasks to queue
[2021-02-23 23:33:22,096] {logging_mixin.py:104} INFO - [2021-02-23 23:33:22,096] {dagbag.py:448} INFO - Filling up the DagBag from /home/airflow/.local/lib/python3.6/site-packages/airflow/example_dags/example_skip_dag.py
[2021-02-23 23:33:22,115] {scheduler_job.py:639} INFO - DAG(s) dict_keys(['example_skip_dag']) retrieved from /home/airflow/.local/lib/python3.6/site-packages/airflow/example_dags/example_skip_dag.py
[2021-02-23 23:33:22,134] {logging_mixin.py:104} INFO - [2021-02-23 23:33:22,133] {dag.py:1818} INFO - Sync 1 DAGs
[2021-02-23 23:33:22,146] {logging_mixin.py:104} INFO - [2021-02-23 23:33:22,146] {dag.py:2273} INFO - Setting next_dagrun for example_skip_dag to 2021-02-21 00:00:00+00:00
[2021-02-23 23:33:22,205] {scheduler_job.py:190} INFO - Processing /home/airflow/.local/lib/python3.6/site-packages/airflow/example_dags/example_skip_dag.py took 0.122 seconds
[2021-02-23 23:33:52,981] {scheduler_job.py:182} INFO - Started process (PID=430) to work on /home/airflow/.local/lib/python3.6/site-packages/airflow/example_dags/example_skip_dag.py
[2021-02-23 23:33:52,982] {scheduler_job.py:629} INFO - Processing file /home/airflow/.local/lib/python3.6/site-packages/airflow/example_dags/example_skip_dag.py for tasks to queue
[2021-02-23 23:33:52,983] {logging_mixin.py:104} INFO - [2021-02-23 23:33:52,983] {dagbag.py:448} INFO - Filling up the DagBag from /home/airflow/.local/lib/python3.6/site-packages/airflow/example_dags/example_skip_dag.py
[2021-02-23 23:33:52,994] {scheduler_job.py:639} INFO - DAG(s) dict_keys(['example_skip_dag']) retrieved from /home/airflow/.local/lib/python3.6/site-packages/airflow/example_dags/example_skip_dag.py
[2021-02-23 23:33:53,015] {logging_mixin.py:104} INFO - [2021-02-23 23:33:53,015] {dag.py:1818} INFO - Sync 1 DAGs
[2021-02-23 23:33:53,032] {logging_mixin.py:104} INFO - [2021-02-23 23:33:53,032] {dag.py:2273} INFO - Setting next_dagrun for example_skip_dag to 2021-02-21 00:00:00+00:00
[2021-02-23 23:33:53,099] {scheduler_job.py:190} INFO - Processing /home/airflow/.local/lib/python3.6/site-packages/airflow/example_dags/example_skip_dag.py took 0.120 seconds
[2021-02-23 23:34:23,494] {scheduler_job.py:182} INFO - Started process (PID=457) to work on /home/airflow/.local/lib/python3.6/site-packages/airflow/example_dags/example_skip_dag.py
[2021-02-23 23:34:23,495] {scheduler_job.py:629} INFO - Processing file /home/airflow/.local/lib/python3.6/site-packages/airflow/example_dags/example_skip_dag.py for tasks to queue
[2021-02-23 23:34:23,496] {logging_mixin.py:104} INFO - [2021-02-23 23:34:23,496] {dagbag.py:448} INFO - Filling up the DagBag from /home/airflow/.local/lib/python3.6/site-packages/airflow/example_dags/example_skip_dag.py
[2021-02-23 23:34:23,509] {scheduler_job.py:639} INFO - DAG(s) dict_keys(['example_skip_dag']) retrieved from /home/airflow/.local/lib/python3.6/site-packages/airflow/example_dags/example_skip_dag.py
[2021-02-23 23:34:23,530] {logging_mixin.py:104} INFO - [2021-02-23 23:34:23,530] {dag.py:1818} INFO - Sync 1 DAGs
[2021-02-23 23:34:23,545] {logging_mixin.py:104} INFO - [2021-02-23 23:34:23,545] {dag.py:2273} INFO - Setting next_dagrun for example_skip_dag to 2021-02-21 00:00:00+00:00
[2021-02-23 23:34:23,594] {scheduler_job.py:190} INFO - Processing /home/airflow/.local/lib/python3.6/site-packages/airflow/example_dags/example_skip_dag.py took 0.104 seconds
[2021-02-23 23:34:54,513] {scheduler_job.py:182} INFO - Started process (PID=484) to work on /home/airflow/.local/lib/python3.6/site-packages/airflow/example_dags/example_skip_dag.py
[2021-02-23 23:34:54,514] {scheduler_job.py:629} INFO - Processing file /home/airflow/.local/lib/python3.6/site-packages/airflow/example_dags/example_skip_dag.py for tasks to queue
[2021-02-23 23:34:54,515] {logging_mixin.py:104} INFO - [2021-02-23 23:34:54,515] {dagbag.py:448} INFO - Filling up the DagBag from /home/airflow/.local/lib/python3.6/site-packages/airflow/example_dags/example_skip_dag.py
[2021-02-23 23:34:54,527] {scheduler_job.py:639} INFO - DAG(s) dict_keys(['example_skip_dag']) retrieved from /home/airflow/.local/lib/python3.6/site-packages/airflow/example_dags/example_skip_dag.py
[2021-02-23 23:34:54,547] {logging_mixin.py:104} INFO - [2021-02-23 23:34:54,547] {dag.py:1818} INFO - Sync 1 DAGs
[2021-02-23 23:34:54,563] {logging_mixin.py:104} INFO - [2021-02-23 23:34:54,563] {dag.py:2273} INFO - Setting next_dagrun for example_skip_dag to 2021-02-21 00:00:00+00:00
[2021-02-23 23:34:54,636] {scheduler_job.py:190} INFO - Processing /home/airflow/.local/lib/python3.6/site-packages/airflow/example_dags/example_skip_dag.py took 0.126 seconds
[2021-02-23 23:35:24,706] {scheduler_job.py:182} INFO - Started process (PID=511) to work on /home/airflow/.local/lib/python3.6/site-packages/airflow/example_dags/example_skip_dag.py
[2021-02-23 23:35:24,709] {scheduler_job.py:629} INFO - Processing file /home/airflow/.local/lib/python3.6/site-packages/airflow/example_dags/example_skip_dag.py for tasks to queue
[2021-02-23 23:35:24,711] {logging_mixin.py:104} INFO - [2021-02-23 23:35:24,711] {dagbag.py:448} INFO - Filling up the DagBag from /home/airflow/.local/lib/python3.6/site-packages/airflow/example_dags/example_skip_dag.py
[2021-02-23 23:35:24,733] {scheduler_job.py:639} INFO - DAG(s) dict_keys(['example_skip_dag']) retrieved from /home/airflow/.local/lib/python3.6/site-packages/airflow/example_dags/example_skip_dag.py
[2021-02-23 23:35:24,754] {logging_mixin.py:104} INFO - [2021-02-23 23:35:24,754] {dag.py:1818} INFO - Sync 1 DAGs
[2021-02-23 23:35:24,770] {logging_mixin.py:104} INFO - [2021-02-23 23:35:24,769] {dag.py:2273} INFO - Setting next_dagrun for example_skip_dag to 2021-02-21 00:00:00+00:00
[2021-02-23 23:35:24,827] {scheduler_job.py:190} INFO - Processing /home/airflow/.local/lib/python3.6/site-packages/airflow/example_dags/example_skip_dag.py took 0.130 seconds
[2021-02-23 23:35:55,831] {scheduler_job.py:182} INFO - Started process (PID=539) to work on /home/airflow/.local/lib/python3.6/site-packages/airflow/example_dags/example_skip_dag.py
[2021-02-23 23:35:55,832] {scheduler_job.py:629} INFO - Processing file /home/airflow/.local/lib/python3.6/site-packages/airflow/example_dags/example_skip_dag.py for tasks to queue
[2021-02-23 23:35:55,833] {logging_mixin.py:104} INFO - [2021-02-23 23:35:55,833] {dagbag.py:448} INFO - Filling up the DagBag from /home/airflow/.local/lib/python3.6/site-packages/airflow/example_dags/example_skip_dag.py
[2021-02-23 23:35:55,843] {scheduler_job.py:639} INFO - DAG(s) dict_keys(['example_skip_dag']) retrieved from /home/airflow/.local/lib/python3.6/site-packages/airflow/example_dags/example_skip_dag.py
[2021-02-23 23:35:55,860] {logging_mixin.py:104} INFO - [2021-02-23 23:35:55,860] {dag.py:1818} INFO - Sync 1 DAGs
[2021-02-23 23:35:55,872] {logging_mixin.py:104} INFO - [2021-02-23 23:35:55,872] {dag.py:2273} INFO - Setting next_dagrun for example_skip_dag to 2021-02-21 00:00:00+00:00
[2021-02-23 23:35:55,931] {scheduler_job.py:190} INFO - Processing /home/airflow/.local/lib/python3.6/site-packages/airflow/example_dags/example_skip_dag.py took 0.102 seconds
[2021-02-23 23:36:25,971] {scheduler_job.py:182} INFO - Started process (PID=567) to work on /home/airflow/.local/lib/python3.6/site-packages/airflow/example_dags/example_skip_dag.py
[2021-02-23 23:36:25,972] {scheduler_job.py:629} INFO - Processing file /home/airflow/.local/lib/python3.6/site-packages/airflow/example_dags/example_skip_dag.py for tasks to queue
[2021-02-23 23:36:25,973] {logging_mixin.py:104} INFO - [2021-02-23 23:36:25,973] {dagbag.py:448} INFO - Filling up the DagBag from /home/airflow/.local/lib/python3.6/site-packages/airflow/example_dags/example_skip_dag.py
[2021-02-23 23:36:25,983] {scheduler_job.py:639} INFO - DAG(s) dict_keys(['example_skip_dag']) retrieved from /home/airflow/.local/lib/python3.6/site-packages/airflow/example_dags/example_skip_dag.py
[2021-02-23 23:36:26,004] {logging_mixin.py:104} INFO - [2021-02-23 23:36:26,004] {dag.py:1818} INFO - Sync 1 DAGs
[2021-02-23 23:36:26,018] {logging_mixin.py:104} INFO - [2021-02-23 23:36:26,018] {dag.py:2273} INFO - Setting next_dagrun for example_skip_dag to 2021-02-21 00:00:00+00:00
[2021-02-23 23:36:26,055] {scheduler_job.py:190} INFO - Processing /home/airflow/.local/lib/python3.6/site-packages/airflow/example_dags/example_skip_dag.py took 0.086 seconds
[2021-02-23 23:36:56,703] {scheduler_job.py:182} INFO - Started process (PID=593) to work on /home/airflow/.local/lib/python3.6/site-packages/airflow/example_dags/example_skip_dag.py
[2021-02-23 23:36:56,705] {scheduler_job.py:629} INFO - Processing file /home/airflow/.local/lib/python3.6/site-packages/airflow/example_dags/example_skip_dag.py for tasks to queue
[2021-02-23 23:36:56,706] {logging_mixin.py:104} INFO - [2021-02-23 23:36:56,706] {dagbag.py:448} INFO - Filling up the DagBag from /home/airflow/.local/lib/python3.6/site-packages/airflow/example_dags/example_skip_dag.py
[2021-02-23 23:36:56,721] {scheduler_job.py:639} INFO - DAG(s) dict_keys(['example_skip_dag']) retrieved from /home/airflow/.local/lib/python3.6/site-packages/airflow/example_dags/example_skip_dag.py
[2021-02-23 23:36:56,745] {logging_mixin.py:104} INFO - [2021-02-23 23:36:56,745] {dag.py:1818} INFO - Sync 1 DAGs
[2021-02-23 23:36:56,762] {logging_mixin.py:104} INFO - [2021-02-23 23:36:56,761] {dag.py:2273} INFO - Setting next_dagrun for example_skip_dag to 2021-02-21 00:00:00+00:00
[2021-02-23 23:36:56,813] {scheduler_job.py:190} INFO - Processing /home/airflow/.local/lib/python3.6/site-packages/airflow/example_dags/example_skip_dag.py took 0.119 seconds
[2021-02-23 23:37:27,579] {scheduler_job.py:182} INFO - Started process (PID=620) to work on /home/airflow/.local/lib/python3.6/site-packages/airflow/example_dags/example_skip_dag.py
[2021-02-23 23:37:27,580] {scheduler_job.py:629} INFO - Processing file /home/airflow/.local/lib/python3.6/site-packages/airflow/example_dags/example_skip_dag.py for tasks to queue
[2021-02-23 23:37:27,580] {logging_mixin.py:104} INFO - [2021-02-23 23:37:27,580] {dagbag.py:448} INFO - Filling up the DagBag from /home/airflow/.local/lib/python3.6/site-packages/airflow/example_dags/example_skip_dag.py
[2021-02-23 23:37:27,591] {scheduler_job.py:639} INFO - DAG(s) dict_keys(['example_skip_dag']) retrieved from /home/airflow/.local/lib/python3.6/site-packages/airflow/example_dags/example_skip_dag.py
[2021-02-23 23:37:27,613] {logging_mixin.py:104} INFO - [2021-02-23 23:37:27,613] {dag.py:1818} INFO - Sync 1 DAGs
[2021-02-23 23:37:27,628] {logging_mixin.py:104} INFO - [2021-02-23 23:37:27,628] {dag.py:2273} INFO - Setting next_dagrun for example_skip_dag to 2021-02-21 00:00:00+00:00
[2021-02-23 23:37:27,921] {scheduler_job.py:190} INFO - Processing /home/airflow/.local/lib/python3.6/site-packages/airflow/example_dags/example_skip_dag.py took 0.345 seconds
[2021-02-23 23:37:58,111] {scheduler_job.py:182} INFO - Started process (PID=647) to work on /home/airflow/.local/lib/python3.6/site-packages/airflow/example_dags/example_skip_dag.py
[2021-02-23 23:37:58,113] {scheduler_job.py:629} INFO - Processing file /home/airflow/.local/lib/python3.6/site-packages/airflow/example_dags/example_skip_dag.py for tasks to queue
[2021-02-23 23:37:58,115] {logging_mixin.py:104} INFO - [2021-02-23 23:37:58,114] {dagbag.py:448} INFO - Filling up the DagBag from /home/airflow/.local/lib/python3.6/site-packages/airflow/example_dags/example_skip_dag.py
[2021-02-23 23:37:58,131] {scheduler_job.py:639} INFO - DAG(s) dict_keys(['example_skip_dag']) retrieved from /home/airflow/.local/lib/python3.6/site-packages/airflow/example_dags/example_skip_dag.py
[2021-02-23 23:37:58,152] {logging_mixin.py:104} INFO - [2021-02-23 23:37:58,152] {dag.py:1818} INFO - Sync 1 DAGs
[2021-02-23 23:37:58,165] {logging_mixin.py:104} INFO - [2021-02-23 23:37:58,165] {dag.py:2273} INFO - Setting next_dagrun for example_skip_dag to 2021-02-21 00:00:00+00:00
[2021-02-23 23:37:58,251] {scheduler_job.py:190} INFO - Processing /home/airflow/.local/lib/python3.6/site-packages/airflow/example_dags/example_skip_dag.py took 0.149 seconds
[2021-02-23 23:38:28,483] {scheduler_job.py:182} INFO - Started process (PID=674) to work on /home/airflow/.local/lib/python3.6/site-packages/airflow/example_dags/example_skip_dag.py
[2021-02-23 23:38:28,485] {scheduler_job.py:629} INFO - Processing file /home/airflow/.local/lib/python3.6/site-packages/airflow/example_dags/example_skip_dag.py for tasks to queue
[2021-02-23 23:38:28,486] {logging_mixin.py:104} INFO - [2021-02-23 23:38:28,486] {dagbag.py:448} INFO - Filling up the DagBag from /home/airflow/.local/lib/python3.6/site-packages/airflow/example_dags/example_skip_dag.py
[2021-02-23 23:38:28,499] {scheduler_job.py:639} INFO - DAG(s) dict_keys(['example_skip_dag']) retrieved from /home/airflow/.local/lib/python3.6/site-packages/airflow/example_dags/example_skip_dag.py
[2021-02-23 23:38:28,519] {logging_mixin.py:104} INFO - [2021-02-23 23:38:28,519] {dag.py:1818} INFO - Sync 1 DAGs
[2021-02-23 23:38:28,532] {logging_mixin.py:104} INFO - [2021-02-23 23:38:28,532] {dag.py:2273} INFO - Setting next_dagrun for example_skip_dag to 2021-02-21 00:00:00+00:00
[2021-02-23 23:38:28,573] {scheduler_job.py:190} INFO - Processing /home/airflow/.local/lib/python3.6/site-packages/airflow/example_dags/example_skip_dag.py took 0.093 seconds
[2021-02-23 23:38:58,965] {scheduler_job.py:182} INFO - Started process (PID=701) to work on /home/airflow/.local/lib/python3.6/site-packages/airflow/example_dags/example_skip_dag.py
[2021-02-23 23:38:58,968] {scheduler_job.py:629} INFO - Processing file /home/airflow/.local/lib/python3.6/site-packages/airflow/example_dags/example_skip_dag.py for tasks to queue
[2021-02-23 23:38:58,969] {logging_mixin.py:104} INFO - [2021-02-23 23:38:58,968] {dagbag.py:448} INFO - Filling up the DagBag from /home/airflow/.local/lib/python3.6/site-packages/airflow/example_dags/example_skip_dag.py
[2021-02-23 23:38:58,984] {scheduler_job.py:639} INFO - DAG(s) dict_keys(['example_skip_dag']) retrieved from /home/airflow/.local/lib/python3.6/site-packages/airflow/example_dags/example_skip_dag.py
[2021-02-23 23:38:59,007] {logging_mixin.py:104} INFO - [2021-02-23 23:38:59,007] {dag.py:1818} INFO - Sync 1 DAGs
[2021-02-23 23:38:59,026] {logging_mixin.py:104} INFO - [2021-02-23 23:38:59,025] {dag.py:2273} INFO - Setting next_dagrun for example_skip_dag to 2021-02-21 00:00:00+00:00
[2021-02-23 23:38:59,128] {scheduler_job.py:190} INFO - Processing /home/airflow/.local/lib/python3.6/site-packages/airflow/example_dags/example_skip_dag.py took 0.171 seconds
[2021-02-23 23:39:29,170] {scheduler_job.py:182} INFO - Started process (PID=728) to work on /home/airflow/.local/lib/python3.6/site-packages/airflow/example_dags/example_skip_dag.py
[2021-02-23 23:39:29,172] {scheduler_job.py:629} INFO - Processing file /home/airflow/.local/lib/python3.6/site-packages/airflow/example_dags/example_skip_dag.py for tasks to queue
[2021-02-23 23:39:29,174] {logging_mixin.py:104} INFO - [2021-02-23 23:39:29,174] {dagbag.py:448} INFO - Filling up the DagBag from /home/airflow/.local/lib/python3.6/site-packages/airflow/example_dags/example_skip_dag.py
[2021-02-23 23:39:29,200] {scheduler_job.py:639} INFO - DAG(s) dict_keys(['example_skip_dag']) retrieved from /home/airflow/.local/lib/python3.6/site-packages/airflow/example_dags/example_skip_dag.py
[2021-02-23 23:39:29,224] {logging_mixin.py:104} INFO - [2021-02-23 23:39:29,224] {dag.py:1818} INFO - Sync 1 DAGs
[2021-02-23 23:39:29,239] {logging_mixin.py:104} INFO - [2021-02-23 23:39:29,239] {dag.py:2273} INFO - Setting next_dagrun for example_skip_dag to 2021-02-21 00:00:00+00:00
[2021-02-23 23:39:29,290] {scheduler_job.py:190} INFO - Processing /home/airflow/.local/lib/python3.6/site-packages/airflow/example_dags/example_skip_dag.py took 0.128 seconds
[2021-02-23 23:39:59,372] {scheduler_job.py:182} INFO - Started process (PID=755) to work on /home/airflow/.local/lib/python3.6/site-packages/airflow/example_dags/example_skip_dag.py
[2021-02-23 23:39:59,373] {scheduler_job.py:629} INFO - Processing file /home/airflow/.local/lib/python3.6/site-packages/airflow/example_dags/example_skip_dag.py for tasks to queue
[2021-02-23 23:39:59,373] {logging_mixin.py:104} INFO - [2021-02-23 23:39:59,373] {dagbag.py:448} INFO - Filling up the DagBag from /home/airflow/.local/lib/python3.6/site-packages/airflow/example_dags/example_skip_dag.py
[2021-02-23 23:39:59,387] {scheduler_job.py:639} INFO - DAG(s) dict_keys(['example_skip_dag']) retrieved from /home/airflow/.local/lib/python3.6/site-packages/airflow/example_dags/example_skip_dag.py
[2021-02-23 23:39:59,404] {logging_mixin.py:104} INFO - [2021-02-23 23:39:59,404] {dag.py:1818} INFO - Sync 1 DAGs
[2021-02-23 23:39:59,416] {logging_mixin.py:104} INFO - [2021-02-23 23:39:59,416] {dag.py:2273} INFO - Setting next_dagrun for example_skip_dag to 2021-02-21 00:00:00+00:00
[2021-02-23 23:39:59,449] {scheduler_job.py:190} INFO - Processing /home/airflow/.local/lib/python3.6/site-packages/airflow/example_dags/example_skip_dag.py took 0.081 seconds
[2021-02-23 23:40:29,997] {scheduler_job.py:182} INFO - Started process (PID=782) to work on /home/airflow/.local/lib/python3.6/site-packages/airflow/example_dags/example_skip_dag.py
[2021-02-23 23:40:30,000] {scheduler_job.py:629} INFO - Processing file /home/airflow/.local/lib/python3.6/site-packages/airflow/example_dags/example_skip_dag.py for tasks to queue
[2021-02-23 23:40:30,001] {logging_mixin.py:104} INFO - [2021-02-23 23:40:30,001] {dagbag.py:448} INFO - Filling up the DagBag from /home/airflow/.local/lib/python3.6/site-packages/airflow/example_dags/example_skip_dag.py
[2021-02-23 23:40:30,020] {scheduler_job.py:639} INFO - DAG(s) dict_keys(['example_skip_dag']) retrieved from /home/airflow/.local/lib/python3.6/site-packages/airflow/example_dags/example_skip_dag.py
[2021-02-23 23:40:30,037] {logging_mixin.py:104} INFO - [2021-02-23 23:40:30,037] {dag.py:1818} INFO - Sync 1 DAGs
[2021-02-23 23:40:30,049] {logging_mixin.py:104} INFO - [2021-02-23 23:40:30,049] {dag.py:2273} INFO - Setting next_dagrun for example_skip_dag to 2021-02-21 00:00:00+00:00
[2021-02-23 23:40:30,093] {scheduler_job.py:190} INFO - Processing /home/airflow/.local/lib/python3.6/site-packages/airflow/example_dags/example_skip_dag.py took 0.103 seconds
[2021-02-23 23:41:00,622] {scheduler_job.py:182} INFO - Started process (PID=809) to work on /home/airflow/.local/lib/python3.6/site-packages/airflow/example_dags/example_skip_dag.py
[2021-02-23 23:41:00,626] {scheduler_job.py:629} INFO - Processing file /home/airflow/.local/lib/python3.6/site-packages/airflow/example_dags/example_skip_dag.py for tasks to queue
[2021-02-23 23:41:00,628] {logging_mixin.py:104} INFO - [2021-02-23 23:41:00,627] {dagbag.py:448} INFO - Filling up the DagBag from /home/airflow/.local/lib/python3.6/site-packages/airflow/example_dags/example_skip_dag.py
[2021-02-23 23:41:00,651] {scheduler_job.py:639} INFO - DAG(s) dict_keys(['example_skip_dag']) retrieved from /home/airflow/.local/lib/python3.6/site-packages/airflow/example_dags/example_skip_dag.py
[2021-02-23 23:41:00,668] {logging_mixin.py:104} INFO - [2021-02-23 23:41:00,668] {dag.py:1818} INFO - Sync 1 DAGs
[2021-02-23 23:41:00,681] {logging_mixin.py:104} INFO - [2021-02-23 23:41:00,681] {dag.py:2273} INFO - Setting next_dagrun for example_skip_dag to 2021-02-21 00:00:00+00:00
[2021-02-23 23:41:00,753] {scheduler_job.py:190} INFO - Processing /home/airflow/.local/lib/python3.6/site-packages/airflow/example_dags/example_skip_dag.py took 0.140 seconds
[2021-02-23 23:41:31,348] {scheduler_job.py:182} INFO - Started process (PID=836) to work on /home/airflow/.local/lib/python3.6/site-packages/airflow/example_dags/example_skip_dag.py
[2021-02-23 23:41:31,349] {scheduler_job.py:629} INFO - Processing file /home/airflow/.local/lib/python3.6/site-packages/airflow/example_dags/example_skip_dag.py for tasks to queue
[2021-02-23 23:41:31,349] {logging_mixin.py:104} INFO - [2021-02-23 23:41:31,349] {dagbag.py:448} INFO - Filling up the DagBag from /home/airflow/.local/lib/python3.6/site-packages/airflow/example_dags/example_skip_dag.py
[2021-02-23 23:41:31,359] {scheduler_job.py:639} INFO - DAG(s) dict_keys(['example_skip_dag']) retrieved from /home/airflow/.local/lib/python3.6/site-packages/airflow/example_dags/example_skip_dag.py
[2021-02-23 23:41:31,376] {logging_mixin.py:104} INFO - [2021-02-23 23:41:31,376] {dag.py:1818} INFO - Sync 1 DAGs
[2021-02-23 23:41:31,389] {logging_mixin.py:104} INFO - [2021-02-23 23:41:31,389] {dag.py:2273} INFO - Setting next_dagrun for example_skip_dag to 2021-02-21 00:00:00+00:00
[2021-02-23 23:41:31,566] {scheduler_job.py:190} INFO - Processing /home/airflow/.local/lib/python3.6/site-packages/airflow/example_dags/example_skip_dag.py took 0.220 seconds
[2021-02-23 23:42:02,295] {scheduler_job.py:182} INFO - Started process (PID=863) to work on /home/airflow/.local/lib/python3.6/site-packages/airflow/example_dags/example_skip_dag.py
[2021-02-23 23:42:02,298] {scheduler_job.py:629} INFO - Processing file /home/airflow/.local/lib/python3.6/site-packages/airflow/example_dags/example_skip_dag.py for tasks to queue
[2021-02-23 23:42:02,301] {logging_mixin.py:104} INFO - [2021-02-23 23:42:02,300] {dagbag.py:448} INFO - Filling up the DagBag from /home/airflow/.local/lib/python3.6/site-packages/airflow/example_dags/example_skip_dag.py
[2021-02-23 23:42:02,318] {scheduler_job.py:639} INFO - DAG(s) dict_keys(['example_skip_dag']) retrieved from /home/airflow/.local/lib/python3.6/site-packages/airflow/example_dags/example_skip_dag.py
[2021-02-23 23:42:02,337] {logging_mixin.py:104} INFO - [2021-02-23 23:42:02,337] {dag.py:1818} INFO - Sync 1 DAGs
[2021-02-23 23:42:02,351] {logging_mixin.py:104} INFO - [2021-02-23 23:42:02,351] {dag.py:2273} INFO - Setting next_dagrun for example_skip_dag to 2021-02-21 00:00:00+00:00
[2021-02-23 23:42:02,451] {scheduler_job.py:190} INFO - Processing /home/airflow/.local/lib/python3.6/site-packages/airflow/example_dags/example_skip_dag.py took 0.166 seconds
[2021-02-23 23:42:32,718] {scheduler_job.py:182} INFO - Started process (PID=890) to work on /home/airflow/.local/lib/python3.6/site-packages/airflow/example_dags/example_skip_dag.py
[2021-02-23 23:42:32,720] {scheduler_job.py:629} INFO - Processing file /home/airflow/.local/lib/python3.6/site-packages/airflow/example_dags/example_skip_dag.py for tasks to queue
[2021-02-23 23:42:32,722] {logging_mixin.py:104} INFO - [2021-02-23 23:42:32,721] {dagbag.py:448} INFO - Filling up the DagBag from /home/airflow/.local/lib/python3.6/site-packages/airflow/example_dags/example_skip_dag.py
[2021-02-23 23:42:32,735] {scheduler_job.py:639} INFO - DAG(s) dict_keys(['example_skip_dag']) retrieved from /home/airflow/.local/lib/python3.6/site-packages/airflow/example_dags/example_skip_dag.py
[2021-02-23 23:42:32,756] {logging_mixin.py:104} INFO - [2021-02-23 23:42:32,756] {dag.py:1818} INFO - Sync 1 DAGs
[2021-02-23 23:42:32,771] {logging_mixin.py:104} INFO - [2021-02-23 23:42:32,771] {dag.py:2273} INFO - Setting next_dagrun for example_skip_dag to 2021-02-21 00:00:00+00:00
[2021-02-23 23:42:32,946] {scheduler_job.py:190} INFO - Processing /home/airflow/.local/lib/python3.6/site-packages/airflow/example_dags/example_skip_dag.py took 0.235 seconds
[2021-02-23 23:43:03,025] {scheduler_job.py:182} INFO - Started process (PID=917) to work on /home/airflow/.local/lib/python3.6/site-packages/airflow/example_dags/example_skip_dag.py
[2021-02-23 23:43:03,027] {scheduler_job.py:629} INFO - Processing file /home/airflow/.local/lib/python3.6/site-packages/airflow/example_dags/example_skip_dag.py for tasks to queue
[2021-02-23 23:43:03,029] {logging_mixin.py:104} INFO - [2021-02-23 23:43:03,028] {dagbag.py:448} INFO - Filling up the DagBag from /home/airflow/.local/lib/python3.6/site-packages/airflow/example_dags/example_skip_dag.py
[2021-02-23 23:43:03,043] {scheduler_job.py:639} INFO - DAG(s) dict_keys(['example_skip_dag']) retrieved from /home/airflow/.local/lib/python3.6/site-packages/airflow/example_dags/example_skip_dag.py
[2021-02-23 23:43:03,061] {logging_mixin.py:104} INFO - [2021-02-23 23:43:03,061] {dag.py:1818} INFO - Sync 1 DAGs
[2021-02-23 23:43:03,074] {logging_mixin.py:104} INFO - [2021-02-23 23:43:03,074] {dag.py:2273} INFO - Setting next_dagrun for example_skip_dag to 2021-02-21 00:00:00+00:00
[2021-02-23 23:43:03,173] {scheduler_job.py:190} INFO - Processing /home/airflow/.local/lib/python3.6/site-packages/airflow/example_dags/example_skip_dag.py took 0.156 seconds
[2021-02-23 23:43:33,886] {scheduler_job.py:182} INFO - Started process (PID=944) to work on /home/airflow/.local/lib/python3.6/site-packages/airflow/example_dags/example_skip_dag.py
[2021-02-23 23:43:33,892] {scheduler_job.py:629} INFO - Processing file /home/airflow/.local/lib/python3.6/site-packages/airflow/example_dags/example_skip_dag.py for tasks to queue
[2021-02-23 23:43:33,894] {logging_mixin.py:104} INFO - [2021-02-23 23:43:33,894] {dagbag.py:448} INFO - Filling up the DagBag from /home/airflow/.local/lib/python3.6/site-packages/airflow/example_dags/example_skip_dag.py
[2021-02-23 23:43:33,912] {scheduler_job.py:639} INFO - DAG(s) dict_keys(['example_skip_dag']) retrieved from /home/airflow/.local/lib/python3.6/site-packages/airflow/example_dags/example_skip_dag.py
[2021-02-23 23:43:33,934] {logging_mixin.py:104} INFO - [2021-02-23 23:43:33,934] {dag.py:1818} INFO - Sync 1 DAGs
[2021-02-23 23:43:33,948] {logging_mixin.py:104} INFO - [2021-02-23 23:43:33,947] {dag.py:2273} INFO - Setting next_dagrun for example_skip_dag to 2021-02-21 00:00:00+00:00
[2021-02-23 23:43:34,022] {scheduler_job.py:190} INFO - Processing /home/airflow/.local/lib/python3.6/site-packages/airflow/example_dags/example_skip_dag.py took 0.144 seconds
[2021-02-23 23:44:04,187] {scheduler_job.py:182} INFO - Started process (PID=971) to work on /home/airflow/.local/lib/python3.6/site-packages/airflow/example_dags/example_skip_dag.py
[2021-02-23 23:44:04,189] {scheduler_job.py:629} INFO - Processing file /home/airflow/.local/lib/python3.6/site-packages/airflow/example_dags/example_skip_dag.py for tasks to queue
[2021-02-23 23:44:04,191] {logging_mixin.py:104} INFO - [2021-02-23 23:44:04,190] {dagbag.py:448} INFO - Filling up the DagBag from /home/airflow/.local/lib/python3.6/site-packages/airflow/example_dags/example_skip_dag.py
[2021-02-23 23:44:04,205] {scheduler_job.py:639} INFO - DAG(s) dict_keys(['example_skip_dag']) retrieved from /home/airflow/.local/lib/python3.6/site-packages/airflow/example_dags/example_skip_dag.py
[2021-02-23 23:44:04,225] {logging_mixin.py:104} INFO - [2021-02-23 23:44:04,224] {dag.py:1818} INFO - Sync 1 DAGs
[2021-02-23 23:44:04,240] {logging_mixin.py:104} INFO - [2021-02-23 23:44:04,240] {dag.py:2273} INFO - Setting next_dagrun for example_skip_dag to 2021-02-21 00:00:00+00:00
[2021-02-23 23:44:04,293] {scheduler_job.py:190} INFO - Processing /home/airflow/.local/lib/python3.6/site-packages/airflow/example_dags/example_skip_dag.py took 0.115 seconds
[2021-02-23 23:44:34,345] {scheduler_job.py:182} INFO - Started process (PID=998) to work on /home/airflow/.local/lib/python3.6/site-packages/airflow/example_dags/example_skip_dag.py
[2021-02-23 23:44:34,348] {scheduler_job.py:629} INFO - Processing file /home/airflow/.local/lib/python3.6/site-packages/airflow/example_dags/example_skip_dag.py for tasks to queue
[2021-02-23 23:44:34,350] {logging_mixin.py:104} INFO - [2021-02-23 23:44:34,349] {dagbag.py:448} INFO - Filling up the DagBag from /home/airflow/.local/lib/python3.6/site-packages/airflow/example_dags/example_skip_dag.py
[2021-02-23 23:44:34,369] {scheduler_job.py:639} INFO - DAG(s) dict_keys(['example_skip_dag']) retrieved from /home/airflow/.local/lib/python3.6/site-packages/airflow/example_dags/example_skip_dag.py
[2021-02-23 23:44:34,388] {logging_mixin.py:104} INFO - [2021-02-23 23:44:34,388] {dag.py:1818} INFO - Sync 1 DAGs
[2021-02-23 23:44:34,400] {logging_mixin.py:104} INFO - [2021-02-23 23:44:34,400] {dag.py:2273} INFO - Setting next_dagrun for example_skip_dag to 2021-02-21 00:00:00+00:00
[2021-02-23 23:44:34,442] {scheduler_job.py:190} INFO - Processing /home/airflow/.local/lib/python3.6/site-packages/airflow/example_dags/example_skip_dag.py took 0.105 seconds
[2021-02-23 23:45:05,437] {scheduler_job.py:182} INFO - Started process (PID=1025) to work on /home/airflow/.local/lib/python3.6/site-packages/airflow/example_dags/example_skip_dag.py
[2021-02-23 23:45:05,440] {scheduler_job.py:629} INFO - Processing file /home/airflow/.local/lib/python3.6/site-packages/airflow/example_dags/example_skip_dag.py for tasks to queue
[2021-02-23 23:45:05,442] {logging_mixin.py:104} INFO - [2021-02-23 23:45:05,441] {dagbag.py:448} INFO - Filling up the DagBag from /home/airflow/.local/lib/python3.6/site-packages/airflow/example_dags/example_skip_dag.py
[2021-02-23 23:45:05,460] {scheduler_job.py:639} INFO - DAG(s) dict_keys(['example_skip_dag']) retrieved from /home/airflow/.local/lib/python3.6/site-packages/airflow/example_dags/example_skip_dag.py
[2021-02-23 23:45:05,479] {logging_mixin.py:104} INFO - [2021-02-23 23:45:05,479] {dag.py:1818} INFO - Sync 1 DAGs
[2021-02-23 23:45:05,493] {logging_mixin.py:104} INFO - [2021-02-23 23:45:05,493] {dag.py:2273} INFO - Setting next_dagrun for example_skip_dag to 2021-02-21 00:00:00+00:00
[2021-02-23 23:45:05,532] {scheduler_job.py:190} INFO - Processing /home/airflow/.local/lib/python3.6/site-packages/airflow/example_dags/example_skip_dag.py took 0.104 seconds
[2021-02-23 23:45:36,000] {scheduler_job.py:182} INFO - Started process (PID=1052) to work on /home/airflow/.local/lib/python3.6/site-packages/airflow/example_dags/example_skip_dag.py
[2021-02-23 23:45:36,002] {scheduler_job.py:629} INFO - Processing file /home/airflow/.local/lib/python3.6/site-packages/airflow/example_dags/example_skip_dag.py for tasks to queue
[2021-02-23 23:45:36,003] {logging_mixin.py:104} INFO - [2021-02-23 23:45:36,002] {dagbag.py:448} INFO - Filling up the DagBag from /home/airflow/.local/lib/python3.6/site-packages/airflow/example_dags/example_skip_dag.py
[2021-02-23 23:45:36,016] {scheduler_job.py:639} INFO - DAG(s) dict_keys(['example_skip_dag']) retrieved from /home/airflow/.local/lib/python3.6/site-packages/airflow/example_dags/example_skip_dag.py
[2021-02-23 23:45:36,037] {logging_mixin.py:104} INFO - [2021-02-23 23:45:36,037] {dag.py:1818} INFO - Sync 1 DAGs
[2021-02-23 23:45:36,051] {logging_mixin.py:104} INFO - [2021-02-23 23:45:36,051] {dag.py:2273} INFO - Setting next_dagrun for example_skip_dag to 2021-02-21 00:00:00+00:00
[2021-02-23 23:45:36,098] {scheduler_job.py:190} INFO - Processing /home/airflow/.local/lib/python3.6/site-packages/airflow/example_dags/example_skip_dag.py took 0.107 seconds
[2021-02-23 23:46:06,700] {scheduler_job.py:182} INFO - Started process (PID=1079) to work on /home/airflow/.local/lib/python3.6/site-packages/airflow/example_dags/example_skip_dag.py
[2021-02-23 23:46:06,704] {scheduler_job.py:629} INFO - Processing file /home/airflow/.local/lib/python3.6/site-packages/airflow/example_dags/example_skip_dag.py for tasks to queue
[2021-02-23 23:46:06,706] {logging_mixin.py:104} INFO - [2021-02-23 23:46:06,705] {dagbag.py:448} INFO - Filling up the DagBag from /home/airflow/.local/lib/python3.6/site-packages/airflow/example_dags/example_skip_dag.py
[2021-02-23 23:46:06,723] {scheduler_job.py:639} INFO - DAG(s) dict_keys(['example_skip_dag']) retrieved from /home/airflow/.local/lib/python3.6/site-packages/airflow/example_dags/example_skip_dag.py
[2021-02-23 23:46:06,742] {logging_mixin.py:104} INFO - [2021-02-23 23:46:06,741] {dag.py:1818} INFO - Sync 1 DAGs
[2021-02-23 23:46:06,756] {logging_mixin.py:104} INFO - [2021-02-23 23:46:06,755] {dag.py:2273} INFO - Setting next_dagrun for example_skip_dag to 2021-02-21 00:00:00+00:00
[2021-02-23 23:46:06,801] {scheduler_job.py:190} INFO - Processing /home/airflow/.local/lib/python3.6/site-packages/airflow/example_dags/example_skip_dag.py took 0.111 seconds
[2021-02-23 23:46:37,773] {scheduler_job.py:182} INFO - Started process (PID=1106) to work on /home/airflow/.local/lib/python3.6/site-packages/airflow/example_dags/example_skip_dag.py
[2021-02-23 23:46:37,774] {scheduler_job.py:629} INFO - Processing file /home/airflow/.local/lib/python3.6/site-packages/airflow/example_dags/example_skip_dag.py for tasks to queue
[2021-02-23 23:46:37,775] {logging_mixin.py:104} INFO - [2021-02-23 23:46:37,775] {dagbag.py:448} INFO - Filling up the DagBag from /home/airflow/.local/lib/python3.6/site-packages/airflow/example_dags/example_skip_dag.py
[2021-02-23 23:46:37,788] {scheduler_job.py:639} INFO - DAG(s) dict_keys(['example_skip_dag']) retrieved from /home/airflow/.local/lib/python3.6/site-packages/airflow/example_dags/example_skip_dag.py
[2021-02-23 23:46:37,808] {logging_mixin.py:104} INFO - [2021-02-23 23:46:37,808] {dag.py:1818} INFO - Sync 1 DAGs
[2021-02-23 23:46:37,825] {logging_mixin.py:104} INFO - [2021-02-23 23:46:37,825] {dag.py:2273} INFO - Setting next_dagrun for example_skip_dag to 2021-02-21 00:00:00+00:00
[2021-02-23 23:46:37,874] {scheduler_job.py:190} INFO - Processing /home/airflow/.local/lib/python3.6/site-packages/airflow/example_dags/example_skip_dag.py took 0.109 seconds
[2021-02-23 23:47:08,537] {scheduler_job.py:182} INFO - Started process (PID=1133) to work on /home/airflow/.local/lib/python3.6/site-packages/airflow/example_dags/example_skip_dag.py
[2021-02-23 23:47:08,540] {scheduler_job.py:629} INFO - Processing file /home/airflow/.local/lib/python3.6/site-packages/airflow/example_dags/example_skip_dag.py for tasks to queue
[2021-02-23 23:47:08,542] {logging_mixin.py:104} INFO - [2021-02-23 23:47:08,541] {dagbag.py:448} INFO - Filling up the DagBag from /home/airflow/.local/lib/python3.6/site-packages/airflow/example_dags/example_skip_dag.py
[2021-02-23 23:47:08,563] {scheduler_job.py:639} INFO - DAG(s) dict_keys(['example_skip_dag']) retrieved from /home/airflow/.local/lib/python3.6/site-packages/airflow/example_dags/example_skip_dag.py
[2021-02-23 23:47:08,585] {logging_mixin.py:104} INFO - [2021-02-23 23:47:08,585] {dag.py:1818} INFO - Sync 1 DAGs
[2021-02-23 23:47:08,606] {logging_mixin.py:104} INFO - [2021-02-23 23:47:08,605] {dag.py:2273} INFO - Setting next_dagrun for example_skip_dag to 2021-02-21 00:00:00+00:00
[2021-02-23 23:47:08,700] {scheduler_job.py:190} INFO - Processing /home/airflow/.local/lib/python3.6/site-packages/airflow/example_dags/example_skip_dag.py took 0.171 seconds
[2021-02-23 23:47:39,662] {scheduler_job.py:182} INFO - Started process (PID=1160) to work on /home/airflow/.local/lib/python3.6/site-packages/airflow/example_dags/example_skip_dag.py
[2021-02-23 23:47:39,664] {scheduler_job.py:629} INFO - Processing file /home/airflow/.local/lib/python3.6/site-packages/airflow/example_dags/example_skip_dag.py for tasks to queue
[2021-02-23 23:47:39,666] {logging_mixin.py:104} INFO - [2021-02-23 23:47:39,666] {dagbag.py:448} INFO - Filling up the DagBag from /home/airflow/.local/lib/python3.6/site-packages/airflow/example_dags/example_skip_dag.py
[2021-02-23 23:47:39,686] {scheduler_job.py:639} INFO - DAG(s) dict_keys(['example_skip_dag']) retrieved from /home/airflow/.local/lib/python3.6/site-packages/airflow/example_dags/example_skip_dag.py
[2021-02-23 23:47:39,706] {logging_mixin.py:104} INFO - [2021-02-23 23:47:39,706] {dag.py:1818} INFO - Sync 1 DAGs
[2021-02-23 23:47:39,719] {logging_mixin.py:104} INFO - [2021-02-23 23:47:39,719] {dag.py:2273} INFO - Setting next_dagrun for example_skip_dag to 2021-02-21 00:00:00+00:00
[2021-02-23 23:47:39,792] {scheduler_job.py:190} INFO - Processing /home/airflow/.local/lib/python3.6/site-packages/airflow/example_dags/example_skip_dag.py took 0.138 seconds
[2021-02-23 23:48:10,754] {scheduler_job.py:182} INFO - Started process (PID=1187) to work on /home/airflow/.local/lib/python3.6/site-packages/airflow/example_dags/example_skip_dag.py
[2021-02-23 23:48:10,754] {scheduler_job.py:629} INFO - Processing file /home/airflow/.local/lib/python3.6/site-packages/airflow/example_dags/example_skip_dag.py for tasks to queue
[2021-02-23 23:48:10,755] {logging_mixin.py:104} INFO - [2021-02-23 23:48:10,755] {dagbag.py:448} INFO - Filling up the DagBag from /home/airflow/.local/lib/python3.6/site-packages/airflow/example_dags/example_skip_dag.py
[2021-02-23 23:48:10,763] {scheduler_job.py:639} INFO - DAG(s) dict_keys(['example_skip_dag']) retrieved from /home/airflow/.local/lib/python3.6/site-packages/airflow/example_dags/example_skip_dag.py
[2021-02-23 23:48:10,780] {logging_mixin.py:104} INFO - [2021-02-23 23:48:10,780] {dag.py:1818} INFO - Sync 1 DAGs
[2021-02-23 23:48:10,794] {logging_mixin.py:104} INFO - [2021-02-23 23:48:10,794] {dag.py:2273} INFO - Setting next_dagrun for example_skip_dag to 2021-02-21 00:00:00+00:00
[2021-02-23 23:48:10,823] {scheduler_job.py:190} INFO - Processing /home/airflow/.local/lib/python3.6/site-packages/airflow/example_dags/example_skip_dag.py took 0.071 seconds
[2021-02-23 23:48:40,981] {scheduler_job.py:182} INFO - Started process (PID=1214) to work on /home/airflow/.local/lib/python3.6/site-packages/airflow/example_dags/example_skip_dag.py
[2021-02-23 23:48:40,983] {scheduler_job.py:629} INFO - Processing file /home/airflow/.local/lib/python3.6/site-packages/airflow/example_dags/example_skip_dag.py for tasks to queue
[2021-02-23 23:48:40,985] {logging_mixin.py:104} INFO - [2021-02-23 23:48:40,985] {dagbag.py:448} INFO - Filling up the DagBag from /home/airflow/.local/lib/python3.6/site-packages/airflow/example_dags/example_skip_dag.py
[2021-02-23 23:48:41,003] {scheduler_job.py:639} INFO - DAG(s) dict_keys(['example_skip_dag']) retrieved from /home/airflow/.local/lib/python3.6/site-packages/airflow/example_dags/example_skip_dag.py
[2021-02-23 23:48:41,025] {logging_mixin.py:104} INFO - [2021-02-23 23:48:41,025] {dag.py:1818} INFO - Sync 1 DAGs
[2021-02-23 23:48:41,046] {logging_mixin.py:104} INFO - [2021-02-23 23:48:41,046] {dag.py:2273} INFO - Setting next_dagrun for example_skip_dag to 2021-02-21 00:00:00+00:00
[2021-02-23 23:48:41,102] {scheduler_job.py:190} INFO - Processing /home/airflow/.local/lib/python3.6/site-packages/airflow/example_dags/example_skip_dag.py took 0.127 seconds
[2021-02-23 23:49:12,109] {scheduler_job.py:182} INFO - Started process (PID=1241) to work on /home/airflow/.local/lib/python3.6/site-packages/airflow/example_dags/example_skip_dag.py
[2021-02-23 23:49:12,111] {scheduler_job.py:629} INFO - Processing file /home/airflow/.local/lib/python3.6/site-packages/airflow/example_dags/example_skip_dag.py for tasks to queue
[2021-02-23 23:49:12,112] {logging_mixin.py:104} INFO - [2021-02-23 23:49:12,111] {dagbag.py:448} INFO - Filling up the DagBag from /home/airflow/.local/lib/python3.6/site-packages/airflow/example_dags/example_skip_dag.py
[2021-02-23 23:49:12,126] {scheduler_job.py:639} INFO - DAG(s) dict_keys(['example_skip_dag']) retrieved from /home/airflow/.local/lib/python3.6/site-packages/airflow/example_dags/example_skip_dag.py
[2021-02-23 23:49:12,149] {logging_mixin.py:104} INFO - [2021-02-23 23:49:12,149] {dag.py:1818} INFO - Sync 1 DAGs
[2021-02-23 23:49:12,164] {logging_mixin.py:104} INFO - [2021-02-23 23:49:12,164] {dag.py:2273} INFO - Setting next_dagrun for example_skip_dag to 2021-02-21 00:00:00+00:00
[2021-02-23 23:49:12,204] {scheduler_job.py:190} INFO - Processing /home/airflow/.local/lib/python3.6/site-packages/airflow/example_dags/example_skip_dag.py took 0.101 seconds
