[2021-02-23 23:15:28,824] {scheduler_job.py:182} INFO - Started process (PID=50) to work on /home/airflow/.local/lib/python3.6/site-packages/airflow/example_dags/example_trigger_controller_dag.py
[2021-02-23 23:15:28,825] {scheduler_job.py:629} INFO - Processing file /home/airflow/.local/lib/python3.6/site-packages/airflow/example_dags/example_trigger_controller_dag.py for tasks to queue
[2021-02-23 23:15:28,825] {logging_mixin.py:104} INFO - [2021-02-23 23:15:28,825] {dagbag.py:448} INFO - Filling up the DagBag from /home/airflow/.local/lib/python3.6/site-packages/airflow/example_dags/example_trigger_controller_dag.py
[2021-02-23 23:15:28,837] {scheduler_job.py:639} INFO - DAG(s) dict_keys(['example_trigger_controller_dag']) retrieved from /home/airflow/.local/lib/python3.6/site-packages/airflow/example_dags/example_trigger_controller_dag.py
[2021-02-23 23:15:28,854] {logging_mixin.py:104} INFO - [2021-02-23 23:15:28,854] {dag.py:1818} INFO - Sync 1 DAGs
[2021-02-23 23:15:28,862] {logging_mixin.py:104} INFO - [2021-02-23 23:15:28,862] {dag.py:1837} INFO - Creating ORM DAG for example_trigger_controller_dag
[2021-02-23 23:15:28,866] {logging_mixin.py:104} INFO - [2021-02-23 23:15:28,866] {dag.py:2273} INFO - Setting next_dagrun for example_trigger_controller_dag to 2021-02-21 00:00:00+00:00
[2021-02-23 23:15:29,095] {scheduler_job.py:190} INFO - Processing /home/airflow/.local/lib/python3.6/site-packages/airflow/example_dags/example_trigger_controller_dag.py took 0.273 seconds
[2021-02-23 23:15:59,508] {scheduler_job.py:182} INFO - Started process (PID=77) to work on /home/airflow/.local/lib/python3.6/site-packages/airflow/example_dags/example_trigger_controller_dag.py
[2021-02-23 23:15:59,509] {scheduler_job.py:629} INFO - Processing file /home/airflow/.local/lib/python3.6/site-packages/airflow/example_dags/example_trigger_controller_dag.py for tasks to queue
[2021-02-23 23:15:59,510] {logging_mixin.py:104} INFO - [2021-02-23 23:15:59,510] {dagbag.py:448} INFO - Filling up the DagBag from /home/airflow/.local/lib/python3.6/site-packages/airflow/example_dags/example_trigger_controller_dag.py
[2021-02-23 23:15:59,519] {scheduler_job.py:639} INFO - DAG(s) dict_keys(['example_trigger_controller_dag']) retrieved from /home/airflow/.local/lib/python3.6/site-packages/airflow/example_dags/example_trigger_controller_dag.py
[2021-02-23 23:15:59,534] {logging_mixin.py:104} INFO - [2021-02-23 23:15:59,534] {dag.py:1818} INFO - Sync 1 DAGs
[2021-02-23 23:15:59,545] {logging_mixin.py:104} INFO - [2021-02-23 23:15:59,545] {dag.py:2273} INFO - Setting next_dagrun for example_trigger_controller_dag to 2021-02-21 00:00:00+00:00
[2021-02-23 23:15:59,694] {scheduler_job.py:190} INFO - Processing /home/airflow/.local/lib/python3.6/site-packages/airflow/example_dags/example_trigger_controller_dag.py took 0.190 seconds
[2021-02-23 23:16:30,455] {scheduler_job.py:182} INFO - Started process (PID=104) to work on /home/airflow/.local/lib/python3.6/site-packages/airflow/example_dags/example_trigger_controller_dag.py
[2021-02-23 23:16:30,456] {scheduler_job.py:629} INFO - Processing file /home/airflow/.local/lib/python3.6/site-packages/airflow/example_dags/example_trigger_controller_dag.py for tasks to queue
[2021-02-23 23:16:30,457] {logging_mixin.py:104} INFO - [2021-02-23 23:16:30,456] {dagbag.py:448} INFO - Filling up the DagBag from /home/airflow/.local/lib/python3.6/site-packages/airflow/example_dags/example_trigger_controller_dag.py
[2021-02-23 23:16:30,463] {scheduler_job.py:639} INFO - DAG(s) dict_keys(['example_trigger_controller_dag']) retrieved from /home/airflow/.local/lib/python3.6/site-packages/airflow/example_dags/example_trigger_controller_dag.py
[2021-02-23 23:16:30,478] {logging_mixin.py:104} INFO - [2021-02-23 23:16:30,477] {dag.py:1818} INFO - Sync 1 DAGs
[2021-02-23 23:16:30,490] {logging_mixin.py:104} INFO - [2021-02-23 23:16:30,490] {dag.py:2273} INFO - Setting next_dagrun for example_trigger_controller_dag to 2021-02-21 00:00:00+00:00
[2021-02-23 23:16:30,540] {scheduler_job.py:190} INFO - Processing /home/airflow/.local/lib/python3.6/site-packages/airflow/example_dags/example_trigger_controller_dag.py took 0.086 seconds
[2021-02-23 23:17:01,253] {scheduler_job.py:182} INFO - Started process (PID=130) to work on /home/airflow/.local/lib/python3.6/site-packages/airflow/example_dags/example_trigger_controller_dag.py
[2021-02-23 23:17:01,255] {scheduler_job.py:629} INFO - Processing file /home/airflow/.local/lib/python3.6/site-packages/airflow/example_dags/example_trigger_controller_dag.py for tasks to queue
[2021-02-23 23:17:01,256] {logging_mixin.py:104} INFO - [2021-02-23 23:17:01,256] {dagbag.py:448} INFO - Filling up the DagBag from /home/airflow/.local/lib/python3.6/site-packages/airflow/example_dags/example_trigger_controller_dag.py
[2021-02-23 23:17:01,277] {scheduler_job.py:639} INFO - DAG(s) dict_keys(['example_trigger_controller_dag']) retrieved from /home/airflow/.local/lib/python3.6/site-packages/airflow/example_dags/example_trigger_controller_dag.py
[2021-02-23 23:17:01,302] {logging_mixin.py:104} INFO - [2021-02-23 23:17:01,302] {dag.py:1818} INFO - Sync 1 DAGs
[2021-02-23 23:17:01,320] {logging_mixin.py:104} INFO - [2021-02-23 23:17:01,320] {dag.py:2273} INFO - Setting next_dagrun for example_trigger_controller_dag to 2021-02-21 00:00:00+00:00
[2021-02-23 23:17:01,385] {scheduler_job.py:190} INFO - Processing /home/airflow/.local/lib/python3.6/site-packages/airflow/example_dags/example_trigger_controller_dag.py took 0.138 seconds
[2021-02-23 23:26:13,977] {scheduler_job.py:182} INFO - Started process (PID=32) to work on /home/airflow/.local/lib/python3.6/site-packages/airflow/example_dags/example_trigger_controller_dag.py
[2021-02-23 23:26:13,981] {scheduler_job.py:629} INFO - Processing file /home/airflow/.local/lib/python3.6/site-packages/airflow/example_dags/example_trigger_controller_dag.py for tasks to queue
[2021-02-23 23:26:13,982] {logging_mixin.py:104} INFO - [2021-02-23 23:26:13,981] {dagbag.py:448} INFO - Filling up the DagBag from /home/airflow/.local/lib/python3.6/site-packages/airflow/example_dags/example_trigger_controller_dag.py
[2021-02-23 23:26:13,992] {scheduler_job.py:639} INFO - DAG(s) dict_keys(['example_trigger_controller_dag']) retrieved from /home/airflow/.local/lib/python3.6/site-packages/airflow/example_dags/example_trigger_controller_dag.py
[2021-02-23 23:26:14,015] {logging_mixin.py:104} INFO - [2021-02-23 23:26:14,015] {dag.py:1818} INFO - Sync 1 DAGs
[2021-02-23 23:26:14,037] {logging_mixin.py:104} INFO - [2021-02-23 23:26:14,037] {dag.py:2273} INFO - Setting next_dagrun for example_trigger_controller_dag to 2021-02-21 00:00:00+00:00
[2021-02-23 23:26:14,200] {scheduler_job.py:190} INFO - Processing /home/airflow/.local/lib/python3.6/site-packages/airflow/example_dags/example_trigger_controller_dag.py took 0.225 seconds
[2021-02-23 23:26:46,470] {scheduler_job.py:182} INFO - Started process (PID=67) to work on /home/airflow/.local/lib/python3.6/site-packages/airflow/example_dags/example_trigger_controller_dag.py
[2021-02-23 23:26:46,473] {scheduler_job.py:629} INFO - Processing file /home/airflow/.local/lib/python3.6/site-packages/airflow/example_dags/example_trigger_controller_dag.py for tasks to queue
[2021-02-23 23:26:46,475] {logging_mixin.py:104} INFO - [2021-02-23 23:26:46,475] {dagbag.py:448} INFO - Filling up the DagBag from /home/airflow/.local/lib/python3.6/site-packages/airflow/example_dags/example_trigger_controller_dag.py
[2021-02-23 23:26:46,490] {scheduler_job.py:639} INFO - DAG(s) dict_keys(['example_trigger_controller_dag']) retrieved from /home/airflow/.local/lib/python3.6/site-packages/airflow/example_dags/example_trigger_controller_dag.py
[2021-02-23 23:26:46,508] {logging_mixin.py:104} INFO - [2021-02-23 23:26:46,508] {dag.py:1818} INFO - Sync 1 DAGs
[2021-02-23 23:26:46,520] {logging_mixin.py:104} INFO - [2021-02-23 23:26:46,520] {dag.py:2273} INFO - Setting next_dagrun for example_trigger_controller_dag to 2021-02-21 00:00:00+00:00
[2021-02-23 23:26:46,741] {scheduler_job.py:190} INFO - Processing /home/airflow/.local/lib/python3.6/site-packages/airflow/example_dags/example_trigger_controller_dag.py took 0.279 seconds
[2021-02-23 23:27:16,824] {scheduler_job.py:182} INFO - Started process (PID=92) to work on /home/airflow/.local/lib/python3.6/site-packages/airflow/example_dags/example_trigger_controller_dag.py
[2021-02-23 23:27:16,825] {scheduler_job.py:629} INFO - Processing file /home/airflow/.local/lib/python3.6/site-packages/airflow/example_dags/example_trigger_controller_dag.py for tasks to queue
[2021-02-23 23:27:16,825] {logging_mixin.py:104} INFO - [2021-02-23 23:27:16,825] {dagbag.py:448} INFO - Filling up the DagBag from /home/airflow/.local/lib/python3.6/site-packages/airflow/example_dags/example_trigger_controller_dag.py
[2021-02-23 23:27:16,837] {scheduler_job.py:639} INFO - DAG(s) dict_keys(['example_trigger_controller_dag']) retrieved from /home/airflow/.local/lib/python3.6/site-packages/airflow/example_dags/example_trigger_controller_dag.py
[2021-02-23 23:27:16,855] {logging_mixin.py:104} INFO - [2021-02-23 23:27:16,855] {dag.py:1818} INFO - Sync 1 DAGs
[2021-02-23 23:27:16,872] {logging_mixin.py:104} INFO - [2021-02-23 23:27:16,872] {dag.py:2273} INFO - Setting next_dagrun for example_trigger_controller_dag to 2021-02-21 00:00:00+00:00
[2021-02-23 23:27:16,916] {scheduler_job.py:190} INFO - Processing /home/airflow/.local/lib/python3.6/site-packages/airflow/example_dags/example_trigger_controller_dag.py took 0.094 seconds
[2021-02-23 23:27:47,272] {scheduler_job.py:182} INFO - Started process (PID=119) to work on /home/airflow/.local/lib/python3.6/site-packages/airflow/example_dags/example_trigger_controller_dag.py
[2021-02-23 23:27:47,274] {scheduler_job.py:629} INFO - Processing file /home/airflow/.local/lib/python3.6/site-packages/airflow/example_dags/example_trigger_controller_dag.py for tasks to queue
[2021-02-23 23:27:47,275] {logging_mixin.py:104} INFO - [2021-02-23 23:27:47,275] {dagbag.py:448} INFO - Filling up the DagBag from /home/airflow/.local/lib/python3.6/site-packages/airflow/example_dags/example_trigger_controller_dag.py
[2021-02-23 23:27:47,289] {scheduler_job.py:639} INFO - DAG(s) dict_keys(['example_trigger_controller_dag']) retrieved from /home/airflow/.local/lib/python3.6/site-packages/airflow/example_dags/example_trigger_controller_dag.py
[2021-02-23 23:27:47,309] {logging_mixin.py:104} INFO - [2021-02-23 23:27:47,309] {dag.py:1818} INFO - Sync 1 DAGs
[2021-02-23 23:27:47,325] {logging_mixin.py:104} INFO - [2021-02-23 23:27:47,325] {dag.py:2273} INFO - Setting next_dagrun for example_trigger_controller_dag to 2021-02-21 00:00:00+00:00
[2021-02-23 23:27:47,381] {scheduler_job.py:190} INFO - Processing /home/airflow/.local/lib/python3.6/site-packages/airflow/example_dags/example_trigger_controller_dag.py took 0.113 seconds
[2021-02-23 23:28:17,723] {scheduler_job.py:182} INFO - Started process (PID=146) to work on /home/airflow/.local/lib/python3.6/site-packages/airflow/example_dags/example_trigger_controller_dag.py
[2021-02-23 23:28:17,724] {scheduler_job.py:629} INFO - Processing file /home/airflow/.local/lib/python3.6/site-packages/airflow/example_dags/example_trigger_controller_dag.py for tasks to queue
[2021-02-23 23:28:17,724] {logging_mixin.py:104} INFO - [2021-02-23 23:28:17,724] {dagbag.py:448} INFO - Filling up the DagBag from /home/airflow/.local/lib/python3.6/site-packages/airflow/example_dags/example_trigger_controller_dag.py
[2021-02-23 23:28:17,734] {scheduler_job.py:639} INFO - DAG(s) dict_keys(['example_trigger_controller_dag']) retrieved from /home/airflow/.local/lib/python3.6/site-packages/airflow/example_dags/example_trigger_controller_dag.py
[2021-02-23 23:28:17,754] {logging_mixin.py:104} INFO - [2021-02-23 23:28:17,754] {dag.py:1818} INFO - Sync 1 DAGs
[2021-02-23 23:28:17,772] {logging_mixin.py:104} INFO - [2021-02-23 23:28:17,772] {dag.py:2273} INFO - Setting next_dagrun for example_trigger_controller_dag to 2021-02-21 00:00:00+00:00
[2021-02-23 23:28:17,818] {scheduler_job.py:190} INFO - Processing /home/airflow/.local/lib/python3.6/site-packages/airflow/example_dags/example_trigger_controller_dag.py took 0.097 seconds
[2021-02-23 23:28:48,814] {scheduler_job.py:182} INFO - Started process (PID=175) to work on /home/airflow/.local/lib/python3.6/site-packages/airflow/example_dags/example_trigger_controller_dag.py
[2021-02-23 23:28:48,815] {scheduler_job.py:629} INFO - Processing file /home/airflow/.local/lib/python3.6/site-packages/airflow/example_dags/example_trigger_controller_dag.py for tasks to queue
[2021-02-23 23:28:48,816] {logging_mixin.py:104} INFO - [2021-02-23 23:28:48,816] {dagbag.py:448} INFO - Filling up the DagBag from /home/airflow/.local/lib/python3.6/site-packages/airflow/example_dags/example_trigger_controller_dag.py
[2021-02-23 23:28:48,824] {scheduler_job.py:639} INFO - DAG(s) dict_keys(['example_trigger_controller_dag']) retrieved from /home/airflow/.local/lib/python3.6/site-packages/airflow/example_dags/example_trigger_controller_dag.py
[2021-02-23 23:28:48,839] {logging_mixin.py:104} INFO - [2021-02-23 23:28:48,839] {dag.py:1818} INFO - Sync 1 DAGs
[2021-02-23 23:28:48,850] {logging_mixin.py:104} INFO - [2021-02-23 23:28:48,850] {dag.py:2273} INFO - Setting next_dagrun for example_trigger_controller_dag to 2021-02-21 00:00:00+00:00
[2021-02-23 23:28:48,909] {scheduler_job.py:190} INFO - Processing /home/airflow/.local/lib/python3.6/site-packages/airflow/example_dags/example_trigger_controller_dag.py took 0.098 seconds
[2021-02-23 23:29:19,740] {scheduler_job.py:182} INFO - Started process (PID=202) to work on /home/airflow/.local/lib/python3.6/site-packages/airflow/example_dags/example_trigger_controller_dag.py
[2021-02-23 23:29:19,741] {scheduler_job.py:629} INFO - Processing file /home/airflow/.local/lib/python3.6/site-packages/airflow/example_dags/example_trigger_controller_dag.py for tasks to queue
[2021-02-23 23:29:19,741] {logging_mixin.py:104} INFO - [2021-02-23 23:29:19,741] {dagbag.py:448} INFO - Filling up the DagBag from /home/airflow/.local/lib/python3.6/site-packages/airflow/example_dags/example_trigger_controller_dag.py
[2021-02-23 23:29:19,750] {scheduler_job.py:639} INFO - DAG(s) dict_keys(['example_trigger_controller_dag']) retrieved from /home/airflow/.local/lib/python3.6/site-packages/airflow/example_dags/example_trigger_controller_dag.py
[2021-02-23 23:29:19,767] {logging_mixin.py:104} INFO - [2021-02-23 23:29:19,766] {dag.py:1818} INFO - Sync 1 DAGs
[2021-02-23 23:29:19,778] {logging_mixin.py:104} INFO - [2021-02-23 23:29:19,778] {dag.py:2273} INFO - Setting next_dagrun for example_trigger_controller_dag to 2021-02-21 00:00:00+00:00
[2021-02-23 23:29:19,982] {scheduler_job.py:190} INFO - Processing /home/airflow/.local/lib/python3.6/site-packages/airflow/example_dags/example_trigger_controller_dag.py took 0.244 seconds
[2021-02-23 23:29:50,036] {scheduler_job.py:182} INFO - Started process (PID=227) to work on /home/airflow/.local/lib/python3.6/site-packages/airflow/example_dags/example_trigger_controller_dag.py
[2021-02-23 23:29:50,038] {scheduler_job.py:629} INFO - Processing file /home/airflow/.local/lib/python3.6/site-packages/airflow/example_dags/example_trigger_controller_dag.py for tasks to queue
[2021-02-23 23:29:50,040] {logging_mixin.py:104} INFO - [2021-02-23 23:29:50,040] {dagbag.py:448} INFO - Filling up the DagBag from /home/airflow/.local/lib/python3.6/site-packages/airflow/example_dags/example_trigger_controller_dag.py
[2021-02-23 23:29:50,055] {scheduler_job.py:639} INFO - DAG(s) dict_keys(['example_trigger_controller_dag']) retrieved from /home/airflow/.local/lib/python3.6/site-packages/airflow/example_dags/example_trigger_controller_dag.py
[2021-02-23 23:29:50,072] {logging_mixin.py:104} INFO - [2021-02-23 23:29:50,072] {dag.py:1818} INFO - Sync 1 DAGs
[2021-02-23 23:29:50,085] {logging_mixin.py:104} INFO - [2021-02-23 23:29:50,085] {dag.py:2273} INFO - Setting next_dagrun for example_trigger_controller_dag to 2021-02-21 00:00:00+00:00
[2021-02-23 23:29:50,132] {scheduler_job.py:190} INFO - Processing /home/airflow/.local/lib/python3.6/site-packages/airflow/example_dags/example_trigger_controller_dag.py took 0.106 seconds
[2021-02-23 23:30:21,406] {scheduler_job.py:182} INFO - Started process (PID=264) to work on /home/airflow/.local/lib/python3.6/site-packages/airflow/example_dags/example_trigger_controller_dag.py
[2021-02-23 23:30:21,407] {scheduler_job.py:629} INFO - Processing file /home/airflow/.local/lib/python3.6/site-packages/airflow/example_dags/example_trigger_controller_dag.py for tasks to queue
[2021-02-23 23:30:21,407] {logging_mixin.py:104} INFO - [2021-02-23 23:30:21,407] {dagbag.py:448} INFO - Filling up the DagBag from /home/airflow/.local/lib/python3.6/site-packages/airflow/example_dags/example_trigger_controller_dag.py
[2021-02-23 23:30:21,415] {scheduler_job.py:639} INFO - DAG(s) dict_keys(['example_trigger_controller_dag']) retrieved from /home/airflow/.local/lib/python3.6/site-packages/airflow/example_dags/example_trigger_controller_dag.py
[2021-02-23 23:30:21,428] {logging_mixin.py:104} INFO - [2021-02-23 23:30:21,428] {dag.py:1818} INFO - Sync 1 DAGs
[2021-02-23 23:30:21,438] {logging_mixin.py:104} INFO - [2021-02-23 23:30:21,438] {dag.py:2273} INFO - Setting next_dagrun for example_trigger_controller_dag to 2021-02-21 00:00:00+00:00
[2021-02-23 23:30:21,477] {scheduler_job.py:190} INFO - Processing /home/airflow/.local/lib/python3.6/site-packages/airflow/example_dags/example_trigger_controller_dag.py took 0.073 seconds
[2021-02-23 23:30:52,704] {scheduler_job.py:182} INFO - Started process (PID=291) to work on /home/airflow/.local/lib/python3.6/site-packages/airflow/example_dags/example_trigger_controller_dag.py
[2021-02-23 23:30:52,705] {scheduler_job.py:629} INFO - Processing file /home/airflow/.local/lib/python3.6/site-packages/airflow/example_dags/example_trigger_controller_dag.py for tasks to queue
[2021-02-23 23:30:52,706] {logging_mixin.py:104} INFO - [2021-02-23 23:30:52,706] {dagbag.py:448} INFO - Filling up the DagBag from /home/airflow/.local/lib/python3.6/site-packages/airflow/example_dags/example_trigger_controller_dag.py
[2021-02-23 23:30:52,719] {scheduler_job.py:639} INFO - DAG(s) dict_keys(['example_trigger_controller_dag']) retrieved from /home/airflow/.local/lib/python3.6/site-packages/airflow/example_dags/example_trigger_controller_dag.py
[2021-02-23 23:30:52,745] {logging_mixin.py:104} INFO - [2021-02-23 23:30:52,744] {dag.py:1818} INFO - Sync 1 DAGs
[2021-02-23 23:30:52,762] {logging_mixin.py:104} INFO - [2021-02-23 23:30:52,762] {dag.py:2273} INFO - Setting next_dagrun for example_trigger_controller_dag to 2021-02-21 00:00:00+00:00
[2021-02-23 23:30:52,908] {scheduler_job.py:190} INFO - Processing /home/airflow/.local/lib/python3.6/site-packages/airflow/example_dags/example_trigger_controller_dag.py took 0.211 seconds
[2021-02-23 23:31:23,092] {scheduler_job.py:182} INFO - Started process (PID=316) to work on /home/airflow/.local/lib/python3.6/site-packages/airflow/example_dags/example_trigger_controller_dag.py
[2021-02-23 23:31:23,093] {scheduler_job.py:629} INFO - Processing file /home/airflow/.local/lib/python3.6/site-packages/airflow/example_dags/example_trigger_controller_dag.py for tasks to queue
[2021-02-23 23:31:23,094] {logging_mixin.py:104} INFO - [2021-02-23 23:31:23,094] {dagbag.py:448} INFO - Filling up the DagBag from /home/airflow/.local/lib/python3.6/site-packages/airflow/example_dags/example_trigger_controller_dag.py
[2021-02-23 23:31:23,105] {scheduler_job.py:639} INFO - DAG(s) dict_keys(['example_trigger_controller_dag']) retrieved from /home/airflow/.local/lib/python3.6/site-packages/airflow/example_dags/example_trigger_controller_dag.py
[2021-02-23 23:31:23,123] {logging_mixin.py:104} INFO - [2021-02-23 23:31:23,123] {dag.py:1818} INFO - Sync 1 DAGs
[2021-02-23 23:31:23,138] {logging_mixin.py:104} INFO - [2021-02-23 23:31:23,138] {dag.py:2273} INFO - Setting next_dagrun for example_trigger_controller_dag to 2021-02-21 00:00:00+00:00
[2021-02-23 23:31:23,168] {scheduler_job.py:190} INFO - Processing /home/airflow/.local/lib/python3.6/site-packages/airflow/example_dags/example_trigger_controller_dag.py took 0.079 seconds
[2021-02-23 23:31:53,764] {scheduler_job.py:182} INFO - Started process (PID=345) to work on /home/airflow/.local/lib/python3.6/site-packages/airflow/example_dags/example_trigger_controller_dag.py
[2021-02-23 23:31:53,765] {scheduler_job.py:629} INFO - Processing file /home/airflow/.local/lib/python3.6/site-packages/airflow/example_dags/example_trigger_controller_dag.py for tasks to queue
[2021-02-23 23:31:53,765] {logging_mixin.py:104} INFO - [2021-02-23 23:31:53,765] {dagbag.py:448} INFO - Filling up the DagBag from /home/airflow/.local/lib/python3.6/site-packages/airflow/example_dags/example_trigger_controller_dag.py
[2021-02-23 23:31:53,773] {scheduler_job.py:639} INFO - DAG(s) dict_keys(['example_trigger_controller_dag']) retrieved from /home/airflow/.local/lib/python3.6/site-packages/airflow/example_dags/example_trigger_controller_dag.py
[2021-02-23 23:31:53,787] {logging_mixin.py:104} INFO - [2021-02-23 23:31:53,787] {dag.py:1818} INFO - Sync 1 DAGs
[2021-02-23 23:31:53,797] {logging_mixin.py:104} INFO - [2021-02-23 23:31:53,797] {dag.py:2273} INFO - Setting next_dagrun for example_trigger_controller_dag to 2021-02-21 00:00:00+00:00
[2021-02-23 23:31:53,835] {scheduler_job.py:190} INFO - Processing /home/airflow/.local/lib/python3.6/site-packages/airflow/example_dags/example_trigger_controller_dag.py took 0.074 seconds
[2021-02-23 23:32:24,751] {scheduler_job.py:182} INFO - Started process (PID=372) to work on /home/airflow/.local/lib/python3.6/site-packages/airflow/example_dags/example_trigger_controller_dag.py
[2021-02-23 23:32:24,752] {scheduler_job.py:629} INFO - Processing file /home/airflow/.local/lib/python3.6/site-packages/airflow/example_dags/example_trigger_controller_dag.py for tasks to queue
[2021-02-23 23:32:24,753] {logging_mixin.py:104} INFO - [2021-02-23 23:32:24,753] {dagbag.py:448} INFO - Filling up the DagBag from /home/airflow/.local/lib/python3.6/site-packages/airflow/example_dags/example_trigger_controller_dag.py
[2021-02-23 23:32:24,767] {scheduler_job.py:639} INFO - DAG(s) dict_keys(['example_trigger_controller_dag']) retrieved from /home/airflow/.local/lib/python3.6/site-packages/airflow/example_dags/example_trigger_controller_dag.py
[2021-02-23 23:32:24,789] {logging_mixin.py:104} INFO - [2021-02-23 23:32:24,789] {dag.py:1818} INFO - Sync 1 DAGs
[2021-02-23 23:32:24,806] {logging_mixin.py:104} INFO - [2021-02-23 23:32:24,806] {dag.py:2273} INFO - Setting next_dagrun for example_trigger_controller_dag to 2021-02-21 00:00:00+00:00
[2021-02-23 23:32:24,841] {scheduler_job.py:190} INFO - Processing /home/airflow/.local/lib/python3.6/site-packages/airflow/example_dags/example_trigger_controller_dag.py took 0.093 seconds
[2021-02-23 23:32:55,774] {scheduler_job.py:182} INFO - Started process (PID=399) to work on /home/airflow/.local/lib/python3.6/site-packages/airflow/example_dags/example_trigger_controller_dag.py
[2021-02-23 23:32:55,775] {scheduler_job.py:629} INFO - Processing file /home/airflow/.local/lib/python3.6/site-packages/airflow/example_dags/example_trigger_controller_dag.py for tasks to queue
[2021-02-23 23:32:55,776] {logging_mixin.py:104} INFO - [2021-02-23 23:32:55,776] {dagbag.py:448} INFO - Filling up the DagBag from /home/airflow/.local/lib/python3.6/site-packages/airflow/example_dags/example_trigger_controller_dag.py
[2021-02-23 23:32:55,783] {scheduler_job.py:639} INFO - DAG(s) dict_keys(['example_trigger_controller_dag']) retrieved from /home/airflow/.local/lib/python3.6/site-packages/airflow/example_dags/example_trigger_controller_dag.py
[2021-02-23 23:32:55,799] {logging_mixin.py:104} INFO - [2021-02-23 23:32:55,799] {dag.py:1818} INFO - Sync 1 DAGs
[2021-02-23 23:32:55,811] {logging_mixin.py:104} INFO - [2021-02-23 23:32:55,811] {dag.py:2273} INFO - Setting next_dagrun for example_trigger_controller_dag to 2021-02-21 00:00:00+00:00
[2021-02-23 23:32:55,846] {scheduler_job.py:190} INFO - Processing /home/airflow/.local/lib/python3.6/site-packages/airflow/example_dags/example_trigger_controller_dag.py took 0.074 seconds
[2021-02-23 23:33:26,582] {scheduler_job.py:182} INFO - Started process (PID=426) to work on /home/airflow/.local/lib/python3.6/site-packages/airflow/example_dags/example_trigger_controller_dag.py
[2021-02-23 23:33:26,585] {scheduler_job.py:629} INFO - Processing file /home/airflow/.local/lib/python3.6/site-packages/airflow/example_dags/example_trigger_controller_dag.py for tasks to queue
[2021-02-23 23:33:26,586] {logging_mixin.py:104} INFO - [2021-02-23 23:33:26,586] {dagbag.py:448} INFO - Filling up the DagBag from /home/airflow/.local/lib/python3.6/site-packages/airflow/example_dags/example_trigger_controller_dag.py
[2021-02-23 23:33:26,596] {scheduler_job.py:639} INFO - DAG(s) dict_keys(['example_trigger_controller_dag']) retrieved from /home/airflow/.local/lib/python3.6/site-packages/airflow/example_dags/example_trigger_controller_dag.py
[2021-02-23 23:33:26,613] {logging_mixin.py:104} INFO - [2021-02-23 23:33:26,613] {dag.py:1818} INFO - Sync 1 DAGs
[2021-02-23 23:33:26,625] {logging_mixin.py:104} INFO - [2021-02-23 23:33:26,625] {dag.py:2273} INFO - Setting next_dagrun for example_trigger_controller_dag to 2021-02-21 00:00:00+00:00
[2021-02-23 23:33:26,675] {scheduler_job.py:190} INFO - Processing /home/airflow/.local/lib/python3.6/site-packages/airflow/example_dags/example_trigger_controller_dag.py took 0.098 seconds
[2021-02-23 23:33:57,178] {scheduler_job.py:182} INFO - Started process (PID=453) to work on /home/airflow/.local/lib/python3.6/site-packages/airflow/example_dags/example_trigger_controller_dag.py
[2021-02-23 23:33:57,178] {scheduler_job.py:629} INFO - Processing file /home/airflow/.local/lib/python3.6/site-packages/airflow/example_dags/example_trigger_controller_dag.py for tasks to queue
[2021-02-23 23:33:57,179] {logging_mixin.py:104} INFO - [2021-02-23 23:33:57,179] {dagbag.py:448} INFO - Filling up the DagBag from /home/airflow/.local/lib/python3.6/site-packages/airflow/example_dags/example_trigger_controller_dag.py
[2021-02-23 23:33:57,187] {scheduler_job.py:639} INFO - DAG(s) dict_keys(['example_trigger_controller_dag']) retrieved from /home/airflow/.local/lib/python3.6/site-packages/airflow/example_dags/example_trigger_controller_dag.py
[2021-02-23 23:33:57,201] {logging_mixin.py:104} INFO - [2021-02-23 23:33:57,201] {dag.py:1818} INFO - Sync 1 DAGs
[2021-02-23 23:33:57,213] {logging_mixin.py:104} INFO - [2021-02-23 23:33:57,213] {dag.py:2273} INFO - Setting next_dagrun for example_trigger_controller_dag to 2021-02-21 00:00:00+00:00
[2021-02-23 23:33:57,258] {scheduler_job.py:190} INFO - Processing /home/airflow/.local/lib/python3.6/site-packages/airflow/example_dags/example_trigger_controller_dag.py took 0.083 seconds
[2021-02-23 23:34:28,216] {scheduler_job.py:182} INFO - Started process (PID=480) to work on /home/airflow/.local/lib/python3.6/site-packages/airflow/example_dags/example_trigger_controller_dag.py
[2021-02-23 23:34:28,217] {scheduler_job.py:629} INFO - Processing file /home/airflow/.local/lib/python3.6/site-packages/airflow/example_dags/example_trigger_controller_dag.py for tasks to queue
[2021-02-23 23:34:28,217] {logging_mixin.py:104} INFO - [2021-02-23 23:34:28,217] {dagbag.py:448} INFO - Filling up the DagBag from /home/airflow/.local/lib/python3.6/site-packages/airflow/example_dags/example_trigger_controller_dag.py
[2021-02-23 23:34:28,225] {scheduler_job.py:639} INFO - DAG(s) dict_keys(['example_trigger_controller_dag']) retrieved from /home/airflow/.local/lib/python3.6/site-packages/airflow/example_dags/example_trigger_controller_dag.py
[2021-02-23 23:34:28,240] {logging_mixin.py:104} INFO - [2021-02-23 23:34:28,240] {dag.py:1818} INFO - Sync 1 DAGs
[2021-02-23 23:34:28,254] {logging_mixin.py:104} INFO - [2021-02-23 23:34:28,254] {dag.py:2273} INFO - Setting next_dagrun for example_trigger_controller_dag to 2021-02-21 00:00:00+00:00
[2021-02-23 23:34:28,287] {scheduler_job.py:190} INFO - Processing /home/airflow/.local/lib/python3.6/site-packages/airflow/example_dags/example_trigger_controller_dag.py took 0.073 seconds
[2021-02-23 23:34:59,170] {scheduler_job.py:182} INFO - Started process (PID=507) to work on /home/airflow/.local/lib/python3.6/site-packages/airflow/example_dags/example_trigger_controller_dag.py
[2021-02-23 23:34:59,171] {scheduler_job.py:629} INFO - Processing file /home/airflow/.local/lib/python3.6/site-packages/airflow/example_dags/example_trigger_controller_dag.py for tasks to queue
[2021-02-23 23:34:59,171] {logging_mixin.py:104} INFO - [2021-02-23 23:34:59,171] {dagbag.py:448} INFO - Filling up the DagBag from /home/airflow/.local/lib/python3.6/site-packages/airflow/example_dags/example_trigger_controller_dag.py
[2021-02-23 23:34:59,180] {scheduler_job.py:639} INFO - DAG(s) dict_keys(['example_trigger_controller_dag']) retrieved from /home/airflow/.local/lib/python3.6/site-packages/airflow/example_dags/example_trigger_controller_dag.py
[2021-02-23 23:34:59,194] {logging_mixin.py:104} INFO - [2021-02-23 23:34:59,194] {dag.py:1818} INFO - Sync 1 DAGs
[2021-02-23 23:34:59,207] {logging_mixin.py:104} INFO - [2021-02-23 23:34:59,207] {dag.py:2273} INFO - Setting next_dagrun for example_trigger_controller_dag to 2021-02-21 00:00:00+00:00
[2021-02-23 23:34:59,374] {scheduler_job.py:190} INFO - Processing /home/airflow/.local/lib/python3.6/site-packages/airflow/example_dags/example_trigger_controller_dag.py took 0.207 seconds
[2021-02-23 23:35:29,493] {scheduler_job.py:182} INFO - Started process (PID=534) to work on /home/airflow/.local/lib/python3.6/site-packages/airflow/example_dags/example_trigger_controller_dag.py
[2021-02-23 23:35:29,493] {scheduler_job.py:629} INFO - Processing file /home/airflow/.local/lib/python3.6/site-packages/airflow/example_dags/example_trigger_controller_dag.py for tasks to queue
[2021-02-23 23:35:29,494] {logging_mixin.py:104} INFO - [2021-02-23 23:35:29,494] {dagbag.py:448} INFO - Filling up the DagBag from /home/airflow/.local/lib/python3.6/site-packages/airflow/example_dags/example_trigger_controller_dag.py
[2021-02-23 23:35:29,503] {scheduler_job.py:639} INFO - DAG(s) dict_keys(['example_trigger_controller_dag']) retrieved from /home/airflow/.local/lib/python3.6/site-packages/airflow/example_dags/example_trigger_controller_dag.py
[2021-02-23 23:35:29,518] {logging_mixin.py:104} INFO - [2021-02-23 23:35:29,518] {dag.py:1818} INFO - Sync 1 DAGs
[2021-02-23 23:35:29,530] {logging_mixin.py:104} INFO - [2021-02-23 23:35:29,530] {dag.py:2273} INFO - Setting next_dagrun for example_trigger_controller_dag to 2021-02-21 00:00:00+00:00
[2021-02-23 23:35:29,565] {scheduler_job.py:190} INFO - Processing /home/airflow/.local/lib/python3.6/site-packages/airflow/example_dags/example_trigger_controller_dag.py took 0.074 seconds
[2021-02-23 23:36:00,581] {scheduler_job.py:182} INFO - Started process (PID=561) to work on /home/airflow/.local/lib/python3.6/site-packages/airflow/example_dags/example_trigger_controller_dag.py
[2021-02-23 23:36:00,582] {scheduler_job.py:629} INFO - Processing file /home/airflow/.local/lib/python3.6/site-packages/airflow/example_dags/example_trigger_controller_dag.py for tasks to queue
[2021-02-23 23:36:00,582] {logging_mixin.py:104} INFO - [2021-02-23 23:36:00,582] {dagbag.py:448} INFO - Filling up the DagBag from /home/airflow/.local/lib/python3.6/site-packages/airflow/example_dags/example_trigger_controller_dag.py
[2021-02-23 23:36:00,593] {scheduler_job.py:639} INFO - DAG(s) dict_keys(['example_trigger_controller_dag']) retrieved from /home/airflow/.local/lib/python3.6/site-packages/airflow/example_dags/example_trigger_controller_dag.py
[2021-02-23 23:36:00,614] {logging_mixin.py:104} INFO - [2021-02-23 23:36:00,614] {dag.py:1818} INFO - Sync 1 DAGs
[2021-02-23 23:36:00,632] {logging_mixin.py:104} INFO - [2021-02-23 23:36:00,632] {dag.py:2273} INFO - Setting next_dagrun for example_trigger_controller_dag to 2021-02-21 00:00:00+00:00
[2021-02-23 23:36:00,672] {scheduler_job.py:190} INFO - Processing /home/airflow/.local/lib/python3.6/site-packages/airflow/example_dags/example_trigger_controller_dag.py took 0.094 seconds
[2021-02-23 23:36:31,255] {scheduler_job.py:182} INFO - Started process (PID=588) to work on /home/airflow/.local/lib/python3.6/site-packages/airflow/example_dags/example_trigger_controller_dag.py
[2021-02-23 23:36:31,256] {scheduler_job.py:629} INFO - Processing file /home/airflow/.local/lib/python3.6/site-packages/airflow/example_dags/example_trigger_controller_dag.py for tasks to queue
[2021-02-23 23:36:31,256] {logging_mixin.py:104} INFO - [2021-02-23 23:36:31,256] {dagbag.py:448} INFO - Filling up the DagBag from /home/airflow/.local/lib/python3.6/site-packages/airflow/example_dags/example_trigger_controller_dag.py
[2021-02-23 23:36:31,264] {scheduler_job.py:639} INFO - DAG(s) dict_keys(['example_trigger_controller_dag']) retrieved from /home/airflow/.local/lib/python3.6/site-packages/airflow/example_dags/example_trigger_controller_dag.py
[2021-02-23 23:36:31,281] {logging_mixin.py:104} INFO - [2021-02-23 23:36:31,281] {dag.py:1818} INFO - Sync 1 DAGs
[2021-02-23 23:36:31,293] {logging_mixin.py:104} INFO - [2021-02-23 23:36:31,293] {dag.py:2273} INFO - Setting next_dagrun for example_trigger_controller_dag to 2021-02-21 00:00:00+00:00
[2021-02-23 23:36:31,358] {scheduler_job.py:190} INFO - Processing /home/airflow/.local/lib/python3.6/site-packages/airflow/example_dags/example_trigger_controller_dag.py took 0.106 seconds
[2021-02-23 23:37:02,240] {scheduler_job.py:182} INFO - Started process (PID=615) to work on /home/airflow/.local/lib/python3.6/site-packages/airflow/example_dags/example_trigger_controller_dag.py
[2021-02-23 23:37:02,242] {scheduler_job.py:629} INFO - Processing file /home/airflow/.local/lib/python3.6/site-packages/airflow/example_dags/example_trigger_controller_dag.py for tasks to queue
[2021-02-23 23:37:02,243] {logging_mixin.py:104} INFO - [2021-02-23 23:37:02,243] {dagbag.py:448} INFO - Filling up the DagBag from /home/airflow/.local/lib/python3.6/site-packages/airflow/example_dags/example_trigger_controller_dag.py
[2021-02-23 23:37:02,259] {scheduler_job.py:639} INFO - DAG(s) dict_keys(['example_trigger_controller_dag']) retrieved from /home/airflow/.local/lib/python3.6/site-packages/airflow/example_dags/example_trigger_controller_dag.py
[2021-02-23 23:37:02,286] {logging_mixin.py:104} INFO - [2021-02-23 23:37:02,286] {dag.py:1818} INFO - Sync 1 DAGs
[2021-02-23 23:37:02,305] {logging_mixin.py:104} INFO - [2021-02-23 23:37:02,305] {dag.py:2273} INFO - Setting next_dagrun for example_trigger_controller_dag to 2021-02-21 00:00:00+00:00
[2021-02-23 23:37:02,336] {scheduler_job.py:190} INFO - Processing /home/airflow/.local/lib/python3.6/site-packages/airflow/example_dags/example_trigger_controller_dag.py took 0.100 seconds
[2021-02-23 23:37:32,735] {scheduler_job.py:182} INFO - Started process (PID=642) to work on /home/airflow/.local/lib/python3.6/site-packages/airflow/example_dags/example_trigger_controller_dag.py
[2021-02-23 23:37:32,736] {scheduler_job.py:629} INFO - Processing file /home/airflow/.local/lib/python3.6/site-packages/airflow/example_dags/example_trigger_controller_dag.py for tasks to queue
[2021-02-23 23:37:32,736] {logging_mixin.py:104} INFO - [2021-02-23 23:37:32,736] {dagbag.py:448} INFO - Filling up the DagBag from /home/airflow/.local/lib/python3.6/site-packages/airflow/example_dags/example_trigger_controller_dag.py
[2021-02-23 23:37:32,744] {scheduler_job.py:639} INFO - DAG(s) dict_keys(['example_trigger_controller_dag']) retrieved from /home/airflow/.local/lib/python3.6/site-packages/airflow/example_dags/example_trigger_controller_dag.py
[2021-02-23 23:37:32,760] {logging_mixin.py:104} INFO - [2021-02-23 23:37:32,760] {dag.py:1818} INFO - Sync 1 DAGs
[2021-02-23 23:37:32,775] {logging_mixin.py:104} INFO - [2021-02-23 23:37:32,775] {dag.py:2273} INFO - Setting next_dagrun for example_trigger_controller_dag to 2021-02-21 00:00:00+00:00
[2021-02-23 23:37:32,807] {scheduler_job.py:190} INFO - Processing /home/airflow/.local/lib/python3.6/site-packages/airflow/example_dags/example_trigger_controller_dag.py took 0.074 seconds
[2021-02-23 23:38:03,181] {scheduler_job.py:182} INFO - Started process (PID=669) to work on /home/airflow/.local/lib/python3.6/site-packages/airflow/example_dags/example_trigger_controller_dag.py
[2021-02-23 23:38:03,182] {scheduler_job.py:629} INFO - Processing file /home/airflow/.local/lib/python3.6/site-packages/airflow/example_dags/example_trigger_controller_dag.py for tasks to queue
[2021-02-23 23:38:03,182] {logging_mixin.py:104} INFO - [2021-02-23 23:38:03,182] {dagbag.py:448} INFO - Filling up the DagBag from /home/airflow/.local/lib/python3.6/site-packages/airflow/example_dags/example_trigger_controller_dag.py
[2021-02-23 23:38:03,190] {scheduler_job.py:639} INFO - DAG(s) dict_keys(['example_trigger_controller_dag']) retrieved from /home/airflow/.local/lib/python3.6/site-packages/airflow/example_dags/example_trigger_controller_dag.py
[2021-02-23 23:38:03,205] {logging_mixin.py:104} INFO - [2021-02-23 23:38:03,205] {dag.py:1818} INFO - Sync 1 DAGs
[2021-02-23 23:38:03,218] {logging_mixin.py:104} INFO - [2021-02-23 23:38:03,218] {dag.py:2273} INFO - Setting next_dagrun for example_trigger_controller_dag to 2021-02-21 00:00:00+00:00
[2021-02-23 23:38:03,251] {scheduler_job.py:190} INFO - Processing /home/airflow/.local/lib/python3.6/site-packages/airflow/example_dags/example_trigger_controller_dag.py took 0.072 seconds
[2021-02-23 23:38:33,780] {scheduler_job.py:182} INFO - Started process (PID=699) to work on /home/airflow/.local/lib/python3.6/site-packages/airflow/example_dags/example_trigger_controller_dag.py
[2021-02-23 23:38:33,784] {scheduler_job.py:629} INFO - Processing file /home/airflow/.local/lib/python3.6/site-packages/airflow/example_dags/example_trigger_controller_dag.py for tasks to queue
[2021-02-23 23:38:33,786] {logging_mixin.py:104} INFO - [2021-02-23 23:38:33,785] {dagbag.py:448} INFO - Filling up the DagBag from /home/airflow/.local/lib/python3.6/site-packages/airflow/example_dags/example_trigger_controller_dag.py
[2021-02-23 23:38:33,805] {scheduler_job.py:639} INFO - DAG(s) dict_keys(['example_trigger_controller_dag']) retrieved from /home/airflow/.local/lib/python3.6/site-packages/airflow/example_dags/example_trigger_controller_dag.py
[2021-02-23 23:38:33,823] {logging_mixin.py:104} INFO - [2021-02-23 23:38:33,823] {dag.py:1818} INFO - Sync 1 DAGs
[2021-02-23 23:38:33,836] {logging_mixin.py:104} INFO - [2021-02-23 23:38:33,836] {dag.py:2273} INFO - Setting next_dagrun for example_trigger_controller_dag to 2021-02-21 00:00:00+00:00
[2021-02-23 23:38:33,864] {scheduler_job.py:190} INFO - Processing /home/airflow/.local/lib/python3.6/site-packages/airflow/example_dags/example_trigger_controller_dag.py took 0.091 seconds
[2021-02-23 23:39:04,047] {scheduler_job.py:182} INFO - Started process (PID=726) to work on /home/airflow/.local/lib/python3.6/site-packages/airflow/example_dags/example_trigger_controller_dag.py
[2021-02-23 23:39:04,049] {scheduler_job.py:629} INFO - Processing file /home/airflow/.local/lib/python3.6/site-packages/airflow/example_dags/example_trigger_controller_dag.py for tasks to queue
[2021-02-23 23:39:04,051] {logging_mixin.py:104} INFO - [2021-02-23 23:39:04,050] {dagbag.py:448} INFO - Filling up the DagBag from /home/airflow/.local/lib/python3.6/site-packages/airflow/example_dags/example_trigger_controller_dag.py
[2021-02-23 23:39:04,071] {scheduler_job.py:639} INFO - DAG(s) dict_keys(['example_trigger_controller_dag']) retrieved from /home/airflow/.local/lib/python3.6/site-packages/airflow/example_dags/example_trigger_controller_dag.py
[2021-02-23 23:39:04,087] {logging_mixin.py:104} INFO - [2021-02-23 23:39:04,087] {dag.py:1818} INFO - Sync 1 DAGs
[2021-02-23 23:39:04,098] {logging_mixin.py:104} INFO - [2021-02-23 23:39:04,098] {dag.py:2273} INFO - Setting next_dagrun for example_trigger_controller_dag to 2021-02-21 00:00:00+00:00
[2021-02-23 23:39:04,240] {scheduler_job.py:190} INFO - Processing /home/airflow/.local/lib/python3.6/site-packages/airflow/example_dags/example_trigger_controller_dag.py took 0.198 seconds
[2021-02-23 23:39:34,980] {scheduler_job.py:182} INFO - Started process (PID=752) to work on /home/airflow/.local/lib/python3.6/site-packages/airflow/example_dags/example_trigger_controller_dag.py
[2021-02-23 23:39:34,981] {scheduler_job.py:629} INFO - Processing file /home/airflow/.local/lib/python3.6/site-packages/airflow/example_dags/example_trigger_controller_dag.py for tasks to queue
[2021-02-23 23:39:34,982] {logging_mixin.py:104} INFO - [2021-02-23 23:39:34,982] {dagbag.py:448} INFO - Filling up the DagBag from /home/airflow/.local/lib/python3.6/site-packages/airflow/example_dags/example_trigger_controller_dag.py
[2021-02-23 23:39:34,996] {scheduler_job.py:639} INFO - DAG(s) dict_keys(['example_trigger_controller_dag']) retrieved from /home/airflow/.local/lib/python3.6/site-packages/airflow/example_dags/example_trigger_controller_dag.py
[2021-02-23 23:39:35,015] {logging_mixin.py:104} INFO - [2021-02-23 23:39:35,015] {dag.py:1818} INFO - Sync 1 DAGs
[2021-02-23 23:39:35,027] {logging_mixin.py:104} INFO - [2021-02-23 23:39:35,027] {dag.py:2273} INFO - Setting next_dagrun for example_trigger_controller_dag to 2021-02-21 00:00:00+00:00
[2021-02-23 23:39:35,224] {scheduler_job.py:190} INFO - Processing /home/airflow/.local/lib/python3.6/site-packages/airflow/example_dags/example_trigger_controller_dag.py took 0.247 seconds
[2021-02-23 23:40:05,736] {scheduler_job.py:182} INFO - Started process (PID=779) to work on /home/airflow/.local/lib/python3.6/site-packages/airflow/example_dags/example_trigger_controller_dag.py
[2021-02-23 23:40:05,737] {scheduler_job.py:629} INFO - Processing file /home/airflow/.local/lib/python3.6/site-packages/airflow/example_dags/example_trigger_controller_dag.py for tasks to queue
[2021-02-23 23:40:05,737] {logging_mixin.py:104} INFO - [2021-02-23 23:40:05,737] {dagbag.py:448} INFO - Filling up the DagBag from /home/airflow/.local/lib/python3.6/site-packages/airflow/example_dags/example_trigger_controller_dag.py
[2021-02-23 23:40:05,748] {scheduler_job.py:639} INFO - DAG(s) dict_keys(['example_trigger_controller_dag']) retrieved from /home/airflow/.local/lib/python3.6/site-packages/airflow/example_dags/example_trigger_controller_dag.py
[2021-02-23 23:40:05,763] {logging_mixin.py:104} INFO - [2021-02-23 23:40:05,763] {dag.py:1818} INFO - Sync 1 DAGs
[2021-02-23 23:40:05,774] {logging_mixin.py:104} INFO - [2021-02-23 23:40:05,774] {dag.py:2273} INFO - Setting next_dagrun for example_trigger_controller_dag to 2021-02-21 00:00:00+00:00
[2021-02-23 23:40:05,831] {scheduler_job.py:190} INFO - Processing /home/airflow/.local/lib/python3.6/site-packages/airflow/example_dags/example_trigger_controller_dag.py took 0.097 seconds
[2021-02-23 23:40:36,346] {scheduler_job.py:182} INFO - Started process (PID=806) to work on /home/airflow/.local/lib/python3.6/site-packages/airflow/example_dags/example_trigger_controller_dag.py
[2021-02-23 23:40:36,347] {scheduler_job.py:629} INFO - Processing file /home/airflow/.local/lib/python3.6/site-packages/airflow/example_dags/example_trigger_controller_dag.py for tasks to queue
[2021-02-23 23:40:36,348] {logging_mixin.py:104} INFO - [2021-02-23 23:40:36,348] {dagbag.py:448} INFO - Filling up the DagBag from /home/airflow/.local/lib/python3.6/site-packages/airflow/example_dags/example_trigger_controller_dag.py
[2021-02-23 23:40:36,360] {scheduler_job.py:639} INFO - DAG(s) dict_keys(['example_trigger_controller_dag']) retrieved from /home/airflow/.local/lib/python3.6/site-packages/airflow/example_dags/example_trigger_controller_dag.py
[2021-02-23 23:40:36,380] {logging_mixin.py:104} INFO - [2021-02-23 23:40:36,380] {dag.py:1818} INFO - Sync 1 DAGs
[2021-02-23 23:40:36,393] {logging_mixin.py:104} INFO - [2021-02-23 23:40:36,393] {dag.py:2273} INFO - Setting next_dagrun for example_trigger_controller_dag to 2021-02-21 00:00:00+00:00
[2021-02-23 23:40:36,440] {scheduler_job.py:190} INFO - Processing /home/airflow/.local/lib/python3.6/site-packages/airflow/example_dags/example_trigger_controller_dag.py took 0.097 seconds
[2021-02-23 23:41:06,956] {scheduler_job.py:182} INFO - Started process (PID=833) to work on /home/airflow/.local/lib/python3.6/site-packages/airflow/example_dags/example_trigger_controller_dag.py
[2021-02-23 23:41:06,957] {scheduler_job.py:629} INFO - Processing file /home/airflow/.local/lib/python3.6/site-packages/airflow/example_dags/example_trigger_controller_dag.py for tasks to queue
[2021-02-23 23:41:06,958] {logging_mixin.py:104} INFO - [2021-02-23 23:41:06,958] {dagbag.py:448} INFO - Filling up the DagBag from /home/airflow/.local/lib/python3.6/site-packages/airflow/example_dags/example_trigger_controller_dag.py
[2021-02-23 23:41:06,971] {scheduler_job.py:639} INFO - DAG(s) dict_keys(['example_trigger_controller_dag']) retrieved from /home/airflow/.local/lib/python3.6/site-packages/airflow/example_dags/example_trigger_controller_dag.py
[2021-02-23 23:41:06,991] {logging_mixin.py:104} INFO - [2021-02-23 23:41:06,991] {dag.py:1818} INFO - Sync 1 DAGs
[2021-02-23 23:41:07,005] {logging_mixin.py:104} INFO - [2021-02-23 23:41:07,005] {dag.py:2273} INFO - Setting next_dagrun for example_trigger_controller_dag to 2021-02-21 00:00:00+00:00
[2021-02-23 23:41:07,207] {scheduler_job.py:190} INFO - Processing /home/airflow/.local/lib/python3.6/site-packages/airflow/example_dags/example_trigger_controller_dag.py took 0.255 seconds
[2021-02-23 23:41:37,988] {scheduler_job.py:182} INFO - Started process (PID=860) to work on /home/airflow/.local/lib/python3.6/site-packages/airflow/example_dags/example_trigger_controller_dag.py
[2021-02-23 23:41:37,990] {scheduler_job.py:629} INFO - Processing file /home/airflow/.local/lib/python3.6/site-packages/airflow/example_dags/example_trigger_controller_dag.py for tasks to queue
[2021-02-23 23:41:37,990] {logging_mixin.py:104} INFO - [2021-02-23 23:41:37,990] {dagbag.py:448} INFO - Filling up the DagBag from /home/airflow/.local/lib/python3.6/site-packages/airflow/example_dags/example_trigger_controller_dag.py
[2021-02-23 23:41:38,005] {scheduler_job.py:639} INFO - DAG(s) dict_keys(['example_trigger_controller_dag']) retrieved from /home/airflow/.local/lib/python3.6/site-packages/airflow/example_dags/example_trigger_controller_dag.py
[2021-02-23 23:41:38,026] {logging_mixin.py:104} INFO - [2021-02-23 23:41:38,026] {dag.py:1818} INFO - Sync 1 DAGs
[2021-02-23 23:41:38,043] {logging_mixin.py:104} INFO - [2021-02-23 23:41:38,043] {dag.py:2273} INFO - Setting next_dagrun for example_trigger_controller_dag to 2021-02-21 00:00:00+00:00
[2021-02-23 23:41:38,090] {scheduler_job.py:190} INFO - Processing /home/airflow/.local/lib/python3.6/site-packages/airflow/example_dags/example_trigger_controller_dag.py took 0.108 seconds
[2021-02-23 23:42:08,252] {scheduler_job.py:182} INFO - Started process (PID=887) to work on /home/airflow/.local/lib/python3.6/site-packages/airflow/example_dags/example_trigger_controller_dag.py
[2021-02-23 23:42:08,254] {scheduler_job.py:629} INFO - Processing file /home/airflow/.local/lib/python3.6/site-packages/airflow/example_dags/example_trigger_controller_dag.py for tasks to queue
[2021-02-23 23:42:08,255] {logging_mixin.py:104} INFO - [2021-02-23 23:42:08,255] {dagbag.py:448} INFO - Filling up the DagBag from /home/airflow/.local/lib/python3.6/site-packages/airflow/example_dags/example_trigger_controller_dag.py
[2021-02-23 23:42:08,267] {scheduler_job.py:639} INFO - DAG(s) dict_keys(['example_trigger_controller_dag']) retrieved from /home/airflow/.local/lib/python3.6/site-packages/airflow/example_dags/example_trigger_controller_dag.py
[2021-02-23 23:42:08,286] {logging_mixin.py:104} INFO - [2021-02-23 23:42:08,286] {dag.py:1818} INFO - Sync 1 DAGs
[2021-02-23 23:42:08,299] {logging_mixin.py:104} INFO - [2021-02-23 23:42:08,299] {dag.py:2273} INFO - Setting next_dagrun for example_trigger_controller_dag to 2021-02-21 00:00:00+00:00
[2021-02-23 23:42:08,533] {scheduler_job.py:190} INFO - Processing /home/airflow/.local/lib/python3.6/site-packages/airflow/example_dags/example_trigger_controller_dag.py took 0.287 seconds
[2021-02-23 23:42:38,786] {scheduler_job.py:182} INFO - Started process (PID=914) to work on /home/airflow/.local/lib/python3.6/site-packages/airflow/example_dags/example_trigger_controller_dag.py
[2021-02-23 23:42:38,787] {scheduler_job.py:629} INFO - Processing file /home/airflow/.local/lib/python3.6/site-packages/airflow/example_dags/example_trigger_controller_dag.py for tasks to queue
[2021-02-23 23:42:38,787] {logging_mixin.py:104} INFO - [2021-02-23 23:42:38,787] {dagbag.py:448} INFO - Filling up the DagBag from /home/airflow/.local/lib/python3.6/site-packages/airflow/example_dags/example_trigger_controller_dag.py
[2021-02-23 23:42:38,794] {scheduler_job.py:639} INFO - DAG(s) dict_keys(['example_trigger_controller_dag']) retrieved from /home/airflow/.local/lib/python3.6/site-packages/airflow/example_dags/example_trigger_controller_dag.py
[2021-02-23 23:42:38,808] {logging_mixin.py:104} INFO - [2021-02-23 23:42:38,808] {dag.py:1818} INFO - Sync 1 DAGs
[2021-02-23 23:42:38,819] {logging_mixin.py:104} INFO - [2021-02-23 23:42:38,819] {dag.py:2273} INFO - Setting next_dagrun for example_trigger_controller_dag to 2021-02-21 00:00:00+00:00
[2021-02-23 23:42:38,862] {scheduler_job.py:190} INFO - Processing /home/airflow/.local/lib/python3.6/site-packages/airflow/example_dags/example_trigger_controller_dag.py took 0.078 seconds
[2021-02-23 23:43:09,577] {scheduler_job.py:182} INFO - Started process (PID=941) to work on /home/airflow/.local/lib/python3.6/site-packages/airflow/example_dags/example_trigger_controller_dag.py
[2021-02-23 23:43:09,580] {scheduler_job.py:629} INFO - Processing file /home/airflow/.local/lib/python3.6/site-packages/airflow/example_dags/example_trigger_controller_dag.py for tasks to queue
[2021-02-23 23:43:09,582] {logging_mixin.py:104} INFO - [2021-02-23 23:43:09,581] {dagbag.py:448} INFO - Filling up the DagBag from /home/airflow/.local/lib/python3.6/site-packages/airflow/example_dags/example_trigger_controller_dag.py
[2021-02-23 23:43:09,601] {scheduler_job.py:639} INFO - DAG(s) dict_keys(['example_trigger_controller_dag']) retrieved from /home/airflow/.local/lib/python3.6/site-packages/airflow/example_dags/example_trigger_controller_dag.py
[2021-02-23 23:43:09,619] {logging_mixin.py:104} INFO - [2021-02-23 23:43:09,619] {dag.py:1818} INFO - Sync 1 DAGs
[2021-02-23 23:43:09,632] {logging_mixin.py:104} INFO - [2021-02-23 23:43:09,632] {dag.py:2273} INFO - Setting next_dagrun for example_trigger_controller_dag to 2021-02-21 00:00:00+00:00
[2021-02-23 23:43:09,710] {scheduler_job.py:190} INFO - Processing /home/airflow/.local/lib/python3.6/site-packages/airflow/example_dags/example_trigger_controller_dag.py took 0.143 seconds
[2021-02-23 23:43:40,581] {scheduler_job.py:182} INFO - Started process (PID=968) to work on /home/airflow/.local/lib/python3.6/site-packages/airflow/example_dags/example_trigger_controller_dag.py
[2021-02-23 23:43:40,586] {scheduler_job.py:629} INFO - Processing file /home/airflow/.local/lib/python3.6/site-packages/airflow/example_dags/example_trigger_controller_dag.py for tasks to queue
[2021-02-23 23:43:40,588] {logging_mixin.py:104} INFO - [2021-02-23 23:43:40,587] {dagbag.py:448} INFO - Filling up the DagBag from /home/airflow/.local/lib/python3.6/site-packages/airflow/example_dags/example_trigger_controller_dag.py
[2021-02-23 23:43:40,603] {scheduler_job.py:639} INFO - DAG(s) dict_keys(['example_trigger_controller_dag']) retrieved from /home/airflow/.local/lib/python3.6/site-packages/airflow/example_dags/example_trigger_controller_dag.py
[2021-02-23 23:43:40,621] {logging_mixin.py:104} INFO - [2021-02-23 23:43:40,621] {dag.py:1818} INFO - Sync 1 DAGs
[2021-02-23 23:43:40,634] {logging_mixin.py:104} INFO - [2021-02-23 23:43:40,634] {dag.py:2273} INFO - Setting next_dagrun for example_trigger_controller_dag to 2021-02-21 00:00:00+00:00
[2021-02-23 23:43:40,792] {scheduler_job.py:190} INFO - Processing /home/airflow/.local/lib/python3.6/site-packages/airflow/example_dags/example_trigger_controller_dag.py took 0.218 seconds
[2021-02-23 23:44:10,850] {scheduler_job.py:182} INFO - Started process (PID=995) to work on /home/airflow/.local/lib/python3.6/site-packages/airflow/example_dags/example_trigger_controller_dag.py
[2021-02-23 23:44:10,852] {scheduler_job.py:629} INFO - Processing file /home/airflow/.local/lib/python3.6/site-packages/airflow/example_dags/example_trigger_controller_dag.py for tasks to queue
[2021-02-23 23:44:10,852] {logging_mixin.py:104} INFO - [2021-02-23 23:44:10,852] {dagbag.py:448} INFO - Filling up the DagBag from /home/airflow/.local/lib/python3.6/site-packages/airflow/example_dags/example_trigger_controller_dag.py
[2021-02-23 23:44:10,864] {scheduler_job.py:639} INFO - DAG(s) dict_keys(['example_trigger_controller_dag']) retrieved from /home/airflow/.local/lib/python3.6/site-packages/airflow/example_dags/example_trigger_controller_dag.py
[2021-02-23 23:44:10,881] {logging_mixin.py:104} INFO - [2021-02-23 23:44:10,881] {dag.py:1818} INFO - Sync 1 DAGs
[2021-02-23 23:44:10,893] {logging_mixin.py:104} INFO - [2021-02-23 23:44:10,892] {dag.py:2273} INFO - Setting next_dagrun for example_trigger_controller_dag to 2021-02-21 00:00:00+00:00
[2021-02-23 23:44:10,956] {scheduler_job.py:190} INFO - Processing /home/airflow/.local/lib/python3.6/site-packages/airflow/example_dags/example_trigger_controller_dag.py took 0.109 seconds
[2021-02-23 23:44:41,042] {scheduler_job.py:182} INFO - Started process (PID=1022) to work on /home/airflow/.local/lib/python3.6/site-packages/airflow/example_dags/example_trigger_controller_dag.py
[2021-02-23 23:44:41,043] {scheduler_job.py:629} INFO - Processing file /home/airflow/.local/lib/python3.6/site-packages/airflow/example_dags/example_trigger_controller_dag.py for tasks to queue
[2021-02-23 23:44:41,044] {logging_mixin.py:104} INFO - [2021-02-23 23:44:41,043] {dagbag.py:448} INFO - Filling up the DagBag from /home/airflow/.local/lib/python3.6/site-packages/airflow/example_dags/example_trigger_controller_dag.py
[2021-02-23 23:44:41,054] {scheduler_job.py:639} INFO - DAG(s) dict_keys(['example_trigger_controller_dag']) retrieved from /home/airflow/.local/lib/python3.6/site-packages/airflow/example_dags/example_trigger_controller_dag.py
[2021-02-23 23:44:41,072] {logging_mixin.py:104} INFO - [2021-02-23 23:44:41,072] {dag.py:1818} INFO - Sync 1 DAGs
[2021-02-23 23:44:41,085] {logging_mixin.py:104} INFO - [2021-02-23 23:44:41,085] {dag.py:2273} INFO - Setting next_dagrun for example_trigger_controller_dag to 2021-02-21 00:00:00+00:00
[2021-02-23 23:44:41,122] {scheduler_job.py:190} INFO - Processing /home/airflow/.local/lib/python3.6/site-packages/airflow/example_dags/example_trigger_controller_dag.py took 0.083 seconds
[2021-02-23 23:45:11,789] {scheduler_job.py:182} INFO - Started process (PID=1049) to work on /home/airflow/.local/lib/python3.6/site-packages/airflow/example_dags/example_trigger_controller_dag.py
[2021-02-23 23:45:11,790] {scheduler_job.py:629} INFO - Processing file /home/airflow/.local/lib/python3.6/site-packages/airflow/example_dags/example_trigger_controller_dag.py for tasks to queue
[2021-02-23 23:45:11,790] {logging_mixin.py:104} INFO - [2021-02-23 23:45:11,790] {dagbag.py:448} INFO - Filling up the DagBag from /home/airflow/.local/lib/python3.6/site-packages/airflow/example_dags/example_trigger_controller_dag.py
[2021-02-23 23:45:11,799] {scheduler_job.py:639} INFO - DAG(s) dict_keys(['example_trigger_controller_dag']) retrieved from /home/airflow/.local/lib/python3.6/site-packages/airflow/example_dags/example_trigger_controller_dag.py
[2021-02-23 23:45:11,816] {logging_mixin.py:104} INFO - [2021-02-23 23:45:11,816] {dag.py:1818} INFO - Sync 1 DAGs
[2021-02-23 23:45:11,828] {logging_mixin.py:104} INFO - [2021-02-23 23:45:11,828] {dag.py:2273} INFO - Setting next_dagrun for example_trigger_controller_dag to 2021-02-21 00:00:00+00:00
[2021-02-23 23:45:11,859] {scheduler_job.py:190} INFO - Processing /home/airflow/.local/lib/python3.6/site-packages/airflow/example_dags/example_trigger_controller_dag.py took 0.072 seconds
[2021-02-23 23:45:42,486] {scheduler_job.py:182} INFO - Started process (PID=1076) to work on /home/airflow/.local/lib/python3.6/site-packages/airflow/example_dags/example_trigger_controller_dag.py
[2021-02-23 23:45:42,488] {scheduler_job.py:629} INFO - Processing file /home/airflow/.local/lib/python3.6/site-packages/airflow/example_dags/example_trigger_controller_dag.py for tasks to queue
[2021-02-23 23:45:42,490] {logging_mixin.py:104} INFO - [2021-02-23 23:45:42,489] {dagbag.py:448} INFO - Filling up the DagBag from /home/airflow/.local/lib/python3.6/site-packages/airflow/example_dags/example_trigger_controller_dag.py
[2021-02-23 23:45:42,504] {scheduler_job.py:639} INFO - DAG(s) dict_keys(['example_trigger_controller_dag']) retrieved from /home/airflow/.local/lib/python3.6/site-packages/airflow/example_dags/example_trigger_controller_dag.py
[2021-02-23 23:45:42,521] {logging_mixin.py:104} INFO - [2021-02-23 23:45:42,521] {dag.py:1818} INFO - Sync 1 DAGs
[2021-02-23 23:45:42,532] {logging_mixin.py:104} INFO - [2021-02-23 23:45:42,532] {dag.py:2273} INFO - Setting next_dagrun for example_trigger_controller_dag to 2021-02-21 00:00:00+00:00
[2021-02-23 23:45:42,566] {scheduler_job.py:190} INFO - Processing /home/airflow/.local/lib/python3.6/site-packages/airflow/example_dags/example_trigger_controller_dag.py took 0.088 seconds
[2021-02-23 23:46:13,407] {scheduler_job.py:182} INFO - Started process (PID=1103) to work on /home/airflow/.local/lib/python3.6/site-packages/airflow/example_dags/example_trigger_controller_dag.py
[2021-02-23 23:46:13,409] {scheduler_job.py:629} INFO - Processing file /home/airflow/.local/lib/python3.6/site-packages/airflow/example_dags/example_trigger_controller_dag.py for tasks to queue
[2021-02-23 23:46:13,410] {logging_mixin.py:104} INFO - [2021-02-23 23:46:13,410] {dagbag.py:448} INFO - Filling up the DagBag from /home/airflow/.local/lib/python3.6/site-packages/airflow/example_dags/example_trigger_controller_dag.py
[2021-02-23 23:46:13,421] {scheduler_job.py:639} INFO - DAG(s) dict_keys(['example_trigger_controller_dag']) retrieved from /home/airflow/.local/lib/python3.6/site-packages/airflow/example_dags/example_trigger_controller_dag.py
[2021-02-23 23:46:13,439] {logging_mixin.py:104} INFO - [2021-02-23 23:46:13,438] {dag.py:1818} INFO - Sync 1 DAGs
[2021-02-23 23:46:13,452] {logging_mixin.py:104} INFO - [2021-02-23 23:46:13,452] {dag.py:2273} INFO - Setting next_dagrun for example_trigger_controller_dag to 2021-02-21 00:00:00+00:00
[2021-02-23 23:46:13,493] {scheduler_job.py:190} INFO - Processing /home/airflow/.local/lib/python3.6/site-packages/airflow/example_dags/example_trigger_controller_dag.py took 0.091 seconds
[2021-02-23 23:46:44,342] {scheduler_job.py:182} INFO - Started process (PID=1130) to work on /home/airflow/.local/lib/python3.6/site-packages/airflow/example_dags/example_trigger_controller_dag.py
[2021-02-23 23:46:44,343] {scheduler_job.py:629} INFO - Processing file /home/airflow/.local/lib/python3.6/site-packages/airflow/example_dags/example_trigger_controller_dag.py for tasks to queue
[2021-02-23 23:46:44,344] {logging_mixin.py:104} INFO - [2021-02-23 23:46:44,344] {dagbag.py:448} INFO - Filling up the DagBag from /home/airflow/.local/lib/python3.6/site-packages/airflow/example_dags/example_trigger_controller_dag.py
[2021-02-23 23:46:44,353] {scheduler_job.py:639} INFO - DAG(s) dict_keys(['example_trigger_controller_dag']) retrieved from /home/airflow/.local/lib/python3.6/site-packages/airflow/example_dags/example_trigger_controller_dag.py
[2021-02-23 23:46:44,374] {logging_mixin.py:104} INFO - [2021-02-23 23:46:44,374] {dag.py:1818} INFO - Sync 1 DAGs
[2021-02-23 23:46:44,390] {logging_mixin.py:104} INFO - [2021-02-23 23:46:44,390] {dag.py:2273} INFO - Setting next_dagrun for example_trigger_controller_dag to 2021-02-21 00:00:00+00:00
[2021-02-23 23:46:44,422] {scheduler_job.py:190} INFO - Processing /home/airflow/.local/lib/python3.6/site-packages/airflow/example_dags/example_trigger_controller_dag.py took 0.083 seconds
[2021-02-23 23:47:15,401] {scheduler_job.py:182} INFO - Started process (PID=1157) to work on /home/airflow/.local/lib/python3.6/site-packages/airflow/example_dags/example_trigger_controller_dag.py
[2021-02-23 23:47:15,402] {scheduler_job.py:629} INFO - Processing file /home/airflow/.local/lib/python3.6/site-packages/airflow/example_dags/example_trigger_controller_dag.py for tasks to queue
[2021-02-23 23:47:15,403] {logging_mixin.py:104} INFO - [2021-02-23 23:47:15,403] {dagbag.py:448} INFO - Filling up the DagBag from /home/airflow/.local/lib/python3.6/site-packages/airflow/example_dags/example_trigger_controller_dag.py
[2021-02-23 23:47:15,412] {scheduler_job.py:639} INFO - DAG(s) dict_keys(['example_trigger_controller_dag']) retrieved from /home/airflow/.local/lib/python3.6/site-packages/airflow/example_dags/example_trigger_controller_dag.py
[2021-02-23 23:47:15,427] {logging_mixin.py:104} INFO - [2021-02-23 23:47:15,427] {dag.py:1818} INFO - Sync 1 DAGs
[2021-02-23 23:47:15,439] {logging_mixin.py:104} INFO - [2021-02-23 23:47:15,439] {dag.py:2273} INFO - Setting next_dagrun for example_trigger_controller_dag to 2021-02-21 00:00:00+00:00
[2021-02-23 23:47:15,491] {scheduler_job.py:190} INFO - Processing /home/airflow/.local/lib/python3.6/site-packages/airflow/example_dags/example_trigger_controller_dag.py took 0.093 seconds
[2021-02-23 23:47:46,443] {scheduler_job.py:182} INFO - Started process (PID=1184) to work on /home/airflow/.local/lib/python3.6/site-packages/airflow/example_dags/example_trigger_controller_dag.py
[2021-02-23 23:47:46,444] {scheduler_job.py:629} INFO - Processing file /home/airflow/.local/lib/python3.6/site-packages/airflow/example_dags/example_trigger_controller_dag.py for tasks to queue
[2021-02-23 23:47:46,445] {logging_mixin.py:104} INFO - [2021-02-23 23:47:46,445] {dagbag.py:448} INFO - Filling up the DagBag from /home/airflow/.local/lib/python3.6/site-packages/airflow/example_dags/example_trigger_controller_dag.py
[2021-02-23 23:47:46,456] {scheduler_job.py:639} INFO - DAG(s) dict_keys(['example_trigger_controller_dag']) retrieved from /home/airflow/.local/lib/python3.6/site-packages/airflow/example_dags/example_trigger_controller_dag.py
[2021-02-23 23:47:46,476] {logging_mixin.py:104} INFO - [2021-02-23 23:47:46,476] {dag.py:1818} INFO - Sync 1 DAGs
[2021-02-23 23:47:46,491] {logging_mixin.py:104} INFO - [2021-02-23 23:47:46,491] {dag.py:2273} INFO - Setting next_dagrun for example_trigger_controller_dag to 2021-02-21 00:00:00+00:00
[2021-02-23 23:47:46,526] {scheduler_job.py:190} INFO - Processing /home/airflow/.local/lib/python3.6/site-packages/airflow/example_dags/example_trigger_controller_dag.py took 0.085 seconds
[2021-02-23 23:48:16,654] {scheduler_job.py:182} INFO - Started process (PID=1209) to work on /home/airflow/.local/lib/python3.6/site-packages/airflow/example_dags/example_trigger_controller_dag.py
[2021-02-23 23:48:16,656] {scheduler_job.py:629} INFO - Processing file /home/airflow/.local/lib/python3.6/site-packages/airflow/example_dags/example_trigger_controller_dag.py for tasks to queue
[2021-02-23 23:48:16,659] {logging_mixin.py:104} INFO - [2021-02-23 23:48:16,658] {dagbag.py:448} INFO - Filling up the DagBag from /home/airflow/.local/lib/python3.6/site-packages/airflow/example_dags/example_trigger_controller_dag.py
[2021-02-23 23:48:16,672] {scheduler_job.py:639} INFO - DAG(s) dict_keys(['example_trigger_controller_dag']) retrieved from /home/airflow/.local/lib/python3.6/site-packages/airflow/example_dags/example_trigger_controller_dag.py
[2021-02-23 23:48:16,691] {logging_mixin.py:104} INFO - [2021-02-23 23:48:16,690] {dag.py:1818} INFO - Sync 1 DAGs
[2021-02-23 23:48:16,705] {logging_mixin.py:104} INFO - [2021-02-23 23:48:16,705] {dag.py:2273} INFO - Setting next_dagrun for example_trigger_controller_dag to 2021-02-21 00:00:00+00:00
[2021-02-23 23:48:16,746] {scheduler_job.py:190} INFO - Processing /home/airflow/.local/lib/python3.6/site-packages/airflow/example_dags/example_trigger_controller_dag.py took 0.100 seconds
[2021-02-23 23:48:47,527] {scheduler_job.py:182} INFO - Started process (PID=1238) to work on /home/airflow/.local/lib/python3.6/site-packages/airflow/example_dags/example_trigger_controller_dag.py
[2021-02-23 23:48:47,528] {scheduler_job.py:629} INFO - Processing file /home/airflow/.local/lib/python3.6/site-packages/airflow/example_dags/example_trigger_controller_dag.py for tasks to queue
[2021-02-23 23:48:47,528] {logging_mixin.py:104} INFO - [2021-02-23 23:48:47,528] {dagbag.py:448} INFO - Filling up the DagBag from /home/airflow/.local/lib/python3.6/site-packages/airflow/example_dags/example_trigger_controller_dag.py
[2021-02-23 23:48:47,541] {scheduler_job.py:639} INFO - DAG(s) dict_keys(['example_trigger_controller_dag']) retrieved from /home/airflow/.local/lib/python3.6/site-packages/airflow/example_dags/example_trigger_controller_dag.py
[2021-02-23 23:48:47,559] {logging_mixin.py:104} INFO - [2021-02-23 23:48:47,559] {dag.py:1818} INFO - Sync 1 DAGs
[2021-02-23 23:48:47,572] {logging_mixin.py:104} INFO - [2021-02-23 23:48:47,572] {dag.py:2273} INFO - Setting next_dagrun for example_trigger_controller_dag to 2021-02-21 00:00:00+00:00
[2021-02-23 23:48:47,756] {scheduler_job.py:190} INFO - Processing /home/airflow/.local/lib/python3.6/site-packages/airflow/example_dags/example_trigger_controller_dag.py took 0.233 seconds
[2021-02-23 23:49:18,712] {scheduler_job.py:182} INFO - Started process (PID=1265) to work on /home/airflow/.local/lib/python3.6/site-packages/airflow/example_dags/example_trigger_controller_dag.py
[2021-02-23 23:49:18,713] {scheduler_job.py:629} INFO - Processing file /home/airflow/.local/lib/python3.6/site-packages/airflow/example_dags/example_trigger_controller_dag.py for tasks to queue
[2021-02-23 23:49:18,714] {logging_mixin.py:104} INFO - [2021-02-23 23:49:18,714] {dagbag.py:448} INFO - Filling up the DagBag from /home/airflow/.local/lib/python3.6/site-packages/airflow/example_dags/example_trigger_controller_dag.py
[2021-02-23 23:49:18,726] {scheduler_job.py:639} INFO - DAG(s) dict_keys(['example_trigger_controller_dag']) retrieved from /home/airflow/.local/lib/python3.6/site-packages/airflow/example_dags/example_trigger_controller_dag.py
[2021-02-23 23:49:18,746] {logging_mixin.py:104} INFO - [2021-02-23 23:49:18,746] {dag.py:1818} INFO - Sync 1 DAGs
[2021-02-23 23:49:18,763] {logging_mixin.py:104} INFO - [2021-02-23 23:49:18,762] {dag.py:2273} INFO - Setting next_dagrun for example_trigger_controller_dag to 2021-02-21 00:00:00+00:00
[2021-02-23 23:49:18,817] {scheduler_job.py:190} INFO - Processing /home/airflow/.local/lib/python3.6/site-packages/airflow/example_dags/example_trigger_controller_dag.py took 0.108 seconds
