[2021-02-23 23:15:27,365] {scheduler_job.py:182} INFO - Started process (PID=41) to work on /home/airflow/.local/lib/python3.6/site-packages/airflow/example_dags/example_external_task_marker_dag.py
[2021-02-23 23:15:27,366] {scheduler_job.py:629} INFO - Processing file /home/airflow/.local/lib/python3.6/site-packages/airflow/example_dags/example_external_task_marker_dag.py for tasks to queue
[2021-02-23 23:15:27,366] {logging_mixin.py:104} INFO - [2021-02-23 23:15:27,366] {dagbag.py:448} INFO - Filling up the DagBag from /home/airflow/.local/lib/python3.6/site-packages/airflow/example_dags/example_external_task_marker_dag.py
[2021-02-23 23:15:27,620] {scheduler_job.py:639} INFO - DAG(s) dict_keys(['example_external_task_marker_parent', 'example_external_task_marker_child']) retrieved from /home/airflow/.local/lib/python3.6/site-packages/airflow/example_dags/example_external_task_marker_dag.py
[2021-02-23 23:15:27,649] {logging_mixin.py:104} INFO - [2021-02-23 23:15:27,649] {dag.py:1818} INFO - Sync 2 DAGs
[2021-02-23 23:15:27,659] {logging_mixin.py:104} INFO - [2021-02-23 23:15:27,659] {dag.py:1837} INFO - Creating ORM DAG for example_external_task_marker_parent
[2021-02-23 23:15:27,660] {logging_mixin.py:104} INFO - [2021-02-23 23:15:27,659] {dag.py:1837} INFO - Creating ORM DAG for example_external_task_marker_child
[2021-02-23 23:15:27,665] {logging_mixin.py:104} INFO - [2021-02-23 23:15:27,665] {dag.py:2273} INFO - Setting next_dagrun for example_external_task_marker_child to None
[2021-02-23 23:15:27,666] {logging_mixin.py:104} INFO - [2021-02-23 23:15:27,666] {dag.py:2273} INFO - Setting next_dagrun for example_external_task_marker_parent to None
[2021-02-23 23:15:27,977] {scheduler_job.py:190} INFO - Processing /home/airflow/.local/lib/python3.6/site-packages/airflow/example_dags/example_external_task_marker_dag.py took 0.616 seconds
[2021-02-23 23:15:58,085] {scheduler_job.py:182} INFO - Started process (PID=68) to work on /home/airflow/.local/lib/python3.6/site-packages/airflow/example_dags/example_external_task_marker_dag.py
[2021-02-23 23:15:58,087] {scheduler_job.py:629} INFO - Processing file /home/airflow/.local/lib/python3.6/site-packages/airflow/example_dags/example_external_task_marker_dag.py for tasks to queue
[2021-02-23 23:15:58,089] {logging_mixin.py:104} INFO - [2021-02-23 23:15:58,088] {dagbag.py:448} INFO - Filling up the DagBag from /home/airflow/.local/lib/python3.6/site-packages/airflow/example_dags/example_external_task_marker_dag.py
[2021-02-23 23:15:58,111] {scheduler_job.py:639} INFO - DAG(s) dict_keys(['example_external_task_marker_parent', 'example_external_task_marker_child']) retrieved from /home/airflow/.local/lib/python3.6/site-packages/airflow/example_dags/example_external_task_marker_dag.py
[2021-02-23 23:15:58,133] {logging_mixin.py:104} INFO - [2021-02-23 23:15:58,133] {dag.py:1818} INFO - Sync 2 DAGs
[2021-02-23 23:15:58,145] {logging_mixin.py:104} INFO - [2021-02-23 23:15:58,145] {dag.py:2273} INFO - Setting next_dagrun for example_external_task_marker_child to None
[2021-02-23 23:15:58,145] {logging_mixin.py:104} INFO - [2021-02-23 23:15:58,145] {dag.py:2273} INFO - Setting next_dagrun for example_external_task_marker_parent to None
[2021-02-23 23:15:58,400] {scheduler_job.py:190} INFO - Processing /home/airflow/.local/lib/python3.6/site-packages/airflow/example_dags/example_external_task_marker_dag.py took 0.321 seconds
[2021-02-23 23:16:28,423] {scheduler_job.py:182} INFO - Started process (PID=95) to work on /home/airflow/.local/lib/python3.6/site-packages/airflow/example_dags/example_external_task_marker_dag.py
[2021-02-23 23:16:28,424] {scheduler_job.py:629} INFO - Processing file /home/airflow/.local/lib/python3.6/site-packages/airflow/example_dags/example_external_task_marker_dag.py for tasks to queue
[2021-02-23 23:16:28,424] {logging_mixin.py:104} INFO - [2021-02-23 23:16:28,424] {dagbag.py:448} INFO - Filling up the DagBag from /home/airflow/.local/lib/python3.6/site-packages/airflow/example_dags/example_external_task_marker_dag.py
[2021-02-23 23:16:28,434] {scheduler_job.py:639} INFO - DAG(s) dict_keys(['example_external_task_marker_parent', 'example_external_task_marker_child']) retrieved from /home/airflow/.local/lib/python3.6/site-packages/airflow/example_dags/example_external_task_marker_dag.py
[2021-02-23 23:16:28,452] {logging_mixin.py:104} INFO - [2021-02-23 23:16:28,452] {dag.py:1818} INFO - Sync 2 DAGs
[2021-02-23 23:16:28,463] {logging_mixin.py:104} INFO - [2021-02-23 23:16:28,463] {dag.py:2273} INFO - Setting next_dagrun for example_external_task_marker_child to None
[2021-02-23 23:16:28,464] {logging_mixin.py:104} INFO - [2021-02-23 23:16:28,464] {dag.py:2273} INFO - Setting next_dagrun for example_external_task_marker_parent to None
[2021-02-23 23:16:28,633] {scheduler_job.py:190} INFO - Processing /home/airflow/.local/lib/python3.6/site-packages/airflow/example_dags/example_external_task_marker_dag.py took 0.212 seconds
[2021-02-23 23:16:59,488] {scheduler_job.py:182} INFO - Started process (PID=117) to work on /home/airflow/.local/lib/python3.6/site-packages/airflow/example_dags/example_external_task_marker_dag.py
[2021-02-23 23:16:59,491] {scheduler_job.py:629} INFO - Processing file /home/airflow/.local/lib/python3.6/site-packages/airflow/example_dags/example_external_task_marker_dag.py for tasks to queue
[2021-02-23 23:16:59,493] {logging_mixin.py:104} INFO - [2021-02-23 23:16:59,492] {dagbag.py:448} INFO - Filling up the DagBag from /home/airflow/.local/lib/python3.6/site-packages/airflow/example_dags/example_external_task_marker_dag.py
[2021-02-23 23:16:59,515] {scheduler_job.py:639} INFO - DAG(s) dict_keys(['example_external_task_marker_parent', 'example_external_task_marker_child']) retrieved from /home/airflow/.local/lib/python3.6/site-packages/airflow/example_dags/example_external_task_marker_dag.py
[2021-02-23 23:16:59,536] {logging_mixin.py:104} INFO - [2021-02-23 23:16:59,536] {dag.py:1818} INFO - Sync 2 DAGs
[2021-02-23 23:16:59,549] {logging_mixin.py:104} INFO - [2021-02-23 23:16:59,549] {dag.py:2273} INFO - Setting next_dagrun for example_external_task_marker_child to None
[2021-02-23 23:16:59,549] {logging_mixin.py:104} INFO - [2021-02-23 23:16:59,549] {dag.py:2273} INFO - Setting next_dagrun for example_external_task_marker_parent to None
[2021-02-23 23:16:59,586] {scheduler_job.py:190} INFO - Processing /home/airflow/.local/lib/python3.6/site-packages/airflow/example_dags/example_external_task_marker_dag.py took 0.106 seconds
[2021-02-23 23:26:15,522] {scheduler_job.py:182} INFO - Started process (PID=50) to work on /home/airflow/.local/lib/python3.6/site-packages/airflow/example_dags/example_external_task_marker_dag.py
[2021-02-23 23:26:15,523] {scheduler_job.py:629} INFO - Processing file /home/airflow/.local/lib/python3.6/site-packages/airflow/example_dags/example_external_task_marker_dag.py for tasks to queue
[2021-02-23 23:26:15,524] {logging_mixin.py:104} INFO - [2021-02-23 23:26:15,524] {dagbag.py:448} INFO - Filling up the DagBag from /home/airflow/.local/lib/python3.6/site-packages/airflow/example_dags/example_external_task_marker_dag.py
[2021-02-23 23:26:15,536] {scheduler_job.py:639} INFO - DAG(s) dict_keys(['example_external_task_marker_parent', 'example_external_task_marker_child']) retrieved from /home/airflow/.local/lib/python3.6/site-packages/airflow/example_dags/example_external_task_marker_dag.py
[2021-02-23 23:26:15,579] {logging_mixin.py:104} INFO - [2021-02-23 23:26:15,578] {dag.py:1818} INFO - Sync 2 DAGs
[2021-02-23 23:26:15,610] {logging_mixin.py:104} INFO - [2021-02-23 23:26:15,610] {dag.py:2273} INFO - Setting next_dagrun for example_external_task_marker_child to None
[2021-02-23 23:26:15,614] {logging_mixin.py:104} INFO - [2021-02-23 23:26:15,614] {dag.py:2273} INFO - Setting next_dagrun for example_external_task_marker_parent to None
[2021-02-23 23:26:15,664] {scheduler_job.py:190} INFO - Processing /home/airflow/.local/lib/python3.6/site-packages/airflow/example_dags/example_external_task_marker_dag.py took 0.145 seconds
[2021-02-23 23:26:47,632] {scheduler_job.py:182} INFO - Started process (PID=77) to work on /home/airflow/.local/lib/python3.6/site-packages/airflow/example_dags/example_external_task_marker_dag.py
[2021-02-23 23:26:47,633] {scheduler_job.py:629} INFO - Processing file /home/airflow/.local/lib/python3.6/site-packages/airflow/example_dags/example_external_task_marker_dag.py for tasks to queue
[2021-02-23 23:26:47,634] {logging_mixin.py:104} INFO - [2021-02-23 23:26:47,634] {dagbag.py:448} INFO - Filling up the DagBag from /home/airflow/.local/lib/python3.6/site-packages/airflow/example_dags/example_external_task_marker_dag.py
[2021-02-23 23:26:47,651] {scheduler_job.py:639} INFO - DAG(s) dict_keys(['example_external_task_marker_parent', 'example_external_task_marker_child']) retrieved from /home/airflow/.local/lib/python3.6/site-packages/airflow/example_dags/example_external_task_marker_dag.py
[2021-02-23 23:26:47,673] {logging_mixin.py:104} INFO - [2021-02-23 23:26:47,673] {dag.py:1818} INFO - Sync 2 DAGs
[2021-02-23 23:26:47,690] {logging_mixin.py:104} INFO - [2021-02-23 23:26:47,690] {dag.py:2273} INFO - Setting next_dagrun for example_external_task_marker_child to None
[2021-02-23 23:26:47,691] {logging_mixin.py:104} INFO - [2021-02-23 23:26:47,691] {dag.py:2273} INFO - Setting next_dagrun for example_external_task_marker_parent to None
[2021-02-23 23:26:47,802] {scheduler_job.py:190} INFO - Processing /home/airflow/.local/lib/python3.6/site-packages/airflow/example_dags/example_external_task_marker_dag.py took 0.175 seconds
[2021-02-23 23:27:17,992] {scheduler_job.py:182} INFO - Started process (PID=104) to work on /home/airflow/.local/lib/python3.6/site-packages/airflow/example_dags/example_external_task_marker_dag.py
[2021-02-23 23:27:17,995] {scheduler_job.py:629} INFO - Processing file /home/airflow/.local/lib/python3.6/site-packages/airflow/example_dags/example_external_task_marker_dag.py for tasks to queue
[2021-02-23 23:27:17,996] {logging_mixin.py:104} INFO - [2021-02-23 23:27:17,996] {dagbag.py:448} INFO - Filling up the DagBag from /home/airflow/.local/lib/python3.6/site-packages/airflow/example_dags/example_external_task_marker_dag.py
[2021-02-23 23:27:18,014] {scheduler_job.py:639} INFO - DAG(s) dict_keys(['example_external_task_marker_parent', 'example_external_task_marker_child']) retrieved from /home/airflow/.local/lib/python3.6/site-packages/airflow/example_dags/example_external_task_marker_dag.py
[2021-02-23 23:27:18,042] {logging_mixin.py:104} INFO - [2021-02-23 23:27:18,041] {dag.py:1818} INFO - Sync 2 DAGs
[2021-02-23 23:27:18,061] {logging_mixin.py:104} INFO - [2021-02-23 23:27:18,061] {dag.py:2273} INFO - Setting next_dagrun for example_external_task_marker_child to None
[2021-02-23 23:27:18,062] {logging_mixin.py:104} INFO - [2021-02-23 23:27:18,062] {dag.py:2273} INFO - Setting next_dagrun for example_external_task_marker_parent to None
[2021-02-23 23:27:18,308] {scheduler_job.py:190} INFO - Processing /home/airflow/.local/lib/python3.6/site-packages/airflow/example_dags/example_external_task_marker_dag.py took 0.321 seconds
[2021-02-23 23:27:48,629] {scheduler_job.py:182} INFO - Started process (PID=130) to work on /home/airflow/.local/lib/python3.6/site-packages/airflow/example_dags/example_external_task_marker_dag.py
[2021-02-23 23:27:48,631] {scheduler_job.py:629} INFO - Processing file /home/airflow/.local/lib/python3.6/site-packages/airflow/example_dags/example_external_task_marker_dag.py for tasks to queue
[2021-02-23 23:27:48,632] {logging_mixin.py:104} INFO - [2021-02-23 23:27:48,632] {dagbag.py:448} INFO - Filling up the DagBag from /home/airflow/.local/lib/python3.6/site-packages/airflow/example_dags/example_external_task_marker_dag.py
[2021-02-23 23:27:48,650] {scheduler_job.py:639} INFO - DAG(s) dict_keys(['example_external_task_marker_parent', 'example_external_task_marker_child']) retrieved from /home/airflow/.local/lib/python3.6/site-packages/airflow/example_dags/example_external_task_marker_dag.py
[2021-02-23 23:27:48,674] {logging_mixin.py:104} INFO - [2021-02-23 23:27:48,674] {dag.py:1818} INFO - Sync 2 DAGs
[2021-02-23 23:27:48,689] {logging_mixin.py:104} INFO - [2021-02-23 23:27:48,689] {dag.py:2273} INFO - Setting next_dagrun for example_external_task_marker_child to None
[2021-02-23 23:27:48,690] {logging_mixin.py:104} INFO - [2021-02-23 23:27:48,690] {dag.py:2273} INFO - Setting next_dagrun for example_external_task_marker_parent to None
[2021-02-23 23:27:48,846] {scheduler_job.py:190} INFO - Processing /home/airflow/.local/lib/python3.6/site-packages/airflow/example_dags/example_external_task_marker_dag.py took 0.221 seconds
[2021-02-23 23:28:19,604] {scheduler_job.py:182} INFO - Started process (PID=157) to work on /home/airflow/.local/lib/python3.6/site-packages/airflow/example_dags/example_external_task_marker_dag.py
[2021-02-23 23:28:19,605] {scheduler_job.py:629} INFO - Processing file /home/airflow/.local/lib/python3.6/site-packages/airflow/example_dags/example_external_task_marker_dag.py for tasks to queue
[2021-02-23 23:28:19,606] {logging_mixin.py:104} INFO - [2021-02-23 23:28:19,606] {dagbag.py:448} INFO - Filling up the DagBag from /home/airflow/.local/lib/python3.6/site-packages/airflow/example_dags/example_external_task_marker_dag.py
[2021-02-23 23:28:19,623] {scheduler_job.py:639} INFO - DAG(s) dict_keys(['example_external_task_marker_parent', 'example_external_task_marker_child']) retrieved from /home/airflow/.local/lib/python3.6/site-packages/airflow/example_dags/example_external_task_marker_dag.py
[2021-02-23 23:28:19,657] {logging_mixin.py:104} INFO - [2021-02-23 23:28:19,657] {dag.py:1818} INFO - Sync 2 DAGs
[2021-02-23 23:28:19,675] {logging_mixin.py:104} INFO - [2021-02-23 23:28:19,675] {dag.py:2273} INFO - Setting next_dagrun for example_external_task_marker_child to None
[2021-02-23 23:28:19,676] {logging_mixin.py:104} INFO - [2021-02-23 23:28:19,676] {dag.py:2273} INFO - Setting next_dagrun for example_external_task_marker_parent to None
[2021-02-23 23:28:19,729] {scheduler_job.py:190} INFO - Processing /home/airflow/.local/lib/python3.6/site-packages/airflow/example_dags/example_external_task_marker_dag.py took 0.129 seconds
[2021-02-23 23:28:50,335] {scheduler_job.py:182} INFO - Started process (PID=183) to work on /home/airflow/.local/lib/python3.6/site-packages/airflow/example_dags/example_external_task_marker_dag.py
[2021-02-23 23:28:50,337] {scheduler_job.py:629} INFO - Processing file /home/airflow/.local/lib/python3.6/site-packages/airflow/example_dags/example_external_task_marker_dag.py for tasks to queue
[2021-02-23 23:28:50,338] {logging_mixin.py:104} INFO - [2021-02-23 23:28:50,337] {dagbag.py:448} INFO - Filling up the DagBag from /home/airflow/.local/lib/python3.6/site-packages/airflow/example_dags/example_external_task_marker_dag.py
[2021-02-23 23:28:50,349] {scheduler_job.py:639} INFO - DAG(s) dict_keys(['example_external_task_marker_parent', 'example_external_task_marker_child']) retrieved from /home/airflow/.local/lib/python3.6/site-packages/airflow/example_dags/example_external_task_marker_dag.py
[2021-02-23 23:28:50,372] {logging_mixin.py:104} INFO - [2021-02-23 23:28:50,372] {dag.py:1818} INFO - Sync 2 DAGs
[2021-02-23 23:28:50,384] {logging_mixin.py:104} INFO - [2021-02-23 23:28:50,384] {dag.py:2273} INFO - Setting next_dagrun for example_external_task_marker_child to None
[2021-02-23 23:28:50,384] {logging_mixin.py:104} INFO - [2021-02-23 23:28:50,384] {dag.py:2273} INFO - Setting next_dagrun for example_external_task_marker_parent to None
[2021-02-23 23:28:50,416] {scheduler_job.py:190} INFO - Processing /home/airflow/.local/lib/python3.6/site-packages/airflow/example_dags/example_external_task_marker_dag.py took 0.083 seconds
[2021-02-23 23:29:20,439] {scheduler_job.py:182} INFO - Started process (PID=210) to work on /home/airflow/.local/lib/python3.6/site-packages/airflow/example_dags/example_external_task_marker_dag.py
[2021-02-23 23:29:20,440] {scheduler_job.py:629} INFO - Processing file /home/airflow/.local/lib/python3.6/site-packages/airflow/example_dags/example_external_task_marker_dag.py for tasks to queue
[2021-02-23 23:29:20,441] {logging_mixin.py:104} INFO - [2021-02-23 23:29:20,441] {dagbag.py:448} INFO - Filling up the DagBag from /home/airflow/.local/lib/python3.6/site-packages/airflow/example_dags/example_external_task_marker_dag.py
[2021-02-23 23:29:20,451] {scheduler_job.py:639} INFO - DAG(s) dict_keys(['example_external_task_marker_parent', 'example_external_task_marker_child']) retrieved from /home/airflow/.local/lib/python3.6/site-packages/airflow/example_dags/example_external_task_marker_dag.py
[2021-02-23 23:29:20,472] {logging_mixin.py:104} INFO - [2021-02-23 23:29:20,472] {dag.py:1818} INFO - Sync 2 DAGs
[2021-02-23 23:29:20,483] {logging_mixin.py:104} INFO - [2021-02-23 23:29:20,483] {dag.py:2273} INFO - Setting next_dagrun for example_external_task_marker_child to None
[2021-02-23 23:29:20,483] {logging_mixin.py:104} INFO - [2021-02-23 23:29:20,483] {dag.py:2273} INFO - Setting next_dagrun for example_external_task_marker_parent to None
[2021-02-23 23:29:20,543] {scheduler_job.py:190} INFO - Processing /home/airflow/.local/lib/python3.6/site-packages/airflow/example_dags/example_external_task_marker_dag.py took 0.106 seconds
[2021-02-23 23:29:50,601] {scheduler_job.py:182} INFO - Started process (PID=237) to work on /home/airflow/.local/lib/python3.6/site-packages/airflow/example_dags/example_external_task_marker_dag.py
[2021-02-23 23:29:50,602] {scheduler_job.py:629} INFO - Processing file /home/airflow/.local/lib/python3.6/site-packages/airflow/example_dags/example_external_task_marker_dag.py for tasks to queue
[2021-02-23 23:29:50,602] {logging_mixin.py:104} INFO - [2021-02-23 23:29:50,602] {dagbag.py:448} INFO - Filling up the DagBag from /home/airflow/.local/lib/python3.6/site-packages/airflow/example_dags/example_external_task_marker_dag.py
[2021-02-23 23:29:50,611] {scheduler_job.py:639} INFO - DAG(s) dict_keys(['example_external_task_marker_parent', 'example_external_task_marker_child']) retrieved from /home/airflow/.local/lib/python3.6/site-packages/airflow/example_dags/example_external_task_marker_dag.py
[2021-02-23 23:29:50,627] {logging_mixin.py:104} INFO - [2021-02-23 23:29:50,627] {dag.py:1818} INFO - Sync 2 DAGs
[2021-02-23 23:29:50,639] {logging_mixin.py:104} INFO - [2021-02-23 23:29:50,639] {dag.py:2273} INFO - Setting next_dagrun for example_external_task_marker_child to None
[2021-02-23 23:29:50,640] {logging_mixin.py:104} INFO - [2021-02-23 23:29:50,640] {dag.py:2273} INFO - Setting next_dagrun for example_external_task_marker_parent to None
[2021-02-23 23:29:50,677] {scheduler_job.py:190} INFO - Processing /home/airflow/.local/lib/python3.6/site-packages/airflow/example_dags/example_external_task_marker_dag.py took 0.078 seconds
[2021-02-23 23:30:20,736] {scheduler_job.py:182} INFO - Started process (PID=253) to work on /home/airflow/.local/lib/python3.6/site-packages/airflow/example_dags/example_external_task_marker_dag.py
[2021-02-23 23:30:20,737] {scheduler_job.py:629} INFO - Processing file /home/airflow/.local/lib/python3.6/site-packages/airflow/example_dags/example_external_task_marker_dag.py for tasks to queue
[2021-02-23 23:30:20,738] {logging_mixin.py:104} INFO - [2021-02-23 23:30:20,738] {dagbag.py:448} INFO - Filling up the DagBag from /home/airflow/.local/lib/python3.6/site-packages/airflow/example_dags/example_external_task_marker_dag.py
[2021-02-23 23:30:20,749] {scheduler_job.py:639} INFO - DAG(s) dict_keys(['example_external_task_marker_parent', 'example_external_task_marker_child']) retrieved from /home/airflow/.local/lib/python3.6/site-packages/airflow/example_dags/example_external_task_marker_dag.py
[2021-02-23 23:30:20,772] {logging_mixin.py:104} INFO - [2021-02-23 23:30:20,772] {dag.py:1818} INFO - Sync 2 DAGs
[2021-02-23 23:30:20,787] {logging_mixin.py:104} INFO - [2021-02-23 23:30:20,787] {dag.py:2273} INFO - Setting next_dagrun for example_external_task_marker_child to None
[2021-02-23 23:30:20,788] {logging_mixin.py:104} INFO - [2021-02-23 23:30:20,788] {dag.py:2273} INFO - Setting next_dagrun for example_external_task_marker_parent to None
[2021-02-23 23:30:20,837] {scheduler_job.py:190} INFO - Processing /home/airflow/.local/lib/python3.6/site-packages/airflow/example_dags/example_external_task_marker_dag.py took 0.104 seconds
[2021-02-23 23:30:51,796] {scheduler_job.py:182} INFO - Started process (PID=284) to work on /home/airflow/.local/lib/python3.6/site-packages/airflow/example_dags/example_external_task_marker_dag.py
[2021-02-23 23:30:51,799] {scheduler_job.py:629} INFO - Processing file /home/airflow/.local/lib/python3.6/site-packages/airflow/example_dags/example_external_task_marker_dag.py for tasks to queue
[2021-02-23 23:30:51,801] {logging_mixin.py:104} INFO - [2021-02-23 23:30:51,800] {dagbag.py:448} INFO - Filling up the DagBag from /home/airflow/.local/lib/python3.6/site-packages/airflow/example_dags/example_external_task_marker_dag.py
[2021-02-23 23:30:51,840] {scheduler_job.py:639} INFO - DAG(s) dict_keys(['example_external_task_marker_parent', 'example_external_task_marker_child']) retrieved from /home/airflow/.local/lib/python3.6/site-packages/airflow/example_dags/example_external_task_marker_dag.py
[2021-02-23 23:30:51,914] {logging_mixin.py:104} INFO - [2021-02-23 23:30:51,914] {dag.py:1818} INFO - Sync 2 DAGs
[2021-02-23 23:30:51,968] {logging_mixin.py:104} INFO - [2021-02-23 23:30:51,968] {dag.py:2273} INFO - Setting next_dagrun for example_external_task_marker_child to None
[2021-02-23 23:30:51,972] {logging_mixin.py:104} INFO - [2021-02-23 23:30:51,972] {dag.py:2273} INFO - Setting next_dagrun for example_external_task_marker_parent to None
[2021-02-23 23:30:52,110] {scheduler_job.py:190} INFO - Processing /home/airflow/.local/lib/python3.6/site-packages/airflow/example_dags/example_external_task_marker_dag.py took 0.325 seconds
[2021-02-23 23:31:22,824] {scheduler_job.py:182} INFO - Started process (PID=312) to work on /home/airflow/.local/lib/python3.6/site-packages/airflow/example_dags/example_external_task_marker_dag.py
[2021-02-23 23:31:22,827] {scheduler_job.py:629} INFO - Processing file /home/airflow/.local/lib/python3.6/site-packages/airflow/example_dags/example_external_task_marker_dag.py for tasks to queue
[2021-02-23 23:31:22,828] {logging_mixin.py:104} INFO - [2021-02-23 23:31:22,828] {dagbag.py:448} INFO - Filling up the DagBag from /home/airflow/.local/lib/python3.6/site-packages/airflow/example_dags/example_external_task_marker_dag.py
[2021-02-23 23:31:22,846] {scheduler_job.py:639} INFO - DAG(s) dict_keys(['example_external_task_marker_parent', 'example_external_task_marker_child']) retrieved from /home/airflow/.local/lib/python3.6/site-packages/airflow/example_dags/example_external_task_marker_dag.py
[2021-02-23 23:31:22,868] {logging_mixin.py:104} INFO - [2021-02-23 23:31:22,868] {dag.py:1818} INFO - Sync 2 DAGs
[2021-02-23 23:31:22,880] {logging_mixin.py:104} INFO - [2021-02-23 23:31:22,880] {dag.py:2273} INFO - Setting next_dagrun for example_external_task_marker_child to None
[2021-02-23 23:31:22,881] {logging_mixin.py:104} INFO - [2021-02-23 23:31:22,881] {dag.py:2273} INFO - Setting next_dagrun for example_external_task_marker_parent to None
[2021-02-23 23:31:22,950] {scheduler_job.py:190} INFO - Processing /home/airflow/.local/lib/python3.6/site-packages/airflow/example_dags/example_external_task_marker_dag.py took 0.133 seconds
[2021-02-23 23:31:53,441] {scheduler_job.py:182} INFO - Started process (PID=339) to work on /home/airflow/.local/lib/python3.6/site-packages/airflow/example_dags/example_external_task_marker_dag.py
[2021-02-23 23:31:53,442] {scheduler_job.py:629} INFO - Processing file /home/airflow/.local/lib/python3.6/site-packages/airflow/example_dags/example_external_task_marker_dag.py for tasks to queue
[2021-02-23 23:31:53,442] {logging_mixin.py:104} INFO - [2021-02-23 23:31:53,442] {dagbag.py:448} INFO - Filling up the DagBag from /home/airflow/.local/lib/python3.6/site-packages/airflow/example_dags/example_external_task_marker_dag.py
[2021-02-23 23:31:53,454] {scheduler_job.py:639} INFO - DAG(s) dict_keys(['example_external_task_marker_parent', 'example_external_task_marker_child']) retrieved from /home/airflow/.local/lib/python3.6/site-packages/airflow/example_dags/example_external_task_marker_dag.py
[2021-02-23 23:31:53,480] {logging_mixin.py:104} INFO - [2021-02-23 23:31:53,480] {dag.py:1818} INFO - Sync 2 DAGs
[2021-02-23 23:31:53,496] {logging_mixin.py:104} INFO - [2021-02-23 23:31:53,496] {dag.py:2273} INFO - Setting next_dagrun for example_external_task_marker_child to None
[2021-02-23 23:31:53,497] {logging_mixin.py:104} INFO - [2021-02-23 23:31:53,497] {dag.py:2273} INFO - Setting next_dagrun for example_external_task_marker_parent to None
[2021-02-23 23:31:53,530] {scheduler_job.py:190} INFO - Processing /home/airflow/.local/lib/python3.6/site-packages/airflow/example_dags/example_external_task_marker_dag.py took 0.093 seconds
[2021-02-23 23:32:24,163] {scheduler_job.py:182} INFO - Started process (PID=362) to work on /home/airflow/.local/lib/python3.6/site-packages/airflow/example_dags/example_external_task_marker_dag.py
[2021-02-23 23:32:24,166] {scheduler_job.py:629} INFO - Processing file /home/airflow/.local/lib/python3.6/site-packages/airflow/example_dags/example_external_task_marker_dag.py for tasks to queue
[2021-02-23 23:32:24,167] {logging_mixin.py:104} INFO - [2021-02-23 23:32:24,167] {dagbag.py:448} INFO - Filling up the DagBag from /home/airflow/.local/lib/python3.6/site-packages/airflow/example_dags/example_external_task_marker_dag.py
[2021-02-23 23:32:24,188] {scheduler_job.py:639} INFO - DAG(s) dict_keys(['example_external_task_marker_parent', 'example_external_task_marker_child']) retrieved from /home/airflow/.local/lib/python3.6/site-packages/airflow/example_dags/example_external_task_marker_dag.py
[2021-02-23 23:32:24,210] {logging_mixin.py:104} INFO - [2021-02-23 23:32:24,210] {dag.py:1818} INFO - Sync 2 DAGs
[2021-02-23 23:32:24,223] {logging_mixin.py:104} INFO - [2021-02-23 23:32:24,223] {dag.py:2273} INFO - Setting next_dagrun for example_external_task_marker_child to None
[2021-02-23 23:32:24,224] {logging_mixin.py:104} INFO - [2021-02-23 23:32:24,224] {dag.py:2273} INFO - Setting next_dagrun for example_external_task_marker_parent to None
[2021-02-23 23:32:24,272] {scheduler_job.py:190} INFO - Processing /home/airflow/.local/lib/python3.6/site-packages/airflow/example_dags/example_external_task_marker_dag.py took 0.117 seconds
[2021-02-23 23:32:55,073] {scheduler_job.py:182} INFO - Started process (PID=389) to work on /home/airflow/.local/lib/python3.6/site-packages/airflow/example_dags/example_external_task_marker_dag.py
[2021-02-23 23:32:55,076] {scheduler_job.py:629} INFO - Processing file /home/airflow/.local/lib/python3.6/site-packages/airflow/example_dags/example_external_task_marker_dag.py for tasks to queue
[2021-02-23 23:32:55,078] {logging_mixin.py:104} INFO - [2021-02-23 23:32:55,077] {dagbag.py:448} INFO - Filling up the DagBag from /home/airflow/.local/lib/python3.6/site-packages/airflow/example_dags/example_external_task_marker_dag.py
[2021-02-23 23:32:55,101] {scheduler_job.py:639} INFO - DAG(s) dict_keys(['example_external_task_marker_parent', 'example_external_task_marker_child']) retrieved from /home/airflow/.local/lib/python3.6/site-packages/airflow/example_dags/example_external_task_marker_dag.py
[2021-02-23 23:32:55,122] {logging_mixin.py:104} INFO - [2021-02-23 23:32:55,121] {dag.py:1818} INFO - Sync 2 DAGs
[2021-02-23 23:32:55,135] {logging_mixin.py:104} INFO - [2021-02-23 23:32:55,135] {dag.py:2273} INFO - Setting next_dagrun for example_external_task_marker_child to None
[2021-02-23 23:32:55,136] {logging_mixin.py:104} INFO - [2021-02-23 23:32:55,136] {dag.py:2273} INFO - Setting next_dagrun for example_external_task_marker_parent to None
[2021-02-23 23:32:55,189] {scheduler_job.py:190} INFO - Processing /home/airflow/.local/lib/python3.6/site-packages/airflow/example_dags/example_external_task_marker_dag.py took 0.126 seconds
[2021-02-23 23:33:25,977] {scheduler_job.py:182} INFO - Started process (PID=416) to work on /home/airflow/.local/lib/python3.6/site-packages/airflow/example_dags/example_external_task_marker_dag.py
[2021-02-23 23:33:25,982] {scheduler_job.py:629} INFO - Processing file /home/airflow/.local/lib/python3.6/site-packages/airflow/example_dags/example_external_task_marker_dag.py for tasks to queue
[2021-02-23 23:33:25,984] {logging_mixin.py:104} INFO - [2021-02-23 23:33:25,983] {dagbag.py:448} INFO - Filling up the DagBag from /home/airflow/.local/lib/python3.6/site-packages/airflow/example_dags/example_external_task_marker_dag.py
[2021-02-23 23:33:26,003] {scheduler_job.py:639} INFO - DAG(s) dict_keys(['example_external_task_marker_parent', 'example_external_task_marker_child']) retrieved from /home/airflow/.local/lib/python3.6/site-packages/airflow/example_dags/example_external_task_marker_dag.py
[2021-02-23 23:33:26,026] {logging_mixin.py:104} INFO - [2021-02-23 23:33:26,026] {dag.py:1818} INFO - Sync 2 DAGs
[2021-02-23 23:33:26,043] {logging_mixin.py:104} INFO - [2021-02-23 23:33:26,043] {dag.py:2273} INFO - Setting next_dagrun for example_external_task_marker_child to None
[2021-02-23 23:33:26,044] {logging_mixin.py:104} INFO - [2021-02-23 23:33:26,044] {dag.py:2273} INFO - Setting next_dagrun for example_external_task_marker_parent to None
[2021-02-23 23:33:26,093] {scheduler_job.py:190} INFO - Processing /home/airflow/.local/lib/python3.6/site-packages/airflow/example_dags/example_external_task_marker_dag.py took 0.126 seconds
[2021-02-23 23:33:57,152] {scheduler_job.py:182} INFO - Started process (PID=452) to work on /home/airflow/.local/lib/python3.6/site-packages/airflow/example_dags/example_external_task_marker_dag.py
[2021-02-23 23:33:57,153] {scheduler_job.py:629} INFO - Processing file /home/airflow/.local/lib/python3.6/site-packages/airflow/example_dags/example_external_task_marker_dag.py for tasks to queue
[2021-02-23 23:33:57,154] {logging_mixin.py:104} INFO - [2021-02-23 23:33:57,154] {dagbag.py:448} INFO - Filling up the DagBag from /home/airflow/.local/lib/python3.6/site-packages/airflow/example_dags/example_external_task_marker_dag.py
[2021-02-23 23:33:57,164] {scheduler_job.py:639} INFO - DAG(s) dict_keys(['example_external_task_marker_parent', 'example_external_task_marker_child']) retrieved from /home/airflow/.local/lib/python3.6/site-packages/airflow/example_dags/example_external_task_marker_dag.py
[2021-02-23 23:33:57,187] {logging_mixin.py:104} INFO - [2021-02-23 23:33:57,187] {dag.py:1818} INFO - Sync 2 DAGs
[2021-02-23 23:33:57,201] {logging_mixin.py:104} INFO - [2021-02-23 23:33:57,201] {dag.py:2273} INFO - Setting next_dagrun for example_external_task_marker_child to None
[2021-02-23 23:33:57,202] {logging_mixin.py:104} INFO - [2021-02-23 23:33:57,202] {dag.py:2273} INFO - Setting next_dagrun for example_external_task_marker_parent to None
[2021-02-23 23:33:57,234] {scheduler_job.py:190} INFO - Processing /home/airflow/.local/lib/python3.6/site-packages/airflow/example_dags/example_external_task_marker_dag.py took 0.083 seconds
[2021-02-23 23:34:28,012] {scheduler_job.py:182} INFO - Started process (PID=476) to work on /home/airflow/.local/lib/python3.6/site-packages/airflow/example_dags/example_external_task_marker_dag.py
[2021-02-23 23:34:28,013] {scheduler_job.py:629} INFO - Processing file /home/airflow/.local/lib/python3.6/site-packages/airflow/example_dags/example_external_task_marker_dag.py for tasks to queue
[2021-02-23 23:34:28,014] {logging_mixin.py:104} INFO - [2021-02-23 23:34:28,014] {dagbag.py:448} INFO - Filling up the DagBag from /home/airflow/.local/lib/python3.6/site-packages/airflow/example_dags/example_external_task_marker_dag.py
[2021-02-23 23:34:28,025] {scheduler_job.py:639} INFO - DAG(s) dict_keys(['example_external_task_marker_parent', 'example_external_task_marker_child']) retrieved from /home/airflow/.local/lib/python3.6/site-packages/airflow/example_dags/example_external_task_marker_dag.py
[2021-02-23 23:34:28,049] {logging_mixin.py:104} INFO - [2021-02-23 23:34:28,049] {dag.py:1818} INFO - Sync 2 DAGs
[2021-02-23 23:34:28,062] {logging_mixin.py:104} INFO - [2021-02-23 23:34:28,062] {dag.py:2273} INFO - Setting next_dagrun for example_external_task_marker_child to None
[2021-02-23 23:34:28,063] {logging_mixin.py:104} INFO - [2021-02-23 23:34:28,063] {dag.py:2273} INFO - Setting next_dagrun for example_external_task_marker_parent to None
[2021-02-23 23:34:28,125] {scheduler_job.py:190} INFO - Processing /home/airflow/.local/lib/python3.6/site-packages/airflow/example_dags/example_external_task_marker_dag.py took 0.116 seconds
[2021-02-23 23:34:58,665] {scheduler_job.py:182} INFO - Started process (PID=505) to work on /home/airflow/.local/lib/python3.6/site-packages/airflow/example_dags/example_external_task_marker_dag.py
[2021-02-23 23:34:58,666] {scheduler_job.py:629} INFO - Processing file /home/airflow/.local/lib/python3.6/site-packages/airflow/example_dags/example_external_task_marker_dag.py for tasks to queue
[2021-02-23 23:34:58,666] {logging_mixin.py:104} INFO - [2021-02-23 23:34:58,666] {dagbag.py:448} INFO - Filling up the DagBag from /home/airflow/.local/lib/python3.6/site-packages/airflow/example_dags/example_external_task_marker_dag.py
[2021-02-23 23:34:58,675] {scheduler_job.py:639} INFO - DAG(s) dict_keys(['example_external_task_marker_parent', 'example_external_task_marker_child']) retrieved from /home/airflow/.local/lib/python3.6/site-packages/airflow/example_dags/example_external_task_marker_dag.py
[2021-02-23 23:34:58,693] {logging_mixin.py:104} INFO - [2021-02-23 23:34:58,693] {dag.py:1818} INFO - Sync 2 DAGs
[2021-02-23 23:34:58,704] {logging_mixin.py:104} INFO - [2021-02-23 23:34:58,704] {dag.py:2273} INFO - Setting next_dagrun for example_external_task_marker_child to None
[2021-02-23 23:34:58,705] {logging_mixin.py:104} INFO - [2021-02-23 23:34:58,705] {dag.py:2273} INFO - Setting next_dagrun for example_external_task_marker_parent to None
[2021-02-23 23:34:59,154] {scheduler_job.py:190} INFO - Processing /home/airflow/.local/lib/python3.6/site-packages/airflow/example_dags/example_external_task_marker_dag.py took 0.491 seconds
[2021-02-23 23:35:29,399] {scheduler_job.py:182} INFO - Started process (PID=532) to work on /home/airflow/.local/lib/python3.6/site-packages/airflow/example_dags/example_external_task_marker_dag.py
[2021-02-23 23:35:29,400] {scheduler_job.py:629} INFO - Processing file /home/airflow/.local/lib/python3.6/site-packages/airflow/example_dags/example_external_task_marker_dag.py for tasks to queue
[2021-02-23 23:35:29,401] {logging_mixin.py:104} INFO - [2021-02-23 23:35:29,401] {dagbag.py:448} INFO - Filling up the DagBag from /home/airflow/.local/lib/python3.6/site-packages/airflow/example_dags/example_external_task_marker_dag.py
[2021-02-23 23:35:29,409] {scheduler_job.py:639} INFO - DAG(s) dict_keys(['example_external_task_marker_parent', 'example_external_task_marker_child']) retrieved from /home/airflow/.local/lib/python3.6/site-packages/airflow/example_dags/example_external_task_marker_dag.py
[2021-02-23 23:35:29,427] {logging_mixin.py:104} INFO - [2021-02-23 23:35:29,427] {dag.py:1818} INFO - Sync 2 DAGs
[2021-02-23 23:35:29,441] {logging_mixin.py:104} INFO - [2021-02-23 23:35:29,441] {dag.py:2273} INFO - Setting next_dagrun for example_external_task_marker_child to None
[2021-02-23 23:35:29,441] {logging_mixin.py:104} INFO - [2021-02-23 23:35:29,441] {dag.py:2273} INFO - Setting next_dagrun for example_external_task_marker_parent to None
[2021-02-23 23:35:29,481] {scheduler_job.py:190} INFO - Processing /home/airflow/.local/lib/python3.6/site-packages/airflow/example_dags/example_external_task_marker_dag.py took 0.084 seconds
[2021-02-23 23:36:00,018] {scheduler_job.py:182} INFO - Started process (PID=552) to work on /home/airflow/.local/lib/python3.6/site-packages/airflow/example_dags/example_external_task_marker_dag.py
[2021-02-23 23:36:00,020] {scheduler_job.py:629} INFO - Processing file /home/airflow/.local/lib/python3.6/site-packages/airflow/example_dags/example_external_task_marker_dag.py for tasks to queue
[2021-02-23 23:36:00,021] {logging_mixin.py:104} INFO - [2021-02-23 23:36:00,021] {dagbag.py:448} INFO - Filling up the DagBag from /home/airflow/.local/lib/python3.6/site-packages/airflow/example_dags/example_external_task_marker_dag.py
[2021-02-23 23:36:00,040] {scheduler_job.py:639} INFO - DAG(s) dict_keys(['example_external_task_marker_parent', 'example_external_task_marker_child']) retrieved from /home/airflow/.local/lib/python3.6/site-packages/airflow/example_dags/example_external_task_marker_dag.py
[2021-02-23 23:36:00,065] {logging_mixin.py:104} INFO - [2021-02-23 23:36:00,065] {dag.py:1818} INFO - Sync 2 DAGs
[2021-02-23 23:36:00,083] {logging_mixin.py:104} INFO - [2021-02-23 23:36:00,083] {dag.py:2273} INFO - Setting next_dagrun for example_external_task_marker_child to None
[2021-02-23 23:36:00,084] {logging_mixin.py:104} INFO - [2021-02-23 23:36:00,084] {dag.py:2273} INFO - Setting next_dagrun for example_external_task_marker_parent to None
[2021-02-23 23:36:00,141] {scheduler_job.py:190} INFO - Processing /home/airflow/.local/lib/python3.6/site-packages/airflow/example_dags/example_external_task_marker_dag.py took 0.127 seconds
[2021-02-23 23:36:30,739] {scheduler_job.py:182} INFO - Started process (PID=579) to work on /home/airflow/.local/lib/python3.6/site-packages/airflow/example_dags/example_external_task_marker_dag.py
[2021-02-23 23:36:30,742] {scheduler_job.py:629} INFO - Processing file /home/airflow/.local/lib/python3.6/site-packages/airflow/example_dags/example_external_task_marker_dag.py for tasks to queue
[2021-02-23 23:36:30,744] {logging_mixin.py:104} INFO - [2021-02-23 23:36:30,743] {dagbag.py:448} INFO - Filling up the DagBag from /home/airflow/.local/lib/python3.6/site-packages/airflow/example_dags/example_external_task_marker_dag.py
[2021-02-23 23:36:30,765] {scheduler_job.py:639} INFO - DAG(s) dict_keys(['example_external_task_marker_parent', 'example_external_task_marker_child']) retrieved from /home/airflow/.local/lib/python3.6/site-packages/airflow/example_dags/example_external_task_marker_dag.py
[2021-02-23 23:36:30,787] {logging_mixin.py:104} INFO - [2021-02-23 23:36:30,787] {dag.py:1818} INFO - Sync 2 DAGs
[2021-02-23 23:36:30,799] {logging_mixin.py:104} INFO - [2021-02-23 23:36:30,799] {dag.py:2273} INFO - Setting next_dagrun for example_external_task_marker_child to None
[2021-02-23 23:36:30,800] {logging_mixin.py:104} INFO - [2021-02-23 23:36:30,800] {dag.py:2273} INFO - Setting next_dagrun for example_external_task_marker_parent to None
[2021-02-23 23:36:30,850] {scheduler_job.py:190} INFO - Processing /home/airflow/.local/lib/python3.6/site-packages/airflow/example_dags/example_external_task_marker_dag.py took 0.121 seconds
[2021-02-23 23:37:01,703] {scheduler_job.py:182} INFO - Started process (PID=606) to work on /home/airflow/.local/lib/python3.6/site-packages/airflow/example_dags/example_external_task_marker_dag.py
[2021-02-23 23:37:01,704] {scheduler_job.py:629} INFO - Processing file /home/airflow/.local/lib/python3.6/site-packages/airflow/example_dags/example_external_task_marker_dag.py for tasks to queue
[2021-02-23 23:37:01,705] {logging_mixin.py:104} INFO - [2021-02-23 23:37:01,705] {dagbag.py:448} INFO - Filling up the DagBag from /home/airflow/.local/lib/python3.6/site-packages/airflow/example_dags/example_external_task_marker_dag.py
[2021-02-23 23:37:01,716] {scheduler_job.py:639} INFO - DAG(s) dict_keys(['example_external_task_marker_parent', 'example_external_task_marker_child']) retrieved from /home/airflow/.local/lib/python3.6/site-packages/airflow/example_dags/example_external_task_marker_dag.py
[2021-02-23 23:37:01,741] {logging_mixin.py:104} INFO - [2021-02-23 23:37:01,741] {dag.py:1818} INFO - Sync 2 DAGs
[2021-02-23 23:37:01,758] {logging_mixin.py:104} INFO - [2021-02-23 23:37:01,758] {dag.py:2273} INFO - Setting next_dagrun for example_external_task_marker_child to None
[2021-02-23 23:37:01,760] {logging_mixin.py:104} INFO - [2021-02-23 23:37:01,759] {dag.py:2273} INFO - Setting next_dagrun for example_external_task_marker_parent to None
[2021-02-23 23:37:01,790] {scheduler_job.py:190} INFO - Processing /home/airflow/.local/lib/python3.6/site-packages/airflow/example_dags/example_external_task_marker_dag.py took 0.090 seconds
[2021-02-23 23:37:32,388] {scheduler_job.py:182} INFO - Started process (PID=637) to work on /home/airflow/.local/lib/python3.6/site-packages/airflow/example_dags/example_external_task_marker_dag.py
[2021-02-23 23:37:32,389] {scheduler_job.py:629} INFO - Processing file /home/airflow/.local/lib/python3.6/site-packages/airflow/example_dags/example_external_task_marker_dag.py for tasks to queue
[2021-02-23 23:37:32,390] {logging_mixin.py:104} INFO - [2021-02-23 23:37:32,390] {dagbag.py:448} INFO - Filling up the DagBag from /home/airflow/.local/lib/python3.6/site-packages/airflow/example_dags/example_external_task_marker_dag.py
[2021-02-23 23:37:32,403] {scheduler_job.py:639} INFO - DAG(s) dict_keys(['example_external_task_marker_parent', 'example_external_task_marker_child']) retrieved from /home/airflow/.local/lib/python3.6/site-packages/airflow/example_dags/example_external_task_marker_dag.py
[2021-02-23 23:37:32,431] {logging_mixin.py:104} INFO - [2021-02-23 23:37:32,431] {dag.py:1818} INFO - Sync 2 DAGs
[2021-02-23 23:37:32,445] {logging_mixin.py:104} INFO - [2021-02-23 23:37:32,444] {dag.py:2273} INFO - Setting next_dagrun for example_external_task_marker_child to None
[2021-02-23 23:37:32,445] {logging_mixin.py:104} INFO - [2021-02-23 23:37:32,445] {dag.py:2273} INFO - Setting next_dagrun for example_external_task_marker_parent to None
[2021-02-23 23:37:32,542] {scheduler_job.py:190} INFO - Processing /home/airflow/.local/lib/python3.6/site-packages/airflow/example_dags/example_external_task_marker_dag.py took 0.158 seconds
[2021-02-23 23:38:02,984] {scheduler_job.py:182} INFO - Started process (PID=666) to work on /home/airflow/.local/lib/python3.6/site-packages/airflow/example_dags/example_external_task_marker_dag.py
[2021-02-23 23:38:02,985] {scheduler_job.py:629} INFO - Processing file /home/airflow/.local/lib/python3.6/site-packages/airflow/example_dags/example_external_task_marker_dag.py for tasks to queue
[2021-02-23 23:38:02,986] {logging_mixin.py:104} INFO - [2021-02-23 23:38:02,986] {dagbag.py:448} INFO - Filling up the DagBag from /home/airflow/.local/lib/python3.6/site-packages/airflow/example_dags/example_external_task_marker_dag.py
[2021-02-23 23:38:02,999] {scheduler_job.py:639} INFO - DAG(s) dict_keys(['example_external_task_marker_parent', 'example_external_task_marker_child']) retrieved from /home/airflow/.local/lib/python3.6/site-packages/airflow/example_dags/example_external_task_marker_dag.py
[2021-02-23 23:38:03,026] {logging_mixin.py:104} INFO - [2021-02-23 23:38:03,025] {dag.py:1818} INFO - Sync 2 DAGs
[2021-02-23 23:38:03,041] {logging_mixin.py:104} INFO - [2021-02-23 23:38:03,041] {dag.py:2273} INFO - Setting next_dagrun for example_external_task_marker_child to None
[2021-02-23 23:38:03,042] {logging_mixin.py:104} INFO - [2021-02-23 23:38:03,042] {dag.py:2273} INFO - Setting next_dagrun for example_external_task_marker_parent to None
[2021-02-23 23:38:03,100] {scheduler_job.py:190} INFO - Processing /home/airflow/.local/lib/python3.6/site-packages/airflow/example_dags/example_external_task_marker_dag.py took 0.118 seconds
[2021-02-23 23:38:33,464] {scheduler_job.py:182} INFO - Started process (PID=694) to work on /home/airflow/.local/lib/python3.6/site-packages/airflow/example_dags/example_external_task_marker_dag.py
[2021-02-23 23:38:33,465] {scheduler_job.py:629} INFO - Processing file /home/airflow/.local/lib/python3.6/site-packages/airflow/example_dags/example_external_task_marker_dag.py for tasks to queue
[2021-02-23 23:38:33,466] {logging_mixin.py:104} INFO - [2021-02-23 23:38:33,466] {dagbag.py:448} INFO - Filling up the DagBag from /home/airflow/.local/lib/python3.6/site-packages/airflow/example_dags/example_external_task_marker_dag.py
[2021-02-23 23:38:33,477] {scheduler_job.py:639} INFO - DAG(s) dict_keys(['example_external_task_marker_parent', 'example_external_task_marker_child']) retrieved from /home/airflow/.local/lib/python3.6/site-packages/airflow/example_dags/example_external_task_marker_dag.py
[2021-02-23 23:38:33,495] {logging_mixin.py:104} INFO - [2021-02-23 23:38:33,495] {dag.py:1818} INFO - Sync 2 DAGs
[2021-02-23 23:38:33,505] {logging_mixin.py:104} INFO - [2021-02-23 23:38:33,505] {dag.py:2273} INFO - Setting next_dagrun for example_external_task_marker_child to None
[2021-02-23 23:38:33,506] {logging_mixin.py:104} INFO - [2021-02-23 23:38:33,506] {dag.py:2273} INFO - Setting next_dagrun for example_external_task_marker_parent to None
[2021-02-23 23:38:33,544] {scheduler_job.py:190} INFO - Processing /home/airflow/.local/lib/python3.6/site-packages/airflow/example_dags/example_external_task_marker_dag.py took 0.082 seconds
[2021-02-23 23:39:03,569] {scheduler_job.py:182} INFO - Started process (PID=720) to work on /home/airflow/.local/lib/python3.6/site-packages/airflow/example_dags/example_external_task_marker_dag.py
[2021-02-23 23:39:03,569] {scheduler_job.py:629} INFO - Processing file /home/airflow/.local/lib/python3.6/site-packages/airflow/example_dags/example_external_task_marker_dag.py for tasks to queue
[2021-02-23 23:39:03,570] {logging_mixin.py:104} INFO - [2021-02-23 23:39:03,570] {dagbag.py:448} INFO - Filling up the DagBag from /home/airflow/.local/lib/python3.6/site-packages/airflow/example_dags/example_external_task_marker_dag.py
[2021-02-23 23:39:03,580] {scheduler_job.py:639} INFO - DAG(s) dict_keys(['example_external_task_marker_parent', 'example_external_task_marker_child']) retrieved from /home/airflow/.local/lib/python3.6/site-packages/airflow/example_dags/example_external_task_marker_dag.py
[2021-02-23 23:39:03,601] {logging_mixin.py:104} INFO - [2021-02-23 23:39:03,601] {dag.py:1818} INFO - Sync 2 DAGs
[2021-02-23 23:39:03,614] {logging_mixin.py:104} INFO - [2021-02-23 23:39:03,614] {dag.py:2273} INFO - Setting next_dagrun for example_external_task_marker_child to None
[2021-02-23 23:39:03,615] {logging_mixin.py:104} INFO - [2021-02-23 23:39:03,615] {dag.py:2273} INFO - Setting next_dagrun for example_external_task_marker_parent to None
[2021-02-23 23:39:03,651] {scheduler_job.py:190} INFO - Processing /home/airflow/.local/lib/python3.6/site-packages/airflow/example_dags/example_external_task_marker_dag.py took 0.084 seconds
[2021-02-23 23:39:33,762] {scheduler_job.py:182} INFO - Started process (PID=747) to work on /home/airflow/.local/lib/python3.6/site-packages/airflow/example_dags/example_external_task_marker_dag.py
[2021-02-23 23:39:33,762] {scheduler_job.py:629} INFO - Processing file /home/airflow/.local/lib/python3.6/site-packages/airflow/example_dags/example_external_task_marker_dag.py for tasks to queue
[2021-02-23 23:39:33,763] {logging_mixin.py:104} INFO - [2021-02-23 23:39:33,763] {dagbag.py:448} INFO - Filling up the DagBag from /home/airflow/.local/lib/python3.6/site-packages/airflow/example_dags/example_external_task_marker_dag.py
[2021-02-23 23:39:33,774] {scheduler_job.py:639} INFO - DAG(s) dict_keys(['example_external_task_marker_parent', 'example_external_task_marker_child']) retrieved from /home/airflow/.local/lib/python3.6/site-packages/airflow/example_dags/example_external_task_marker_dag.py
[2021-02-23 23:39:33,794] {logging_mixin.py:104} INFO - [2021-02-23 23:39:33,794] {dag.py:1818} INFO - Sync 2 DAGs
[2021-02-23 23:39:33,808] {logging_mixin.py:104} INFO - [2021-02-23 23:39:33,808] {dag.py:2273} INFO - Setting next_dagrun for example_external_task_marker_child to None
[2021-02-23 23:39:33,809] {logging_mixin.py:104} INFO - [2021-02-23 23:39:33,809] {dag.py:2273} INFO - Setting next_dagrun for example_external_task_marker_parent to None
[2021-02-23 23:39:33,843] {scheduler_job.py:190} INFO - Processing /home/airflow/.local/lib/python3.6/site-packages/airflow/example_dags/example_external_task_marker_dag.py took 0.084 seconds
[2021-02-23 23:40:04,196] {scheduler_job.py:182} INFO - Started process (PID=774) to work on /home/airflow/.local/lib/python3.6/site-packages/airflow/example_dags/example_external_task_marker_dag.py
[2021-02-23 23:40:04,197] {scheduler_job.py:629} INFO - Processing file /home/airflow/.local/lib/python3.6/site-packages/airflow/example_dags/example_external_task_marker_dag.py for tasks to queue
[2021-02-23 23:40:04,197] {logging_mixin.py:104} INFO - [2021-02-23 23:40:04,197] {dagbag.py:448} INFO - Filling up the DagBag from /home/airflow/.local/lib/python3.6/site-packages/airflow/example_dags/example_external_task_marker_dag.py
[2021-02-23 23:40:04,209] {scheduler_job.py:639} INFO - DAG(s) dict_keys(['example_external_task_marker_parent', 'example_external_task_marker_child']) retrieved from /home/airflow/.local/lib/python3.6/site-packages/airflow/example_dags/example_external_task_marker_dag.py
[2021-02-23 23:40:04,229] {logging_mixin.py:104} INFO - [2021-02-23 23:40:04,229] {dag.py:1818} INFO - Sync 2 DAGs
[2021-02-23 23:40:04,242] {logging_mixin.py:104} INFO - [2021-02-23 23:40:04,242] {dag.py:2273} INFO - Setting next_dagrun for example_external_task_marker_child to None
[2021-02-23 23:40:04,243] {logging_mixin.py:104} INFO - [2021-02-23 23:40:04,243] {dag.py:2273} INFO - Setting next_dagrun for example_external_task_marker_parent to None
[2021-02-23 23:40:04,415] {scheduler_job.py:190} INFO - Processing /home/airflow/.local/lib/python3.6/site-packages/airflow/example_dags/example_external_task_marker_dag.py took 0.222 seconds
[2021-02-23 23:40:35,159] {scheduler_job.py:182} INFO - Started process (PID=802) to work on /home/airflow/.local/lib/python3.6/site-packages/airflow/example_dags/example_external_task_marker_dag.py
[2021-02-23 23:40:35,160] {scheduler_job.py:629} INFO - Processing file /home/airflow/.local/lib/python3.6/site-packages/airflow/example_dags/example_external_task_marker_dag.py for tasks to queue
[2021-02-23 23:40:35,160] {logging_mixin.py:104} INFO - [2021-02-23 23:40:35,160] {dagbag.py:448} INFO - Filling up the DagBag from /home/airflow/.local/lib/python3.6/site-packages/airflow/example_dags/example_external_task_marker_dag.py
[2021-02-23 23:40:35,170] {scheduler_job.py:639} INFO - DAG(s) dict_keys(['example_external_task_marker_parent', 'example_external_task_marker_child']) retrieved from /home/airflow/.local/lib/python3.6/site-packages/airflow/example_dags/example_external_task_marker_dag.py
[2021-02-23 23:40:35,187] {logging_mixin.py:104} INFO - [2021-02-23 23:40:35,187] {dag.py:1818} INFO - Sync 2 DAGs
[2021-02-23 23:40:35,197] {logging_mixin.py:104} INFO - [2021-02-23 23:40:35,197] {dag.py:2273} INFO - Setting next_dagrun for example_external_task_marker_child to None
[2021-02-23 23:40:35,198] {logging_mixin.py:104} INFO - [2021-02-23 23:40:35,198] {dag.py:2273} INFO - Setting next_dagrun for example_external_task_marker_parent to None
[2021-02-23 23:40:35,229] {scheduler_job.py:190} INFO - Processing /home/airflow/.local/lib/python3.6/site-packages/airflow/example_dags/example_external_task_marker_dag.py took 0.073 seconds
[2021-02-23 23:41:05,748] {scheduler_job.py:182} INFO - Started process (PID=829) to work on /home/airflow/.local/lib/python3.6/site-packages/airflow/example_dags/example_external_task_marker_dag.py
[2021-02-23 23:41:05,749] {scheduler_job.py:629} INFO - Processing file /home/airflow/.local/lib/python3.6/site-packages/airflow/example_dags/example_external_task_marker_dag.py for tasks to queue
[2021-02-23 23:41:05,750] {logging_mixin.py:104} INFO - [2021-02-23 23:41:05,750] {dagbag.py:448} INFO - Filling up the DagBag from /home/airflow/.local/lib/python3.6/site-packages/airflow/example_dags/example_external_task_marker_dag.py
[2021-02-23 23:41:05,761] {scheduler_job.py:639} INFO - DAG(s) dict_keys(['example_external_task_marker_parent', 'example_external_task_marker_child']) retrieved from /home/airflow/.local/lib/python3.6/site-packages/airflow/example_dags/example_external_task_marker_dag.py
[2021-02-23 23:41:05,779] {logging_mixin.py:104} INFO - [2021-02-23 23:41:05,779] {dag.py:1818} INFO - Sync 2 DAGs
[2021-02-23 23:41:05,790] {logging_mixin.py:104} INFO - [2021-02-23 23:41:05,790] {dag.py:2273} INFO - Setting next_dagrun for example_external_task_marker_child to None
[2021-02-23 23:41:05,791] {logging_mixin.py:104} INFO - [2021-02-23 23:41:05,791] {dag.py:2273} INFO - Setting next_dagrun for example_external_task_marker_parent to None
[2021-02-23 23:41:05,840] {scheduler_job.py:190} INFO - Processing /home/airflow/.local/lib/python3.6/site-packages/airflow/example_dags/example_external_task_marker_dag.py took 0.094 seconds
[2021-02-23 23:41:36,765] {scheduler_job.py:182} INFO - Started process (PID=856) to work on /home/airflow/.local/lib/python3.6/site-packages/airflow/example_dags/example_external_task_marker_dag.py
[2021-02-23 23:41:36,766] {scheduler_job.py:629} INFO - Processing file /home/airflow/.local/lib/python3.6/site-packages/airflow/example_dags/example_external_task_marker_dag.py for tasks to queue
[2021-02-23 23:41:36,766] {logging_mixin.py:104} INFO - [2021-02-23 23:41:36,766] {dagbag.py:448} INFO - Filling up the DagBag from /home/airflow/.local/lib/python3.6/site-packages/airflow/example_dags/example_external_task_marker_dag.py
[2021-02-23 23:41:36,777] {scheduler_job.py:639} INFO - DAG(s) dict_keys(['example_external_task_marker_parent', 'example_external_task_marker_child']) retrieved from /home/airflow/.local/lib/python3.6/site-packages/airflow/example_dags/example_external_task_marker_dag.py
[2021-02-23 23:41:36,802] {logging_mixin.py:104} INFO - [2021-02-23 23:41:36,802] {dag.py:1818} INFO - Sync 2 DAGs
[2021-02-23 23:41:36,815] {logging_mixin.py:104} INFO - [2021-02-23 23:41:36,815] {dag.py:2273} INFO - Setting next_dagrun for example_external_task_marker_child to None
[2021-02-23 23:41:36,816] {logging_mixin.py:104} INFO - [2021-02-23 23:41:36,816] {dag.py:2273} INFO - Setting next_dagrun for example_external_task_marker_parent to None
[2021-02-23 23:41:36,865] {scheduler_job.py:190} INFO - Processing /home/airflow/.local/lib/python3.6/site-packages/airflow/example_dags/example_external_task_marker_dag.py took 0.103 seconds
[2021-02-23 23:42:07,027] {scheduler_job.py:182} INFO - Started process (PID=883) to work on /home/airflow/.local/lib/python3.6/site-packages/airflow/example_dags/example_external_task_marker_dag.py
[2021-02-23 23:42:07,027] {scheduler_job.py:629} INFO - Processing file /home/airflow/.local/lib/python3.6/site-packages/airflow/example_dags/example_external_task_marker_dag.py for tasks to queue
[2021-02-23 23:42:07,028] {logging_mixin.py:104} INFO - [2021-02-23 23:42:07,028] {dagbag.py:448} INFO - Filling up the DagBag from /home/airflow/.local/lib/python3.6/site-packages/airflow/example_dags/example_external_task_marker_dag.py
[2021-02-23 23:42:07,038] {scheduler_job.py:639} INFO - DAG(s) dict_keys(['example_external_task_marker_parent', 'example_external_task_marker_child']) retrieved from /home/airflow/.local/lib/python3.6/site-packages/airflow/example_dags/example_external_task_marker_dag.py
[2021-02-23 23:42:07,058] {logging_mixin.py:104} INFO - [2021-02-23 23:42:07,058] {dag.py:1818} INFO - Sync 2 DAGs
[2021-02-23 23:42:07,072] {logging_mixin.py:104} INFO - [2021-02-23 23:42:07,072] {dag.py:2273} INFO - Setting next_dagrun for example_external_task_marker_child to None
[2021-02-23 23:42:07,073] {logging_mixin.py:104} INFO - [2021-02-23 23:42:07,073] {dag.py:2273} INFO - Setting next_dagrun for example_external_task_marker_parent to None
[2021-02-23 23:42:07,128] {scheduler_job.py:190} INFO - Processing /home/airflow/.local/lib/python3.6/site-packages/airflow/example_dags/example_external_task_marker_dag.py took 0.103 seconds
[2021-02-23 23:42:37,544] {scheduler_job.py:182} INFO - Started process (PID=910) to work on /home/airflow/.local/lib/python3.6/site-packages/airflow/example_dags/example_external_task_marker_dag.py
[2021-02-23 23:42:37,545] {scheduler_job.py:629} INFO - Processing file /home/airflow/.local/lib/python3.6/site-packages/airflow/example_dags/example_external_task_marker_dag.py for tasks to queue
[2021-02-23 23:42:37,546] {logging_mixin.py:104} INFO - [2021-02-23 23:42:37,546] {dagbag.py:448} INFO - Filling up the DagBag from /home/airflow/.local/lib/python3.6/site-packages/airflow/example_dags/example_external_task_marker_dag.py
[2021-02-23 23:42:37,560] {scheduler_job.py:639} INFO - DAG(s) dict_keys(['example_external_task_marker_parent', 'example_external_task_marker_child']) retrieved from /home/airflow/.local/lib/python3.6/site-packages/airflow/example_dags/example_external_task_marker_dag.py
[2021-02-23 23:42:37,582] {logging_mixin.py:104} INFO - [2021-02-23 23:42:37,581] {dag.py:1818} INFO - Sync 2 DAGs
[2021-02-23 23:42:37,596] {logging_mixin.py:104} INFO - [2021-02-23 23:42:37,596] {dag.py:2273} INFO - Setting next_dagrun for example_external_task_marker_child to None
[2021-02-23 23:42:37,597] {logging_mixin.py:104} INFO - [2021-02-23 23:42:37,597] {dag.py:2273} INFO - Setting next_dagrun for example_external_task_marker_parent to None
[2021-02-23 23:42:37,638] {scheduler_job.py:190} INFO - Processing /home/airflow/.local/lib/python3.6/site-packages/airflow/example_dags/example_external_task_marker_dag.py took 0.097 seconds
[2021-02-23 23:43:08,366] {scheduler_job.py:182} INFO - Started process (PID=937) to work on /home/airflow/.local/lib/python3.6/site-packages/airflow/example_dags/example_external_task_marker_dag.py
[2021-02-23 23:43:08,366] {scheduler_job.py:629} INFO - Processing file /home/airflow/.local/lib/python3.6/site-packages/airflow/example_dags/example_external_task_marker_dag.py for tasks to queue
[2021-02-23 23:43:08,367] {logging_mixin.py:104} INFO - [2021-02-23 23:43:08,367] {dagbag.py:448} INFO - Filling up the DagBag from /home/airflow/.local/lib/python3.6/site-packages/airflow/example_dags/example_external_task_marker_dag.py
[2021-02-23 23:43:08,376] {scheduler_job.py:639} INFO - DAG(s) dict_keys(['example_external_task_marker_parent', 'example_external_task_marker_child']) retrieved from /home/airflow/.local/lib/python3.6/site-packages/airflow/example_dags/example_external_task_marker_dag.py
[2021-02-23 23:43:08,396] {logging_mixin.py:104} INFO - [2021-02-23 23:43:08,396] {dag.py:1818} INFO - Sync 2 DAGs
[2021-02-23 23:43:08,411] {logging_mixin.py:104} INFO - [2021-02-23 23:43:08,411] {dag.py:2273} INFO - Setting next_dagrun for example_external_task_marker_child to None
[2021-02-23 23:43:08,411] {logging_mixin.py:104} INFO - [2021-02-23 23:43:08,411] {dag.py:2273} INFO - Setting next_dagrun for example_external_task_marker_parent to None
[2021-02-23 23:43:08,447] {scheduler_job.py:190} INFO - Processing /home/airflow/.local/lib/python3.6/site-packages/airflow/example_dags/example_external_task_marker_dag.py took 0.084 seconds
[2021-02-23 23:43:39,335] {scheduler_job.py:182} INFO - Started process (PID=964) to work on /home/airflow/.local/lib/python3.6/site-packages/airflow/example_dags/example_external_task_marker_dag.py
[2021-02-23 23:43:39,339] {scheduler_job.py:629} INFO - Processing file /home/airflow/.local/lib/python3.6/site-packages/airflow/example_dags/example_external_task_marker_dag.py for tasks to queue
[2021-02-23 23:43:39,341] {logging_mixin.py:104} INFO - [2021-02-23 23:43:39,341] {dagbag.py:448} INFO - Filling up the DagBag from /home/airflow/.local/lib/python3.6/site-packages/airflow/example_dags/example_external_task_marker_dag.py
[2021-02-23 23:43:39,357] {scheduler_job.py:639} INFO - DAG(s) dict_keys(['example_external_task_marker_parent', 'example_external_task_marker_child']) retrieved from /home/airflow/.local/lib/python3.6/site-packages/airflow/example_dags/example_external_task_marker_dag.py
[2021-02-23 23:43:39,377] {logging_mixin.py:104} INFO - [2021-02-23 23:43:39,377] {dag.py:1818} INFO - Sync 2 DAGs
[2021-02-23 23:43:39,390] {logging_mixin.py:104} INFO - [2021-02-23 23:43:39,390] {dag.py:2273} INFO - Setting next_dagrun for example_external_task_marker_child to None
[2021-02-23 23:43:39,391] {logging_mixin.py:104} INFO - [2021-02-23 23:43:39,391] {dag.py:2273} INFO - Setting next_dagrun for example_external_task_marker_parent to None
[2021-02-23 23:43:39,433] {scheduler_job.py:190} INFO - Processing /home/airflow/.local/lib/python3.6/site-packages/airflow/example_dags/example_external_task_marker_dag.py took 0.106 seconds
[2021-02-23 23:44:10,556] {scheduler_job.py:182} INFO - Started process (PID=991) to work on /home/airflow/.local/lib/python3.6/site-packages/airflow/example_dags/example_external_task_marker_dag.py
[2021-02-23 23:44:10,558] {scheduler_job.py:629} INFO - Processing file /home/airflow/.local/lib/python3.6/site-packages/airflow/example_dags/example_external_task_marker_dag.py for tasks to queue
[2021-02-23 23:44:10,559] {logging_mixin.py:104} INFO - [2021-02-23 23:44:10,559] {dagbag.py:448} INFO - Filling up the DagBag from /home/airflow/.local/lib/python3.6/site-packages/airflow/example_dags/example_external_task_marker_dag.py
[2021-02-23 23:44:10,576] {scheduler_job.py:639} INFO - DAG(s) dict_keys(['example_external_task_marker_parent', 'example_external_task_marker_child']) retrieved from /home/airflow/.local/lib/python3.6/site-packages/airflow/example_dags/example_external_task_marker_dag.py
[2021-02-23 23:44:10,596] {logging_mixin.py:104} INFO - [2021-02-23 23:44:10,596] {dag.py:1818} INFO - Sync 2 DAGs
[2021-02-23 23:44:10,608] {logging_mixin.py:104} INFO - [2021-02-23 23:44:10,608] {dag.py:2273} INFO - Setting next_dagrun for example_external_task_marker_child to None
[2021-02-23 23:44:10,609] {logging_mixin.py:104} INFO - [2021-02-23 23:44:10,609] {dag.py:2273} INFO - Setting next_dagrun for example_external_task_marker_parent to None
[2021-02-23 23:44:10,663] {scheduler_job.py:190} INFO - Processing /home/airflow/.local/lib/python3.6/site-packages/airflow/example_dags/example_external_task_marker_dag.py took 0.110 seconds
[2021-02-23 23:44:40,753] {scheduler_job.py:182} INFO - Started process (PID=1018) to work on /home/airflow/.local/lib/python3.6/site-packages/airflow/example_dags/example_external_task_marker_dag.py
[2021-02-23 23:44:40,755] {scheduler_job.py:629} INFO - Processing file /home/airflow/.local/lib/python3.6/site-packages/airflow/example_dags/example_external_task_marker_dag.py for tasks to queue
[2021-02-23 23:44:40,755] {logging_mixin.py:104} INFO - [2021-02-23 23:44:40,755] {dagbag.py:448} INFO - Filling up the DagBag from /home/airflow/.local/lib/python3.6/site-packages/airflow/example_dags/example_external_task_marker_dag.py
[2021-02-23 23:44:40,770] {scheduler_job.py:639} INFO - DAG(s) dict_keys(['example_external_task_marker_parent', 'example_external_task_marker_child']) retrieved from /home/airflow/.local/lib/python3.6/site-packages/airflow/example_dags/example_external_task_marker_dag.py
[2021-02-23 23:44:40,800] {logging_mixin.py:104} INFO - [2021-02-23 23:44:40,800] {dag.py:1818} INFO - Sync 2 DAGs
[2021-02-23 23:44:40,813] {logging_mixin.py:104} INFO - [2021-02-23 23:44:40,813] {dag.py:2273} INFO - Setting next_dagrun for example_external_task_marker_child to None
[2021-02-23 23:44:40,814] {logging_mixin.py:104} INFO - [2021-02-23 23:44:40,814] {dag.py:2273} INFO - Setting next_dagrun for example_external_task_marker_parent to None
[2021-02-23 23:44:40,918] {scheduler_job.py:190} INFO - Processing /home/airflow/.local/lib/python3.6/site-packages/airflow/example_dags/example_external_task_marker_dag.py took 0.169 seconds
[2021-02-23 23:45:11,588] {scheduler_job.py:182} INFO - Started process (PID=1046) to work on /home/airflow/.local/lib/python3.6/site-packages/airflow/example_dags/example_external_task_marker_dag.py
[2021-02-23 23:45:11,590] {scheduler_job.py:629} INFO - Processing file /home/airflow/.local/lib/python3.6/site-packages/airflow/example_dags/example_external_task_marker_dag.py for tasks to queue
[2021-02-23 23:45:11,590] {logging_mixin.py:104} INFO - [2021-02-23 23:45:11,590] {dagbag.py:448} INFO - Filling up the DagBag from /home/airflow/.local/lib/python3.6/site-packages/airflow/example_dags/example_external_task_marker_dag.py
[2021-02-23 23:45:11,602] {scheduler_job.py:639} INFO - DAG(s) dict_keys(['example_external_task_marker_parent', 'example_external_task_marker_child']) retrieved from /home/airflow/.local/lib/python3.6/site-packages/airflow/example_dags/example_external_task_marker_dag.py
[2021-02-23 23:45:11,622] {logging_mixin.py:104} INFO - [2021-02-23 23:45:11,622] {dag.py:1818} INFO - Sync 2 DAGs
[2021-02-23 23:45:11,634] {logging_mixin.py:104} INFO - [2021-02-23 23:45:11,634] {dag.py:2273} INFO - Setting next_dagrun for example_external_task_marker_child to None
[2021-02-23 23:45:11,635] {logging_mixin.py:104} INFO - [2021-02-23 23:45:11,635] {dag.py:2273} INFO - Setting next_dagrun for example_external_task_marker_parent to None
[2021-02-23 23:45:11,687] {scheduler_job.py:190} INFO - Processing /home/airflow/.local/lib/python3.6/site-packages/airflow/example_dags/example_external_task_marker_dag.py took 0.102 seconds
[2021-02-23 23:45:42,249] {scheduler_job.py:182} INFO - Started process (PID=1073) to work on /home/airflow/.local/lib/python3.6/site-packages/airflow/example_dags/example_external_task_marker_dag.py
[2021-02-23 23:45:42,250] {scheduler_job.py:629} INFO - Processing file /home/airflow/.local/lib/python3.6/site-packages/airflow/example_dags/example_external_task_marker_dag.py for tasks to queue
[2021-02-23 23:45:42,251] {logging_mixin.py:104} INFO - [2021-02-23 23:45:42,251] {dagbag.py:448} INFO - Filling up the DagBag from /home/airflow/.local/lib/python3.6/site-packages/airflow/example_dags/example_external_task_marker_dag.py
[2021-02-23 23:45:42,262] {scheduler_job.py:639} INFO - DAG(s) dict_keys(['example_external_task_marker_parent', 'example_external_task_marker_child']) retrieved from /home/airflow/.local/lib/python3.6/site-packages/airflow/example_dags/example_external_task_marker_dag.py
[2021-02-23 23:45:42,281] {logging_mixin.py:104} INFO - [2021-02-23 23:45:42,281] {dag.py:1818} INFO - Sync 2 DAGs
[2021-02-23 23:45:42,293] {logging_mixin.py:104} INFO - [2021-02-23 23:45:42,293] {dag.py:2273} INFO - Setting next_dagrun for example_external_task_marker_child to None
[2021-02-23 23:45:42,294] {logging_mixin.py:104} INFO - [2021-02-23 23:45:42,294] {dag.py:2273} INFO - Setting next_dagrun for example_external_task_marker_parent to None
[2021-02-23 23:45:42,332] {scheduler_job.py:190} INFO - Processing /home/airflow/.local/lib/python3.6/site-packages/airflow/example_dags/example_external_task_marker_dag.py took 0.086 seconds
[2021-02-23 23:46:13,183] {scheduler_job.py:182} INFO - Started process (PID=1100) to work on /home/airflow/.local/lib/python3.6/site-packages/airflow/example_dags/example_external_task_marker_dag.py
[2021-02-23 23:46:13,184] {scheduler_job.py:629} INFO - Processing file /home/airflow/.local/lib/python3.6/site-packages/airflow/example_dags/example_external_task_marker_dag.py for tasks to queue
[2021-02-23 23:46:13,185] {logging_mixin.py:104} INFO - [2021-02-23 23:46:13,184] {dagbag.py:448} INFO - Filling up the DagBag from /home/airflow/.local/lib/python3.6/site-packages/airflow/example_dags/example_external_task_marker_dag.py
[2021-02-23 23:46:13,204] {scheduler_job.py:639} INFO - DAG(s) dict_keys(['example_external_task_marker_parent', 'example_external_task_marker_child']) retrieved from /home/airflow/.local/lib/python3.6/site-packages/airflow/example_dags/example_external_task_marker_dag.py
[2021-02-23 23:46:13,229] {logging_mixin.py:104} INFO - [2021-02-23 23:46:13,229] {dag.py:1818} INFO - Sync 2 DAGs
[2021-02-23 23:46:13,241] {logging_mixin.py:104} INFO - [2021-02-23 23:46:13,241] {dag.py:2273} INFO - Setting next_dagrun for example_external_task_marker_child to None
[2021-02-23 23:46:13,242] {logging_mixin.py:104} INFO - [2021-02-23 23:46:13,242] {dag.py:2273} INFO - Setting next_dagrun for example_external_task_marker_parent to None
[2021-02-23 23:46:13,277] {scheduler_job.py:190} INFO - Processing /home/airflow/.local/lib/python3.6/site-packages/airflow/example_dags/example_external_task_marker_dag.py took 0.097 seconds
[2021-02-23 23:46:44,131] {scheduler_job.py:182} INFO - Started process (PID=1127) to work on /home/airflow/.local/lib/python3.6/site-packages/airflow/example_dags/example_external_task_marker_dag.py
[2021-02-23 23:46:44,132] {scheduler_job.py:629} INFO - Processing file /home/airflow/.local/lib/python3.6/site-packages/airflow/example_dags/example_external_task_marker_dag.py for tasks to queue
[2021-02-23 23:46:44,133] {logging_mixin.py:104} INFO - [2021-02-23 23:46:44,133] {dagbag.py:448} INFO - Filling up the DagBag from /home/airflow/.local/lib/python3.6/site-packages/airflow/example_dags/example_external_task_marker_dag.py
[2021-02-23 23:46:44,145] {scheduler_job.py:639} INFO - DAG(s) dict_keys(['example_external_task_marker_parent', 'example_external_task_marker_child']) retrieved from /home/airflow/.local/lib/python3.6/site-packages/airflow/example_dags/example_external_task_marker_dag.py
[2021-02-23 23:46:44,166] {logging_mixin.py:104} INFO - [2021-02-23 23:46:44,166] {dag.py:1818} INFO - Sync 2 DAGs
[2021-02-23 23:46:44,179] {logging_mixin.py:104} INFO - [2021-02-23 23:46:44,179] {dag.py:2273} INFO - Setting next_dagrun for example_external_task_marker_child to None
[2021-02-23 23:46:44,180] {logging_mixin.py:104} INFO - [2021-02-23 23:46:44,180] {dag.py:2273} INFO - Setting next_dagrun for example_external_task_marker_parent to None
[2021-02-23 23:46:44,237] {scheduler_job.py:190} INFO - Processing /home/airflow/.local/lib/python3.6/site-packages/airflow/example_dags/example_external_task_marker_dag.py took 0.109 seconds
[2021-02-23 23:47:15,257] {scheduler_job.py:182} INFO - Started process (PID=1154) to work on /home/airflow/.local/lib/python3.6/site-packages/airflow/example_dags/example_external_task_marker_dag.py
[2021-02-23 23:47:15,260] {scheduler_job.py:629} INFO - Processing file /home/airflow/.local/lib/python3.6/site-packages/airflow/example_dags/example_external_task_marker_dag.py for tasks to queue
[2021-02-23 23:47:15,261] {logging_mixin.py:104} INFO - [2021-02-23 23:47:15,261] {dagbag.py:448} INFO - Filling up the DagBag from /home/airflow/.local/lib/python3.6/site-packages/airflow/example_dags/example_external_task_marker_dag.py
[2021-02-23 23:47:15,277] {scheduler_job.py:639} INFO - DAG(s) dict_keys(['example_external_task_marker_parent', 'example_external_task_marker_child']) retrieved from /home/airflow/.local/lib/python3.6/site-packages/airflow/example_dags/example_external_task_marker_dag.py
[2021-02-23 23:47:15,299] {logging_mixin.py:104} INFO - [2021-02-23 23:47:15,299] {dag.py:1818} INFO - Sync 2 DAGs
[2021-02-23 23:47:15,315] {logging_mixin.py:104} INFO - [2021-02-23 23:47:15,315] {dag.py:2273} INFO - Setting next_dagrun for example_external_task_marker_child to None
[2021-02-23 23:47:15,316] {logging_mixin.py:104} INFO - [2021-02-23 23:47:15,316] {dag.py:2273} INFO - Setting next_dagrun for example_external_task_marker_parent to None
[2021-02-23 23:47:15,359] {scheduler_job.py:190} INFO - Processing /home/airflow/.local/lib/python3.6/site-packages/airflow/example_dags/example_external_task_marker_dag.py took 0.111 seconds
[2021-02-23 23:47:46,144] {scheduler_job.py:182} INFO - Started process (PID=1181) to work on /home/airflow/.local/lib/python3.6/site-packages/airflow/example_dags/example_external_task_marker_dag.py
[2021-02-23 23:47:46,145] {scheduler_job.py:629} INFO - Processing file /home/airflow/.local/lib/python3.6/site-packages/airflow/example_dags/example_external_task_marker_dag.py for tasks to queue
[2021-02-23 23:47:46,146] {logging_mixin.py:104} INFO - [2021-02-23 23:47:46,145] {dagbag.py:448} INFO - Filling up the DagBag from /home/airflow/.local/lib/python3.6/site-packages/airflow/example_dags/example_external_task_marker_dag.py
[2021-02-23 23:47:46,158] {scheduler_job.py:639} INFO - DAG(s) dict_keys(['example_external_task_marker_parent', 'example_external_task_marker_child']) retrieved from /home/airflow/.local/lib/python3.6/site-packages/airflow/example_dags/example_external_task_marker_dag.py
[2021-02-23 23:47:46,181] {logging_mixin.py:104} INFO - [2021-02-23 23:47:46,181] {dag.py:1818} INFO - Sync 2 DAGs
[2021-02-23 23:47:46,197] {logging_mixin.py:104} INFO - [2021-02-23 23:47:46,196] {dag.py:2273} INFO - Setting next_dagrun for example_external_task_marker_child to None
[2021-02-23 23:47:46,197] {logging_mixin.py:104} INFO - [2021-02-23 23:47:46,197] {dag.py:2273} INFO - Setting next_dagrun for example_external_task_marker_parent to None
[2021-02-23 23:47:46,296] {scheduler_job.py:190} INFO - Processing /home/airflow/.local/lib/python3.6/site-packages/airflow/example_dags/example_external_task_marker_dag.py took 0.155 seconds
[2021-02-23 23:48:16,437] {scheduler_job.py:182} INFO - Started process (PID=1208) to work on /home/airflow/.local/lib/python3.6/site-packages/airflow/example_dags/example_external_task_marker_dag.py
[2021-02-23 23:48:16,438] {scheduler_job.py:629} INFO - Processing file /home/airflow/.local/lib/python3.6/site-packages/airflow/example_dags/example_external_task_marker_dag.py for tasks to queue
[2021-02-23 23:48:16,440] {logging_mixin.py:104} INFO - [2021-02-23 23:48:16,439] {dagbag.py:448} INFO - Filling up the DagBag from /home/airflow/.local/lib/python3.6/site-packages/airflow/example_dags/example_external_task_marker_dag.py
[2021-02-23 23:48:16,455] {scheduler_job.py:639} INFO - DAG(s) dict_keys(['example_external_task_marker_parent', 'example_external_task_marker_child']) retrieved from /home/airflow/.local/lib/python3.6/site-packages/airflow/example_dags/example_external_task_marker_dag.py
[2021-02-23 23:48:16,477] {logging_mixin.py:104} INFO - [2021-02-23 23:48:16,477] {dag.py:1818} INFO - Sync 2 DAGs
[2021-02-23 23:48:16,491] {logging_mixin.py:104} INFO - [2021-02-23 23:48:16,491] {dag.py:2273} INFO - Setting next_dagrun for example_external_task_marker_child to None
[2021-02-23 23:48:16,492] {logging_mixin.py:104} INFO - [2021-02-23 23:48:16,492] {dag.py:2273} INFO - Setting next_dagrun for example_external_task_marker_parent to None
[2021-02-23 23:48:16,613] {scheduler_job.py:190} INFO - Processing /home/airflow/.local/lib/python3.6/site-packages/airflow/example_dags/example_external_task_marker_dag.py took 0.181 seconds
[2021-02-23 23:48:47,210] {scheduler_job.py:182} INFO - Started process (PID=1235) to work on /home/airflow/.local/lib/python3.6/site-packages/airflow/example_dags/example_external_task_marker_dag.py
[2021-02-23 23:48:47,211] {scheduler_job.py:629} INFO - Processing file /home/airflow/.local/lib/python3.6/site-packages/airflow/example_dags/example_external_task_marker_dag.py for tasks to queue
[2021-02-23 23:48:47,211] {logging_mixin.py:104} INFO - [2021-02-23 23:48:47,211] {dagbag.py:448} INFO - Filling up the DagBag from /home/airflow/.local/lib/python3.6/site-packages/airflow/example_dags/example_external_task_marker_dag.py
[2021-02-23 23:48:47,224] {scheduler_job.py:639} INFO - DAG(s) dict_keys(['example_external_task_marker_parent', 'example_external_task_marker_child']) retrieved from /home/airflow/.local/lib/python3.6/site-packages/airflow/example_dags/example_external_task_marker_dag.py
[2021-02-23 23:48:47,271] {logging_mixin.py:104} INFO - [2021-02-23 23:48:47,271] {dag.py:1818} INFO - Sync 2 DAGs
[2021-02-23 23:48:47,287] {logging_mixin.py:104} INFO - [2021-02-23 23:48:47,287] {dag.py:2273} INFO - Setting next_dagrun for example_external_task_marker_child to None
[2021-02-23 23:48:47,288] {logging_mixin.py:104} INFO - [2021-02-23 23:48:47,288] {dag.py:2273} INFO - Setting next_dagrun for example_external_task_marker_parent to None
[2021-02-23 23:48:47,338] {scheduler_job.py:190} INFO - Processing /home/airflow/.local/lib/python3.6/site-packages/airflow/example_dags/example_external_task_marker_dag.py took 0.132 seconds
[2021-02-23 23:49:18,093] {scheduler_job.py:182} INFO - Started process (PID=1262) to work on /home/airflow/.local/lib/python3.6/site-packages/airflow/example_dags/example_external_task_marker_dag.py
[2021-02-23 23:49:18,093] {scheduler_job.py:629} INFO - Processing file /home/airflow/.local/lib/python3.6/site-packages/airflow/example_dags/example_external_task_marker_dag.py for tasks to queue
[2021-02-23 23:49:18,094] {logging_mixin.py:104} INFO - [2021-02-23 23:49:18,094] {dagbag.py:448} INFO - Filling up the DagBag from /home/airflow/.local/lib/python3.6/site-packages/airflow/example_dags/example_external_task_marker_dag.py
[2021-02-23 23:49:18,102] {scheduler_job.py:639} INFO - DAG(s) dict_keys(['example_external_task_marker_parent', 'example_external_task_marker_child']) retrieved from /home/airflow/.local/lib/python3.6/site-packages/airflow/example_dags/example_external_task_marker_dag.py
[2021-02-23 23:49:18,117] {logging_mixin.py:104} INFO - [2021-02-23 23:49:18,117] {dag.py:1818} INFO - Sync 2 DAGs
[2021-02-23 23:49:18,127] {logging_mixin.py:104} INFO - [2021-02-23 23:49:18,127] {dag.py:2273} INFO - Setting next_dagrun for example_external_task_marker_child to None
[2021-02-23 23:49:18,128] {logging_mixin.py:104} INFO - [2021-02-23 23:49:18,128] {dag.py:2273} INFO - Setting next_dagrun for example_external_task_marker_parent to None
[2021-02-23 23:49:18,250] {scheduler_job.py:190} INFO - Processing /home/airflow/.local/lib/python3.6/site-packages/airflow/example_dags/example_external_task_marker_dag.py took 0.160 seconds
