[2021-02-23 23:15:28,305] {scheduler_job.py:182} INFO - Started process (PID=46) to work on /home/airflow/.local/lib/python3.6/site-packages/airflow/example_dags/example_dag_decorator.py
[2021-02-23 23:15:28,306] {scheduler_job.py:629} INFO - Processing file /home/airflow/.local/lib/python3.6/site-packages/airflow/example_dags/example_dag_decorator.py for tasks to queue
[2021-02-23 23:15:28,306] {logging_mixin.py:104} INFO - [2021-02-23 23:15:28,306] {dagbag.py:448} INFO - Filling up the DagBag from /home/airflow/.local/lib/python3.6/site-packages/airflow/example_dags/example_dag_decorator.py
[2021-02-23 23:15:28,324] {scheduler_job.py:639} INFO - DAG(s) dict_keys(['example_dag_decorator']) retrieved from /home/airflow/.local/lib/python3.6/site-packages/airflow/example_dags/example_dag_decorator.py
[2021-02-23 23:15:28,345] {logging_mixin.py:104} INFO - [2021-02-23 23:15:28,345] {dag.py:1818} INFO - Sync 1 DAGs
[2021-02-23 23:15:28,355] {logging_mixin.py:104} INFO - [2021-02-23 23:15:28,355] {dag.py:1837} INFO - Creating ORM DAG for example_dag_decorator
[2021-02-23 23:15:28,361] {logging_mixin.py:104} INFO - [2021-02-23 23:15:28,361] {dag.py:2273} INFO - Setting next_dagrun for example_dag_decorator to None
[2021-02-23 23:15:28,530] {scheduler_job.py:190} INFO - Processing /home/airflow/.local/lib/python3.6/site-packages/airflow/example_dags/example_dag_decorator.py took 0.227 seconds
[2021-02-23 23:15:58,910] {scheduler_job.py:182} INFO - Started process (PID=72) to work on /home/airflow/.local/lib/python3.6/site-packages/airflow/example_dags/example_dag_decorator.py
[2021-02-23 23:15:58,913] {scheduler_job.py:629} INFO - Processing file /home/airflow/.local/lib/python3.6/site-packages/airflow/example_dags/example_dag_decorator.py for tasks to queue
[2021-02-23 23:15:58,914] {logging_mixin.py:104} INFO - [2021-02-23 23:15:58,914] {dagbag.py:448} INFO - Filling up the DagBag from /home/airflow/.local/lib/python3.6/site-packages/airflow/example_dags/example_dag_decorator.py
[2021-02-23 23:15:58,941] {scheduler_job.py:639} INFO - DAG(s) dict_keys(['example_dag_decorator']) retrieved from /home/airflow/.local/lib/python3.6/site-packages/airflow/example_dags/example_dag_decorator.py
[2021-02-23 23:15:58,963] {logging_mixin.py:104} INFO - [2021-02-23 23:15:58,962] {dag.py:1818} INFO - Sync 1 DAGs
[2021-02-23 23:15:58,975] {logging_mixin.py:104} INFO - [2021-02-23 23:15:58,975] {dag.py:2273} INFO - Setting next_dagrun for example_dag_decorator to None
[2021-02-23 23:15:59,163] {scheduler_job.py:190} INFO - Processing /home/airflow/.local/lib/python3.6/site-packages/airflow/example_dags/example_dag_decorator.py took 0.261 seconds
[2021-02-23 23:16:30,334] {scheduler_job.py:182} INFO - Started process (PID=101) to work on /home/airflow/.local/lib/python3.6/site-packages/airflow/example_dags/example_dag_decorator.py
[2021-02-23 23:16:30,337] {scheduler_job.py:629} INFO - Processing file /home/airflow/.local/lib/python3.6/site-packages/airflow/example_dags/example_dag_decorator.py for tasks to queue
[2021-02-23 23:16:30,338] {logging_mixin.py:104} INFO - [2021-02-23 23:16:30,337] {dagbag.py:448} INFO - Filling up the DagBag from /home/airflow/.local/lib/python3.6/site-packages/airflow/example_dags/example_dag_decorator.py
[2021-02-23 23:16:30,359] {scheduler_job.py:639} INFO - DAG(s) dict_keys(['example_dag_decorator']) retrieved from /home/airflow/.local/lib/python3.6/site-packages/airflow/example_dags/example_dag_decorator.py
[2021-02-23 23:16:30,377] {logging_mixin.py:104} INFO - [2021-02-23 23:16:30,377] {dag.py:1818} INFO - Sync 1 DAGs
[2021-02-23 23:16:30,389] {logging_mixin.py:104} INFO - [2021-02-23 23:16:30,389] {dag.py:2273} INFO - Setting next_dagrun for example_dag_decorator to None
[2021-02-23 23:16:30,446] {scheduler_job.py:190} INFO - Processing /home/airflow/.local/lib/python3.6/site-packages/airflow/example_dags/example_dag_decorator.py took 0.119 seconds
[2021-02-23 23:17:01,071] {scheduler_job.py:182} INFO - Started process (PID=127) to work on /home/airflow/.local/lib/python3.6/site-packages/airflow/example_dags/example_dag_decorator.py
[2021-02-23 23:17:01,073] {scheduler_job.py:629} INFO - Processing file /home/airflow/.local/lib/python3.6/site-packages/airflow/example_dags/example_dag_decorator.py for tasks to queue
[2021-02-23 23:17:01,074] {logging_mixin.py:104} INFO - [2021-02-23 23:17:01,074] {dagbag.py:448} INFO - Filling up the DagBag from /home/airflow/.local/lib/python3.6/site-packages/airflow/example_dags/example_dag_decorator.py
[2021-02-23 23:17:01,099] {scheduler_job.py:639} INFO - DAG(s) dict_keys(['example_dag_decorator']) retrieved from /home/airflow/.local/lib/python3.6/site-packages/airflow/example_dags/example_dag_decorator.py
[2021-02-23 23:17:01,129] {logging_mixin.py:104} INFO - [2021-02-23 23:17:01,129] {dag.py:1818} INFO - Sync 1 DAGs
[2021-02-23 23:17:01,147] {logging_mixin.py:104} INFO - [2021-02-23 23:17:01,147] {dag.py:2273} INFO - Setting next_dagrun for example_dag_decorator to None
[2021-02-23 23:17:01,226] {scheduler_job.py:190} INFO - Processing /home/airflow/.local/lib/python3.6/site-packages/airflow/example_dags/example_dag_decorator.py took 0.164 seconds
[2021-02-23 23:26:14,785] {scheduler_job.py:182} INFO - Started process (PID=39) to work on /home/airflow/.local/lib/python3.6/site-packages/airflow/example_dags/example_dag_decorator.py
[2021-02-23 23:26:14,787] {scheduler_job.py:629} INFO - Processing file /home/airflow/.local/lib/python3.6/site-packages/airflow/example_dags/example_dag_decorator.py for tasks to queue
[2021-02-23 23:26:14,788] {logging_mixin.py:104} INFO - [2021-02-23 23:26:14,788] {dagbag.py:448} INFO - Filling up the DagBag from /home/airflow/.local/lib/python3.6/site-packages/airflow/example_dags/example_dag_decorator.py
[2021-02-23 23:26:14,812] {scheduler_job.py:639} INFO - DAG(s) dict_keys(['example_dag_decorator']) retrieved from /home/airflow/.local/lib/python3.6/site-packages/airflow/example_dags/example_dag_decorator.py
[2021-02-23 23:26:14,850] {logging_mixin.py:104} INFO - [2021-02-23 23:26:14,850] {dag.py:1818} INFO - Sync 1 DAGs
[2021-02-23 23:26:14,875] {logging_mixin.py:104} INFO - [2021-02-23 23:26:14,875] {dag.py:2273} INFO - Setting next_dagrun for example_dag_decorator to None
[2021-02-23 23:26:14,914] {scheduler_job.py:190} INFO - Processing /home/airflow/.local/lib/python3.6/site-packages/airflow/example_dags/example_dag_decorator.py took 0.135 seconds
[2021-02-23 23:26:45,285] {scheduler_job.py:182} INFO - Started process (PID=61) to work on /home/airflow/.local/lib/python3.6/site-packages/airflow/example_dags/example_dag_decorator.py
[2021-02-23 23:26:45,286] {scheduler_job.py:629} INFO - Processing file /home/airflow/.local/lib/python3.6/site-packages/airflow/example_dags/example_dag_decorator.py for tasks to queue
[2021-02-23 23:26:45,286] {logging_mixin.py:104} INFO - [2021-02-23 23:26:45,286] {dagbag.py:448} INFO - Filling up the DagBag from /home/airflow/.local/lib/python3.6/site-packages/airflow/example_dags/example_dag_decorator.py
[2021-02-23 23:26:45,300] {scheduler_job.py:639} INFO - DAG(s) dict_keys(['example_dag_decorator']) retrieved from /home/airflow/.local/lib/python3.6/site-packages/airflow/example_dags/example_dag_decorator.py
[2021-02-23 23:26:45,316] {logging_mixin.py:104} INFO - [2021-02-23 23:26:45,316] {dag.py:1818} INFO - Sync 1 DAGs
[2021-02-23 23:26:45,327] {logging_mixin.py:104} INFO - [2021-02-23 23:26:45,326] {dag.py:2273} INFO - Setting next_dagrun for example_dag_decorator to None
[2021-02-23 23:26:45,428] {scheduler_job.py:190} INFO - Processing /home/airflow/.local/lib/python3.6/site-packages/airflow/example_dags/example_dag_decorator.py took 0.146 seconds
[2021-02-23 23:27:15,534] {scheduler_job.py:182} INFO - Started process (PID=87) to work on /home/airflow/.local/lib/python3.6/site-packages/airflow/example_dags/example_dag_decorator.py
[2021-02-23 23:27:15,534] {scheduler_job.py:629} INFO - Processing file /home/airflow/.local/lib/python3.6/site-packages/airflow/example_dags/example_dag_decorator.py for tasks to queue
[2021-02-23 23:27:15,535] {logging_mixin.py:104} INFO - [2021-02-23 23:27:15,535] {dagbag.py:448} INFO - Filling up the DagBag from /home/airflow/.local/lib/python3.6/site-packages/airflow/example_dags/example_dag_decorator.py
[2021-02-23 23:27:15,550] {scheduler_job.py:639} INFO - DAG(s) dict_keys(['example_dag_decorator']) retrieved from /home/airflow/.local/lib/python3.6/site-packages/airflow/example_dags/example_dag_decorator.py
[2021-02-23 23:27:15,568] {logging_mixin.py:104} INFO - [2021-02-23 23:27:15,567] {dag.py:1818} INFO - Sync 1 DAGs
[2021-02-23 23:27:15,579] {logging_mixin.py:104} INFO - [2021-02-23 23:27:15,579] {dag.py:2273} INFO - Setting next_dagrun for example_dag_decorator to None
[2021-02-23 23:27:15,631] {scheduler_job.py:190} INFO - Processing /home/airflow/.local/lib/python3.6/site-packages/airflow/example_dags/example_dag_decorator.py took 0.100 seconds
[2021-02-23 23:27:45,990] {scheduler_job.py:182} INFO - Started process (PID=115) to work on /home/airflow/.local/lib/python3.6/site-packages/airflow/example_dags/example_dag_decorator.py
[2021-02-23 23:27:45,991] {scheduler_job.py:629} INFO - Processing file /home/airflow/.local/lib/python3.6/site-packages/airflow/example_dags/example_dag_decorator.py for tasks to queue
[2021-02-23 23:27:45,992] {logging_mixin.py:104} INFO - [2021-02-23 23:27:45,992] {dagbag.py:448} INFO - Filling up the DagBag from /home/airflow/.local/lib/python3.6/site-packages/airflow/example_dags/example_dag_decorator.py
[2021-02-23 23:27:46,008] {scheduler_job.py:639} INFO - DAG(s) dict_keys(['example_dag_decorator']) retrieved from /home/airflow/.local/lib/python3.6/site-packages/airflow/example_dags/example_dag_decorator.py
[2021-02-23 23:27:46,025] {logging_mixin.py:104} INFO - [2021-02-23 23:27:46,025] {dag.py:1818} INFO - Sync 1 DAGs
[2021-02-23 23:27:46,038] {logging_mixin.py:104} INFO - [2021-02-23 23:27:46,038] {dag.py:2273} INFO - Setting next_dagrun for example_dag_decorator to None
[2021-02-23 23:27:46,147] {scheduler_job.py:190} INFO - Processing /home/airflow/.local/lib/python3.6/site-packages/airflow/example_dags/example_dag_decorator.py took 0.160 seconds
[2021-02-23 23:28:16,561] {scheduler_job.py:182} INFO - Started process (PID=142) to work on /home/airflow/.local/lib/python3.6/site-packages/airflow/example_dags/example_dag_decorator.py
[2021-02-23 23:28:16,562] {scheduler_job.py:629} INFO - Processing file /home/airflow/.local/lib/python3.6/site-packages/airflow/example_dags/example_dag_decorator.py for tasks to queue
[2021-02-23 23:28:16,562] {logging_mixin.py:104} INFO - [2021-02-23 23:28:16,562] {dagbag.py:448} INFO - Filling up the DagBag from /home/airflow/.local/lib/python3.6/site-packages/airflow/example_dags/example_dag_decorator.py
[2021-02-23 23:28:16,578] {scheduler_job.py:639} INFO - DAG(s) dict_keys(['example_dag_decorator']) retrieved from /home/airflow/.local/lib/python3.6/site-packages/airflow/example_dags/example_dag_decorator.py
[2021-02-23 23:28:16,609] {logging_mixin.py:104} INFO - [2021-02-23 23:28:16,609] {dag.py:1818} INFO - Sync 1 DAGs
[2021-02-23 23:28:16,626] {logging_mixin.py:104} INFO - [2021-02-23 23:28:16,626] {dag.py:2273} INFO - Setting next_dagrun for example_dag_decorator to None
[2021-02-23 23:28:16,666] {scheduler_job.py:190} INFO - Processing /home/airflow/.local/lib/python3.6/site-packages/airflow/example_dags/example_dag_decorator.py took 0.107 seconds
[2021-02-23 23:28:47,559] {scheduler_job.py:182} INFO - Started process (PID=169) to work on /home/airflow/.local/lib/python3.6/site-packages/airflow/example_dags/example_dag_decorator.py
[2021-02-23 23:28:47,561] {scheduler_job.py:629} INFO - Processing file /home/airflow/.local/lib/python3.6/site-packages/airflow/example_dags/example_dag_decorator.py for tasks to queue
[2021-02-23 23:28:47,562] {logging_mixin.py:104} INFO - [2021-02-23 23:28:47,562] {dagbag.py:448} INFO - Filling up the DagBag from /home/airflow/.local/lib/python3.6/site-packages/airflow/example_dags/example_dag_decorator.py
[2021-02-23 23:28:47,580] {scheduler_job.py:639} INFO - DAG(s) dict_keys(['example_dag_decorator']) retrieved from /home/airflow/.local/lib/python3.6/site-packages/airflow/example_dags/example_dag_decorator.py
[2021-02-23 23:28:47,602] {logging_mixin.py:104} INFO - [2021-02-23 23:28:47,602] {dag.py:1818} INFO - Sync 1 DAGs
[2021-02-23 23:28:47,616] {logging_mixin.py:104} INFO - [2021-02-23 23:28:47,616] {dag.py:2273} INFO - Setting next_dagrun for example_dag_decorator to None
[2021-02-23 23:28:47,649] {scheduler_job.py:190} INFO - Processing /home/airflow/.local/lib/python3.6/site-packages/airflow/example_dags/example_dag_decorator.py took 0.094 seconds
[2021-02-23 23:29:18,066] {scheduler_job.py:182} INFO - Started process (PID=196) to work on /home/airflow/.local/lib/python3.6/site-packages/airflow/example_dags/example_dag_decorator.py
[2021-02-23 23:29:18,068] {scheduler_job.py:629} INFO - Processing file /home/airflow/.local/lib/python3.6/site-packages/airflow/example_dags/example_dag_decorator.py for tasks to queue
[2021-02-23 23:29:18,069] {logging_mixin.py:104} INFO - [2021-02-23 23:29:18,069] {dagbag.py:448} INFO - Filling up the DagBag from /home/airflow/.local/lib/python3.6/site-packages/airflow/example_dags/example_dag_decorator.py
[2021-02-23 23:29:18,092] {scheduler_job.py:639} INFO - DAG(s) dict_keys(['example_dag_decorator']) retrieved from /home/airflow/.local/lib/python3.6/site-packages/airflow/example_dags/example_dag_decorator.py
[2021-02-23 23:29:18,110] {logging_mixin.py:104} INFO - [2021-02-23 23:29:18,110] {dag.py:1818} INFO - Sync 1 DAGs
[2021-02-23 23:29:18,121] {logging_mixin.py:104} INFO - [2021-02-23 23:29:18,121] {dag.py:2273} INFO - Setting next_dagrun for example_dag_decorator to None
[2021-02-23 23:29:18,268] {scheduler_job.py:190} INFO - Processing /home/airflow/.local/lib/python3.6/site-packages/airflow/example_dags/example_dag_decorator.py took 0.207 seconds
[2021-02-23 23:29:48,781] {scheduler_job.py:182} INFO - Started process (PID=223) to work on /home/airflow/.local/lib/python3.6/site-packages/airflow/example_dags/example_dag_decorator.py
[2021-02-23 23:29:48,782] {scheduler_job.py:629} INFO - Processing file /home/airflow/.local/lib/python3.6/site-packages/airflow/example_dags/example_dag_decorator.py for tasks to queue
[2021-02-23 23:29:48,783] {logging_mixin.py:104} INFO - [2021-02-23 23:29:48,783] {dagbag.py:448} INFO - Filling up the DagBag from /home/airflow/.local/lib/python3.6/site-packages/airflow/example_dags/example_dag_decorator.py
[2021-02-23 23:29:48,798] {scheduler_job.py:639} INFO - DAG(s) dict_keys(['example_dag_decorator']) retrieved from /home/airflow/.local/lib/python3.6/site-packages/airflow/example_dags/example_dag_decorator.py
[2021-02-23 23:29:48,818] {logging_mixin.py:104} INFO - [2021-02-23 23:29:48,818] {dag.py:1818} INFO - Sync 1 DAGs
[2021-02-23 23:29:48,830] {logging_mixin.py:104} INFO - [2021-02-23 23:29:48,830] {dag.py:2273} INFO - Setting next_dagrun for example_dag_decorator to None
[2021-02-23 23:29:48,876] {scheduler_job.py:190} INFO - Processing /home/airflow/.local/lib/python3.6/site-packages/airflow/example_dags/example_dag_decorator.py took 0.099 seconds
[2021-02-23 23:30:19,617] {scheduler_job.py:182} INFO - Started process (PID=250) to work on /home/airflow/.local/lib/python3.6/site-packages/airflow/example_dags/example_dag_decorator.py
[2021-02-23 23:30:19,618] {scheduler_job.py:629} INFO - Processing file /home/airflow/.local/lib/python3.6/site-packages/airflow/example_dags/example_dag_decorator.py for tasks to queue
[2021-02-23 23:30:19,618] {logging_mixin.py:104} INFO - [2021-02-23 23:30:19,618] {dagbag.py:448} INFO - Filling up the DagBag from /home/airflow/.local/lib/python3.6/site-packages/airflow/example_dags/example_dag_decorator.py
[2021-02-23 23:30:19,629] {scheduler_job.py:639} INFO - DAG(s) dict_keys(['example_dag_decorator']) retrieved from /home/airflow/.local/lib/python3.6/site-packages/airflow/example_dags/example_dag_decorator.py
[2021-02-23 23:30:19,645] {logging_mixin.py:104} INFO - [2021-02-23 23:30:19,645] {dag.py:1818} INFO - Sync 1 DAGs
[2021-02-23 23:30:19,656] {logging_mixin.py:104} INFO - [2021-02-23 23:30:19,656] {dag.py:2273} INFO - Setting next_dagrun for example_dag_decorator to None
[2021-02-23 23:30:19,696] {scheduler_job.py:190} INFO - Processing /home/airflow/.local/lib/python3.6/site-packages/airflow/example_dags/example_dag_decorator.py took 0.081 seconds
[2021-02-23 23:30:50,145] {scheduler_job.py:182} INFO - Started process (PID=277) to work on /home/airflow/.local/lib/python3.6/site-packages/airflow/example_dags/example_dag_decorator.py
[2021-02-23 23:30:50,146] {scheduler_job.py:629} INFO - Processing file /home/airflow/.local/lib/python3.6/site-packages/airflow/example_dags/example_dag_decorator.py for tasks to queue
[2021-02-23 23:30:50,146] {logging_mixin.py:104} INFO - [2021-02-23 23:30:50,146] {dagbag.py:448} INFO - Filling up the DagBag from /home/airflow/.local/lib/python3.6/site-packages/airflow/example_dags/example_dag_decorator.py
[2021-02-23 23:30:50,164] {scheduler_job.py:639} INFO - DAG(s) dict_keys(['example_dag_decorator']) retrieved from /home/airflow/.local/lib/python3.6/site-packages/airflow/example_dags/example_dag_decorator.py
[2021-02-23 23:30:50,195] {logging_mixin.py:104} INFO - [2021-02-23 23:30:50,195] {dag.py:1818} INFO - Sync 1 DAGs
[2021-02-23 23:30:50,212] {logging_mixin.py:104} INFO - [2021-02-23 23:30:50,212] {dag.py:2273} INFO - Setting next_dagrun for example_dag_decorator to None
[2021-02-23 23:30:50,257] {scheduler_job.py:190} INFO - Processing /home/airflow/.local/lib/python3.6/site-packages/airflow/example_dags/example_dag_decorator.py took 0.116 seconds
[2021-02-23 23:31:21,294] {scheduler_job.py:182} INFO - Started process (PID=304) to work on /home/airflow/.local/lib/python3.6/site-packages/airflow/example_dags/example_dag_decorator.py
[2021-02-23 23:31:21,295] {scheduler_job.py:629} INFO - Processing file /home/airflow/.local/lib/python3.6/site-packages/airflow/example_dags/example_dag_decorator.py for tasks to queue
[2021-02-23 23:31:21,296] {logging_mixin.py:104} INFO - [2021-02-23 23:31:21,296] {dagbag.py:448} INFO - Filling up the DagBag from /home/airflow/.local/lib/python3.6/site-packages/airflow/example_dags/example_dag_decorator.py
[2021-02-23 23:31:21,315] {scheduler_job.py:639} INFO - DAG(s) dict_keys(['example_dag_decorator']) retrieved from /home/airflow/.local/lib/python3.6/site-packages/airflow/example_dags/example_dag_decorator.py
[2021-02-23 23:31:21,335] {logging_mixin.py:104} INFO - [2021-02-23 23:31:21,335] {dag.py:1818} INFO - Sync 1 DAGs
[2021-02-23 23:31:21,349] {logging_mixin.py:104} INFO - [2021-02-23 23:31:21,349] {dag.py:2273} INFO - Setting next_dagrun for example_dag_decorator to None
[2021-02-23 23:31:21,380] {scheduler_job.py:190} INFO - Processing /home/airflow/.local/lib/python3.6/site-packages/airflow/example_dags/example_dag_decorator.py took 0.089 seconds
[2021-02-23 23:31:52,654] {scheduler_job.py:182} INFO - Started process (PID=333) to work on /home/airflow/.local/lib/python3.6/site-packages/airflow/example_dags/example_dag_decorator.py
[2021-02-23 23:31:52,656] {scheduler_job.py:629} INFO - Processing file /home/airflow/.local/lib/python3.6/site-packages/airflow/example_dags/example_dag_decorator.py for tasks to queue
[2021-02-23 23:31:52,657] {logging_mixin.py:104} INFO - [2021-02-23 23:31:52,657] {dagbag.py:448} INFO - Filling up the DagBag from /home/airflow/.local/lib/python3.6/site-packages/airflow/example_dags/example_dag_decorator.py
[2021-02-23 23:31:52,671] {scheduler_job.py:639} INFO - DAG(s) dict_keys(['example_dag_decorator']) retrieved from /home/airflow/.local/lib/python3.6/site-packages/airflow/example_dags/example_dag_decorator.py
[2021-02-23 23:31:52,691] {logging_mixin.py:104} INFO - [2021-02-23 23:31:52,691] {dag.py:1818} INFO - Sync 1 DAGs
[2021-02-23 23:31:52,722] {logging_mixin.py:104} INFO - [2021-02-23 23:31:52,722] {dag.py:2273} INFO - Setting next_dagrun for example_dag_decorator to None
[2021-02-23 23:31:52,858] {scheduler_job.py:190} INFO - Processing /home/airflow/.local/lib/python3.6/site-packages/airflow/example_dags/example_dag_decorator.py took 0.208 seconds
[2021-02-23 23:32:23,049] {scheduler_job.py:182} INFO - Started process (PID=360) to work on /home/airflow/.local/lib/python3.6/site-packages/airflow/example_dags/example_dag_decorator.py
[2021-02-23 23:32:23,050] {scheduler_job.py:629} INFO - Processing file /home/airflow/.local/lib/python3.6/site-packages/airflow/example_dags/example_dag_decorator.py for tasks to queue
[2021-02-23 23:32:23,050] {logging_mixin.py:104} INFO - [2021-02-23 23:32:23,050] {dagbag.py:448} INFO - Filling up the DagBag from /home/airflow/.local/lib/python3.6/site-packages/airflow/example_dags/example_dag_decorator.py
[2021-02-23 23:32:23,064] {scheduler_job.py:639} INFO - DAG(s) dict_keys(['example_dag_decorator']) retrieved from /home/airflow/.local/lib/python3.6/site-packages/airflow/example_dags/example_dag_decorator.py
[2021-02-23 23:32:23,083] {logging_mixin.py:104} INFO - [2021-02-23 23:32:23,082] {dag.py:1818} INFO - Sync 1 DAGs
[2021-02-23 23:32:23,095] {logging_mixin.py:104} INFO - [2021-02-23 23:32:23,095] {dag.py:2273} INFO - Setting next_dagrun for example_dag_decorator to None
[2021-02-23 23:32:23,130] {scheduler_job.py:190} INFO - Processing /home/airflow/.local/lib/python3.6/site-packages/airflow/example_dags/example_dag_decorator.py took 0.084 seconds
[2021-02-23 23:32:53,914] {scheduler_job.py:182} INFO - Started process (PID=387) to work on /home/airflow/.local/lib/python3.6/site-packages/airflow/example_dags/example_dag_decorator.py
[2021-02-23 23:32:53,915] {scheduler_job.py:629} INFO - Processing file /home/airflow/.local/lib/python3.6/site-packages/airflow/example_dags/example_dag_decorator.py for tasks to queue
[2021-02-23 23:32:53,915] {logging_mixin.py:104} INFO - [2021-02-23 23:32:53,915] {dagbag.py:448} INFO - Filling up the DagBag from /home/airflow/.local/lib/python3.6/site-packages/airflow/example_dags/example_dag_decorator.py
[2021-02-23 23:32:53,937] {scheduler_job.py:639} INFO - DAG(s) dict_keys(['example_dag_decorator']) retrieved from /home/airflow/.local/lib/python3.6/site-packages/airflow/example_dags/example_dag_decorator.py
[2021-02-23 23:32:53,966] {logging_mixin.py:104} INFO - [2021-02-23 23:32:53,966] {dag.py:1818} INFO - Sync 1 DAGs
[2021-02-23 23:32:53,994] {logging_mixin.py:104} INFO - [2021-02-23 23:32:53,994] {dag.py:2273} INFO - Setting next_dagrun for example_dag_decorator to None
[2021-02-23 23:32:54,056] {scheduler_job.py:190} INFO - Processing /home/airflow/.local/lib/python3.6/site-packages/airflow/example_dags/example_dag_decorator.py took 0.146 seconds
[2021-02-23 23:33:24,844] {scheduler_job.py:182} INFO - Started process (PID=414) to work on /home/airflow/.local/lib/python3.6/site-packages/airflow/example_dags/example_dag_decorator.py
[2021-02-23 23:33:24,846] {scheduler_job.py:629} INFO - Processing file /home/airflow/.local/lib/python3.6/site-packages/airflow/example_dags/example_dag_decorator.py for tasks to queue
[2021-02-23 23:33:24,847] {logging_mixin.py:104} INFO - [2021-02-23 23:33:24,846] {dagbag.py:448} INFO - Filling up the DagBag from /home/airflow/.local/lib/python3.6/site-packages/airflow/example_dags/example_dag_decorator.py
[2021-02-23 23:33:24,861] {scheduler_job.py:639} INFO - DAG(s) dict_keys(['example_dag_decorator']) retrieved from /home/airflow/.local/lib/python3.6/site-packages/airflow/example_dags/example_dag_decorator.py
[2021-02-23 23:33:24,879] {logging_mixin.py:104} INFO - [2021-02-23 23:33:24,879] {dag.py:1818} INFO - Sync 1 DAGs
[2021-02-23 23:33:24,891] {logging_mixin.py:104} INFO - [2021-02-23 23:33:24,891] {dag.py:2273} INFO - Setting next_dagrun for example_dag_decorator to None
[2021-02-23 23:33:24,941] {scheduler_job.py:190} INFO - Processing /home/airflow/.local/lib/python3.6/site-packages/airflow/example_dags/example_dag_decorator.py took 0.100 seconds
[2021-02-23 23:33:55,526] {scheduler_job.py:182} INFO - Started process (PID=441) to work on /home/airflow/.local/lib/python3.6/site-packages/airflow/example_dags/example_dag_decorator.py
[2021-02-23 23:33:55,527] {scheduler_job.py:629} INFO - Processing file /home/airflow/.local/lib/python3.6/site-packages/airflow/example_dags/example_dag_decorator.py for tasks to queue
[2021-02-23 23:33:55,528] {logging_mixin.py:104} INFO - [2021-02-23 23:33:55,528] {dagbag.py:448} INFO - Filling up the DagBag from /home/airflow/.local/lib/python3.6/site-packages/airflow/example_dags/example_dag_decorator.py
[2021-02-23 23:33:55,546] {scheduler_job.py:639} INFO - DAG(s) dict_keys(['example_dag_decorator']) retrieved from /home/airflow/.local/lib/python3.6/site-packages/airflow/example_dags/example_dag_decorator.py
[2021-02-23 23:33:55,565] {logging_mixin.py:104} INFO - [2021-02-23 23:33:55,565] {dag.py:1818} INFO - Sync 1 DAGs
[2021-02-23 23:33:55,576] {logging_mixin.py:104} INFO - [2021-02-23 23:33:55,575] {dag.py:2273} INFO - Setting next_dagrun for example_dag_decorator to None
[2021-02-23 23:33:55,611] {scheduler_job.py:190} INFO - Processing /home/airflow/.local/lib/python3.6/site-packages/airflow/example_dags/example_dag_decorator.py took 0.088 seconds
[2021-02-23 23:34:25,947] {scheduler_job.py:182} INFO - Started process (PID=468) to work on /home/airflow/.local/lib/python3.6/site-packages/airflow/example_dags/example_dag_decorator.py
[2021-02-23 23:34:25,948] {scheduler_job.py:629} INFO - Processing file /home/airflow/.local/lib/python3.6/site-packages/airflow/example_dags/example_dag_decorator.py for tasks to queue
[2021-02-23 23:34:25,948] {logging_mixin.py:104} INFO - [2021-02-23 23:34:25,948] {dagbag.py:448} INFO - Filling up the DagBag from /home/airflow/.local/lib/python3.6/site-packages/airflow/example_dags/example_dag_decorator.py
[2021-02-23 23:34:25,962] {scheduler_job.py:639} INFO - DAG(s) dict_keys(['example_dag_decorator']) retrieved from /home/airflow/.local/lib/python3.6/site-packages/airflow/example_dags/example_dag_decorator.py
[2021-02-23 23:34:25,982] {logging_mixin.py:104} INFO - [2021-02-23 23:34:25,982] {dag.py:1818} INFO - Sync 1 DAGs
[2021-02-23 23:34:25,993] {logging_mixin.py:104} INFO - [2021-02-23 23:34:25,993] {dag.py:2273} INFO - Setting next_dagrun for example_dag_decorator to None
[2021-02-23 23:34:26,037] {scheduler_job.py:190} INFO - Processing /home/airflow/.local/lib/python3.6/site-packages/airflow/example_dags/example_dag_decorator.py took 0.093 seconds
[2021-02-23 23:34:56,136] {scheduler_job.py:182} INFO - Started process (PID=495) to work on /home/airflow/.local/lib/python3.6/site-packages/airflow/example_dags/example_dag_decorator.py
[2021-02-23 23:34:56,137] {scheduler_job.py:629} INFO - Processing file /home/airflow/.local/lib/python3.6/site-packages/airflow/example_dags/example_dag_decorator.py for tasks to queue
[2021-02-23 23:34:56,138] {logging_mixin.py:104} INFO - [2021-02-23 23:34:56,137] {dagbag.py:448} INFO - Filling up the DagBag from /home/airflow/.local/lib/python3.6/site-packages/airflow/example_dags/example_dag_decorator.py
[2021-02-23 23:34:56,151] {scheduler_job.py:639} INFO - DAG(s) dict_keys(['example_dag_decorator']) retrieved from /home/airflow/.local/lib/python3.6/site-packages/airflow/example_dags/example_dag_decorator.py
[2021-02-23 23:34:56,171] {logging_mixin.py:104} INFO - [2021-02-23 23:34:56,171] {dag.py:1818} INFO - Sync 1 DAGs
[2021-02-23 23:34:56,182] {logging_mixin.py:104} INFO - [2021-02-23 23:34:56,182] {dag.py:2273} INFO - Setting next_dagrun for example_dag_decorator to None
[2021-02-23 23:34:56,218] {scheduler_job.py:190} INFO - Processing /home/airflow/.local/lib/python3.6/site-packages/airflow/example_dags/example_dag_decorator.py took 0.084 seconds
[2021-02-23 23:35:26,346] {scheduler_job.py:182} INFO - Started process (PID=523) to work on /home/airflow/.local/lib/python3.6/site-packages/airflow/example_dags/example_dag_decorator.py
[2021-02-23 23:35:26,346] {scheduler_job.py:629} INFO - Processing file /home/airflow/.local/lib/python3.6/site-packages/airflow/example_dags/example_dag_decorator.py for tasks to queue
[2021-02-23 23:35:26,347] {logging_mixin.py:104} INFO - [2021-02-23 23:35:26,347] {dagbag.py:448} INFO - Filling up the DagBag from /home/airflow/.local/lib/python3.6/site-packages/airflow/example_dags/example_dag_decorator.py
[2021-02-23 23:35:26,360] {scheduler_job.py:639} INFO - DAG(s) dict_keys(['example_dag_decorator']) retrieved from /home/airflow/.local/lib/python3.6/site-packages/airflow/example_dags/example_dag_decorator.py
[2021-02-23 23:35:26,378] {logging_mixin.py:104} INFO - [2021-02-23 23:35:26,378] {dag.py:1818} INFO - Sync 1 DAGs
[2021-02-23 23:35:26,389] {logging_mixin.py:104} INFO - [2021-02-23 23:35:26,389] {dag.py:2273} INFO - Setting next_dagrun for example_dag_decorator to None
[2021-02-23 23:35:26,431] {scheduler_job.py:190} INFO - Processing /home/airflow/.local/lib/python3.6/site-packages/airflow/example_dags/example_dag_decorator.py took 0.087 seconds
[2021-02-23 23:35:56,734] {scheduler_job.py:182} INFO - Started process (PID=550) to work on /home/airflow/.local/lib/python3.6/site-packages/airflow/example_dags/example_dag_decorator.py
[2021-02-23 23:35:56,735] {scheduler_job.py:629} INFO - Processing file /home/airflow/.local/lib/python3.6/site-packages/airflow/example_dags/example_dag_decorator.py for tasks to queue
[2021-02-23 23:35:56,736] {logging_mixin.py:104} INFO - [2021-02-23 23:35:56,736] {dagbag.py:448} INFO - Filling up the DagBag from /home/airflow/.local/lib/python3.6/site-packages/airflow/example_dags/example_dag_decorator.py
[2021-02-23 23:35:56,761] {scheduler_job.py:639} INFO - DAG(s) dict_keys(['example_dag_decorator']) retrieved from /home/airflow/.local/lib/python3.6/site-packages/airflow/example_dags/example_dag_decorator.py
[2021-02-23 23:35:56,797] {logging_mixin.py:104} INFO - [2021-02-23 23:35:56,797] {dag.py:1818} INFO - Sync 1 DAGs
[2021-02-23 23:35:56,819] {logging_mixin.py:104} INFO - [2021-02-23 23:35:56,819] {dag.py:2273} INFO - Setting next_dagrun for example_dag_decorator to None
[2021-02-23 23:35:56,988] {scheduler_job.py:190} INFO - Processing /home/airflow/.local/lib/python3.6/site-packages/airflow/example_dags/example_dag_decorator.py took 0.258 seconds
[2021-02-23 23:36:27,590] {scheduler_job.py:182} INFO - Started process (PID=577) to work on /home/airflow/.local/lib/python3.6/site-packages/airflow/example_dags/example_dag_decorator.py
[2021-02-23 23:36:27,592] {scheduler_job.py:629} INFO - Processing file /home/airflow/.local/lib/python3.6/site-packages/airflow/example_dags/example_dag_decorator.py for tasks to queue
[2021-02-23 23:36:27,592] {logging_mixin.py:104} INFO - [2021-02-23 23:36:27,592] {dagbag.py:448} INFO - Filling up the DagBag from /home/airflow/.local/lib/python3.6/site-packages/airflow/example_dags/example_dag_decorator.py
[2021-02-23 23:36:27,609] {scheduler_job.py:639} INFO - DAG(s) dict_keys(['example_dag_decorator']) retrieved from /home/airflow/.local/lib/python3.6/site-packages/airflow/example_dags/example_dag_decorator.py
[2021-02-23 23:36:27,627] {logging_mixin.py:104} INFO - [2021-02-23 23:36:27,627] {dag.py:1818} INFO - Sync 1 DAGs
[2021-02-23 23:36:27,638] {logging_mixin.py:104} INFO - [2021-02-23 23:36:27,638] {dag.py:2273} INFO - Setting next_dagrun for example_dag_decorator to None
[2021-02-23 23:36:27,692] {scheduler_job.py:190} INFO - Processing /home/airflow/.local/lib/python3.6/site-packages/airflow/example_dags/example_dag_decorator.py took 0.105 seconds
[2021-02-23 23:36:58,582] {scheduler_job.py:182} INFO - Started process (PID=604) to work on /home/airflow/.local/lib/python3.6/site-packages/airflow/example_dags/example_dag_decorator.py
[2021-02-23 23:36:58,584] {scheduler_job.py:629} INFO - Processing file /home/airflow/.local/lib/python3.6/site-packages/airflow/example_dags/example_dag_decorator.py for tasks to queue
[2021-02-23 23:36:58,586] {logging_mixin.py:104} INFO - [2021-02-23 23:36:58,585] {dagbag.py:448} INFO - Filling up the DagBag from /home/airflow/.local/lib/python3.6/site-packages/airflow/example_dags/example_dag_decorator.py
[2021-02-23 23:36:58,612] {scheduler_job.py:639} INFO - DAG(s) dict_keys(['example_dag_decorator']) retrieved from /home/airflow/.local/lib/python3.6/site-packages/airflow/example_dags/example_dag_decorator.py
[2021-02-23 23:36:58,631] {logging_mixin.py:104} INFO - [2021-02-23 23:36:58,631] {dag.py:1818} INFO - Sync 1 DAGs
[2021-02-23 23:36:58,643] {logging_mixin.py:104} INFO - [2021-02-23 23:36:58,643] {dag.py:2273} INFO - Setting next_dagrun for example_dag_decorator to None
[2021-02-23 23:36:58,686] {scheduler_job.py:190} INFO - Processing /home/airflow/.local/lib/python3.6/site-packages/airflow/example_dags/example_dag_decorator.py took 0.113 seconds
[2021-02-23 23:37:29,028] {scheduler_job.py:182} INFO - Started process (PID=631) to work on /home/airflow/.local/lib/python3.6/site-packages/airflow/example_dags/example_dag_decorator.py
[2021-02-23 23:37:29,029] {scheduler_job.py:629} INFO - Processing file /home/airflow/.local/lib/python3.6/site-packages/airflow/example_dags/example_dag_decorator.py for tasks to queue
[2021-02-23 23:37:29,030] {logging_mixin.py:104} INFO - [2021-02-23 23:37:29,030] {dagbag.py:448} INFO - Filling up the DagBag from /home/airflow/.local/lib/python3.6/site-packages/airflow/example_dags/example_dag_decorator.py
[2021-02-23 23:37:29,047] {scheduler_job.py:639} INFO - DAG(s) dict_keys(['example_dag_decorator']) retrieved from /home/airflow/.local/lib/python3.6/site-packages/airflow/example_dags/example_dag_decorator.py
[2021-02-23 23:37:29,071] {logging_mixin.py:104} INFO - [2021-02-23 23:37:29,070] {dag.py:1818} INFO - Sync 1 DAGs
[2021-02-23 23:37:29,082] {logging_mixin.py:104} INFO - [2021-02-23 23:37:29,082] {dag.py:2273} INFO - Setting next_dagrun for example_dag_decorator to None
[2021-02-23 23:37:29,122] {scheduler_job.py:190} INFO - Processing /home/airflow/.local/lib/python3.6/site-packages/airflow/example_dags/example_dag_decorator.py took 0.096 seconds
[2021-02-23 23:37:59,536] {scheduler_job.py:182} INFO - Started process (PID=652) to work on /home/airflow/.local/lib/python3.6/site-packages/airflow/example_dags/example_dag_decorator.py
[2021-02-23 23:37:59,537] {scheduler_job.py:629} INFO - Processing file /home/airflow/.local/lib/python3.6/site-packages/airflow/example_dags/example_dag_decorator.py for tasks to queue
[2021-02-23 23:37:59,537] {logging_mixin.py:104} INFO - [2021-02-23 23:37:59,537] {dagbag.py:448} INFO - Filling up the DagBag from /home/airflow/.local/lib/python3.6/site-packages/airflow/example_dags/example_dag_decorator.py
[2021-02-23 23:37:59,553] {scheduler_job.py:639} INFO - DAG(s) dict_keys(['example_dag_decorator']) retrieved from /home/airflow/.local/lib/python3.6/site-packages/airflow/example_dags/example_dag_decorator.py
[2021-02-23 23:37:59,570] {logging_mixin.py:104} INFO - [2021-02-23 23:37:59,570] {dag.py:1818} INFO - Sync 1 DAGs
[2021-02-23 23:37:59,580] {logging_mixin.py:104} INFO - [2021-02-23 23:37:59,580] {dag.py:2273} INFO - Setting next_dagrun for example_dag_decorator to None
[2021-02-23 23:37:59,778] {scheduler_job.py:190} INFO - Processing /home/airflow/.local/lib/python3.6/site-packages/airflow/example_dags/example_dag_decorator.py took 0.245 seconds
[2021-02-23 23:38:30,842] {scheduler_job.py:182} INFO - Started process (PID=682) to work on /home/airflow/.local/lib/python3.6/site-packages/airflow/example_dags/example_dag_decorator.py
[2021-02-23 23:38:30,843] {scheduler_job.py:629} INFO - Processing file /home/airflow/.local/lib/python3.6/site-packages/airflow/example_dags/example_dag_decorator.py for tasks to queue
[2021-02-23 23:38:30,844] {logging_mixin.py:104} INFO - [2021-02-23 23:38:30,844] {dagbag.py:448} INFO - Filling up the DagBag from /home/airflow/.local/lib/python3.6/site-packages/airflow/example_dags/example_dag_decorator.py
[2021-02-23 23:38:30,857] {scheduler_job.py:639} INFO - DAG(s) dict_keys(['example_dag_decorator']) retrieved from /home/airflow/.local/lib/python3.6/site-packages/airflow/example_dags/example_dag_decorator.py
[2021-02-23 23:38:30,872] {logging_mixin.py:104} INFO - [2021-02-23 23:38:30,872] {dag.py:1818} INFO - Sync 1 DAGs
[2021-02-23 23:38:30,882] {logging_mixin.py:104} INFO - [2021-02-23 23:38:30,882] {dag.py:2273} INFO - Setting next_dagrun for example_dag_decorator to None
[2021-02-23 23:38:30,910] {scheduler_job.py:190} INFO - Processing /home/airflow/.local/lib/python3.6/site-packages/airflow/example_dags/example_dag_decorator.py took 0.071 seconds
[2021-02-23 23:39:01,492] {scheduler_job.py:182} INFO - Started process (PID=709) to work on /home/airflow/.local/lib/python3.6/site-packages/airflow/example_dags/example_dag_decorator.py
[2021-02-23 23:39:01,493] {scheduler_job.py:629} INFO - Processing file /home/airflow/.local/lib/python3.6/site-packages/airflow/example_dags/example_dag_decorator.py for tasks to queue
[2021-02-23 23:39:01,494] {logging_mixin.py:104} INFO - [2021-02-23 23:39:01,494] {dagbag.py:448} INFO - Filling up the DagBag from /home/airflow/.local/lib/python3.6/site-packages/airflow/example_dags/example_dag_decorator.py
[2021-02-23 23:39:01,510] {scheduler_job.py:639} INFO - DAG(s) dict_keys(['example_dag_decorator']) retrieved from /home/airflow/.local/lib/python3.6/site-packages/airflow/example_dags/example_dag_decorator.py
[2021-02-23 23:39:01,531] {logging_mixin.py:104} INFO - [2021-02-23 23:39:01,531] {dag.py:1818} INFO - Sync 1 DAGs
[2021-02-23 23:39:01,545] {logging_mixin.py:104} INFO - [2021-02-23 23:39:01,545] {dag.py:2273} INFO - Setting next_dagrun for example_dag_decorator to None
[2021-02-23 23:39:01,728] {scheduler_job.py:190} INFO - Processing /home/airflow/.local/lib/python3.6/site-packages/airflow/example_dags/example_dag_decorator.py took 0.239 seconds
[2021-02-23 23:39:32,948] {scheduler_job.py:182} INFO - Started process (PID=738) to work on /home/airflow/.local/lib/python3.6/site-packages/airflow/example_dags/example_dag_decorator.py
[2021-02-23 23:39:32,950] {scheduler_job.py:629} INFO - Processing file /home/airflow/.local/lib/python3.6/site-packages/airflow/example_dags/example_dag_decorator.py for tasks to queue
[2021-02-23 23:39:32,951] {logging_mixin.py:104} INFO - [2021-02-23 23:39:32,951] {dagbag.py:448} INFO - Filling up the DagBag from /home/airflow/.local/lib/python3.6/site-packages/airflow/example_dags/example_dag_decorator.py
[2021-02-23 23:39:32,967] {scheduler_job.py:639} INFO - DAG(s) dict_keys(['example_dag_decorator']) retrieved from /home/airflow/.local/lib/python3.6/site-packages/airflow/example_dags/example_dag_decorator.py
[2021-02-23 23:39:32,992] {logging_mixin.py:104} INFO - [2021-02-23 23:39:32,991] {dag.py:1818} INFO - Sync 1 DAGs
[2021-02-23 23:39:33,024] {logging_mixin.py:104} INFO - [2021-02-23 23:39:33,024] {dag.py:2273} INFO - Setting next_dagrun for example_dag_decorator to None
[2021-02-23 23:39:33,168] {scheduler_job.py:190} INFO - Processing /home/airflow/.local/lib/python3.6/site-packages/airflow/example_dags/example_dag_decorator.py took 0.223 seconds
[2021-02-23 23:40:03,317] {scheduler_job.py:182} INFO - Started process (PID=765) to work on /home/airflow/.local/lib/python3.6/site-packages/airflow/example_dags/example_dag_decorator.py
[2021-02-23 23:40:03,319] {scheduler_job.py:629} INFO - Processing file /home/airflow/.local/lib/python3.6/site-packages/airflow/example_dags/example_dag_decorator.py for tasks to queue
[2021-02-23 23:40:03,321] {logging_mixin.py:104} INFO - [2021-02-23 23:40:03,320] {dagbag.py:448} INFO - Filling up the DagBag from /home/airflow/.local/lib/python3.6/site-packages/airflow/example_dags/example_dag_decorator.py
[2021-02-23 23:40:03,341] {scheduler_job.py:639} INFO - DAG(s) dict_keys(['example_dag_decorator']) retrieved from /home/airflow/.local/lib/python3.6/site-packages/airflow/example_dags/example_dag_decorator.py
[2021-02-23 23:40:03,359] {logging_mixin.py:104} INFO - [2021-02-23 23:40:03,359] {dag.py:1818} INFO - Sync 1 DAGs
[2021-02-23 23:40:03,370] {logging_mixin.py:104} INFO - [2021-02-23 23:40:03,370] {dag.py:2273} INFO - Setting next_dagrun for example_dag_decorator to None
[2021-02-23 23:40:03,562] {scheduler_job.py:190} INFO - Processing /home/airflow/.local/lib/python3.6/site-packages/airflow/example_dags/example_dag_decorator.py took 0.254 seconds
[2021-02-23 23:40:33,668] {scheduler_job.py:182} INFO - Started process (PID=793) to work on /home/airflow/.local/lib/python3.6/site-packages/airflow/example_dags/example_dag_decorator.py
[2021-02-23 23:40:33,669] {scheduler_job.py:629} INFO - Processing file /home/airflow/.local/lib/python3.6/site-packages/airflow/example_dags/example_dag_decorator.py for tasks to queue
[2021-02-23 23:40:33,670] {logging_mixin.py:104} INFO - [2021-02-23 23:40:33,670] {dagbag.py:448} INFO - Filling up the DagBag from /home/airflow/.local/lib/python3.6/site-packages/airflow/example_dags/example_dag_decorator.py
[2021-02-23 23:40:33,687] {scheduler_job.py:639} INFO - DAG(s) dict_keys(['example_dag_decorator']) retrieved from /home/airflow/.local/lib/python3.6/site-packages/airflow/example_dags/example_dag_decorator.py
[2021-02-23 23:40:33,706] {logging_mixin.py:104} INFO - [2021-02-23 23:40:33,706] {dag.py:1818} INFO - Sync 1 DAGs
[2021-02-23 23:40:33,721] {logging_mixin.py:104} INFO - [2021-02-23 23:40:33,721] {dag.py:2273} INFO - Setting next_dagrun for example_dag_decorator to None
[2021-02-23 23:40:33,779] {scheduler_job.py:190} INFO - Processing /home/airflow/.local/lib/python3.6/site-packages/airflow/example_dags/example_dag_decorator.py took 0.114 seconds
[2021-02-23 23:41:04,221] {scheduler_job.py:182} INFO - Started process (PID=819) to work on /home/airflow/.local/lib/python3.6/site-packages/airflow/example_dags/example_dag_decorator.py
[2021-02-23 23:41:04,222] {scheduler_job.py:629} INFO - Processing file /home/airflow/.local/lib/python3.6/site-packages/airflow/example_dags/example_dag_decorator.py for tasks to queue
[2021-02-23 23:41:04,223] {logging_mixin.py:104} INFO - [2021-02-23 23:41:04,222] {dagbag.py:448} INFO - Filling up the DagBag from /home/airflow/.local/lib/python3.6/site-packages/airflow/example_dags/example_dag_decorator.py
[2021-02-23 23:41:04,238] {scheduler_job.py:639} INFO - DAG(s) dict_keys(['example_dag_decorator']) retrieved from /home/airflow/.local/lib/python3.6/site-packages/airflow/example_dags/example_dag_decorator.py
[2021-02-23 23:41:04,258] {logging_mixin.py:104} INFO - [2021-02-23 23:41:04,258] {dag.py:1818} INFO - Sync 1 DAGs
[2021-02-23 23:41:04,270] {logging_mixin.py:104} INFO - [2021-02-23 23:41:04,270] {dag.py:2273} INFO - Setting next_dagrun for example_dag_decorator to None
[2021-02-23 23:41:04,302] {scheduler_job.py:190} INFO - Processing /home/airflow/.local/lib/python3.6/site-packages/airflow/example_dags/example_dag_decorator.py took 0.083 seconds
[2021-02-23 23:41:35,205] {scheduler_job.py:182} INFO - Started process (PID=846) to work on /home/airflow/.local/lib/python3.6/site-packages/airflow/example_dags/example_dag_decorator.py
[2021-02-23 23:41:35,206] {scheduler_job.py:629} INFO - Processing file /home/airflow/.local/lib/python3.6/site-packages/airflow/example_dags/example_dag_decorator.py for tasks to queue
[2021-02-23 23:41:35,207] {logging_mixin.py:104} INFO - [2021-02-23 23:41:35,207] {dagbag.py:448} INFO - Filling up the DagBag from /home/airflow/.local/lib/python3.6/site-packages/airflow/example_dags/example_dag_decorator.py
[2021-02-23 23:41:35,224] {scheduler_job.py:639} INFO - DAG(s) dict_keys(['example_dag_decorator']) retrieved from /home/airflow/.local/lib/python3.6/site-packages/airflow/example_dags/example_dag_decorator.py
[2021-02-23 23:41:35,249] {logging_mixin.py:104} INFO - [2021-02-23 23:41:35,249] {dag.py:1818} INFO - Sync 1 DAGs
[2021-02-23 23:41:35,263] {logging_mixin.py:104} INFO - [2021-02-23 23:41:35,263] {dag.py:2273} INFO - Setting next_dagrun for example_dag_decorator to None
[2021-02-23 23:41:35,296] {scheduler_job.py:190} INFO - Processing /home/airflow/.local/lib/python3.6/site-packages/airflow/example_dags/example_dag_decorator.py took 0.093 seconds
[2021-02-23 23:42:05,401] {scheduler_job.py:182} INFO - Started process (PID=873) to work on /home/airflow/.local/lib/python3.6/site-packages/airflow/example_dags/example_dag_decorator.py
[2021-02-23 23:42:05,404] {scheduler_job.py:629} INFO - Processing file /home/airflow/.local/lib/python3.6/site-packages/airflow/example_dags/example_dag_decorator.py for tasks to queue
[2021-02-23 23:42:05,406] {logging_mixin.py:104} INFO - [2021-02-23 23:42:05,405] {dagbag.py:448} INFO - Filling up the DagBag from /home/airflow/.local/lib/python3.6/site-packages/airflow/example_dags/example_dag_decorator.py
[2021-02-23 23:42:05,431] {scheduler_job.py:639} INFO - DAG(s) dict_keys(['example_dag_decorator']) retrieved from /home/airflow/.local/lib/python3.6/site-packages/airflow/example_dags/example_dag_decorator.py
[2021-02-23 23:42:05,450] {logging_mixin.py:104} INFO - [2021-02-23 23:42:05,450] {dag.py:1818} INFO - Sync 1 DAGs
[2021-02-23 23:42:05,462] {logging_mixin.py:104} INFO - [2021-02-23 23:42:05,462] {dag.py:2273} INFO - Setting next_dagrun for example_dag_decorator to None
[2021-02-23 23:42:05,493] {scheduler_job.py:190} INFO - Processing /home/airflow/.local/lib/python3.6/site-packages/airflow/example_dags/example_dag_decorator.py took 0.100 seconds
[2021-02-23 23:42:35,585] {scheduler_job.py:182} INFO - Started process (PID=900) to work on /home/airflow/.local/lib/python3.6/site-packages/airflow/example_dags/example_dag_decorator.py
[2021-02-23 23:42:35,587] {scheduler_job.py:629} INFO - Processing file /home/airflow/.local/lib/python3.6/site-packages/airflow/example_dags/example_dag_decorator.py for tasks to queue
[2021-02-23 23:42:35,587] {logging_mixin.py:104} INFO - [2021-02-23 23:42:35,587] {dagbag.py:448} INFO - Filling up the DagBag from /home/airflow/.local/lib/python3.6/site-packages/airflow/example_dags/example_dag_decorator.py
[2021-02-23 23:42:35,608] {scheduler_job.py:639} INFO - DAG(s) dict_keys(['example_dag_decorator']) retrieved from /home/airflow/.local/lib/python3.6/site-packages/airflow/example_dags/example_dag_decorator.py
[2021-02-23 23:42:35,637] {logging_mixin.py:104} INFO - [2021-02-23 23:42:35,637] {dag.py:1818} INFO - Sync 1 DAGs
[2021-02-23 23:42:35,657] {logging_mixin.py:104} INFO - [2021-02-23 23:42:35,657] {dag.py:2273} INFO - Setting next_dagrun for example_dag_decorator to None
[2021-02-23 23:42:35,712] {scheduler_job.py:190} INFO - Processing /home/airflow/.local/lib/python3.6/site-packages/airflow/example_dags/example_dag_decorator.py took 0.132 seconds
[2021-02-23 23:43:05,841] {scheduler_job.py:182} INFO - Started process (PID=927) to work on /home/airflow/.local/lib/python3.6/site-packages/airflow/example_dags/example_dag_decorator.py
[2021-02-23 23:43:05,842] {scheduler_job.py:629} INFO - Processing file /home/airflow/.local/lib/python3.6/site-packages/airflow/example_dags/example_dag_decorator.py for tasks to queue
[2021-02-23 23:43:05,842] {logging_mixin.py:104} INFO - [2021-02-23 23:43:05,842] {dagbag.py:448} INFO - Filling up the DagBag from /home/airflow/.local/lib/python3.6/site-packages/airflow/example_dags/example_dag_decorator.py
[2021-02-23 23:43:05,860] {scheduler_job.py:639} INFO - DAG(s) dict_keys(['example_dag_decorator']) retrieved from /home/airflow/.local/lib/python3.6/site-packages/airflow/example_dags/example_dag_decorator.py
[2021-02-23 23:43:05,880] {logging_mixin.py:104} INFO - [2021-02-23 23:43:05,880] {dag.py:1818} INFO - Sync 1 DAGs
[2021-02-23 23:43:05,892] {logging_mixin.py:104} INFO - [2021-02-23 23:43:05,892] {dag.py:2273} INFO - Setting next_dagrun for example_dag_decorator to None
[2021-02-23 23:43:05,926] {scheduler_job.py:190} INFO - Processing /home/airflow/.local/lib/python3.6/site-packages/airflow/example_dags/example_dag_decorator.py took 0.088 seconds
[2021-02-23 23:43:36,177] {scheduler_job.py:182} INFO - Started process (PID=949) to work on /home/airflow/.local/lib/python3.6/site-packages/airflow/example_dags/example_dag_decorator.py
[2021-02-23 23:43:36,180] {scheduler_job.py:629} INFO - Processing file /home/airflow/.local/lib/python3.6/site-packages/airflow/example_dags/example_dag_decorator.py for tasks to queue
[2021-02-23 23:43:36,182] {logging_mixin.py:104} INFO - [2021-02-23 23:43:36,181] {dagbag.py:448} INFO - Filling up the DagBag from /home/airflow/.local/lib/python3.6/site-packages/airflow/example_dags/example_dag_decorator.py
[2021-02-23 23:43:36,205] {scheduler_job.py:639} INFO - DAG(s) dict_keys(['example_dag_decorator']) retrieved from /home/airflow/.local/lib/python3.6/site-packages/airflow/example_dags/example_dag_decorator.py
[2021-02-23 23:43:36,226] {logging_mixin.py:104} INFO - [2021-02-23 23:43:36,226] {dag.py:1818} INFO - Sync 1 DAGs
[2021-02-23 23:43:36,240] {logging_mixin.py:104} INFO - [2021-02-23 23:43:36,240] {dag.py:2273} INFO - Setting next_dagrun for example_dag_decorator to None
[2021-02-23 23:43:36,314] {scheduler_job.py:190} INFO - Processing /home/airflow/.local/lib/python3.6/site-packages/airflow/example_dags/example_dag_decorator.py took 0.143 seconds
[2021-02-23 23:44:06,598] {scheduler_job.py:182} INFO - Started process (PID=978) to work on /home/airflow/.local/lib/python3.6/site-packages/airflow/example_dags/example_dag_decorator.py
[2021-02-23 23:44:06,599] {scheduler_job.py:629} INFO - Processing file /home/airflow/.local/lib/python3.6/site-packages/airflow/example_dags/example_dag_decorator.py for tasks to queue
[2021-02-23 23:44:06,600] {logging_mixin.py:104} INFO - [2021-02-23 23:44:06,600] {dagbag.py:448} INFO - Filling up the DagBag from /home/airflow/.local/lib/python3.6/site-packages/airflow/example_dags/example_dag_decorator.py
[2021-02-23 23:44:06,619] {scheduler_job.py:639} INFO - DAG(s) dict_keys(['example_dag_decorator']) retrieved from /home/airflow/.local/lib/python3.6/site-packages/airflow/example_dags/example_dag_decorator.py
[2021-02-23 23:44:06,640] {logging_mixin.py:104} INFO - [2021-02-23 23:44:06,639] {dag.py:1818} INFO - Sync 1 DAGs
[2021-02-23 23:44:06,651] {logging_mixin.py:104} INFO - [2021-02-23 23:44:06,651] {dag.py:2273} INFO - Setting next_dagrun for example_dag_decorator to None
[2021-02-23 23:44:06,684] {scheduler_job.py:190} INFO - Processing /home/airflow/.local/lib/python3.6/site-packages/airflow/example_dags/example_dag_decorator.py took 0.090 seconds
[2021-02-23 23:44:36,859] {scheduler_job.py:182} INFO - Started process (PID=1006) to work on /home/airflow/.local/lib/python3.6/site-packages/airflow/example_dags/example_dag_decorator.py
[2021-02-23 23:44:36,860] {scheduler_job.py:629} INFO - Processing file /home/airflow/.local/lib/python3.6/site-packages/airflow/example_dags/example_dag_decorator.py for tasks to queue
[2021-02-23 23:44:36,861] {logging_mixin.py:104} INFO - [2021-02-23 23:44:36,860] {dagbag.py:448} INFO - Filling up the DagBag from /home/airflow/.local/lib/python3.6/site-packages/airflow/example_dags/example_dag_decorator.py
[2021-02-23 23:44:36,875] {scheduler_job.py:639} INFO - DAG(s) dict_keys(['example_dag_decorator']) retrieved from /home/airflow/.local/lib/python3.6/site-packages/airflow/example_dags/example_dag_decorator.py
[2021-02-23 23:44:36,896] {logging_mixin.py:104} INFO - [2021-02-23 23:44:36,896] {dag.py:1818} INFO - Sync 1 DAGs
[2021-02-23 23:44:36,914] {logging_mixin.py:104} INFO - [2021-02-23 23:44:36,914] {dag.py:2273} INFO - Setting next_dagrun for example_dag_decorator to None
[2021-02-23 23:44:36,954] {scheduler_job.py:190} INFO - Processing /home/airflow/.local/lib/python3.6/site-packages/airflow/example_dags/example_dag_decorator.py took 0.098 seconds
[2021-02-23 23:45:07,277] {scheduler_job.py:182} INFO - Started process (PID=1033) to work on /home/airflow/.local/lib/python3.6/site-packages/airflow/example_dags/example_dag_decorator.py
[2021-02-23 23:45:07,281] {scheduler_job.py:629} INFO - Processing file /home/airflow/.local/lib/python3.6/site-packages/airflow/example_dags/example_dag_decorator.py for tasks to queue
[2021-02-23 23:45:07,283] {logging_mixin.py:104} INFO - [2021-02-23 23:45:07,282] {dagbag.py:448} INFO - Filling up the DagBag from /home/airflow/.local/lib/python3.6/site-packages/airflow/example_dags/example_dag_decorator.py
[2021-02-23 23:45:07,311] {scheduler_job.py:639} INFO - DAG(s) dict_keys(['example_dag_decorator']) retrieved from /home/airflow/.local/lib/python3.6/site-packages/airflow/example_dags/example_dag_decorator.py
[2021-02-23 23:45:07,329] {logging_mixin.py:104} INFO - [2021-02-23 23:45:07,329] {dag.py:1818} INFO - Sync 1 DAGs
[2021-02-23 23:45:07,340] {logging_mixin.py:104} INFO - [2021-02-23 23:45:07,340] {dag.py:2273} INFO - Setting next_dagrun for example_dag_decorator to None
[2021-02-23 23:45:07,463] {scheduler_job.py:190} INFO - Processing /home/airflow/.local/lib/python3.6/site-packages/airflow/example_dags/example_dag_decorator.py took 0.194 seconds
[2021-02-23 23:45:37,529] {scheduler_job.py:182} INFO - Started process (PID=1060) to work on /home/airflow/.local/lib/python3.6/site-packages/airflow/example_dags/example_dag_decorator.py
[2021-02-23 23:45:37,530] {scheduler_job.py:629} INFO - Processing file /home/airflow/.local/lib/python3.6/site-packages/airflow/example_dags/example_dag_decorator.py for tasks to queue
[2021-02-23 23:45:37,530] {logging_mixin.py:104} INFO - [2021-02-23 23:45:37,530] {dagbag.py:448} INFO - Filling up the DagBag from /home/airflow/.local/lib/python3.6/site-packages/airflow/example_dags/example_dag_decorator.py
[2021-02-23 23:45:37,546] {scheduler_job.py:639} INFO - DAG(s) dict_keys(['example_dag_decorator']) retrieved from /home/airflow/.local/lib/python3.6/site-packages/airflow/example_dags/example_dag_decorator.py
[2021-02-23 23:45:37,564] {logging_mixin.py:104} INFO - [2021-02-23 23:45:37,564] {dag.py:1818} INFO - Sync 1 DAGs
[2021-02-23 23:45:37,575] {logging_mixin.py:104} INFO - [2021-02-23 23:45:37,575] {dag.py:2273} INFO - Setting next_dagrun for example_dag_decorator to None
[2021-02-23 23:45:37,633] {scheduler_job.py:190} INFO - Processing /home/airflow/.local/lib/python3.6/site-packages/airflow/example_dags/example_dag_decorator.py took 0.107 seconds
[2021-02-23 23:46:07,967] {scheduler_job.py:182} INFO - Started process (PID=1085) to work on /home/airflow/.local/lib/python3.6/site-packages/airflow/example_dags/example_dag_decorator.py
[2021-02-23 23:46:07,968] {scheduler_job.py:629} INFO - Processing file /home/airflow/.local/lib/python3.6/site-packages/airflow/example_dags/example_dag_decorator.py for tasks to queue
[2021-02-23 23:46:07,969] {logging_mixin.py:104} INFO - [2021-02-23 23:46:07,968] {dagbag.py:448} INFO - Filling up the DagBag from /home/airflow/.local/lib/python3.6/site-packages/airflow/example_dags/example_dag_decorator.py
[2021-02-23 23:46:07,985] {scheduler_job.py:639} INFO - DAG(s) dict_keys(['example_dag_decorator']) retrieved from /home/airflow/.local/lib/python3.6/site-packages/airflow/example_dags/example_dag_decorator.py
[2021-02-23 23:46:08,005] {logging_mixin.py:104} INFO - [2021-02-23 23:46:08,005] {dag.py:1818} INFO - Sync 1 DAGs
[2021-02-23 23:46:08,017] {logging_mixin.py:104} INFO - [2021-02-23 23:46:08,017] {dag.py:2273} INFO - Setting next_dagrun for example_dag_decorator to None
[2021-02-23 23:46:08,049] {scheduler_job.py:190} INFO - Processing /home/airflow/.local/lib/python3.6/site-packages/airflow/example_dags/example_dag_decorator.py took 0.087 seconds
[2021-02-23 23:46:38,120] {scheduler_job.py:182} INFO - Started process (PID=1112) to work on /home/airflow/.local/lib/python3.6/site-packages/airflow/example_dags/example_dag_decorator.py
[2021-02-23 23:46:38,123] {scheduler_job.py:629} INFO - Processing file /home/airflow/.local/lib/python3.6/site-packages/airflow/example_dags/example_dag_decorator.py for tasks to queue
[2021-02-23 23:46:38,125] {logging_mixin.py:104} INFO - [2021-02-23 23:46:38,124] {dagbag.py:448} INFO - Filling up the DagBag from /home/airflow/.local/lib/python3.6/site-packages/airflow/example_dags/example_dag_decorator.py
[2021-02-23 23:46:38,150] {scheduler_job.py:639} INFO - DAG(s) dict_keys(['example_dag_decorator']) retrieved from /home/airflow/.local/lib/python3.6/site-packages/airflow/example_dags/example_dag_decorator.py
[2021-02-23 23:46:38,168] {logging_mixin.py:104} INFO - [2021-02-23 23:46:38,168] {dag.py:1818} INFO - Sync 1 DAGs
[2021-02-23 23:46:38,179] {logging_mixin.py:104} INFO - [2021-02-23 23:46:38,179] {dag.py:2273} INFO - Setting next_dagrun for example_dag_decorator to None
[2021-02-23 23:46:38,223] {scheduler_job.py:190} INFO - Processing /home/airflow/.local/lib/python3.6/site-packages/airflow/example_dags/example_dag_decorator.py took 0.110 seconds
[2021-02-23 23:47:08,906] {scheduler_job.py:182} INFO - Started process (PID=1138) to work on /home/airflow/.local/lib/python3.6/site-packages/airflow/example_dags/example_dag_decorator.py
[2021-02-23 23:47:08,907] {scheduler_job.py:629} INFO - Processing file /home/airflow/.local/lib/python3.6/site-packages/airflow/example_dags/example_dag_decorator.py for tasks to queue
[2021-02-23 23:47:08,908] {logging_mixin.py:104} INFO - [2021-02-23 23:47:08,908] {dagbag.py:448} INFO - Filling up the DagBag from /home/airflow/.local/lib/python3.6/site-packages/airflow/example_dags/example_dag_decorator.py
[2021-02-23 23:47:08,925] {scheduler_job.py:639} INFO - DAG(s) dict_keys(['example_dag_decorator']) retrieved from /home/airflow/.local/lib/python3.6/site-packages/airflow/example_dags/example_dag_decorator.py
[2021-02-23 23:47:08,952] {logging_mixin.py:104} INFO - [2021-02-23 23:47:08,952] {dag.py:1818} INFO - Sync 1 DAGs
[2021-02-23 23:47:08,967] {logging_mixin.py:104} INFO - [2021-02-23 23:47:08,967] {dag.py:2273} INFO - Setting next_dagrun for example_dag_decorator to None
[2021-02-23 23:47:09,009] {scheduler_job.py:190} INFO - Processing /home/airflow/.local/lib/python3.6/site-packages/airflow/example_dags/example_dag_decorator.py took 0.106 seconds
[2021-02-23 23:47:39,964] {scheduler_job.py:182} INFO - Started process (PID=1165) to work on /home/airflow/.local/lib/python3.6/site-packages/airflow/example_dags/example_dag_decorator.py
[2021-02-23 23:47:39,965] {scheduler_job.py:629} INFO - Processing file /home/airflow/.local/lib/python3.6/site-packages/airflow/example_dags/example_dag_decorator.py for tasks to queue
[2021-02-23 23:47:39,966] {logging_mixin.py:104} INFO - [2021-02-23 23:47:39,965] {dagbag.py:448} INFO - Filling up the DagBag from /home/airflow/.local/lib/python3.6/site-packages/airflow/example_dags/example_dag_decorator.py
[2021-02-23 23:47:39,981] {scheduler_job.py:639} INFO - DAG(s) dict_keys(['example_dag_decorator']) retrieved from /home/airflow/.local/lib/python3.6/site-packages/airflow/example_dags/example_dag_decorator.py
[2021-02-23 23:47:39,999] {logging_mixin.py:104} INFO - [2021-02-23 23:47:39,999] {dag.py:1818} INFO - Sync 1 DAGs
[2021-02-23 23:47:40,010] {logging_mixin.py:104} INFO - [2021-02-23 23:47:40,010] {dag.py:2273} INFO - Setting next_dagrun for example_dag_decorator to None
[2021-02-23 23:47:40,052] {scheduler_job.py:190} INFO - Processing /home/airflow/.local/lib/python3.6/site-packages/airflow/example_dags/example_dag_decorator.py took 0.091 seconds
[2021-02-23 23:48:10,966] {scheduler_job.py:182} INFO - Started process (PID=1192) to work on /home/airflow/.local/lib/python3.6/site-packages/airflow/example_dags/example_dag_decorator.py
[2021-02-23 23:48:10,968] {scheduler_job.py:629} INFO - Processing file /home/airflow/.local/lib/python3.6/site-packages/airflow/example_dags/example_dag_decorator.py for tasks to queue
[2021-02-23 23:48:10,968] {logging_mixin.py:104} INFO - [2021-02-23 23:48:10,968] {dagbag.py:448} INFO - Filling up the DagBag from /home/airflow/.local/lib/python3.6/site-packages/airflow/example_dags/example_dag_decorator.py
[2021-02-23 23:48:10,980] {scheduler_job.py:639} INFO - DAG(s) dict_keys(['example_dag_decorator']) retrieved from /home/airflow/.local/lib/python3.6/site-packages/airflow/example_dags/example_dag_decorator.py
[2021-02-23 23:48:10,996] {logging_mixin.py:104} INFO - [2021-02-23 23:48:10,996] {dag.py:1818} INFO - Sync 1 DAGs
[2021-02-23 23:48:11,006] {logging_mixin.py:104} INFO - [2021-02-23 23:48:11,006] {dag.py:2273} INFO - Setting next_dagrun for example_dag_decorator to None
[2021-02-23 23:48:11,124] {scheduler_job.py:190} INFO - Processing /home/airflow/.local/lib/python3.6/site-packages/airflow/example_dags/example_dag_decorator.py took 0.160 seconds
[2021-02-23 23:48:41,247] {scheduler_job.py:182} INFO - Started process (PID=1219) to work on /home/airflow/.local/lib/python3.6/site-packages/airflow/example_dags/example_dag_decorator.py
[2021-02-23 23:48:41,248] {scheduler_job.py:629} INFO - Processing file /home/airflow/.local/lib/python3.6/site-packages/airflow/example_dags/example_dag_decorator.py for tasks to queue
[2021-02-23 23:48:41,249] {logging_mixin.py:104} INFO - [2021-02-23 23:48:41,248] {dagbag.py:448} INFO - Filling up the DagBag from /home/airflow/.local/lib/python3.6/site-packages/airflow/example_dags/example_dag_decorator.py
[2021-02-23 23:48:41,262] {scheduler_job.py:639} INFO - DAG(s) dict_keys(['example_dag_decorator']) retrieved from /home/airflow/.local/lib/python3.6/site-packages/airflow/example_dags/example_dag_decorator.py
[2021-02-23 23:48:41,280] {logging_mixin.py:104} INFO - [2021-02-23 23:48:41,279] {dag.py:1818} INFO - Sync 1 DAGs
[2021-02-23 23:48:41,291] {logging_mixin.py:104} INFO - [2021-02-23 23:48:41,291] {dag.py:2273} INFO - Setting next_dagrun for example_dag_decorator to None
[2021-02-23 23:48:41,326] {scheduler_job.py:190} INFO - Processing /home/airflow/.local/lib/python3.6/site-packages/airflow/example_dags/example_dag_decorator.py took 0.081 seconds
[2021-02-23 23:49:12,349] {scheduler_job.py:182} INFO - Started process (PID=1246) to work on /home/airflow/.local/lib/python3.6/site-packages/airflow/example_dags/example_dag_decorator.py
[2021-02-23 23:49:12,350] {scheduler_job.py:629} INFO - Processing file /home/airflow/.local/lib/python3.6/site-packages/airflow/example_dags/example_dag_decorator.py for tasks to queue
[2021-02-23 23:49:12,350] {logging_mixin.py:104} INFO - [2021-02-23 23:49:12,350] {dagbag.py:448} INFO - Filling up the DagBag from /home/airflow/.local/lib/python3.6/site-packages/airflow/example_dags/example_dag_decorator.py
[2021-02-23 23:49:12,364] {scheduler_job.py:639} INFO - DAG(s) dict_keys(['example_dag_decorator']) retrieved from /home/airflow/.local/lib/python3.6/site-packages/airflow/example_dags/example_dag_decorator.py
[2021-02-23 23:49:12,382] {logging_mixin.py:104} INFO - [2021-02-23 23:49:12,382] {dag.py:1818} INFO - Sync 1 DAGs
[2021-02-23 23:49:12,396] {logging_mixin.py:104} INFO - [2021-02-23 23:49:12,395] {dag.py:2273} INFO - Setting next_dagrun for example_dag_decorator to None
[2021-02-23 23:49:12,427] {scheduler_job.py:190} INFO - Processing /home/airflow/.local/lib/python3.6/site-packages/airflow/example_dags/example_dag_decorator.py took 0.082 seconds
