[2021-02-23 23:15:26,633] {scheduler_job.py:182} INFO - Started process (PID=36) to work on /home/airflow/.local/lib/python3.6/site-packages/airflow/example_dags/example_bash_operator.py
[2021-02-23 23:15:26,636] {scheduler_job.py:629} INFO - Processing file /home/airflow/.local/lib/python3.6/site-packages/airflow/example_dags/example_bash_operator.py for tasks to queue
[2021-02-23 23:15:26,637] {logging_mixin.py:104} INFO - [2021-02-23 23:15:26,637] {dagbag.py:448} INFO - Filling up the DagBag from /home/airflow/.local/lib/python3.6/site-packages/airflow/example_dags/example_bash_operator.py
[2021-02-23 23:15:26,659] {scheduler_job.py:639} INFO - DAG(s) dict_keys(['example_bash_operator']) retrieved from /home/airflow/.local/lib/python3.6/site-packages/airflow/example_dags/example_bash_operator.py
[2021-02-23 23:15:26,701] {logging_mixin.py:104} INFO - [2021-02-23 23:15:26,701] {dag.py:1818} INFO - Sync 1 DAGs
[2021-02-23 23:15:26,717] {logging_mixin.py:104} INFO - [2021-02-23 23:15:26,717] {dag.py:1837} INFO - Creating ORM DAG for example_bash_operator
[2021-02-23 23:15:26,740] {logging_mixin.py:104} INFO - [2021-02-23 23:15:26,740] {dag.py:2273} INFO - Setting next_dagrun for example_bash_operator to 2021-02-21 00:00:00+00:00
[2021-02-23 23:15:26,794] {scheduler_job.py:190} INFO - Processing /home/airflow/.local/lib/python3.6/site-packages/airflow/example_dags/example_bash_operator.py took 0.165 seconds
[2021-02-23 23:15:57,061] {scheduler_job.py:182} INFO - Started process (PID=60) to work on /home/airflow/.local/lib/python3.6/site-packages/airflow/example_dags/example_bash_operator.py
[2021-02-23 23:15:57,062] {scheduler_job.py:629} INFO - Processing file /home/airflow/.local/lib/python3.6/site-packages/airflow/example_dags/example_bash_operator.py for tasks to queue
[2021-02-23 23:15:57,062] {logging_mixin.py:104} INFO - [2021-02-23 23:15:57,062] {dagbag.py:448} INFO - Filling up the DagBag from /home/airflow/.local/lib/python3.6/site-packages/airflow/example_dags/example_bash_operator.py
[2021-02-23 23:15:57,074] {scheduler_job.py:639} INFO - DAG(s) dict_keys(['example_bash_operator']) retrieved from /home/airflow/.local/lib/python3.6/site-packages/airflow/example_dags/example_bash_operator.py
[2021-02-23 23:15:57,090] {logging_mixin.py:104} INFO - [2021-02-23 23:15:57,090] {dag.py:1818} INFO - Sync 1 DAGs
[2021-02-23 23:15:57,108] {logging_mixin.py:104} INFO - [2021-02-23 23:15:57,107] {dag.py:2273} INFO - Setting next_dagrun for example_bash_operator to 2021-02-21 00:00:00+00:00
[2021-02-23 23:15:57,218] {scheduler_job.py:190} INFO - Processing /home/airflow/.local/lib/python3.6/site-packages/airflow/example_dags/example_bash_operator.py took 0.160 seconds
[2021-02-23 23:16:27,822] {scheduler_job.py:182} INFO - Started process (PID=87) to work on /home/airflow/.local/lib/python3.6/site-packages/airflow/example_dags/example_bash_operator.py
[2021-02-23 23:16:27,824] {scheduler_job.py:629} INFO - Processing file /home/airflow/.local/lib/python3.6/site-packages/airflow/example_dags/example_bash_operator.py for tasks to queue
[2021-02-23 23:16:27,825] {logging_mixin.py:104} INFO - [2021-02-23 23:16:27,825] {dagbag.py:448} INFO - Filling up the DagBag from /home/airflow/.local/lib/python3.6/site-packages/airflow/example_dags/example_bash_operator.py
[2021-02-23 23:16:27,846] {scheduler_job.py:639} INFO - DAG(s) dict_keys(['example_bash_operator']) retrieved from /home/airflow/.local/lib/python3.6/site-packages/airflow/example_dags/example_bash_operator.py
[2021-02-23 23:16:27,865] {logging_mixin.py:104} INFO - [2021-02-23 23:16:27,865] {dag.py:1818} INFO - Sync 1 DAGs
[2021-02-23 23:16:27,886] {logging_mixin.py:104} INFO - [2021-02-23 23:16:27,886] {dag.py:2273} INFO - Setting next_dagrun for example_bash_operator to 2021-02-21 00:00:00+00:00
[2021-02-23 23:16:28,053] {scheduler_job.py:190} INFO - Processing /home/airflow/.local/lib/python3.6/site-packages/airflow/example_dags/example_bash_operator.py took 0.238 seconds
[2021-02-23 23:16:58,079] {scheduler_job.py:182} INFO - Started process (PID=114) to work on /home/airflow/.local/lib/python3.6/site-packages/airflow/example_dags/example_bash_operator.py
[2021-02-23 23:16:58,080] {scheduler_job.py:629} INFO - Processing file /home/airflow/.local/lib/python3.6/site-packages/airflow/example_dags/example_bash_operator.py for tasks to queue
[2021-02-23 23:16:58,080] {logging_mixin.py:104} INFO - [2021-02-23 23:16:58,080] {dagbag.py:448} INFO - Filling up the DagBag from /home/airflow/.local/lib/python3.6/site-packages/airflow/example_dags/example_bash_operator.py
[2021-02-23 23:16:58,090] {scheduler_job.py:639} INFO - DAG(s) dict_keys(['example_bash_operator']) retrieved from /home/airflow/.local/lib/python3.6/site-packages/airflow/example_dags/example_bash_operator.py
[2021-02-23 23:16:58,104] {logging_mixin.py:104} INFO - [2021-02-23 23:16:58,103] {dag.py:1818} INFO - Sync 1 DAGs
[2021-02-23 23:16:58,119] {logging_mixin.py:104} INFO - [2021-02-23 23:16:58,119] {dag.py:2273} INFO - Setting next_dagrun for example_bash_operator to 2021-02-21 00:00:00+00:00
[2021-02-23 23:16:58,151] {scheduler_job.py:190} INFO - Processing /home/airflow/.local/lib/python3.6/site-packages/airflow/example_dags/example_bash_operator.py took 0.074 seconds
[2021-02-23 23:26:14,801] {scheduler_job.py:182} INFO - Started process (PID=40) to work on /home/airflow/.local/lib/python3.6/site-packages/airflow/example_dags/example_bash_operator.py
[2021-02-23 23:26:14,804] {scheduler_job.py:629} INFO - Processing file /home/airflow/.local/lib/python3.6/site-packages/airflow/example_dags/example_bash_operator.py for tasks to queue
[2021-02-23 23:26:14,805] {logging_mixin.py:104} INFO - [2021-02-23 23:26:14,805] {dagbag.py:448} INFO - Filling up the DagBag from /home/airflow/.local/lib/python3.6/site-packages/airflow/example_dags/example_bash_operator.py
[2021-02-23 23:26:14,829] {scheduler_job.py:639} INFO - DAG(s) dict_keys(['example_bash_operator']) retrieved from /home/airflow/.local/lib/python3.6/site-packages/airflow/example_dags/example_bash_operator.py
[2021-02-23 23:26:14,868] {logging_mixin.py:104} INFO - [2021-02-23 23:26:14,868] {dag.py:1818} INFO - Sync 1 DAGs
[2021-02-23 23:26:14,906] {logging_mixin.py:104} INFO - [2021-02-23 23:26:14,906] {dag.py:2273} INFO - Setting next_dagrun for example_bash_operator to 2021-02-21 00:00:00+00:00
[2021-02-23 23:26:14,950] {scheduler_job.py:190} INFO - Processing /home/airflow/.local/lib/python3.6/site-packages/airflow/example_dags/example_bash_operator.py took 0.154 seconds
[2021-02-23 23:26:45,395] {scheduler_job.py:182} INFO - Started process (PID=62) to work on /home/airflow/.local/lib/python3.6/site-packages/airflow/example_dags/example_bash_operator.py
[2021-02-23 23:26:45,397] {scheduler_job.py:629} INFO - Processing file /home/airflow/.local/lib/python3.6/site-packages/airflow/example_dags/example_bash_operator.py for tasks to queue
[2021-02-23 23:26:45,398] {logging_mixin.py:104} INFO - [2021-02-23 23:26:45,397] {dagbag.py:448} INFO - Filling up the DagBag from /home/airflow/.local/lib/python3.6/site-packages/airflow/example_dags/example_bash_operator.py
[2021-02-23 23:26:45,419] {scheduler_job.py:639} INFO - DAG(s) dict_keys(['example_bash_operator']) retrieved from /home/airflow/.local/lib/python3.6/site-packages/airflow/example_dags/example_bash_operator.py
[2021-02-23 23:26:45,438] {logging_mixin.py:104} INFO - [2021-02-23 23:26:45,438] {dag.py:1818} INFO - Sync 1 DAGs
[2021-02-23 23:26:45,460] {logging_mixin.py:104} INFO - [2021-02-23 23:26:45,460] {dag.py:2273} INFO - Setting next_dagrun for example_bash_operator to 2021-02-21 00:00:00+00:00
[2021-02-23 23:26:45,658] {scheduler_job.py:190} INFO - Processing /home/airflow/.local/lib/python3.6/site-packages/airflow/example_dags/example_bash_operator.py took 0.269 seconds
[2021-02-23 23:27:15,721] {scheduler_job.py:182} INFO - Started process (PID=89) to work on /home/airflow/.local/lib/python3.6/site-packages/airflow/example_dags/example_bash_operator.py
[2021-02-23 23:27:15,722] {scheduler_job.py:629} INFO - Processing file /home/airflow/.local/lib/python3.6/site-packages/airflow/example_dags/example_bash_operator.py for tasks to queue
[2021-02-23 23:27:15,723] {logging_mixin.py:104} INFO - [2021-02-23 23:27:15,723] {dagbag.py:448} INFO - Filling up the DagBag from /home/airflow/.local/lib/python3.6/site-packages/airflow/example_dags/example_bash_operator.py
[2021-02-23 23:27:15,734] {scheduler_job.py:639} INFO - DAG(s) dict_keys(['example_bash_operator']) retrieved from /home/airflow/.local/lib/python3.6/site-packages/airflow/example_dags/example_bash_operator.py
[2021-02-23 23:27:15,749] {logging_mixin.py:104} INFO - [2021-02-23 23:27:15,749] {dag.py:1818} INFO - Sync 1 DAGs
[2021-02-23 23:27:15,766] {logging_mixin.py:104} INFO - [2021-02-23 23:27:15,766] {dag.py:2273} INFO - Setting next_dagrun for example_bash_operator to 2021-02-21 00:00:00+00:00
[2021-02-23 23:27:15,800] {scheduler_job.py:190} INFO - Processing /home/airflow/.local/lib/python3.6/site-packages/airflow/example_dags/example_bash_operator.py took 0.081 seconds
[2021-02-23 23:27:46,127] {scheduler_job.py:182} INFO - Started process (PID=116) to work on /home/airflow/.local/lib/python3.6/site-packages/airflow/example_dags/example_bash_operator.py
[2021-02-23 23:27:46,129] {scheduler_job.py:629} INFO - Processing file /home/airflow/.local/lib/python3.6/site-packages/airflow/example_dags/example_bash_operator.py for tasks to queue
[2021-02-23 23:27:46,129] {logging_mixin.py:104} INFO - [2021-02-23 23:27:46,129] {dagbag.py:448} INFO - Filling up the DagBag from /home/airflow/.local/lib/python3.6/site-packages/airflow/example_dags/example_bash_operator.py
[2021-02-23 23:27:46,146] {scheduler_job.py:639} INFO - DAG(s) dict_keys(['example_bash_operator']) retrieved from /home/airflow/.local/lib/python3.6/site-packages/airflow/example_dags/example_bash_operator.py
[2021-02-23 23:27:46,181] {logging_mixin.py:104} INFO - [2021-02-23 23:27:46,181] {dag.py:1818} INFO - Sync 1 DAGs
[2021-02-23 23:27:46,212] {logging_mixin.py:104} INFO - [2021-02-23 23:27:46,212] {dag.py:2273} INFO - Setting next_dagrun for example_bash_operator to 2021-02-21 00:00:00+00:00
[2021-02-23 23:27:46,249] {scheduler_job.py:190} INFO - Processing /home/airflow/.local/lib/python3.6/site-packages/airflow/example_dags/example_bash_operator.py took 0.125 seconds
[2021-02-23 23:28:16,597] {scheduler_job.py:182} INFO - Started process (PID=143) to work on /home/airflow/.local/lib/python3.6/site-packages/airflow/example_dags/example_bash_operator.py
[2021-02-23 23:28:16,598] {scheduler_job.py:629} INFO - Processing file /home/airflow/.local/lib/python3.6/site-packages/airflow/example_dags/example_bash_operator.py for tasks to queue
[2021-02-23 23:28:16,599] {logging_mixin.py:104} INFO - [2021-02-23 23:28:16,599] {dagbag.py:448} INFO - Filling up the DagBag from /home/airflow/.local/lib/python3.6/site-packages/airflow/example_dags/example_bash_operator.py
[2021-02-23 23:28:16,616] {scheduler_job.py:639} INFO - DAG(s) dict_keys(['example_bash_operator']) retrieved from /home/airflow/.local/lib/python3.6/site-packages/airflow/example_dags/example_bash_operator.py
[2021-02-23 23:28:16,639] {logging_mixin.py:104} INFO - [2021-02-23 23:28:16,639] {dag.py:1818} INFO - Sync 1 DAGs
[2021-02-23 23:28:16,662] {logging_mixin.py:104} INFO - [2021-02-23 23:28:16,661] {dag.py:2273} INFO - Setting next_dagrun for example_bash_operator to 2021-02-21 00:00:00+00:00
[2021-02-23 23:28:16,702] {scheduler_job.py:190} INFO - Processing /home/airflow/.local/lib/python3.6/site-packages/airflow/example_dags/example_bash_operator.py took 0.109 seconds
[2021-02-23 23:28:47,573] {scheduler_job.py:182} INFO - Started process (PID=170) to work on /home/airflow/.local/lib/python3.6/site-packages/airflow/example_dags/example_bash_operator.py
[2021-02-23 23:28:47,574] {scheduler_job.py:629} INFO - Processing file /home/airflow/.local/lib/python3.6/site-packages/airflow/example_dags/example_bash_operator.py for tasks to queue
[2021-02-23 23:28:47,575] {logging_mixin.py:104} INFO - [2021-02-23 23:28:47,575] {dagbag.py:448} INFO - Filling up the DagBag from /home/airflow/.local/lib/python3.6/site-packages/airflow/example_dags/example_bash_operator.py
[2021-02-23 23:28:47,587] {scheduler_job.py:639} INFO - DAG(s) dict_keys(['example_bash_operator']) retrieved from /home/airflow/.local/lib/python3.6/site-packages/airflow/example_dags/example_bash_operator.py
[2021-02-23 23:28:47,608] {logging_mixin.py:104} INFO - [2021-02-23 23:28:47,608] {dag.py:1818} INFO - Sync 1 DAGs
[2021-02-23 23:28:47,628] {logging_mixin.py:104} INFO - [2021-02-23 23:28:47,628] {dag.py:2273} INFO - Setting next_dagrun for example_bash_operator to 2021-02-21 00:00:00+00:00
[2021-02-23 23:28:47,673] {scheduler_job.py:190} INFO - Processing /home/airflow/.local/lib/python3.6/site-packages/airflow/example_dags/example_bash_operator.py took 0.104 seconds
[2021-02-23 23:29:18,180] {scheduler_job.py:182} INFO - Started process (PID=197) to work on /home/airflow/.local/lib/python3.6/site-packages/airflow/example_dags/example_bash_operator.py
[2021-02-23 23:29:18,181] {scheduler_job.py:629} INFO - Processing file /home/airflow/.local/lib/python3.6/site-packages/airflow/example_dags/example_bash_operator.py for tasks to queue
[2021-02-23 23:29:18,182] {logging_mixin.py:104} INFO - [2021-02-23 23:29:18,182] {dagbag.py:448} INFO - Filling up the DagBag from /home/airflow/.local/lib/python3.6/site-packages/airflow/example_dags/example_bash_operator.py
[2021-02-23 23:29:18,195] {scheduler_job.py:639} INFO - DAG(s) dict_keys(['example_bash_operator']) retrieved from /home/airflow/.local/lib/python3.6/site-packages/airflow/example_dags/example_bash_operator.py
[2021-02-23 23:29:18,214] {logging_mixin.py:104} INFO - [2021-02-23 23:29:18,214] {dag.py:1818} INFO - Sync 1 DAGs
[2021-02-23 23:29:18,230] {logging_mixin.py:104} INFO - [2021-02-23 23:29:18,230] {dag.py:2273} INFO - Setting next_dagrun for example_bash_operator to 2021-02-21 00:00:00+00:00
[2021-02-23 23:29:18,371] {scheduler_job.py:190} INFO - Processing /home/airflow/.local/lib/python3.6/site-packages/airflow/example_dags/example_bash_operator.py took 0.193 seconds
[2021-02-23 23:29:48,891] {scheduler_job.py:182} INFO - Started process (PID=224) to work on /home/airflow/.local/lib/python3.6/site-packages/airflow/example_dags/example_bash_operator.py
[2021-02-23 23:29:48,892] {scheduler_job.py:629} INFO - Processing file /home/airflow/.local/lib/python3.6/site-packages/airflow/example_dags/example_bash_operator.py for tasks to queue
[2021-02-23 23:29:48,893] {logging_mixin.py:104} INFO - [2021-02-23 23:29:48,893] {dagbag.py:448} INFO - Filling up the DagBag from /home/airflow/.local/lib/python3.6/site-packages/airflow/example_dags/example_bash_operator.py
[2021-02-23 23:29:48,907] {scheduler_job.py:639} INFO - DAG(s) dict_keys(['example_bash_operator']) retrieved from /home/airflow/.local/lib/python3.6/site-packages/airflow/example_dags/example_bash_operator.py
[2021-02-23 23:29:48,925] {logging_mixin.py:104} INFO - [2021-02-23 23:29:48,925] {dag.py:1818} INFO - Sync 1 DAGs
[2021-02-23 23:29:48,944] {logging_mixin.py:104} INFO - [2021-02-23 23:29:48,944] {dag.py:2273} INFO - Setting next_dagrun for example_bash_operator to 2021-02-21 00:00:00+00:00
[2021-02-23 23:29:49,007] {scheduler_job.py:190} INFO - Processing /home/airflow/.local/lib/python3.6/site-packages/airflow/example_dags/example_bash_operator.py took 0.119 seconds
[2021-02-23 23:30:19,641] {scheduler_job.py:182} INFO - Started process (PID=251) to work on /home/airflow/.local/lib/python3.6/site-packages/airflow/example_dags/example_bash_operator.py
[2021-02-23 23:30:19,642] {scheduler_job.py:629} INFO - Processing file /home/airflow/.local/lib/python3.6/site-packages/airflow/example_dags/example_bash_operator.py for tasks to queue
[2021-02-23 23:30:19,642] {logging_mixin.py:104} INFO - [2021-02-23 23:30:19,642] {dagbag.py:448} INFO - Filling up the DagBag from /home/airflow/.local/lib/python3.6/site-packages/airflow/example_dags/example_bash_operator.py
[2021-02-23 23:30:19,653] {scheduler_job.py:639} INFO - DAG(s) dict_keys(['example_bash_operator']) retrieved from /home/airflow/.local/lib/python3.6/site-packages/airflow/example_dags/example_bash_operator.py
[2021-02-23 23:30:19,667] {logging_mixin.py:104} INFO - [2021-02-23 23:30:19,667] {dag.py:1818} INFO - Sync 1 DAGs
[2021-02-23 23:30:19,682] {logging_mixin.py:104} INFO - [2021-02-23 23:30:19,682] {dag.py:2273} INFO - Setting next_dagrun for example_bash_operator to 2021-02-21 00:00:00+00:00
[2021-02-23 23:30:19,721] {scheduler_job.py:190} INFO - Processing /home/airflow/.local/lib/python3.6/site-packages/airflow/example_dags/example_bash_operator.py took 0.082 seconds
[2021-02-23 23:30:50,173] {scheduler_job.py:182} INFO - Started process (PID=278) to work on /home/airflow/.local/lib/python3.6/site-packages/airflow/example_dags/example_bash_operator.py
[2021-02-23 23:30:50,174] {scheduler_job.py:629} INFO - Processing file /home/airflow/.local/lib/python3.6/site-packages/airflow/example_dags/example_bash_operator.py for tasks to queue
[2021-02-23 23:30:50,175] {logging_mixin.py:104} INFO - [2021-02-23 23:30:50,175] {dagbag.py:448} INFO - Filling up the DagBag from /home/airflow/.local/lib/python3.6/site-packages/airflow/example_dags/example_bash_operator.py
[2021-02-23 23:30:50,193] {scheduler_job.py:639} INFO - DAG(s) dict_keys(['example_bash_operator']) retrieved from /home/airflow/.local/lib/python3.6/site-packages/airflow/example_dags/example_bash_operator.py
[2021-02-23 23:30:50,216] {logging_mixin.py:104} INFO - [2021-02-23 23:30:50,216] {dag.py:1818} INFO - Sync 1 DAGs
[2021-02-23 23:30:50,240] {logging_mixin.py:104} INFO - [2021-02-23 23:30:50,240] {dag.py:2273} INFO - Setting next_dagrun for example_bash_operator to 2021-02-21 00:00:00+00:00
[2021-02-23 23:30:50,281] {scheduler_job.py:190} INFO - Processing /home/airflow/.local/lib/python3.6/site-packages/airflow/example_dags/example_bash_operator.py took 0.112 seconds
[2021-02-23 23:31:21,319] {scheduler_job.py:182} INFO - Started process (PID=305) to work on /home/airflow/.local/lib/python3.6/site-packages/airflow/example_dags/example_bash_operator.py
[2021-02-23 23:31:21,320] {scheduler_job.py:629} INFO - Processing file /home/airflow/.local/lib/python3.6/site-packages/airflow/example_dags/example_bash_operator.py for tasks to queue
[2021-02-23 23:31:21,321] {logging_mixin.py:104} INFO - [2021-02-23 23:31:21,321] {dagbag.py:448} INFO - Filling up the DagBag from /home/airflow/.local/lib/python3.6/site-packages/airflow/example_dags/example_bash_operator.py
[2021-02-23 23:31:21,333] {scheduler_job.py:639} INFO - DAG(s) dict_keys(['example_bash_operator']) retrieved from /home/airflow/.local/lib/python3.6/site-packages/airflow/example_dags/example_bash_operator.py
[2021-02-23 23:31:21,351] {logging_mixin.py:104} INFO - [2021-02-23 23:31:21,351] {dag.py:1818} INFO - Sync 1 DAGs
[2021-02-23 23:31:21,368] {logging_mixin.py:104} INFO - [2021-02-23 23:31:21,368] {dag.py:2273} INFO - Setting next_dagrun for example_bash_operator to 2021-02-21 00:00:00+00:00
[2021-02-23 23:31:21,405] {scheduler_job.py:190} INFO - Processing /home/airflow/.local/lib/python3.6/site-packages/airflow/example_dags/example_bash_operator.py took 0.089 seconds
[2021-02-23 23:31:52,873] {scheduler_job.py:182} INFO - Started process (PID=334) to work on /home/airflow/.local/lib/python3.6/site-packages/airflow/example_dags/example_bash_operator.py
[2021-02-23 23:31:52,874] {scheduler_job.py:629} INFO - Processing file /home/airflow/.local/lib/python3.6/site-packages/airflow/example_dags/example_bash_operator.py for tasks to queue
[2021-02-23 23:31:52,874] {logging_mixin.py:104} INFO - [2021-02-23 23:31:52,874] {dagbag.py:448} INFO - Filling up the DagBag from /home/airflow/.local/lib/python3.6/site-packages/airflow/example_dags/example_bash_operator.py
[2021-02-23 23:31:52,887] {scheduler_job.py:639} INFO - DAG(s) dict_keys(['example_bash_operator']) retrieved from /home/airflow/.local/lib/python3.6/site-packages/airflow/example_dags/example_bash_operator.py
[2021-02-23 23:31:52,913] {logging_mixin.py:104} INFO - [2021-02-23 23:31:52,913] {dag.py:1818} INFO - Sync 1 DAGs
[2021-02-23 23:31:52,950] {logging_mixin.py:104} INFO - [2021-02-23 23:31:52,949] {dag.py:2273} INFO - Setting next_dagrun for example_bash_operator to 2021-02-21 00:00:00+00:00
[2021-02-23 23:31:53,189] {scheduler_job.py:190} INFO - Processing /home/airflow/.local/lib/python3.6/site-packages/airflow/example_dags/example_bash_operator.py took 0.321 seconds
[2021-02-23 23:32:24,173] {scheduler_job.py:182} INFO - Started process (PID=363) to work on /home/airflow/.local/lib/python3.6/site-packages/airflow/example_dags/example_bash_operator.py
[2021-02-23 23:32:24,175] {scheduler_job.py:629} INFO - Processing file /home/airflow/.local/lib/python3.6/site-packages/airflow/example_dags/example_bash_operator.py for tasks to queue
[2021-02-23 23:32:24,176] {logging_mixin.py:104} INFO - [2021-02-23 23:32:24,176] {dagbag.py:448} INFO - Filling up the DagBag from /home/airflow/.local/lib/python3.6/site-packages/airflow/example_dags/example_bash_operator.py
[2021-02-23 23:32:24,193] {scheduler_job.py:639} INFO - DAG(s) dict_keys(['example_bash_operator']) retrieved from /home/airflow/.local/lib/python3.6/site-packages/airflow/example_dags/example_bash_operator.py
[2021-02-23 23:32:24,210] {logging_mixin.py:104} INFO - [2021-02-23 23:32:24,209] {dag.py:1818} INFO - Sync 1 DAGs
[2021-02-23 23:32:24,227] {logging_mixin.py:104} INFO - [2021-02-23 23:32:24,227] {dag.py:2273} INFO - Setting next_dagrun for example_bash_operator to 2021-02-21 00:00:00+00:00
[2021-02-23 23:32:24,296] {scheduler_job.py:190} INFO - Processing /home/airflow/.local/lib/python3.6/site-packages/airflow/example_dags/example_bash_operator.py took 0.132 seconds
[2021-02-23 23:32:55,084] {scheduler_job.py:182} INFO - Started process (PID=390) to work on /home/airflow/.local/lib/python3.6/site-packages/airflow/example_dags/example_bash_operator.py
[2021-02-23 23:32:55,087] {scheduler_job.py:629} INFO - Processing file /home/airflow/.local/lib/python3.6/site-packages/airflow/example_dags/example_bash_operator.py for tasks to queue
[2021-02-23 23:32:55,088] {logging_mixin.py:104} INFO - [2021-02-23 23:32:55,088] {dagbag.py:448} INFO - Filling up the DagBag from /home/airflow/.local/lib/python3.6/site-packages/airflow/example_dags/example_bash_operator.py
[2021-02-23 23:32:55,105] {scheduler_job.py:639} INFO - DAG(s) dict_keys(['example_bash_operator']) retrieved from /home/airflow/.local/lib/python3.6/site-packages/airflow/example_dags/example_bash_operator.py
[2021-02-23 23:32:55,124] {logging_mixin.py:104} INFO - [2021-02-23 23:32:55,123] {dag.py:1818} INFO - Sync 1 DAGs
[2021-02-23 23:32:55,141] {logging_mixin.py:104} INFO - [2021-02-23 23:32:55,141] {dag.py:2273} INFO - Setting next_dagrun for example_bash_operator to 2021-02-21 00:00:00+00:00
[2021-02-23 23:32:55,214] {scheduler_job.py:190} INFO - Processing /home/airflow/.local/lib/python3.6/site-packages/airflow/example_dags/example_bash_operator.py took 0.138 seconds
[2021-02-23 23:33:25,988] {scheduler_job.py:182} INFO - Started process (PID=417) to work on /home/airflow/.local/lib/python3.6/site-packages/airflow/example_dags/example_bash_operator.py
[2021-02-23 23:33:25,991] {scheduler_job.py:629} INFO - Processing file /home/airflow/.local/lib/python3.6/site-packages/airflow/example_dags/example_bash_operator.py for tasks to queue
[2021-02-23 23:33:25,992] {logging_mixin.py:104} INFO - [2021-02-23 23:33:25,992] {dagbag.py:448} INFO - Filling up the DagBag from /home/airflow/.local/lib/python3.6/site-packages/airflow/example_dags/example_bash_operator.py
[2021-02-23 23:33:26,007] {scheduler_job.py:639} INFO - DAG(s) dict_keys(['example_bash_operator']) retrieved from /home/airflow/.local/lib/python3.6/site-packages/airflow/example_dags/example_bash_operator.py
[2021-02-23 23:33:26,028] {logging_mixin.py:104} INFO - [2021-02-23 23:33:26,028] {dag.py:1818} INFO - Sync 1 DAGs
[2021-02-23 23:33:26,050] {logging_mixin.py:104} INFO - [2021-02-23 23:33:26,050] {dag.py:2273} INFO - Setting next_dagrun for example_bash_operator to 2021-02-21 00:00:00+00:00
[2021-02-23 23:33:26,118] {scheduler_job.py:190} INFO - Processing /home/airflow/.local/lib/python3.6/site-packages/airflow/example_dags/example_bash_operator.py took 0.139 seconds
[2021-02-23 23:33:56,647] {scheduler_job.py:182} INFO - Started process (PID=443) to work on /home/airflow/.local/lib/python3.6/site-packages/airflow/example_dags/example_bash_operator.py
[2021-02-23 23:33:56,648] {scheduler_job.py:629} INFO - Processing file /home/airflow/.local/lib/python3.6/site-packages/airflow/example_dags/example_bash_operator.py for tasks to queue
[2021-02-23 23:33:56,649] {logging_mixin.py:104} INFO - [2021-02-23 23:33:56,649] {dagbag.py:448} INFO - Filling up the DagBag from /home/airflow/.local/lib/python3.6/site-packages/airflow/example_dags/example_bash_operator.py
[2021-02-23 23:33:56,662] {scheduler_job.py:639} INFO - DAG(s) dict_keys(['example_bash_operator']) retrieved from /home/airflow/.local/lib/python3.6/site-packages/airflow/example_dags/example_bash_operator.py
[2021-02-23 23:33:56,681] {logging_mixin.py:104} INFO - [2021-02-23 23:33:56,681] {dag.py:1818} INFO - Sync 1 DAGs
[2021-02-23 23:33:56,702] {logging_mixin.py:104} INFO - [2021-02-23 23:33:56,702] {dag.py:2273} INFO - Setting next_dagrun for example_bash_operator to 2021-02-21 00:00:00+00:00
[2021-02-23 23:33:56,756] {scheduler_job.py:190} INFO - Processing /home/airflow/.local/lib/python3.6/site-packages/airflow/example_dags/example_bash_operator.py took 0.117 seconds
[2021-02-23 23:34:27,411] {scheduler_job.py:182} INFO - Started process (PID=473) to work on /home/airflow/.local/lib/python3.6/site-packages/airflow/example_dags/example_bash_operator.py
[2021-02-23 23:34:27,412] {scheduler_job.py:629} INFO - Processing file /home/airflow/.local/lib/python3.6/site-packages/airflow/example_dags/example_bash_operator.py for tasks to queue
[2021-02-23 23:34:27,412] {logging_mixin.py:104} INFO - [2021-02-23 23:34:27,412] {dagbag.py:448} INFO - Filling up the DagBag from /home/airflow/.local/lib/python3.6/site-packages/airflow/example_dags/example_bash_operator.py
[2021-02-23 23:34:27,424] {scheduler_job.py:639} INFO - DAG(s) dict_keys(['example_bash_operator']) retrieved from /home/airflow/.local/lib/python3.6/site-packages/airflow/example_dags/example_bash_operator.py
[2021-02-23 23:34:27,443] {logging_mixin.py:104} INFO - [2021-02-23 23:34:27,443] {dag.py:1818} INFO - Sync 1 DAGs
[2021-02-23 23:34:27,462] {logging_mixin.py:104} INFO - [2021-02-23 23:34:27,461] {dag.py:2273} INFO - Setting next_dagrun for example_bash_operator to 2021-02-21 00:00:00+00:00
[2021-02-23 23:34:27,621] {scheduler_job.py:190} INFO - Processing /home/airflow/.local/lib/python3.6/site-packages/airflow/example_dags/example_bash_operator.py took 0.214 seconds
[2021-02-23 23:34:58,251] {scheduler_job.py:182} INFO - Started process (PID=497) to work on /home/airflow/.local/lib/python3.6/site-packages/airflow/example_dags/example_bash_operator.py
[2021-02-23 23:34:58,252] {scheduler_job.py:629} INFO - Processing file /home/airflow/.local/lib/python3.6/site-packages/airflow/example_dags/example_bash_operator.py for tasks to queue
[2021-02-23 23:34:58,253] {logging_mixin.py:104} INFO - [2021-02-23 23:34:58,253] {dagbag.py:448} INFO - Filling up the DagBag from /home/airflow/.local/lib/python3.6/site-packages/airflow/example_dags/example_bash_operator.py
[2021-02-23 23:34:58,267] {scheduler_job.py:639} INFO - DAG(s) dict_keys(['example_bash_operator']) retrieved from /home/airflow/.local/lib/python3.6/site-packages/airflow/example_dags/example_bash_operator.py
[2021-02-23 23:34:58,284] {logging_mixin.py:104} INFO - [2021-02-23 23:34:58,284] {dag.py:1818} INFO - Sync 1 DAGs
[2021-02-23 23:34:58,303] {logging_mixin.py:104} INFO - [2021-02-23 23:34:58,303] {dag.py:2273} INFO - Setting next_dagrun for example_bash_operator to 2021-02-21 00:00:00+00:00
[2021-02-23 23:34:58,364] {scheduler_job.py:190} INFO - Processing /home/airflow/.local/lib/python3.6/site-packages/airflow/example_dags/example_bash_operator.py took 0.121 seconds
[2021-02-23 23:35:28,477] {scheduler_job.py:182} INFO - Started process (PID=524) to work on /home/airflow/.local/lib/python3.6/site-packages/airflow/example_dags/example_bash_operator.py
[2021-02-23 23:35:28,480] {scheduler_job.py:629} INFO - Processing file /home/airflow/.local/lib/python3.6/site-packages/airflow/example_dags/example_bash_operator.py for tasks to queue
[2021-02-23 23:35:28,482] {logging_mixin.py:104} INFO - [2021-02-23 23:35:28,482] {dagbag.py:448} INFO - Filling up the DagBag from /home/airflow/.local/lib/python3.6/site-packages/airflow/example_dags/example_bash_operator.py
[2021-02-23 23:35:28,505] {scheduler_job.py:639} INFO - DAG(s) dict_keys(['example_bash_operator']) retrieved from /home/airflow/.local/lib/python3.6/site-packages/airflow/example_dags/example_bash_operator.py
[2021-02-23 23:35:28,523] {logging_mixin.py:104} INFO - [2021-02-23 23:35:28,523] {dag.py:1818} INFO - Sync 1 DAGs
[2021-02-23 23:35:28,543] {logging_mixin.py:104} INFO - [2021-02-23 23:35:28,543] {dag.py:2273} INFO - Setting next_dagrun for example_bash_operator to 2021-02-21 00:00:00+00:00
[2021-02-23 23:35:28,670] {scheduler_job.py:190} INFO - Processing /home/airflow/.local/lib/python3.6/site-packages/airflow/example_dags/example_bash_operator.py took 0.203 seconds
[2021-02-23 23:35:58,930] {scheduler_job.py:182} INFO - Started process (PID=551) to work on /home/airflow/.local/lib/python3.6/site-packages/airflow/example_dags/example_bash_operator.py
[2021-02-23 23:35:58,936] {scheduler_job.py:629} INFO - Processing file /home/airflow/.local/lib/python3.6/site-packages/airflow/example_dags/example_bash_operator.py for tasks to queue
[2021-02-23 23:35:58,937] {logging_mixin.py:104} INFO - [2021-02-23 23:35:58,937] {dagbag.py:448} INFO - Filling up the DagBag from /home/airflow/.local/lib/python3.6/site-packages/airflow/example_dags/example_bash_operator.py
[2021-02-23 23:35:58,951] {scheduler_job.py:639} INFO - DAG(s) dict_keys(['example_bash_operator']) retrieved from /home/airflow/.local/lib/python3.6/site-packages/airflow/example_dags/example_bash_operator.py
[2021-02-23 23:35:58,970] {logging_mixin.py:104} INFO - [2021-02-23 23:35:58,970] {dag.py:1818} INFO - Sync 1 DAGs
[2021-02-23 23:35:58,992] {logging_mixin.py:104} INFO - [2021-02-23 23:35:58,992] {dag.py:2273} INFO - Setting next_dagrun for example_bash_operator to 2021-02-21 00:00:00+00:00
[2021-02-23 23:35:59,030] {scheduler_job.py:190} INFO - Processing /home/airflow/.local/lib/python3.6/site-packages/airflow/example_dags/example_bash_operator.py took 0.107 seconds
[2021-02-23 23:36:29,710] {scheduler_job.py:182} INFO - Started process (PID=578) to work on /home/airflow/.local/lib/python3.6/site-packages/airflow/example_dags/example_bash_operator.py
[2021-02-23 23:36:29,712] {scheduler_job.py:629} INFO - Processing file /home/airflow/.local/lib/python3.6/site-packages/airflow/example_dags/example_bash_operator.py for tasks to queue
[2021-02-23 23:36:29,714] {logging_mixin.py:104} INFO - [2021-02-23 23:36:29,714] {dagbag.py:448} INFO - Filling up the DagBag from /home/airflow/.local/lib/python3.6/site-packages/airflow/example_dags/example_bash_operator.py
[2021-02-23 23:36:29,736] {scheduler_job.py:639} INFO - DAG(s) dict_keys(['example_bash_operator']) retrieved from /home/airflow/.local/lib/python3.6/site-packages/airflow/example_dags/example_bash_operator.py
[2021-02-23 23:36:29,755] {logging_mixin.py:104} INFO - [2021-02-23 23:36:29,755] {dag.py:1818} INFO - Sync 1 DAGs
[2021-02-23 23:36:29,772] {logging_mixin.py:104} INFO - [2021-02-23 23:36:29,772] {dag.py:2273} INFO - Setting next_dagrun for example_bash_operator to 2021-02-21 00:00:00+00:00
[2021-02-23 23:36:29,818] {scheduler_job.py:190} INFO - Processing /home/airflow/.local/lib/python3.6/site-packages/airflow/example_dags/example_bash_operator.py took 0.117 seconds
[2021-02-23 23:37:00,668] {scheduler_job.py:182} INFO - Started process (PID=605) to work on /home/airflow/.local/lib/python3.6/site-packages/airflow/example_dags/example_bash_operator.py
[2021-02-23 23:37:00,669] {scheduler_job.py:629} INFO - Processing file /home/airflow/.local/lib/python3.6/site-packages/airflow/example_dags/example_bash_operator.py for tasks to queue
[2021-02-23 23:37:00,670] {logging_mixin.py:104} INFO - [2021-02-23 23:37:00,670] {dagbag.py:448} INFO - Filling up the DagBag from /home/airflow/.local/lib/python3.6/site-packages/airflow/example_dags/example_bash_operator.py
[2021-02-23 23:37:00,682] {scheduler_job.py:639} INFO - DAG(s) dict_keys(['example_bash_operator']) retrieved from /home/airflow/.local/lib/python3.6/site-packages/airflow/example_dags/example_bash_operator.py
[2021-02-23 23:37:00,702] {logging_mixin.py:104} INFO - [2021-02-23 23:37:00,701] {dag.py:1818} INFO - Sync 1 DAGs
[2021-02-23 23:37:00,722] {logging_mixin.py:104} INFO - [2021-02-23 23:37:00,722] {dag.py:2273} INFO - Setting next_dagrun for example_bash_operator to 2021-02-21 00:00:00+00:00
[2021-02-23 23:37:00,763] {scheduler_job.py:190} INFO - Processing /home/airflow/.local/lib/python3.6/site-packages/airflow/example_dags/example_bash_operator.py took 0.098 seconds
[2021-02-23 23:37:31,114] {scheduler_job.py:182} INFO - Started process (PID=632) to work on /home/airflow/.local/lib/python3.6/site-packages/airflow/example_dags/example_bash_operator.py
[2021-02-23 23:37:31,115] {scheduler_job.py:629} INFO - Processing file /home/airflow/.local/lib/python3.6/site-packages/airflow/example_dags/example_bash_operator.py for tasks to queue
[2021-02-23 23:37:31,115] {logging_mixin.py:104} INFO - [2021-02-23 23:37:31,115] {dagbag.py:448} INFO - Filling up the DagBag from /home/airflow/.local/lib/python3.6/site-packages/airflow/example_dags/example_bash_operator.py
[2021-02-23 23:37:31,125] {scheduler_job.py:639} INFO - DAG(s) dict_keys(['example_bash_operator']) retrieved from /home/airflow/.local/lib/python3.6/site-packages/airflow/example_dags/example_bash_operator.py
[2021-02-23 23:37:31,143] {logging_mixin.py:104} INFO - [2021-02-23 23:37:31,143] {dag.py:1818} INFO - Sync 1 DAGs
[2021-02-23 23:37:31,161] {logging_mixin.py:104} INFO - [2021-02-23 23:37:31,161] {dag.py:2273} INFO - Setting next_dagrun for example_bash_operator to 2021-02-21 00:00:00+00:00
[2021-02-23 23:37:31,218] {scheduler_job.py:190} INFO - Processing /home/airflow/.local/lib/python3.6/site-packages/airflow/example_dags/example_bash_operator.py took 0.106 seconds
[2021-02-23 23:38:01,343] {scheduler_job.py:182} INFO - Started process (PID=659) to work on /home/airflow/.local/lib/python3.6/site-packages/airflow/example_dags/example_bash_operator.py
[2021-02-23 23:38:01,345] {scheduler_job.py:629} INFO - Processing file /home/airflow/.local/lib/python3.6/site-packages/airflow/example_dags/example_bash_operator.py for tasks to queue
[2021-02-23 23:38:01,347] {logging_mixin.py:104} INFO - [2021-02-23 23:38:01,347] {dagbag.py:448} INFO - Filling up the DagBag from /home/airflow/.local/lib/python3.6/site-packages/airflow/example_dags/example_bash_operator.py
[2021-02-23 23:38:01,370] {scheduler_job.py:639} INFO - DAG(s) dict_keys(['example_bash_operator']) retrieved from /home/airflow/.local/lib/python3.6/site-packages/airflow/example_dags/example_bash_operator.py
[2021-02-23 23:38:01,388] {logging_mixin.py:104} INFO - [2021-02-23 23:38:01,388] {dag.py:1818} INFO - Sync 1 DAGs
[2021-02-23 23:38:01,405] {logging_mixin.py:104} INFO - [2021-02-23 23:38:01,405] {dag.py:2273} INFO - Setting next_dagrun for example_bash_operator to 2021-02-21 00:00:00+00:00
[2021-02-23 23:38:01,467] {scheduler_job.py:190} INFO - Processing /home/airflow/.local/lib/python3.6/site-packages/airflow/example_dags/example_bash_operator.py took 0.133 seconds
[2021-02-23 23:38:32,024] {scheduler_job.py:182} INFO - Started process (PID=686) to work on /home/airflow/.local/lib/python3.6/site-packages/airflow/example_dags/example_bash_operator.py
[2021-02-23 23:38:32,026] {scheduler_job.py:629} INFO - Processing file /home/airflow/.local/lib/python3.6/site-packages/airflow/example_dags/example_bash_operator.py for tasks to queue
[2021-02-23 23:38:32,026] {logging_mixin.py:104} INFO - [2021-02-23 23:38:32,026] {dagbag.py:448} INFO - Filling up the DagBag from /home/airflow/.local/lib/python3.6/site-packages/airflow/example_dags/example_bash_operator.py
[2021-02-23 23:38:32,043] {scheduler_job.py:639} INFO - DAG(s) dict_keys(['example_bash_operator']) retrieved from /home/airflow/.local/lib/python3.6/site-packages/airflow/example_dags/example_bash_operator.py
[2021-02-23 23:38:32,067] {logging_mixin.py:104} INFO - [2021-02-23 23:38:32,067] {dag.py:1818} INFO - Sync 1 DAGs
[2021-02-23 23:38:32,085] {logging_mixin.py:104} INFO - [2021-02-23 23:38:32,085] {dag.py:2273} INFO - Setting next_dagrun for example_bash_operator to 2021-02-21 00:00:00+00:00
[2021-02-23 23:38:32,129] {scheduler_job.py:190} INFO - Processing /home/airflow/.local/lib/python3.6/site-packages/airflow/example_dags/example_bash_operator.py took 0.109 seconds
[2021-02-23 23:39:03,111] {scheduler_job.py:182} INFO - Started process (PID=713) to work on /home/airflow/.local/lib/python3.6/site-packages/airflow/example_dags/example_bash_operator.py
[2021-02-23 23:39:03,112] {scheduler_job.py:629} INFO - Processing file /home/airflow/.local/lib/python3.6/site-packages/airflow/example_dags/example_bash_operator.py for tasks to queue
[2021-02-23 23:39:03,112] {logging_mixin.py:104} INFO - [2021-02-23 23:39:03,112] {dagbag.py:448} INFO - Filling up the DagBag from /home/airflow/.local/lib/python3.6/site-packages/airflow/example_dags/example_bash_operator.py
[2021-02-23 23:39:03,126] {scheduler_job.py:639} INFO - DAG(s) dict_keys(['example_bash_operator']) retrieved from /home/airflow/.local/lib/python3.6/site-packages/airflow/example_dags/example_bash_operator.py
[2021-02-23 23:39:03,143] {logging_mixin.py:104} INFO - [2021-02-23 23:39:03,143] {dag.py:1818} INFO - Sync 1 DAGs
[2021-02-23 23:39:03,160] {logging_mixin.py:104} INFO - [2021-02-23 23:39:03,160] {dag.py:2273} INFO - Setting next_dagrun for example_bash_operator to 2021-02-21 00:00:00+00:00
[2021-02-23 23:39:03,262] {scheduler_job.py:190} INFO - Processing /home/airflow/.local/lib/python3.6/site-packages/airflow/example_dags/example_bash_operator.py took 0.155 seconds
[2021-02-23 23:39:33,318] {scheduler_job.py:182} INFO - Started process (PID=740) to work on /home/airflow/.local/lib/python3.6/site-packages/airflow/example_dags/example_bash_operator.py
[2021-02-23 23:39:33,320] {scheduler_job.py:629} INFO - Processing file /home/airflow/.local/lib/python3.6/site-packages/airflow/example_dags/example_bash_operator.py for tasks to queue
[2021-02-23 23:39:33,322] {logging_mixin.py:104} INFO - [2021-02-23 23:39:33,322] {dagbag.py:448} INFO - Filling up the DagBag from /home/airflow/.local/lib/python3.6/site-packages/airflow/example_dags/example_bash_operator.py
[2021-02-23 23:39:33,345] {scheduler_job.py:639} INFO - DAG(s) dict_keys(['example_bash_operator']) retrieved from /home/airflow/.local/lib/python3.6/site-packages/airflow/example_dags/example_bash_operator.py
[2021-02-23 23:39:33,362] {logging_mixin.py:104} INFO - [2021-02-23 23:39:33,362] {dag.py:1818} INFO - Sync 1 DAGs
[2021-02-23 23:39:33,382] {logging_mixin.py:104} INFO - [2021-02-23 23:39:33,382] {dag.py:2273} INFO - Setting next_dagrun for example_bash_operator to 2021-02-21 00:00:00+00:00
[2021-02-23 23:39:33,429] {scheduler_job.py:190} INFO - Processing /home/airflow/.local/lib/python3.6/site-packages/airflow/example_dags/example_bash_operator.py took 0.118 seconds
[2021-02-23 23:40:03,515] {scheduler_job.py:182} INFO - Started process (PID=766) to work on /home/airflow/.local/lib/python3.6/site-packages/airflow/example_dags/example_bash_operator.py
[2021-02-23 23:40:03,518] {scheduler_job.py:629} INFO - Processing file /home/airflow/.local/lib/python3.6/site-packages/airflow/example_dags/example_bash_operator.py for tasks to queue
[2021-02-23 23:40:03,520] {logging_mixin.py:104} INFO - [2021-02-23 23:40:03,520] {dagbag.py:448} INFO - Filling up the DagBag from /home/airflow/.local/lib/python3.6/site-packages/airflow/example_dags/example_bash_operator.py
[2021-02-23 23:40:03,545] {scheduler_job.py:639} INFO - DAG(s) dict_keys(['example_bash_operator']) retrieved from /home/airflow/.local/lib/python3.6/site-packages/airflow/example_dags/example_bash_operator.py
[2021-02-23 23:40:03,561] {logging_mixin.py:104} INFO - [2021-02-23 23:40:03,561] {dag.py:1818} INFO - Sync 1 DAGs
[2021-02-23 23:40:03,580] {logging_mixin.py:104} INFO - [2021-02-23 23:40:03,580] {dag.py:2273} INFO - Setting next_dagrun for example_bash_operator to 2021-02-21 00:00:00+00:00
[2021-02-23 23:40:03,625] {scheduler_job.py:190} INFO - Processing /home/airflow/.local/lib/python3.6/site-packages/airflow/example_dags/example_bash_operator.py took 0.117 seconds
[2021-02-23 23:40:33,663] {scheduler_job.py:182} INFO - Started process (PID=792) to work on /home/airflow/.local/lib/python3.6/site-packages/airflow/example_dags/example_bash_operator.py
[2021-02-23 23:40:33,664] {scheduler_job.py:629} INFO - Processing file /home/airflow/.local/lib/python3.6/site-packages/airflow/example_dags/example_bash_operator.py for tasks to queue
[2021-02-23 23:40:33,664] {logging_mixin.py:104} INFO - [2021-02-23 23:40:33,664] {dagbag.py:448} INFO - Filling up the DagBag from /home/airflow/.local/lib/python3.6/site-packages/airflow/example_dags/example_bash_operator.py
[2021-02-23 23:40:33,678] {scheduler_job.py:639} INFO - DAG(s) dict_keys(['example_bash_operator']) retrieved from /home/airflow/.local/lib/python3.6/site-packages/airflow/example_dags/example_bash_operator.py
[2021-02-23 23:40:33,695] {logging_mixin.py:104} INFO - [2021-02-23 23:40:33,695] {dag.py:1818} INFO - Sync 1 DAGs
[2021-02-23 23:40:33,714] {logging_mixin.py:104} INFO - [2021-02-23 23:40:33,714] {dag.py:2273} INFO - Setting next_dagrun for example_bash_operator to 2021-02-21 00:00:00+00:00
[2021-02-23 23:40:33,754] {scheduler_job.py:190} INFO - Processing /home/airflow/.local/lib/python3.6/site-packages/airflow/example_dags/example_bash_operator.py took 0.095 seconds
[2021-02-23 23:41:04,346] {scheduler_job.py:182} INFO - Started process (PID=822) to work on /home/airflow/.local/lib/python3.6/site-packages/airflow/example_dags/example_bash_operator.py
[2021-02-23 23:41:04,347] {scheduler_job.py:629} INFO - Processing file /home/airflow/.local/lib/python3.6/site-packages/airflow/example_dags/example_bash_operator.py for tasks to queue
[2021-02-23 23:41:04,348] {logging_mixin.py:104} INFO - [2021-02-23 23:41:04,347] {dagbag.py:448} INFO - Filling up the DagBag from /home/airflow/.local/lib/python3.6/site-packages/airflow/example_dags/example_bash_operator.py
[2021-02-23 23:41:04,361] {scheduler_job.py:639} INFO - DAG(s) dict_keys(['example_bash_operator']) retrieved from /home/airflow/.local/lib/python3.6/site-packages/airflow/example_dags/example_bash_operator.py
[2021-02-23 23:41:04,376] {logging_mixin.py:104} INFO - [2021-02-23 23:41:04,376] {dag.py:1818} INFO - Sync 1 DAGs
[2021-02-23 23:41:04,393] {logging_mixin.py:104} INFO - [2021-02-23 23:41:04,392] {dag.py:2273} INFO - Setting next_dagrun for example_bash_operator to 2021-02-21 00:00:00+00:00
[2021-02-23 23:41:04,431] {scheduler_job.py:190} INFO - Processing /home/airflow/.local/lib/python3.6/site-packages/airflow/example_dags/example_bash_operator.py took 0.088 seconds
[2021-02-23 23:41:35,357] {scheduler_job.py:182} INFO - Started process (PID=849) to work on /home/airflow/.local/lib/python3.6/site-packages/airflow/example_dags/example_bash_operator.py
[2021-02-23 23:41:35,358] {scheduler_job.py:629} INFO - Processing file /home/airflow/.local/lib/python3.6/site-packages/airflow/example_dags/example_bash_operator.py for tasks to queue
[2021-02-23 23:41:35,359] {logging_mixin.py:104} INFO - [2021-02-23 23:41:35,359] {dagbag.py:448} INFO - Filling up the DagBag from /home/airflow/.local/lib/python3.6/site-packages/airflow/example_dags/example_bash_operator.py
[2021-02-23 23:41:35,377] {scheduler_job.py:639} INFO - DAG(s) dict_keys(['example_bash_operator']) retrieved from /home/airflow/.local/lib/python3.6/site-packages/airflow/example_dags/example_bash_operator.py
[2021-02-23 23:41:35,397] {logging_mixin.py:104} INFO - [2021-02-23 23:41:35,397] {dag.py:1818} INFO - Sync 1 DAGs
[2021-02-23 23:41:35,416] {logging_mixin.py:104} INFO - [2021-02-23 23:41:35,416] {dag.py:2273} INFO - Setting next_dagrun for example_bash_operator to 2021-02-21 00:00:00+00:00
[2021-02-23 23:41:35,448] {scheduler_job.py:190} INFO - Processing /home/airflow/.local/lib/python3.6/site-packages/airflow/example_dags/example_bash_operator.py took 0.095 seconds
[2021-02-23 23:42:05,531] {scheduler_job.py:182} INFO - Started process (PID=876) to work on /home/airflow/.local/lib/python3.6/site-packages/airflow/example_dags/example_bash_operator.py
[2021-02-23 23:42:05,532] {scheduler_job.py:629} INFO - Processing file /home/airflow/.local/lib/python3.6/site-packages/airflow/example_dags/example_bash_operator.py for tasks to queue
[2021-02-23 23:42:05,533] {logging_mixin.py:104} INFO - [2021-02-23 23:42:05,533] {dagbag.py:448} INFO - Filling up the DagBag from /home/airflow/.local/lib/python3.6/site-packages/airflow/example_dags/example_bash_operator.py
[2021-02-23 23:42:05,543] {scheduler_job.py:639} INFO - DAG(s) dict_keys(['example_bash_operator']) retrieved from /home/airflow/.local/lib/python3.6/site-packages/airflow/example_dags/example_bash_operator.py
[2021-02-23 23:42:05,559] {logging_mixin.py:104} INFO - [2021-02-23 23:42:05,559] {dag.py:1818} INFO - Sync 1 DAGs
[2021-02-23 23:42:05,575] {logging_mixin.py:104} INFO - [2021-02-23 23:42:05,575] {dag.py:2273} INFO - Setting next_dagrun for example_bash_operator to 2021-02-21 00:00:00+00:00
[2021-02-23 23:42:05,614] {scheduler_job.py:190} INFO - Processing /home/airflow/.local/lib/python3.6/site-packages/airflow/example_dags/example_bash_operator.py took 0.085 seconds
[2021-02-23 23:42:35,727] {scheduler_job.py:182} INFO - Started process (PID=903) to work on /home/airflow/.local/lib/python3.6/site-packages/airflow/example_dags/example_bash_operator.py
[2021-02-23 23:42:35,729] {scheduler_job.py:629} INFO - Processing file /home/airflow/.local/lib/python3.6/site-packages/airflow/example_dags/example_bash_operator.py for tasks to queue
[2021-02-23 23:42:35,729] {logging_mixin.py:104} INFO - [2021-02-23 23:42:35,729] {dagbag.py:448} INFO - Filling up the DagBag from /home/airflow/.local/lib/python3.6/site-packages/airflow/example_dags/example_bash_operator.py
[2021-02-23 23:42:35,744] {scheduler_job.py:639} INFO - DAG(s) dict_keys(['example_bash_operator']) retrieved from /home/airflow/.local/lib/python3.6/site-packages/airflow/example_dags/example_bash_operator.py
[2021-02-23 23:42:35,763] {logging_mixin.py:104} INFO - [2021-02-23 23:42:35,763] {dag.py:1818} INFO - Sync 1 DAGs
[2021-02-23 23:42:35,780] {logging_mixin.py:104} INFO - [2021-02-23 23:42:35,780] {dag.py:2273} INFO - Setting next_dagrun for example_bash_operator to 2021-02-21 00:00:00+00:00
[2021-02-23 23:42:35,817] {scheduler_job.py:190} INFO - Processing /home/airflow/.local/lib/python3.6/site-packages/airflow/example_dags/example_bash_operator.py took 0.093 seconds
[2021-02-23 23:43:05,965] {scheduler_job.py:182} INFO - Started process (PID=930) to work on /home/airflow/.local/lib/python3.6/site-packages/airflow/example_dags/example_bash_operator.py
[2021-02-23 23:43:05,966] {scheduler_job.py:629} INFO - Processing file /home/airflow/.local/lib/python3.6/site-packages/airflow/example_dags/example_bash_operator.py for tasks to queue
[2021-02-23 23:43:05,967] {logging_mixin.py:104} INFO - [2021-02-23 23:43:05,967] {dagbag.py:448} INFO - Filling up the DagBag from /home/airflow/.local/lib/python3.6/site-packages/airflow/example_dags/example_bash_operator.py
[2021-02-23 23:43:05,980] {scheduler_job.py:639} INFO - DAG(s) dict_keys(['example_bash_operator']) retrieved from /home/airflow/.local/lib/python3.6/site-packages/airflow/example_dags/example_bash_operator.py
[2021-02-23 23:43:05,997] {logging_mixin.py:104} INFO - [2021-02-23 23:43:05,997] {dag.py:1818} INFO - Sync 1 DAGs
[2021-02-23 23:43:06,014] {logging_mixin.py:104} INFO - [2021-02-23 23:43:06,014] {dag.py:2273} INFO - Setting next_dagrun for example_bash_operator to 2021-02-21 00:00:00+00:00
[2021-02-23 23:43:06,045] {scheduler_job.py:190} INFO - Processing /home/airflow/.local/lib/python3.6/site-packages/airflow/example_dags/example_bash_operator.py took 0.082 seconds
[2021-02-23 23:43:36,329] {scheduler_job.py:182} INFO - Started process (PID=952) to work on /home/airflow/.local/lib/python3.6/site-packages/airflow/example_dags/example_bash_operator.py
[2021-02-23 23:43:36,330] {scheduler_job.py:629} INFO - Processing file /home/airflow/.local/lib/python3.6/site-packages/airflow/example_dags/example_bash_operator.py for tasks to queue
[2021-02-23 23:43:36,331] {logging_mixin.py:104} INFO - [2021-02-23 23:43:36,331] {dagbag.py:448} INFO - Filling up the DagBag from /home/airflow/.local/lib/python3.6/site-packages/airflow/example_dags/example_bash_operator.py
[2021-02-23 23:43:36,341] {scheduler_job.py:639} INFO - DAG(s) dict_keys(['example_bash_operator']) retrieved from /home/airflow/.local/lib/python3.6/site-packages/airflow/example_dags/example_bash_operator.py
[2021-02-23 23:43:36,356] {logging_mixin.py:104} INFO - [2021-02-23 23:43:36,356] {dag.py:1818} INFO - Sync 1 DAGs
[2021-02-23 23:43:36,372] {logging_mixin.py:104} INFO - [2021-02-23 23:43:36,372] {dag.py:2273} INFO - Setting next_dagrun for example_bash_operator to 2021-02-21 00:00:00+00:00
[2021-02-23 23:43:36,424] {scheduler_job.py:190} INFO - Processing /home/airflow/.local/lib/python3.6/site-packages/airflow/example_dags/example_bash_operator.py took 0.098 seconds
[2021-02-23 23:44:06,481] {scheduler_job.py:182} INFO - Started process (PID=977) to work on /home/airflow/.local/lib/python3.6/site-packages/airflow/example_dags/example_bash_operator.py
[2021-02-23 23:44:06,482] {scheduler_job.py:629} INFO - Processing file /home/airflow/.local/lib/python3.6/site-packages/airflow/example_dags/example_bash_operator.py for tasks to queue
[2021-02-23 23:44:06,483] {logging_mixin.py:104} INFO - [2021-02-23 23:44:06,483] {dagbag.py:448} INFO - Filling up the DagBag from /home/airflow/.local/lib/python3.6/site-packages/airflow/example_dags/example_bash_operator.py
[2021-02-23 23:44:06,498] {scheduler_job.py:639} INFO - DAG(s) dict_keys(['example_bash_operator']) retrieved from /home/airflow/.local/lib/python3.6/site-packages/airflow/example_dags/example_bash_operator.py
[2021-02-23 23:44:06,518] {logging_mixin.py:104} INFO - [2021-02-23 23:44:06,518] {dag.py:1818} INFO - Sync 1 DAGs
[2021-02-23 23:44:06,536] {logging_mixin.py:104} INFO - [2021-02-23 23:44:06,536] {dag.py:2273} INFO - Setting next_dagrun for example_bash_operator to 2021-02-21 00:00:00+00:00
[2021-02-23 23:44:06,605] {scheduler_job.py:190} INFO - Processing /home/airflow/.local/lib/python3.6/site-packages/airflow/example_dags/example_bash_operator.py took 0.131 seconds
[2021-02-23 23:44:36,664] {scheduler_job.py:182} INFO - Started process (PID=1004) to work on /home/airflow/.local/lib/python3.6/site-packages/airflow/example_dags/example_bash_operator.py
[2021-02-23 23:44:36,664] {scheduler_job.py:629} INFO - Processing file /home/airflow/.local/lib/python3.6/site-packages/airflow/example_dags/example_bash_operator.py for tasks to queue
[2021-02-23 23:44:36,665] {logging_mixin.py:104} INFO - [2021-02-23 23:44:36,665] {dagbag.py:448} INFO - Filling up the DagBag from /home/airflow/.local/lib/python3.6/site-packages/airflow/example_dags/example_bash_operator.py
[2021-02-23 23:44:36,676] {scheduler_job.py:639} INFO - DAG(s) dict_keys(['example_bash_operator']) retrieved from /home/airflow/.local/lib/python3.6/site-packages/airflow/example_dags/example_bash_operator.py
[2021-02-23 23:44:36,693] {logging_mixin.py:104} INFO - [2021-02-23 23:44:36,692] {dag.py:1818} INFO - Sync 1 DAGs
[2021-02-23 23:44:36,711] {logging_mixin.py:104} INFO - [2021-02-23 23:44:36,711] {dag.py:2273} INFO - Setting next_dagrun for example_bash_operator to 2021-02-21 00:00:00+00:00
[2021-02-23 23:44:36,842] {scheduler_job.py:190} INFO - Processing /home/airflow/.local/lib/python3.6/site-packages/airflow/example_dags/example_bash_operator.py took 0.181 seconds
[2021-02-23 23:45:07,067] {scheduler_job.py:182} INFO - Started process (PID=1032) to work on /home/airflow/.local/lib/python3.6/site-packages/airflow/example_dags/example_bash_operator.py
[2021-02-23 23:45:07,069] {scheduler_job.py:629} INFO - Processing file /home/airflow/.local/lib/python3.6/site-packages/airflow/example_dags/example_bash_operator.py for tasks to queue
[2021-02-23 23:45:07,070] {logging_mixin.py:104} INFO - [2021-02-23 23:45:07,070] {dagbag.py:448} INFO - Filling up the DagBag from /home/airflow/.local/lib/python3.6/site-packages/airflow/example_dags/example_bash_operator.py
[2021-02-23 23:45:07,086] {scheduler_job.py:639} INFO - DAG(s) dict_keys(['example_bash_operator']) retrieved from /home/airflow/.local/lib/python3.6/site-packages/airflow/example_dags/example_bash_operator.py
[2021-02-23 23:45:07,105] {logging_mixin.py:104} INFO - [2021-02-23 23:45:07,105] {dag.py:1818} INFO - Sync 1 DAGs
[2021-02-23 23:45:07,124] {logging_mixin.py:104} INFO - [2021-02-23 23:45:07,124] {dag.py:2273} INFO - Setting next_dagrun for example_bash_operator to 2021-02-21 00:00:00+00:00
[2021-02-23 23:45:07,367] {scheduler_job.py:190} INFO - Processing /home/airflow/.local/lib/python3.6/site-packages/airflow/example_dags/example_bash_operator.py took 0.308 seconds
[2021-02-23 23:45:37,417] {scheduler_job.py:182} INFO - Started process (PID=1059) to work on /home/airflow/.local/lib/python3.6/site-packages/airflow/example_dags/example_bash_operator.py
[2021-02-23 23:45:37,419] {scheduler_job.py:629} INFO - Processing file /home/airflow/.local/lib/python3.6/site-packages/airflow/example_dags/example_bash_operator.py for tasks to queue
[2021-02-23 23:45:37,420] {logging_mixin.py:104} INFO - [2021-02-23 23:45:37,420] {dagbag.py:448} INFO - Filling up the DagBag from /home/airflow/.local/lib/python3.6/site-packages/airflow/example_dags/example_bash_operator.py
[2021-02-23 23:45:37,441] {scheduler_job.py:639} INFO - DAG(s) dict_keys(['example_bash_operator']) retrieved from /home/airflow/.local/lib/python3.6/site-packages/airflow/example_dags/example_bash_operator.py
[2021-02-23 23:45:37,459] {logging_mixin.py:104} INFO - [2021-02-23 23:45:37,459] {dag.py:1818} INFO - Sync 1 DAGs
[2021-02-23 23:45:37,478] {logging_mixin.py:104} INFO - [2021-02-23 23:45:37,478] {dag.py:2273} INFO - Setting next_dagrun for example_bash_operator to 2021-02-21 00:00:00+00:00
[2021-02-23 23:45:37,515] {scheduler_job.py:190} INFO - Processing /home/airflow/.local/lib/python3.6/site-packages/airflow/example_dags/example_bash_operator.py took 0.105 seconds
[2021-02-23 23:46:08,197] {scheduler_job.py:182} INFO - Started process (PID=1088) to work on /home/airflow/.local/lib/python3.6/site-packages/airflow/example_dags/example_bash_operator.py
[2021-02-23 23:46:08,198] {scheduler_job.py:629} INFO - Processing file /home/airflow/.local/lib/python3.6/site-packages/airflow/example_dags/example_bash_operator.py for tasks to queue
[2021-02-23 23:46:08,199] {logging_mixin.py:104} INFO - [2021-02-23 23:46:08,199] {dagbag.py:448} INFO - Filling up the DagBag from /home/airflow/.local/lib/python3.6/site-packages/airflow/example_dags/example_bash_operator.py
[2021-02-23 23:46:08,215] {scheduler_job.py:639} INFO - DAG(s) dict_keys(['example_bash_operator']) retrieved from /home/airflow/.local/lib/python3.6/site-packages/airflow/example_dags/example_bash_operator.py
[2021-02-23 23:46:08,237] {logging_mixin.py:104} INFO - [2021-02-23 23:46:08,237] {dag.py:1818} INFO - Sync 1 DAGs
[2021-02-23 23:46:08,258] {logging_mixin.py:104} INFO - [2021-02-23 23:46:08,257] {dag.py:2273} INFO - Setting next_dagrun for example_bash_operator to 2021-02-21 00:00:00+00:00
[2021-02-23 23:46:08,289] {scheduler_job.py:190} INFO - Processing /home/airflow/.local/lib/python3.6/site-packages/airflow/example_dags/example_bash_operator.py took 0.096 seconds
[2021-02-23 23:46:38,368] {scheduler_job.py:182} INFO - Started process (PID=1115) to work on /home/airflow/.local/lib/python3.6/site-packages/airflow/example_dags/example_bash_operator.py
[2021-02-23 23:46:38,369] {scheduler_job.py:629} INFO - Processing file /home/airflow/.local/lib/python3.6/site-packages/airflow/example_dags/example_bash_operator.py for tasks to queue
[2021-02-23 23:46:38,370] {logging_mixin.py:104} INFO - [2021-02-23 23:46:38,370] {dagbag.py:448} INFO - Filling up the DagBag from /home/airflow/.local/lib/python3.6/site-packages/airflow/example_dags/example_bash_operator.py
[2021-02-23 23:46:38,382] {scheduler_job.py:639} INFO - DAG(s) dict_keys(['example_bash_operator']) retrieved from /home/airflow/.local/lib/python3.6/site-packages/airflow/example_dags/example_bash_operator.py
[2021-02-23 23:46:38,400] {logging_mixin.py:104} INFO - [2021-02-23 23:46:38,400] {dag.py:1818} INFO - Sync 1 DAGs
[2021-02-23 23:46:38,417] {logging_mixin.py:104} INFO - [2021-02-23 23:46:38,417] {dag.py:2273} INFO - Setting next_dagrun for example_bash_operator to 2021-02-21 00:00:00+00:00
[2021-02-23 23:46:38,447] {scheduler_job.py:190} INFO - Processing /home/airflow/.local/lib/python3.6/site-packages/airflow/example_dags/example_bash_operator.py took 0.082 seconds
[2021-02-23 23:47:09,123] {scheduler_job.py:182} INFO - Started process (PID=1141) to work on /home/airflow/.local/lib/python3.6/site-packages/airflow/example_dags/example_bash_operator.py
[2021-02-23 23:47:09,125] {scheduler_job.py:629} INFO - Processing file /home/airflow/.local/lib/python3.6/site-packages/airflow/example_dags/example_bash_operator.py for tasks to queue
[2021-02-23 23:47:09,126] {logging_mixin.py:104} INFO - [2021-02-23 23:47:09,126] {dagbag.py:448} INFO - Filling up the DagBag from /home/airflow/.local/lib/python3.6/site-packages/airflow/example_dags/example_bash_operator.py
[2021-02-23 23:47:09,147] {scheduler_job.py:639} INFO - DAG(s) dict_keys(['example_bash_operator']) retrieved from /home/airflow/.local/lib/python3.6/site-packages/airflow/example_dags/example_bash_operator.py
[2021-02-23 23:47:09,169] {logging_mixin.py:104} INFO - [2021-02-23 23:47:09,169] {dag.py:1818} INFO - Sync 1 DAGs
[2021-02-23 23:47:09,190] {logging_mixin.py:104} INFO - [2021-02-23 23:47:09,190] {dag.py:2273} INFO - Setting next_dagrun for example_bash_operator to 2021-02-21 00:00:00+00:00
[2021-02-23 23:47:09,230] {scheduler_job.py:190} INFO - Processing /home/airflow/.local/lib/python3.6/site-packages/airflow/example_dags/example_bash_operator.py took 0.111 seconds
[2021-02-23 23:47:40,136] {scheduler_job.py:182} INFO - Started process (PID=1168) to work on /home/airflow/.local/lib/python3.6/site-packages/airflow/example_dags/example_bash_operator.py
[2021-02-23 23:47:40,138] {scheduler_job.py:629} INFO - Processing file /home/airflow/.local/lib/python3.6/site-packages/airflow/example_dags/example_bash_operator.py for tasks to queue
[2021-02-23 23:47:40,139] {logging_mixin.py:104} INFO - [2021-02-23 23:47:40,139] {dagbag.py:448} INFO - Filling up the DagBag from /home/airflow/.local/lib/python3.6/site-packages/airflow/example_dags/example_bash_operator.py
[2021-02-23 23:47:40,152] {scheduler_job.py:639} INFO - DAG(s) dict_keys(['example_bash_operator']) retrieved from /home/airflow/.local/lib/python3.6/site-packages/airflow/example_dags/example_bash_operator.py
[2021-02-23 23:47:40,172] {logging_mixin.py:104} INFO - [2021-02-23 23:47:40,172] {dag.py:1818} INFO - Sync 1 DAGs
[2021-02-23 23:47:40,192] {logging_mixin.py:104} INFO - [2021-02-23 23:47:40,191] {dag.py:2273} INFO - Setting next_dagrun for example_bash_operator to 2021-02-21 00:00:00+00:00
[2021-02-23 23:47:40,229] {scheduler_job.py:190} INFO - Processing /home/airflow/.local/lib/python3.6/site-packages/airflow/example_dags/example_bash_operator.py took 0.096 seconds
[2021-02-23 23:48:11,232] {scheduler_job.py:182} INFO - Started process (PID=1195) to work on /home/airflow/.local/lib/python3.6/site-packages/airflow/example_dags/example_bash_operator.py
[2021-02-23 23:48:11,233] {scheduler_job.py:629} INFO - Processing file /home/airflow/.local/lib/python3.6/site-packages/airflow/example_dags/example_bash_operator.py for tasks to queue
[2021-02-23 23:48:11,234] {logging_mixin.py:104} INFO - [2021-02-23 23:48:11,234] {dagbag.py:448} INFO - Filling up the DagBag from /home/airflow/.local/lib/python3.6/site-packages/airflow/example_dags/example_bash_operator.py
[2021-02-23 23:48:11,247] {scheduler_job.py:639} INFO - DAG(s) dict_keys(['example_bash_operator']) retrieved from /home/airflow/.local/lib/python3.6/site-packages/airflow/example_dags/example_bash_operator.py
[2021-02-23 23:48:11,263] {logging_mixin.py:104} INFO - [2021-02-23 23:48:11,263] {dag.py:1818} INFO - Sync 1 DAGs
[2021-02-23 23:48:11,279] {logging_mixin.py:104} INFO - [2021-02-23 23:48:11,279] {dag.py:2273} INFO - Setting next_dagrun for example_bash_operator to 2021-02-21 00:00:00+00:00
[2021-02-23 23:48:11,320] {scheduler_job.py:190} INFO - Processing /home/airflow/.local/lib/python3.6/site-packages/airflow/example_dags/example_bash_operator.py took 0.091 seconds
[2021-02-23 23:48:41,434] {scheduler_job.py:182} INFO - Started process (PID=1223) to work on /home/airflow/.local/lib/python3.6/site-packages/airflow/example_dags/example_bash_operator.py
[2021-02-23 23:48:41,435] {scheduler_job.py:629} INFO - Processing file /home/airflow/.local/lib/python3.6/site-packages/airflow/example_dags/example_bash_operator.py for tasks to queue
[2021-02-23 23:48:41,435] {logging_mixin.py:104} INFO - [2021-02-23 23:48:41,435] {dagbag.py:448} INFO - Filling up the DagBag from /home/airflow/.local/lib/python3.6/site-packages/airflow/example_dags/example_bash_operator.py
[2021-02-23 23:48:41,448] {scheduler_job.py:639} INFO - DAG(s) dict_keys(['example_bash_operator']) retrieved from /home/airflow/.local/lib/python3.6/site-packages/airflow/example_dags/example_bash_operator.py
[2021-02-23 23:48:41,465] {logging_mixin.py:104} INFO - [2021-02-23 23:48:41,465] {dag.py:1818} INFO - Sync 1 DAGs
[2021-02-23 23:48:41,482] {logging_mixin.py:104} INFO - [2021-02-23 23:48:41,482] {dag.py:2273} INFO - Setting next_dagrun for example_bash_operator to 2021-02-21 00:00:00+00:00
[2021-02-23 23:48:41,513] {scheduler_job.py:190} INFO - Processing /home/airflow/.local/lib/python3.6/site-packages/airflow/example_dags/example_bash_operator.py took 0.082 seconds
[2021-02-23 23:49:12,489] {scheduler_job.py:182} INFO - Started process (PID=1249) to work on /home/airflow/.local/lib/python3.6/site-packages/airflow/example_dags/example_bash_operator.py
[2021-02-23 23:49:12,490] {scheduler_job.py:629} INFO - Processing file /home/airflow/.local/lib/python3.6/site-packages/airflow/example_dags/example_bash_operator.py for tasks to queue
[2021-02-23 23:49:12,490] {logging_mixin.py:104} INFO - [2021-02-23 23:49:12,490] {dagbag.py:448} INFO - Filling up the DagBag from /home/airflow/.local/lib/python3.6/site-packages/airflow/example_dags/example_bash_operator.py
[2021-02-23 23:49:12,501] {scheduler_job.py:639} INFO - DAG(s) dict_keys(['example_bash_operator']) retrieved from /home/airflow/.local/lib/python3.6/site-packages/airflow/example_dags/example_bash_operator.py
[2021-02-23 23:49:12,517] {logging_mixin.py:104} INFO - [2021-02-23 23:49:12,517] {dag.py:1818} INFO - Sync 1 DAGs
[2021-02-23 23:49:12,539] {logging_mixin.py:104} INFO - [2021-02-23 23:49:12,539] {dag.py:2273} INFO - Setting next_dagrun for example_bash_operator to 2021-02-21 00:00:00+00:00
[2021-02-23 23:49:12,583] {scheduler_job.py:190} INFO - Processing /home/airflow/.local/lib/python3.6/site-packages/airflow/example_dags/example_bash_operator.py took 0.097 seconds
