[2021-02-23 23:15:27,498] {scheduler_job.py:182} INFO - Started process (PID=42) to work on /home/airflow/.local/lib/python3.6/site-packages/airflow/example_dags/example_branch_operator.py
[2021-02-23 23:15:27,499] {scheduler_job.py:629} INFO - Processing file /home/airflow/.local/lib/python3.6/site-packages/airflow/example_dags/example_branch_operator.py for tasks to queue
[2021-02-23 23:15:27,500] {logging_mixin.py:104} INFO - [2021-02-23 23:15:27,500] {dagbag.py:448} INFO - Filling up the DagBag from /home/airflow/.local/lib/python3.6/site-packages/airflow/example_dags/example_branch_operator.py
[2021-02-23 23:15:27,520] {scheduler_job.py:639} INFO - DAG(s) dict_keys(['example_branch_operator']) retrieved from /home/airflow/.local/lib/python3.6/site-packages/airflow/example_dags/example_branch_operator.py
[2021-02-23 23:15:27,545] {logging_mixin.py:104} INFO - [2021-02-23 23:15:27,545] {dag.py:1818} INFO - Sync 1 DAGs
[2021-02-23 23:15:27,557] {logging_mixin.py:104} INFO - [2021-02-23 23:15:27,556] {dag.py:1837} INFO - Creating ORM DAG for example_branch_operator
[2021-02-23 23:15:27,570] {logging_mixin.py:104} INFO - [2021-02-23 23:15:27,570] {dag.py:2273} INFO - Setting next_dagrun for example_branch_operator to 2021-02-21 00:00:00+00:00
[2021-02-23 23:15:27,832] {scheduler_job.py:190} INFO - Processing /home/airflow/.local/lib/python3.6/site-packages/airflow/example_dags/example_branch_operator.py took 0.337 seconds
[2021-02-23 23:15:58,426] {scheduler_job.py:182} INFO - Started process (PID=69) to work on /home/airflow/.local/lib/python3.6/site-packages/airflow/example_dags/example_branch_operator.py
[2021-02-23 23:15:58,426] {scheduler_job.py:629} INFO - Processing file /home/airflow/.local/lib/python3.6/site-packages/airflow/example_dags/example_branch_operator.py for tasks to queue
[2021-02-23 23:15:58,427] {logging_mixin.py:104} INFO - [2021-02-23 23:15:58,427] {dagbag.py:448} INFO - Filling up the DagBag from /home/airflow/.local/lib/python3.6/site-packages/airflow/example_dags/example_branch_operator.py
[2021-02-23 23:15:58,441] {scheduler_job.py:639} INFO - DAG(s) dict_keys(['example_branch_operator']) retrieved from /home/airflow/.local/lib/python3.6/site-packages/airflow/example_dags/example_branch_operator.py
[2021-02-23 23:15:58,459] {logging_mixin.py:104} INFO - [2021-02-23 23:15:58,458] {dag.py:1818} INFO - Sync 1 DAGs
[2021-02-23 23:15:58,475] {logging_mixin.py:104} INFO - [2021-02-23 23:15:58,475] {dag.py:2273} INFO - Setting next_dagrun for example_branch_operator to 2021-02-21 00:00:00+00:00
[2021-02-23 23:15:58,651] {scheduler_job.py:190} INFO - Processing /home/airflow/.local/lib/python3.6/site-packages/airflow/example_dags/example_branch_operator.py took 0.228 seconds
[2021-02-23 23:16:29,576] {scheduler_job.py:182} INFO - Started process (PID=97) to work on /home/airflow/.local/lib/python3.6/site-packages/airflow/example_dags/example_branch_operator.py
[2021-02-23 23:16:29,578] {scheduler_job.py:629} INFO - Processing file /home/airflow/.local/lib/python3.6/site-packages/airflow/example_dags/example_branch_operator.py for tasks to queue
[2021-02-23 23:16:29,580] {logging_mixin.py:104} INFO - [2021-02-23 23:16:29,580] {dagbag.py:448} INFO - Filling up the DagBag from /home/airflow/.local/lib/python3.6/site-packages/airflow/example_dags/example_branch_operator.py
[2021-02-23 23:16:29,605] {scheduler_job.py:639} INFO - DAG(s) dict_keys(['example_branch_operator']) retrieved from /home/airflow/.local/lib/python3.6/site-packages/airflow/example_dags/example_branch_operator.py
[2021-02-23 23:16:29,625] {logging_mixin.py:104} INFO - [2021-02-23 23:16:29,625] {dag.py:1818} INFO - Sync 1 DAGs
[2021-02-23 23:16:29,643] {logging_mixin.py:104} INFO - [2021-02-23 23:16:29,643] {dag.py:2273} INFO - Setting next_dagrun for example_branch_operator to 2021-02-21 00:00:00+00:00
[2021-02-23 23:16:29,743] {scheduler_job.py:190} INFO - Processing /home/airflow/.local/lib/python3.6/site-packages/airflow/example_dags/example_branch_operator.py took 0.176 seconds
[2021-02-23 23:16:59,797] {scheduler_job.py:182} INFO - Started process (PID=124) to work on /home/airflow/.local/lib/python3.6/site-packages/airflow/example_dags/example_branch_operator.py
[2021-02-23 23:16:59,798] {scheduler_job.py:629} INFO - Processing file /home/airflow/.local/lib/python3.6/site-packages/airflow/example_dags/example_branch_operator.py for tasks to queue
[2021-02-23 23:16:59,799] {logging_mixin.py:104} INFO - [2021-02-23 23:16:59,798] {dagbag.py:448} INFO - Filling up the DagBag from /home/airflow/.local/lib/python3.6/site-packages/airflow/example_dags/example_branch_operator.py
[2021-02-23 23:16:59,812] {scheduler_job.py:639} INFO - DAG(s) dict_keys(['example_branch_operator']) retrieved from /home/airflow/.local/lib/python3.6/site-packages/airflow/example_dags/example_branch_operator.py
[2021-02-23 23:16:59,828] {logging_mixin.py:104} INFO - [2021-02-23 23:16:59,828] {dag.py:1818} INFO - Sync 1 DAGs
[2021-02-23 23:16:59,847] {logging_mixin.py:104} INFO - [2021-02-23 23:16:59,846] {dag.py:2273} INFO - Setting next_dagrun for example_branch_operator to 2021-02-21 00:00:00+00:00
[2021-02-23 23:16:59,883] {scheduler_job.py:190} INFO - Processing /home/airflow/.local/lib/python3.6/site-packages/airflow/example_dags/example_branch_operator.py took 0.088 seconds
[2021-02-23 23:26:14,418] {scheduler_job.py:182} INFO - Started process (PID=35) to work on /home/airflow/.local/lib/python3.6/site-packages/airflow/example_dags/example_branch_operator.py
[2021-02-23 23:26:14,420] {scheduler_job.py:629} INFO - Processing file /home/airflow/.local/lib/python3.6/site-packages/airflow/example_dags/example_branch_operator.py for tasks to queue
[2021-02-23 23:26:14,421] {logging_mixin.py:104} INFO - [2021-02-23 23:26:14,420] {dagbag.py:448} INFO - Filling up the DagBag from /home/airflow/.local/lib/python3.6/site-packages/airflow/example_dags/example_branch_operator.py
[2021-02-23 23:26:14,451] {scheduler_job.py:639} INFO - DAG(s) dict_keys(['example_branch_operator']) retrieved from /home/airflow/.local/lib/python3.6/site-packages/airflow/example_dags/example_branch_operator.py
[2021-02-23 23:26:14,489] {logging_mixin.py:104} INFO - [2021-02-23 23:26:14,488] {dag.py:1818} INFO - Sync 1 DAGs
[2021-02-23 23:26:14,528] {logging_mixin.py:104} INFO - [2021-02-23 23:26:14,528] {dag.py:2273} INFO - Setting next_dagrun for example_branch_operator to 2021-02-21 00:00:00+00:00
[2021-02-23 23:26:14,588] {scheduler_job.py:190} INFO - Processing /home/airflow/.local/lib/python3.6/site-packages/airflow/example_dags/example_branch_operator.py took 0.184 seconds
[2021-02-23 23:26:46,768] {scheduler_job.py:182} INFO - Started process (PID=69) to work on /home/airflow/.local/lib/python3.6/site-packages/airflow/example_dags/example_branch_operator.py
[2021-02-23 23:26:46,769] {scheduler_job.py:629} INFO - Processing file /home/airflow/.local/lib/python3.6/site-packages/airflow/example_dags/example_branch_operator.py for tasks to queue
[2021-02-23 23:26:46,770] {logging_mixin.py:104} INFO - [2021-02-23 23:26:46,770] {dagbag.py:448} INFO - Filling up the DagBag from /home/airflow/.local/lib/python3.6/site-packages/airflow/example_dags/example_branch_operator.py
[2021-02-23 23:26:46,786] {scheduler_job.py:639} INFO - DAG(s) dict_keys(['example_branch_operator']) retrieved from /home/airflow/.local/lib/python3.6/site-packages/airflow/example_dags/example_branch_operator.py
[2021-02-23 23:26:46,803] {logging_mixin.py:104} INFO - [2021-02-23 23:26:46,803] {dag.py:1818} INFO - Sync 1 DAGs
[2021-02-23 23:26:46,821] {logging_mixin.py:104} INFO - [2021-02-23 23:26:46,821] {dag.py:2273} INFO - Setting next_dagrun for example_branch_operator to 2021-02-21 00:00:00+00:00
[2021-02-23 23:26:47,006] {scheduler_job.py:190} INFO - Processing /home/airflow/.local/lib/python3.6/site-packages/airflow/example_dags/example_branch_operator.py took 0.242 seconds
[2021-02-23 23:27:17,425] {scheduler_job.py:182} INFO - Started process (PID=98) to work on /home/airflow/.local/lib/python3.6/site-packages/airflow/example_dags/example_branch_operator.py
[2021-02-23 23:27:17,426] {scheduler_job.py:629} INFO - Processing file /home/airflow/.local/lib/python3.6/site-packages/airflow/example_dags/example_branch_operator.py for tasks to queue
[2021-02-23 23:27:17,427] {logging_mixin.py:104} INFO - [2021-02-23 23:27:17,427] {dagbag.py:448} INFO - Filling up the DagBag from /home/airflow/.local/lib/python3.6/site-packages/airflow/example_dags/example_branch_operator.py
[2021-02-23 23:27:17,441] {scheduler_job.py:639} INFO - DAG(s) dict_keys(['example_branch_operator']) retrieved from /home/airflow/.local/lib/python3.6/site-packages/airflow/example_dags/example_branch_operator.py
[2021-02-23 23:27:17,460] {logging_mixin.py:104} INFO - [2021-02-23 23:27:17,459] {dag.py:1818} INFO - Sync 1 DAGs
[2021-02-23 23:27:17,479] {logging_mixin.py:104} INFO - [2021-02-23 23:27:17,479] {dag.py:2273} INFO - Setting next_dagrun for example_branch_operator to 2021-02-21 00:00:00+00:00
[2021-02-23 23:27:17,515] {scheduler_job.py:190} INFO - Processing /home/airflow/.local/lib/python3.6/site-packages/airflow/example_dags/example_branch_operator.py took 0.092 seconds
[2021-02-23 23:27:48,430] {scheduler_job.py:182} INFO - Started process (PID=128) to work on /home/airflow/.local/lib/python3.6/site-packages/airflow/example_dags/example_branch_operator.py
[2021-02-23 23:27:48,431] {scheduler_job.py:629} INFO - Processing file /home/airflow/.local/lib/python3.6/site-packages/airflow/example_dags/example_branch_operator.py for tasks to queue
[2021-02-23 23:27:48,433] {logging_mixin.py:104} INFO - [2021-02-23 23:27:48,432] {dagbag.py:448} INFO - Filling up the DagBag from /home/airflow/.local/lib/python3.6/site-packages/airflow/example_dags/example_branch_operator.py
[2021-02-23 23:27:48,453] {scheduler_job.py:639} INFO - DAG(s) dict_keys(['example_branch_operator']) retrieved from /home/airflow/.local/lib/python3.6/site-packages/airflow/example_dags/example_branch_operator.py
[2021-02-23 23:27:48,469] {logging_mixin.py:104} INFO - [2021-02-23 23:27:48,469] {dag.py:1818} INFO - Sync 1 DAGs
[2021-02-23 23:27:48,485] {logging_mixin.py:104} INFO - [2021-02-23 23:27:48,485] {dag.py:2273} INFO - Setting next_dagrun for example_branch_operator to 2021-02-21 00:00:00+00:00
[2021-02-23 23:27:48,606] {scheduler_job.py:190} INFO - Processing /home/airflow/.local/lib/python3.6/site-packages/airflow/example_dags/example_branch_operator.py took 0.182 seconds
[2021-02-23 23:28:19,330] {scheduler_job.py:182} INFO - Started process (PID=156) to work on /home/airflow/.local/lib/python3.6/site-packages/airflow/example_dags/example_branch_operator.py
[2021-02-23 23:28:19,331] {scheduler_job.py:629} INFO - Processing file /home/airflow/.local/lib/python3.6/site-packages/airflow/example_dags/example_branch_operator.py for tasks to queue
[2021-02-23 23:28:19,332] {logging_mixin.py:104} INFO - [2021-02-23 23:28:19,332] {dagbag.py:448} INFO - Filling up the DagBag from /home/airflow/.local/lib/python3.6/site-packages/airflow/example_dags/example_branch_operator.py
[2021-02-23 23:28:19,351] {scheduler_job.py:639} INFO - DAG(s) dict_keys(['example_branch_operator']) retrieved from /home/airflow/.local/lib/python3.6/site-packages/airflow/example_dags/example_branch_operator.py
[2021-02-23 23:28:19,374] {logging_mixin.py:104} INFO - [2021-02-23 23:28:19,374] {dag.py:1818} INFO - Sync 1 DAGs
[2021-02-23 23:28:19,401] {logging_mixin.py:104} INFO - [2021-02-23 23:28:19,401] {dag.py:2273} INFO - Setting next_dagrun for example_branch_operator to 2021-02-21 00:00:00+00:00
[2021-02-23 23:28:19,585] {scheduler_job.py:190} INFO - Processing /home/airflow/.local/lib/python3.6/site-packages/airflow/example_dags/example_branch_operator.py took 0.258 seconds
[2021-02-23 23:28:50,454] {scheduler_job.py:182} INFO - Started process (PID=186) to work on /home/airflow/.local/lib/python3.6/site-packages/airflow/example_dags/example_branch_operator.py
[2021-02-23 23:28:50,455] {scheduler_job.py:629} INFO - Processing file /home/airflow/.local/lib/python3.6/site-packages/airflow/example_dags/example_branch_operator.py for tasks to queue
[2021-02-23 23:28:50,455] {logging_mixin.py:104} INFO - [2021-02-23 23:28:50,455] {dagbag.py:448} INFO - Filling up the DagBag from /home/airflow/.local/lib/python3.6/site-packages/airflow/example_dags/example_branch_operator.py
[2021-02-23 23:28:50,467] {scheduler_job.py:639} INFO - DAG(s) dict_keys(['example_branch_operator']) retrieved from /home/airflow/.local/lib/python3.6/site-packages/airflow/example_dags/example_branch_operator.py
[2021-02-23 23:28:50,483] {logging_mixin.py:104} INFO - [2021-02-23 23:28:50,482] {dag.py:1818} INFO - Sync 1 DAGs
[2021-02-23 23:28:50,498] {logging_mixin.py:104} INFO - [2021-02-23 23:28:50,498] {dag.py:2273} INFO - Setting next_dagrun for example_branch_operator to 2021-02-21 00:00:00+00:00
[2021-02-23 23:28:50,535] {scheduler_job.py:190} INFO - Processing /home/airflow/.local/lib/python3.6/site-packages/airflow/example_dags/example_branch_operator.py took 0.084 seconds
[2021-02-23 23:29:20,654] {scheduler_job.py:182} INFO - Started process (PID=213) to work on /home/airflow/.local/lib/python3.6/site-packages/airflow/example_dags/example_branch_operator.py
[2021-02-23 23:29:20,655] {scheduler_job.py:629} INFO - Processing file /home/airflow/.local/lib/python3.6/site-packages/airflow/example_dags/example_branch_operator.py for tasks to queue
[2021-02-23 23:29:20,656] {logging_mixin.py:104} INFO - [2021-02-23 23:29:20,656] {dagbag.py:448} INFO - Filling up the DagBag from /home/airflow/.local/lib/python3.6/site-packages/airflow/example_dags/example_branch_operator.py
[2021-02-23 23:29:20,670] {scheduler_job.py:639} INFO - DAG(s) dict_keys(['example_branch_operator']) retrieved from /home/airflow/.local/lib/python3.6/site-packages/airflow/example_dags/example_branch_operator.py
[2021-02-23 23:29:20,686] {logging_mixin.py:104} INFO - [2021-02-23 23:29:20,686] {dag.py:1818} INFO - Sync 1 DAGs
[2021-02-23 23:29:20,703] {logging_mixin.py:104} INFO - [2021-02-23 23:29:20,703] {dag.py:2273} INFO - Setting next_dagrun for example_branch_operator to 2021-02-21 00:00:00+00:00
[2021-02-23 23:29:20,736] {scheduler_job.py:190} INFO - Processing /home/airflow/.local/lib/python3.6/site-packages/airflow/example_dags/example_branch_operator.py took 0.084 seconds
[2021-02-23 23:29:50,814] {scheduler_job.py:182} INFO - Started process (PID=240) to work on /home/airflow/.local/lib/python3.6/site-packages/airflow/example_dags/example_branch_operator.py
[2021-02-23 23:29:50,815] {scheduler_job.py:629} INFO - Processing file /home/airflow/.local/lib/python3.6/site-packages/airflow/example_dags/example_branch_operator.py for tasks to queue
[2021-02-23 23:29:50,815] {logging_mixin.py:104} INFO - [2021-02-23 23:29:50,815] {dagbag.py:448} INFO - Filling up the DagBag from /home/airflow/.local/lib/python3.6/site-packages/airflow/example_dags/example_branch_operator.py
[2021-02-23 23:29:50,831] {scheduler_job.py:639} INFO - DAG(s) dict_keys(['example_branch_operator']) retrieved from /home/airflow/.local/lib/python3.6/site-packages/airflow/example_dags/example_branch_operator.py
[2021-02-23 23:29:50,847] {logging_mixin.py:104} INFO - [2021-02-23 23:29:50,847] {dag.py:1818} INFO - Sync 1 DAGs
[2021-02-23 23:29:50,865] {logging_mixin.py:104} INFO - [2021-02-23 23:29:50,865] {dag.py:2273} INFO - Setting next_dagrun for example_branch_operator to 2021-02-21 00:00:00+00:00
[2021-02-23 23:29:50,902] {scheduler_job.py:190} INFO - Processing /home/airflow/.local/lib/python3.6/site-packages/airflow/example_dags/example_branch_operator.py took 0.091 seconds
[2021-02-23 23:30:21,538] {scheduler_job.py:182} INFO - Started process (PID=267) to work on /home/airflow/.local/lib/python3.6/site-packages/airflow/example_dags/example_branch_operator.py
[2021-02-23 23:30:21,538] {scheduler_job.py:629} INFO - Processing file /home/airflow/.local/lib/python3.6/site-packages/airflow/example_dags/example_branch_operator.py for tasks to queue
[2021-02-23 23:30:21,539] {logging_mixin.py:104} INFO - [2021-02-23 23:30:21,539] {dagbag.py:448} INFO - Filling up the DagBag from /home/airflow/.local/lib/python3.6/site-packages/airflow/example_dags/example_branch_operator.py
[2021-02-23 23:30:21,550] {scheduler_job.py:639} INFO - DAG(s) dict_keys(['example_branch_operator']) retrieved from /home/airflow/.local/lib/python3.6/site-packages/airflow/example_dags/example_branch_operator.py
[2021-02-23 23:30:21,566] {logging_mixin.py:104} INFO - [2021-02-23 23:30:21,566] {dag.py:1818} INFO - Sync 1 DAGs
[2021-02-23 23:30:21,582] {logging_mixin.py:104} INFO - [2021-02-23 23:30:21,582] {dag.py:2273} INFO - Setting next_dagrun for example_branch_operator to 2021-02-21 00:00:00+00:00
[2021-02-23 23:30:21,618] {scheduler_job.py:190} INFO - Processing /home/airflow/.local/lib/python3.6/site-packages/airflow/example_dags/example_branch_operator.py took 0.082 seconds
[2021-02-23 23:30:53,034] {scheduler_job.py:182} INFO - Started process (PID=294) to work on /home/airflow/.local/lib/python3.6/site-packages/airflow/example_dags/example_branch_operator.py
[2021-02-23 23:30:53,035] {scheduler_job.py:629} INFO - Processing file /home/airflow/.local/lib/python3.6/site-packages/airflow/example_dags/example_branch_operator.py for tasks to queue
[2021-02-23 23:30:53,035] {logging_mixin.py:104} INFO - [2021-02-23 23:30:53,035] {dagbag.py:448} INFO - Filling up the DagBag from /home/airflow/.local/lib/python3.6/site-packages/airflow/example_dags/example_branch_operator.py
[2021-02-23 23:30:53,047] {scheduler_job.py:639} INFO - DAG(s) dict_keys(['example_branch_operator']) retrieved from /home/airflow/.local/lib/python3.6/site-packages/airflow/example_dags/example_branch_operator.py
[2021-02-23 23:30:53,063] {logging_mixin.py:104} INFO - [2021-02-23 23:30:53,063] {dag.py:1818} INFO - Sync 1 DAGs
[2021-02-23 23:30:53,080] {logging_mixin.py:104} INFO - [2021-02-23 23:30:53,080] {dag.py:2273} INFO - Setting next_dagrun for example_branch_operator to 2021-02-21 00:00:00+00:00
[2021-02-23 23:30:53,112] {scheduler_job.py:190} INFO - Processing /home/airflow/.local/lib/python3.6/site-packages/airflow/example_dags/example_branch_operator.py took 0.080 seconds
[2021-02-23 23:31:23,360] {scheduler_job.py:182} INFO - Started process (PID=321) to work on /home/airflow/.local/lib/python3.6/site-packages/airflow/example_dags/example_branch_operator.py
[2021-02-23 23:31:23,361] {scheduler_job.py:629} INFO - Processing file /home/airflow/.local/lib/python3.6/site-packages/airflow/example_dags/example_branch_operator.py for tasks to queue
[2021-02-23 23:31:23,362] {logging_mixin.py:104} INFO - [2021-02-23 23:31:23,362] {dagbag.py:448} INFO - Filling up the DagBag from /home/airflow/.local/lib/python3.6/site-packages/airflow/example_dags/example_branch_operator.py
[2021-02-23 23:31:23,379] {scheduler_job.py:639} INFO - DAG(s) dict_keys(['example_branch_operator']) retrieved from /home/airflow/.local/lib/python3.6/site-packages/airflow/example_dags/example_branch_operator.py
[2021-02-23 23:31:23,398] {logging_mixin.py:104} INFO - [2021-02-23 23:31:23,398] {dag.py:1818} INFO - Sync 1 DAGs
[2021-02-23 23:31:23,415] {logging_mixin.py:104} INFO - [2021-02-23 23:31:23,415] {dag.py:2273} INFO - Setting next_dagrun for example_branch_operator to 2021-02-21 00:00:00+00:00
[2021-02-23 23:31:23,451] {scheduler_job.py:190} INFO - Processing /home/airflow/.local/lib/python3.6/site-packages/airflow/example_dags/example_branch_operator.py took 0.093 seconds
[2021-02-23 23:31:53,920] {scheduler_job.py:182} INFO - Started process (PID=348) to work on /home/airflow/.local/lib/python3.6/site-packages/airflow/example_dags/example_branch_operator.py
[2021-02-23 23:31:53,921] {scheduler_job.py:629} INFO - Processing file /home/airflow/.local/lib/python3.6/site-packages/airflow/example_dags/example_branch_operator.py for tasks to queue
[2021-02-23 23:31:53,922] {logging_mixin.py:104} INFO - [2021-02-23 23:31:53,922] {dagbag.py:448} INFO - Filling up the DagBag from /home/airflow/.local/lib/python3.6/site-packages/airflow/example_dags/example_branch_operator.py
[2021-02-23 23:31:53,938] {scheduler_job.py:639} INFO - DAG(s) dict_keys(['example_branch_operator']) retrieved from /home/airflow/.local/lib/python3.6/site-packages/airflow/example_dags/example_branch_operator.py
[2021-02-23 23:31:53,955] {logging_mixin.py:104} INFO - [2021-02-23 23:31:53,955] {dag.py:1818} INFO - Sync 1 DAGs
[2021-02-23 23:31:53,975] {logging_mixin.py:104} INFO - [2021-02-23 23:31:53,975] {dag.py:2273} INFO - Setting next_dagrun for example_branch_operator to 2021-02-21 00:00:00+00:00
[2021-02-23 23:31:54,243] {scheduler_job.py:190} INFO - Processing /home/airflow/.local/lib/python3.6/site-packages/airflow/example_dags/example_branch_operator.py took 0.326 seconds
[2021-02-23 23:32:24,880] {scheduler_job.py:182} INFO - Started process (PID=375) to work on /home/airflow/.local/lib/python3.6/site-packages/airflow/example_dags/example_branch_operator.py
[2021-02-23 23:32:24,880] {scheduler_job.py:629} INFO - Processing file /home/airflow/.local/lib/python3.6/site-packages/airflow/example_dags/example_branch_operator.py for tasks to queue
[2021-02-23 23:32:24,881] {logging_mixin.py:104} INFO - [2021-02-23 23:32:24,881] {dagbag.py:448} INFO - Filling up the DagBag from /home/airflow/.local/lib/python3.6/site-packages/airflow/example_dags/example_branch_operator.py
[2021-02-23 23:32:24,894] {scheduler_job.py:639} INFO - DAG(s) dict_keys(['example_branch_operator']) retrieved from /home/airflow/.local/lib/python3.6/site-packages/airflow/example_dags/example_branch_operator.py
[2021-02-23 23:32:24,910] {logging_mixin.py:104} INFO - [2021-02-23 23:32:24,910] {dag.py:1818} INFO - Sync 1 DAGs
[2021-02-23 23:32:24,929] {logging_mixin.py:104} INFO - [2021-02-23 23:32:24,929] {dag.py:2273} INFO - Setting next_dagrun for example_branch_operator to 2021-02-21 00:00:00+00:00
[2021-02-23 23:32:24,965] {scheduler_job.py:190} INFO - Processing /home/airflow/.local/lib/python3.6/site-packages/airflow/example_dags/example_branch_operator.py took 0.088 seconds
[2021-02-23 23:32:55,895] {scheduler_job.py:182} INFO - Started process (PID=402) to work on /home/airflow/.local/lib/python3.6/site-packages/airflow/example_dags/example_branch_operator.py
[2021-02-23 23:32:55,895] {scheduler_job.py:629} INFO - Processing file /home/airflow/.local/lib/python3.6/site-packages/airflow/example_dags/example_branch_operator.py for tasks to queue
[2021-02-23 23:32:55,896] {logging_mixin.py:104} INFO - [2021-02-23 23:32:55,896] {dagbag.py:448} INFO - Filling up the DagBag from /home/airflow/.local/lib/python3.6/site-packages/airflow/example_dags/example_branch_operator.py
[2021-02-23 23:32:55,908] {scheduler_job.py:639} INFO - DAG(s) dict_keys(['example_branch_operator']) retrieved from /home/airflow/.local/lib/python3.6/site-packages/airflow/example_dags/example_branch_operator.py
[2021-02-23 23:32:55,923] {logging_mixin.py:104} INFO - [2021-02-23 23:32:55,923] {dag.py:1818} INFO - Sync 1 DAGs
[2021-02-23 23:32:55,943] {logging_mixin.py:104} INFO - [2021-02-23 23:32:55,943] {dag.py:2273} INFO - Setting next_dagrun for example_branch_operator to 2021-02-21 00:00:00+00:00
[2021-02-23 23:32:55,981] {scheduler_job.py:190} INFO - Processing /home/airflow/.local/lib/python3.6/site-packages/airflow/example_dags/example_branch_operator.py took 0.088 seconds
[2021-02-23 23:33:26,715] {scheduler_job.py:182} INFO - Started process (PID=429) to work on /home/airflow/.local/lib/python3.6/site-packages/airflow/example_dags/example_branch_operator.py
[2021-02-23 23:33:26,716] {scheduler_job.py:629} INFO - Processing file /home/airflow/.local/lib/python3.6/site-packages/airflow/example_dags/example_branch_operator.py for tasks to queue
[2021-02-23 23:33:26,717] {logging_mixin.py:104} INFO - [2021-02-23 23:33:26,717] {dagbag.py:448} INFO - Filling up the DagBag from /home/airflow/.local/lib/python3.6/site-packages/airflow/example_dags/example_branch_operator.py
[2021-02-23 23:33:26,733] {scheduler_job.py:639} INFO - DAG(s) dict_keys(['example_branch_operator']) retrieved from /home/airflow/.local/lib/python3.6/site-packages/airflow/example_dags/example_branch_operator.py
[2021-02-23 23:33:26,748] {logging_mixin.py:104} INFO - [2021-02-23 23:33:26,748] {dag.py:1818} INFO - Sync 1 DAGs
[2021-02-23 23:33:26,765] {logging_mixin.py:104} INFO - [2021-02-23 23:33:26,765] {dag.py:2273} INFO - Setting next_dagrun for example_branch_operator to 2021-02-21 00:00:00+00:00
[2021-02-23 23:33:26,981] {scheduler_job.py:190} INFO - Processing /home/airflow/.local/lib/python3.6/site-packages/airflow/example_dags/example_branch_operator.py took 0.268 seconds
[2021-02-23 23:33:57,339] {scheduler_job.py:182} INFO - Started process (PID=456) to work on /home/airflow/.local/lib/python3.6/site-packages/airflow/example_dags/example_branch_operator.py
[2021-02-23 23:33:57,340] {scheduler_job.py:629} INFO - Processing file /home/airflow/.local/lib/python3.6/site-packages/airflow/example_dags/example_branch_operator.py for tasks to queue
[2021-02-23 23:33:57,340] {logging_mixin.py:104} INFO - [2021-02-23 23:33:57,340] {dagbag.py:448} INFO - Filling up the DagBag from /home/airflow/.local/lib/python3.6/site-packages/airflow/example_dags/example_branch_operator.py
[2021-02-23 23:33:57,352] {scheduler_job.py:639} INFO - DAG(s) dict_keys(['example_branch_operator']) retrieved from /home/airflow/.local/lib/python3.6/site-packages/airflow/example_dags/example_branch_operator.py
[2021-02-23 23:33:57,370] {logging_mixin.py:104} INFO - [2021-02-23 23:33:57,370] {dag.py:1818} INFO - Sync 1 DAGs
[2021-02-23 23:33:57,389] {logging_mixin.py:104} INFO - [2021-02-23 23:33:57,389] {dag.py:2273} INFO - Setting next_dagrun for example_branch_operator to 2021-02-21 00:00:00+00:00
[2021-02-23 23:33:57,422] {scheduler_job.py:190} INFO - Processing /home/airflow/.local/lib/python3.6/site-packages/airflow/example_dags/example_branch_operator.py took 0.085 seconds
[2021-02-23 23:34:28,325] {scheduler_job.py:182} INFO - Started process (PID=483) to work on /home/airflow/.local/lib/python3.6/site-packages/airflow/example_dags/example_branch_operator.py
[2021-02-23 23:34:28,326] {scheduler_job.py:629} INFO - Processing file /home/airflow/.local/lib/python3.6/site-packages/airflow/example_dags/example_branch_operator.py for tasks to queue
[2021-02-23 23:34:28,326] {logging_mixin.py:104} INFO - [2021-02-23 23:34:28,326] {dagbag.py:448} INFO - Filling up the DagBag from /home/airflow/.local/lib/python3.6/site-packages/airflow/example_dags/example_branch_operator.py
[2021-02-23 23:34:28,340] {scheduler_job.py:639} INFO - DAG(s) dict_keys(['example_branch_operator']) retrieved from /home/airflow/.local/lib/python3.6/site-packages/airflow/example_dags/example_branch_operator.py
[2021-02-23 23:34:28,356] {logging_mixin.py:104} INFO - [2021-02-23 23:34:28,355] {dag.py:1818} INFO - Sync 1 DAGs
[2021-02-23 23:34:28,373] {logging_mixin.py:104} INFO - [2021-02-23 23:34:28,373] {dag.py:2273} INFO - Setting next_dagrun for example_branch_operator to 2021-02-21 00:00:00+00:00
[2021-02-23 23:34:28,410] {scheduler_job.py:190} INFO - Processing /home/airflow/.local/lib/python3.6/site-packages/airflow/example_dags/example_branch_operator.py took 0.087 seconds
[2021-02-23 23:34:59,535] {scheduler_job.py:182} INFO - Started process (PID=510) to work on /home/airflow/.local/lib/python3.6/site-packages/airflow/example_dags/example_branch_operator.py
[2021-02-23 23:34:59,536] {scheduler_job.py:629} INFO - Processing file /home/airflow/.local/lib/python3.6/site-packages/airflow/example_dags/example_branch_operator.py for tasks to queue
[2021-02-23 23:34:59,537] {logging_mixin.py:104} INFO - [2021-02-23 23:34:59,537] {dagbag.py:448} INFO - Filling up the DagBag from /home/airflow/.local/lib/python3.6/site-packages/airflow/example_dags/example_branch_operator.py
[2021-02-23 23:34:59,559] {scheduler_job.py:639} INFO - DAG(s) dict_keys(['example_branch_operator']) retrieved from /home/airflow/.local/lib/python3.6/site-packages/airflow/example_dags/example_branch_operator.py
[2021-02-23 23:34:59,577] {logging_mixin.py:104} INFO - [2021-02-23 23:34:59,577] {dag.py:1818} INFO - Sync 1 DAGs
[2021-02-23 23:34:59,593] {logging_mixin.py:104} INFO - [2021-02-23 23:34:59,593] {dag.py:2273} INFO - Setting next_dagrun for example_branch_operator to 2021-02-21 00:00:00+00:00
[2021-02-23 23:34:59,626] {scheduler_job.py:190} INFO - Processing /home/airflow/.local/lib/python3.6/site-packages/airflow/example_dags/example_branch_operator.py took 0.094 seconds
[2021-02-23 23:35:29,680] {scheduler_job.py:182} INFO - Started process (PID=537) to work on /home/airflow/.local/lib/python3.6/site-packages/airflow/example_dags/example_branch_operator.py
[2021-02-23 23:35:29,681] {scheduler_job.py:629} INFO - Processing file /home/airflow/.local/lib/python3.6/site-packages/airflow/example_dags/example_branch_operator.py for tasks to queue
[2021-02-23 23:35:29,681] {logging_mixin.py:104} INFO - [2021-02-23 23:35:29,681] {dagbag.py:448} INFO - Filling up the DagBag from /home/airflow/.local/lib/python3.6/site-packages/airflow/example_dags/example_branch_operator.py
[2021-02-23 23:35:29,698] {scheduler_job.py:639} INFO - DAG(s) dict_keys(['example_branch_operator']) retrieved from /home/airflow/.local/lib/python3.6/site-packages/airflow/example_dags/example_branch_operator.py
[2021-02-23 23:35:29,716] {logging_mixin.py:104} INFO - [2021-02-23 23:35:29,715] {dag.py:1818} INFO - Sync 1 DAGs
[2021-02-23 23:35:29,733] {logging_mixin.py:104} INFO - [2021-02-23 23:35:29,733] {dag.py:2273} INFO - Setting next_dagrun for example_branch_operator to 2021-02-21 00:00:00+00:00
[2021-02-23 23:35:29,772] {scheduler_job.py:190} INFO - Processing /home/airflow/.local/lib/python3.6/site-packages/airflow/example_dags/example_branch_operator.py took 0.095 seconds
[2021-02-23 23:36:00,712] {scheduler_job.py:182} INFO - Started process (PID=564) to work on /home/airflow/.local/lib/python3.6/site-packages/airflow/example_dags/example_branch_operator.py
[2021-02-23 23:36:00,713] {scheduler_job.py:629} INFO - Processing file /home/airflow/.local/lib/python3.6/site-packages/airflow/example_dags/example_branch_operator.py for tasks to queue
[2021-02-23 23:36:00,714] {logging_mixin.py:104} INFO - [2021-02-23 23:36:00,713] {dagbag.py:448} INFO - Filling up the DagBag from /home/airflow/.local/lib/python3.6/site-packages/airflow/example_dags/example_branch_operator.py
[2021-02-23 23:36:00,731] {scheduler_job.py:639} INFO - DAG(s) dict_keys(['example_branch_operator']) retrieved from /home/airflow/.local/lib/python3.6/site-packages/airflow/example_dags/example_branch_operator.py
[2021-02-23 23:36:00,752] {logging_mixin.py:104} INFO - [2021-02-23 23:36:00,752] {dag.py:1818} INFO - Sync 1 DAGs
[2021-02-23 23:36:00,772] {logging_mixin.py:104} INFO - [2021-02-23 23:36:00,772] {dag.py:2273} INFO - Setting next_dagrun for example_branch_operator to 2021-02-21 00:00:00+00:00
[2021-02-23 23:36:00,812] {scheduler_job.py:190} INFO - Processing /home/airflow/.local/lib/python3.6/site-packages/airflow/example_dags/example_branch_operator.py took 0.103 seconds
[2021-02-23 23:36:31,531] {scheduler_job.py:182} INFO - Started process (PID=591) to work on /home/airflow/.local/lib/python3.6/site-packages/airflow/example_dags/example_branch_operator.py
[2021-02-23 23:36:31,533] {scheduler_job.py:629} INFO - Processing file /home/airflow/.local/lib/python3.6/site-packages/airflow/example_dags/example_branch_operator.py for tasks to queue
[2021-02-23 23:36:31,535] {logging_mixin.py:104} INFO - [2021-02-23 23:36:31,534] {dagbag.py:448} INFO - Filling up the DagBag from /home/airflow/.local/lib/python3.6/site-packages/airflow/example_dags/example_branch_operator.py
[2021-02-23 23:36:31,554] {scheduler_job.py:639} INFO - DAG(s) dict_keys(['example_branch_operator']) retrieved from /home/airflow/.local/lib/python3.6/site-packages/airflow/example_dags/example_branch_operator.py
[2021-02-23 23:36:31,573] {logging_mixin.py:104} INFO - [2021-02-23 23:36:31,573] {dag.py:1818} INFO - Sync 1 DAGs
[2021-02-23 23:36:31,590] {logging_mixin.py:104} INFO - [2021-02-23 23:36:31,590] {dag.py:2273} INFO - Setting next_dagrun for example_branch_operator to 2021-02-21 00:00:00+00:00
[2021-02-23 23:36:31,622] {scheduler_job.py:190} INFO - Processing /home/airflow/.local/lib/python3.6/site-packages/airflow/example_dags/example_branch_operator.py took 0.098 seconds
[2021-02-23 23:37:02,391] {scheduler_job.py:182} INFO - Started process (PID=618) to work on /home/airflow/.local/lib/python3.6/site-packages/airflow/example_dags/example_branch_operator.py
[2021-02-23 23:37:02,392] {scheduler_job.py:629} INFO - Processing file /home/airflow/.local/lib/python3.6/site-packages/airflow/example_dags/example_branch_operator.py for tasks to queue
[2021-02-23 23:37:02,394] {logging_mixin.py:104} INFO - [2021-02-23 23:37:02,393] {dagbag.py:448} INFO - Filling up the DagBag from /home/airflow/.local/lib/python3.6/site-packages/airflow/example_dags/example_branch_operator.py
[2021-02-23 23:37:02,417] {scheduler_job.py:639} INFO - DAG(s) dict_keys(['example_branch_operator']) retrieved from /home/airflow/.local/lib/python3.6/site-packages/airflow/example_dags/example_branch_operator.py
[2021-02-23 23:37:02,438] {logging_mixin.py:104} INFO - [2021-02-23 23:37:02,437] {dag.py:1818} INFO - Sync 1 DAGs
[2021-02-23 23:37:02,458] {logging_mixin.py:104} INFO - [2021-02-23 23:37:02,458] {dag.py:2273} INFO - Setting next_dagrun for example_branch_operator to 2021-02-21 00:00:00+00:00
[2021-02-23 23:37:02,592] {scheduler_job.py:190} INFO - Processing /home/airflow/.local/lib/python3.6/site-packages/airflow/example_dags/example_branch_operator.py took 0.205 seconds
[2021-02-23 23:37:32,878] {scheduler_job.py:182} INFO - Started process (PID=645) to work on /home/airflow/.local/lib/python3.6/site-packages/airflow/example_dags/example_branch_operator.py
[2021-02-23 23:37:32,879] {scheduler_job.py:629} INFO - Processing file /home/airflow/.local/lib/python3.6/site-packages/airflow/example_dags/example_branch_operator.py for tasks to queue
[2021-02-23 23:37:32,879] {logging_mixin.py:104} INFO - [2021-02-23 23:37:32,879] {dagbag.py:448} INFO - Filling up the DagBag from /home/airflow/.local/lib/python3.6/site-packages/airflow/example_dags/example_branch_operator.py
[2021-02-23 23:37:32,893] {scheduler_job.py:639} INFO - DAG(s) dict_keys(['example_branch_operator']) retrieved from /home/airflow/.local/lib/python3.6/site-packages/airflow/example_dags/example_branch_operator.py
[2021-02-23 23:37:32,909] {logging_mixin.py:104} INFO - [2021-02-23 23:37:32,909] {dag.py:1818} INFO - Sync 1 DAGs
[2021-02-23 23:37:32,926] {logging_mixin.py:104} INFO - [2021-02-23 23:37:32,926] {dag.py:2273} INFO - Setting next_dagrun for example_branch_operator to 2021-02-21 00:00:00+00:00
[2021-02-23 23:37:32,963] {scheduler_job.py:190} INFO - Processing /home/airflow/.local/lib/python3.6/site-packages/airflow/example_dags/example_branch_operator.py took 0.087 seconds
[2021-02-23 23:38:03,300] {scheduler_job.py:182} INFO - Started process (PID=672) to work on /home/airflow/.local/lib/python3.6/site-packages/airflow/example_dags/example_branch_operator.py
[2021-02-23 23:38:03,300] {scheduler_job.py:629} INFO - Processing file /home/airflow/.local/lib/python3.6/site-packages/airflow/example_dags/example_branch_operator.py for tasks to queue
[2021-02-23 23:38:03,301] {logging_mixin.py:104} INFO - [2021-02-23 23:38:03,301] {dagbag.py:448} INFO - Filling up the DagBag from /home/airflow/.local/lib/python3.6/site-packages/airflow/example_dags/example_branch_operator.py
[2021-02-23 23:38:03,314] {scheduler_job.py:639} INFO - DAG(s) dict_keys(['example_branch_operator']) retrieved from /home/airflow/.local/lib/python3.6/site-packages/airflow/example_dags/example_branch_operator.py
[2021-02-23 23:38:03,330] {logging_mixin.py:104} INFO - [2021-02-23 23:38:03,330] {dag.py:1818} INFO - Sync 1 DAGs
[2021-02-23 23:38:03,347] {logging_mixin.py:104} INFO - [2021-02-23 23:38:03,347] {dag.py:2273} INFO - Setting next_dagrun for example_branch_operator to 2021-02-21 00:00:00+00:00
[2021-02-23 23:38:03,387] {scheduler_job.py:190} INFO - Processing /home/airflow/.local/lib/python3.6/site-packages/airflow/example_dags/example_branch_operator.py took 0.089 seconds
[2021-02-23 23:38:33,436] {scheduler_job.py:182} INFO - Started process (PID=693) to work on /home/airflow/.local/lib/python3.6/site-packages/airflow/example_dags/example_branch_operator.py
[2021-02-23 23:38:33,437] {scheduler_job.py:629} INFO - Processing file /home/airflow/.local/lib/python3.6/site-packages/airflow/example_dags/example_branch_operator.py for tasks to queue
[2021-02-23 23:38:33,438] {logging_mixin.py:104} INFO - [2021-02-23 23:38:33,438] {dagbag.py:448} INFO - Filling up the DagBag from /home/airflow/.local/lib/python3.6/site-packages/airflow/example_dags/example_branch_operator.py
[2021-02-23 23:38:33,450] {scheduler_job.py:639} INFO - DAG(s) dict_keys(['example_branch_operator']) retrieved from /home/airflow/.local/lib/python3.6/site-packages/airflow/example_dags/example_branch_operator.py
[2021-02-23 23:38:33,467] {logging_mixin.py:104} INFO - [2021-02-23 23:38:33,467] {dag.py:1818} INFO - Sync 1 DAGs
[2021-02-23 23:38:33,486] {logging_mixin.py:104} INFO - [2021-02-23 23:38:33,485] {dag.py:2273} INFO - Setting next_dagrun for example_branch_operator to 2021-02-21 00:00:00+00:00
[2021-02-23 23:38:33,519] {scheduler_job.py:190} INFO - Processing /home/airflow/.local/lib/python3.6/site-packages/airflow/example_dags/example_branch_operator.py took 0.085 seconds
[2021-02-23 23:39:03,594] {scheduler_job.py:182} INFO - Started process (PID=721) to work on /home/airflow/.local/lib/python3.6/site-packages/airflow/example_dags/example_branch_operator.py
[2021-02-23 23:39:03,595] {scheduler_job.py:629} INFO - Processing file /home/airflow/.local/lib/python3.6/site-packages/airflow/example_dags/example_branch_operator.py for tasks to queue
[2021-02-23 23:39:03,596] {logging_mixin.py:104} INFO - [2021-02-23 23:39:03,595] {dagbag.py:448} INFO - Filling up the DagBag from /home/airflow/.local/lib/python3.6/site-packages/airflow/example_dags/example_branch_operator.py
[2021-02-23 23:39:03,609] {scheduler_job.py:639} INFO - DAG(s) dict_keys(['example_branch_operator']) retrieved from /home/airflow/.local/lib/python3.6/site-packages/airflow/example_dags/example_branch_operator.py
[2021-02-23 23:39:03,624] {logging_mixin.py:104} INFO - [2021-02-23 23:39:03,624] {dag.py:1818} INFO - Sync 1 DAGs
[2021-02-23 23:39:03,639] {logging_mixin.py:104} INFO - [2021-02-23 23:39:03,639] {dag.py:2273} INFO - Setting next_dagrun for example_branch_operator to 2021-02-21 00:00:00+00:00
[2021-02-23 23:39:03,676] {scheduler_job.py:190} INFO - Processing /home/airflow/.local/lib/python3.6/site-packages/airflow/example_dags/example_branch_operator.py took 0.084 seconds
[2021-02-23 23:39:33,788] {scheduler_job.py:182} INFO - Started process (PID=748) to work on /home/airflow/.local/lib/python3.6/site-packages/airflow/example_dags/example_branch_operator.py
[2021-02-23 23:39:33,789] {scheduler_job.py:629} INFO - Processing file /home/airflow/.local/lib/python3.6/site-packages/airflow/example_dags/example_branch_operator.py for tasks to queue
[2021-02-23 23:39:33,790] {logging_mixin.py:104} INFO - [2021-02-23 23:39:33,790] {dagbag.py:448} INFO - Filling up the DagBag from /home/airflow/.local/lib/python3.6/site-packages/airflow/example_dags/example_branch_operator.py
[2021-02-23 23:39:33,805] {scheduler_job.py:639} INFO - DAG(s) dict_keys(['example_branch_operator']) retrieved from /home/airflow/.local/lib/python3.6/site-packages/airflow/example_dags/example_branch_operator.py
[2021-02-23 23:39:33,821] {logging_mixin.py:104} INFO - [2021-02-23 23:39:33,821] {dag.py:1818} INFO - Sync 1 DAGs
[2021-02-23 23:39:33,838] {logging_mixin.py:104} INFO - [2021-02-23 23:39:33,838] {dag.py:2273} INFO - Setting next_dagrun for example_branch_operator to 2021-02-21 00:00:00+00:00
[2021-02-23 23:39:33,868] {scheduler_job.py:190} INFO - Processing /home/airflow/.local/lib/python3.6/site-packages/airflow/example_dags/example_branch_operator.py took 0.082 seconds
[2021-02-23 23:40:04,642] {scheduler_job.py:182} INFO - Started process (PID=778) to work on /home/airflow/.local/lib/python3.6/site-packages/airflow/example_dags/example_branch_operator.py
[2021-02-23 23:40:04,643] {scheduler_job.py:629} INFO - Processing file /home/airflow/.local/lib/python3.6/site-packages/airflow/example_dags/example_branch_operator.py for tasks to queue
[2021-02-23 23:40:04,643] {logging_mixin.py:104} INFO - [2021-02-23 23:40:04,643] {dagbag.py:448} INFO - Filling up the DagBag from /home/airflow/.local/lib/python3.6/site-packages/airflow/example_dags/example_branch_operator.py
[2021-02-23 23:40:04,663] {scheduler_job.py:639} INFO - DAG(s) dict_keys(['example_branch_operator']) retrieved from /home/airflow/.local/lib/python3.6/site-packages/airflow/example_dags/example_branch_operator.py
[2021-02-23 23:40:04,682] {logging_mixin.py:104} INFO - [2021-02-23 23:40:04,682] {dag.py:1818} INFO - Sync 1 DAGs
[2021-02-23 23:40:04,705] {logging_mixin.py:104} INFO - [2021-02-23 23:40:04,705] {dag.py:2273} INFO - Setting next_dagrun for example_branch_operator to 2021-02-21 00:00:00+00:00
[2021-02-23 23:40:04,745] {scheduler_job.py:190} INFO - Processing /home/airflow/.local/lib/python3.6/site-packages/airflow/example_dags/example_branch_operator.py took 0.107 seconds
[2021-02-23 23:40:35,310] {scheduler_job.py:182} INFO - Started process (PID=805) to work on /home/airflow/.local/lib/python3.6/site-packages/airflow/example_dags/example_branch_operator.py
[2021-02-23 23:40:35,311] {scheduler_job.py:629} INFO - Processing file /home/airflow/.local/lib/python3.6/site-packages/airflow/example_dags/example_branch_operator.py for tasks to queue
[2021-02-23 23:40:35,312] {logging_mixin.py:104} INFO - [2021-02-23 23:40:35,312] {dagbag.py:448} INFO - Filling up the DagBag from /home/airflow/.local/lib/python3.6/site-packages/airflow/example_dags/example_branch_operator.py
[2021-02-23 23:40:35,328] {scheduler_job.py:639} INFO - DAG(s) dict_keys(['example_branch_operator']) retrieved from /home/airflow/.local/lib/python3.6/site-packages/airflow/example_dags/example_branch_operator.py
[2021-02-23 23:40:35,345] {logging_mixin.py:104} INFO - [2021-02-23 23:40:35,345] {dag.py:1818} INFO - Sync 1 DAGs
[2021-02-23 23:40:35,362] {logging_mixin.py:104} INFO - [2021-02-23 23:40:35,362] {dag.py:2273} INFO - Setting next_dagrun for example_branch_operator to 2021-02-21 00:00:00+00:00
[2021-02-23 23:40:35,392] {scheduler_job.py:190} INFO - Processing /home/airflow/.local/lib/python3.6/site-packages/airflow/example_dags/example_branch_operator.py took 0.084 seconds
[2021-02-23 23:41:05,922] {scheduler_job.py:182} INFO - Started process (PID=832) to work on /home/airflow/.local/lib/python3.6/site-packages/airflow/example_dags/example_branch_operator.py
[2021-02-23 23:41:05,924] {scheduler_job.py:629} INFO - Processing file /home/airflow/.local/lib/python3.6/site-packages/airflow/example_dags/example_branch_operator.py for tasks to queue
[2021-02-23 23:41:05,925] {logging_mixin.py:104} INFO - [2021-02-23 23:41:05,925] {dagbag.py:448} INFO - Filling up the DagBag from /home/airflow/.local/lib/python3.6/site-packages/airflow/example_dags/example_branch_operator.py
[2021-02-23 23:41:05,942] {scheduler_job.py:639} INFO - DAG(s) dict_keys(['example_branch_operator']) retrieved from /home/airflow/.local/lib/python3.6/site-packages/airflow/example_dags/example_branch_operator.py
[2021-02-23 23:41:05,958] {logging_mixin.py:104} INFO - [2021-02-23 23:41:05,958] {dag.py:1818} INFO - Sync 1 DAGs
[2021-02-23 23:41:05,975] {logging_mixin.py:104} INFO - [2021-02-23 23:41:05,975] {dag.py:2273} INFO - Setting next_dagrun for example_branch_operator to 2021-02-21 00:00:00+00:00
[2021-02-23 23:41:06,003] {scheduler_job.py:190} INFO - Processing /home/airflow/.local/lib/python3.6/site-packages/airflow/example_dags/example_branch_operator.py took 0.083 seconds
[2021-02-23 23:41:36,948] {scheduler_job.py:182} INFO - Started process (PID=859) to work on /home/airflow/.local/lib/python3.6/site-packages/airflow/example_dags/example_branch_operator.py
[2021-02-23 23:41:36,949] {scheduler_job.py:629} INFO - Processing file /home/airflow/.local/lib/python3.6/site-packages/airflow/example_dags/example_branch_operator.py for tasks to queue
[2021-02-23 23:41:36,950] {logging_mixin.py:104} INFO - [2021-02-23 23:41:36,950] {dagbag.py:448} INFO - Filling up the DagBag from /home/airflow/.local/lib/python3.6/site-packages/airflow/example_dags/example_branch_operator.py
[2021-02-23 23:41:36,963] {scheduler_job.py:639} INFO - DAG(s) dict_keys(['example_branch_operator']) retrieved from /home/airflow/.local/lib/python3.6/site-packages/airflow/example_dags/example_branch_operator.py
[2021-02-23 23:41:36,980] {logging_mixin.py:104} INFO - [2021-02-23 23:41:36,980] {dag.py:1818} INFO - Sync 1 DAGs
[2021-02-23 23:41:36,996] {logging_mixin.py:104} INFO - [2021-02-23 23:41:36,996] {dag.py:2273} INFO - Setting next_dagrun for example_branch_operator to 2021-02-21 00:00:00+00:00
[2021-02-23 23:41:37,028] {scheduler_job.py:190} INFO - Processing /home/airflow/.local/lib/python3.6/site-packages/airflow/example_dags/example_branch_operator.py took 0.082 seconds
[2021-02-23 23:42:07,210] {scheduler_job.py:182} INFO - Started process (PID=886) to work on /home/airflow/.local/lib/python3.6/site-packages/airflow/example_dags/example_branch_operator.py
[2021-02-23 23:42:07,211] {scheduler_job.py:629} INFO - Processing file /home/airflow/.local/lib/python3.6/site-packages/airflow/example_dags/example_branch_operator.py for tasks to queue
[2021-02-23 23:42:07,211] {logging_mixin.py:104} INFO - [2021-02-23 23:42:07,211] {dagbag.py:448} INFO - Filling up the DagBag from /home/airflow/.local/lib/python3.6/site-packages/airflow/example_dags/example_branch_operator.py
[2021-02-23 23:42:07,225] {scheduler_job.py:639} INFO - DAG(s) dict_keys(['example_branch_operator']) retrieved from /home/airflow/.local/lib/python3.6/site-packages/airflow/example_dags/example_branch_operator.py
[2021-02-23 23:42:07,241] {logging_mixin.py:104} INFO - [2021-02-23 23:42:07,241] {dag.py:1818} INFO - Sync 1 DAGs
[2021-02-23 23:42:07,257] {logging_mixin.py:104} INFO - [2021-02-23 23:42:07,257] {dag.py:2273} INFO - Setting next_dagrun for example_branch_operator to 2021-02-21 00:00:00+00:00
[2021-02-23 23:42:07,291] {scheduler_job.py:190} INFO - Processing /home/airflow/.local/lib/python3.6/site-packages/airflow/example_dags/example_branch_operator.py took 0.083 seconds
[2021-02-23 23:42:37,759] {scheduler_job.py:182} INFO - Started process (PID=913) to work on /home/airflow/.local/lib/python3.6/site-packages/airflow/example_dags/example_branch_operator.py
[2021-02-23 23:42:37,760] {scheduler_job.py:629} INFO - Processing file /home/airflow/.local/lib/python3.6/site-packages/airflow/example_dags/example_branch_operator.py for tasks to queue
[2021-02-23 23:42:37,761] {logging_mixin.py:104} INFO - [2021-02-23 23:42:37,761] {dagbag.py:448} INFO - Filling up the DagBag from /home/airflow/.local/lib/python3.6/site-packages/airflow/example_dags/example_branch_operator.py
[2021-02-23 23:42:37,776] {scheduler_job.py:639} INFO - DAG(s) dict_keys(['example_branch_operator']) retrieved from /home/airflow/.local/lib/python3.6/site-packages/airflow/example_dags/example_branch_operator.py
[2021-02-23 23:42:37,792] {logging_mixin.py:104} INFO - [2021-02-23 23:42:37,792] {dag.py:1818} INFO - Sync 1 DAGs
[2021-02-23 23:42:37,810] {logging_mixin.py:104} INFO - [2021-02-23 23:42:37,810] {dag.py:2273} INFO - Setting next_dagrun for example_branch_operator to 2021-02-21 00:00:00+00:00
[2021-02-23 23:42:37,839] {scheduler_job.py:190} INFO - Processing /home/airflow/.local/lib/python3.6/site-packages/airflow/example_dags/example_branch_operator.py took 0.082 seconds
[2021-02-23 23:43:08,486] {scheduler_job.py:182} INFO - Started process (PID=940) to work on /home/airflow/.local/lib/python3.6/site-packages/airflow/example_dags/example_branch_operator.py
[2021-02-23 23:43:08,487] {scheduler_job.py:629} INFO - Processing file /home/airflow/.local/lib/python3.6/site-packages/airflow/example_dags/example_branch_operator.py for tasks to queue
[2021-02-23 23:43:08,487] {logging_mixin.py:104} INFO - [2021-02-23 23:43:08,487] {dagbag.py:448} INFO - Filling up the DagBag from /home/airflow/.local/lib/python3.6/site-packages/airflow/example_dags/example_branch_operator.py
[2021-02-23 23:43:08,501] {scheduler_job.py:639} INFO - DAG(s) dict_keys(['example_branch_operator']) retrieved from /home/airflow/.local/lib/python3.6/site-packages/airflow/example_dags/example_branch_operator.py
[2021-02-23 23:43:08,518] {logging_mixin.py:104} INFO - [2021-02-23 23:43:08,518] {dag.py:1818} INFO - Sync 1 DAGs
[2021-02-23 23:43:08,535] {logging_mixin.py:104} INFO - [2021-02-23 23:43:08,535] {dag.py:2273} INFO - Setting next_dagrun for example_branch_operator to 2021-02-21 00:00:00+00:00
[2021-02-23 23:43:08,570] {scheduler_job.py:190} INFO - Processing /home/airflow/.local/lib/python3.6/site-packages/airflow/example_dags/example_branch_operator.py took 0.087 seconds
[2021-02-23 23:43:39,474] {scheduler_job.py:182} INFO - Started process (PID=967) to work on /home/airflow/.local/lib/python3.6/site-packages/airflow/example_dags/example_branch_operator.py
[2021-02-23 23:43:39,476] {scheduler_job.py:629} INFO - Processing file /home/airflow/.local/lib/python3.6/site-packages/airflow/example_dags/example_branch_operator.py for tasks to queue
[2021-02-23 23:43:39,477] {logging_mixin.py:104} INFO - [2021-02-23 23:43:39,477] {dagbag.py:448} INFO - Filling up the DagBag from /home/airflow/.local/lib/python3.6/site-packages/airflow/example_dags/example_branch_operator.py
[2021-02-23 23:43:39,491] {scheduler_job.py:639} INFO - DAG(s) dict_keys(['example_branch_operator']) retrieved from /home/airflow/.local/lib/python3.6/site-packages/airflow/example_dags/example_branch_operator.py
[2021-02-23 23:43:39,507] {logging_mixin.py:104} INFO - [2021-02-23 23:43:39,507] {dag.py:1818} INFO - Sync 1 DAGs
[2021-02-23 23:43:39,523] {logging_mixin.py:104} INFO - [2021-02-23 23:43:39,523] {dag.py:2273} INFO - Setting next_dagrun for example_branch_operator to 2021-02-21 00:00:00+00:00
[2021-02-23 23:43:39,571] {scheduler_job.py:190} INFO - Processing /home/airflow/.local/lib/python3.6/site-packages/airflow/example_dags/example_branch_operator.py took 0.100 seconds
[2021-02-23 23:44:10,833] {scheduler_job.py:182} INFO - Started process (PID=994) to work on /home/airflow/.local/lib/python3.6/site-packages/airflow/example_dags/example_branch_operator.py
[2021-02-23 23:44:10,836] {scheduler_job.py:629} INFO - Processing file /home/airflow/.local/lib/python3.6/site-packages/airflow/example_dags/example_branch_operator.py for tasks to queue
[2021-02-23 23:44:10,837] {logging_mixin.py:104} INFO - [2021-02-23 23:44:10,837] {dagbag.py:448} INFO - Filling up the DagBag from /home/airflow/.local/lib/python3.6/site-packages/airflow/example_dags/example_branch_operator.py
[2021-02-23 23:44:10,857] {scheduler_job.py:639} INFO - DAG(s) dict_keys(['example_branch_operator']) retrieved from /home/airflow/.local/lib/python3.6/site-packages/airflow/example_dags/example_branch_operator.py
[2021-02-23 23:44:10,874] {logging_mixin.py:104} INFO - [2021-02-23 23:44:10,874] {dag.py:1818} INFO - Sync 1 DAGs
[2021-02-23 23:44:10,892] {logging_mixin.py:104} INFO - [2021-02-23 23:44:10,892] {dag.py:2273} INFO - Setting next_dagrun for example_branch_operator to 2021-02-21 00:00:00+00:00
[2021-02-23 23:44:10,931] {scheduler_job.py:190} INFO - Processing /home/airflow/.local/lib/python3.6/site-packages/airflow/example_dags/example_branch_operator.py took 0.106 seconds
[2021-02-23 23:44:40,970] {scheduler_job.py:182} INFO - Started process (PID=1021) to work on /home/airflow/.local/lib/python3.6/site-packages/airflow/example_dags/example_branch_operator.py
[2021-02-23 23:44:40,971] {scheduler_job.py:629} INFO - Processing file /home/airflow/.local/lib/python3.6/site-packages/airflow/example_dags/example_branch_operator.py for tasks to queue
[2021-02-23 23:44:40,972] {logging_mixin.py:104} INFO - [2021-02-23 23:44:40,972] {dagbag.py:448} INFO - Filling up the DagBag from /home/airflow/.local/lib/python3.6/site-packages/airflow/example_dags/example_branch_operator.py
[2021-02-23 23:44:40,987] {scheduler_job.py:639} INFO - DAG(s) dict_keys(['example_branch_operator']) retrieved from /home/airflow/.local/lib/python3.6/site-packages/airflow/example_dags/example_branch_operator.py
[2021-02-23 23:44:41,004] {logging_mixin.py:104} INFO - [2021-02-23 23:44:41,004] {dag.py:1818} INFO - Sync 1 DAGs
[2021-02-23 23:44:41,021] {logging_mixin.py:104} INFO - [2021-02-23 23:44:41,020] {dag.py:2273} INFO - Setting next_dagrun for example_branch_operator to 2021-02-21 00:00:00+00:00
[2021-02-23 23:44:41,053] {scheduler_job.py:190} INFO - Processing /home/airflow/.local/lib/python3.6/site-packages/airflow/example_dags/example_branch_operator.py took 0.086 seconds
[2021-02-23 23:45:11,392] {scheduler_job.py:182} INFO - Started process (PID=1044) to work on /home/airflow/.local/lib/python3.6/site-packages/airflow/example_dags/example_branch_operator.py
[2021-02-23 23:45:11,394] {scheduler_job.py:629} INFO - Processing file /home/airflow/.local/lib/python3.6/site-packages/airflow/example_dags/example_branch_operator.py for tasks to queue
[2021-02-23 23:45:11,395] {logging_mixin.py:104} INFO - [2021-02-23 23:45:11,394] {dagbag.py:448} INFO - Filling up the DagBag from /home/airflow/.local/lib/python3.6/site-packages/airflow/example_dags/example_branch_operator.py
[2021-02-23 23:45:11,413] {scheduler_job.py:639} INFO - DAG(s) dict_keys(['example_branch_operator']) retrieved from /home/airflow/.local/lib/python3.6/site-packages/airflow/example_dags/example_branch_operator.py
[2021-02-23 23:45:11,432] {logging_mixin.py:104} INFO - [2021-02-23 23:45:11,431] {dag.py:1818} INFO - Sync 1 DAGs
[2021-02-23 23:45:11,450] {logging_mixin.py:104} INFO - [2021-02-23 23:45:11,450] {dag.py:2273} INFO - Setting next_dagrun for example_branch_operator to 2021-02-21 00:00:00+00:00
[2021-02-23 23:45:11,531] {scheduler_job.py:190} INFO - Processing /home/airflow/.local/lib/python3.6/site-packages/airflow/example_dags/example_branch_operator.py took 0.145 seconds
[2021-02-23 23:45:42,106] {scheduler_job.py:182} INFO - Started process (PID=1071) to work on /home/airflow/.local/lib/python3.6/site-packages/airflow/example_dags/example_branch_operator.py
[2021-02-23 23:45:42,108] {scheduler_job.py:629} INFO - Processing file /home/airflow/.local/lib/python3.6/site-packages/airflow/example_dags/example_branch_operator.py for tasks to queue
[2021-02-23 23:45:42,109] {logging_mixin.py:104} INFO - [2021-02-23 23:45:42,109] {dagbag.py:448} INFO - Filling up the DagBag from /home/airflow/.local/lib/python3.6/site-packages/airflow/example_dags/example_branch_operator.py
[2021-02-23 23:45:42,125] {scheduler_job.py:639} INFO - DAG(s) dict_keys(['example_branch_operator']) retrieved from /home/airflow/.local/lib/python3.6/site-packages/airflow/example_dags/example_branch_operator.py
[2021-02-23 23:45:42,143] {logging_mixin.py:104} INFO - [2021-02-23 23:45:42,143] {dag.py:1818} INFO - Sync 1 DAGs
[2021-02-23 23:45:42,161] {logging_mixin.py:104} INFO - [2021-02-23 23:45:42,160] {dag.py:2273} INFO - Setting next_dagrun for example_branch_operator to 2021-02-21 00:00:00+00:00
[2021-02-23 23:45:42,195] {scheduler_job.py:190} INFO - Processing /home/airflow/.local/lib/python3.6/site-packages/airflow/example_dags/example_branch_operator.py took 0.095 seconds
[2021-02-23 23:46:13,010] {scheduler_job.py:182} INFO - Started process (PID=1098) to work on /home/airflow/.local/lib/python3.6/site-packages/airflow/example_dags/example_branch_operator.py
[2021-02-23 23:46:13,012] {scheduler_job.py:629} INFO - Processing file /home/airflow/.local/lib/python3.6/site-packages/airflow/example_dags/example_branch_operator.py for tasks to queue
[2021-02-23 23:46:13,013] {logging_mixin.py:104} INFO - [2021-02-23 23:46:13,013] {dagbag.py:448} INFO - Filling up the DagBag from /home/airflow/.local/lib/python3.6/site-packages/airflow/example_dags/example_branch_operator.py
[2021-02-23 23:46:13,033] {scheduler_job.py:639} INFO - DAG(s) dict_keys(['example_branch_operator']) retrieved from /home/airflow/.local/lib/python3.6/site-packages/airflow/example_dags/example_branch_operator.py
[2021-02-23 23:46:13,054] {logging_mixin.py:104} INFO - [2021-02-23 23:46:13,054] {dag.py:1818} INFO - Sync 1 DAGs
[2021-02-23 23:46:13,075] {logging_mixin.py:104} INFO - [2021-02-23 23:46:13,075] {dag.py:2273} INFO - Setting next_dagrun for example_branch_operator to 2021-02-21 00:00:00+00:00
[2021-02-23 23:46:13,129] {scheduler_job.py:190} INFO - Processing /home/airflow/.local/lib/python3.6/site-packages/airflow/example_dags/example_branch_operator.py took 0.129 seconds
[2021-02-23 23:46:43,928] {scheduler_job.py:182} INFO - Started process (PID=1125) to work on /home/airflow/.local/lib/python3.6/site-packages/airflow/example_dags/example_branch_operator.py
[2021-02-23 23:46:43,929] {scheduler_job.py:629} INFO - Processing file /home/airflow/.local/lib/python3.6/site-packages/airflow/example_dags/example_branch_operator.py for tasks to queue
[2021-02-23 23:46:43,929] {logging_mixin.py:104} INFO - [2021-02-23 23:46:43,929] {dagbag.py:448} INFO - Filling up the DagBag from /home/airflow/.local/lib/python3.6/site-packages/airflow/example_dags/example_branch_operator.py
[2021-02-23 23:46:43,951] {scheduler_job.py:639} INFO - DAG(s) dict_keys(['example_branch_operator']) retrieved from /home/airflow/.local/lib/python3.6/site-packages/airflow/example_dags/example_branch_operator.py
[2021-02-23 23:46:43,971] {logging_mixin.py:104} INFO - [2021-02-23 23:46:43,971] {dag.py:1818} INFO - Sync 1 DAGs
[2021-02-23 23:46:43,991] {logging_mixin.py:104} INFO - [2021-02-23 23:46:43,991] {dag.py:2273} INFO - Setting next_dagrun for example_branch_operator to 2021-02-21 00:00:00+00:00
[2021-02-23 23:46:44,090] {scheduler_job.py:190} INFO - Processing /home/airflow/.local/lib/python3.6/site-packages/airflow/example_dags/example_branch_operator.py took 0.166 seconds
[2021-02-23 23:47:14,788] {scheduler_job.py:182} INFO - Started process (PID=1152) to work on /home/airflow/.local/lib/python3.6/site-packages/airflow/example_dags/example_branch_operator.py
[2021-02-23 23:47:14,790] {scheduler_job.py:629} INFO - Processing file /home/airflow/.local/lib/python3.6/site-packages/airflow/example_dags/example_branch_operator.py for tasks to queue
[2021-02-23 23:47:14,791] {logging_mixin.py:104} INFO - [2021-02-23 23:47:14,790] {dagbag.py:448} INFO - Filling up the DagBag from /home/airflow/.local/lib/python3.6/site-packages/airflow/example_dags/example_branch_operator.py
[2021-02-23 23:47:14,807] {scheduler_job.py:639} INFO - DAG(s) dict_keys(['example_branch_operator']) retrieved from /home/airflow/.local/lib/python3.6/site-packages/airflow/example_dags/example_branch_operator.py
[2021-02-23 23:47:14,837] {logging_mixin.py:104} INFO - [2021-02-23 23:47:14,837] {dag.py:1818} INFO - Sync 1 DAGs
[2021-02-23 23:47:14,856] {logging_mixin.py:104} INFO - [2021-02-23 23:47:14,856] {dag.py:2273} INFO - Setting next_dagrun for example_branch_operator to 2021-02-21 00:00:00+00:00
[2021-02-23 23:47:14,945] {scheduler_job.py:190} INFO - Processing /home/airflow/.local/lib/python3.6/site-packages/airflow/example_dags/example_branch_operator.py took 0.161 seconds
[2021-02-23 23:47:44,978] {scheduler_job.py:182} INFO - Started process (PID=1179) to work on /home/airflow/.local/lib/python3.6/site-packages/airflow/example_dags/example_branch_operator.py
[2021-02-23 23:47:44,979] {scheduler_job.py:629} INFO - Processing file /home/airflow/.local/lib/python3.6/site-packages/airflow/example_dags/example_branch_operator.py for tasks to queue
[2021-02-23 23:47:44,980] {logging_mixin.py:104} INFO - [2021-02-23 23:47:44,979] {dagbag.py:448} INFO - Filling up the DagBag from /home/airflow/.local/lib/python3.6/site-packages/airflow/example_dags/example_branch_operator.py
[2021-02-23 23:47:44,999] {scheduler_job.py:639} INFO - DAG(s) dict_keys(['example_branch_operator']) retrieved from /home/airflow/.local/lib/python3.6/site-packages/airflow/example_dags/example_branch_operator.py
[2021-02-23 23:47:45,027] {logging_mixin.py:104} INFO - [2021-02-23 23:47:45,026] {dag.py:1818} INFO - Sync 1 DAGs
[2021-02-23 23:47:45,055] {logging_mixin.py:104} INFO - [2021-02-23 23:47:45,055] {dag.py:2273} INFO - Setting next_dagrun for example_branch_operator to 2021-02-21 00:00:00+00:00
[2021-02-23 23:47:45,132] {scheduler_job.py:190} INFO - Processing /home/airflow/.local/lib/python3.6/site-packages/airflow/example_dags/example_branch_operator.py took 0.157 seconds
[2021-02-23 23:48:15,297] {scheduler_job.py:182} INFO - Started process (PID=1206) to work on /home/airflow/.local/lib/python3.6/site-packages/airflow/example_dags/example_branch_operator.py
[2021-02-23 23:48:15,299] {scheduler_job.py:629} INFO - Processing file /home/airflow/.local/lib/python3.6/site-packages/airflow/example_dags/example_branch_operator.py for tasks to queue
[2021-02-23 23:48:15,302] {logging_mixin.py:104} INFO - [2021-02-23 23:48:15,301] {dagbag.py:448} INFO - Filling up the DagBag from /home/airflow/.local/lib/python3.6/site-packages/airflow/example_dags/example_branch_operator.py
[2021-02-23 23:48:15,320] {scheduler_job.py:639} INFO - DAG(s) dict_keys(['example_branch_operator']) retrieved from /home/airflow/.local/lib/python3.6/site-packages/airflow/example_dags/example_branch_operator.py
[2021-02-23 23:48:15,336] {logging_mixin.py:104} INFO - [2021-02-23 23:48:15,336] {dag.py:1818} INFO - Sync 1 DAGs
[2021-02-23 23:48:15,353] {logging_mixin.py:104} INFO - [2021-02-23 23:48:15,353] {dag.py:2273} INFO - Setting next_dagrun for example_branch_operator to 2021-02-21 00:00:00+00:00
[2021-02-23 23:48:15,395] {scheduler_job.py:190} INFO - Processing /home/airflow/.local/lib/python3.6/site-packages/airflow/example_dags/example_branch_operator.py took 0.106 seconds
[2021-02-23 23:48:46,074] {scheduler_job.py:182} INFO - Started process (PID=1233) to work on /home/airflow/.local/lib/python3.6/site-packages/airflow/example_dags/example_branch_operator.py
[2021-02-23 23:48:46,075] {scheduler_job.py:629} INFO - Processing file /home/airflow/.local/lib/python3.6/site-packages/airflow/example_dags/example_branch_operator.py for tasks to queue
[2021-02-23 23:48:46,076] {logging_mixin.py:104} INFO - [2021-02-23 23:48:46,076] {dagbag.py:448} INFO - Filling up the DagBag from /home/airflow/.local/lib/python3.6/site-packages/airflow/example_dags/example_branch_operator.py
[2021-02-23 23:48:46,088] {scheduler_job.py:639} INFO - DAG(s) dict_keys(['example_branch_operator']) retrieved from /home/airflow/.local/lib/python3.6/site-packages/airflow/example_dags/example_branch_operator.py
[2021-02-23 23:48:46,106] {logging_mixin.py:104} INFO - [2021-02-23 23:48:46,105] {dag.py:1818} INFO - Sync 1 DAGs
[2021-02-23 23:48:46,122] {logging_mixin.py:104} INFO - [2021-02-23 23:48:46,122] {dag.py:2273} INFO - Setting next_dagrun for example_branch_operator to 2021-02-21 00:00:00+00:00
[2021-02-23 23:48:46,159] {scheduler_job.py:190} INFO - Processing /home/airflow/.local/lib/python3.6/site-packages/airflow/example_dags/example_branch_operator.py took 0.088 seconds
[2021-02-23 23:49:16,947] {scheduler_job.py:182} INFO - Started process (PID=1260) to work on /home/airflow/.local/lib/python3.6/site-packages/airflow/example_dags/example_branch_operator.py
[2021-02-23 23:49:16,948] {scheduler_job.py:629} INFO - Processing file /home/airflow/.local/lib/python3.6/site-packages/airflow/example_dags/example_branch_operator.py for tasks to queue
[2021-02-23 23:49:16,948] {logging_mixin.py:104} INFO - [2021-02-23 23:49:16,948] {dagbag.py:448} INFO - Filling up the DagBag from /home/airflow/.local/lib/python3.6/site-packages/airflow/example_dags/example_branch_operator.py
[2021-02-23 23:49:16,965] {scheduler_job.py:639} INFO - DAG(s) dict_keys(['example_branch_operator']) retrieved from /home/airflow/.local/lib/python3.6/site-packages/airflow/example_dags/example_branch_operator.py
[2021-02-23 23:49:16,988] {logging_mixin.py:104} INFO - [2021-02-23 23:49:16,988] {dag.py:1818} INFO - Sync 1 DAGs
[2021-02-23 23:49:17,009] {logging_mixin.py:104} INFO - [2021-02-23 23:49:17,008] {dag.py:2273} INFO - Setting next_dagrun for example_branch_operator to 2021-02-21 00:00:00+00:00
[2021-02-23 23:49:17,072] {scheduler_job.py:190} INFO - Processing /home/airflow/.local/lib/python3.6/site-packages/airflow/example_dags/example_branch_operator.py took 0.129 seconds
