[2021-02-23 23:15:26,487] {scheduler_job.py:182} INFO - Started process (PID=34) to work on /home/airflow/.local/lib/python3.6/site-packages/airflow/example_dags/example_kubernetes_executor.py
[2021-02-23 23:15:26,488] {scheduler_job.py:629} INFO - Processing file /home/airflow/.local/lib/python3.6/site-packages/airflow/example_dags/example_kubernetes_executor.py for tasks to queue
[2021-02-23 23:15:26,489] {logging_mixin.py:104} INFO - [2021-02-23 23:15:26,489] {dagbag.py:448} INFO - Filling up the DagBag from /home/airflow/.local/lib/python3.6/site-packages/airflow/example_dags/example_kubernetes_executor.py
[2021-02-23 23:15:26,508] {scheduler_job.py:639} INFO - DAG(s) dict_keys(['example_kubernetes_executor']) retrieved from /home/airflow/.local/lib/python3.6/site-packages/airflow/example_dags/example_kubernetes_executor.py
[2021-02-23 23:15:26,542] {logging_mixin.py:104} INFO - [2021-02-23 23:15:26,541] {dag.py:1818} INFO - Sync 1 DAGs
[2021-02-23 23:15:26,555] {logging_mixin.py:104} INFO - [2021-02-23 23:15:26,555] {dag.py:1837} INFO - Creating ORM DAG for example_kubernetes_executor
[2021-02-23 23:15:26,562] {logging_mixin.py:104} INFO - [2021-02-23 23:15:26,562] {dag.py:2273} INFO - Setting next_dagrun for example_kubernetes_executor to None
[2021-02-23 23:15:26,611] {scheduler_job.py:190} INFO - Processing /home/airflow/.local/lib/python3.6/site-packages/airflow/example_dags/example_kubernetes_executor.py took 0.130 seconds
[2021-02-23 23:15:56,901] {scheduler_job.py:182} INFO - Started process (PID=58) to work on /home/airflow/.local/lib/python3.6/site-packages/airflow/example_dags/example_kubernetes_executor.py
[2021-02-23 23:15:56,902] {scheduler_job.py:629} INFO - Processing file /home/airflow/.local/lib/python3.6/site-packages/airflow/example_dags/example_kubernetes_executor.py for tasks to queue
[2021-02-23 23:15:56,903] {logging_mixin.py:104} INFO - [2021-02-23 23:15:56,903] {dagbag.py:448} INFO - Filling up the DagBag from /home/airflow/.local/lib/python3.6/site-packages/airflow/example_dags/example_kubernetes_executor.py
[2021-02-23 23:15:56,917] {scheduler_job.py:639} INFO - DAG(s) dict_keys(['example_kubernetes_executor']) retrieved from /home/airflow/.local/lib/python3.6/site-packages/airflow/example_dags/example_kubernetes_executor.py
[2021-02-23 23:15:56,935] {logging_mixin.py:104} INFO - [2021-02-23 23:15:56,934] {dag.py:1818} INFO - Sync 1 DAGs
[2021-02-23 23:15:56,947] {logging_mixin.py:104} INFO - [2021-02-23 23:15:56,947] {dag.py:2273} INFO - Setting next_dagrun for example_kubernetes_executor to None
[2021-02-23 23:15:57,046] {scheduler_job.py:190} INFO - Processing /home/airflow/.local/lib/python3.6/site-packages/airflow/example_dags/example_kubernetes_executor.py took 0.151 seconds
[2021-02-23 23:16:27,548] {scheduler_job.py:182} INFO - Started process (PID=85) to work on /home/airflow/.local/lib/python3.6/site-packages/airflow/example_dags/example_kubernetes_executor.py
[2021-02-23 23:16:27,549] {scheduler_job.py:629} INFO - Processing file /home/airflow/.local/lib/python3.6/site-packages/airflow/example_dags/example_kubernetes_executor.py for tasks to queue
[2021-02-23 23:16:27,550] {logging_mixin.py:104} INFO - [2021-02-23 23:16:27,550] {dagbag.py:448} INFO - Filling up the DagBag from /home/airflow/.local/lib/python3.6/site-packages/airflow/example_dags/example_kubernetes_executor.py
[2021-02-23 23:16:27,564] {scheduler_job.py:639} INFO - DAG(s) dict_keys(['example_kubernetes_executor']) retrieved from /home/airflow/.local/lib/python3.6/site-packages/airflow/example_dags/example_kubernetes_executor.py
[2021-02-23 23:16:27,583] {logging_mixin.py:104} INFO - [2021-02-23 23:16:27,583] {dag.py:1818} INFO - Sync 1 DAGs
[2021-02-23 23:16:27,597] {logging_mixin.py:104} INFO - [2021-02-23 23:16:27,597] {dag.py:2273} INFO - Setting next_dagrun for example_kubernetes_executor to None
[2021-02-23 23:16:27,792] {scheduler_job.py:190} INFO - Processing /home/airflow/.local/lib/python3.6/site-packages/airflow/example_dags/example_kubernetes_executor.py took 0.246 seconds
[2021-02-23 23:16:57,975] {scheduler_job.py:182} INFO - Started process (PID=112) to work on /home/airflow/.local/lib/python3.6/site-packages/airflow/example_dags/example_kubernetes_executor.py
[2021-02-23 23:16:57,978] {scheduler_job.py:629} INFO - Processing file /home/airflow/.local/lib/python3.6/site-packages/airflow/example_dags/example_kubernetes_executor.py for tasks to queue
[2021-02-23 23:16:57,979] {logging_mixin.py:104} INFO - [2021-02-23 23:16:57,979] {dagbag.py:448} INFO - Filling up the DagBag from /home/airflow/.local/lib/python3.6/site-packages/airflow/example_dags/example_kubernetes_executor.py
[2021-02-23 23:16:58,001] {scheduler_job.py:639} INFO - DAG(s) dict_keys(['example_kubernetes_executor']) retrieved from /home/airflow/.local/lib/python3.6/site-packages/airflow/example_dags/example_kubernetes_executor.py
[2021-02-23 23:16:58,018] {logging_mixin.py:104} INFO - [2021-02-23 23:16:58,018] {dag.py:1818} INFO - Sync 1 DAGs
[2021-02-23 23:16:58,032] {logging_mixin.py:104} INFO - [2021-02-23 23:16:58,032] {dag.py:2273} INFO - Setting next_dagrun for example_kubernetes_executor to None
[2021-02-23 23:16:58,068] {scheduler_job.py:190} INFO - Processing /home/airflow/.local/lib/python3.6/site-packages/airflow/example_dags/example_kubernetes_executor.py took 0.100 seconds
[2021-02-23 23:26:14,938] {scheduler_job.py:182} INFO - Started process (PID=41) to work on /home/airflow/.local/lib/python3.6/site-packages/airflow/example_dags/example_kubernetes_executor.py
[2021-02-23 23:26:14,939] {scheduler_job.py:629} INFO - Processing file /home/airflow/.local/lib/python3.6/site-packages/airflow/example_dags/example_kubernetes_executor.py for tasks to queue
[2021-02-23 23:26:14,940] {logging_mixin.py:104} INFO - [2021-02-23 23:26:14,940] {dagbag.py:448} INFO - Filling up the DagBag from /home/airflow/.local/lib/python3.6/site-packages/airflow/example_dags/example_kubernetes_executor.py
[2021-02-23 23:26:14,958] {scheduler_job.py:639} INFO - DAG(s) dict_keys(['example_kubernetes_executor']) retrieved from /home/airflow/.local/lib/python3.6/site-packages/airflow/example_dags/example_kubernetes_executor.py
[2021-02-23 23:26:14,989] {logging_mixin.py:104} INFO - [2021-02-23 23:26:14,989] {dag.py:1818} INFO - Sync 1 DAGs
[2021-02-23 23:26:15,014] {logging_mixin.py:104} INFO - [2021-02-23 23:26:15,014] {dag.py:2273} INFO - Setting next_dagrun for example_kubernetes_executor to None
[2021-02-23 23:26:15,053] {scheduler_job.py:190} INFO - Processing /home/airflow/.local/lib/python3.6/site-packages/airflow/example_dags/example_kubernetes_executor.py took 0.120 seconds
[2021-02-23 23:26:45,442] {scheduler_job.py:182} INFO - Started process (PID=63) to work on /home/airflow/.local/lib/python3.6/site-packages/airflow/example_dags/example_kubernetes_executor.py
[2021-02-23 23:26:45,443] {scheduler_job.py:629} INFO - Processing file /home/airflow/.local/lib/python3.6/site-packages/airflow/example_dags/example_kubernetes_executor.py for tasks to queue
[2021-02-23 23:26:45,444] {logging_mixin.py:104} INFO - [2021-02-23 23:26:45,443] {dagbag.py:448} INFO - Filling up the DagBag from /home/airflow/.local/lib/python3.6/site-packages/airflow/example_dags/example_kubernetes_executor.py
[2021-02-23 23:26:45,454] {scheduler_job.py:639} INFO - DAG(s) dict_keys(['example_kubernetes_executor']) retrieved from /home/airflow/.local/lib/python3.6/site-packages/airflow/example_dags/example_kubernetes_executor.py
[2021-02-23 23:26:45,469] {logging_mixin.py:104} INFO - [2021-02-23 23:26:45,469] {dag.py:1818} INFO - Sync 1 DAGs
[2021-02-23 23:26:45,480] {logging_mixin.py:104} INFO - [2021-02-23 23:26:45,479] {dag.py:2273} INFO - Setting next_dagrun for example_kubernetes_executor to None
[2021-02-23 23:26:45,780] {scheduler_job.py:190} INFO - Processing /home/airflow/.local/lib/python3.6/site-packages/airflow/example_dags/example_kubernetes_executor.py took 0.341 seconds
[2021-02-23 23:27:15,812] {scheduler_job.py:182} INFO - Started process (PID=90) to work on /home/airflow/.local/lib/python3.6/site-packages/airflow/example_dags/example_kubernetes_executor.py
[2021-02-23 23:27:15,813] {scheduler_job.py:629} INFO - Processing file /home/airflow/.local/lib/python3.6/site-packages/airflow/example_dags/example_kubernetes_executor.py for tasks to queue
[2021-02-23 23:27:15,813] {logging_mixin.py:104} INFO - [2021-02-23 23:27:15,813] {dagbag.py:448} INFO - Filling up the DagBag from /home/airflow/.local/lib/python3.6/site-packages/airflow/example_dags/example_kubernetes_executor.py
[2021-02-23 23:27:15,824] {scheduler_job.py:639} INFO - DAG(s) dict_keys(['example_kubernetes_executor']) retrieved from /home/airflow/.local/lib/python3.6/site-packages/airflow/example_dags/example_kubernetes_executor.py
[2021-02-23 23:27:15,841] {logging_mixin.py:104} INFO - [2021-02-23 23:27:15,840] {dag.py:1818} INFO - Sync 1 DAGs
[2021-02-23 23:27:15,852] {logging_mixin.py:104} INFO - [2021-02-23 23:27:15,851] {dag.py:2273} INFO - Setting next_dagrun for example_kubernetes_executor to None
[2021-02-23 23:27:15,880] {scheduler_job.py:190} INFO - Processing /home/airflow/.local/lib/python3.6/site-packages/airflow/example_dags/example_kubernetes_executor.py took 0.070 seconds
[2021-02-23 23:27:46,167] {scheduler_job.py:182} INFO - Started process (PID=117) to work on /home/airflow/.local/lib/python3.6/site-packages/airflow/example_dags/example_kubernetes_executor.py
[2021-02-23 23:27:46,172] {scheduler_job.py:629} INFO - Processing file /home/airflow/.local/lib/python3.6/site-packages/airflow/example_dags/example_kubernetes_executor.py for tasks to queue
[2021-02-23 23:27:46,173] {logging_mixin.py:104} INFO - [2021-02-23 23:27:46,173] {dagbag.py:448} INFO - Filling up the DagBag from /home/airflow/.local/lib/python3.6/site-packages/airflow/example_dags/example_kubernetes_executor.py
[2021-02-23 23:27:46,192] {scheduler_job.py:639} INFO - DAG(s) dict_keys(['example_kubernetes_executor']) retrieved from /home/airflow/.local/lib/python3.6/site-packages/airflow/example_dags/example_kubernetes_executor.py
[2021-02-23 23:27:46,211] {logging_mixin.py:104} INFO - [2021-02-23 23:27:46,211] {dag.py:1818} INFO - Sync 1 DAGs
[2021-02-23 23:27:46,224] {logging_mixin.py:104} INFO - [2021-02-23 23:27:46,224] {dag.py:2273} INFO - Setting next_dagrun for example_kubernetes_executor to None
[2021-02-23 23:27:46,273] {scheduler_job.py:190} INFO - Processing /home/airflow/.local/lib/python3.6/site-packages/airflow/example_dags/example_kubernetes_executor.py took 0.111 seconds
[2021-02-23 23:28:16,681] {scheduler_job.py:182} INFO - Started process (PID=144) to work on /home/airflow/.local/lib/python3.6/site-packages/airflow/example_dags/example_kubernetes_executor.py
[2021-02-23 23:28:16,682] {scheduler_job.py:629} INFO - Processing file /home/airflow/.local/lib/python3.6/site-packages/airflow/example_dags/example_kubernetes_executor.py for tasks to queue
[2021-02-23 23:28:16,683] {logging_mixin.py:104} INFO - [2021-02-23 23:28:16,683] {dagbag.py:448} INFO - Filling up the DagBag from /home/airflow/.local/lib/python3.6/site-packages/airflow/example_dags/example_kubernetes_executor.py
[2021-02-23 23:28:16,695] {scheduler_job.py:639} INFO - DAG(s) dict_keys(['example_kubernetes_executor']) retrieved from /home/airflow/.local/lib/python3.6/site-packages/airflow/example_dags/example_kubernetes_executor.py
[2021-02-23 23:28:16,718] {logging_mixin.py:104} INFO - [2021-02-23 23:28:16,718] {dag.py:1818} INFO - Sync 1 DAGs
[2021-02-23 23:28:16,735] {logging_mixin.py:104} INFO - [2021-02-23 23:28:16,735] {dag.py:2273} INFO - Setting next_dagrun for example_kubernetes_executor to None
[2021-02-23 23:28:16,770] {scheduler_job.py:190} INFO - Processing /home/airflow/.local/lib/python3.6/site-packages/airflow/example_dags/example_kubernetes_executor.py took 0.093 seconds
[2021-02-23 23:28:47,673] {scheduler_job.py:182} INFO - Started process (PID=171) to work on /home/airflow/.local/lib/python3.6/site-packages/airflow/example_dags/example_kubernetes_executor.py
[2021-02-23 23:28:47,675] {scheduler_job.py:629} INFO - Processing file /home/airflow/.local/lib/python3.6/site-packages/airflow/example_dags/example_kubernetes_executor.py for tasks to queue
[2021-02-23 23:28:47,676] {logging_mixin.py:104} INFO - [2021-02-23 23:28:47,676] {dagbag.py:448} INFO - Filling up the DagBag from /home/airflow/.local/lib/python3.6/site-packages/airflow/example_dags/example_kubernetes_executor.py
[2021-02-23 23:28:47,693] {scheduler_job.py:639} INFO - DAG(s) dict_keys(['example_kubernetes_executor']) retrieved from /home/airflow/.local/lib/python3.6/site-packages/airflow/example_dags/example_kubernetes_executor.py
[2021-02-23 23:28:47,710] {logging_mixin.py:104} INFO - [2021-02-23 23:28:47,710] {dag.py:1818} INFO - Sync 1 DAGs
[2021-02-23 23:28:47,721] {logging_mixin.py:104} INFO - [2021-02-23 23:28:47,721] {dag.py:2273} INFO - Setting next_dagrun for example_kubernetes_executor to None
[2021-02-23 23:28:47,752] {scheduler_job.py:190} INFO - Processing /home/airflow/.local/lib/python3.6/site-packages/airflow/example_dags/example_kubernetes_executor.py took 0.084 seconds
[2021-02-23 23:29:18,317] {scheduler_job.py:182} INFO - Started process (PID=198) to work on /home/airflow/.local/lib/python3.6/site-packages/airflow/example_dags/example_kubernetes_executor.py
[2021-02-23 23:29:18,319] {scheduler_job.py:629} INFO - Processing file /home/airflow/.local/lib/python3.6/site-packages/airflow/example_dags/example_kubernetes_executor.py for tasks to queue
[2021-02-23 23:29:18,320] {logging_mixin.py:104} INFO - [2021-02-23 23:29:18,320] {dagbag.py:448} INFO - Filling up the DagBag from /home/airflow/.local/lib/python3.6/site-packages/airflow/example_dags/example_kubernetes_executor.py
[2021-02-23 23:29:18,335] {scheduler_job.py:639} INFO - DAG(s) dict_keys(['example_kubernetes_executor']) retrieved from /home/airflow/.local/lib/python3.6/site-packages/airflow/example_dags/example_kubernetes_executor.py
[2021-02-23 23:29:18,350] {logging_mixin.py:104} INFO - [2021-02-23 23:29:18,350] {dag.py:1818} INFO - Sync 1 DAGs
[2021-02-23 23:29:18,361] {logging_mixin.py:104} INFO - [2021-02-23 23:29:18,361] {dag.py:2273} INFO - Setting next_dagrun for example_kubernetes_executor to None
[2021-02-23 23:29:18,477] {scheduler_job.py:190} INFO - Processing /home/airflow/.local/lib/python3.6/site-packages/airflow/example_dags/example_kubernetes_executor.py took 0.166 seconds
[2021-02-23 23:29:48,896] {scheduler_job.py:182} INFO - Started process (PID=225) to work on /home/airflow/.local/lib/python3.6/site-packages/airflow/example_dags/example_kubernetes_executor.py
[2021-02-23 23:29:48,897] {scheduler_job.py:629} INFO - Processing file /home/airflow/.local/lib/python3.6/site-packages/airflow/example_dags/example_kubernetes_executor.py for tasks to queue
[2021-02-23 23:29:48,898] {logging_mixin.py:104} INFO - [2021-02-23 23:29:48,898] {dagbag.py:448} INFO - Filling up the DagBag from /home/airflow/.local/lib/python3.6/site-packages/airflow/example_dags/example_kubernetes_executor.py
[2021-02-23 23:29:48,911] {scheduler_job.py:639} INFO - DAG(s) dict_keys(['example_kubernetes_executor']) retrieved from /home/airflow/.local/lib/python3.6/site-packages/airflow/example_dags/example_kubernetes_executor.py
[2021-02-23 23:29:48,927] {logging_mixin.py:104} INFO - [2021-02-23 23:29:48,927] {dag.py:1818} INFO - Sync 1 DAGs
[2021-02-23 23:29:48,940] {logging_mixin.py:104} INFO - [2021-02-23 23:29:48,940] {dag.py:2273} INFO - Setting next_dagrun for example_kubernetes_executor to None
[2021-02-23 23:29:48,982] {scheduler_job.py:190} INFO - Processing /home/airflow/.local/lib/python3.6/site-packages/airflow/example_dags/example_kubernetes_executor.py took 0.090 seconds
[2021-02-23 23:30:19,707] {scheduler_job.py:182} INFO - Started process (PID=252) to work on /home/airflow/.local/lib/python3.6/site-packages/airflow/example_dags/example_kubernetes_executor.py
[2021-02-23 23:30:19,708] {scheduler_job.py:629} INFO - Processing file /home/airflow/.local/lib/python3.6/site-packages/airflow/example_dags/example_kubernetes_executor.py for tasks to queue
[2021-02-23 23:30:19,708] {logging_mixin.py:104} INFO - [2021-02-23 23:30:19,708] {dagbag.py:448} INFO - Filling up the DagBag from /home/airflow/.local/lib/python3.6/site-packages/airflow/example_dags/example_kubernetes_executor.py
[2021-02-23 23:30:19,717] {scheduler_job.py:639} INFO - DAG(s) dict_keys(['example_kubernetes_executor']) retrieved from /home/airflow/.local/lib/python3.6/site-packages/airflow/example_dags/example_kubernetes_executor.py
[2021-02-23 23:30:19,732] {logging_mixin.py:104} INFO - [2021-02-23 23:30:19,732] {dag.py:1818} INFO - Sync 1 DAGs
[2021-02-23 23:30:19,742] {logging_mixin.py:104} INFO - [2021-02-23 23:30:19,742] {dag.py:2273} INFO - Setting next_dagrun for example_kubernetes_executor to None
[2021-02-23 23:30:19,779] {scheduler_job.py:190} INFO - Processing /home/airflow/.local/lib/python3.6/site-packages/airflow/example_dags/example_kubernetes_executor.py took 0.074 seconds
[2021-02-23 23:30:50,273] {scheduler_job.py:182} INFO - Started process (PID=279) to work on /home/airflow/.local/lib/python3.6/site-packages/airflow/example_dags/example_kubernetes_executor.py
[2021-02-23 23:30:50,274] {scheduler_job.py:629} INFO - Processing file /home/airflow/.local/lib/python3.6/site-packages/airflow/example_dags/example_kubernetes_executor.py for tasks to queue
[2021-02-23 23:30:50,275] {logging_mixin.py:104} INFO - [2021-02-23 23:30:50,275] {dagbag.py:448} INFO - Filling up the DagBag from /home/airflow/.local/lib/python3.6/site-packages/airflow/example_dags/example_kubernetes_executor.py
[2021-02-23 23:30:50,290] {scheduler_job.py:639} INFO - DAG(s) dict_keys(['example_kubernetes_executor']) retrieved from /home/airflow/.local/lib/python3.6/site-packages/airflow/example_dags/example_kubernetes_executor.py
[2021-02-23 23:30:50,309] {logging_mixin.py:104} INFO - [2021-02-23 23:30:50,309] {dag.py:1818} INFO - Sync 1 DAGs
[2021-02-23 23:30:50,321] {logging_mixin.py:104} INFO - [2021-02-23 23:30:50,321] {dag.py:2273} INFO - Setting next_dagrun for example_kubernetes_executor to None
[2021-02-23 23:30:50,354] {scheduler_job.py:190} INFO - Processing /home/airflow/.local/lib/python3.6/site-packages/airflow/example_dags/example_kubernetes_executor.py took 0.085 seconds
[2021-02-23 23:31:21,394] {scheduler_job.py:182} INFO - Started process (PID=306) to work on /home/airflow/.local/lib/python3.6/site-packages/airflow/example_dags/example_kubernetes_executor.py
[2021-02-23 23:31:21,394] {scheduler_job.py:629} INFO - Processing file /home/airflow/.local/lib/python3.6/site-packages/airflow/example_dags/example_kubernetes_executor.py for tasks to queue
[2021-02-23 23:31:21,395] {logging_mixin.py:104} INFO - [2021-02-23 23:31:21,395] {dagbag.py:448} INFO - Filling up the DagBag from /home/airflow/.local/lib/python3.6/site-packages/airflow/example_dags/example_kubernetes_executor.py
[2021-02-23 23:31:21,407] {scheduler_job.py:639} INFO - DAG(s) dict_keys(['example_kubernetes_executor']) retrieved from /home/airflow/.local/lib/python3.6/site-packages/airflow/example_dags/example_kubernetes_executor.py
[2021-02-23 23:31:21,424] {logging_mixin.py:104} INFO - [2021-02-23 23:31:21,424] {dag.py:1818} INFO - Sync 1 DAGs
[2021-02-23 23:31:21,436] {logging_mixin.py:104} INFO - [2021-02-23 23:31:21,436] {dag.py:2273} INFO - Setting next_dagrun for example_kubernetes_executor to None
[2021-02-23 23:31:21,476] {scheduler_job.py:190} INFO - Processing /home/airflow/.local/lib/python3.6/site-packages/airflow/example_dags/example_kubernetes_executor.py took 0.085 seconds
[2021-02-23 23:31:52,878] {scheduler_job.py:182} INFO - Started process (PID=335) to work on /home/airflow/.local/lib/python3.6/site-packages/airflow/example_dags/example_kubernetes_executor.py
[2021-02-23 23:31:52,878] {scheduler_job.py:629} INFO - Processing file /home/airflow/.local/lib/python3.6/site-packages/airflow/example_dags/example_kubernetes_executor.py for tasks to queue
[2021-02-23 23:31:52,879] {logging_mixin.py:104} INFO - [2021-02-23 23:31:52,879] {dagbag.py:448} INFO - Filling up the DagBag from /home/airflow/.local/lib/python3.6/site-packages/airflow/example_dags/example_kubernetes_executor.py
[2021-02-23 23:31:52,892] {scheduler_job.py:639} INFO - DAG(s) dict_keys(['example_kubernetes_executor']) retrieved from /home/airflow/.local/lib/python3.6/site-packages/airflow/example_dags/example_kubernetes_executor.py
[2021-02-23 23:31:52,923] {logging_mixin.py:104} INFO - [2021-02-23 23:31:52,923] {dag.py:1818} INFO - Sync 1 DAGs
[2021-02-23 23:31:52,946] {logging_mixin.py:104} INFO - [2021-02-23 23:31:52,946] {dag.py:2273} INFO - Setting next_dagrun for example_kubernetes_executor to None
[2021-02-23 23:31:53,062] {scheduler_job.py:190} INFO - Processing /home/airflow/.local/lib/python3.6/site-packages/airflow/example_dags/example_kubernetes_executor.py took 0.187 seconds
[2021-02-23 23:32:23,076] {scheduler_job.py:182} INFO - Started process (PID=361) to work on /home/airflow/.local/lib/python3.6/site-packages/airflow/example_dags/example_kubernetes_executor.py
[2021-02-23 23:32:23,077] {scheduler_job.py:629} INFO - Processing file /home/airflow/.local/lib/python3.6/site-packages/airflow/example_dags/example_kubernetes_executor.py for tasks to queue
[2021-02-23 23:32:23,077] {logging_mixin.py:104} INFO - [2021-02-23 23:32:23,077] {dagbag.py:448} INFO - Filling up the DagBag from /home/airflow/.local/lib/python3.6/site-packages/airflow/example_dags/example_kubernetes_executor.py
[2021-02-23 23:32:23,089] {scheduler_job.py:639} INFO - DAG(s) dict_keys(['example_kubernetes_executor']) retrieved from /home/airflow/.local/lib/python3.6/site-packages/airflow/example_dags/example_kubernetes_executor.py
[2021-02-23 23:32:23,105] {logging_mixin.py:104} INFO - [2021-02-23 23:32:23,105] {dag.py:1818} INFO - Sync 1 DAGs
[2021-02-23 23:32:23,118] {logging_mixin.py:104} INFO - [2021-02-23 23:32:23,118] {dag.py:2273} INFO - Setting next_dagrun for example_kubernetes_executor to None
[2021-02-23 23:32:23,155] {scheduler_job.py:190} INFO - Processing /home/airflow/.local/lib/python3.6/site-packages/airflow/example_dags/example_kubernetes_executor.py took 0.081 seconds
[2021-02-23 23:32:53,918] {scheduler_job.py:182} INFO - Started process (PID=388) to work on /home/airflow/.local/lib/python3.6/site-packages/airflow/example_dags/example_kubernetes_executor.py
[2021-02-23 23:32:53,919] {scheduler_job.py:629} INFO - Processing file /home/airflow/.local/lib/python3.6/site-packages/airflow/example_dags/example_kubernetes_executor.py for tasks to queue
[2021-02-23 23:32:53,920] {logging_mixin.py:104} INFO - [2021-02-23 23:32:53,920] {dagbag.py:448} INFO - Filling up the DagBag from /home/airflow/.local/lib/python3.6/site-packages/airflow/example_dags/example_kubernetes_executor.py
[2021-02-23 23:32:53,941] {scheduler_job.py:639} INFO - DAG(s) dict_keys(['example_kubernetes_executor']) retrieved from /home/airflow/.local/lib/python3.6/site-packages/airflow/example_dags/example_kubernetes_executor.py
[2021-02-23 23:32:53,968] {logging_mixin.py:104} INFO - [2021-02-23 23:32:53,968] {dag.py:1818} INFO - Sync 1 DAGs
[2021-02-23 23:32:53,993] {logging_mixin.py:104} INFO - [2021-02-23 23:32:53,993] {dag.py:2273} INFO - Setting next_dagrun for example_kubernetes_executor to None
[2021-02-23 23:32:54,032] {scheduler_job.py:190} INFO - Processing /home/airflow/.local/lib/python3.6/site-packages/airflow/example_dags/example_kubernetes_executor.py took 0.116 seconds
[2021-02-23 23:33:24,930] {scheduler_job.py:182} INFO - Started process (PID=415) to work on /home/airflow/.local/lib/python3.6/site-packages/airflow/example_dags/example_kubernetes_executor.py
[2021-02-23 23:33:24,931] {scheduler_job.py:629} INFO - Processing file /home/airflow/.local/lib/python3.6/site-packages/airflow/example_dags/example_kubernetes_executor.py for tasks to queue
[2021-02-23 23:33:24,932] {logging_mixin.py:104} INFO - [2021-02-23 23:33:24,931] {dagbag.py:448} INFO - Filling up the DagBag from /home/airflow/.local/lib/python3.6/site-packages/airflow/example_dags/example_kubernetes_executor.py
[2021-02-23 23:33:24,944] {scheduler_job.py:639} INFO - DAG(s) dict_keys(['example_kubernetes_executor']) retrieved from /home/airflow/.local/lib/python3.6/site-packages/airflow/example_dags/example_kubernetes_executor.py
[2021-02-23 23:33:24,961] {logging_mixin.py:104} INFO - [2021-02-23 23:33:24,961] {dag.py:1818} INFO - Sync 1 DAGs
[2021-02-23 23:33:24,973] {logging_mixin.py:104} INFO - [2021-02-23 23:33:24,973] {dag.py:2273} INFO - Setting next_dagrun for example_kubernetes_executor to None
[2021-02-23 23:33:25,015] {scheduler_job.py:190} INFO - Processing /home/airflow/.local/lib/python3.6/site-packages/airflow/example_dags/example_kubernetes_executor.py took 0.087 seconds
[2021-02-23 23:33:55,600] {scheduler_job.py:182} INFO - Started process (PID=442) to work on /home/airflow/.local/lib/python3.6/site-packages/airflow/example_dags/example_kubernetes_executor.py
[2021-02-23 23:33:55,600] {scheduler_job.py:629} INFO - Processing file /home/airflow/.local/lib/python3.6/site-packages/airflow/example_dags/example_kubernetes_executor.py for tasks to queue
[2021-02-23 23:33:55,601] {logging_mixin.py:104} INFO - [2021-02-23 23:33:55,601] {dagbag.py:448} INFO - Filling up the DagBag from /home/airflow/.local/lib/python3.6/site-packages/airflow/example_dags/example_kubernetes_executor.py
[2021-02-23 23:33:55,610] {scheduler_job.py:639} INFO - DAG(s) dict_keys(['example_kubernetes_executor']) retrieved from /home/airflow/.local/lib/python3.6/site-packages/airflow/example_dags/example_kubernetes_executor.py
[2021-02-23 23:33:55,624] {logging_mixin.py:104} INFO - [2021-02-23 23:33:55,624] {dag.py:1818} INFO - Sync 1 DAGs
[2021-02-23 23:33:55,637] {logging_mixin.py:104} INFO - [2021-02-23 23:33:55,637] {dag.py:2273} INFO - Setting next_dagrun for example_kubernetes_executor to None
[2021-02-23 23:33:55,669] {scheduler_job.py:190} INFO - Processing /home/airflow/.local/lib/python3.6/site-packages/airflow/example_dags/example_kubernetes_executor.py took 0.072 seconds
[2021-02-23 23:34:26,048] {scheduler_job.py:182} INFO - Started process (PID=469) to work on /home/airflow/.local/lib/python3.6/site-packages/airflow/example_dags/example_kubernetes_executor.py
[2021-02-23 23:34:26,050] {scheduler_job.py:629} INFO - Processing file /home/airflow/.local/lib/python3.6/site-packages/airflow/example_dags/example_kubernetes_executor.py for tasks to queue
[2021-02-23 23:34:26,051] {logging_mixin.py:104} INFO - [2021-02-23 23:34:26,051] {dagbag.py:448} INFO - Filling up the DagBag from /home/airflow/.local/lib/python3.6/site-packages/airflow/example_dags/example_kubernetes_executor.py
[2021-02-23 23:34:26,065] {scheduler_job.py:639} INFO - DAG(s) dict_keys(['example_kubernetes_executor']) retrieved from /home/airflow/.local/lib/python3.6/site-packages/airflow/example_dags/example_kubernetes_executor.py
[2021-02-23 23:34:26,082] {logging_mixin.py:104} INFO - [2021-02-23 23:34:26,082] {dag.py:1818} INFO - Sync 1 DAGs
[2021-02-23 23:34:26,094] {logging_mixin.py:104} INFO - [2021-02-23 23:34:26,094] {dag.py:2273} INFO - Setting next_dagrun for example_kubernetes_executor to None
[2021-02-23 23:34:26,128] {scheduler_job.py:190} INFO - Processing /home/airflow/.local/lib/python3.6/site-packages/airflow/example_dags/example_kubernetes_executor.py took 0.087 seconds
[2021-02-23 23:34:56,161] {scheduler_job.py:182} INFO - Started process (PID=496) to work on /home/airflow/.local/lib/python3.6/site-packages/airflow/example_dags/example_kubernetes_executor.py
[2021-02-23 23:34:56,162] {scheduler_job.py:629} INFO - Processing file /home/airflow/.local/lib/python3.6/site-packages/airflow/example_dags/example_kubernetes_executor.py for tasks to queue
[2021-02-23 23:34:56,163] {logging_mixin.py:104} INFO - [2021-02-23 23:34:56,162] {dagbag.py:448} INFO - Filling up the DagBag from /home/airflow/.local/lib/python3.6/site-packages/airflow/example_dags/example_kubernetes_executor.py
[2021-02-23 23:34:56,174] {scheduler_job.py:639} INFO - DAG(s) dict_keys(['example_kubernetes_executor']) retrieved from /home/airflow/.local/lib/python3.6/site-packages/airflow/example_dags/example_kubernetes_executor.py
[2021-02-23 23:34:56,191] {logging_mixin.py:104} INFO - [2021-02-23 23:34:56,191] {dag.py:1818} INFO - Sync 1 DAGs
[2021-02-23 23:34:56,202] {logging_mixin.py:104} INFO - [2021-02-23 23:34:56,202] {dag.py:2273} INFO - Setting next_dagrun for example_kubernetes_executor to None
[2021-02-23 23:34:56,242] {scheduler_job.py:190} INFO - Processing /home/airflow/.local/lib/python3.6/site-packages/airflow/example_dags/example_kubernetes_executor.py took 0.084 seconds
[2021-02-23 23:35:26,274] {scheduler_job.py:182} INFO - Started process (PID=522) to work on /home/airflow/.local/lib/python3.6/site-packages/airflow/example_dags/example_kubernetes_executor.py
[2021-02-23 23:35:26,275] {scheduler_job.py:629} INFO - Processing file /home/airflow/.local/lib/python3.6/site-packages/airflow/example_dags/example_kubernetes_executor.py for tasks to queue
[2021-02-23 23:35:26,276] {logging_mixin.py:104} INFO - [2021-02-23 23:35:26,276] {dagbag.py:448} INFO - Filling up the DagBag from /home/airflow/.local/lib/python3.6/site-packages/airflow/example_dags/example_kubernetes_executor.py
[2021-02-23 23:35:26,287] {scheduler_job.py:639} INFO - DAG(s) dict_keys(['example_kubernetes_executor']) retrieved from /home/airflow/.local/lib/python3.6/site-packages/airflow/example_dags/example_kubernetes_executor.py
[2021-02-23 23:35:26,304] {logging_mixin.py:104} INFO - [2021-02-23 23:35:26,304] {dag.py:1818} INFO - Sync 1 DAGs
[2021-02-23 23:35:26,316] {logging_mixin.py:104} INFO - [2021-02-23 23:35:26,316] {dag.py:2273} INFO - Setting next_dagrun for example_kubernetes_executor to None
[2021-02-23 23:35:26,357] {scheduler_job.py:190} INFO - Processing /home/airflow/.local/lib/python3.6/site-packages/airflow/example_dags/example_kubernetes_executor.py took 0.087 seconds
[2021-02-23 23:35:56,596] {scheduler_job.py:182} INFO - Started process (PID=549) to work on /home/airflow/.local/lib/python3.6/site-packages/airflow/example_dags/example_kubernetes_executor.py
[2021-02-23 23:35:56,597] {scheduler_job.py:629} INFO - Processing file /home/airflow/.local/lib/python3.6/site-packages/airflow/example_dags/example_kubernetes_executor.py for tasks to queue
[2021-02-23 23:35:56,597] {logging_mixin.py:104} INFO - [2021-02-23 23:35:56,597] {dagbag.py:448} INFO - Filling up the DagBag from /home/airflow/.local/lib/python3.6/site-packages/airflow/example_dags/example_kubernetes_executor.py
[2021-02-23 23:35:56,607] {scheduler_job.py:639} INFO - DAG(s) dict_keys(['example_kubernetes_executor']) retrieved from /home/airflow/.local/lib/python3.6/site-packages/airflow/example_dags/example_kubernetes_executor.py
[2021-02-23 23:35:56,623] {logging_mixin.py:104} INFO - [2021-02-23 23:35:56,622] {dag.py:1818} INFO - Sync 1 DAGs
[2021-02-23 23:35:56,635] {logging_mixin.py:104} INFO - [2021-02-23 23:35:56,635] {dag.py:2273} INFO - Setting next_dagrun for example_kubernetes_executor to None
[2021-02-23 23:35:56,897] {scheduler_job.py:190} INFO - Processing /home/airflow/.local/lib/python3.6/site-packages/airflow/example_dags/example_kubernetes_executor.py took 0.303 seconds
[2021-02-23 23:36:27,576] {scheduler_job.py:182} INFO - Started process (PID=576) to work on /home/airflow/.local/lib/python3.6/site-packages/airflow/example_dags/example_kubernetes_executor.py
[2021-02-23 23:36:27,578] {scheduler_job.py:629} INFO - Processing file /home/airflow/.local/lib/python3.6/site-packages/airflow/example_dags/example_kubernetes_executor.py for tasks to queue
[2021-02-23 23:36:27,579] {logging_mixin.py:104} INFO - [2021-02-23 23:36:27,578] {dagbag.py:448} INFO - Filling up the DagBag from /home/airflow/.local/lib/python3.6/site-packages/airflow/example_dags/example_kubernetes_executor.py
[2021-02-23 23:36:27,596] {scheduler_job.py:639} INFO - DAG(s) dict_keys(['example_kubernetes_executor']) retrieved from /home/airflow/.local/lib/python3.6/site-packages/airflow/example_dags/example_kubernetes_executor.py
[2021-02-23 23:36:27,616] {logging_mixin.py:104} INFO - [2021-02-23 23:36:27,616] {dag.py:1818} INFO - Sync 1 DAGs
[2021-02-23 23:36:27,629] {logging_mixin.py:104} INFO - [2021-02-23 23:36:27,628] {dag.py:2273} INFO - Setting next_dagrun for example_kubernetes_executor to None
[2021-02-23 23:36:27,668] {scheduler_job.py:190} INFO - Processing /home/airflow/.local/lib/python3.6/site-packages/airflow/example_dags/example_kubernetes_executor.py took 0.096 seconds
[2021-02-23 23:36:58,393] {scheduler_job.py:182} INFO - Started process (PID=603) to work on /home/airflow/.local/lib/python3.6/site-packages/airflow/example_dags/example_kubernetes_executor.py
[2021-02-23 23:36:58,395] {scheduler_job.py:629} INFO - Processing file /home/airflow/.local/lib/python3.6/site-packages/airflow/example_dags/example_kubernetes_executor.py for tasks to queue
[2021-02-23 23:36:58,396] {logging_mixin.py:104} INFO - [2021-02-23 23:36:58,395] {dagbag.py:448} INFO - Filling up the DagBag from /home/airflow/.local/lib/python3.6/site-packages/airflow/example_dags/example_kubernetes_executor.py
[2021-02-23 23:36:58,411] {scheduler_job.py:639} INFO - DAG(s) dict_keys(['example_kubernetes_executor']) retrieved from /home/airflow/.local/lib/python3.6/site-packages/airflow/example_dags/example_kubernetes_executor.py
[2021-02-23 23:36:58,433] {logging_mixin.py:104} INFO - [2021-02-23 23:36:58,433] {dag.py:1818} INFO - Sync 1 DAGs
[2021-02-23 23:36:58,449] {logging_mixin.py:104} INFO - [2021-02-23 23:36:58,449] {dag.py:2273} INFO - Setting next_dagrun for example_kubernetes_executor to None
[2021-02-23 23:36:58,652] {scheduler_job.py:190} INFO - Processing /home/airflow/.local/lib/python3.6/site-packages/airflow/example_dags/example_kubernetes_executor.py took 0.264 seconds
[2021-02-23 23:37:29,010] {scheduler_job.py:182} INFO - Started process (PID=630) to work on /home/airflow/.local/lib/python3.6/site-packages/airflow/example_dags/example_kubernetes_executor.py
[2021-02-23 23:37:29,011] {scheduler_job.py:629} INFO - Processing file /home/airflow/.local/lib/python3.6/site-packages/airflow/example_dags/example_kubernetes_executor.py for tasks to queue
[2021-02-23 23:37:29,012] {logging_mixin.py:104} INFO - [2021-02-23 23:37:29,012] {dagbag.py:448} INFO - Filling up the DagBag from /home/airflow/.local/lib/python3.6/site-packages/airflow/example_dags/example_kubernetes_executor.py
[2021-02-23 23:37:29,031] {scheduler_job.py:639} INFO - DAG(s) dict_keys(['example_kubernetes_executor']) retrieved from /home/airflow/.local/lib/python3.6/site-packages/airflow/example_dags/example_kubernetes_executor.py
[2021-02-23 23:37:29,048] {logging_mixin.py:104} INFO - [2021-02-23 23:37:29,048] {dag.py:1818} INFO - Sync 1 DAGs
[2021-02-23 23:37:29,062] {logging_mixin.py:104} INFO - [2021-02-23 23:37:29,062] {dag.py:2273} INFO - Setting next_dagrun for example_kubernetes_executor to None
[2021-02-23 23:37:29,097] {scheduler_job.py:190} INFO - Processing /home/airflow/.local/lib/python3.6/site-packages/airflow/example_dags/example_kubernetes_executor.py took 0.093 seconds
[2021-02-23 23:38:00,081] {scheduler_job.py:182} INFO - Started process (PID=656) to work on /home/airflow/.local/lib/python3.6/site-packages/airflow/example_dags/example_kubernetes_executor.py
[2021-02-23 23:38:00,085] {scheduler_job.py:629} INFO - Processing file /home/airflow/.local/lib/python3.6/site-packages/airflow/example_dags/example_kubernetes_executor.py for tasks to queue
[2021-02-23 23:38:00,087] {logging_mixin.py:104} INFO - [2021-02-23 23:38:00,087] {dagbag.py:448} INFO - Filling up the DagBag from /home/airflow/.local/lib/python3.6/site-packages/airflow/example_dags/example_kubernetes_executor.py
[2021-02-23 23:38:00,109] {scheduler_job.py:639} INFO - DAG(s) dict_keys(['example_kubernetes_executor']) retrieved from /home/airflow/.local/lib/python3.6/site-packages/airflow/example_dags/example_kubernetes_executor.py
[2021-02-23 23:38:00,126] {logging_mixin.py:104} INFO - [2021-02-23 23:38:00,126] {dag.py:1818} INFO - Sync 1 DAGs
[2021-02-23 23:38:00,138] {logging_mixin.py:104} INFO - [2021-02-23 23:38:00,138] {dag.py:2273} INFO - Setting next_dagrun for example_kubernetes_executor to None
[2021-02-23 23:38:00,198] {scheduler_job.py:190} INFO - Processing /home/airflow/.local/lib/python3.6/site-packages/airflow/example_dags/example_kubernetes_executor.py took 0.125 seconds
[2021-02-23 23:38:30,991] {scheduler_job.py:182} INFO - Started process (PID=685) to work on /home/airflow/.local/lib/python3.6/site-packages/airflow/example_dags/example_kubernetes_executor.py
[2021-02-23 23:38:30,992] {scheduler_job.py:629} INFO - Processing file /home/airflow/.local/lib/python3.6/site-packages/airflow/example_dags/example_kubernetes_executor.py for tasks to queue
[2021-02-23 23:38:30,993] {logging_mixin.py:104} INFO - [2021-02-23 23:38:30,993] {dagbag.py:448} INFO - Filling up the DagBag from /home/airflow/.local/lib/python3.6/site-packages/airflow/example_dags/example_kubernetes_executor.py
[2021-02-23 23:38:31,003] {scheduler_job.py:639} INFO - DAG(s) dict_keys(['example_kubernetes_executor']) retrieved from /home/airflow/.local/lib/python3.6/site-packages/airflow/example_dags/example_kubernetes_executor.py
[2021-02-23 23:38:31,019] {logging_mixin.py:104} INFO - [2021-02-23 23:38:31,019] {dag.py:1818} INFO - Sync 1 DAGs
[2021-02-23 23:38:31,030] {logging_mixin.py:104} INFO - [2021-02-23 23:38:31,030] {dag.py:2273} INFO - Setting next_dagrun for example_kubernetes_executor to None
[2021-02-23 23:38:31,062] {scheduler_job.py:190} INFO - Processing /home/airflow/.local/lib/python3.6/site-packages/airflow/example_dags/example_kubernetes_executor.py took 0.073 seconds
[2021-02-23 23:39:01,957] {scheduler_job.py:182} INFO - Started process (PID=712) to work on /home/airflow/.local/lib/python3.6/site-packages/airflow/example_dags/example_kubernetes_executor.py
[2021-02-23 23:39:01,958] {scheduler_job.py:629} INFO - Processing file /home/airflow/.local/lib/python3.6/site-packages/airflow/example_dags/example_kubernetes_executor.py for tasks to queue
[2021-02-23 23:39:01,959] {logging_mixin.py:104} INFO - [2021-02-23 23:39:01,959] {dagbag.py:448} INFO - Filling up the DagBag from /home/airflow/.local/lib/python3.6/site-packages/airflow/example_dags/example_kubernetes_executor.py
[2021-02-23 23:39:01,974] {scheduler_job.py:639} INFO - DAG(s) dict_keys(['example_kubernetes_executor']) retrieved from /home/airflow/.local/lib/python3.6/site-packages/airflow/example_dags/example_kubernetes_executor.py
[2021-02-23 23:39:01,991] {logging_mixin.py:104} INFO - [2021-02-23 23:39:01,991] {dag.py:1818} INFO - Sync 1 DAGs
[2021-02-23 23:39:02,003] {logging_mixin.py:104} INFO - [2021-02-23 23:39:02,003] {dag.py:2273} INFO - Setting next_dagrun for example_kubernetes_executor to None
[2021-02-23 23:39:02,087] {scheduler_job.py:190} INFO - Processing /home/airflow/.local/lib/python3.6/site-packages/airflow/example_dags/example_kubernetes_executor.py took 0.134 seconds
[2021-02-23 23:39:32,673] {scheduler_job.py:182} INFO - Started process (PID=737) to work on /home/airflow/.local/lib/python3.6/site-packages/airflow/example_dags/example_kubernetes_executor.py
[2021-02-23 23:39:32,675] {scheduler_job.py:629} INFO - Processing file /home/airflow/.local/lib/python3.6/site-packages/airflow/example_dags/example_kubernetes_executor.py for tasks to queue
[2021-02-23 23:39:32,676] {logging_mixin.py:104} INFO - [2021-02-23 23:39:32,676] {dagbag.py:448} INFO - Filling up the DagBag from /home/airflow/.local/lib/python3.6/site-packages/airflow/example_dags/example_kubernetes_executor.py
[2021-02-23 23:39:32,700] {scheduler_job.py:639} INFO - DAG(s) dict_keys(['example_kubernetes_executor']) retrieved from /home/airflow/.local/lib/python3.6/site-packages/airflow/example_dags/example_kubernetes_executor.py
[2021-02-23 23:39:32,738] {logging_mixin.py:104} INFO - [2021-02-23 23:39:32,738] {dag.py:1818} INFO - Sync 1 DAGs
[2021-02-23 23:39:32,761] {logging_mixin.py:104} INFO - [2021-02-23 23:39:32,761] {dag.py:2273} INFO - Setting next_dagrun for example_kubernetes_executor to None
[2021-02-23 23:39:33,048] {scheduler_job.py:190} INFO - Processing /home/airflow/.local/lib/python3.6/site-packages/airflow/example_dags/example_kubernetes_executor.py took 0.379 seconds
[2021-02-23 23:40:03,306] {scheduler_job.py:182} INFO - Started process (PID=764) to work on /home/airflow/.local/lib/python3.6/site-packages/airflow/example_dags/example_kubernetes_executor.py
[2021-02-23 23:40:03,309] {scheduler_job.py:629} INFO - Processing file /home/airflow/.local/lib/python3.6/site-packages/airflow/example_dags/example_kubernetes_executor.py for tasks to queue
[2021-02-23 23:40:03,311] {logging_mixin.py:104} INFO - [2021-02-23 23:40:03,310] {dagbag.py:448} INFO - Filling up the DagBag from /home/airflow/.local/lib/python3.6/site-packages/airflow/example_dags/example_kubernetes_executor.py
[2021-02-23 23:40:03,337] {scheduler_job.py:639} INFO - DAG(s) dict_keys(['example_kubernetes_executor']) retrieved from /home/airflow/.local/lib/python3.6/site-packages/airflow/example_dags/example_kubernetes_executor.py
[2021-02-23 23:40:03,354] {logging_mixin.py:104} INFO - [2021-02-23 23:40:03,354] {dag.py:1818} INFO - Sync 1 DAGs
[2021-02-23 23:40:03,366] {logging_mixin.py:104} INFO - [2021-02-23 23:40:03,366] {dag.py:2273} INFO - Setting next_dagrun for example_kubernetes_executor to None
[2021-02-23 23:40:03,476] {scheduler_job.py:190} INFO - Processing /home/airflow/.local/lib/python3.6/site-packages/airflow/example_dags/example_kubernetes_executor.py took 0.178 seconds
[2021-02-23 23:40:33,557] {scheduler_job.py:182} INFO - Started process (PID=791) to work on /home/airflow/.local/lib/python3.6/site-packages/airflow/example_dags/example_kubernetes_executor.py
[2021-02-23 23:40:33,559] {scheduler_job.py:629} INFO - Processing file /home/airflow/.local/lib/python3.6/site-packages/airflow/example_dags/example_kubernetes_executor.py for tasks to queue
[2021-02-23 23:40:33,560] {logging_mixin.py:104} INFO - [2021-02-23 23:40:33,560] {dagbag.py:448} INFO - Filling up the DagBag from /home/airflow/.local/lib/python3.6/site-packages/airflow/example_dags/example_kubernetes_executor.py
[2021-02-23 23:40:33,577] {scheduler_job.py:639} INFO - DAG(s) dict_keys(['example_kubernetes_executor']) retrieved from /home/airflow/.local/lib/python3.6/site-packages/airflow/example_dags/example_kubernetes_executor.py
[2021-02-23 23:40:33,595] {logging_mixin.py:104} INFO - [2021-02-23 23:40:33,595] {dag.py:1818} INFO - Sync 1 DAGs
[2021-02-23 23:40:33,607] {logging_mixin.py:104} INFO - [2021-02-23 23:40:33,607] {dag.py:2273} INFO - Setting next_dagrun for example_kubernetes_executor to None
[2021-02-23 23:40:33,642] {scheduler_job.py:190} INFO - Processing /home/airflow/.local/lib/python3.6/site-packages/airflow/example_dags/example_kubernetes_executor.py took 0.093 seconds
[2021-02-23 23:41:04,407] {scheduler_job.py:182} INFO - Started process (PID=823) to work on /home/airflow/.local/lib/python3.6/site-packages/airflow/example_dags/example_kubernetes_executor.py
[2021-02-23 23:41:04,408] {scheduler_job.py:629} INFO - Processing file /home/airflow/.local/lib/python3.6/site-packages/airflow/example_dags/example_kubernetes_executor.py for tasks to queue
[2021-02-23 23:41:04,408] {logging_mixin.py:104} INFO - [2021-02-23 23:41:04,408] {dagbag.py:448} INFO - Filling up the DagBag from /home/airflow/.local/lib/python3.6/site-packages/airflow/example_dags/example_kubernetes_executor.py
[2021-02-23 23:41:04,419] {scheduler_job.py:639} INFO - DAG(s) dict_keys(['example_kubernetes_executor']) retrieved from /home/airflow/.local/lib/python3.6/site-packages/airflow/example_dags/example_kubernetes_executor.py
[2021-02-23 23:41:04,434] {logging_mixin.py:104} INFO - [2021-02-23 23:41:04,434] {dag.py:1818} INFO - Sync 1 DAGs
[2021-02-23 23:41:04,445] {logging_mixin.py:104} INFO - [2021-02-23 23:41:04,445] {dag.py:2273} INFO - Setting next_dagrun for example_kubernetes_executor to None
[2021-02-23 23:41:04,484] {scheduler_job.py:190} INFO - Processing /home/airflow/.local/lib/python3.6/site-packages/airflow/example_dags/example_kubernetes_executor.py took 0.079 seconds
[2021-02-23 23:41:35,436] {scheduler_job.py:182} INFO - Started process (PID=850) to work on /home/airflow/.local/lib/python3.6/site-packages/airflow/example_dags/example_kubernetes_executor.py
[2021-02-23 23:41:35,437] {scheduler_job.py:629} INFO - Processing file /home/airflow/.local/lib/python3.6/site-packages/airflow/example_dags/example_kubernetes_executor.py for tasks to queue
[2021-02-23 23:41:35,437] {logging_mixin.py:104} INFO - [2021-02-23 23:41:35,437] {dagbag.py:448} INFO - Filling up the DagBag from /home/airflow/.local/lib/python3.6/site-packages/airflow/example_dags/example_kubernetes_executor.py
[2021-02-23 23:41:35,448] {scheduler_job.py:639} INFO - DAG(s) dict_keys(['example_kubernetes_executor']) retrieved from /home/airflow/.local/lib/python3.6/site-packages/airflow/example_dags/example_kubernetes_executor.py
[2021-02-23 23:41:35,465] {logging_mixin.py:104} INFO - [2021-02-23 23:41:35,465] {dag.py:1818} INFO - Sync 1 DAGs
[2021-02-23 23:41:35,477] {logging_mixin.py:104} INFO - [2021-02-23 23:41:35,477] {dag.py:2273} INFO - Setting next_dagrun for example_kubernetes_executor to None
[2021-02-23 23:41:35,507] {scheduler_job.py:190} INFO - Processing /home/airflow/.local/lib/python3.6/site-packages/airflow/example_dags/example_kubernetes_executor.py took 0.073 seconds
[2021-02-23 23:42:05,621] {scheduler_job.py:182} INFO - Started process (PID=877) to work on /home/airflow/.local/lib/python3.6/site-packages/airflow/example_dags/example_kubernetes_executor.py
[2021-02-23 23:42:05,623] {scheduler_job.py:629} INFO - Processing file /home/airflow/.local/lib/python3.6/site-packages/airflow/example_dags/example_kubernetes_executor.py for tasks to queue
[2021-02-23 23:42:05,624] {logging_mixin.py:104} INFO - [2021-02-23 23:42:05,624] {dagbag.py:448} INFO - Filling up the DagBag from /home/airflow/.local/lib/python3.6/site-packages/airflow/example_dags/example_kubernetes_executor.py
[2021-02-23 23:42:05,642] {scheduler_job.py:639} INFO - DAG(s) dict_keys(['example_kubernetes_executor']) retrieved from /home/airflow/.local/lib/python3.6/site-packages/airflow/example_dags/example_kubernetes_executor.py
[2021-02-23 23:42:05,660] {logging_mixin.py:104} INFO - [2021-02-23 23:42:05,659] {dag.py:1818} INFO - Sync 1 DAGs
[2021-02-23 23:42:05,670] {logging_mixin.py:104} INFO - [2021-02-23 23:42:05,670] {dag.py:2273} INFO - Setting next_dagrun for example_kubernetes_executor to None
[2021-02-23 23:42:05,703] {scheduler_job.py:190} INFO - Processing /home/airflow/.local/lib/python3.6/site-packages/airflow/example_dags/example_kubernetes_executor.py took 0.088 seconds
[2021-02-23 23:42:35,804] {scheduler_job.py:182} INFO - Started process (PID=904) to work on /home/airflow/.local/lib/python3.6/site-packages/airflow/example_dags/example_kubernetes_executor.py
[2021-02-23 23:42:35,805] {scheduler_job.py:629} INFO - Processing file /home/airflow/.local/lib/python3.6/site-packages/airflow/example_dags/example_kubernetes_executor.py for tasks to queue
[2021-02-23 23:42:35,805] {logging_mixin.py:104} INFO - [2021-02-23 23:42:35,805] {dagbag.py:448} INFO - Filling up the DagBag from /home/airflow/.local/lib/python3.6/site-packages/airflow/example_dags/example_kubernetes_executor.py
[2021-02-23 23:42:35,815] {scheduler_job.py:639} INFO - DAG(s) dict_keys(['example_kubernetes_executor']) retrieved from /home/airflow/.local/lib/python3.6/site-packages/airflow/example_dags/example_kubernetes_executor.py
[2021-02-23 23:42:35,830] {logging_mixin.py:104} INFO - [2021-02-23 23:42:35,830] {dag.py:1818} INFO - Sync 1 DAGs
[2021-02-23 23:42:35,841] {logging_mixin.py:104} INFO - [2021-02-23 23:42:35,841] {dag.py:2273} INFO - Setting next_dagrun for example_kubernetes_executor to None
[2021-02-23 23:42:35,874] {scheduler_job.py:190} INFO - Processing /home/airflow/.local/lib/python3.6/site-packages/airflow/example_dags/example_kubernetes_executor.py took 0.073 seconds
[2021-02-23 23:43:06,031] {scheduler_job.py:182} INFO - Started process (PID=931) to work on /home/airflow/.local/lib/python3.6/site-packages/airflow/example_dags/example_kubernetes_executor.py
[2021-02-23 23:43:06,032] {scheduler_job.py:629} INFO - Processing file /home/airflow/.local/lib/python3.6/site-packages/airflow/example_dags/example_kubernetes_executor.py for tasks to queue
[2021-02-23 23:43:06,032] {logging_mixin.py:104} INFO - [2021-02-23 23:43:06,032] {dagbag.py:448} INFO - Filling up the DagBag from /home/airflow/.local/lib/python3.6/site-packages/airflow/example_dags/example_kubernetes_executor.py
[2021-02-23 23:43:06,043] {scheduler_job.py:639} INFO - DAG(s) dict_keys(['example_kubernetes_executor']) retrieved from /home/airflow/.local/lib/python3.6/site-packages/airflow/example_dags/example_kubernetes_executor.py
[2021-02-23 23:43:06,059] {logging_mixin.py:104} INFO - [2021-02-23 23:43:06,059] {dag.py:1818} INFO - Sync 1 DAGs
[2021-02-23 23:43:06,070] {logging_mixin.py:104} INFO - [2021-02-23 23:43:06,070] {dag.py:2273} INFO - Setting next_dagrun for example_kubernetes_executor to None
[2021-02-23 23:43:06,102] {scheduler_job.py:190} INFO - Processing /home/airflow/.local/lib/python3.6/site-packages/airflow/example_dags/example_kubernetes_executor.py took 0.074 seconds
[2021-02-23 23:43:36,448] {scheduler_job.py:182} INFO - Started process (PID=954) to work on /home/airflow/.local/lib/python3.6/site-packages/airflow/example_dags/example_kubernetes_executor.py
[2021-02-23 23:43:36,450] {scheduler_job.py:629} INFO - Processing file /home/airflow/.local/lib/python3.6/site-packages/airflow/example_dags/example_kubernetes_executor.py for tasks to queue
[2021-02-23 23:43:36,450] {logging_mixin.py:104} INFO - [2021-02-23 23:43:36,450] {dagbag.py:448} INFO - Filling up the DagBag from /home/airflow/.local/lib/python3.6/site-packages/airflow/example_dags/example_kubernetes_executor.py
[2021-02-23 23:43:36,462] {scheduler_job.py:639} INFO - DAG(s) dict_keys(['example_kubernetes_executor']) retrieved from /home/airflow/.local/lib/python3.6/site-packages/airflow/example_dags/example_kubernetes_executor.py
[2021-02-23 23:43:36,478] {logging_mixin.py:104} INFO - [2021-02-23 23:43:36,478] {dag.py:1818} INFO - Sync 1 DAGs
[2021-02-23 23:43:36,489] {logging_mixin.py:104} INFO - [2021-02-23 23:43:36,489] {dag.py:2273} INFO - Setting next_dagrun for example_kubernetes_executor to None
[2021-02-23 23:43:36,521] {scheduler_job.py:190} INFO - Processing /home/airflow/.local/lib/python3.6/site-packages/airflow/example_dags/example_kubernetes_executor.py took 0.075 seconds
[2021-02-23 23:44:06,848] {scheduler_job.py:182} INFO - Started process (PID=984) to work on /home/airflow/.local/lib/python3.6/site-packages/airflow/example_dags/example_kubernetes_executor.py
[2021-02-23 23:44:06,849] {scheduler_job.py:629} INFO - Processing file /home/airflow/.local/lib/python3.6/site-packages/airflow/example_dags/example_kubernetes_executor.py for tasks to queue
[2021-02-23 23:44:06,850] {logging_mixin.py:104} INFO - [2021-02-23 23:44:06,849] {dagbag.py:448} INFO - Filling up the DagBag from /home/airflow/.local/lib/python3.6/site-packages/airflow/example_dags/example_kubernetes_executor.py
[2021-02-23 23:44:06,861] {scheduler_job.py:639} INFO - DAG(s) dict_keys(['example_kubernetes_executor']) retrieved from /home/airflow/.local/lib/python3.6/site-packages/airflow/example_dags/example_kubernetes_executor.py
[2021-02-23 23:44:06,876] {logging_mixin.py:104} INFO - [2021-02-23 23:44:06,876] {dag.py:1818} INFO - Sync 1 DAGs
[2021-02-23 23:44:06,888] {logging_mixin.py:104} INFO - [2021-02-23 23:44:06,888] {dag.py:2273} INFO - Setting next_dagrun for example_kubernetes_executor to None
[2021-02-23 23:44:06,948] {scheduler_job.py:190} INFO - Processing /home/airflow/.local/lib/python3.6/site-packages/airflow/example_dags/example_kubernetes_executor.py took 0.102 seconds
[2021-02-23 23:44:37,154] {scheduler_job.py:182} INFO - Started process (PID=1012) to work on /home/airflow/.local/lib/python3.6/site-packages/airflow/example_dags/example_kubernetes_executor.py
[2021-02-23 23:44:37,155] {scheduler_job.py:629} INFO - Processing file /home/airflow/.local/lib/python3.6/site-packages/airflow/example_dags/example_kubernetes_executor.py for tasks to queue
[2021-02-23 23:44:37,156] {logging_mixin.py:104} INFO - [2021-02-23 23:44:37,155] {dagbag.py:448} INFO - Filling up the DagBag from /home/airflow/.local/lib/python3.6/site-packages/airflow/example_dags/example_kubernetes_executor.py
[2021-02-23 23:44:37,167] {scheduler_job.py:639} INFO - DAG(s) dict_keys(['example_kubernetes_executor']) retrieved from /home/airflow/.local/lib/python3.6/site-packages/airflow/example_dags/example_kubernetes_executor.py
[2021-02-23 23:44:37,186] {logging_mixin.py:104} INFO - [2021-02-23 23:44:37,186] {dag.py:1818} INFO - Sync 1 DAGs
[2021-02-23 23:44:37,198] {logging_mixin.py:104} INFO - [2021-02-23 23:44:37,198] {dag.py:2273} INFO - Setting next_dagrun for example_kubernetes_executor to None
[2021-02-23 23:44:37,235] {scheduler_job.py:190} INFO - Processing /home/airflow/.local/lib/python3.6/site-packages/airflow/example_dags/example_kubernetes_executor.py took 0.084 seconds
[2021-02-23 23:45:07,938] {scheduler_job.py:182} INFO - Started process (PID=1039) to work on /home/airflow/.local/lib/python3.6/site-packages/airflow/example_dags/example_kubernetes_executor.py
[2021-02-23 23:45:07,938] {scheduler_job.py:629} INFO - Processing file /home/airflow/.local/lib/python3.6/site-packages/airflow/example_dags/example_kubernetes_executor.py for tasks to queue
[2021-02-23 23:45:07,939] {logging_mixin.py:104} INFO - [2021-02-23 23:45:07,939] {dagbag.py:448} INFO - Filling up the DagBag from /home/airflow/.local/lib/python3.6/site-packages/airflow/example_dags/example_kubernetes_executor.py
[2021-02-23 23:45:07,950] {scheduler_job.py:639} INFO - DAG(s) dict_keys(['example_kubernetes_executor']) retrieved from /home/airflow/.local/lib/python3.6/site-packages/airflow/example_dags/example_kubernetes_executor.py
[2021-02-23 23:45:07,967] {logging_mixin.py:104} INFO - [2021-02-23 23:45:07,967] {dag.py:1818} INFO - Sync 1 DAGs
[2021-02-23 23:45:07,978] {logging_mixin.py:104} INFO - [2021-02-23 23:45:07,978] {dag.py:2273} INFO - Setting next_dagrun for example_kubernetes_executor to None
[2021-02-23 23:45:08,182] {scheduler_job.py:190} INFO - Processing /home/airflow/.local/lib/python3.6/site-packages/airflow/example_dags/example_kubernetes_executor.py took 0.247 seconds
[2021-02-23 23:45:38,856] {scheduler_job.py:182} INFO - Started process (PID=1066) to work on /home/airflow/.local/lib/python3.6/site-packages/airflow/example_dags/example_kubernetes_executor.py
[2021-02-23 23:45:38,857] {scheduler_job.py:629} INFO - Processing file /home/airflow/.local/lib/python3.6/site-packages/airflow/example_dags/example_kubernetes_executor.py for tasks to queue
[2021-02-23 23:45:38,857] {logging_mixin.py:104} INFO - [2021-02-23 23:45:38,857] {dagbag.py:448} INFO - Filling up the DagBag from /home/airflow/.local/lib/python3.6/site-packages/airflow/example_dags/example_kubernetes_executor.py
[2021-02-23 23:45:38,870] {scheduler_job.py:639} INFO - DAG(s) dict_keys(['example_kubernetes_executor']) retrieved from /home/airflow/.local/lib/python3.6/site-packages/airflow/example_dags/example_kubernetes_executor.py
[2021-02-23 23:45:38,886] {logging_mixin.py:104} INFO - [2021-02-23 23:45:38,886] {dag.py:1818} INFO - Sync 1 DAGs
[2021-02-23 23:45:38,897] {logging_mixin.py:104} INFO - [2021-02-23 23:45:38,897] {dag.py:2273} INFO - Setting next_dagrun for example_kubernetes_executor to None
[2021-02-23 23:45:38,936] {scheduler_job.py:190} INFO - Processing /home/airflow/.local/lib/python3.6/site-packages/airflow/example_dags/example_kubernetes_executor.py took 0.083 seconds
[2021-02-23 23:46:09,739] {scheduler_job.py:182} INFO - Started process (PID=1093) to work on /home/airflow/.local/lib/python3.6/site-packages/airflow/example_dags/example_kubernetes_executor.py
[2021-02-23 23:46:09,742] {scheduler_job.py:629} INFO - Processing file /home/airflow/.local/lib/python3.6/site-packages/airflow/example_dags/example_kubernetes_executor.py for tasks to queue
[2021-02-23 23:46:09,744] {logging_mixin.py:104} INFO - [2021-02-23 23:46:09,744] {dagbag.py:448} INFO - Filling up the DagBag from /home/airflow/.local/lib/python3.6/site-packages/airflow/example_dags/example_kubernetes_executor.py
[2021-02-23 23:46:09,764] {scheduler_job.py:639} INFO - DAG(s) dict_keys(['example_kubernetes_executor']) retrieved from /home/airflow/.local/lib/python3.6/site-packages/airflow/example_dags/example_kubernetes_executor.py
[2021-02-23 23:46:09,779] {logging_mixin.py:104} INFO - [2021-02-23 23:46:09,779] {dag.py:1818} INFO - Sync 1 DAGs
[2021-02-23 23:46:09,790] {logging_mixin.py:104} INFO - [2021-02-23 23:46:09,790] {dag.py:2273} INFO - Setting next_dagrun for example_kubernetes_executor to None
[2021-02-23 23:46:09,939] {scheduler_job.py:190} INFO - Processing /home/airflow/.local/lib/python3.6/site-packages/airflow/example_dags/example_kubernetes_executor.py took 0.208 seconds
[2021-02-23 23:46:40,661] {scheduler_job.py:182} INFO - Started process (PID=1120) to work on /home/airflow/.local/lib/python3.6/site-packages/airflow/example_dags/example_kubernetes_executor.py
[2021-02-23 23:46:40,661] {scheduler_job.py:629} INFO - Processing file /home/airflow/.local/lib/python3.6/site-packages/airflow/example_dags/example_kubernetes_executor.py for tasks to queue
[2021-02-23 23:46:40,662] {logging_mixin.py:104} INFO - [2021-02-23 23:46:40,662] {dagbag.py:448} INFO - Filling up the DagBag from /home/airflow/.local/lib/python3.6/site-packages/airflow/example_dags/example_kubernetes_executor.py
[2021-02-23 23:46:40,673] {scheduler_job.py:639} INFO - DAG(s) dict_keys(['example_kubernetes_executor']) retrieved from /home/airflow/.local/lib/python3.6/site-packages/airflow/example_dags/example_kubernetes_executor.py
[2021-02-23 23:46:40,690] {logging_mixin.py:104} INFO - [2021-02-23 23:46:40,690] {dag.py:1818} INFO - Sync 1 DAGs
[2021-02-23 23:46:40,704] {logging_mixin.py:104} INFO - [2021-02-23 23:46:40,704] {dag.py:2273} INFO - Setting next_dagrun for example_kubernetes_executor to None
[2021-02-23 23:46:40,748] {scheduler_job.py:190} INFO - Processing /home/airflow/.local/lib/python3.6/site-packages/airflow/example_dags/example_kubernetes_executor.py took 0.089 seconds
[2021-02-23 23:47:11,535] {scheduler_job.py:182} INFO - Started process (PID=1147) to work on /home/airflow/.local/lib/python3.6/site-packages/airflow/example_dags/example_kubernetes_executor.py
[2021-02-23 23:47:11,536] {scheduler_job.py:629} INFO - Processing file /home/airflow/.local/lib/python3.6/site-packages/airflow/example_dags/example_kubernetes_executor.py for tasks to queue
[2021-02-23 23:47:11,537] {logging_mixin.py:104} INFO - [2021-02-23 23:47:11,537] {dagbag.py:448} INFO - Filling up the DagBag from /home/airflow/.local/lib/python3.6/site-packages/airflow/example_dags/example_kubernetes_executor.py
[2021-02-23 23:47:11,547] {scheduler_job.py:639} INFO - DAG(s) dict_keys(['example_kubernetes_executor']) retrieved from /home/airflow/.local/lib/python3.6/site-packages/airflow/example_dags/example_kubernetes_executor.py
[2021-02-23 23:47:11,562] {logging_mixin.py:104} INFO - [2021-02-23 23:47:11,562] {dag.py:1818} INFO - Sync 1 DAGs
[2021-02-23 23:47:11,573] {logging_mixin.py:104} INFO - [2021-02-23 23:47:11,573] {dag.py:2273} INFO - Setting next_dagrun for example_kubernetes_executor to None
[2021-02-23 23:47:11,611] {scheduler_job.py:190} INFO - Processing /home/airflow/.local/lib/python3.6/site-packages/airflow/example_dags/example_kubernetes_executor.py took 0.078 seconds
[2021-02-23 23:47:42,700] {scheduler_job.py:182} INFO - Started process (PID=1174) to work on /home/airflow/.local/lib/python3.6/site-packages/airflow/example_dags/example_kubernetes_executor.py
[2021-02-23 23:47:42,701] {scheduler_job.py:629} INFO - Processing file /home/airflow/.local/lib/python3.6/site-packages/airflow/example_dags/example_kubernetes_executor.py for tasks to queue
[2021-02-23 23:47:42,702] {logging_mixin.py:104} INFO - [2021-02-23 23:47:42,702] {dagbag.py:448} INFO - Filling up the DagBag from /home/airflow/.local/lib/python3.6/site-packages/airflow/example_dags/example_kubernetes_executor.py
[2021-02-23 23:47:42,715] {scheduler_job.py:639} INFO - DAG(s) dict_keys(['example_kubernetes_executor']) retrieved from /home/airflow/.local/lib/python3.6/site-packages/airflow/example_dags/example_kubernetes_executor.py
[2021-02-23 23:47:42,735] {logging_mixin.py:104} INFO - [2021-02-23 23:47:42,735] {dag.py:1818} INFO - Sync 1 DAGs
[2021-02-23 23:47:42,751] {logging_mixin.py:104} INFO - [2021-02-23 23:47:42,751] {dag.py:2273} INFO - Setting next_dagrun for example_kubernetes_executor to None
[2021-02-23 23:47:42,811] {scheduler_job.py:190} INFO - Processing /home/airflow/.local/lib/python3.6/site-packages/airflow/example_dags/example_kubernetes_executor.py took 0.114 seconds
[2021-02-23 23:48:14,011] {scheduler_job.py:182} INFO - Started process (PID=1202) to work on /home/airflow/.local/lib/python3.6/site-packages/airflow/example_dags/example_kubernetes_executor.py
[2021-02-23 23:48:14,012] {scheduler_job.py:629} INFO - Processing file /home/airflow/.local/lib/python3.6/site-packages/airflow/example_dags/example_kubernetes_executor.py for tasks to queue
[2021-02-23 23:48:14,013] {logging_mixin.py:104} INFO - [2021-02-23 23:48:14,013] {dagbag.py:448} INFO - Filling up the DagBag from /home/airflow/.local/lib/python3.6/site-packages/airflow/example_dags/example_kubernetes_executor.py
[2021-02-23 23:48:14,022] {scheduler_job.py:639} INFO - DAG(s) dict_keys(['example_kubernetes_executor']) retrieved from /home/airflow/.local/lib/python3.6/site-packages/airflow/example_dags/example_kubernetes_executor.py
[2021-02-23 23:48:14,039] {logging_mixin.py:104} INFO - [2021-02-23 23:48:14,039] {dag.py:1818} INFO - Sync 1 DAGs
[2021-02-23 23:48:14,053] {logging_mixin.py:104} INFO - [2021-02-23 23:48:14,053] {dag.py:2273} INFO - Setting next_dagrun for example_kubernetes_executor to None
[2021-02-23 23:48:14,232] {scheduler_job.py:190} INFO - Processing /home/airflow/.local/lib/python3.6/site-packages/airflow/example_dags/example_kubernetes_executor.py took 0.224 seconds
[2021-02-23 23:48:44,496] {scheduler_job.py:182} INFO - Started process (PID=1224) to work on /home/airflow/.local/lib/python3.6/site-packages/airflow/example_dags/example_kubernetes_executor.py
[2021-02-23 23:48:44,498] {scheduler_job.py:629} INFO - Processing file /home/airflow/.local/lib/python3.6/site-packages/airflow/example_dags/example_kubernetes_executor.py for tasks to queue
[2021-02-23 23:48:44,500] {logging_mixin.py:104} INFO - [2021-02-23 23:48:44,499] {dagbag.py:448} INFO - Filling up the DagBag from /home/airflow/.local/lib/python3.6/site-packages/airflow/example_dags/example_kubernetes_executor.py
[2021-02-23 23:48:44,516] {scheduler_job.py:639} INFO - DAG(s) dict_keys(['example_kubernetes_executor']) retrieved from /home/airflow/.local/lib/python3.6/site-packages/airflow/example_dags/example_kubernetes_executor.py
[2021-02-23 23:48:44,535] {logging_mixin.py:104} INFO - [2021-02-23 23:48:44,535] {dag.py:1818} INFO - Sync 1 DAGs
[2021-02-23 23:48:44,548] {logging_mixin.py:104} INFO - [2021-02-23 23:48:44,548] {dag.py:2273} INFO - Setting next_dagrun for example_kubernetes_executor to None
[2021-02-23 23:48:44,682] {scheduler_job.py:190} INFO - Processing /home/airflow/.local/lib/python3.6/site-packages/airflow/example_dags/example_kubernetes_executor.py took 0.197 seconds
[2021-02-23 23:49:15,608] {scheduler_job.py:182} INFO - Started process (PID=1251) to work on /home/airflow/.local/lib/python3.6/site-packages/airflow/example_dags/example_kubernetes_executor.py
[2021-02-23 23:49:15,609] {scheduler_job.py:629} INFO - Processing file /home/airflow/.local/lib/python3.6/site-packages/airflow/example_dags/example_kubernetes_executor.py for tasks to queue
[2021-02-23 23:49:15,609] {logging_mixin.py:104} INFO - [2021-02-23 23:49:15,609] {dagbag.py:448} INFO - Filling up the DagBag from /home/airflow/.local/lib/python3.6/site-packages/airflow/example_dags/example_kubernetes_executor.py
[2021-02-23 23:49:15,618] {scheduler_job.py:639} INFO - DAG(s) dict_keys(['example_kubernetes_executor']) retrieved from /home/airflow/.local/lib/python3.6/site-packages/airflow/example_dags/example_kubernetes_executor.py
[2021-02-23 23:49:15,631] {logging_mixin.py:104} INFO - [2021-02-23 23:49:15,631] {dag.py:1818} INFO - Sync 1 DAGs
[2021-02-23 23:49:15,640] {logging_mixin.py:104} INFO - [2021-02-23 23:49:15,640] {dag.py:2273} INFO - Setting next_dagrun for example_kubernetes_executor to None
[2021-02-23 23:49:15,674] {scheduler_job.py:190} INFO - Processing /home/airflow/.local/lib/python3.6/site-packages/airflow/example_dags/example_kubernetes_executor.py took 0.068 seconds
