[2021-02-23 23:15:26,326] {scheduler_job.py:182} INFO - Started process (PID=32) to work on /home/airflow/.local/lib/python3.6/site-packages/airflow/example_dags/example_nested_branch_dag.py
[2021-02-23 23:15:26,327] {scheduler_job.py:629} INFO - Processing file /home/airflow/.local/lib/python3.6/site-packages/airflow/example_dags/example_nested_branch_dag.py for tasks to queue
[2021-02-23 23:15:26,328] {logging_mixin.py:104} INFO - [2021-02-23 23:15:26,328] {dagbag.py:448} INFO - Filling up the DagBag from /home/airflow/.local/lib/python3.6/site-packages/airflow/example_dags/example_nested_branch_dag.py
[2021-02-23 23:15:26,349] {scheduler_job.py:639} INFO - DAG(s) dict_keys(['example_nested_branch_dag']) retrieved from /home/airflow/.local/lib/python3.6/site-packages/airflow/example_dags/example_nested_branch_dag.py
[2021-02-23 23:15:26,381] {logging_mixin.py:104} INFO - [2021-02-23 23:15:26,381] {dag.py:1818} INFO - Sync 1 DAGs
[2021-02-23 23:15:26,395] {logging_mixin.py:104} INFO - [2021-02-23 23:15:26,395] {dag.py:1837} INFO - Creating ORM DAG for example_nested_branch_dag
[2021-02-23 23:15:26,414] {logging_mixin.py:104} INFO - [2021-02-23 23:15:26,413] {dag.py:2273} INFO - Setting next_dagrun for example_nested_branch_dag to 2021-02-21 00:00:00+00:00
[2021-02-23 23:15:26,462] {scheduler_job.py:190} INFO - Processing /home/airflow/.local/lib/python3.6/site-packages/airflow/example_dags/example_nested_branch_dag.py took 0.140 seconds
[2021-02-23 23:15:57,232] {scheduler_job.py:182} INFO - Started process (PID=62) to work on /home/airflow/.local/lib/python3.6/site-packages/airflow/example_dags/example_nested_branch_dag.py
[2021-02-23 23:15:57,233] {scheduler_job.py:629} INFO - Processing file /home/airflow/.local/lib/python3.6/site-packages/airflow/example_dags/example_nested_branch_dag.py for tasks to queue
[2021-02-23 23:15:57,234] {logging_mixin.py:104} INFO - [2021-02-23 23:15:57,234] {dagbag.py:448} INFO - Filling up the DagBag from /home/airflow/.local/lib/python3.6/site-packages/airflow/example_dags/example_nested_branch_dag.py
[2021-02-23 23:15:57,247] {scheduler_job.py:639} INFO - DAG(s) dict_keys(['example_nested_branch_dag']) retrieved from /home/airflow/.local/lib/python3.6/site-packages/airflow/example_dags/example_nested_branch_dag.py
[2021-02-23 23:15:57,263] {logging_mixin.py:104} INFO - [2021-02-23 23:15:57,263] {dag.py:1818} INFO - Sync 1 DAGs
[2021-02-23 23:15:57,281] {logging_mixin.py:104} INFO - [2021-02-23 23:15:57,281] {dag.py:2273} INFO - Setting next_dagrun for example_nested_branch_dag to 2021-02-21 00:00:00+00:00
[2021-02-23 23:15:57,487] {scheduler_job.py:190} INFO - Processing /home/airflow/.local/lib/python3.6/site-packages/airflow/example_dags/example_nested_branch_dag.py took 0.257 seconds
[2021-02-23 23:16:28,070] {scheduler_job.py:182} INFO - Started process (PID=89) to work on /home/airflow/.local/lib/python3.6/site-packages/airflow/example_dags/example_nested_branch_dag.py
[2021-02-23 23:16:28,072] {scheduler_job.py:629} INFO - Processing file /home/airflow/.local/lib/python3.6/site-packages/airflow/example_dags/example_nested_branch_dag.py for tasks to queue
[2021-02-23 23:16:28,072] {logging_mixin.py:104} INFO - [2021-02-23 23:16:28,072] {dagbag.py:448} INFO - Filling up the DagBag from /home/airflow/.local/lib/python3.6/site-packages/airflow/example_dags/example_nested_branch_dag.py
[2021-02-23 23:16:28,091] {scheduler_job.py:639} INFO - DAG(s) dict_keys(['example_nested_branch_dag']) retrieved from /home/airflow/.local/lib/python3.6/site-packages/airflow/example_dags/example_nested_branch_dag.py
[2021-02-23 23:16:28,108] {logging_mixin.py:104} INFO - [2021-02-23 23:16:28,108] {dag.py:1818} INFO - Sync 1 DAGs
[2021-02-23 23:16:28,135] {logging_mixin.py:104} INFO - [2021-02-23 23:16:28,134] {dag.py:2273} INFO - Setting next_dagrun for example_nested_branch_dag to 2021-02-21 00:00:00+00:00
[2021-02-23 23:16:28,192] {scheduler_job.py:190} INFO - Processing /home/airflow/.local/lib/python3.6/site-packages/airflow/example_dags/example_nested_branch_dag.py took 0.125 seconds
[2021-02-23 23:16:59,596] {scheduler_job.py:182} INFO - Started process (PID=119) to work on /home/airflow/.local/lib/python3.6/site-packages/airflow/example_dags/example_nested_branch_dag.py
[2021-02-23 23:16:59,597] {scheduler_job.py:629} INFO - Processing file /home/airflow/.local/lib/python3.6/site-packages/airflow/example_dags/example_nested_branch_dag.py for tasks to queue
[2021-02-23 23:16:59,598] {logging_mixin.py:104} INFO - [2021-02-23 23:16:59,598] {dagbag.py:448} INFO - Filling up the DagBag from /home/airflow/.local/lib/python3.6/site-packages/airflow/example_dags/example_nested_branch_dag.py
[2021-02-23 23:16:59,610] {scheduler_job.py:639} INFO - DAG(s) dict_keys(['example_nested_branch_dag']) retrieved from /home/airflow/.local/lib/python3.6/site-packages/airflow/example_dags/example_nested_branch_dag.py
[2021-02-23 23:16:59,626] {logging_mixin.py:104} INFO - [2021-02-23 23:16:59,626] {dag.py:1818} INFO - Sync 1 DAGs
[2021-02-23 23:16:59,644] {logging_mixin.py:104} INFO - [2021-02-23 23:16:59,643] {dag.py:2273} INFO - Setting next_dagrun for example_nested_branch_dag to 2021-02-21 00:00:00+00:00
[2021-02-23 23:16:59,679] {scheduler_job.py:190} INFO - Processing /home/airflow/.local/lib/python3.6/site-packages/airflow/example_dags/example_nested_branch_dag.py took 0.085 seconds
[2021-02-23 23:26:15,158] {scheduler_job.py:182} INFO - Started process (PID=45) to work on /home/airflow/.local/lib/python3.6/site-packages/airflow/example_dags/example_nested_branch_dag.py
[2021-02-23 23:26:15,159] {scheduler_job.py:629} INFO - Processing file /home/airflow/.local/lib/python3.6/site-packages/airflow/example_dags/example_nested_branch_dag.py for tasks to queue
[2021-02-23 23:26:15,160] {logging_mixin.py:104} INFO - [2021-02-23 23:26:15,160] {dagbag.py:448} INFO - Filling up the DagBag from /home/airflow/.local/lib/python3.6/site-packages/airflow/example_dags/example_nested_branch_dag.py
[2021-02-23 23:26:15,183] {scheduler_job.py:639} INFO - DAG(s) dict_keys(['example_nested_branch_dag']) retrieved from /home/airflow/.local/lib/python3.6/site-packages/airflow/example_dags/example_nested_branch_dag.py
[2021-02-23 23:26:15,215] {logging_mixin.py:104} INFO - [2021-02-23 23:26:15,215] {dag.py:1818} INFO - Sync 1 DAGs
[2021-02-23 23:26:15,247] {logging_mixin.py:104} INFO - [2021-02-23 23:26:15,246] {dag.py:2273} INFO - Setting next_dagrun for example_nested_branch_dag to 2021-02-21 00:00:00+00:00
[2021-02-23 23:26:15,285] {scheduler_job.py:190} INFO - Processing /home/airflow/.local/lib/python3.6/site-packages/airflow/example_dags/example_nested_branch_dag.py took 0.132 seconds
[2021-02-23 23:26:47,256] {scheduler_job.py:182} INFO - Started process (PID=73) to work on /home/airflow/.local/lib/python3.6/site-packages/airflow/example_dags/example_nested_branch_dag.py
[2021-02-23 23:26:47,258] {scheduler_job.py:629} INFO - Processing file /home/airflow/.local/lib/python3.6/site-packages/airflow/example_dags/example_nested_branch_dag.py for tasks to queue
[2021-02-23 23:26:47,259] {logging_mixin.py:104} INFO - [2021-02-23 23:26:47,259] {dagbag.py:448} INFO - Filling up the DagBag from /home/airflow/.local/lib/python3.6/site-packages/airflow/example_dags/example_nested_branch_dag.py
[2021-02-23 23:26:47,281] {scheduler_job.py:639} INFO - DAG(s) dict_keys(['example_nested_branch_dag']) retrieved from /home/airflow/.local/lib/python3.6/site-packages/airflow/example_dags/example_nested_branch_dag.py
[2021-02-23 23:26:47,298] {logging_mixin.py:104} INFO - [2021-02-23 23:26:47,298] {dag.py:1818} INFO - Sync 1 DAGs
[2021-02-23 23:26:47,316] {logging_mixin.py:104} INFO - [2021-02-23 23:26:47,316] {dag.py:2273} INFO - Setting next_dagrun for example_nested_branch_dag to 2021-02-21 00:00:00+00:00
[2021-02-23 23:26:47,414] {scheduler_job.py:190} INFO - Processing /home/airflow/.local/lib/python3.6/site-packages/airflow/example_dags/example_nested_branch_dag.py took 0.164 seconds
[2021-02-23 23:27:17,449] {scheduler_job.py:182} INFO - Started process (PID=99) to work on /home/airflow/.local/lib/python3.6/site-packages/airflow/example_dags/example_nested_branch_dag.py
[2021-02-23 23:27:17,450] {scheduler_job.py:629} INFO - Processing file /home/airflow/.local/lib/python3.6/site-packages/airflow/example_dags/example_nested_branch_dag.py for tasks to queue
[2021-02-23 23:27:17,451] {logging_mixin.py:104} INFO - [2021-02-23 23:27:17,451] {dagbag.py:448} INFO - Filling up the DagBag from /home/airflow/.local/lib/python3.6/site-packages/airflow/example_dags/example_nested_branch_dag.py
[2021-02-23 23:27:17,464] {scheduler_job.py:639} INFO - DAG(s) dict_keys(['example_nested_branch_dag']) retrieved from /home/airflow/.local/lib/python3.6/site-packages/airflow/example_dags/example_nested_branch_dag.py
[2021-02-23 23:27:17,481] {logging_mixin.py:104} INFO - [2021-02-23 23:27:17,481] {dag.py:1818} INFO - Sync 1 DAGs
[2021-02-23 23:27:17,498] {logging_mixin.py:104} INFO - [2021-02-23 23:27:17,498] {dag.py:2273} INFO - Setting next_dagrun for example_nested_branch_dag to 2021-02-21 00:00:00+00:00
[2021-02-23 23:27:17,572] {scheduler_job.py:190} INFO - Processing /home/airflow/.local/lib/python3.6/site-packages/airflow/example_dags/example_nested_branch_dag.py took 0.126 seconds
[2021-02-23 23:27:47,892] {scheduler_job.py:182} INFO - Started process (PID=124) to work on /home/airflow/.local/lib/python3.6/site-packages/airflow/example_dags/example_nested_branch_dag.py
[2021-02-23 23:27:47,894] {scheduler_job.py:629} INFO - Processing file /home/airflow/.local/lib/python3.6/site-packages/airflow/example_dags/example_nested_branch_dag.py for tasks to queue
[2021-02-23 23:27:47,894] {logging_mixin.py:104} INFO - [2021-02-23 23:27:47,894] {dagbag.py:448} INFO - Filling up the DagBag from /home/airflow/.local/lib/python3.6/site-packages/airflow/example_dags/example_nested_branch_dag.py
[2021-02-23 23:27:47,918] {scheduler_job.py:639} INFO - DAG(s) dict_keys(['example_nested_branch_dag']) retrieved from /home/airflow/.local/lib/python3.6/site-packages/airflow/example_dags/example_nested_branch_dag.py
[2021-02-23 23:27:47,939] {logging_mixin.py:104} INFO - [2021-02-23 23:27:47,939] {dag.py:1818} INFO - Sync 1 DAGs
[2021-02-23 23:27:47,958] {logging_mixin.py:104} INFO - [2021-02-23 23:27:47,958] {dag.py:2273} INFO - Setting next_dagrun for example_nested_branch_dag to 2021-02-21 00:00:00+00:00
[2021-02-23 23:27:48,103] {scheduler_job.py:190} INFO - Processing /home/airflow/.local/lib/python3.6/site-packages/airflow/example_dags/example_nested_branch_dag.py took 0.215 seconds
[2021-02-23 23:28:18,950] {scheduler_job.py:182} INFO - Started process (PID=150) to work on /home/airflow/.local/lib/python3.6/site-packages/airflow/example_dags/example_nested_branch_dag.py
[2021-02-23 23:28:18,951] {scheduler_job.py:629} INFO - Processing file /home/airflow/.local/lib/python3.6/site-packages/airflow/example_dags/example_nested_branch_dag.py for tasks to queue
[2021-02-23 23:28:18,951] {logging_mixin.py:104} INFO - [2021-02-23 23:28:18,951] {dagbag.py:448} INFO - Filling up the DagBag from /home/airflow/.local/lib/python3.6/site-packages/airflow/example_dags/example_nested_branch_dag.py
[2021-02-23 23:28:18,961] {scheduler_job.py:639} INFO - DAG(s) dict_keys(['example_nested_branch_dag']) retrieved from /home/airflow/.local/lib/python3.6/site-packages/airflow/example_dags/example_nested_branch_dag.py
[2021-02-23 23:28:18,975] {logging_mixin.py:104} INFO - [2021-02-23 23:28:18,975] {dag.py:1818} INFO - Sync 1 DAGs
[2021-02-23 23:28:18,990] {logging_mixin.py:104} INFO - [2021-02-23 23:28:18,990] {dag.py:2273} INFO - Setting next_dagrun for example_nested_branch_dag to 2021-02-21 00:00:00+00:00
[2021-02-23 23:28:19,131] {scheduler_job.py:190} INFO - Processing /home/airflow/.local/lib/python3.6/site-packages/airflow/example_dags/example_nested_branch_dag.py took 0.183 seconds
[2021-02-23 23:28:49,942] {scheduler_job.py:182} INFO - Started process (PID=178) to work on /home/airflow/.local/lib/python3.6/site-packages/airflow/example_dags/example_nested_branch_dag.py
[2021-02-23 23:28:49,944] {scheduler_job.py:629} INFO - Processing file /home/airflow/.local/lib/python3.6/site-packages/airflow/example_dags/example_nested_branch_dag.py for tasks to queue
[2021-02-23 23:28:49,945] {logging_mixin.py:104} INFO - [2021-02-23 23:28:49,944] {dagbag.py:448} INFO - Filling up the DagBag from /home/airflow/.local/lib/python3.6/site-packages/airflow/example_dags/example_nested_branch_dag.py
[2021-02-23 23:28:49,961] {scheduler_job.py:639} INFO - DAG(s) dict_keys(['example_nested_branch_dag']) retrieved from /home/airflow/.local/lib/python3.6/site-packages/airflow/example_dags/example_nested_branch_dag.py
[2021-02-23 23:28:49,982] {logging_mixin.py:104} INFO - [2021-02-23 23:28:49,981] {dag.py:1818} INFO - Sync 1 DAGs
[2021-02-23 23:28:50,000] {logging_mixin.py:104} INFO - [2021-02-23 23:28:50,000] {dag.py:2273} INFO - Setting next_dagrun for example_nested_branch_dag to 2021-02-21 00:00:00+00:00
[2021-02-23 23:28:50,074] {scheduler_job.py:190} INFO - Processing /home/airflow/.local/lib/python3.6/site-packages/airflow/example_dags/example_nested_branch_dag.py took 0.134 seconds
[2021-02-23 23:29:20,150] {scheduler_job.py:182} INFO - Started process (PID=204) to work on /home/airflow/.local/lib/python3.6/site-packages/airflow/example_dags/example_nested_branch_dag.py
[2021-02-23 23:29:20,152] {scheduler_job.py:629} INFO - Processing file /home/airflow/.local/lib/python3.6/site-packages/airflow/example_dags/example_nested_branch_dag.py for tasks to queue
[2021-02-23 23:29:20,152] {logging_mixin.py:104} INFO - [2021-02-23 23:29:20,152] {dagbag.py:448} INFO - Filling up the DagBag from /home/airflow/.local/lib/python3.6/site-packages/airflow/example_dags/example_nested_branch_dag.py
[2021-02-23 23:29:20,168] {scheduler_job.py:639} INFO - DAG(s) dict_keys(['example_nested_branch_dag']) retrieved from /home/airflow/.local/lib/python3.6/site-packages/airflow/example_dags/example_nested_branch_dag.py
[2021-02-23 23:29:20,185] {logging_mixin.py:104} INFO - [2021-02-23 23:29:20,185] {dag.py:1818} INFO - Sync 1 DAGs
[2021-02-23 23:29:20,203] {logging_mixin.py:104} INFO - [2021-02-23 23:29:20,203] {dag.py:2273} INFO - Setting next_dagrun for example_nested_branch_dag to 2021-02-21 00:00:00+00:00
[2021-02-23 23:29:20,244] {scheduler_job.py:190} INFO - Processing /home/airflow/.local/lib/python3.6/site-packages/airflow/example_dags/example_nested_branch_dag.py took 0.098 seconds
[2021-02-23 23:29:50,265] {scheduler_job.py:182} INFO - Started process (PID=231) to work on /home/airflow/.local/lib/python3.6/site-packages/airflow/example_dags/example_nested_branch_dag.py
[2021-02-23 23:29:50,266] {scheduler_job.py:629} INFO - Processing file /home/airflow/.local/lib/python3.6/site-packages/airflow/example_dags/example_nested_branch_dag.py for tasks to queue
[2021-02-23 23:29:50,267] {logging_mixin.py:104} INFO - [2021-02-23 23:29:50,267] {dagbag.py:448} INFO - Filling up the DagBag from /home/airflow/.local/lib/python3.6/site-packages/airflow/example_dags/example_nested_branch_dag.py
[2021-02-23 23:29:50,281] {scheduler_job.py:639} INFO - DAG(s) dict_keys(['example_nested_branch_dag']) retrieved from /home/airflow/.local/lib/python3.6/site-packages/airflow/example_dags/example_nested_branch_dag.py
[2021-02-23 23:29:50,299] {logging_mixin.py:104} INFO - [2021-02-23 23:29:50,298] {dag.py:1818} INFO - Sync 1 DAGs
[2021-02-23 23:29:50,316] {logging_mixin.py:104} INFO - [2021-02-23 23:29:50,316] {dag.py:2273} INFO - Setting next_dagrun for example_nested_branch_dag to 2021-02-21 00:00:00+00:00
[2021-02-23 23:29:50,360] {scheduler_job.py:190} INFO - Processing /home/airflow/.local/lib/python3.6/site-packages/airflow/example_dags/example_nested_branch_dag.py took 0.098 seconds
[2021-02-23 23:30:20,957] {scheduler_job.py:182} INFO - Started process (PID=258) to work on /home/airflow/.local/lib/python3.6/site-packages/airflow/example_dags/example_nested_branch_dag.py
[2021-02-23 23:30:20,958] {scheduler_job.py:629} INFO - Processing file /home/airflow/.local/lib/python3.6/site-packages/airflow/example_dags/example_nested_branch_dag.py for tasks to queue
[2021-02-23 23:30:20,959] {logging_mixin.py:104} INFO - [2021-02-23 23:30:20,959] {dagbag.py:448} INFO - Filling up the DagBag from /home/airflow/.local/lib/python3.6/site-packages/airflow/example_dags/example_nested_branch_dag.py
[2021-02-23 23:30:20,972] {scheduler_job.py:639} INFO - DAG(s) dict_keys(['example_nested_branch_dag']) retrieved from /home/airflow/.local/lib/python3.6/site-packages/airflow/example_dags/example_nested_branch_dag.py
[2021-02-23 23:30:20,987] {logging_mixin.py:104} INFO - [2021-02-23 23:30:20,987] {dag.py:1818} INFO - Sync 1 DAGs
[2021-02-23 23:30:21,003] {logging_mixin.py:104} INFO - [2021-02-23 23:30:21,003] {dag.py:2273} INFO - Setting next_dagrun for example_nested_branch_dag to 2021-02-21 00:00:00+00:00
[2021-02-23 23:30:21,156] {scheduler_job.py:190} INFO - Processing /home/airflow/.local/lib/python3.6/site-packages/airflow/example_dags/example_nested_branch_dag.py took 0.201 seconds
[2021-02-23 23:30:51,494] {scheduler_job.py:182} INFO - Started process (PID=282) to work on /home/airflow/.local/lib/python3.6/site-packages/airflow/example_dags/example_nested_branch_dag.py
[2021-02-23 23:30:51,498] {scheduler_job.py:629} INFO - Processing file /home/airflow/.local/lib/python3.6/site-packages/airflow/example_dags/example_nested_branch_dag.py for tasks to queue
[2021-02-23 23:30:51,501] {logging_mixin.py:104} INFO - [2021-02-23 23:30:51,500] {dagbag.py:448} INFO - Filling up the DagBag from /home/airflow/.local/lib/python3.6/site-packages/airflow/example_dags/example_nested_branch_dag.py
[2021-02-23 23:30:51,552] {scheduler_job.py:639} INFO - DAG(s) dict_keys(['example_nested_branch_dag']) retrieved from /home/airflow/.local/lib/python3.6/site-packages/airflow/example_dags/example_nested_branch_dag.py
[2021-02-23 23:30:51,579] {logging_mixin.py:104} INFO - [2021-02-23 23:30:51,579] {dag.py:1818} INFO - Sync 1 DAGs
[2021-02-23 23:30:51,602] {logging_mixin.py:104} INFO - [2021-02-23 23:30:51,602] {dag.py:2273} INFO - Setting next_dagrun for example_nested_branch_dag to 2021-02-21 00:00:00+00:00
[2021-02-23 23:30:51,753] {scheduler_job.py:190} INFO - Processing /home/airflow/.local/lib/python3.6/site-packages/airflow/example_dags/example_nested_branch_dag.py took 0.271 seconds
[2021-02-23 23:31:22,569] {scheduler_job.py:182} INFO - Started process (PID=309) to work on /home/airflow/.local/lib/python3.6/site-packages/airflow/example_dags/example_nested_branch_dag.py
[2021-02-23 23:31:22,570] {scheduler_job.py:629} INFO - Processing file /home/airflow/.local/lib/python3.6/site-packages/airflow/example_dags/example_nested_branch_dag.py for tasks to queue
[2021-02-23 23:31:22,570] {logging_mixin.py:104} INFO - [2021-02-23 23:31:22,570] {dagbag.py:448} INFO - Filling up the DagBag from /home/airflow/.local/lib/python3.6/site-packages/airflow/example_dags/example_nested_branch_dag.py
[2021-02-23 23:31:22,584] {scheduler_job.py:639} INFO - DAG(s) dict_keys(['example_nested_branch_dag']) retrieved from /home/airflow/.local/lib/python3.6/site-packages/airflow/example_dags/example_nested_branch_dag.py
[2021-02-23 23:31:22,601] {logging_mixin.py:104} INFO - [2021-02-23 23:31:22,601] {dag.py:1818} INFO - Sync 1 DAGs
[2021-02-23 23:31:22,625] {logging_mixin.py:104} INFO - [2021-02-23 23:31:22,624] {dag.py:2273} INFO - Setting next_dagrun for example_nested_branch_dag to 2021-02-21 00:00:00+00:00
[2021-02-23 23:31:22,686] {scheduler_job.py:190} INFO - Processing /home/airflow/.local/lib/python3.6/site-packages/airflow/example_dags/example_nested_branch_dag.py took 0.120 seconds
[2021-02-23 23:31:53,075] {scheduler_job.py:182} INFO - Started process (PID=336) to work on /home/airflow/.local/lib/python3.6/site-packages/airflow/example_dags/example_nested_branch_dag.py
[2021-02-23 23:31:53,075] {scheduler_job.py:629} INFO - Processing file /home/airflow/.local/lib/python3.6/site-packages/airflow/example_dags/example_nested_branch_dag.py for tasks to queue
[2021-02-23 23:31:53,076] {logging_mixin.py:104} INFO - [2021-02-23 23:31:53,076] {dagbag.py:448} INFO - Filling up the DagBag from /home/airflow/.local/lib/python3.6/site-packages/airflow/example_dags/example_nested_branch_dag.py
[2021-02-23 23:31:53,087] {scheduler_job.py:639} INFO - DAG(s) dict_keys(['example_nested_branch_dag']) retrieved from /home/airflow/.local/lib/python3.6/site-packages/airflow/example_dags/example_nested_branch_dag.py
[2021-02-23 23:31:53,101] {logging_mixin.py:104} INFO - [2021-02-23 23:31:53,100] {dag.py:1818} INFO - Sync 1 DAGs
[2021-02-23 23:31:53,116] {logging_mixin.py:104} INFO - [2021-02-23 23:31:53,116] {dag.py:2273} INFO - Setting next_dagrun for example_nested_branch_dag to 2021-02-21 00:00:00+00:00
[2021-02-23 23:31:53,319] {scheduler_job.py:190} INFO - Processing /home/airflow/.local/lib/python3.6/site-packages/airflow/example_dags/example_nested_branch_dag.py took 0.246 seconds
[2021-02-23 23:32:24,437] {scheduler_job.py:182} INFO - Started process (PID=366) to work on /home/airflow/.local/lib/python3.6/site-packages/airflow/example_dags/example_nested_branch_dag.py
[2021-02-23 23:32:24,440] {scheduler_job.py:629} INFO - Processing file /home/airflow/.local/lib/python3.6/site-packages/airflow/example_dags/example_nested_branch_dag.py for tasks to queue
[2021-02-23 23:32:24,441] {logging_mixin.py:104} INFO - [2021-02-23 23:32:24,441] {dagbag.py:448} INFO - Filling up the DagBag from /home/airflow/.local/lib/python3.6/site-packages/airflow/example_dags/example_nested_branch_dag.py
[2021-02-23 23:32:24,468] {scheduler_job.py:639} INFO - DAG(s) dict_keys(['example_nested_branch_dag']) retrieved from /home/airflow/.local/lib/python3.6/site-packages/airflow/example_dags/example_nested_branch_dag.py
[2021-02-23 23:32:24,486] {logging_mixin.py:104} INFO - [2021-02-23 23:32:24,486] {dag.py:1818} INFO - Sync 1 DAGs
[2021-02-23 23:32:24,506] {logging_mixin.py:104} INFO - [2021-02-23 23:32:24,506] {dag.py:2273} INFO - Setting next_dagrun for example_nested_branch_dag to 2021-02-21 00:00:00+00:00
[2021-02-23 23:32:24,563] {scheduler_job.py:190} INFO - Processing /home/airflow/.local/lib/python3.6/site-packages/airflow/example_dags/example_nested_branch_dag.py took 0.134 seconds
[2021-02-23 23:32:55,477] {scheduler_job.py:182} INFO - Started process (PID=393) to work on /home/airflow/.local/lib/python3.6/site-packages/airflow/example_dags/example_nested_branch_dag.py
[2021-02-23 23:32:55,480] {scheduler_job.py:629} INFO - Processing file /home/airflow/.local/lib/python3.6/site-packages/airflow/example_dags/example_nested_branch_dag.py for tasks to queue
[2021-02-23 23:32:55,482] {logging_mixin.py:104} INFO - [2021-02-23 23:32:55,482] {dagbag.py:448} INFO - Filling up the DagBag from /home/airflow/.local/lib/python3.6/site-packages/airflow/example_dags/example_nested_branch_dag.py
[2021-02-23 23:32:55,507] {scheduler_job.py:639} INFO - DAG(s) dict_keys(['example_nested_branch_dag']) retrieved from /home/airflow/.local/lib/python3.6/site-packages/airflow/example_dags/example_nested_branch_dag.py
[2021-02-23 23:32:55,523] {logging_mixin.py:104} INFO - [2021-02-23 23:32:55,523] {dag.py:1818} INFO - Sync 1 DAGs
[2021-02-23 23:32:55,544] {logging_mixin.py:104} INFO - [2021-02-23 23:32:55,544] {dag.py:2273} INFO - Setting next_dagrun for example_nested_branch_dag to 2021-02-21 00:00:00+00:00
[2021-02-23 23:32:55,576] {scheduler_job.py:190} INFO - Processing /home/airflow/.local/lib/python3.6/site-packages/airflow/example_dags/example_nested_branch_dag.py took 0.110 seconds
[2021-02-23 23:33:26,263] {scheduler_job.py:182} INFO - Started process (PID=420) to work on /home/airflow/.local/lib/python3.6/site-packages/airflow/example_dags/example_nested_branch_dag.py
[2021-02-23 23:33:26,266] {scheduler_job.py:629} INFO - Processing file /home/airflow/.local/lib/python3.6/site-packages/airflow/example_dags/example_nested_branch_dag.py for tasks to queue
[2021-02-23 23:33:26,268] {logging_mixin.py:104} INFO - [2021-02-23 23:33:26,268] {dagbag.py:448} INFO - Filling up the DagBag from /home/airflow/.local/lib/python3.6/site-packages/airflow/example_dags/example_nested_branch_dag.py
[2021-02-23 23:33:26,287] {scheduler_job.py:639} INFO - DAG(s) dict_keys(['example_nested_branch_dag']) retrieved from /home/airflow/.local/lib/python3.6/site-packages/airflow/example_dags/example_nested_branch_dag.py
[2021-02-23 23:33:26,305] {logging_mixin.py:104} INFO - [2021-02-23 23:33:26,304] {dag.py:1818} INFO - Sync 1 DAGs
[2021-02-23 23:33:26,324] {logging_mixin.py:104} INFO - [2021-02-23 23:33:26,324] {dag.py:2273} INFO - Setting next_dagrun for example_nested_branch_dag to 2021-02-21 00:00:00+00:00
[2021-02-23 23:33:26,374] {scheduler_job.py:190} INFO - Processing /home/airflow/.local/lib/python3.6/site-packages/airflow/example_dags/example_nested_branch_dag.py took 0.119 seconds
[2021-02-23 23:33:56,839] {scheduler_job.py:182} INFO - Started process (PID=446) to work on /home/airflow/.local/lib/python3.6/site-packages/airflow/example_dags/example_nested_branch_dag.py
[2021-02-23 23:33:56,839] {scheduler_job.py:629} INFO - Processing file /home/airflow/.local/lib/python3.6/site-packages/airflow/example_dags/example_nested_branch_dag.py for tasks to queue
[2021-02-23 23:33:56,840] {logging_mixin.py:104} INFO - [2021-02-23 23:33:56,840] {dagbag.py:448} INFO - Filling up the DagBag from /home/airflow/.local/lib/python3.6/site-packages/airflow/example_dags/example_nested_branch_dag.py
[2021-02-23 23:33:56,852] {scheduler_job.py:639} INFO - DAG(s) dict_keys(['example_nested_branch_dag']) retrieved from /home/airflow/.local/lib/python3.6/site-packages/airflow/example_dags/example_nested_branch_dag.py
[2021-02-23 23:33:56,868] {logging_mixin.py:104} INFO - [2021-02-23 23:33:56,868] {dag.py:1818} INFO - Sync 1 DAGs
[2021-02-23 23:33:56,887] {logging_mixin.py:104} INFO - [2021-02-23 23:33:56,886] {dag.py:2273} INFO - Setting next_dagrun for example_nested_branch_dag to 2021-02-21 00:00:00+00:00
[2021-02-23 23:33:56,923] {scheduler_job.py:190} INFO - Processing /home/airflow/.local/lib/python3.6/site-packages/airflow/example_dags/example_nested_branch_dag.py took 0.087 seconds
[2021-02-23 23:34:27,082] {scheduler_job.py:182} INFO - Started process (PID=470) to work on /home/airflow/.local/lib/python3.6/site-packages/airflow/example_dags/example_nested_branch_dag.py
[2021-02-23 23:34:27,086] {scheduler_job.py:629} INFO - Processing file /home/airflow/.local/lib/python3.6/site-packages/airflow/example_dags/example_nested_branch_dag.py for tasks to queue
[2021-02-23 23:34:27,088] {logging_mixin.py:104} INFO - [2021-02-23 23:34:27,088] {dagbag.py:448} INFO - Filling up the DagBag from /home/airflow/.local/lib/python3.6/site-packages/airflow/example_dags/example_nested_branch_dag.py
[2021-02-23 23:34:27,114] {scheduler_job.py:639} INFO - DAG(s) dict_keys(['example_nested_branch_dag']) retrieved from /home/airflow/.local/lib/python3.6/site-packages/airflow/example_dags/example_nested_branch_dag.py
[2021-02-23 23:34:27,133] {logging_mixin.py:104} INFO - [2021-02-23 23:34:27,133] {dag.py:1818} INFO - Sync 1 DAGs
[2021-02-23 23:34:27,156] {logging_mixin.py:104} INFO - [2021-02-23 23:34:27,155] {dag.py:2273} INFO - Setting next_dagrun for example_nested_branch_dag to 2021-02-21 00:00:00+00:00
[2021-02-23 23:34:27,378] {scheduler_job.py:190} INFO - Processing /home/airflow/.local/lib/python3.6/site-packages/airflow/example_dags/example_nested_branch_dag.py took 0.305 seconds
[2021-02-23 23:34:58,443] {scheduler_job.py:182} INFO - Started process (PID=500) to work on /home/airflow/.local/lib/python3.6/site-packages/airflow/example_dags/example_nested_branch_dag.py
[2021-02-23 23:34:58,444] {scheduler_job.py:629} INFO - Processing file /home/airflow/.local/lib/python3.6/site-packages/airflow/example_dags/example_nested_branch_dag.py for tasks to queue
[2021-02-23 23:34:58,445] {logging_mixin.py:104} INFO - [2021-02-23 23:34:58,445] {dagbag.py:448} INFO - Filling up the DagBag from /home/airflow/.local/lib/python3.6/site-packages/airflow/example_dags/example_nested_branch_dag.py
[2021-02-23 23:34:58,457] {scheduler_job.py:639} INFO - DAG(s) dict_keys(['example_nested_branch_dag']) retrieved from /home/airflow/.local/lib/python3.6/site-packages/airflow/example_dags/example_nested_branch_dag.py
[2021-02-23 23:34:58,471] {logging_mixin.py:104} INFO - [2021-02-23 23:34:58,471] {dag.py:1818} INFO - Sync 1 DAGs
[2021-02-23 23:34:58,490] {logging_mixin.py:104} INFO - [2021-02-23 23:34:58,490] {dag.py:2273} INFO - Setting next_dagrun for example_nested_branch_dag to 2021-02-21 00:00:00+00:00
[2021-02-23 23:34:58,523] {scheduler_job.py:190} INFO - Processing /home/airflow/.local/lib/python3.6/site-packages/airflow/example_dags/example_nested_branch_dag.py took 0.082 seconds
[2021-02-23 23:35:28,708] {scheduler_job.py:182} INFO - Started process (PID=526) to work on /home/airflow/.local/lib/python3.6/site-packages/airflow/example_dags/example_nested_branch_dag.py
[2021-02-23 23:35:28,710] {scheduler_job.py:629} INFO - Processing file /home/airflow/.local/lib/python3.6/site-packages/airflow/example_dags/example_nested_branch_dag.py for tasks to queue
[2021-02-23 23:35:28,710] {logging_mixin.py:104} INFO - [2021-02-23 23:35:28,710] {dagbag.py:448} INFO - Filling up the DagBag from /home/airflow/.local/lib/python3.6/site-packages/airflow/example_dags/example_nested_branch_dag.py
[2021-02-23 23:35:28,730] {scheduler_job.py:639} INFO - DAG(s) dict_keys(['example_nested_branch_dag']) retrieved from /home/airflow/.local/lib/python3.6/site-packages/airflow/example_dags/example_nested_branch_dag.py
[2021-02-23 23:35:28,747] {logging_mixin.py:104} INFO - [2021-02-23 23:35:28,747] {dag.py:1818} INFO - Sync 1 DAGs
[2021-02-23 23:35:28,764] {logging_mixin.py:104} INFO - [2021-02-23 23:35:28,764] {dag.py:2273} INFO - Setting next_dagrun for example_nested_branch_dag to 2021-02-21 00:00:00+00:00
[2021-02-23 23:35:29,094] {scheduler_job.py:190} INFO - Processing /home/airflow/.local/lib/python3.6/site-packages/airflow/example_dags/example_nested_branch_dag.py took 0.391 seconds
[2021-02-23 23:36:00,225] {scheduler_job.py:182} INFO - Started process (PID=555) to work on /home/airflow/.local/lib/python3.6/site-packages/airflow/example_dags/example_nested_branch_dag.py
[2021-02-23 23:36:00,226] {scheduler_job.py:629} INFO - Processing file /home/airflow/.local/lib/python3.6/site-packages/airflow/example_dags/example_nested_branch_dag.py for tasks to queue
[2021-02-23 23:36:00,227] {logging_mixin.py:104} INFO - [2021-02-23 23:36:00,227] {dagbag.py:448} INFO - Filling up the DagBag from /home/airflow/.local/lib/python3.6/site-packages/airflow/example_dags/example_nested_branch_dag.py
[2021-02-23 23:36:00,243] {scheduler_job.py:639} INFO - DAG(s) dict_keys(['example_nested_branch_dag']) retrieved from /home/airflow/.local/lib/python3.6/site-packages/airflow/example_dags/example_nested_branch_dag.py
[2021-02-23 23:36:00,268] {logging_mixin.py:104} INFO - [2021-02-23 23:36:00,268] {dag.py:1818} INFO - Sync 1 DAGs
[2021-02-23 23:36:00,295] {logging_mixin.py:104} INFO - [2021-02-23 23:36:00,295] {dag.py:2273} INFO - Setting next_dagrun for example_nested_branch_dag to 2021-02-21 00:00:00+00:00
[2021-02-23 23:36:00,334] {scheduler_job.py:190} INFO - Processing /home/airflow/.local/lib/python3.6/site-packages/airflow/example_dags/example_nested_branch_dag.py took 0.112 seconds
[2021-02-23 23:36:30,931] {scheduler_job.py:182} INFO - Started process (PID=582) to work on /home/airflow/.local/lib/python3.6/site-packages/airflow/example_dags/example_nested_branch_dag.py
[2021-02-23 23:36:30,933] {scheduler_job.py:629} INFO - Processing file /home/airflow/.local/lib/python3.6/site-packages/airflow/example_dags/example_nested_branch_dag.py for tasks to queue
[2021-02-23 23:36:30,934] {logging_mixin.py:104} INFO - [2021-02-23 23:36:30,934] {dagbag.py:448} INFO - Filling up the DagBag from /home/airflow/.local/lib/python3.6/site-packages/airflow/example_dags/example_nested_branch_dag.py
[2021-02-23 23:36:30,948] {scheduler_job.py:639} INFO - DAG(s) dict_keys(['example_nested_branch_dag']) retrieved from /home/airflow/.local/lib/python3.6/site-packages/airflow/example_dags/example_nested_branch_dag.py
[2021-02-23 23:36:30,964] {logging_mixin.py:104} INFO - [2021-02-23 23:36:30,964] {dag.py:1818} INFO - Sync 1 DAGs
[2021-02-23 23:36:30,984] {logging_mixin.py:104} INFO - [2021-02-23 23:36:30,984] {dag.py:2273} INFO - Setting next_dagrun for example_nested_branch_dag to 2021-02-21 00:00:00+00:00
[2021-02-23 23:36:31,027] {scheduler_job.py:190} INFO - Processing /home/airflow/.local/lib/python3.6/site-packages/airflow/example_dags/example_nested_branch_dag.py took 0.098 seconds
[2021-02-23 23:37:01,865] {scheduler_job.py:182} INFO - Started process (PID=609) to work on /home/airflow/.local/lib/python3.6/site-packages/airflow/example_dags/example_nested_branch_dag.py
[2021-02-23 23:37:01,866] {scheduler_job.py:629} INFO - Processing file /home/airflow/.local/lib/python3.6/site-packages/airflow/example_dags/example_nested_branch_dag.py for tasks to queue
[2021-02-23 23:37:01,867] {logging_mixin.py:104} INFO - [2021-02-23 23:37:01,867] {dagbag.py:448} INFO - Filling up the DagBag from /home/airflow/.local/lib/python3.6/site-packages/airflow/example_dags/example_nested_branch_dag.py
[2021-02-23 23:37:01,883] {scheduler_job.py:639} INFO - DAG(s) dict_keys(['example_nested_branch_dag']) retrieved from /home/airflow/.local/lib/python3.6/site-packages/airflow/example_dags/example_nested_branch_dag.py
[2021-02-23 23:37:01,907] {logging_mixin.py:104} INFO - [2021-02-23 23:37:01,907] {dag.py:1818} INFO - Sync 1 DAGs
[2021-02-23 23:37:01,938] {logging_mixin.py:104} INFO - [2021-02-23 23:37:01,937] {dag.py:2273} INFO - Setting next_dagrun for example_nested_branch_dag to 2021-02-21 00:00:00+00:00
[2021-02-23 23:37:01,977] {scheduler_job.py:190} INFO - Processing /home/airflow/.local/lib/python3.6/site-packages/airflow/example_dags/example_nested_branch_dag.py took 0.114 seconds
[2021-02-23 23:37:32,154] {scheduler_job.py:182} INFO - Started process (PID=633) to work on /home/airflow/.local/lib/python3.6/site-packages/airflow/example_dags/example_nested_branch_dag.py
[2021-02-23 23:37:32,155] {scheduler_job.py:629} INFO - Processing file /home/airflow/.local/lib/python3.6/site-packages/airflow/example_dags/example_nested_branch_dag.py for tasks to queue
[2021-02-23 23:37:32,156] {logging_mixin.py:104} INFO - [2021-02-23 23:37:32,156] {dagbag.py:448} INFO - Filling up the DagBag from /home/airflow/.local/lib/python3.6/site-packages/airflow/example_dags/example_nested_branch_dag.py
[2021-02-23 23:37:32,174] {scheduler_job.py:639} INFO - DAG(s) dict_keys(['example_nested_branch_dag']) retrieved from /home/airflow/.local/lib/python3.6/site-packages/airflow/example_dags/example_nested_branch_dag.py
[2021-02-23 23:37:32,191] {logging_mixin.py:104} INFO - [2021-02-23 23:37:32,191] {dag.py:1818} INFO - Sync 1 DAGs
[2021-02-23 23:37:32,209] {logging_mixin.py:104} INFO - [2021-02-23 23:37:32,208] {dag.py:2273} INFO - Setting next_dagrun for example_nested_branch_dag to 2021-02-21 00:00:00+00:00
[2021-02-23 23:37:32,274] {scheduler_job.py:190} INFO - Processing /home/airflow/.local/lib/python3.6/site-packages/airflow/example_dags/example_nested_branch_dag.py took 0.126 seconds
[2021-02-23 23:38:02,447] {scheduler_job.py:182} INFO - Started process (PID=661) to work on /home/airflow/.local/lib/python3.6/site-packages/airflow/example_dags/example_nested_branch_dag.py
[2021-02-23 23:38:02,449] {scheduler_job.py:629} INFO - Processing file /home/airflow/.local/lib/python3.6/site-packages/airflow/example_dags/example_nested_branch_dag.py for tasks to queue
[2021-02-23 23:38:02,450] {logging_mixin.py:104} INFO - [2021-02-23 23:38:02,449] {dagbag.py:448} INFO - Filling up the DagBag from /home/airflow/.local/lib/python3.6/site-packages/airflow/example_dags/example_nested_branch_dag.py
[2021-02-23 23:38:02,474] {scheduler_job.py:639} INFO - DAG(s) dict_keys(['example_nested_branch_dag']) retrieved from /home/airflow/.local/lib/python3.6/site-packages/airflow/example_dags/example_nested_branch_dag.py
[2021-02-23 23:38:02,497] {logging_mixin.py:104} INFO - [2021-02-23 23:38:02,496] {dag.py:1818} INFO - Sync 1 DAGs
[2021-02-23 23:38:02,519] {logging_mixin.py:104} INFO - [2021-02-23 23:38:02,519] {dag.py:2273} INFO - Setting next_dagrun for example_nested_branch_dag to 2021-02-21 00:00:00+00:00
[2021-02-23 23:38:02,734] {scheduler_job.py:190} INFO - Processing /home/airflow/.local/lib/python3.6/site-packages/airflow/example_dags/example_nested_branch_dag.py took 0.290 seconds
[2021-02-23 23:38:33,097] {scheduler_job.py:182} INFO - Started process (PID=687) to work on /home/airflow/.local/lib/python3.6/site-packages/airflow/example_dags/example_nested_branch_dag.py
[2021-02-23 23:38:33,102] {scheduler_job.py:629} INFO - Processing file /home/airflow/.local/lib/python3.6/site-packages/airflow/example_dags/example_nested_branch_dag.py for tasks to queue
[2021-02-23 23:38:33,104] {logging_mixin.py:104} INFO - [2021-02-23 23:38:33,103] {dagbag.py:448} INFO - Filling up the DagBag from /home/airflow/.local/lib/python3.6/site-packages/airflow/example_dags/example_nested_branch_dag.py
[2021-02-23 23:38:33,129] {scheduler_job.py:639} INFO - DAG(s) dict_keys(['example_nested_branch_dag']) retrieved from /home/airflow/.local/lib/python3.6/site-packages/airflow/example_dags/example_nested_branch_dag.py
[2021-02-23 23:38:33,147] {logging_mixin.py:104} INFO - [2021-02-23 23:38:33,147] {dag.py:1818} INFO - Sync 1 DAGs
[2021-02-23 23:38:33,165] {logging_mixin.py:104} INFO - [2021-02-23 23:38:33,165] {dag.py:2273} INFO - Setting next_dagrun for example_nested_branch_dag to 2021-02-21 00:00:00+00:00
[2021-02-23 23:38:33,233] {scheduler_job.py:190} INFO - Processing /home/airflow/.local/lib/python3.6/site-packages/airflow/example_dags/example_nested_branch_dag.py took 0.146 seconds
[2021-02-23 23:39:03,297] {scheduler_job.py:182} INFO - Started process (PID=714) to work on /home/airflow/.local/lib/python3.6/site-packages/airflow/example_dags/example_nested_branch_dag.py
[2021-02-23 23:39:03,299] {scheduler_job.py:629} INFO - Processing file /home/airflow/.local/lib/python3.6/site-packages/airflow/example_dags/example_nested_branch_dag.py for tasks to queue
[2021-02-23 23:39:03,300] {logging_mixin.py:104} INFO - [2021-02-23 23:39:03,300] {dagbag.py:448} INFO - Filling up the DagBag from /home/airflow/.local/lib/python3.6/site-packages/airflow/example_dags/example_nested_branch_dag.py
[2021-02-23 23:39:03,322] {scheduler_job.py:639} INFO - DAG(s) dict_keys(['example_nested_branch_dag']) retrieved from /home/airflow/.local/lib/python3.6/site-packages/airflow/example_dags/example_nested_branch_dag.py
[2021-02-23 23:39:03,342] {logging_mixin.py:104} INFO - [2021-02-23 23:39:03,342] {dag.py:1818} INFO - Sync 1 DAGs
[2021-02-23 23:39:03,360] {logging_mixin.py:104} INFO - [2021-02-23 23:39:03,360] {dag.py:2273} INFO - Setting next_dagrun for example_nested_branch_dag to 2021-02-21 00:00:00+00:00
[2021-02-23 23:39:03,406] {scheduler_job.py:190} INFO - Processing /home/airflow/.local/lib/python3.6/site-packages/airflow/example_dags/example_nested_branch_dag.py took 0.113 seconds
[2021-02-23 23:39:33,450] {scheduler_job.py:182} INFO - Started process (PID=741) to work on /home/airflow/.local/lib/python3.6/site-packages/airflow/example_dags/example_nested_branch_dag.py
[2021-02-23 23:39:33,452] {scheduler_job.py:629} INFO - Processing file /home/airflow/.local/lib/python3.6/site-packages/airflow/example_dags/example_nested_branch_dag.py for tasks to queue
[2021-02-23 23:39:33,453] {logging_mixin.py:104} INFO - [2021-02-23 23:39:33,452] {dagbag.py:448} INFO - Filling up the DagBag from /home/airflow/.local/lib/python3.6/site-packages/airflow/example_dags/example_nested_branch_dag.py
[2021-02-23 23:39:33,477] {scheduler_job.py:639} INFO - DAG(s) dict_keys(['example_nested_branch_dag']) retrieved from /home/airflow/.local/lib/python3.6/site-packages/airflow/example_dags/example_nested_branch_dag.py
[2021-02-23 23:39:33,494] {logging_mixin.py:104} INFO - [2021-02-23 23:39:33,493] {dag.py:1818} INFO - Sync 1 DAGs
[2021-02-23 23:39:33,511] {logging_mixin.py:104} INFO - [2021-02-23 23:39:33,511] {dag.py:2273} INFO - Setting next_dagrun for example_nested_branch_dag to 2021-02-21 00:00:00+00:00
[2021-02-23 23:39:33,565] {scheduler_job.py:190} INFO - Processing /home/airflow/.local/lib/python3.6/site-packages/airflow/example_dags/example_nested_branch_dag.py took 0.119 seconds
[2021-02-23 23:40:03,660] {scheduler_job.py:182} INFO - Started process (PID=768) to work on /home/airflow/.local/lib/python3.6/site-packages/airflow/example_dags/example_nested_branch_dag.py
[2021-02-23 23:40:03,662] {scheduler_job.py:629} INFO - Processing file /home/airflow/.local/lib/python3.6/site-packages/airflow/example_dags/example_nested_branch_dag.py for tasks to queue
[2021-02-23 23:40:03,664] {logging_mixin.py:104} INFO - [2021-02-23 23:40:03,663] {dagbag.py:448} INFO - Filling up the DagBag from /home/airflow/.local/lib/python3.6/site-packages/airflow/example_dags/example_nested_branch_dag.py
[2021-02-23 23:40:03,683] {scheduler_job.py:639} INFO - DAG(s) dict_keys(['example_nested_branch_dag']) retrieved from /home/airflow/.local/lib/python3.6/site-packages/airflow/example_dags/example_nested_branch_dag.py
[2021-02-23 23:40:03,701] {logging_mixin.py:104} INFO - [2021-02-23 23:40:03,701] {dag.py:1818} INFO - Sync 1 DAGs
[2021-02-23 23:40:03,722] {logging_mixin.py:104} INFO - [2021-02-23 23:40:03,722] {dag.py:2273} INFO - Setting next_dagrun for example_nested_branch_dag to 2021-02-21 00:00:00+00:00
[2021-02-23 23:40:03,775] {scheduler_job.py:190} INFO - Processing /home/airflow/.local/lib/python3.6/site-packages/airflow/example_dags/example_nested_branch_dag.py took 0.122 seconds
[2021-02-23 23:40:33,802] {scheduler_job.py:182} INFO - Started process (PID=795) to work on /home/airflow/.local/lib/python3.6/site-packages/airflow/example_dags/example_nested_branch_dag.py
[2021-02-23 23:40:33,802] {scheduler_job.py:629} INFO - Processing file /home/airflow/.local/lib/python3.6/site-packages/airflow/example_dags/example_nested_branch_dag.py for tasks to queue
[2021-02-23 23:40:33,803] {logging_mixin.py:104} INFO - [2021-02-23 23:40:33,803] {dagbag.py:448} INFO - Filling up the DagBag from /home/airflow/.local/lib/python3.6/site-packages/airflow/example_dags/example_nested_branch_dag.py
[2021-02-23 23:40:33,819] {scheduler_job.py:639} INFO - DAG(s) dict_keys(['example_nested_branch_dag']) retrieved from /home/airflow/.local/lib/python3.6/site-packages/airflow/example_dags/example_nested_branch_dag.py
[2021-02-23 23:40:33,836] {logging_mixin.py:104} INFO - [2021-02-23 23:40:33,836] {dag.py:1818} INFO - Sync 1 DAGs
[2021-02-23 23:40:33,853] {logging_mixin.py:104} INFO - [2021-02-23 23:40:33,853] {dag.py:2273} INFO - Setting next_dagrun for example_nested_branch_dag to 2021-02-21 00:00:00+00:00
[2021-02-23 23:40:33,894] {scheduler_job.py:190} INFO - Processing /home/airflow/.local/lib/python3.6/site-packages/airflow/example_dags/example_nested_branch_dag.py took 0.095 seconds
[2021-02-23 23:41:04,083] {scheduler_job.py:182} INFO - Started process (PID=817) to work on /home/airflow/.local/lib/python3.6/site-packages/airflow/example_dags/example_nested_branch_dag.py
[2021-02-23 23:41:04,087] {scheduler_job.py:629} INFO - Processing file /home/airflow/.local/lib/python3.6/site-packages/airflow/example_dags/example_nested_branch_dag.py for tasks to queue
[2021-02-23 23:41:04,089] {logging_mixin.py:104} INFO - [2021-02-23 23:41:04,088] {dagbag.py:448} INFO - Filling up the DagBag from /home/airflow/.local/lib/python3.6/site-packages/airflow/example_dags/example_nested_branch_dag.py
[2021-02-23 23:41:04,112] {scheduler_job.py:639} INFO - DAG(s) dict_keys(['example_nested_branch_dag']) retrieved from /home/airflow/.local/lib/python3.6/site-packages/airflow/example_dags/example_nested_branch_dag.py
[2021-02-23 23:41:04,129] {logging_mixin.py:104} INFO - [2021-02-23 23:41:04,129] {dag.py:1818} INFO - Sync 1 DAGs
[2021-02-23 23:41:04,147] {logging_mixin.py:104} INFO - [2021-02-23 23:41:04,147] {dag.py:2273} INFO - Setting next_dagrun for example_nested_branch_dag to 2021-02-21 00:00:00+00:00
[2021-02-23 23:41:04,233] {scheduler_job.py:190} INFO - Processing /home/airflow/.local/lib/python3.6/site-packages/airflow/example_dags/example_nested_branch_dag.py took 0.160 seconds
[2021-02-23 23:41:35,076] {scheduler_job.py:182} INFO - Started process (PID=844) to work on /home/airflow/.local/lib/python3.6/site-packages/airflow/example_dags/example_nested_branch_dag.py
[2021-02-23 23:41:35,080] {scheduler_job.py:629} INFO - Processing file /home/airflow/.local/lib/python3.6/site-packages/airflow/example_dags/example_nested_branch_dag.py for tasks to queue
[2021-02-23 23:41:35,082] {logging_mixin.py:104} INFO - [2021-02-23 23:41:35,082] {dagbag.py:448} INFO - Filling up the DagBag from /home/airflow/.local/lib/python3.6/site-packages/airflow/example_dags/example_nested_branch_dag.py
[2021-02-23 23:41:35,109] {scheduler_job.py:639} INFO - DAG(s) dict_keys(['example_nested_branch_dag']) retrieved from /home/airflow/.local/lib/python3.6/site-packages/airflow/example_dags/example_nested_branch_dag.py
[2021-02-23 23:41:35,128] {logging_mixin.py:104} INFO - [2021-02-23 23:41:35,128] {dag.py:1818} INFO - Sync 1 DAGs
[2021-02-23 23:41:35,148] {logging_mixin.py:104} INFO - [2021-02-23 23:41:35,148] {dag.py:2273} INFO - Setting next_dagrun for example_nested_branch_dag to 2021-02-21 00:00:00+00:00
[2021-02-23 23:41:35,216] {scheduler_job.py:190} INFO - Processing /home/airflow/.local/lib/python3.6/site-packages/airflow/example_dags/example_nested_branch_dag.py took 0.149 seconds
[2021-02-23 23:42:05,258] {scheduler_job.py:182} INFO - Started process (PID=871) to work on /home/airflow/.local/lib/python3.6/site-packages/airflow/example_dags/example_nested_branch_dag.py
[2021-02-23 23:42:05,259] {scheduler_job.py:629} INFO - Processing file /home/airflow/.local/lib/python3.6/site-packages/airflow/example_dags/example_nested_branch_dag.py for tasks to queue
[2021-02-23 23:42:05,260] {logging_mixin.py:104} INFO - [2021-02-23 23:42:05,260] {dagbag.py:448} INFO - Filling up the DagBag from /home/airflow/.local/lib/python3.6/site-packages/airflow/example_dags/example_nested_branch_dag.py
[2021-02-23 23:42:05,276] {scheduler_job.py:639} INFO - DAG(s) dict_keys(['example_nested_branch_dag']) retrieved from /home/airflow/.local/lib/python3.6/site-packages/airflow/example_dags/example_nested_branch_dag.py
[2021-02-23 23:42:05,293] {logging_mixin.py:104} INFO - [2021-02-23 23:42:05,293] {dag.py:1818} INFO - Sync 1 DAGs
[2021-02-23 23:42:05,311] {logging_mixin.py:104} INFO - [2021-02-23 23:42:05,311] {dag.py:2273} INFO - Setting next_dagrun for example_nested_branch_dag to 2021-02-21 00:00:00+00:00
[2021-02-23 23:42:05,385] {scheduler_job.py:190} INFO - Processing /home/airflow/.local/lib/python3.6/site-packages/airflow/example_dags/example_nested_branch_dag.py took 0.130 seconds
[2021-02-23 23:42:35,473] {scheduler_job.py:182} INFO - Started process (PID=899) to work on /home/airflow/.local/lib/python3.6/site-packages/airflow/example_dags/example_nested_branch_dag.py
[2021-02-23 23:42:35,474] {scheduler_job.py:629} INFO - Processing file /home/airflow/.local/lib/python3.6/site-packages/airflow/example_dags/example_nested_branch_dag.py for tasks to queue
[2021-02-23 23:42:35,474] {logging_mixin.py:104} INFO - [2021-02-23 23:42:35,474] {dagbag.py:448} INFO - Filling up the DagBag from /home/airflow/.local/lib/python3.6/site-packages/airflow/example_dags/example_nested_branch_dag.py
[2021-02-23 23:42:35,488] {scheduler_job.py:639} INFO - DAG(s) dict_keys(['example_nested_branch_dag']) retrieved from /home/airflow/.local/lib/python3.6/site-packages/airflow/example_dags/example_nested_branch_dag.py
[2021-02-23 23:42:35,506] {logging_mixin.py:104} INFO - [2021-02-23 23:42:35,506] {dag.py:1818} INFO - Sync 1 DAGs
[2021-02-23 23:42:35,525] {logging_mixin.py:104} INFO - [2021-02-23 23:42:35,525] {dag.py:2273} INFO - Setting next_dagrun for example_nested_branch_dag to 2021-02-21 00:00:00+00:00
[2021-02-23 23:42:35,563] {scheduler_job.py:190} INFO - Processing /home/airflow/.local/lib/python3.6/site-packages/airflow/example_dags/example_nested_branch_dag.py took 0.093 seconds
[2021-02-23 23:43:05,739] {scheduler_job.py:182} INFO - Started process (PID=925) to work on /home/airflow/.local/lib/python3.6/site-packages/airflow/example_dags/example_nested_branch_dag.py
[2021-02-23 23:43:05,740] {scheduler_job.py:629} INFO - Processing file /home/airflow/.local/lib/python3.6/site-packages/airflow/example_dags/example_nested_branch_dag.py for tasks to queue
[2021-02-23 23:43:05,740] {logging_mixin.py:104} INFO - [2021-02-23 23:43:05,740] {dagbag.py:448} INFO - Filling up the DagBag from /home/airflow/.local/lib/python3.6/site-packages/airflow/example_dags/example_nested_branch_dag.py
[2021-02-23 23:43:05,753] {scheduler_job.py:639} INFO - DAG(s) dict_keys(['example_nested_branch_dag']) retrieved from /home/airflow/.local/lib/python3.6/site-packages/airflow/example_dags/example_nested_branch_dag.py
[2021-02-23 23:43:05,770] {logging_mixin.py:104} INFO - [2021-02-23 23:43:05,769] {dag.py:1818} INFO - Sync 1 DAGs
[2021-02-23 23:43:05,789] {logging_mixin.py:104} INFO - [2021-02-23 23:43:05,789] {dag.py:2273} INFO - Setting next_dagrun for example_nested_branch_dag to 2021-02-21 00:00:00+00:00
[2021-02-23 23:43:05,824] {scheduler_job.py:190} INFO - Processing /home/airflow/.local/lib/python3.6/site-packages/airflow/example_dags/example_nested_branch_dag.py took 0.087 seconds
[2021-02-23 23:43:36,594] {scheduler_job.py:182} INFO - Started process (PID=957) to work on /home/airflow/.local/lib/python3.6/site-packages/airflow/example_dags/example_nested_branch_dag.py
[2021-02-23 23:43:36,595] {scheduler_job.py:629} INFO - Processing file /home/airflow/.local/lib/python3.6/site-packages/airflow/example_dags/example_nested_branch_dag.py for tasks to queue
[2021-02-23 23:43:36,596] {logging_mixin.py:104} INFO - [2021-02-23 23:43:36,595] {dagbag.py:448} INFO - Filling up the DagBag from /home/airflow/.local/lib/python3.6/site-packages/airflow/example_dags/example_nested_branch_dag.py
[2021-02-23 23:43:36,608] {scheduler_job.py:639} INFO - DAG(s) dict_keys(['example_nested_branch_dag']) retrieved from /home/airflow/.local/lib/python3.6/site-packages/airflow/example_dags/example_nested_branch_dag.py
[2021-02-23 23:43:36,624] {logging_mixin.py:104} INFO - [2021-02-23 23:43:36,624] {dag.py:1818} INFO - Sync 1 DAGs
[2021-02-23 23:43:36,641] {logging_mixin.py:104} INFO - [2021-02-23 23:43:36,641] {dag.py:2273} INFO - Setting next_dagrun for example_nested_branch_dag to 2021-02-21 00:00:00+00:00
[2021-02-23 23:43:36,674] {scheduler_job.py:190} INFO - Processing /home/airflow/.local/lib/python3.6/site-packages/airflow/example_dags/example_nested_branch_dag.py took 0.083 seconds
[2021-02-23 23:44:06,829] {scheduler_job.py:182} INFO - Started process (PID=983) to work on /home/airflow/.local/lib/python3.6/site-packages/airflow/example_dags/example_nested_branch_dag.py
[2021-02-23 23:44:06,830] {scheduler_job.py:629} INFO - Processing file /home/airflow/.local/lib/python3.6/site-packages/airflow/example_dags/example_nested_branch_dag.py for tasks to queue
[2021-02-23 23:44:06,831] {logging_mixin.py:104} INFO - [2021-02-23 23:44:06,831] {dagbag.py:448} INFO - Filling up the DagBag from /home/airflow/.local/lib/python3.6/site-packages/airflow/example_dags/example_nested_branch_dag.py
[2021-02-23 23:44:06,848] {scheduler_job.py:639} INFO - DAG(s) dict_keys(['example_nested_branch_dag']) retrieved from /home/airflow/.local/lib/python3.6/site-packages/airflow/example_dags/example_nested_branch_dag.py
[2021-02-23 23:44:06,865] {logging_mixin.py:104} INFO - [2021-02-23 23:44:06,865] {dag.py:1818} INFO - Sync 1 DAGs
[2021-02-23 23:44:06,883] {logging_mixin.py:104} INFO - [2021-02-23 23:44:06,883] {dag.py:2273} INFO - Setting next_dagrun for example_nested_branch_dag to 2021-02-21 00:00:00+00:00
[2021-02-23 23:44:06,924] {scheduler_job.py:190} INFO - Processing /home/airflow/.local/lib/python3.6/site-packages/airflow/example_dags/example_nested_branch_dag.py took 0.100 seconds
[2021-02-23 23:44:36,997] {scheduler_job.py:182} INFO - Started process (PID=1009) to work on /home/airflow/.local/lib/python3.6/site-packages/airflow/example_dags/example_nested_branch_dag.py
[2021-02-23 23:44:36,998] {scheduler_job.py:629} INFO - Processing file /home/airflow/.local/lib/python3.6/site-packages/airflow/example_dags/example_nested_branch_dag.py for tasks to queue
[2021-02-23 23:44:36,998] {logging_mixin.py:104} INFO - [2021-02-23 23:44:36,998] {dagbag.py:448} INFO - Filling up the DagBag from /home/airflow/.local/lib/python3.6/site-packages/airflow/example_dags/example_nested_branch_dag.py
[2021-02-23 23:44:37,012] {scheduler_job.py:639} INFO - DAG(s) dict_keys(['example_nested_branch_dag']) retrieved from /home/airflow/.local/lib/python3.6/site-packages/airflow/example_dags/example_nested_branch_dag.py
[2021-02-23 23:44:37,028] {logging_mixin.py:104} INFO - [2021-02-23 23:44:37,028] {dag.py:1818} INFO - Sync 1 DAGs
[2021-02-23 23:44:37,045] {logging_mixin.py:104} INFO - [2021-02-23 23:44:37,045] {dag.py:2273} INFO - Setting next_dagrun for example_nested_branch_dag to 2021-02-21 00:00:00+00:00
[2021-02-23 23:44:37,083] {scheduler_job.py:190} INFO - Processing /home/airflow/.local/lib/python3.6/site-packages/airflow/example_dags/example_nested_branch_dag.py took 0.089 seconds
[2021-02-23 23:45:07,805] {scheduler_job.py:182} INFO - Started process (PID=1037) to work on /home/airflow/.local/lib/python3.6/site-packages/airflow/example_dags/example_nested_branch_dag.py
[2021-02-23 23:45:07,806] {scheduler_job.py:629} INFO - Processing file /home/airflow/.local/lib/python3.6/site-packages/airflow/example_dags/example_nested_branch_dag.py for tasks to queue
[2021-02-23 23:45:07,807] {logging_mixin.py:104} INFO - [2021-02-23 23:45:07,807] {dagbag.py:448} INFO - Filling up the DagBag from /home/airflow/.local/lib/python3.6/site-packages/airflow/example_dags/example_nested_branch_dag.py
[2021-02-23 23:45:07,823] {scheduler_job.py:639} INFO - DAG(s) dict_keys(['example_nested_branch_dag']) retrieved from /home/airflow/.local/lib/python3.6/site-packages/airflow/example_dags/example_nested_branch_dag.py
[2021-02-23 23:45:07,840] {logging_mixin.py:104} INFO - [2021-02-23 23:45:07,840] {dag.py:1818} INFO - Sync 1 DAGs
[2021-02-23 23:45:07,858] {logging_mixin.py:104} INFO - [2021-02-23 23:45:07,858] {dag.py:2273} INFO - Setting next_dagrun for example_nested_branch_dag to 2021-02-21 00:00:00+00:00
[2021-02-23 23:45:07,922] {scheduler_job.py:190} INFO - Processing /home/airflow/.local/lib/python3.6/site-packages/airflow/example_dags/example_nested_branch_dag.py took 0.120 seconds
[2021-02-23 23:45:38,750] {scheduler_job.py:182} INFO - Started process (PID=1064) to work on /home/airflow/.local/lib/python3.6/site-packages/airflow/example_dags/example_nested_branch_dag.py
[2021-02-23 23:45:38,751] {scheduler_job.py:629} INFO - Processing file /home/airflow/.local/lib/python3.6/site-packages/airflow/example_dags/example_nested_branch_dag.py for tasks to queue
[2021-02-23 23:45:38,751] {logging_mixin.py:104} INFO - [2021-02-23 23:45:38,751] {dagbag.py:448} INFO - Filling up the DagBag from /home/airflow/.local/lib/python3.6/site-packages/airflow/example_dags/example_nested_branch_dag.py
[2021-02-23 23:45:38,766] {scheduler_job.py:639} INFO - DAG(s) dict_keys(['example_nested_branch_dag']) retrieved from /home/airflow/.local/lib/python3.6/site-packages/airflow/example_dags/example_nested_branch_dag.py
[2021-02-23 23:45:38,787] {logging_mixin.py:104} INFO - [2021-02-23 23:45:38,787] {dag.py:1818} INFO - Sync 1 DAGs
[2021-02-23 23:45:38,806] {logging_mixin.py:104} INFO - [2021-02-23 23:45:38,806] {dag.py:2273} INFO - Setting next_dagrun for example_nested_branch_dag to 2021-02-21 00:00:00+00:00
[2021-02-23 23:45:38,842] {scheduler_job.py:190} INFO - Processing /home/airflow/.local/lib/python3.6/site-packages/airflow/example_dags/example_nested_branch_dag.py took 0.095 seconds
[2021-02-23 23:46:09,518] {scheduler_job.py:182} INFO - Started process (PID=1091) to work on /home/airflow/.local/lib/python3.6/site-packages/airflow/example_dags/example_nested_branch_dag.py
[2021-02-23 23:46:09,519] {scheduler_job.py:629} INFO - Processing file /home/airflow/.local/lib/python3.6/site-packages/airflow/example_dags/example_nested_branch_dag.py for tasks to queue
[2021-02-23 23:46:09,520] {logging_mixin.py:104} INFO - [2021-02-23 23:46:09,520] {dagbag.py:448} INFO - Filling up the DagBag from /home/airflow/.local/lib/python3.6/site-packages/airflow/example_dags/example_nested_branch_dag.py
[2021-02-23 23:46:09,536] {scheduler_job.py:639} INFO - DAG(s) dict_keys(['example_nested_branch_dag']) retrieved from /home/airflow/.local/lib/python3.6/site-packages/airflow/example_dags/example_nested_branch_dag.py
[2021-02-23 23:46:09,553] {logging_mixin.py:104} INFO - [2021-02-23 23:46:09,553] {dag.py:1818} INFO - Sync 1 DAGs
[2021-02-23 23:46:09,572] {logging_mixin.py:104} INFO - [2021-02-23 23:46:09,572] {dag.py:2273} INFO - Setting next_dagrun for example_nested_branch_dag to 2021-02-21 00:00:00+00:00
[2021-02-23 23:46:09,707] {scheduler_job.py:190} INFO - Processing /home/airflow/.local/lib/python3.6/site-packages/airflow/example_dags/example_nested_branch_dag.py took 0.194 seconds
[2021-02-23 23:46:40,559] {scheduler_job.py:182} INFO - Started process (PID=1118) to work on /home/airflow/.local/lib/python3.6/site-packages/airflow/example_dags/example_nested_branch_dag.py
[2021-02-23 23:46:40,560] {scheduler_job.py:629} INFO - Processing file /home/airflow/.local/lib/python3.6/site-packages/airflow/example_dags/example_nested_branch_dag.py for tasks to queue
[2021-02-23 23:46:40,560] {logging_mixin.py:104} INFO - [2021-02-23 23:46:40,560] {dagbag.py:448} INFO - Filling up the DagBag from /home/airflow/.local/lib/python3.6/site-packages/airflow/example_dags/example_nested_branch_dag.py
[2021-02-23 23:46:40,575] {scheduler_job.py:639} INFO - DAG(s) dict_keys(['example_nested_branch_dag']) retrieved from /home/airflow/.local/lib/python3.6/site-packages/airflow/example_dags/example_nested_branch_dag.py
[2021-02-23 23:46:40,593] {logging_mixin.py:104} INFO - [2021-02-23 23:46:40,593] {dag.py:1818} INFO - Sync 1 DAGs
[2021-02-23 23:46:40,612] {logging_mixin.py:104} INFO - [2021-02-23 23:46:40,612] {dag.py:2273} INFO - Setting next_dagrun for example_nested_branch_dag to 2021-02-21 00:00:00+00:00
[2021-02-23 23:46:40,648] {scheduler_job.py:190} INFO - Processing /home/airflow/.local/lib/python3.6/site-packages/airflow/example_dags/example_nested_branch_dag.py took 0.092 seconds
[2021-02-23 23:47:11,375] {scheduler_job.py:182} INFO - Started process (PID=1145) to work on /home/airflow/.local/lib/python3.6/site-packages/airflow/example_dags/example_nested_branch_dag.py
[2021-02-23 23:47:11,377] {scheduler_job.py:629} INFO - Processing file /home/airflow/.local/lib/python3.6/site-packages/airflow/example_dags/example_nested_branch_dag.py for tasks to queue
[2021-02-23 23:47:11,379] {logging_mixin.py:104} INFO - [2021-02-23 23:47:11,379] {dagbag.py:448} INFO - Filling up the DagBag from /home/airflow/.local/lib/python3.6/site-packages/airflow/example_dags/example_nested_branch_dag.py
[2021-02-23 23:47:11,405] {scheduler_job.py:639} INFO - DAG(s) dict_keys(['example_nested_branch_dag']) retrieved from /home/airflow/.local/lib/python3.6/site-packages/airflow/example_dags/example_nested_branch_dag.py
[2021-02-23 23:47:11,422] {logging_mixin.py:104} INFO - [2021-02-23 23:47:11,422] {dag.py:1818} INFO - Sync 1 DAGs
[2021-02-23 23:47:11,438] {logging_mixin.py:104} INFO - [2021-02-23 23:47:11,438] {dag.py:2273} INFO - Setting next_dagrun for example_nested_branch_dag to 2021-02-21 00:00:00+00:00
[2021-02-23 23:47:11,519] {scheduler_job.py:190} INFO - Processing /home/airflow/.local/lib/python3.6/site-packages/airflow/example_dags/example_nested_branch_dag.py took 0.151 seconds
[2021-02-23 23:47:42,576] {scheduler_job.py:182} INFO - Started process (PID=1172) to work on /home/airflow/.local/lib/python3.6/site-packages/airflow/example_dags/example_nested_branch_dag.py
[2021-02-23 23:47:42,577] {scheduler_job.py:629} INFO - Processing file /home/airflow/.local/lib/python3.6/site-packages/airflow/example_dags/example_nested_branch_dag.py for tasks to queue
[2021-02-23 23:47:42,578] {logging_mixin.py:104} INFO - [2021-02-23 23:47:42,578] {dagbag.py:448} INFO - Filling up the DagBag from /home/airflow/.local/lib/python3.6/site-packages/airflow/example_dags/example_nested_branch_dag.py
[2021-02-23 23:47:42,595] {scheduler_job.py:639} INFO - DAG(s) dict_keys(['example_nested_branch_dag']) retrieved from /home/airflow/.local/lib/python3.6/site-packages/airflow/example_dags/example_nested_branch_dag.py
[2021-02-23 23:47:42,617] {logging_mixin.py:104} INFO - [2021-02-23 23:47:42,616] {dag.py:1818} INFO - Sync 1 DAGs
[2021-02-23 23:47:42,640] {logging_mixin.py:104} INFO - [2021-02-23 23:47:42,640] {dag.py:2273} INFO - Setting next_dagrun for example_nested_branch_dag to 2021-02-21 00:00:00+00:00
[2021-02-23 23:47:42,681] {scheduler_job.py:190} INFO - Processing /home/airflow/.local/lib/python3.6/site-packages/airflow/example_dags/example_nested_branch_dag.py took 0.110 seconds
[2021-02-23 23:48:13,639] {scheduler_job.py:182} INFO - Started process (PID=1199) to work on /home/airflow/.local/lib/python3.6/site-packages/airflow/example_dags/example_nested_branch_dag.py
[2021-02-23 23:48:13,641] {scheduler_job.py:629} INFO - Processing file /home/airflow/.local/lib/python3.6/site-packages/airflow/example_dags/example_nested_branch_dag.py for tasks to queue
[2021-02-23 23:48:13,643] {logging_mixin.py:104} INFO - [2021-02-23 23:48:13,643] {dagbag.py:448} INFO - Filling up the DagBag from /home/airflow/.local/lib/python3.6/site-packages/airflow/example_dags/example_nested_branch_dag.py
[2021-02-23 23:48:13,668] {scheduler_job.py:639} INFO - DAG(s) dict_keys(['example_nested_branch_dag']) retrieved from /home/airflow/.local/lib/python3.6/site-packages/airflow/example_dags/example_nested_branch_dag.py
[2021-02-23 23:48:13,685] {logging_mixin.py:104} INFO - [2021-02-23 23:48:13,685] {dag.py:1818} INFO - Sync 1 DAGs
[2021-02-23 23:48:13,702] {logging_mixin.py:104} INFO - [2021-02-23 23:48:13,702] {dag.py:2273} INFO - Setting next_dagrun for example_nested_branch_dag to 2021-02-21 00:00:00+00:00
[2021-02-23 23:48:13,774] {scheduler_job.py:190} INFO - Processing /home/airflow/.local/lib/python3.6/site-packages/airflow/example_dags/example_nested_branch_dag.py took 0.142 seconds
[2021-02-23 23:48:44,844] {scheduler_job.py:182} INFO - Started process (PID=1228) to work on /home/airflow/.local/lib/python3.6/site-packages/airflow/example_dags/example_nested_branch_dag.py
[2021-02-23 23:48:44,845] {scheduler_job.py:629} INFO - Processing file /home/airflow/.local/lib/python3.6/site-packages/airflow/example_dags/example_nested_branch_dag.py for tasks to queue
[2021-02-23 23:48:44,846] {logging_mixin.py:104} INFO - [2021-02-23 23:48:44,846] {dagbag.py:448} INFO - Filling up the DagBag from /home/airflow/.local/lib/python3.6/site-packages/airflow/example_dags/example_nested_branch_dag.py
[2021-02-23 23:48:44,864] {scheduler_job.py:639} INFO - DAG(s) dict_keys(['example_nested_branch_dag']) retrieved from /home/airflow/.local/lib/python3.6/site-packages/airflow/example_dags/example_nested_branch_dag.py
[2021-02-23 23:48:44,883] {logging_mixin.py:104} INFO - [2021-02-23 23:48:44,883] {dag.py:1818} INFO - Sync 1 DAGs
[2021-02-23 23:48:44,902] {logging_mixin.py:104} INFO - [2021-02-23 23:48:44,902] {dag.py:2273} INFO - Setting next_dagrun for example_nested_branch_dag to 2021-02-21 00:00:00+00:00
[2021-02-23 23:48:44,973] {scheduler_job.py:190} INFO - Processing /home/airflow/.local/lib/python3.6/site-packages/airflow/example_dags/example_nested_branch_dag.py took 0.133 seconds
[2021-02-23 23:49:15,757] {scheduler_job.py:182} INFO - Started process (PID=1255) to work on /home/airflow/.local/lib/python3.6/site-packages/airflow/example_dags/example_nested_branch_dag.py
[2021-02-23 23:49:15,758] {scheduler_job.py:629} INFO - Processing file /home/airflow/.local/lib/python3.6/site-packages/airflow/example_dags/example_nested_branch_dag.py for tasks to queue
[2021-02-23 23:49:15,759] {logging_mixin.py:104} INFO - [2021-02-23 23:49:15,759] {dagbag.py:448} INFO - Filling up the DagBag from /home/airflow/.local/lib/python3.6/site-packages/airflow/example_dags/example_nested_branch_dag.py
[2021-02-23 23:49:15,769] {scheduler_job.py:639} INFO - DAG(s) dict_keys(['example_nested_branch_dag']) retrieved from /home/airflow/.local/lib/python3.6/site-packages/airflow/example_dags/example_nested_branch_dag.py
[2021-02-23 23:49:15,782] {logging_mixin.py:104} INFO - [2021-02-23 23:49:15,782] {dag.py:1818} INFO - Sync 1 DAGs
[2021-02-23 23:49:15,802] {logging_mixin.py:104} INFO - [2021-02-23 23:49:15,802] {dag.py:2273} INFO - Setting next_dagrun for example_nested_branch_dag to 2021-02-21 00:00:00+00:00
[2021-02-23 23:49:15,840] {scheduler_job.py:190} INFO - Processing /home/airflow/.local/lib/python3.6/site-packages/airflow/example_dags/example_nested_branch_dag.py took 0.084 seconds
