[2021-02-23 23:15:26,756] {scheduler_job.py:182} INFO - Started process (PID=37) to work on /home/airflow/.local/lib/python3.6/site-packages/airflow/example_dags/example_xcom.py
[2021-02-23 23:15:26,757] {scheduler_job.py:629} INFO - Processing file /home/airflow/.local/lib/python3.6/site-packages/airflow/example_dags/example_xcom.py for tasks to queue
[2021-02-23 23:15:26,758] {logging_mixin.py:104} INFO - [2021-02-23 23:15:26,758] {dagbag.py:448} INFO - Filling up the DagBag from /home/airflow/.local/lib/python3.6/site-packages/airflow/example_dags/example_xcom.py
[2021-02-23 23:15:26,775] {scheduler_job.py:639} INFO - DAG(s) dict_keys(['example_xcom']) retrieved from /home/airflow/.local/lib/python3.6/site-packages/airflow/example_dags/example_xcom.py
[2021-02-23 23:15:26,806] {logging_mixin.py:104} INFO - [2021-02-23 23:15:26,806] {dag.py:1818} INFO - Sync 1 DAGs
[2021-02-23 23:15:26,822] {logging_mixin.py:104} INFO - [2021-02-23 23:15:26,822] {dag.py:1837} INFO - Creating ORM DAG for example_xcom
[2021-02-23 23:15:26,832] {logging_mixin.py:104} INFO - [2021-02-23 23:15:26,832] {dag.py:2273} INFO - Setting next_dagrun for example_xcom to 2021-02-21 00:00:00+00:00
[2021-02-23 23:15:26,896] {scheduler_job.py:190} INFO - Processing /home/airflow/.local/lib/python3.6/site-packages/airflow/example_dags/example_xcom.py took 0.145 seconds
[2021-02-23 23:15:57,628] {scheduler_job.py:182} INFO - Started process (PID=65) to work on /home/airflow/.local/lib/python3.6/site-packages/airflow/example_dags/example_xcom.py
[2021-02-23 23:15:57,630] {scheduler_job.py:629} INFO - Processing file /home/airflow/.local/lib/python3.6/site-packages/airflow/example_dags/example_xcom.py for tasks to queue
[2021-02-23 23:15:57,631] {logging_mixin.py:104} INFO - [2021-02-23 23:15:57,631] {dagbag.py:448} INFO - Filling up the DagBag from /home/airflow/.local/lib/python3.6/site-packages/airflow/example_dags/example_xcom.py
[2021-02-23 23:15:57,651] {scheduler_job.py:639} INFO - DAG(s) dict_keys(['example_xcom']) retrieved from /home/airflow/.local/lib/python3.6/site-packages/airflow/example_dags/example_xcom.py
[2021-02-23 23:15:57,668] {logging_mixin.py:104} INFO - [2021-02-23 23:15:57,668] {dag.py:1818} INFO - Sync 1 DAGs
[2021-02-23 23:15:57,679] {logging_mixin.py:104} INFO - [2021-02-23 23:15:57,679] {dag.py:2273} INFO - Setting next_dagrun for example_xcom to 2021-02-21 00:00:00+00:00
[2021-02-23 23:15:57,830] {scheduler_job.py:190} INFO - Processing /home/airflow/.local/lib/python3.6/site-packages/airflow/example_dags/example_xcom.py took 0.207 seconds
[2021-02-23 23:16:28,274] {scheduler_job.py:182} INFO - Started process (PID=92) to work on /home/airflow/.local/lib/python3.6/site-packages/airflow/example_dags/example_xcom.py
[2021-02-23 23:16:28,274] {scheduler_job.py:629} INFO - Processing file /home/airflow/.local/lib/python3.6/site-packages/airflow/example_dags/example_xcom.py for tasks to queue
[2021-02-23 23:16:28,275] {logging_mixin.py:104} INFO - [2021-02-23 23:16:28,275] {dagbag.py:448} INFO - Filling up the DagBag from /home/airflow/.local/lib/python3.6/site-packages/airflow/example_dags/example_xcom.py
[2021-02-23 23:16:28,286] {scheduler_job.py:639} INFO - DAG(s) dict_keys(['example_xcom']) retrieved from /home/airflow/.local/lib/python3.6/site-packages/airflow/example_dags/example_xcom.py
[2021-02-23 23:16:28,304] {logging_mixin.py:104} INFO - [2021-02-23 23:16:28,303] {dag.py:1818} INFO - Sync 1 DAGs
[2021-02-23 23:16:28,318] {logging_mixin.py:104} INFO - [2021-02-23 23:16:28,318] {dag.py:2273} INFO - Setting next_dagrun for example_xcom to 2021-02-21 00:00:00+00:00
[2021-02-23 23:16:28,357] {scheduler_job.py:190} INFO - Processing /home/airflow/.local/lib/python3.6/site-packages/airflow/example_dags/example_xcom.py took 0.086 seconds
[2021-02-23 23:16:59,690] {scheduler_job.py:182} INFO - Started process (PID=121) to work on /home/airflow/.local/lib/python3.6/site-packages/airflow/example_dags/example_xcom.py
[2021-02-23 23:16:59,691] {scheduler_job.py:629} INFO - Processing file /home/airflow/.local/lib/python3.6/site-packages/airflow/example_dags/example_xcom.py for tasks to queue
[2021-02-23 23:16:59,692] {logging_mixin.py:104} INFO - [2021-02-23 23:16:59,692] {dagbag.py:448} INFO - Filling up the DagBag from /home/airflow/.local/lib/python3.6/site-packages/airflow/example_dags/example_xcom.py
[2021-02-23 23:16:59,702] {scheduler_job.py:639} INFO - DAG(s) dict_keys(['example_xcom']) retrieved from /home/airflow/.local/lib/python3.6/site-packages/airflow/example_dags/example_xcom.py
[2021-02-23 23:16:59,718] {logging_mixin.py:104} INFO - [2021-02-23 23:16:59,718] {dag.py:1818} INFO - Sync 1 DAGs
[2021-02-23 23:16:59,730] {logging_mixin.py:104} INFO - [2021-02-23 23:16:59,730] {dag.py:2273} INFO - Setting next_dagrun for example_xcom to 2021-02-21 00:00:00+00:00
[2021-02-23 23:16:59,761] {scheduler_job.py:190} INFO - Processing /home/airflow/.local/lib/python3.6/site-packages/airflow/example_dags/example_xcom.py took 0.073 seconds
[2021-02-23 23:26:15,445] {scheduler_job.py:182} INFO - Started process (PID=49) to work on /home/airflow/.local/lib/python3.6/site-packages/airflow/example_dags/example_xcom.py
[2021-02-23 23:26:15,447] {scheduler_job.py:629} INFO - Processing file /home/airflow/.local/lib/python3.6/site-packages/airflow/example_dags/example_xcom.py for tasks to queue
[2021-02-23 23:26:15,448] {logging_mixin.py:104} INFO - [2021-02-23 23:26:15,447] {dagbag.py:448} INFO - Filling up the DagBag from /home/airflow/.local/lib/python3.6/site-packages/airflow/example_dags/example_xcom.py
[2021-02-23 23:26:15,461] {scheduler_job.py:639} INFO - DAG(s) dict_keys(['example_xcom']) retrieved from /home/airflow/.local/lib/python3.6/site-packages/airflow/example_dags/example_xcom.py
[2021-02-23 23:26:15,488] {logging_mixin.py:104} INFO - [2021-02-23 23:26:15,488] {dag.py:1818} INFO - Sync 1 DAGs
[2021-02-23 23:26:15,510] {logging_mixin.py:104} INFO - [2021-02-23 23:26:15,510] {dag.py:2273} INFO - Setting next_dagrun for example_xcom to 2021-02-21 00:00:00+00:00
[2021-02-23 23:26:15,549] {scheduler_job.py:190} INFO - Processing /home/airflow/.local/lib/python3.6/site-packages/airflow/example_dags/example_xcom.py took 0.108 seconds
[2021-02-23 23:26:47,520] {scheduler_job.py:182} INFO - Started process (PID=76) to work on /home/airflow/.local/lib/python3.6/site-packages/airflow/example_dags/example_xcom.py
[2021-02-23 23:26:47,520] {scheduler_job.py:629} INFO - Processing file /home/airflow/.local/lib/python3.6/site-packages/airflow/example_dags/example_xcom.py for tasks to queue
[2021-02-23 23:26:47,521] {logging_mixin.py:104} INFO - [2021-02-23 23:26:47,521] {dagbag.py:448} INFO - Filling up the DagBag from /home/airflow/.local/lib/python3.6/site-packages/airflow/example_dags/example_xcom.py
[2021-02-23 23:26:47,530] {scheduler_job.py:639} INFO - DAG(s) dict_keys(['example_xcom']) retrieved from /home/airflow/.local/lib/python3.6/site-packages/airflow/example_dags/example_xcom.py
[2021-02-23 23:26:47,544] {logging_mixin.py:104} INFO - [2021-02-23 23:26:47,544] {dag.py:1818} INFO - Sync 1 DAGs
[2021-02-23 23:26:47,556] {logging_mixin.py:104} INFO - [2021-02-23 23:26:47,556] {dag.py:2273} INFO - Setting next_dagrun for example_xcom to 2021-02-21 00:00:00+00:00
[2021-02-23 23:26:47,711] {scheduler_job.py:190} INFO - Processing /home/airflow/.local/lib/python3.6/site-packages/airflow/example_dags/example_xcom.py took 0.194 seconds
[2021-02-23 23:27:17,985] {scheduler_job.py:182} INFO - Started process (PID=103) to work on /home/airflow/.local/lib/python3.6/site-packages/airflow/example_dags/example_xcom.py
[2021-02-23 23:27:17,987] {scheduler_job.py:629} INFO - Processing file /home/airflow/.local/lib/python3.6/site-packages/airflow/example_dags/example_xcom.py for tasks to queue
[2021-02-23 23:27:17,988] {logging_mixin.py:104} INFO - [2021-02-23 23:27:17,987] {dagbag.py:448} INFO - Filling up the DagBag from /home/airflow/.local/lib/python3.6/site-packages/airflow/example_dags/example_xcom.py
[2021-02-23 23:27:18,008] {scheduler_job.py:639} INFO - DAG(s) dict_keys(['example_xcom']) retrieved from /home/airflow/.local/lib/python3.6/site-packages/airflow/example_dags/example_xcom.py
[2021-02-23 23:27:18,031] {logging_mixin.py:104} INFO - [2021-02-23 23:27:18,031] {dag.py:1818} INFO - Sync 1 DAGs
[2021-02-23 23:27:18,050] {logging_mixin.py:104} INFO - [2021-02-23 23:27:18,050] {dag.py:2273} INFO - Setting next_dagrun for example_xcom to 2021-02-21 00:00:00+00:00
[2021-02-23 23:27:18,206] {scheduler_job.py:190} INFO - Processing /home/airflow/.local/lib/python3.6/site-packages/airflow/example_dags/example_xcom.py took 0.225 seconds
[2021-02-23 23:27:48,514] {scheduler_job.py:182} INFO - Started process (PID=129) to work on /home/airflow/.local/lib/python3.6/site-packages/airflow/example_dags/example_xcom.py
[2021-02-23 23:27:48,515] {scheduler_job.py:629} INFO - Processing file /home/airflow/.local/lib/python3.6/site-packages/airflow/example_dags/example_xcom.py for tasks to queue
[2021-02-23 23:27:48,515] {logging_mixin.py:104} INFO - [2021-02-23 23:27:48,515] {dagbag.py:448} INFO - Filling up the DagBag from /home/airflow/.local/lib/python3.6/site-packages/airflow/example_dags/example_xcom.py
[2021-02-23 23:27:48,524] {scheduler_job.py:639} INFO - DAG(s) dict_keys(['example_xcom']) retrieved from /home/airflow/.local/lib/python3.6/site-packages/airflow/example_dags/example_xcom.py
[2021-02-23 23:27:48,539] {logging_mixin.py:104} INFO - [2021-02-23 23:27:48,539] {dag.py:1818} INFO - Sync 1 DAGs
[2021-02-23 23:27:48,550] {logging_mixin.py:104} INFO - [2021-02-23 23:27:48,550] {dag.py:2273} INFO - Setting next_dagrun for example_xcom to 2021-02-21 00:00:00+00:00
[2021-02-23 23:27:48,668] {scheduler_job.py:190} INFO - Processing /home/airflow/.local/lib/python3.6/site-packages/airflow/example_dags/example_xcom.py took 0.156 seconds
[2021-02-23 23:28:19,143] {scheduler_job.py:182} INFO - Started process (PID=153) to work on /home/airflow/.local/lib/python3.6/site-packages/airflow/example_dags/example_xcom.py
[2021-02-23 23:28:19,143] {scheduler_job.py:629} INFO - Processing file /home/airflow/.local/lib/python3.6/site-packages/airflow/example_dags/example_xcom.py for tasks to queue
[2021-02-23 23:28:19,144] {logging_mixin.py:104} INFO - [2021-02-23 23:28:19,144] {dagbag.py:448} INFO - Filling up the DagBag from /home/airflow/.local/lib/python3.6/site-packages/airflow/example_dags/example_xcom.py
[2021-02-23 23:28:19,152] {scheduler_job.py:639} INFO - DAG(s) dict_keys(['example_xcom']) retrieved from /home/airflow/.local/lib/python3.6/site-packages/airflow/example_dags/example_xcom.py
[2021-02-23 23:28:19,164] {logging_mixin.py:104} INFO - [2021-02-23 23:28:19,164] {dag.py:1818} INFO - Sync 1 DAGs
[2021-02-23 23:28:19,173] {logging_mixin.py:104} INFO - [2021-02-23 23:28:19,173] {dag.py:2273} INFO - Setting next_dagrun for example_xcom to 2021-02-21 00:00:00+00:00
[2021-02-23 23:28:19,207] {scheduler_job.py:190} INFO - Processing /home/airflow/.local/lib/python3.6/site-packages/airflow/example_dags/example_xcom.py took 0.066 seconds
[2021-02-23 23:28:50,248] {scheduler_job.py:182} INFO - Started process (PID=182) to work on /home/airflow/.local/lib/python3.6/site-packages/airflow/example_dags/example_xcom.py
[2021-02-23 23:28:50,250] {scheduler_job.py:629} INFO - Processing file /home/airflow/.local/lib/python3.6/site-packages/airflow/example_dags/example_xcom.py for tasks to queue
[2021-02-23 23:28:50,250] {logging_mixin.py:104} INFO - [2021-02-23 23:28:50,250] {dagbag.py:448} INFO - Filling up the DagBag from /home/airflow/.local/lib/python3.6/site-packages/airflow/example_dags/example_xcom.py
[2021-02-23 23:28:50,261] {scheduler_job.py:639} INFO - DAG(s) dict_keys(['example_xcom']) retrieved from /home/airflow/.local/lib/python3.6/site-packages/airflow/example_dags/example_xcom.py
[2021-02-23 23:28:50,277] {logging_mixin.py:104} INFO - [2021-02-23 23:28:50,277] {dag.py:1818} INFO - Sync 1 DAGs
[2021-02-23 23:28:50,289] {logging_mixin.py:104} INFO - [2021-02-23 23:28:50,289] {dag.py:2273} INFO - Setting next_dagrun for example_xcom to 2021-02-21 00:00:00+00:00
[2021-02-23 23:28:50,323] {scheduler_job.py:190} INFO - Processing /home/airflow/.local/lib/python3.6/site-packages/airflow/example_dags/example_xcom.py took 0.078 seconds
[2021-02-23 23:29:20,342] {scheduler_job.py:182} INFO - Started process (PID=208) to work on /home/airflow/.local/lib/python3.6/site-packages/airflow/example_dags/example_xcom.py
[2021-02-23 23:29:20,343] {scheduler_job.py:629} INFO - Processing file /home/airflow/.local/lib/python3.6/site-packages/airflow/example_dags/example_xcom.py for tasks to queue
[2021-02-23 23:29:20,343] {logging_mixin.py:104} INFO - [2021-02-23 23:29:20,343] {dagbag.py:448} INFO - Filling up the DagBag from /home/airflow/.local/lib/python3.6/site-packages/airflow/example_dags/example_xcom.py
[2021-02-23 23:29:20,353] {scheduler_job.py:639} INFO - DAG(s) dict_keys(['example_xcom']) retrieved from /home/airflow/.local/lib/python3.6/site-packages/airflow/example_dags/example_xcom.py
[2021-02-23 23:29:20,367] {logging_mixin.py:104} INFO - [2021-02-23 23:29:20,367] {dag.py:1818} INFO - Sync 1 DAGs
[2021-02-23 23:29:20,378] {logging_mixin.py:104} INFO - [2021-02-23 23:29:20,378] {dag.py:2273} INFO - Setting next_dagrun for example_xcom to 2021-02-21 00:00:00+00:00
[2021-02-23 23:29:20,415] {scheduler_job.py:190} INFO - Processing /home/airflow/.local/lib/python3.6/site-packages/airflow/example_dags/example_xcom.py took 0.075 seconds
[2021-02-23 23:29:50,459] {scheduler_job.py:182} INFO - Started process (PID=234) to work on /home/airflow/.local/lib/python3.6/site-packages/airflow/example_dags/example_xcom.py
[2021-02-23 23:29:50,459] {scheduler_job.py:629} INFO - Processing file /home/airflow/.local/lib/python3.6/site-packages/airflow/example_dags/example_xcom.py for tasks to queue
[2021-02-23 23:29:50,460] {logging_mixin.py:104} INFO - [2021-02-23 23:29:50,460] {dagbag.py:448} INFO - Filling up the DagBag from /home/airflow/.local/lib/python3.6/site-packages/airflow/example_dags/example_xcom.py
[2021-02-23 23:29:50,469] {scheduler_job.py:639} INFO - DAG(s) dict_keys(['example_xcom']) retrieved from /home/airflow/.local/lib/python3.6/site-packages/airflow/example_dags/example_xcom.py
[2021-02-23 23:29:50,485] {logging_mixin.py:104} INFO - [2021-02-23 23:29:50,485] {dag.py:1818} INFO - Sync 1 DAGs
[2021-02-23 23:29:50,496] {logging_mixin.py:104} INFO - [2021-02-23 23:29:50,496] {dag.py:2273} INFO - Setting next_dagrun for example_xcom to 2021-02-21 00:00:00+00:00
[2021-02-23 23:29:50,532] {scheduler_job.py:190} INFO - Processing /home/airflow/.local/lib/python3.6/site-packages/airflow/example_dags/example_xcom.py took 0.076 seconds
[2021-02-23 23:30:21,271] {scheduler_job.py:182} INFO - Started process (PID=261) to work on /home/airflow/.local/lib/python3.6/site-packages/airflow/example_dags/example_xcom.py
[2021-02-23 23:30:21,272] {scheduler_job.py:629} INFO - Processing file /home/airflow/.local/lib/python3.6/site-packages/airflow/example_dags/example_xcom.py for tasks to queue
[2021-02-23 23:30:21,273] {logging_mixin.py:104} INFO - [2021-02-23 23:30:21,273] {dagbag.py:448} INFO - Filling up the DagBag from /home/airflow/.local/lib/python3.6/site-packages/airflow/example_dags/example_xcom.py
[2021-02-23 23:30:21,283] {scheduler_job.py:639} INFO - DAG(s) dict_keys(['example_xcom']) retrieved from /home/airflow/.local/lib/python3.6/site-packages/airflow/example_dags/example_xcom.py
[2021-02-23 23:30:21,299] {logging_mixin.py:104} INFO - [2021-02-23 23:30:21,299] {dag.py:1818} INFO - Sync 1 DAGs
[2021-02-23 23:30:21,313] {logging_mixin.py:104} INFO - [2021-02-23 23:30:21,312] {dag.py:2273} INFO - Setting next_dagrun for example_xcom to 2021-02-21 00:00:00+00:00
[2021-02-23 23:30:21,348] {scheduler_job.py:190} INFO - Processing /home/airflow/.local/lib/python3.6/site-packages/airflow/example_dags/example_xcom.py took 0.079 seconds
[2021-02-23 23:30:52,328] {scheduler_job.py:182} INFO - Started process (PID=287) to work on /home/airflow/.local/lib/python3.6/site-packages/airflow/example_dags/example_xcom.py
[2021-02-23 23:30:52,329] {scheduler_job.py:629} INFO - Processing file /home/airflow/.local/lib/python3.6/site-packages/airflow/example_dags/example_xcom.py for tasks to queue
[2021-02-23 23:30:52,329] {logging_mixin.py:104} INFO - [2021-02-23 23:30:52,329] {dagbag.py:448} INFO - Filling up the DagBag from /home/airflow/.local/lib/python3.6/site-packages/airflow/example_dags/example_xcom.py
[2021-02-23 23:30:52,345] {scheduler_job.py:639} INFO - DAG(s) dict_keys(['example_xcom']) retrieved from /home/airflow/.local/lib/python3.6/site-packages/airflow/example_dags/example_xcom.py
[2021-02-23 23:30:52,399] {logging_mixin.py:104} INFO - [2021-02-23 23:30:52,399] {dag.py:1818} INFO - Sync 1 DAGs
[2021-02-23 23:30:52,422] {logging_mixin.py:104} INFO - [2021-02-23 23:30:52,422] {dag.py:2273} INFO - Setting next_dagrun for example_xcom to 2021-02-21 00:00:00+00:00
[2021-02-23 23:30:52,459] {scheduler_job.py:190} INFO - Processing /home/airflow/.local/lib/python3.6/site-packages/airflow/example_dags/example_xcom.py took 0.135 seconds
[2021-02-23 23:31:22,706] {scheduler_job.py:182} INFO - Started process (PID=311) to work on /home/airflow/.local/lib/python3.6/site-packages/airflow/example_dags/example_xcom.py
[2021-02-23 23:31:22,708] {scheduler_job.py:629} INFO - Processing file /home/airflow/.local/lib/python3.6/site-packages/airflow/example_dags/example_xcom.py for tasks to queue
[2021-02-23 23:31:22,708] {logging_mixin.py:104} INFO - [2021-02-23 23:31:22,708] {dagbag.py:448} INFO - Filling up the DagBag from /home/airflow/.local/lib/python3.6/site-packages/airflow/example_dags/example_xcom.py
[2021-02-23 23:31:22,722] {scheduler_job.py:639} INFO - DAG(s) dict_keys(['example_xcom']) retrieved from /home/airflow/.local/lib/python3.6/site-packages/airflow/example_dags/example_xcom.py
[2021-02-23 23:31:22,737] {logging_mixin.py:104} INFO - [2021-02-23 23:31:22,737] {dag.py:1818} INFO - Sync 1 DAGs
[2021-02-23 23:31:22,749] {logging_mixin.py:104} INFO - [2021-02-23 23:31:22,749] {dag.py:2273} INFO - Setting next_dagrun for example_xcom to 2021-02-21 00:00:00+00:00
[2021-02-23 23:31:22,791] {scheduler_job.py:190} INFO - Processing /home/airflow/.local/lib/python3.6/site-packages/airflow/example_dags/example_xcom.py took 0.089 seconds
[2021-02-23 23:31:53,355] {scheduler_job.py:182} INFO - Started process (PID=338) to work on /home/airflow/.local/lib/python3.6/site-packages/airflow/example_dags/example_xcom.py
[2021-02-23 23:31:53,358] {scheduler_job.py:629} INFO - Processing file /home/airflow/.local/lib/python3.6/site-packages/airflow/example_dags/example_xcom.py for tasks to queue
[2021-02-23 23:31:53,360] {logging_mixin.py:104} INFO - [2021-02-23 23:31:53,360] {dagbag.py:448} INFO - Filling up the DagBag from /home/airflow/.local/lib/python3.6/site-packages/airflow/example_dags/example_xcom.py
[2021-02-23 23:31:53,379] {scheduler_job.py:639} INFO - DAG(s) dict_keys(['example_xcom']) retrieved from /home/airflow/.local/lib/python3.6/site-packages/airflow/example_dags/example_xcom.py
[2021-02-23 23:31:53,399] {logging_mixin.py:104} INFO - [2021-02-23 23:31:53,398] {dag.py:1818} INFO - Sync 1 DAGs
[2021-02-23 23:31:53,414] {logging_mixin.py:104} INFO - [2021-02-23 23:31:53,414] {dag.py:2273} INFO - Setting next_dagrun for example_xcom to 2021-02-21 00:00:00+00:00
[2021-02-23 23:31:53,461] {scheduler_job.py:190} INFO - Processing /home/airflow/.local/lib/python3.6/site-packages/airflow/example_dags/example_xcom.py took 0.114 seconds
[2021-02-23 23:32:24,578] {scheduler_job.py:182} INFO - Started process (PID=369) to work on /home/airflow/.local/lib/python3.6/site-packages/airflow/example_dags/example_xcom.py
[2021-02-23 23:32:24,579] {scheduler_job.py:629} INFO - Processing file /home/airflow/.local/lib/python3.6/site-packages/airflow/example_dags/example_xcom.py for tasks to queue
[2021-02-23 23:32:24,580] {logging_mixin.py:104} INFO - [2021-02-23 23:32:24,580] {dagbag.py:448} INFO - Filling up the DagBag from /home/airflow/.local/lib/python3.6/site-packages/airflow/example_dags/example_xcom.py
[2021-02-23 23:32:24,592] {scheduler_job.py:639} INFO - DAG(s) dict_keys(['example_xcom']) retrieved from /home/airflow/.local/lib/python3.6/site-packages/airflow/example_dags/example_xcom.py
[2021-02-23 23:32:24,608] {logging_mixin.py:104} INFO - [2021-02-23 23:32:24,608] {dag.py:1818} INFO - Sync 1 DAGs
[2021-02-23 23:32:24,620] {logging_mixin.py:104} INFO - [2021-02-23 23:32:24,620] {dag.py:2273} INFO - Setting next_dagrun for example_xcom to 2021-02-21 00:00:00+00:00
[2021-02-23 23:32:24,656] {scheduler_job.py:190} INFO - Processing /home/airflow/.local/lib/python3.6/site-packages/airflow/example_dags/example_xcom.py took 0.081 seconds
[2021-02-23 23:32:55,625] {scheduler_job.py:182} INFO - Started process (PID=396) to work on /home/airflow/.local/lib/python3.6/site-packages/airflow/example_dags/example_xcom.py
[2021-02-23 23:32:55,625] {scheduler_job.py:629} INFO - Processing file /home/airflow/.local/lib/python3.6/site-packages/airflow/example_dags/example_xcom.py for tasks to queue
[2021-02-23 23:32:55,626] {logging_mixin.py:104} INFO - [2021-02-23 23:32:55,626] {dagbag.py:448} INFO - Filling up the DagBag from /home/airflow/.local/lib/python3.6/site-packages/airflow/example_dags/example_xcom.py
[2021-02-23 23:32:55,636] {scheduler_job.py:639} INFO - DAG(s) dict_keys(['example_xcom']) retrieved from /home/airflow/.local/lib/python3.6/site-packages/airflow/example_dags/example_xcom.py
[2021-02-23 23:32:55,650] {logging_mixin.py:104} INFO - [2021-02-23 23:32:55,650] {dag.py:1818} INFO - Sync 1 DAGs
[2021-02-23 23:32:55,663] {logging_mixin.py:104} INFO - [2021-02-23 23:32:55,663] {dag.py:2273} INFO - Setting next_dagrun for example_xcom to 2021-02-21 00:00:00+00:00
[2021-02-23 23:32:55,695] {scheduler_job.py:190} INFO - Processing /home/airflow/.local/lib/python3.6/site-packages/airflow/example_dags/example_xcom.py took 0.072 seconds
[2021-02-23 23:33:26,387] {scheduler_job.py:182} INFO - Started process (PID=423) to work on /home/airflow/.local/lib/python3.6/site-packages/airflow/example_dags/example_xcom.py
[2021-02-23 23:33:26,388] {scheduler_job.py:629} INFO - Processing file /home/airflow/.local/lib/python3.6/site-packages/airflow/example_dags/example_xcom.py for tasks to queue
[2021-02-23 23:33:26,389] {logging_mixin.py:104} INFO - [2021-02-23 23:33:26,389] {dagbag.py:448} INFO - Filling up the DagBag from /home/airflow/.local/lib/python3.6/site-packages/airflow/example_dags/example_xcom.py
[2021-02-23 23:33:26,398] {scheduler_job.py:639} INFO - DAG(s) dict_keys(['example_xcom']) retrieved from /home/airflow/.local/lib/python3.6/site-packages/airflow/example_dags/example_xcom.py
[2021-02-23 23:33:26,414] {logging_mixin.py:104} INFO - [2021-02-23 23:33:26,414] {dag.py:1818} INFO - Sync 1 DAGs
[2021-02-23 23:33:26,425] {logging_mixin.py:104} INFO - [2021-02-23 23:33:26,425] {dag.py:2273} INFO - Setting next_dagrun for example_xcom to 2021-02-21 00:00:00+00:00
[2021-02-23 23:33:26,468] {scheduler_job.py:190} INFO - Processing /home/airflow/.local/lib/python3.6/site-packages/airflow/example_dags/example_xcom.py took 0.083 seconds
[2021-02-23 23:33:56,972] {scheduler_job.py:182} INFO - Started process (PID=449) to work on /home/airflow/.local/lib/python3.6/site-packages/airflow/example_dags/example_xcom.py
[2021-02-23 23:33:56,973] {scheduler_job.py:629} INFO - Processing file /home/airflow/.local/lib/python3.6/site-packages/airflow/example_dags/example_xcom.py for tasks to queue
[2021-02-23 23:33:56,973] {logging_mixin.py:104} INFO - [2021-02-23 23:33:56,973] {dagbag.py:448} INFO - Filling up the DagBag from /home/airflow/.local/lib/python3.6/site-packages/airflow/example_dags/example_xcom.py
[2021-02-23 23:33:56,984] {scheduler_job.py:639} INFO - DAG(s) dict_keys(['example_xcom']) retrieved from /home/airflow/.local/lib/python3.6/site-packages/airflow/example_dags/example_xcom.py
[2021-02-23 23:33:57,000] {logging_mixin.py:104} INFO - [2021-02-23 23:33:57,000] {dag.py:1818} INFO - Sync 1 DAGs
[2021-02-23 23:33:57,013] {logging_mixin.py:104} INFO - [2021-02-23 23:33:57,013] {dag.py:2273} INFO - Setting next_dagrun for example_xcom to 2021-02-21 00:00:00+00:00
[2021-02-23 23:33:57,060] {scheduler_job.py:190} INFO - Processing /home/airflow/.local/lib/python3.6/site-packages/airflow/example_dags/example_xcom.py took 0.091 seconds
[2021-02-23 23:34:28,018] {scheduler_job.py:182} INFO - Started process (PID=477) to work on /home/airflow/.local/lib/python3.6/site-packages/airflow/example_dags/example_xcom.py
[2021-02-23 23:34:28,019] {scheduler_job.py:629} INFO - Processing file /home/airflow/.local/lib/python3.6/site-packages/airflow/example_dags/example_xcom.py for tasks to queue
[2021-02-23 23:34:28,020] {logging_mixin.py:104} INFO - [2021-02-23 23:34:28,019] {dagbag.py:448} INFO - Filling up the DagBag from /home/airflow/.local/lib/python3.6/site-packages/airflow/example_dags/example_xcom.py
[2021-02-23 23:34:28,033] {scheduler_job.py:639} INFO - DAG(s) dict_keys(['example_xcom']) retrieved from /home/airflow/.local/lib/python3.6/site-packages/airflow/example_dags/example_xcom.py
[2021-02-23 23:34:28,050] {logging_mixin.py:104} INFO - [2021-02-23 23:34:28,050] {dag.py:1818} INFO - Sync 1 DAGs
[2021-02-23 23:34:28,062] {logging_mixin.py:104} INFO - [2021-02-23 23:34:28,062] {dag.py:2273} INFO - Setting next_dagrun for example_xcom to 2021-02-21 00:00:00+00:00
[2021-02-23 23:34:28,101] {scheduler_job.py:190} INFO - Processing /home/airflow/.local/lib/python3.6/site-packages/airflow/example_dags/example_xcom.py took 0.087 seconds
[2021-02-23 23:34:58,618] {scheduler_job.py:182} INFO - Started process (PID=504) to work on /home/airflow/.local/lib/python3.6/site-packages/airflow/example_dags/example_xcom.py
[2021-02-23 23:34:58,619] {scheduler_job.py:629} INFO - Processing file /home/airflow/.local/lib/python3.6/site-packages/airflow/example_dags/example_xcom.py for tasks to queue
[2021-02-23 23:34:58,619] {logging_mixin.py:104} INFO - [2021-02-23 23:34:58,619] {dagbag.py:448} INFO - Filling up the DagBag from /home/airflow/.local/lib/python3.6/site-packages/airflow/example_dags/example_xcom.py
[2021-02-23 23:34:58,627] {scheduler_job.py:639} INFO - DAG(s) dict_keys(['example_xcom']) retrieved from /home/airflow/.local/lib/python3.6/site-packages/airflow/example_dags/example_xcom.py
[2021-02-23 23:34:58,641] {logging_mixin.py:104} INFO - [2021-02-23 23:34:58,641] {dag.py:1818} INFO - Sync 1 DAGs
[2021-02-23 23:34:58,652] {logging_mixin.py:104} INFO - [2021-02-23 23:34:58,652] {dag.py:2273} INFO - Setting next_dagrun for example_xcom to 2021-02-21 00:00:00+00:00
[2021-02-23 23:34:58,858] {scheduler_job.py:190} INFO - Processing /home/airflow/.local/lib/python3.6/site-packages/airflow/example_dags/example_xcom.py took 0.242 seconds
[2021-02-23 23:35:29,436] {scheduler_job.py:182} INFO - Started process (PID=533) to work on /home/airflow/.local/lib/python3.6/site-packages/airflow/example_dags/example_xcom.py
[2021-02-23 23:35:29,437] {scheduler_job.py:629} INFO - Processing file /home/airflow/.local/lib/python3.6/site-packages/airflow/example_dags/example_xcom.py for tasks to queue
[2021-02-23 23:35:29,437] {logging_mixin.py:104} INFO - [2021-02-23 23:35:29,437] {dagbag.py:448} INFO - Filling up the DagBag from /home/airflow/.local/lib/python3.6/site-packages/airflow/example_dags/example_xcom.py
[2021-02-23 23:35:29,448] {scheduler_job.py:639} INFO - DAG(s) dict_keys(['example_xcom']) retrieved from /home/airflow/.local/lib/python3.6/site-packages/airflow/example_dags/example_xcom.py
[2021-02-23 23:35:29,462] {logging_mixin.py:104} INFO - [2021-02-23 23:35:29,462] {dag.py:1818} INFO - Sync 1 DAGs
[2021-02-23 23:35:29,473] {logging_mixin.py:104} INFO - [2021-02-23 23:35:29,473] {dag.py:2273} INFO - Setting next_dagrun for example_xcom to 2021-02-21 00:00:00+00:00
[2021-02-23 23:35:29,506] {scheduler_job.py:190} INFO - Processing /home/airflow/.local/lib/python3.6/site-packages/airflow/example_dags/example_xcom.py took 0.072 seconds
[2021-02-23 23:36:00,379] {scheduler_job.py:182} INFO - Started process (PID=558) to work on /home/airflow/.local/lib/python3.6/site-packages/airflow/example_dags/example_xcom.py
[2021-02-23 23:36:00,380] {scheduler_job.py:629} INFO - Processing file /home/airflow/.local/lib/python3.6/site-packages/airflow/example_dags/example_xcom.py for tasks to queue
[2021-02-23 23:36:00,381] {logging_mixin.py:104} INFO - [2021-02-23 23:36:00,381] {dagbag.py:448} INFO - Filling up the DagBag from /home/airflow/.local/lib/python3.6/site-packages/airflow/example_dags/example_xcom.py
[2021-02-23 23:36:00,394] {scheduler_job.py:639} INFO - DAG(s) dict_keys(['example_xcom']) retrieved from /home/airflow/.local/lib/python3.6/site-packages/airflow/example_dags/example_xcom.py
[2021-02-23 23:36:00,415] {logging_mixin.py:104} INFO - [2021-02-23 23:36:00,415] {dag.py:1818} INFO - Sync 1 DAGs
[2021-02-23 23:36:00,431] {logging_mixin.py:104} INFO - [2021-02-23 23:36:00,431] {dag.py:2273} INFO - Setting next_dagrun for example_xcom to 2021-02-21 00:00:00+00:00
[2021-02-23 23:36:00,464] {scheduler_job.py:190} INFO - Processing /home/airflow/.local/lib/python3.6/site-packages/airflow/example_dags/example_xcom.py took 0.087 seconds
[2021-02-23 23:36:31,071] {scheduler_job.py:182} INFO - Started process (PID=585) to work on /home/airflow/.local/lib/python3.6/site-packages/airflow/example_dags/example_xcom.py
[2021-02-23 23:36:31,072] {scheduler_job.py:629} INFO - Processing file /home/airflow/.local/lib/python3.6/site-packages/airflow/example_dags/example_xcom.py for tasks to queue
[2021-02-23 23:36:31,072] {logging_mixin.py:104} INFO - [2021-02-23 23:36:31,072] {dagbag.py:448} INFO - Filling up the DagBag from /home/airflow/.local/lib/python3.6/site-packages/airflow/example_dags/example_xcom.py
[2021-02-23 23:36:31,083] {scheduler_job.py:639} INFO - DAG(s) dict_keys(['example_xcom']) retrieved from /home/airflow/.local/lib/python3.6/site-packages/airflow/example_dags/example_xcom.py
[2021-02-23 23:36:31,103] {logging_mixin.py:104} INFO - [2021-02-23 23:36:31,103] {dag.py:1818} INFO - Sync 1 DAGs
[2021-02-23 23:36:31,116] {logging_mixin.py:104} INFO - [2021-02-23 23:36:31,116] {dag.py:2273} INFO - Setting next_dagrun for example_xcom to 2021-02-21 00:00:00+00:00
[2021-02-23 23:36:31,163] {scheduler_job.py:190} INFO - Processing /home/airflow/.local/lib/python3.6/site-packages/airflow/example_dags/example_xcom.py took 0.095 seconds
[2021-02-23 23:37:02,021] {scheduler_job.py:182} INFO - Started process (PID=612) to work on /home/airflow/.local/lib/python3.6/site-packages/airflow/example_dags/example_xcom.py
[2021-02-23 23:37:02,022] {scheduler_job.py:629} INFO - Processing file /home/airflow/.local/lib/python3.6/site-packages/airflow/example_dags/example_xcom.py for tasks to queue
[2021-02-23 23:37:02,023] {logging_mixin.py:104} INFO - [2021-02-23 23:37:02,023] {dagbag.py:448} INFO - Filling up the DagBag from /home/airflow/.local/lib/python3.6/site-packages/airflow/example_dags/example_xcom.py
[2021-02-23 23:37:02,036] {scheduler_job.py:639} INFO - DAG(s) dict_keys(['example_xcom']) retrieved from /home/airflow/.local/lib/python3.6/site-packages/airflow/example_dags/example_xcom.py
[2021-02-23 23:37:02,058] {logging_mixin.py:104} INFO - [2021-02-23 23:37:02,058] {dag.py:1818} INFO - Sync 1 DAGs
[2021-02-23 23:37:02,072] {logging_mixin.py:104} INFO - [2021-02-23 23:37:02,072] {dag.py:2273} INFO - Setting next_dagrun for example_xcom to 2021-02-21 00:00:00+00:00
[2021-02-23 23:37:02,117] {scheduler_job.py:190} INFO - Processing /home/airflow/.local/lib/python3.6/site-packages/airflow/example_dags/example_xcom.py took 0.100 seconds
[2021-02-23 23:37:32,291] {scheduler_job.py:182} INFO - Started process (PID=636) to work on /home/airflow/.local/lib/python3.6/site-packages/airflow/example_dags/example_xcom.py
[2021-02-23 23:37:32,292] {scheduler_job.py:629} INFO - Processing file /home/airflow/.local/lib/python3.6/site-packages/airflow/example_dags/example_xcom.py for tasks to queue
[2021-02-23 23:37:32,293] {logging_mixin.py:104} INFO - [2021-02-23 23:37:32,293] {dagbag.py:448} INFO - Filling up the DagBag from /home/airflow/.local/lib/python3.6/site-packages/airflow/example_dags/example_xcom.py
[2021-02-23 23:37:32,305] {scheduler_job.py:639} INFO - DAG(s) dict_keys(['example_xcom']) retrieved from /home/airflow/.local/lib/python3.6/site-packages/airflow/example_dags/example_xcom.py
[2021-02-23 23:37:32,323] {logging_mixin.py:104} INFO - [2021-02-23 23:37:32,323] {dag.py:1818} INFO - Sync 1 DAGs
[2021-02-23 23:37:32,337] {logging_mixin.py:104} INFO - [2021-02-23 23:37:32,337] {dag.py:2273} INFO - Setting next_dagrun for example_xcom to 2021-02-21 00:00:00+00:00
[2021-02-23 23:37:32,398] {scheduler_job.py:190} INFO - Processing /home/airflow/.local/lib/python3.6/site-packages/airflow/example_dags/example_xcom.py took 0.110 seconds
[2021-02-23 23:38:02,441] {scheduler_job.py:182} INFO - Started process (PID=660) to work on /home/airflow/.local/lib/python3.6/site-packages/airflow/example_dags/example_xcom.py
[2021-02-23 23:38:02,443] {scheduler_job.py:629} INFO - Processing file /home/airflow/.local/lib/python3.6/site-packages/airflow/example_dags/example_xcom.py for tasks to queue
[2021-02-23 23:38:02,444] {logging_mixin.py:104} INFO - [2021-02-23 23:38:02,444] {dagbag.py:448} INFO - Filling up the DagBag from /home/airflow/.local/lib/python3.6/site-packages/airflow/example_dags/example_xcom.py
[2021-02-23 23:38:02,464] {scheduler_job.py:639} INFO - DAG(s) dict_keys(['example_xcom']) retrieved from /home/airflow/.local/lib/python3.6/site-packages/airflow/example_dags/example_xcom.py
[2021-02-23 23:38:02,486] {logging_mixin.py:104} INFO - [2021-02-23 23:38:02,486] {dag.py:1818} INFO - Sync 1 DAGs
[2021-02-23 23:38:02,502] {logging_mixin.py:104} INFO - [2021-02-23 23:38:02,502] {dag.py:2273} INFO - Setting next_dagrun for example_xcom to 2021-02-21 00:00:00+00:00
[2021-02-23 23:38:02,698] {scheduler_job.py:190} INFO - Processing /home/airflow/.local/lib/python3.6/site-packages/airflow/example_dags/example_xcom.py took 0.262 seconds
[2021-02-23 23:38:33,370] {scheduler_job.py:182} INFO - Started process (PID=692) to work on /home/airflow/.local/lib/python3.6/site-packages/airflow/example_dags/example_xcom.py
[2021-02-23 23:38:33,371] {scheduler_job.py:629} INFO - Processing file /home/airflow/.local/lib/python3.6/site-packages/airflow/example_dags/example_xcom.py for tasks to queue
[2021-02-23 23:38:33,372] {logging_mixin.py:104} INFO - [2021-02-23 23:38:33,372] {dagbag.py:448} INFO - Filling up the DagBag from /home/airflow/.local/lib/python3.6/site-packages/airflow/example_dags/example_xcom.py
[2021-02-23 23:38:33,383] {scheduler_job.py:639} INFO - DAG(s) dict_keys(['example_xcom']) retrieved from /home/airflow/.local/lib/python3.6/site-packages/airflow/example_dags/example_xcom.py
[2021-02-23 23:38:33,397] {logging_mixin.py:104} INFO - [2021-02-23 23:38:33,397] {dag.py:1818} INFO - Sync 1 DAGs
[2021-02-23 23:38:33,408] {logging_mixin.py:104} INFO - [2021-02-23 23:38:33,408] {dag.py:2273} INFO - Setting next_dagrun for example_xcom to 2021-02-21 00:00:00+00:00
[2021-02-23 23:38:33,450] {scheduler_job.py:190} INFO - Processing /home/airflow/.local/lib/python3.6/site-packages/airflow/example_dags/example_xcom.py took 0.083 seconds
[2021-02-23 23:39:03,511] {scheduler_job.py:182} INFO - Started process (PID=719) to work on /home/airflow/.local/lib/python3.6/site-packages/airflow/example_dags/example_xcom.py
[2021-02-23 23:39:03,512] {scheduler_job.py:629} INFO - Processing file /home/airflow/.local/lib/python3.6/site-packages/airflow/example_dags/example_xcom.py for tasks to queue
[2021-02-23 23:39:03,512] {logging_mixin.py:104} INFO - [2021-02-23 23:39:03,512] {dagbag.py:448} INFO - Filling up the DagBag from /home/airflow/.local/lib/python3.6/site-packages/airflow/example_dags/example_xcom.py
[2021-02-23 23:39:03,522] {scheduler_job.py:639} INFO - DAG(s) dict_keys(['example_xcom']) retrieved from /home/airflow/.local/lib/python3.6/site-packages/airflow/example_dags/example_xcom.py
[2021-02-23 23:39:03,535] {logging_mixin.py:104} INFO - [2021-02-23 23:39:03,535] {dag.py:1818} INFO - Sync 1 DAGs
[2021-02-23 23:39:03,545] {logging_mixin.py:104} INFO - [2021-02-23 23:39:03,545] {dag.py:2273} INFO - Setting next_dagrun for example_xcom to 2021-02-21 00:00:00+00:00
[2021-02-23 23:39:03,582] {scheduler_job.py:190} INFO - Processing /home/airflow/.local/lib/python3.6/site-packages/airflow/example_dags/example_xcom.py took 0.073 seconds
[2021-02-23 23:39:33,695] {scheduler_job.py:182} INFO - Started process (PID=746) to work on /home/airflow/.local/lib/python3.6/site-packages/airflow/example_dags/example_xcom.py
[2021-02-23 23:39:33,695] {scheduler_job.py:629} INFO - Processing file /home/airflow/.local/lib/python3.6/site-packages/airflow/example_dags/example_xcom.py for tasks to queue
[2021-02-23 23:39:33,696] {logging_mixin.py:104} INFO - [2021-02-23 23:39:33,696] {dagbag.py:448} INFO - Filling up the DagBag from /home/airflow/.local/lib/python3.6/site-packages/airflow/example_dags/example_xcom.py
[2021-02-23 23:39:33,706] {scheduler_job.py:639} INFO - DAG(s) dict_keys(['example_xcom']) retrieved from /home/airflow/.local/lib/python3.6/site-packages/airflow/example_dags/example_xcom.py
[2021-02-23 23:39:33,721] {logging_mixin.py:104} INFO - [2021-02-23 23:39:33,721] {dag.py:1818} INFO - Sync 1 DAGs
[2021-02-23 23:39:33,733] {logging_mixin.py:104} INFO - [2021-02-23 23:39:33,732] {dag.py:2273} INFO - Setting next_dagrun for example_xcom to 2021-02-21 00:00:00+00:00
[2021-02-23 23:39:33,775] {scheduler_job.py:190} INFO - Processing /home/airflow/.local/lib/python3.6/site-packages/airflow/example_dags/example_xcom.py took 0.082 seconds
[2021-02-23 23:40:04,098] {scheduler_job.py:182} INFO - Started process (PID=773) to work on /home/airflow/.local/lib/python3.6/site-packages/airflow/example_dags/example_xcom.py
[2021-02-23 23:40:04,100] {scheduler_job.py:629} INFO - Processing file /home/airflow/.local/lib/python3.6/site-packages/airflow/example_dags/example_xcom.py for tasks to queue
[2021-02-23 23:40:04,101] {logging_mixin.py:104} INFO - [2021-02-23 23:40:04,100] {dagbag.py:448} INFO - Filling up the DagBag from /home/airflow/.local/lib/python3.6/site-packages/airflow/example_dags/example_xcom.py
[2021-02-23 23:40:04,115] {scheduler_job.py:639} INFO - DAG(s) dict_keys(['example_xcom']) retrieved from /home/airflow/.local/lib/python3.6/site-packages/airflow/example_dags/example_xcom.py
[2021-02-23 23:40:04,135] {logging_mixin.py:104} INFO - [2021-02-23 23:40:04,135] {dag.py:1818} INFO - Sync 1 DAGs
[2021-02-23 23:40:04,147] {logging_mixin.py:104} INFO - [2021-02-23 23:40:04,147] {dag.py:2273} INFO - Setting next_dagrun for example_xcom to 2021-02-21 00:00:00+00:00
[2021-02-23 23:40:04,183] {scheduler_job.py:190} INFO - Processing /home/airflow/.local/lib/python3.6/site-packages/airflow/example_dags/example_xcom.py took 0.088 seconds
[2021-02-23 23:40:34,945] {scheduler_job.py:182} INFO - Started process (PID=798) to work on /home/airflow/.local/lib/python3.6/site-packages/airflow/example_dags/example_xcom.py
[2021-02-23 23:40:34,946] {scheduler_job.py:629} INFO - Processing file /home/airflow/.local/lib/python3.6/site-packages/airflow/example_dags/example_xcom.py for tasks to queue
[2021-02-23 23:40:34,947] {logging_mixin.py:104} INFO - [2021-02-23 23:40:34,947] {dagbag.py:448} INFO - Filling up the DagBag from /home/airflow/.local/lib/python3.6/site-packages/airflow/example_dags/example_xcom.py
[2021-02-23 23:40:34,962] {scheduler_job.py:639} INFO - DAG(s) dict_keys(['example_xcom']) retrieved from /home/airflow/.local/lib/python3.6/site-packages/airflow/example_dags/example_xcom.py
[2021-02-23 23:40:34,980] {logging_mixin.py:104} INFO - [2021-02-23 23:40:34,980] {dag.py:1818} INFO - Sync 1 DAGs
[2021-02-23 23:40:34,993] {logging_mixin.py:104} INFO - [2021-02-23 23:40:34,992] {dag.py:2273} INFO - Setting next_dagrun for example_xcom to 2021-02-21 00:00:00+00:00
[2021-02-23 23:40:35,053] {scheduler_job.py:190} INFO - Processing /home/airflow/.local/lib/python3.6/site-packages/airflow/example_dags/example_xcom.py took 0.115 seconds
[2021-02-23 23:41:05,481] {scheduler_job.py:182} INFO - Started process (PID=825) to work on /home/airflow/.local/lib/python3.6/site-packages/airflow/example_dags/example_xcom.py
[2021-02-23 23:41:05,483] {scheduler_job.py:629} INFO - Processing file /home/airflow/.local/lib/python3.6/site-packages/airflow/example_dags/example_xcom.py for tasks to queue
[2021-02-23 23:41:05,484] {logging_mixin.py:104} INFO - [2021-02-23 23:41:05,484] {dagbag.py:448} INFO - Filling up the DagBag from /home/airflow/.local/lib/python3.6/site-packages/airflow/example_dags/example_xcom.py
[2021-02-23 23:41:05,501] {scheduler_job.py:639} INFO - DAG(s) dict_keys(['example_xcom']) retrieved from /home/airflow/.local/lib/python3.6/site-packages/airflow/example_dags/example_xcom.py
[2021-02-23 23:41:05,518] {logging_mixin.py:104} INFO - [2021-02-23 23:41:05,518] {dag.py:1818} INFO - Sync 1 DAGs
[2021-02-23 23:41:05,531] {logging_mixin.py:104} INFO - [2021-02-23 23:41:05,531] {dag.py:2273} INFO - Setting next_dagrun for example_xcom to 2021-02-21 00:00:00+00:00
[2021-02-23 23:41:05,615] {scheduler_job.py:190} INFO - Processing /home/airflow/.local/lib/python3.6/site-packages/airflow/example_dags/example_xcom.py took 0.143 seconds
[2021-02-23 23:41:36,492] {scheduler_job.py:182} INFO - Started process (PID=852) to work on /home/airflow/.local/lib/python3.6/site-packages/airflow/example_dags/example_xcom.py
[2021-02-23 23:41:36,494] {scheduler_job.py:629} INFO - Processing file /home/airflow/.local/lib/python3.6/site-packages/airflow/example_dags/example_xcom.py for tasks to queue
[2021-02-23 23:41:36,494] {logging_mixin.py:104} INFO - [2021-02-23 23:41:36,494] {dagbag.py:448} INFO - Filling up the DagBag from /home/airflow/.local/lib/python3.6/site-packages/airflow/example_dags/example_xcom.py
[2021-02-23 23:41:36,509] {scheduler_job.py:639} INFO - DAG(s) dict_keys(['example_xcom']) retrieved from /home/airflow/.local/lib/python3.6/site-packages/airflow/example_dags/example_xcom.py
[2021-02-23 23:41:36,530] {logging_mixin.py:104} INFO - [2021-02-23 23:41:36,530] {dag.py:1818} INFO - Sync 1 DAGs
[2021-02-23 23:41:36,547] {logging_mixin.py:104} INFO - [2021-02-23 23:41:36,547] {dag.py:2273} INFO - Setting next_dagrun for example_xcom to 2021-02-21 00:00:00+00:00
[2021-02-23 23:41:36,635] {scheduler_job.py:190} INFO - Processing /home/airflow/.local/lib/python3.6/site-packages/airflow/example_dags/example_xcom.py took 0.150 seconds
[2021-02-23 23:42:06,739] {scheduler_job.py:182} INFO - Started process (PID=878) to work on /home/airflow/.local/lib/python3.6/site-packages/airflow/example_dags/example_xcom.py
[2021-02-23 23:42:06,742] {scheduler_job.py:629} INFO - Processing file /home/airflow/.local/lib/python3.6/site-packages/airflow/example_dags/example_xcom.py for tasks to queue
[2021-02-23 23:42:06,744] {logging_mixin.py:104} INFO - [2021-02-23 23:42:06,743] {dagbag.py:448} INFO - Filling up the DagBag from /home/airflow/.local/lib/python3.6/site-packages/airflow/example_dags/example_xcom.py
[2021-02-23 23:42:06,763] {scheduler_job.py:639} INFO - DAG(s) dict_keys(['example_xcom']) retrieved from /home/airflow/.local/lib/python3.6/site-packages/airflow/example_dags/example_xcom.py
[2021-02-23 23:42:06,784] {logging_mixin.py:104} INFO - [2021-02-23 23:42:06,784] {dag.py:1818} INFO - Sync 1 DAGs
[2021-02-23 23:42:06,799] {logging_mixin.py:104} INFO - [2021-02-23 23:42:06,799] {dag.py:2273} INFO - Setting next_dagrun for example_xcom to 2021-02-21 00:00:00+00:00
[2021-02-23 23:42:06,854] {scheduler_job.py:190} INFO - Processing /home/airflow/.local/lib/python3.6/site-packages/airflow/example_dags/example_xcom.py took 0.125 seconds
[2021-02-23 23:42:36,887] {scheduler_job.py:182} INFO - Started process (PID=905) to work on /home/airflow/.local/lib/python3.6/site-packages/airflow/example_dags/example_xcom.py
[2021-02-23 23:42:36,887] {scheduler_job.py:629} INFO - Processing file /home/airflow/.local/lib/python3.6/site-packages/airflow/example_dags/example_xcom.py for tasks to queue
[2021-02-23 23:42:36,888] {logging_mixin.py:104} INFO - [2021-02-23 23:42:36,887] {dagbag.py:448} INFO - Filling up the DagBag from /home/airflow/.local/lib/python3.6/site-packages/airflow/example_dags/example_xcom.py
[2021-02-23 23:42:36,894] {scheduler_job.py:639} INFO - DAG(s) dict_keys(['example_xcom']) retrieved from /home/airflow/.local/lib/python3.6/site-packages/airflow/example_dags/example_xcom.py
[2021-02-23 23:42:36,907] {logging_mixin.py:104} INFO - [2021-02-23 23:42:36,907] {dag.py:1818} INFO - Sync 1 DAGs
[2021-02-23 23:42:36,916] {logging_mixin.py:104} INFO - [2021-02-23 23:42:36,916] {dag.py:2273} INFO - Setting next_dagrun for example_xcom to 2021-02-21 00:00:00+00:00
[2021-02-23 23:42:36,969] {scheduler_job.py:190} INFO - Processing /home/airflow/.local/lib/python3.6/site-packages/airflow/example_dags/example_xcom.py took 0.084 seconds
[2021-02-23 23:43:07,063] {scheduler_job.py:182} INFO - Started process (PID=932) to work on /home/airflow/.local/lib/python3.6/site-packages/airflow/example_dags/example_xcom.py
[2021-02-23 23:43:07,064] {scheduler_job.py:629} INFO - Processing file /home/airflow/.local/lib/python3.6/site-packages/airflow/example_dags/example_xcom.py for tasks to queue
[2021-02-23 23:43:07,064] {logging_mixin.py:104} INFO - [2021-02-23 23:43:07,064] {dagbag.py:448} INFO - Filling up the DagBag from /home/airflow/.local/lib/python3.6/site-packages/airflow/example_dags/example_xcom.py
[2021-02-23 23:43:07,078] {scheduler_job.py:639} INFO - DAG(s) dict_keys(['example_xcom']) retrieved from /home/airflow/.local/lib/python3.6/site-packages/airflow/example_dags/example_xcom.py
[2021-02-23 23:43:07,098] {logging_mixin.py:104} INFO - [2021-02-23 23:43:07,098] {dag.py:1818} INFO - Sync 1 DAGs
[2021-02-23 23:43:07,114] {logging_mixin.py:104} INFO - [2021-02-23 23:43:07,114] {dag.py:2273} INFO - Setting next_dagrun for example_xcom to 2021-02-21 00:00:00+00:00
[2021-02-23 23:43:07,167] {scheduler_job.py:190} INFO - Processing /home/airflow/.local/lib/python3.6/site-packages/airflow/example_dags/example_xcom.py took 0.107 seconds
[2021-02-23 23:43:37,698] {scheduler_job.py:182} INFO - Started process (PID=959) to work on /home/airflow/.local/lib/python3.6/site-packages/airflow/example_dags/example_xcom.py
[2021-02-23 23:43:37,701] {scheduler_job.py:629} INFO - Processing file /home/airflow/.local/lib/python3.6/site-packages/airflow/example_dags/example_xcom.py for tasks to queue
[2021-02-23 23:43:37,702] {logging_mixin.py:104} INFO - [2021-02-23 23:43:37,702] {dagbag.py:448} INFO - Filling up the DagBag from /home/airflow/.local/lib/python3.6/site-packages/airflow/example_dags/example_xcom.py
[2021-02-23 23:43:37,722] {scheduler_job.py:639} INFO - DAG(s) dict_keys(['example_xcom']) retrieved from /home/airflow/.local/lib/python3.6/site-packages/airflow/example_dags/example_xcom.py
[2021-02-23 23:43:37,740] {logging_mixin.py:104} INFO - [2021-02-23 23:43:37,740] {dag.py:1818} INFO - Sync 1 DAGs
[2021-02-23 23:43:37,752] {logging_mixin.py:104} INFO - [2021-02-23 23:43:37,752] {dag.py:2273} INFO - Setting next_dagrun for example_xcom to 2021-02-21 00:00:00+00:00
[2021-02-23 23:43:37,860] {scheduler_job.py:190} INFO - Processing /home/airflow/.local/lib/python3.6/site-packages/airflow/example_dags/example_xcom.py took 0.167 seconds
[2021-02-23 23:44:07,982] {scheduler_job.py:182} INFO - Started process (PID=986) to work on /home/airflow/.local/lib/python3.6/site-packages/airflow/example_dags/example_xcom.py
[2021-02-23 23:44:07,983] {scheduler_job.py:629} INFO - Processing file /home/airflow/.local/lib/python3.6/site-packages/airflow/example_dags/example_xcom.py for tasks to queue
[2021-02-23 23:44:07,983] {logging_mixin.py:104} INFO - [2021-02-23 23:44:07,983] {dagbag.py:448} INFO - Filling up the DagBag from /home/airflow/.local/lib/python3.6/site-packages/airflow/example_dags/example_xcom.py
[2021-02-23 23:44:07,995] {scheduler_job.py:639} INFO - DAG(s) dict_keys(['example_xcom']) retrieved from /home/airflow/.local/lib/python3.6/site-packages/airflow/example_dags/example_xcom.py
[2021-02-23 23:44:08,014] {logging_mixin.py:104} INFO - [2021-02-23 23:44:08,014] {dag.py:1818} INFO - Sync 1 DAGs
[2021-02-23 23:44:08,026] {logging_mixin.py:104} INFO - [2021-02-23 23:44:08,026] {dag.py:2273} INFO - Setting next_dagrun for example_xcom to 2021-02-21 00:00:00+00:00
[2021-02-23 23:44:08,056] {scheduler_job.py:190} INFO - Processing /home/airflow/.local/lib/python3.6/site-packages/airflow/example_dags/example_xcom.py took 0.078 seconds
[2021-02-23 23:44:38,190] {scheduler_job.py:182} INFO - Started process (PID=1013) to work on /home/airflow/.local/lib/python3.6/site-packages/airflow/example_dags/example_xcom.py
[2021-02-23 23:44:38,192] {scheduler_job.py:629} INFO - Processing file /home/airflow/.local/lib/python3.6/site-packages/airflow/example_dags/example_xcom.py for tasks to queue
[2021-02-23 23:44:38,192] {logging_mixin.py:104} INFO - [2021-02-23 23:44:38,192] {dagbag.py:448} INFO - Filling up the DagBag from /home/airflow/.local/lib/python3.6/site-packages/airflow/example_dags/example_xcom.py
[2021-02-23 23:44:38,203] {scheduler_job.py:639} INFO - DAG(s) dict_keys(['example_xcom']) retrieved from /home/airflow/.local/lib/python3.6/site-packages/airflow/example_dags/example_xcom.py
[2021-02-23 23:44:38,219] {logging_mixin.py:104} INFO - [2021-02-23 23:44:38,219] {dag.py:1818} INFO - Sync 1 DAGs
[2021-02-23 23:44:38,231] {logging_mixin.py:104} INFO - [2021-02-23 23:44:38,231] {dag.py:2273} INFO - Setting next_dagrun for example_xcom to 2021-02-21 00:00:00+00:00
[2021-02-23 23:44:38,273] {scheduler_job.py:190} INFO - Processing /home/airflow/.local/lib/python3.6/site-packages/airflow/example_dags/example_xcom.py took 0.086 seconds
[2021-02-23 23:45:09,220] {scheduler_job.py:182} INFO - Started process (PID=1040) to work on /home/airflow/.local/lib/python3.6/site-packages/airflow/example_dags/example_xcom.py
[2021-02-23 23:45:09,223] {scheduler_job.py:629} INFO - Processing file /home/airflow/.local/lib/python3.6/site-packages/airflow/example_dags/example_xcom.py for tasks to queue
[2021-02-23 23:45:09,226] {logging_mixin.py:104} INFO - [2021-02-23 23:45:09,225] {dagbag.py:448} INFO - Filling up the DagBag from /home/airflow/.local/lib/python3.6/site-packages/airflow/example_dags/example_xcom.py
[2021-02-23 23:45:09,249] {scheduler_job.py:639} INFO - DAG(s) dict_keys(['example_xcom']) retrieved from /home/airflow/.local/lib/python3.6/site-packages/airflow/example_dags/example_xcom.py
[2021-02-23 23:45:09,267] {logging_mixin.py:104} INFO - [2021-02-23 23:45:09,267] {dag.py:1818} INFO - Sync 1 DAGs
[2021-02-23 23:45:09,278] {logging_mixin.py:104} INFO - [2021-02-23 23:45:09,278] {dag.py:2273} INFO - Setting next_dagrun for example_xcom to 2021-02-21 00:00:00+00:00
[2021-02-23 23:45:09,365] {scheduler_job.py:190} INFO - Processing /home/airflow/.local/lib/python3.6/site-packages/airflow/example_dags/example_xcom.py took 0.153 seconds
[2021-02-23 23:45:39,902] {scheduler_job.py:182} INFO - Started process (PID=1067) to work on /home/airflow/.local/lib/python3.6/site-packages/airflow/example_dags/example_xcom.py
[2021-02-23 23:45:39,905] {scheduler_job.py:629} INFO - Processing file /home/airflow/.local/lib/python3.6/site-packages/airflow/example_dags/example_xcom.py for tasks to queue
[2021-02-23 23:45:39,906] {logging_mixin.py:104} INFO - [2021-02-23 23:45:39,906] {dagbag.py:448} INFO - Filling up the DagBag from /home/airflow/.local/lib/python3.6/site-packages/airflow/example_dags/example_xcom.py
[2021-02-23 23:45:39,924] {scheduler_job.py:639} INFO - DAG(s) dict_keys(['example_xcom']) retrieved from /home/airflow/.local/lib/python3.6/site-packages/airflow/example_dags/example_xcom.py
[2021-02-23 23:45:39,946] {logging_mixin.py:104} INFO - [2021-02-23 23:45:39,946] {dag.py:1818} INFO - Sync 1 DAGs
[2021-02-23 23:45:39,971] {logging_mixin.py:104} INFO - [2021-02-23 23:45:39,971] {dag.py:2273} INFO - Setting next_dagrun for example_xcom to 2021-02-21 00:00:00+00:00
[2021-02-23 23:45:40,022] {scheduler_job.py:190} INFO - Processing /home/airflow/.local/lib/python3.6/site-packages/airflow/example_dags/example_xcom.py took 0.129 seconds
[2021-02-23 23:46:10,836] {scheduler_job.py:182} INFO - Started process (PID=1094) to work on /home/airflow/.local/lib/python3.6/site-packages/airflow/example_dags/example_xcom.py
[2021-02-23 23:46:10,837] {scheduler_job.py:629} INFO - Processing file /home/airflow/.local/lib/python3.6/site-packages/airflow/example_dags/example_xcom.py for tasks to queue
[2021-02-23 23:46:10,837] {logging_mixin.py:104} INFO - [2021-02-23 23:46:10,837] {dagbag.py:448} INFO - Filling up the DagBag from /home/airflow/.local/lib/python3.6/site-packages/airflow/example_dags/example_xcom.py
[2021-02-23 23:46:10,849] {scheduler_job.py:639} INFO - DAG(s) dict_keys(['example_xcom']) retrieved from /home/airflow/.local/lib/python3.6/site-packages/airflow/example_dags/example_xcom.py
[2021-02-23 23:46:10,869] {logging_mixin.py:104} INFO - [2021-02-23 23:46:10,869] {dag.py:1818} INFO - Sync 1 DAGs
[2021-02-23 23:46:10,886] {logging_mixin.py:104} INFO - [2021-02-23 23:46:10,885] {dag.py:2273} INFO - Setting next_dagrun for example_xcom to 2021-02-21 00:00:00+00:00
[2021-02-23 23:46:10,949] {scheduler_job.py:190} INFO - Processing /home/airflow/.local/lib/python3.6/site-packages/airflow/example_dags/example_xcom.py took 0.116 seconds
[2021-02-23 23:46:41,690] {scheduler_job.py:182} INFO - Started process (PID=1121) to work on /home/airflow/.local/lib/python3.6/site-packages/airflow/example_dags/example_xcom.py
[2021-02-23 23:46:41,691] {scheduler_job.py:629} INFO - Processing file /home/airflow/.local/lib/python3.6/site-packages/airflow/example_dags/example_xcom.py for tasks to queue
[2021-02-23 23:46:41,692] {logging_mixin.py:104} INFO - [2021-02-23 23:46:41,692] {dagbag.py:448} INFO - Filling up the DagBag from /home/airflow/.local/lib/python3.6/site-packages/airflow/example_dags/example_xcom.py
[2021-02-23 23:46:41,703] {scheduler_job.py:639} INFO - DAG(s) dict_keys(['example_xcom']) retrieved from /home/airflow/.local/lib/python3.6/site-packages/airflow/example_dags/example_xcom.py
[2021-02-23 23:46:41,722] {logging_mixin.py:104} INFO - [2021-02-23 23:46:41,722] {dag.py:1818} INFO - Sync 1 DAGs
[2021-02-23 23:46:41,740] {logging_mixin.py:104} INFO - [2021-02-23 23:46:41,740] {dag.py:2273} INFO - Setting next_dagrun for example_xcom to 2021-02-21 00:00:00+00:00
[2021-02-23 23:46:41,772] {scheduler_job.py:190} INFO - Processing /home/airflow/.local/lib/python3.6/site-packages/airflow/example_dags/example_xcom.py took 0.084 seconds
[2021-02-23 23:47:12,603] {scheduler_job.py:182} INFO - Started process (PID=1148) to work on /home/airflow/.local/lib/python3.6/site-packages/airflow/example_dags/example_xcom.py
[2021-02-23 23:47:12,604] {scheduler_job.py:629} INFO - Processing file /home/airflow/.local/lib/python3.6/site-packages/airflow/example_dags/example_xcom.py for tasks to queue
[2021-02-23 23:47:12,604] {logging_mixin.py:104} INFO - [2021-02-23 23:47:12,604] {dagbag.py:448} INFO - Filling up the DagBag from /home/airflow/.local/lib/python3.6/site-packages/airflow/example_dags/example_xcom.py
[2021-02-23 23:47:12,614] {scheduler_job.py:639} INFO - DAG(s) dict_keys(['example_xcom']) retrieved from /home/airflow/.local/lib/python3.6/site-packages/airflow/example_dags/example_xcom.py
[2021-02-23 23:47:12,630] {logging_mixin.py:104} INFO - [2021-02-23 23:47:12,630] {dag.py:1818} INFO - Sync 1 DAGs
[2021-02-23 23:47:12,643] {logging_mixin.py:104} INFO - [2021-02-23 23:47:12,643] {dag.py:2273} INFO - Setting next_dagrun for example_xcom to 2021-02-21 00:00:00+00:00
[2021-02-23 23:47:12,788] {scheduler_job.py:190} INFO - Processing /home/airflow/.local/lib/python3.6/site-packages/airflow/example_dags/example_xcom.py took 0.187 seconds
[2021-02-23 23:47:42,836] {scheduler_job.py:182} INFO - Started process (PID=1175) to work on /home/airflow/.local/lib/python3.6/site-packages/airflow/example_dags/example_xcom.py
[2021-02-23 23:47:42,838] {scheduler_job.py:629} INFO - Processing file /home/airflow/.local/lib/python3.6/site-packages/airflow/example_dags/example_xcom.py for tasks to queue
[2021-02-23 23:47:42,839] {logging_mixin.py:104} INFO - [2021-02-23 23:47:42,839] {dagbag.py:448} INFO - Filling up the DagBag from /home/airflow/.local/lib/python3.6/site-packages/airflow/example_dags/example_xcom.py
[2021-02-23 23:47:42,858] {scheduler_job.py:639} INFO - DAG(s) dict_keys(['example_xcom']) retrieved from /home/airflow/.local/lib/python3.6/site-packages/airflow/example_dags/example_xcom.py
[2021-02-23 23:47:42,875] {logging_mixin.py:104} INFO - [2021-02-23 23:47:42,875] {dag.py:1818} INFO - Sync 1 DAGs
[2021-02-23 23:47:42,885] {logging_mixin.py:104} INFO - [2021-02-23 23:47:42,885] {dag.py:2273} INFO - Setting next_dagrun for example_xcom to 2021-02-21 00:00:00+00:00
[2021-02-23 23:47:42,922] {scheduler_job.py:190} INFO - Processing /home/airflow/.local/lib/python3.6/site-packages/airflow/example_dags/example_xcom.py took 0.090 seconds
[2021-02-23 23:48:13,800] {scheduler_job.py:182} INFO - Started process (PID=1201) to work on /home/airflow/.local/lib/python3.6/site-packages/airflow/example_dags/example_xcom.py
[2021-02-23 23:48:13,802] {scheduler_job.py:629} INFO - Processing file /home/airflow/.local/lib/python3.6/site-packages/airflow/example_dags/example_xcom.py for tasks to queue
[2021-02-23 23:48:13,803] {logging_mixin.py:104} INFO - [2021-02-23 23:48:13,803] {dagbag.py:448} INFO - Filling up the DagBag from /home/airflow/.local/lib/python3.6/site-packages/airflow/example_dags/example_xcom.py
[2021-02-23 23:48:13,814] {scheduler_job.py:639} INFO - DAG(s) dict_keys(['example_xcom']) retrieved from /home/airflow/.local/lib/python3.6/site-packages/airflow/example_dags/example_xcom.py
[2021-02-23 23:48:13,832] {logging_mixin.py:104} INFO - [2021-02-23 23:48:13,832] {dag.py:1818} INFO - Sync 1 DAGs
[2021-02-23 23:48:13,843] {logging_mixin.py:104} INFO - [2021-02-23 23:48:13,843] {dag.py:2273} INFO - Setting next_dagrun for example_xcom to 2021-02-21 00:00:00+00:00
[2021-02-23 23:48:14,034] {scheduler_job.py:190} INFO - Processing /home/airflow/.local/lib/python3.6/site-packages/airflow/example_dags/example_xcom.py took 0.239 seconds
[2021-02-23 23:48:44,991] {scheduler_job.py:182} INFO - Started process (PID=1231) to work on /home/airflow/.local/lib/python3.6/site-packages/airflow/example_dags/example_xcom.py
[2021-02-23 23:48:44,992] {scheduler_job.py:629} INFO - Processing file /home/airflow/.local/lib/python3.6/site-packages/airflow/example_dags/example_xcom.py for tasks to queue
[2021-02-23 23:48:44,992] {logging_mixin.py:104} INFO - [2021-02-23 23:48:44,992] {dagbag.py:448} INFO - Filling up the DagBag from /home/airflow/.local/lib/python3.6/site-packages/airflow/example_dags/example_xcom.py
[2021-02-23 23:48:45,005] {scheduler_job.py:639} INFO - DAG(s) dict_keys(['example_xcom']) retrieved from /home/airflow/.local/lib/python3.6/site-packages/airflow/example_dags/example_xcom.py
[2021-02-23 23:48:45,021] {logging_mixin.py:104} INFO - [2021-02-23 23:48:45,021] {dag.py:1818} INFO - Sync 1 DAGs
[2021-02-23 23:48:45,033] {logging_mixin.py:104} INFO - [2021-02-23 23:48:45,033] {dag.py:2273} INFO - Setting next_dagrun for example_xcom to 2021-02-21 00:00:00+00:00
[2021-02-23 23:48:45,076] {scheduler_job.py:190} INFO - Processing /home/airflow/.local/lib/python3.6/site-packages/airflow/example_dags/example_xcom.py took 0.089 seconds
[2021-02-23 23:49:15,877] {scheduler_job.py:182} INFO - Started process (PID=1258) to work on /home/airflow/.local/lib/python3.6/site-packages/airflow/example_dags/example_xcom.py
[2021-02-23 23:49:15,878] {scheduler_job.py:629} INFO - Processing file /home/airflow/.local/lib/python3.6/site-packages/airflow/example_dags/example_xcom.py for tasks to queue
[2021-02-23 23:49:15,878] {logging_mixin.py:104} INFO - [2021-02-23 23:49:15,878] {dagbag.py:448} INFO - Filling up the DagBag from /home/airflow/.local/lib/python3.6/site-packages/airflow/example_dags/example_xcom.py
[2021-02-23 23:49:15,887] {scheduler_job.py:639} INFO - DAG(s) dict_keys(['example_xcom']) retrieved from /home/airflow/.local/lib/python3.6/site-packages/airflow/example_dags/example_xcom.py
[2021-02-23 23:49:15,901] {logging_mixin.py:104} INFO - [2021-02-23 23:49:15,901] {dag.py:1818} INFO - Sync 1 DAGs
[2021-02-23 23:49:15,911] {logging_mixin.py:104} INFO - [2021-02-23 23:49:15,911] {dag.py:2273} INFO - Setting next_dagrun for example_xcom to 2021-02-21 00:00:00+00:00
[2021-02-23 23:49:15,948] {scheduler_job.py:190} INFO - Processing /home/airflow/.local/lib/python3.6/site-packages/airflow/example_dags/example_xcom.py took 0.073 seconds
