[2021-02-23 23:15:27,990] {scheduler_job.py:182} INFO - Started process (PID=44) to work on /home/airflow/.local/lib/python3.6/site-packages/airflow/example_dags/example_branch_python_dop_operator_3.py
[2021-02-23 23:15:27,991] {scheduler_job.py:629} INFO - Processing file /home/airflow/.local/lib/python3.6/site-packages/airflow/example_dags/example_branch_python_dop_operator_3.py for tasks to queue
[2021-02-23 23:15:27,992] {logging_mixin.py:104} INFO - [2021-02-23 23:15:27,992] {dagbag.py:448} INFO - Filling up the DagBag from /home/airflow/.local/lib/python3.6/site-packages/airflow/example_dags/example_branch_python_dop_operator_3.py
[2021-02-23 23:15:28,013] {scheduler_job.py:639} INFO - DAG(s) dict_keys(['example_branch_dop_operator_v3']) retrieved from /home/airflow/.local/lib/python3.6/site-packages/airflow/example_dags/example_branch_python_dop_operator_3.py
[2021-02-23 23:15:28,055] {logging_mixin.py:104} INFO - [2021-02-23 23:15:28,055] {dag.py:1818} INFO - Sync 1 DAGs
[2021-02-23 23:15:28,066] {logging_mixin.py:104} INFO - [2021-02-23 23:15:28,066] {dag.py:1837} INFO - Creating ORM DAG for example_branch_dop_operator_v3
[2021-02-23 23:15:28,087] {logging_mixin.py:104} INFO - [2021-02-23 23:15:28,087] {dag.py:2273} INFO - Setting next_dagrun for example_branch_dop_operator_v3 to 2021-02-21 00:00:00+00:00
[2021-02-23 23:15:28,293] {scheduler_job.py:190} INFO - Processing /home/airflow/.local/lib/python3.6/site-packages/airflow/example_dags/example_branch_python_dop_operator_3.py took 0.307 seconds
[2021-02-23 23:15:58,688] {scheduler_job.py:182} INFO - Started process (PID=71) to work on /home/airflow/.local/lib/python3.6/site-packages/airflow/example_dags/example_branch_python_dop_operator_3.py
[2021-02-23 23:15:58,690] {scheduler_job.py:629} INFO - Processing file /home/airflow/.local/lib/python3.6/site-packages/airflow/example_dags/example_branch_python_dop_operator_3.py for tasks to queue
[2021-02-23 23:15:58,691] {logging_mixin.py:104} INFO - [2021-02-23 23:15:58,691] {dagbag.py:448} INFO - Filling up the DagBag from /home/airflow/.local/lib/python3.6/site-packages/airflow/example_dags/example_branch_python_dop_operator_3.py
[2021-02-23 23:15:58,711] {scheduler_job.py:639} INFO - DAG(s) dict_keys(['example_branch_dop_operator_v3']) retrieved from /home/airflow/.local/lib/python3.6/site-packages/airflow/example_dags/example_branch_python_dop_operator_3.py
[2021-02-23 23:15:58,729] {logging_mixin.py:104} INFO - [2021-02-23 23:15:58,729] {dag.py:1818} INFO - Sync 1 DAGs
[2021-02-23 23:15:58,755] {logging_mixin.py:104} INFO - [2021-02-23 23:15:58,755] {dag.py:2273} INFO - Setting next_dagrun for example_branch_dop_operator_v3 to 2021-02-21 00:00:00+00:00
[2021-02-23 23:15:58,913] {scheduler_job.py:190} INFO - Processing /home/airflow/.local/lib/python3.6/site-packages/airflow/example_dags/example_branch_python_dop_operator_3.py took 0.232 seconds
[2021-02-23 23:16:29,756] {scheduler_job.py:182} INFO - Started process (PID=99) to work on /home/airflow/.local/lib/python3.6/site-packages/airflow/example_dags/example_branch_python_dop_operator_3.py
[2021-02-23 23:16:29,756] {scheduler_job.py:629} INFO - Processing file /home/airflow/.local/lib/python3.6/site-packages/airflow/example_dags/example_branch_python_dop_operator_3.py for tasks to queue
[2021-02-23 23:16:29,757] {logging_mixin.py:104} INFO - [2021-02-23 23:16:29,757] {dagbag.py:448} INFO - Filling up the DagBag from /home/airflow/.local/lib/python3.6/site-packages/airflow/example_dags/example_branch_python_dop_operator_3.py
[2021-02-23 23:16:29,771] {scheduler_job.py:639} INFO - DAG(s) dict_keys(['example_branch_dop_operator_v3']) retrieved from /home/airflow/.local/lib/python3.6/site-packages/airflow/example_dags/example_branch_python_dop_operator_3.py
[2021-02-23 23:16:29,791] {logging_mixin.py:104} INFO - [2021-02-23 23:16:29,791] {dag.py:1818} INFO - Sync 1 DAGs
[2021-02-23 23:16:29,826] {logging_mixin.py:104} INFO - [2021-02-23 23:16:29,826] {dag.py:2273} INFO - Setting next_dagrun for example_branch_dop_operator_v3 to 2021-02-21 00:00:00+00:00
[2021-02-23 23:16:30,086] {scheduler_job.py:190} INFO - Processing /home/airflow/.local/lib/python3.6/site-packages/airflow/example_dags/example_branch_python_dop_operator_3.py took 0.333 seconds
[2021-02-23 23:17:00,883] {scheduler_job.py:182} INFO - Started process (PID=126) to work on /home/airflow/.local/lib/python3.6/site-packages/airflow/example_dags/example_branch_python_dop_operator_3.py
[2021-02-23 23:17:00,886] {scheduler_job.py:629} INFO - Processing file /home/airflow/.local/lib/python3.6/site-packages/airflow/example_dags/example_branch_python_dop_operator_3.py for tasks to queue
[2021-02-23 23:17:00,887] {logging_mixin.py:104} INFO - [2021-02-23 23:17:00,887] {dagbag.py:448} INFO - Filling up the DagBag from /home/airflow/.local/lib/python3.6/site-packages/airflow/example_dags/example_branch_python_dop_operator_3.py
[2021-02-23 23:17:00,907] {scheduler_job.py:639} INFO - DAG(s) dict_keys(['example_branch_dop_operator_v3']) retrieved from /home/airflow/.local/lib/python3.6/site-packages/airflow/example_dags/example_branch_python_dop_operator_3.py
[2021-02-23 23:17:00,923] {logging_mixin.py:104} INFO - [2021-02-23 23:17:00,923] {dag.py:1818} INFO - Sync 1 DAGs
[2021-02-23 23:17:00,950] {logging_mixin.py:104} INFO - [2021-02-23 23:17:00,950] {dag.py:2273} INFO - Setting next_dagrun for example_branch_dop_operator_v3 to 2021-02-21 00:00:00+00:00
[2021-02-23 23:17:01,071] {scheduler_job.py:190} INFO - Processing /home/airflow/.local/lib/python3.6/site-packages/airflow/example_dags/example_branch_python_dop_operator_3.py took 0.197 seconds
[2021-02-23 23:26:14,217] {scheduler_job.py:182} INFO - Started process (PID=33) to work on /home/airflow/.local/lib/python3.6/site-packages/airflow/example_dags/example_branch_python_dop_operator_3.py
[2021-02-23 23:26:14,218] {scheduler_job.py:629} INFO - Processing file /home/airflow/.local/lib/python3.6/site-packages/airflow/example_dags/example_branch_python_dop_operator_3.py for tasks to queue
[2021-02-23 23:26:14,218] {logging_mixin.py:104} INFO - [2021-02-23 23:26:14,218] {dagbag.py:448} INFO - Filling up the DagBag from /home/airflow/.local/lib/python3.6/site-packages/airflow/example_dags/example_branch_python_dop_operator_3.py
[2021-02-23 23:26:14,233] {scheduler_job.py:639} INFO - DAG(s) dict_keys(['example_branch_dop_operator_v3']) retrieved from /home/airflow/.local/lib/python3.6/site-packages/airflow/example_dags/example_branch_python_dop_operator_3.py
[2021-02-23 23:26:14,259] {logging_mixin.py:104} INFO - [2021-02-23 23:26:14,259] {dag.py:1818} INFO - Sync 1 DAGs
[2021-02-23 23:26:14,303] {logging_mixin.py:104} INFO - [2021-02-23 23:26:14,303] {dag.py:2273} INFO - Setting next_dagrun for example_branch_dop_operator_v3 to 2021-02-21 00:00:00+00:00
[2021-02-23 23:26:14,358] {scheduler_job.py:190} INFO - Processing /home/airflow/.local/lib/python3.6/site-packages/airflow/example_dags/example_branch_python_dop_operator_3.py took 0.146 seconds
[2021-02-23 23:26:46,178] {scheduler_job.py:182} INFO - Started process (PID=66) to work on /home/airflow/.local/lib/python3.6/site-packages/airflow/example_dags/example_branch_python_dop_operator_3.py
[2021-02-23 23:26:46,180] {scheduler_job.py:629} INFO - Processing file /home/airflow/.local/lib/python3.6/site-packages/airflow/example_dags/example_branch_python_dop_operator_3.py for tasks to queue
[2021-02-23 23:26:46,181] {logging_mixin.py:104} INFO - [2021-02-23 23:26:46,181] {dagbag.py:448} INFO - Filling up the DagBag from /home/airflow/.local/lib/python3.6/site-packages/airflow/example_dags/example_branch_python_dop_operator_3.py
[2021-02-23 23:26:46,197] {scheduler_job.py:639} INFO - DAG(s) dict_keys(['example_branch_dop_operator_v3']) retrieved from /home/airflow/.local/lib/python3.6/site-packages/airflow/example_dags/example_branch_python_dop_operator_3.py
[2021-02-23 23:26:46,213] {logging_mixin.py:104} INFO - [2021-02-23 23:26:46,213] {dag.py:1818} INFO - Sync 1 DAGs
[2021-02-23 23:26:46,235] {logging_mixin.py:104} INFO - [2021-02-23 23:26:46,235] {dag.py:2273} INFO - Setting next_dagrun for example_branch_dop_operator_v3 to 2021-02-21 00:00:00+00:00
[2021-02-23 23:26:46,436] {scheduler_job.py:190} INFO - Processing /home/airflow/.local/lib/python3.6/site-packages/airflow/example_dags/example_branch_python_dop_operator_3.py took 0.263 seconds
[2021-02-23 23:27:16,819] {scheduler_job.py:182} INFO - Started process (PID=91) to work on /home/airflow/.local/lib/python3.6/site-packages/airflow/example_dags/example_branch_python_dop_operator_3.py
[2021-02-23 23:27:16,820] {scheduler_job.py:629} INFO - Processing file /home/airflow/.local/lib/python3.6/site-packages/airflow/example_dags/example_branch_python_dop_operator_3.py for tasks to queue
[2021-02-23 23:27:16,821] {logging_mixin.py:104} INFO - [2021-02-23 23:27:16,821] {dagbag.py:448} INFO - Filling up the DagBag from /home/airflow/.local/lib/python3.6/site-packages/airflow/example_dags/example_branch_python_dop_operator_3.py
[2021-02-23 23:27:16,839] {scheduler_job.py:639} INFO - DAG(s) dict_keys(['example_branch_dop_operator_v3']) retrieved from /home/airflow/.local/lib/python3.6/site-packages/airflow/example_dags/example_branch_python_dop_operator_3.py
[2021-02-23 23:27:16,859] {logging_mixin.py:104} INFO - [2021-02-23 23:27:16,859] {dag.py:1818} INFO - Sync 1 DAGs
[2021-02-23 23:27:16,891] {logging_mixin.py:104} INFO - [2021-02-23 23:27:16,890] {dag.py:2273} INFO - Setting next_dagrun for example_branch_dop_operator_v3 to 2021-02-21 00:00:00+00:00
[2021-02-23 23:27:16,942] {scheduler_job.py:190} INFO - Processing /home/airflow/.local/lib/python3.6/site-packages/airflow/example_dags/example_branch_python_dop_operator_3.py took 0.125 seconds
[2021-02-23 23:27:47,266] {scheduler_job.py:182} INFO - Started process (PID=118) to work on /home/airflow/.local/lib/python3.6/site-packages/airflow/example_dags/example_branch_python_dop_operator_3.py
[2021-02-23 23:27:47,267] {scheduler_job.py:629} INFO - Processing file /home/airflow/.local/lib/python3.6/site-packages/airflow/example_dags/example_branch_python_dop_operator_3.py for tasks to queue
[2021-02-23 23:27:47,268] {logging_mixin.py:104} INFO - [2021-02-23 23:27:47,268] {dagbag.py:448} INFO - Filling up the DagBag from /home/airflow/.local/lib/python3.6/site-packages/airflow/example_dags/example_branch_python_dop_operator_3.py
[2021-02-23 23:27:47,289] {scheduler_job.py:639} INFO - DAG(s) dict_keys(['example_branch_dop_operator_v3']) retrieved from /home/airflow/.local/lib/python3.6/site-packages/airflow/example_dags/example_branch_python_dop_operator_3.py
[2021-02-23 23:27:47,309] {logging_mixin.py:104} INFO - [2021-02-23 23:27:47,309] {dag.py:1818} INFO - Sync 1 DAGs
[2021-02-23 23:27:47,338] {logging_mixin.py:104} INFO - [2021-02-23 23:27:47,338] {dag.py:2273} INFO - Setting next_dagrun for example_branch_dop_operator_v3 to 2021-02-21 00:00:00+00:00
[2021-02-23 23:27:47,407] {scheduler_job.py:190} INFO - Processing /home/airflow/.local/lib/python3.6/site-packages/airflow/example_dags/example_branch_python_dop_operator_3.py took 0.144 seconds
[2021-02-23 23:28:17,719] {scheduler_job.py:182} INFO - Started process (PID=145) to work on /home/airflow/.local/lib/python3.6/site-packages/airflow/example_dags/example_branch_python_dop_operator_3.py
[2021-02-23 23:28:17,720] {scheduler_job.py:629} INFO - Processing file /home/airflow/.local/lib/python3.6/site-packages/airflow/example_dags/example_branch_python_dop_operator_3.py for tasks to queue
[2021-02-23 23:28:17,720] {logging_mixin.py:104} INFO - [2021-02-23 23:28:17,720] {dagbag.py:448} INFO - Filling up the DagBag from /home/airflow/.local/lib/python3.6/site-packages/airflow/example_dags/example_branch_python_dop_operator_3.py
[2021-02-23 23:28:17,733] {scheduler_job.py:639} INFO - DAG(s) dict_keys(['example_branch_dop_operator_v3']) retrieved from /home/airflow/.local/lib/python3.6/site-packages/airflow/example_dags/example_branch_python_dop_operator_3.py
[2021-02-23 23:28:17,751] {logging_mixin.py:104} INFO - [2021-02-23 23:28:17,751] {dag.py:1818} INFO - Sync 1 DAGs
[2021-02-23 23:28:17,781] {logging_mixin.py:104} INFO - [2021-02-23 23:28:17,780] {dag.py:2273} INFO - Setting next_dagrun for example_branch_dop_operator_v3 to 2021-02-21 00:00:00+00:00
[2021-02-23 23:28:17,843] {scheduler_job.py:190} INFO - Processing /home/airflow/.local/lib/python3.6/site-packages/airflow/example_dags/example_branch_python_dop_operator_3.py took 0.126 seconds
[2021-02-23 23:28:48,785] {scheduler_job.py:182} INFO - Started process (PID=174) to work on /home/airflow/.local/lib/python3.6/site-packages/airflow/example_dags/example_branch_python_dop_operator_3.py
[2021-02-23 23:28:48,787] {scheduler_job.py:629} INFO - Processing file /home/airflow/.local/lib/python3.6/site-packages/airflow/example_dags/example_branch_python_dop_operator_3.py for tasks to queue
[2021-02-23 23:28:48,787] {logging_mixin.py:104} INFO - [2021-02-23 23:28:48,787] {dagbag.py:448} INFO - Filling up the DagBag from /home/airflow/.local/lib/python3.6/site-packages/airflow/example_dags/example_branch_python_dop_operator_3.py
[2021-02-23 23:28:48,799] {scheduler_job.py:639} INFO - DAG(s) dict_keys(['example_branch_dop_operator_v3']) retrieved from /home/airflow/.local/lib/python3.6/site-packages/airflow/example_dags/example_branch_python_dop_operator_3.py
[2021-02-23 23:28:48,816] {logging_mixin.py:104} INFO - [2021-02-23 23:28:48,816] {dag.py:1818} INFO - Sync 1 DAGs
[2021-02-23 23:28:48,843] {logging_mixin.py:104} INFO - [2021-02-23 23:28:48,843] {dag.py:2273} INFO - Setting next_dagrun for example_branch_dop_operator_v3 to 2021-02-21 00:00:00+00:00
[2021-02-23 23:28:48,885] {scheduler_job.py:190} INFO - Processing /home/airflow/.local/lib/python3.6/site-packages/airflow/example_dags/example_branch_python_dop_operator_3.py took 0.101 seconds
[2021-02-23 23:29:19,633] {scheduler_job.py:182} INFO - Started process (PID=201) to work on /home/airflow/.local/lib/python3.6/site-packages/airflow/example_dags/example_branch_python_dop_operator_3.py
[2021-02-23 23:29:19,635] {scheduler_job.py:629} INFO - Processing file /home/airflow/.local/lib/python3.6/site-packages/airflow/example_dags/example_branch_python_dop_operator_3.py for tasks to queue
[2021-02-23 23:29:19,637] {logging_mixin.py:104} INFO - [2021-02-23 23:29:19,636] {dagbag.py:448} INFO - Filling up the DagBag from /home/airflow/.local/lib/python3.6/site-packages/airflow/example_dags/example_branch_python_dop_operator_3.py
[2021-02-23 23:29:19,661] {scheduler_job.py:639} INFO - DAG(s) dict_keys(['example_branch_dop_operator_v3']) retrieved from /home/airflow/.local/lib/python3.6/site-packages/airflow/example_dags/example_branch_python_dop_operator_3.py
[2021-02-23 23:29:19,679] {logging_mixin.py:104} INFO - [2021-02-23 23:29:19,679] {dag.py:1818} INFO - Sync 1 DAGs
[2021-02-23 23:29:19,705] {logging_mixin.py:104} INFO - [2021-02-23 23:29:19,705] {dag.py:2273} INFO - Setting next_dagrun for example_branch_dop_operator_v3 to 2021-02-21 00:00:00+00:00
[2021-02-23 23:29:19,859] {scheduler_job.py:190} INFO - Processing /home/airflow/.local/lib/python3.6/site-packages/airflow/example_dags/example_branch_python_dop_operator_3.py took 0.233 seconds
[2021-02-23 23:29:50,025] {scheduler_job.py:182} INFO - Started process (PID=226) to work on /home/airflow/.local/lib/python3.6/site-packages/airflow/example_dags/example_branch_python_dop_operator_3.py
[2021-02-23 23:29:50,027] {scheduler_job.py:629} INFO - Processing file /home/airflow/.local/lib/python3.6/site-packages/airflow/example_dags/example_branch_python_dop_operator_3.py for tasks to queue
[2021-02-23 23:29:50,029] {logging_mixin.py:104} INFO - [2021-02-23 23:29:50,029] {dagbag.py:448} INFO - Filling up the DagBag from /home/airflow/.local/lib/python3.6/site-packages/airflow/example_dags/example_branch_python_dop_operator_3.py
[2021-02-23 23:29:50,056] {scheduler_job.py:639} INFO - DAG(s) dict_keys(['example_branch_dop_operator_v3']) retrieved from /home/airflow/.local/lib/python3.6/site-packages/airflow/example_dags/example_branch_python_dop_operator_3.py
[2021-02-23 23:29:50,073] {logging_mixin.py:104} INFO - [2021-02-23 23:29:50,073] {dag.py:1818} INFO - Sync 1 DAGs
[2021-02-23 23:29:50,097] {logging_mixin.py:104} INFO - [2021-02-23 23:29:50,097] {dag.py:2273} INFO - Setting next_dagrun for example_branch_dop_operator_v3 to 2021-02-21 00:00:00+00:00
[2021-02-23 23:29:50,157] {scheduler_job.py:190} INFO - Processing /home/airflow/.local/lib/python3.6/site-packages/airflow/example_dags/example_branch_python_dop_operator_3.py took 0.140 seconds
[2021-02-23 23:30:21,360] {scheduler_job.py:182} INFO - Started process (PID=263) to work on /home/airflow/.local/lib/python3.6/site-packages/airflow/example_dags/example_branch_python_dop_operator_3.py
[2021-02-23 23:30:21,361] {scheduler_job.py:629} INFO - Processing file /home/airflow/.local/lib/python3.6/site-packages/airflow/example_dags/example_branch_python_dop_operator_3.py for tasks to queue
[2021-02-23 23:30:21,361] {logging_mixin.py:104} INFO - [2021-02-23 23:30:21,361] {dagbag.py:448} INFO - Filling up the DagBag from /home/airflow/.local/lib/python3.6/site-packages/airflow/example_dags/example_branch_python_dop_operator_3.py
[2021-02-23 23:30:21,371] {scheduler_job.py:639} INFO - DAG(s) dict_keys(['example_branch_dop_operator_v3']) retrieved from /home/airflow/.local/lib/python3.6/site-packages/airflow/example_dags/example_branch_python_dop_operator_3.py
[2021-02-23 23:30:21,384] {logging_mixin.py:104} INFO - [2021-02-23 23:30:21,384] {dag.py:1818} INFO - Sync 1 DAGs
[2021-02-23 23:30:21,406] {logging_mixin.py:104} INFO - [2021-02-23 23:30:21,406] {dag.py:2273} INFO - Setting next_dagrun for example_branch_dop_operator_v3 to 2021-02-21 00:00:00+00:00
[2021-02-23 23:30:21,442] {scheduler_job.py:190} INFO - Processing /home/airflow/.local/lib/python3.6/site-packages/airflow/example_dags/example_branch_python_dop_operator_3.py took 0.084 seconds
[2021-02-23 23:30:52,607] {scheduler_job.py:182} INFO - Started process (PID=290) to work on /home/airflow/.local/lib/python3.6/site-packages/airflow/example_dags/example_branch_python_dop_operator_3.py
[2021-02-23 23:30:52,609] {scheduler_job.py:629} INFO - Processing file /home/airflow/.local/lib/python3.6/site-packages/airflow/example_dags/example_branch_python_dop_operator_3.py for tasks to queue
[2021-02-23 23:30:52,610] {logging_mixin.py:104} INFO - [2021-02-23 23:30:52,609] {dagbag.py:448} INFO - Filling up the DagBag from /home/airflow/.local/lib/python3.6/site-packages/airflow/example_dags/example_branch_python_dop_operator_3.py
[2021-02-23 23:30:52,628] {scheduler_job.py:639} INFO - DAG(s) dict_keys(['example_branch_dop_operator_v3']) retrieved from /home/airflow/.local/lib/python3.6/site-packages/airflow/example_dags/example_branch_python_dop_operator_3.py
[2021-02-23 23:30:52,649] {logging_mixin.py:104} INFO - [2021-02-23 23:30:52,649] {dag.py:1818} INFO - Sync 1 DAGs
[2021-02-23 23:30:52,678] {logging_mixin.py:104} INFO - [2021-02-23 23:30:52,678] {dag.py:2273} INFO - Setting next_dagrun for example_branch_dop_operator_v3 to 2021-02-21 00:00:00+00:00
[2021-02-23 23:30:52,807] {scheduler_job.py:190} INFO - Processing /home/airflow/.local/lib/python3.6/site-packages/airflow/example_dags/example_branch_python_dop_operator_3.py took 0.202 seconds
[2021-02-23 23:31:23,033] {scheduler_job.py:182} INFO - Started process (PID=315) to work on /home/airflow/.local/lib/python3.6/site-packages/airflow/example_dags/example_branch_python_dop_operator_3.py
[2021-02-23 23:31:23,034] {scheduler_job.py:629} INFO - Processing file /home/airflow/.local/lib/python3.6/site-packages/airflow/example_dags/example_branch_python_dop_operator_3.py for tasks to queue
[2021-02-23 23:31:23,035] {logging_mixin.py:104} INFO - [2021-02-23 23:31:23,034] {dagbag.py:448} INFO - Filling up the DagBag from /home/airflow/.local/lib/python3.6/site-packages/airflow/example_dags/example_branch_python_dop_operator_3.py
[2021-02-23 23:31:23,050] {scheduler_job.py:639} INFO - DAG(s) dict_keys(['example_branch_dop_operator_v3']) retrieved from /home/airflow/.local/lib/python3.6/site-packages/airflow/example_dags/example_branch_python_dop_operator_3.py
[2021-02-23 23:31:23,069] {logging_mixin.py:104} INFO - [2021-02-23 23:31:23,069] {dag.py:1818} INFO - Sync 1 DAGs
[2021-02-23 23:31:23,108] {logging_mixin.py:104} INFO - [2021-02-23 23:31:23,108] {dag.py:2273} INFO - Setting next_dagrun for example_branch_dop_operator_v3 to 2021-02-21 00:00:00+00:00
[2021-02-23 23:31:23,143] {scheduler_job.py:190} INFO - Processing /home/airflow/.local/lib/python3.6/site-packages/airflow/example_dags/example_branch_python_dop_operator_3.py took 0.113 seconds
[2021-02-23 23:31:53,717] {scheduler_job.py:182} INFO - Started process (PID=344) to work on /home/airflow/.local/lib/python3.6/site-packages/airflow/example_dags/example_branch_python_dop_operator_3.py
[2021-02-23 23:31:53,718] {scheduler_job.py:629} INFO - Processing file /home/airflow/.local/lib/python3.6/site-packages/airflow/example_dags/example_branch_python_dop_operator_3.py for tasks to queue
[2021-02-23 23:31:53,719] {logging_mixin.py:104} INFO - [2021-02-23 23:31:53,719] {dagbag.py:448} INFO - Filling up the DagBag from /home/airflow/.local/lib/python3.6/site-packages/airflow/example_dags/example_branch_python_dop_operator_3.py
[2021-02-23 23:31:53,730] {scheduler_job.py:639} INFO - DAG(s) dict_keys(['example_branch_dop_operator_v3']) retrieved from /home/airflow/.local/lib/python3.6/site-packages/airflow/example_dags/example_branch_python_dop_operator_3.py
[2021-02-23 23:31:53,743] {logging_mixin.py:104} INFO - [2021-02-23 23:31:53,743] {dag.py:1818} INFO - Sync 1 DAGs
[2021-02-23 23:31:53,767] {logging_mixin.py:104} INFO - [2021-02-23 23:31:53,767] {dag.py:2273} INFO - Setting next_dagrun for example_branch_dop_operator_v3 to 2021-02-21 00:00:00+00:00
[2021-02-23 23:31:53,799] {scheduler_job.py:190} INFO - Processing /home/airflow/.local/lib/python3.6/site-packages/airflow/example_dags/example_branch_python_dop_operator_3.py took 0.084 seconds
[2021-02-23 23:32:24,670] {scheduler_job.py:182} INFO - Started process (PID=371) to work on /home/airflow/.local/lib/python3.6/site-packages/airflow/example_dags/example_branch_python_dop_operator_3.py
[2021-02-23 23:32:24,670] {scheduler_job.py:629} INFO - Processing file /home/airflow/.local/lib/python3.6/site-packages/airflow/example_dags/example_branch_python_dop_operator_3.py for tasks to queue
[2021-02-23 23:32:24,671] {logging_mixin.py:104} INFO - [2021-02-23 23:32:24,671] {dagbag.py:448} INFO - Filling up the DagBag from /home/airflow/.local/lib/python3.6/site-packages/airflow/example_dags/example_branch_python_dop_operator_3.py
[2021-02-23 23:32:24,683] {scheduler_job.py:639} INFO - DAG(s) dict_keys(['example_branch_dop_operator_v3']) retrieved from /home/airflow/.local/lib/python3.6/site-packages/airflow/example_dags/example_branch_python_dop_operator_3.py
[2021-02-23 23:32:24,700] {logging_mixin.py:104} INFO - [2021-02-23 23:32:24,700] {dag.py:1818} INFO - Sync 1 DAGs
[2021-02-23 23:32:24,728] {logging_mixin.py:104} INFO - [2021-02-23 23:32:24,728] {dag.py:2273} INFO - Setting next_dagrun for example_branch_dop_operator_v3 to 2021-02-21 00:00:00+00:00
[2021-02-23 23:32:24,763] {scheduler_job.py:190} INFO - Processing /home/airflow/.local/lib/python3.6/site-packages/airflow/example_dags/example_branch_python_dop_operator_3.py took 0.095 seconds
[2021-02-23 23:32:55,709] {scheduler_job.py:182} INFO - Started process (PID=398) to work on /home/airflow/.local/lib/python3.6/site-packages/airflow/example_dags/example_branch_python_dop_operator_3.py
[2021-02-23 23:32:55,710] {scheduler_job.py:629} INFO - Processing file /home/airflow/.local/lib/python3.6/site-packages/airflow/example_dags/example_branch_python_dop_operator_3.py for tasks to queue
[2021-02-23 23:32:55,711] {logging_mixin.py:104} INFO - [2021-02-23 23:32:55,710] {dagbag.py:448} INFO - Filling up the DagBag from /home/airflow/.local/lib/python3.6/site-packages/airflow/example_dags/example_branch_python_dop_operator_3.py
[2021-02-23 23:32:55,723] {scheduler_job.py:639} INFO - DAG(s) dict_keys(['example_branch_dop_operator_v3']) retrieved from /home/airflow/.local/lib/python3.6/site-packages/airflow/example_dags/example_branch_python_dop_operator_3.py
[2021-02-23 23:32:55,737] {logging_mixin.py:104} INFO - [2021-02-23 23:32:55,737] {dag.py:1818} INFO - Sync 1 DAGs
[2021-02-23 23:32:55,759] {logging_mixin.py:104} INFO - [2021-02-23 23:32:55,759] {dag.py:2273} INFO - Setting next_dagrun for example_branch_dop_operator_v3 to 2021-02-21 00:00:00+00:00
[2021-02-23 23:32:55,788] {scheduler_job.py:190} INFO - Processing /home/airflow/.local/lib/python3.6/site-packages/airflow/example_dags/example_branch_python_dop_operator_3.py took 0.082 seconds
[2021-02-23 23:33:26,482] {scheduler_job.py:182} INFO - Started process (PID=425) to work on /home/airflow/.local/lib/python3.6/site-packages/airflow/example_dags/example_branch_python_dop_operator_3.py
[2021-02-23 23:33:26,484] {scheduler_job.py:629} INFO - Processing file /home/airflow/.local/lib/python3.6/site-packages/airflow/example_dags/example_branch_python_dop_operator_3.py for tasks to queue
[2021-02-23 23:33:26,485] {logging_mixin.py:104} INFO - [2021-02-23 23:33:26,485] {dagbag.py:448} INFO - Filling up the DagBag from /home/airflow/.local/lib/python3.6/site-packages/airflow/example_dags/example_branch_python_dop_operator_3.py
[2021-02-23 23:33:26,500] {scheduler_job.py:639} INFO - DAG(s) dict_keys(['example_branch_dop_operator_v3']) retrieved from /home/airflow/.local/lib/python3.6/site-packages/airflow/example_dags/example_branch_python_dop_operator_3.py
[2021-02-23 23:33:26,516] {logging_mixin.py:104} INFO - [2021-02-23 23:33:26,515] {dag.py:1818} INFO - Sync 1 DAGs
[2021-02-23 23:33:26,538] {logging_mixin.py:104} INFO - [2021-02-23 23:33:26,538] {dag.py:2273} INFO - Setting next_dagrun for example_branch_dop_operator_v3 to 2021-02-21 00:00:00+00:00
[2021-02-23 23:33:26,577] {scheduler_job.py:190} INFO - Processing /home/airflow/.local/lib/python3.6/site-packages/airflow/example_dags/example_branch_python_dop_operator_3.py took 0.097 seconds
[2021-02-23 23:33:57,073] {scheduler_job.py:182} INFO - Started process (PID=451) to work on /home/airflow/.local/lib/python3.6/site-packages/airflow/example_dags/example_branch_python_dop_operator_3.py
[2021-02-23 23:33:57,074] {scheduler_job.py:629} INFO - Processing file /home/airflow/.local/lib/python3.6/site-packages/airflow/example_dags/example_branch_python_dop_operator_3.py for tasks to queue
[2021-02-23 23:33:57,074] {logging_mixin.py:104} INFO - [2021-02-23 23:33:57,074] {dagbag.py:448} INFO - Filling up the DagBag from /home/airflow/.local/lib/python3.6/site-packages/airflow/example_dags/example_branch_python_dop_operator_3.py
[2021-02-23 23:33:57,086] {scheduler_job.py:639} INFO - DAG(s) dict_keys(['example_branch_dop_operator_v3']) retrieved from /home/airflow/.local/lib/python3.6/site-packages/airflow/example_dags/example_branch_python_dop_operator_3.py
[2021-02-23 23:33:57,102] {logging_mixin.py:104} INFO - [2021-02-23 23:33:57,102] {dag.py:1818} INFO - Sync 1 DAGs
[2021-02-23 23:33:57,125] {logging_mixin.py:104} INFO - [2021-02-23 23:33:57,125] {dag.py:2273} INFO - Setting next_dagrun for example_branch_dop_operator_v3 to 2021-02-21 00:00:00+00:00
[2021-02-23 23:33:57,165] {scheduler_job.py:190} INFO - Processing /home/airflow/.local/lib/python3.6/site-packages/airflow/example_dags/example_branch_python_dop_operator_3.py took 0.094 seconds
[2021-02-23 23:34:28,141] {scheduler_job.py:182} INFO - Started process (PID=479) to work on /home/airflow/.local/lib/python3.6/site-packages/airflow/example_dags/example_branch_python_dop_operator_3.py
[2021-02-23 23:34:28,142] {scheduler_job.py:629} INFO - Processing file /home/airflow/.local/lib/python3.6/site-packages/airflow/example_dags/example_branch_python_dop_operator_3.py for tasks to queue
[2021-02-23 23:34:28,142] {logging_mixin.py:104} INFO - [2021-02-23 23:34:28,142] {dagbag.py:448} INFO - Filling up the DagBag from /home/airflow/.local/lib/python3.6/site-packages/airflow/example_dags/example_branch_python_dop_operator_3.py
[2021-02-23 23:34:28,154] {scheduler_job.py:639} INFO - DAG(s) dict_keys(['example_branch_dop_operator_v3']) retrieved from /home/airflow/.local/lib/python3.6/site-packages/airflow/example_dags/example_branch_python_dop_operator_3.py
[2021-02-23 23:34:28,169] {logging_mixin.py:104} INFO - [2021-02-23 23:34:28,169] {dag.py:1818} INFO - Sync 1 DAGs
[2021-02-23 23:34:28,192] {logging_mixin.py:104} INFO - [2021-02-23 23:34:28,192] {dag.py:2273} INFO - Setting next_dagrun for example_branch_dop_operator_v3 to 2021-02-21 00:00:00+00:00
[2021-02-23 23:34:28,230] {scheduler_job.py:190} INFO - Processing /home/airflow/.local/lib/python3.6/site-packages/airflow/example_dags/example_branch_python_dop_operator_3.py took 0.091 seconds
[2021-02-23 23:34:58,897] {scheduler_job.py:182} INFO - Started process (PID=506) to work on /home/airflow/.local/lib/python3.6/site-packages/airflow/example_dags/example_branch_python_dop_operator_3.py
[2021-02-23 23:34:58,900] {scheduler_job.py:629} INFO - Processing file /home/airflow/.local/lib/python3.6/site-packages/airflow/example_dags/example_branch_python_dop_operator_3.py for tasks to queue
[2021-02-23 23:34:58,901] {logging_mixin.py:104} INFO - [2021-02-23 23:34:58,901] {dagbag.py:448} INFO - Filling up the DagBag from /home/airflow/.local/lib/python3.6/site-packages/airflow/example_dags/example_branch_python_dop_operator_3.py
[2021-02-23 23:34:58,919] {scheduler_job.py:639} INFO - DAG(s) dict_keys(['example_branch_dop_operator_v3']) retrieved from /home/airflow/.local/lib/python3.6/site-packages/airflow/example_dags/example_branch_python_dop_operator_3.py
[2021-02-23 23:34:58,936] {logging_mixin.py:104} INFO - [2021-02-23 23:34:58,936] {dag.py:1818} INFO - Sync 1 DAGs
[2021-02-23 23:34:58,963] {logging_mixin.py:104} INFO - [2021-02-23 23:34:58,963] {dag.py:2273} INFO - Setting next_dagrun for example_branch_dop_operator_v3 to 2021-02-21 00:00:00+00:00
[2021-02-23 23:34:59,154] {scheduler_job.py:190} INFO - Processing /home/airflow/.local/lib/python3.6/site-packages/airflow/example_dags/example_branch_python_dop_operator_3.py took 0.265 seconds
[2021-02-23 23:35:29,342] {scheduler_job.py:182} INFO - Started process (PID=531) to work on /home/airflow/.local/lib/python3.6/site-packages/airflow/example_dags/example_branch_python_dop_operator_3.py
[2021-02-23 23:35:29,343] {scheduler_job.py:629} INFO - Processing file /home/airflow/.local/lib/python3.6/site-packages/airflow/example_dags/example_branch_python_dop_operator_3.py for tasks to queue
[2021-02-23 23:35:29,344] {logging_mixin.py:104} INFO - [2021-02-23 23:35:29,344] {dagbag.py:448} INFO - Filling up the DagBag from /home/airflow/.local/lib/python3.6/site-packages/airflow/example_dags/example_branch_python_dop_operator_3.py
[2021-02-23 23:35:29,355] {scheduler_job.py:639} INFO - DAG(s) dict_keys(['example_branch_dop_operator_v3']) retrieved from /home/airflow/.local/lib/python3.6/site-packages/airflow/example_dags/example_branch_python_dop_operator_3.py
[2021-02-23 23:35:29,369] {logging_mixin.py:104} INFO - [2021-02-23 23:35:29,369] {dag.py:1818} INFO - Sync 1 DAGs
[2021-02-23 23:35:29,392] {logging_mixin.py:104} INFO - [2021-02-23 23:35:29,392] {dag.py:2273} INFO - Setting next_dagrun for example_branch_dop_operator_v3 to 2021-02-21 00:00:00+00:00
[2021-02-23 23:35:29,423] {scheduler_job.py:190} INFO - Processing /home/airflow/.local/lib/python3.6/site-packages/airflow/example_dags/example_branch_python_dop_operator_3.py took 0.083 seconds
[2021-02-23 23:36:00,481] {scheduler_job.py:182} INFO - Started process (PID=560) to work on /home/airflow/.local/lib/python3.6/site-packages/airflow/example_dags/example_branch_python_dop_operator_3.py
[2021-02-23 23:36:00,482] {scheduler_job.py:629} INFO - Processing file /home/airflow/.local/lib/python3.6/site-packages/airflow/example_dags/example_branch_python_dop_operator_3.py for tasks to queue
[2021-02-23 23:36:00,483] {logging_mixin.py:104} INFO - [2021-02-23 23:36:00,482] {dagbag.py:448} INFO - Filling up the DagBag from /home/airflow/.local/lib/python3.6/site-packages/airflow/example_dags/example_branch_python_dop_operator_3.py
[2021-02-23 23:36:00,502] {scheduler_job.py:639} INFO - DAG(s) dict_keys(['example_branch_dop_operator_v3']) retrieved from /home/airflow/.local/lib/python3.6/site-packages/airflow/example_dags/example_branch_python_dop_operator_3.py
[2021-02-23 23:36:00,526] {logging_mixin.py:104} INFO - [2021-02-23 23:36:00,525] {dag.py:1818} INFO - Sync 1 DAGs
[2021-02-23 23:36:00,555] {logging_mixin.py:104} INFO - [2021-02-23 23:36:00,554] {dag.py:2273} INFO - Setting next_dagrun for example_branch_dop_operator_v3 to 2021-02-21 00:00:00+00:00
[2021-02-23 23:36:00,592] {scheduler_job.py:190} INFO - Processing /home/airflow/.local/lib/python3.6/site-packages/airflow/example_dags/example_branch_python_dop_operator_3.py took 0.113 seconds
[2021-02-23 23:36:31,178] {scheduler_job.py:182} INFO - Started process (PID=587) to work on /home/airflow/.local/lib/python3.6/site-packages/airflow/example_dags/example_branch_python_dop_operator_3.py
[2021-02-23 23:36:31,179] {scheduler_job.py:629} INFO - Processing file /home/airflow/.local/lib/python3.6/site-packages/airflow/example_dags/example_branch_python_dop_operator_3.py for tasks to queue
[2021-02-23 23:36:31,179] {logging_mixin.py:104} INFO - [2021-02-23 23:36:31,179] {dagbag.py:448} INFO - Filling up the DagBag from /home/airflow/.local/lib/python3.6/site-packages/airflow/example_dags/example_branch_python_dop_operator_3.py
[2021-02-23 23:36:31,193] {scheduler_job.py:639} INFO - DAG(s) dict_keys(['example_branch_dop_operator_v3']) retrieved from /home/airflow/.local/lib/python3.6/site-packages/airflow/example_dags/example_branch_python_dop_operator_3.py
[2021-02-23 23:36:31,209] {logging_mixin.py:104} INFO - [2021-02-23 23:36:31,209] {dag.py:1818} INFO - Sync 1 DAGs
[2021-02-23 23:36:31,231] {logging_mixin.py:104} INFO - [2021-02-23 23:36:31,231] {dag.py:2273} INFO - Setting next_dagrun for example_branch_dop_operator_v3 to 2021-02-21 00:00:00+00:00
[2021-02-23 23:36:31,268] {scheduler_job.py:190} INFO - Processing /home/airflow/.local/lib/python3.6/site-packages/airflow/example_dags/example_branch_python_dop_operator_3.py took 0.093 seconds
[2021-02-23 23:37:02,134] {scheduler_job.py:182} INFO - Started process (PID=614) to work on /home/airflow/.local/lib/python3.6/site-packages/airflow/example_dags/example_branch_python_dop_operator_3.py
[2021-02-23 23:37:02,135] {scheduler_job.py:629} INFO - Processing file /home/airflow/.local/lib/python3.6/site-packages/airflow/example_dags/example_branch_python_dop_operator_3.py for tasks to queue
[2021-02-23 23:37:02,136] {logging_mixin.py:104} INFO - [2021-02-23 23:37:02,136] {dagbag.py:448} INFO - Filling up the DagBag from /home/airflow/.local/lib/python3.6/site-packages/airflow/example_dags/example_branch_python_dop_operator_3.py
[2021-02-23 23:37:02,152] {scheduler_job.py:639} INFO - DAG(s) dict_keys(['example_branch_dop_operator_v3']) retrieved from /home/airflow/.local/lib/python3.6/site-packages/airflow/example_dags/example_branch_python_dop_operator_3.py
[2021-02-23 23:37:02,174] {logging_mixin.py:104} INFO - [2021-02-23 23:37:02,174] {dag.py:1818} INFO - Sync 1 DAGs
[2021-02-23 23:37:02,203] {logging_mixin.py:104} INFO - [2021-02-23 23:37:02,203] {dag.py:2273} INFO - Setting next_dagrun for example_branch_dop_operator_v3 to 2021-02-21 00:00:00+00:00
[2021-02-23 23:37:02,246] {scheduler_job.py:190} INFO - Processing /home/airflow/.local/lib/python3.6/site-packages/airflow/example_dags/example_branch_python_dop_operator_3.py took 0.115 seconds
[2021-02-23 23:37:32,671] {scheduler_job.py:182} INFO - Started process (PID=641) to work on /home/airflow/.local/lib/python3.6/site-packages/airflow/example_dags/example_branch_python_dop_operator_3.py
[2021-02-23 23:37:32,672] {scheduler_job.py:629} INFO - Processing file /home/airflow/.local/lib/python3.6/site-packages/airflow/example_dags/example_branch_python_dop_operator_3.py for tasks to queue
[2021-02-23 23:37:32,672] {logging_mixin.py:104} INFO - [2021-02-23 23:37:32,672] {dagbag.py:448} INFO - Filling up the DagBag from /home/airflow/.local/lib/python3.6/site-packages/airflow/example_dags/example_branch_python_dop_operator_3.py
[2021-02-23 23:37:32,686] {scheduler_job.py:639} INFO - DAG(s) dict_keys(['example_branch_dop_operator_v3']) retrieved from /home/airflow/.local/lib/python3.6/site-packages/airflow/example_dags/example_branch_python_dop_operator_3.py
[2021-02-23 23:37:32,701] {logging_mixin.py:104} INFO - [2021-02-23 23:37:32,701] {dag.py:1818} INFO - Sync 1 DAGs
[2021-02-23 23:37:32,723] {logging_mixin.py:104} INFO - [2021-02-23 23:37:32,723] {dag.py:2273} INFO - Setting next_dagrun for example_branch_dop_operator_v3 to 2021-02-21 00:00:00+00:00
[2021-02-23 23:37:32,759] {scheduler_job.py:190} INFO - Processing /home/airflow/.local/lib/python3.6/site-packages/airflow/example_dags/example_branch_python_dop_operator_3.py took 0.091 seconds
[2021-02-23 23:38:02,874] {scheduler_job.py:182} INFO - Started process (PID=665) to work on /home/airflow/.local/lib/python3.6/site-packages/airflow/example_dags/example_branch_python_dop_operator_3.py
[2021-02-23 23:38:02,875] {scheduler_job.py:629} INFO - Processing file /home/airflow/.local/lib/python3.6/site-packages/airflow/example_dags/example_branch_python_dop_operator_3.py for tasks to queue
[2021-02-23 23:38:02,876] {logging_mixin.py:104} INFO - [2021-02-23 23:38:02,876] {dagbag.py:448} INFO - Filling up the DagBag from /home/airflow/.local/lib/python3.6/site-packages/airflow/example_dags/example_branch_python_dop_operator_3.py
[2021-02-23 23:38:02,894] {scheduler_job.py:639} INFO - DAG(s) dict_keys(['example_branch_dop_operator_v3']) retrieved from /home/airflow/.local/lib/python3.6/site-packages/airflow/example_dags/example_branch_python_dop_operator_3.py
[2021-02-23 23:38:02,915] {logging_mixin.py:104} INFO - [2021-02-23 23:38:02,915] {dag.py:1818} INFO - Sync 1 DAGs
[2021-02-23 23:38:02,946] {logging_mixin.py:104} INFO - [2021-02-23 23:38:02,945] {dag.py:2273} INFO - Setting next_dagrun for example_branch_dop_operator_v3 to 2021-02-21 00:00:00+00:00
[2021-02-23 23:38:02,993] {scheduler_job.py:190} INFO - Processing /home/airflow/.local/lib/python3.6/site-packages/airflow/example_dags/example_branch_python_dop_operator_3.py took 0.123 seconds
[2021-02-23 23:38:33,344] {scheduler_job.py:182} INFO - Started process (PID=691) to work on /home/airflow/.local/lib/python3.6/site-packages/airflow/example_dags/example_branch_python_dop_operator_3.py
[2021-02-23 23:38:33,345] {scheduler_job.py:629} INFO - Processing file /home/airflow/.local/lib/python3.6/site-packages/airflow/example_dags/example_branch_python_dop_operator_3.py for tasks to queue
[2021-02-23 23:38:33,345] {logging_mixin.py:104} INFO - [2021-02-23 23:38:33,345] {dagbag.py:448} INFO - Filling up the DagBag from /home/airflow/.local/lib/python3.6/site-packages/airflow/example_dags/example_branch_python_dop_operator_3.py
[2021-02-23 23:38:33,358] {scheduler_job.py:639} INFO - DAG(s) dict_keys(['example_branch_dop_operator_v3']) retrieved from /home/airflow/.local/lib/python3.6/site-packages/airflow/example_dags/example_branch_python_dop_operator_3.py
[2021-02-23 23:38:33,373] {logging_mixin.py:104} INFO - [2021-02-23 23:38:33,373] {dag.py:1818} INFO - Sync 1 DAGs
[2021-02-23 23:38:33,396] {logging_mixin.py:104} INFO - [2021-02-23 23:38:33,396] {dag.py:2273} INFO - Setting next_dagrun for example_branch_dop_operator_v3 to 2021-02-21 00:00:00+00:00
[2021-02-23 23:38:33,425] {scheduler_job.py:190} INFO - Processing /home/airflow/.local/lib/python3.6/site-packages/airflow/example_dags/example_branch_python_dop_operator_3.py took 0.084 seconds
[2021-02-23 23:39:03,474] {scheduler_job.py:182} INFO - Started process (PID=718) to work on /home/airflow/.local/lib/python3.6/site-packages/airflow/example_dags/example_branch_python_dop_operator_3.py
[2021-02-23 23:39:03,475] {scheduler_job.py:629} INFO - Processing file /home/airflow/.local/lib/python3.6/site-packages/airflow/example_dags/example_branch_python_dop_operator_3.py for tasks to queue
[2021-02-23 23:39:03,475] {logging_mixin.py:104} INFO - [2021-02-23 23:39:03,475] {dagbag.py:448} INFO - Filling up the DagBag from /home/airflow/.local/lib/python3.6/site-packages/airflow/example_dags/example_branch_python_dop_operator_3.py
[2021-02-23 23:39:03,487] {scheduler_job.py:639} INFO - DAG(s) dict_keys(['example_branch_dop_operator_v3']) retrieved from /home/airflow/.local/lib/python3.6/site-packages/airflow/example_dags/example_branch_python_dop_operator_3.py
[2021-02-23 23:39:03,500] {logging_mixin.py:104} INFO - [2021-02-23 23:39:03,500] {dag.py:1818} INFO - Sync 1 DAGs
[2021-02-23 23:39:03,524] {logging_mixin.py:104} INFO - [2021-02-23 23:39:03,524] {dag.py:2273} INFO - Setting next_dagrun for example_branch_dop_operator_v3 to 2021-02-21 00:00:00+00:00
[2021-02-23 23:39:03,557] {scheduler_job.py:190} INFO - Processing /home/airflow/.local/lib/python3.6/site-packages/airflow/example_dags/example_branch_python_dop_operator_3.py took 0.085 seconds
[2021-02-23 23:39:33,657] {scheduler_job.py:182} INFO - Started process (PID=745) to work on /home/airflow/.local/lib/python3.6/site-packages/airflow/example_dags/example_branch_python_dop_operator_3.py
[2021-02-23 23:39:33,658] {scheduler_job.py:629} INFO - Processing file /home/airflow/.local/lib/python3.6/site-packages/airflow/example_dags/example_branch_python_dop_operator_3.py for tasks to queue
[2021-02-23 23:39:33,658] {logging_mixin.py:104} INFO - [2021-02-23 23:39:33,658] {dagbag.py:448} INFO - Filling up the DagBag from /home/airflow/.local/lib/python3.6/site-packages/airflow/example_dags/example_branch_python_dop_operator_3.py
[2021-02-23 23:39:33,670] {scheduler_job.py:639} INFO - DAG(s) dict_keys(['example_branch_dop_operator_v3']) retrieved from /home/airflow/.local/lib/python3.6/site-packages/airflow/example_dags/example_branch_python_dop_operator_3.py
[2021-02-23 23:39:33,686] {logging_mixin.py:104} INFO - [2021-02-23 23:39:33,686] {dag.py:1818} INFO - Sync 1 DAGs
[2021-02-23 23:39:33,713] {logging_mixin.py:104} INFO - [2021-02-23 23:39:33,713] {dag.py:2273} INFO - Setting next_dagrun for example_branch_dop_operator_v3 to 2021-02-21 00:00:00+00:00
[2021-02-23 23:39:33,750] {scheduler_job.py:190} INFO - Processing /home/airflow/.local/lib/python3.6/site-packages/airflow/example_dags/example_branch_python_dop_operator_3.py took 0.095 seconds
[2021-02-23 23:40:03,781] {scheduler_job.py:182} INFO - Started process (PID=770) to work on /home/airflow/.local/lib/python3.6/site-packages/airflow/example_dags/example_branch_python_dop_operator_3.py
[2021-02-23 23:40:03,782] {scheduler_job.py:629} INFO - Processing file /home/airflow/.local/lib/python3.6/site-packages/airflow/example_dags/example_branch_python_dop_operator_3.py for tasks to queue
[2021-02-23 23:40:03,783] {logging_mixin.py:104} INFO - [2021-02-23 23:40:03,783] {dagbag.py:448} INFO - Filling up the DagBag from /home/airflow/.local/lib/python3.6/site-packages/airflow/example_dags/example_branch_python_dop_operator_3.py
[2021-02-23 23:40:03,805] {scheduler_job.py:639} INFO - DAG(s) dict_keys(['example_branch_dop_operator_v3']) retrieved from /home/airflow/.local/lib/python3.6/site-packages/airflow/example_dags/example_branch_python_dop_operator_3.py
[2021-02-23 23:40:03,829] {logging_mixin.py:104} INFO - [2021-02-23 23:40:03,829] {dag.py:1818} INFO - Sync 1 DAGs
[2021-02-23 23:40:03,863] {logging_mixin.py:104} INFO - [2021-02-23 23:40:03,863] {dag.py:2273} INFO - Setting next_dagrun for example_branch_dop_operator_v3 to 2021-02-21 00:00:00+00:00
[2021-02-23 23:40:04,081] {scheduler_job.py:190} INFO - Processing /home/airflow/.local/lib/python3.6/site-packages/airflow/example_dags/example_branch_python_dop_operator_3.py took 0.304 seconds
[2021-02-23 23:40:35,123] {scheduler_job.py:182} INFO - Started process (PID=801) to work on /home/airflow/.local/lib/python3.6/site-packages/airflow/example_dags/example_branch_python_dop_operator_3.py
[2021-02-23 23:40:35,123] {scheduler_job.py:629} INFO - Processing file /home/airflow/.local/lib/python3.6/site-packages/airflow/example_dags/example_branch_python_dop_operator_3.py for tasks to queue
[2021-02-23 23:40:35,124] {logging_mixin.py:104} INFO - [2021-02-23 23:40:35,124] {dagbag.py:448} INFO - Filling up the DagBag from /home/airflow/.local/lib/python3.6/site-packages/airflow/example_dags/example_branch_python_dop_operator_3.py
[2021-02-23 23:40:35,135] {scheduler_job.py:639} INFO - DAG(s) dict_keys(['example_branch_dop_operator_v3']) retrieved from /home/airflow/.local/lib/python3.6/site-packages/airflow/example_dags/example_branch_python_dop_operator_3.py
[2021-02-23 23:40:35,149] {logging_mixin.py:104} INFO - [2021-02-23 23:40:35,149] {dag.py:1818} INFO - Sync 1 DAGs
[2021-02-23 23:40:35,176] {logging_mixin.py:104} INFO - [2021-02-23 23:40:35,176] {dag.py:2273} INFO - Setting next_dagrun for example_branch_dop_operator_v3 to 2021-02-21 00:00:00+00:00
[2021-02-23 23:40:35,205] {scheduler_job.py:190} INFO - Processing /home/airflow/.local/lib/python3.6/site-packages/airflow/example_dags/example_branch_python_dop_operator_3.py took 0.084 seconds
[2021-02-23 23:41:05,723] {scheduler_job.py:182} INFO - Started process (PID=828) to work on /home/airflow/.local/lib/python3.6/site-packages/airflow/example_dags/example_branch_python_dop_operator_3.py
[2021-02-23 23:41:05,724] {scheduler_job.py:629} INFO - Processing file /home/airflow/.local/lib/python3.6/site-packages/airflow/example_dags/example_branch_python_dop_operator_3.py for tasks to queue
[2021-02-23 23:41:05,724] {logging_mixin.py:104} INFO - [2021-02-23 23:41:05,724] {dagbag.py:448} INFO - Filling up the DagBag from /home/airflow/.local/lib/python3.6/site-packages/airflow/example_dags/example_branch_python_dop_operator_3.py
[2021-02-23 23:41:05,738] {scheduler_job.py:639} INFO - DAG(s) dict_keys(['example_branch_dop_operator_v3']) retrieved from /home/airflow/.local/lib/python3.6/site-packages/airflow/example_dags/example_branch_python_dop_operator_3.py
[2021-02-23 23:41:05,755] {logging_mixin.py:104} INFO - [2021-02-23 23:41:05,755] {dag.py:1818} INFO - Sync 1 DAGs
[2021-02-23 23:41:05,780] {logging_mixin.py:104} INFO - [2021-02-23 23:41:05,780] {dag.py:2273} INFO - Setting next_dagrun for example_branch_dop_operator_v3 to 2021-02-21 00:00:00+00:00
[2021-02-23 23:41:05,815] {scheduler_job.py:190} INFO - Processing /home/airflow/.local/lib/python3.6/site-packages/airflow/example_dags/example_branch_python_dop_operator_3.py took 0.095 seconds
[2021-02-23 23:41:36,739] {scheduler_job.py:182} INFO - Started process (PID=855) to work on /home/airflow/.local/lib/python3.6/site-packages/airflow/example_dags/example_branch_python_dop_operator_3.py
[2021-02-23 23:41:36,740] {scheduler_job.py:629} INFO - Processing file /home/airflow/.local/lib/python3.6/site-packages/airflow/example_dags/example_branch_python_dop_operator_3.py for tasks to queue
[2021-02-23 23:41:36,741] {logging_mixin.py:104} INFO - [2021-02-23 23:41:36,741] {dagbag.py:448} INFO - Filling up the DagBag from /home/airflow/.local/lib/python3.6/site-packages/airflow/example_dags/example_branch_python_dop_operator_3.py
[2021-02-23 23:41:36,755] {scheduler_job.py:639} INFO - DAG(s) dict_keys(['example_branch_dop_operator_v3']) retrieved from /home/airflow/.local/lib/python3.6/site-packages/airflow/example_dags/example_branch_python_dop_operator_3.py
[2021-02-23 23:41:36,774] {logging_mixin.py:104} INFO - [2021-02-23 23:41:36,774] {dag.py:1818} INFO - Sync 1 DAGs
[2021-02-23 23:41:36,808] {logging_mixin.py:104} INFO - [2021-02-23 23:41:36,808] {dag.py:2273} INFO - Setting next_dagrun for example_branch_dop_operator_v3 to 2021-02-21 00:00:00+00:00
[2021-02-23 23:41:36,840] {scheduler_job.py:190} INFO - Processing /home/airflow/.local/lib/python3.6/site-packages/airflow/example_dags/example_branch_python_dop_operator_3.py took 0.104 seconds
[2021-02-23 23:42:06,891] {scheduler_job.py:182} INFO - Started process (PID=880) to work on /home/airflow/.local/lib/python3.6/site-packages/airflow/example_dags/example_branch_python_dop_operator_3.py
[2021-02-23 23:42:06,893] {scheduler_job.py:629} INFO - Processing file /home/airflow/.local/lib/python3.6/site-packages/airflow/example_dags/example_branch_python_dop_operator_3.py for tasks to queue
[2021-02-23 23:42:06,894] {logging_mixin.py:104} INFO - [2021-02-23 23:42:06,894] {dagbag.py:448} INFO - Filling up the DagBag from /home/airflow/.local/lib/python3.6/site-packages/airflow/example_dags/example_branch_python_dop_operator_3.py
[2021-02-23 23:42:06,913] {scheduler_job.py:639} INFO - DAG(s) dict_keys(['example_branch_dop_operator_v3']) retrieved from /home/airflow/.local/lib/python3.6/site-packages/airflow/example_dags/example_branch_python_dop_operator_3.py
[2021-02-23 23:42:06,931] {logging_mixin.py:104} INFO - [2021-02-23 23:42:06,931] {dag.py:1818} INFO - Sync 1 DAGs
[2021-02-23 23:42:06,957] {logging_mixin.py:104} INFO - [2021-02-23 23:42:06,957] {dag.py:2273} INFO - Setting next_dagrun for example_branch_dop_operator_v3 to 2021-02-21 00:00:00+00:00
[2021-02-23 23:42:07,012] {scheduler_job.py:190} INFO - Processing /home/airflow/.local/lib/python3.6/site-packages/airflow/example_dags/example_branch_python_dop_operator_3.py took 0.125 seconds
[2021-02-23 23:42:37,512] {scheduler_job.py:182} INFO - Started process (PID=909) to work on /home/airflow/.local/lib/python3.6/site-packages/airflow/example_dags/example_branch_python_dop_operator_3.py
[2021-02-23 23:42:37,513] {scheduler_job.py:629} INFO - Processing file /home/airflow/.local/lib/python3.6/site-packages/airflow/example_dags/example_branch_python_dop_operator_3.py for tasks to queue
[2021-02-23 23:42:37,513] {logging_mixin.py:104} INFO - [2021-02-23 23:42:37,513] {dagbag.py:448} INFO - Filling up the DagBag from /home/airflow/.local/lib/python3.6/site-packages/airflow/example_dags/example_branch_python_dop_operator_3.py
[2021-02-23 23:42:37,530] {scheduler_job.py:639} INFO - DAG(s) dict_keys(['example_branch_dop_operator_v3']) retrieved from /home/airflow/.local/lib/python3.6/site-packages/airflow/example_dags/example_branch_python_dop_operator_3.py
[2021-02-23 23:42:37,557] {logging_mixin.py:104} INFO - [2021-02-23 23:42:37,556] {dag.py:1818} INFO - Sync 1 DAGs
[2021-02-23 23:42:37,602] {logging_mixin.py:104} INFO - [2021-02-23 23:42:37,601] {dag.py:2273} INFO - Setting next_dagrun for example_branch_dop_operator_v3 to 2021-02-21 00:00:00+00:00
[2021-02-23 23:42:37,663] {scheduler_job.py:190} INFO - Processing /home/airflow/.local/lib/python3.6/site-packages/airflow/example_dags/example_branch_python_dop_operator_3.py took 0.154 seconds
[2021-02-23 23:43:08,279] {scheduler_job.py:182} INFO - Started process (PID=936) to work on /home/airflow/.local/lib/python3.6/site-packages/airflow/example_dags/example_branch_python_dop_operator_3.py
[2021-02-23 23:43:08,280] {scheduler_job.py:629} INFO - Processing file /home/airflow/.local/lib/python3.6/site-packages/airflow/example_dags/example_branch_python_dop_operator_3.py for tasks to queue
[2021-02-23 23:43:08,281] {logging_mixin.py:104} INFO - [2021-02-23 23:43:08,280] {dagbag.py:448} INFO - Filling up the DagBag from /home/airflow/.local/lib/python3.6/site-packages/airflow/example_dags/example_branch_python_dop_operator_3.py
[2021-02-23 23:43:08,295] {scheduler_job.py:639} INFO - DAG(s) dict_keys(['example_branch_dop_operator_v3']) retrieved from /home/airflow/.local/lib/python3.6/site-packages/airflow/example_dags/example_branch_python_dop_operator_3.py
[2021-02-23 23:43:08,313] {logging_mixin.py:104} INFO - [2021-02-23 23:43:08,313] {dag.py:1818} INFO - Sync 1 DAGs
[2021-02-23 23:43:08,346] {logging_mixin.py:104} INFO - [2021-02-23 23:43:08,346] {dag.py:2273} INFO - Setting next_dagrun for example_branch_dop_operator_v3 to 2021-02-21 00:00:00+00:00
[2021-02-23 23:43:08,378] {scheduler_job.py:190} INFO - Processing /home/airflow/.local/lib/python3.6/site-packages/airflow/example_dags/example_branch_python_dop_operator_3.py took 0.102 seconds
[2021-02-23 23:43:39,071] {scheduler_job.py:182} INFO - Started process (PID=963) to work on /home/airflow/.local/lib/python3.6/site-packages/airflow/example_dags/example_branch_python_dop_operator_3.py
[2021-02-23 23:43:39,073] {scheduler_job.py:629} INFO - Processing file /home/airflow/.local/lib/python3.6/site-packages/airflow/example_dags/example_branch_python_dop_operator_3.py for tasks to queue
[2021-02-23 23:43:39,074] {logging_mixin.py:104} INFO - [2021-02-23 23:43:39,074] {dagbag.py:448} INFO - Filling up the DagBag from /home/airflow/.local/lib/python3.6/site-packages/airflow/example_dags/example_branch_python_dop_operator_3.py
[2021-02-23 23:43:39,087] {scheduler_job.py:639} INFO - DAG(s) dict_keys(['example_branch_dop_operator_v3']) retrieved from /home/airflow/.local/lib/python3.6/site-packages/airflow/example_dags/example_branch_python_dop_operator_3.py
[2021-02-23 23:43:39,103] {logging_mixin.py:104} INFO - [2021-02-23 23:43:39,103] {dag.py:1818} INFO - Sync 1 DAGs
[2021-02-23 23:43:39,127] {logging_mixin.py:104} INFO - [2021-02-23 23:43:39,127] {dag.py:2273} INFO - Setting next_dagrun for example_branch_dop_operator_v3 to 2021-02-21 00:00:00+00:00
[2021-02-23 23:43:39,349] {scheduler_job.py:190} INFO - Processing /home/airflow/.local/lib/python3.6/site-packages/airflow/example_dags/example_branch_python_dop_operator_3.py took 0.281 seconds
[2021-02-23 23:44:10,250] {scheduler_job.py:182} INFO - Started process (PID=990) to work on /home/airflow/.local/lib/python3.6/site-packages/airflow/example_dags/example_branch_python_dop_operator_3.py
[2021-02-23 23:44:10,251] {scheduler_job.py:629} INFO - Processing file /home/airflow/.local/lib/python3.6/site-packages/airflow/example_dags/example_branch_python_dop_operator_3.py for tasks to queue
[2021-02-23 23:44:10,252] {logging_mixin.py:104} INFO - [2021-02-23 23:44:10,252] {dagbag.py:448} INFO - Filling up the DagBag from /home/airflow/.local/lib/python3.6/site-packages/airflow/example_dags/example_branch_python_dop_operator_3.py
[2021-02-23 23:44:10,270] {scheduler_job.py:639} INFO - DAG(s) dict_keys(['example_branch_dop_operator_v3']) retrieved from /home/airflow/.local/lib/python3.6/site-packages/airflow/example_dags/example_branch_python_dop_operator_3.py
[2021-02-23 23:44:10,288] {logging_mixin.py:104} INFO - [2021-02-23 23:44:10,287] {dag.py:1818} INFO - Sync 1 DAGs
[2021-02-23 23:44:10,313] {logging_mixin.py:104} INFO - [2021-02-23 23:44:10,313] {dag.py:2273} INFO - Setting next_dagrun for example_branch_dop_operator_v3 to 2021-02-21 00:00:00+00:00
[2021-02-23 23:44:10,525] {scheduler_job.py:190} INFO - Processing /home/airflow/.local/lib/python3.6/site-packages/airflow/example_dags/example_branch_python_dop_operator_3.py took 0.281 seconds
[2021-02-23 23:44:40,561] {scheduler_job.py:182} INFO - Started process (PID=1016) to work on /home/airflow/.local/lib/python3.6/site-packages/airflow/example_dags/example_branch_python_dop_operator_3.py
[2021-02-23 23:44:40,562] {scheduler_job.py:629} INFO - Processing file /home/airflow/.local/lib/python3.6/site-packages/airflow/example_dags/example_branch_python_dop_operator_3.py for tasks to queue
[2021-02-23 23:44:40,562] {logging_mixin.py:104} INFO - [2021-02-23 23:44:40,562] {dagbag.py:448} INFO - Filling up the DagBag from /home/airflow/.local/lib/python3.6/site-packages/airflow/example_dags/example_branch_python_dop_operator_3.py
[2021-02-23 23:44:40,577] {scheduler_job.py:639} INFO - DAG(s) dict_keys(['example_branch_dop_operator_v3']) retrieved from /home/airflow/.local/lib/python3.6/site-packages/airflow/example_dags/example_branch_python_dop_operator_3.py
[2021-02-23 23:44:40,593] {logging_mixin.py:104} INFO - [2021-02-23 23:44:40,593] {dag.py:1818} INFO - Sync 1 DAGs
[2021-02-23 23:44:40,618] {logging_mixin.py:104} INFO - [2021-02-23 23:44:40,618] {dag.py:2273} INFO - Setting next_dagrun for example_branch_dop_operator_v3 to 2021-02-21 00:00:00+00:00
[2021-02-23 23:44:40,735] {scheduler_job.py:190} INFO - Processing /home/airflow/.local/lib/python3.6/site-packages/airflow/example_dags/example_branch_python_dop_operator_3.py took 0.176 seconds
[2021-02-23 23:45:11,561] {scheduler_job.py:182} INFO - Started process (PID=1045) to work on /home/airflow/.local/lib/python3.6/site-packages/airflow/example_dags/example_branch_python_dop_operator_3.py
[2021-02-23 23:45:11,564] {scheduler_job.py:629} INFO - Processing file /home/airflow/.local/lib/python3.6/site-packages/airflow/example_dags/example_branch_python_dop_operator_3.py for tasks to queue
[2021-02-23 23:45:11,566] {logging_mixin.py:104} INFO - [2021-02-23 23:45:11,565] {dagbag.py:448} INFO - Filling up the DagBag from /home/airflow/.local/lib/python3.6/site-packages/airflow/example_dags/example_branch_python_dop_operator_3.py
[2021-02-23 23:45:11,589] {scheduler_job.py:639} INFO - DAG(s) dict_keys(['example_branch_dop_operator_v3']) retrieved from /home/airflow/.local/lib/python3.6/site-packages/airflow/example_dags/example_branch_python_dop_operator_3.py
[2021-02-23 23:45:11,607] {logging_mixin.py:104} INFO - [2021-02-23 23:45:11,607] {dag.py:1818} INFO - Sync 1 DAGs
[2021-02-23 23:45:11,633] {logging_mixin.py:104} INFO - [2021-02-23 23:45:11,633] {dag.py:2273} INFO - Setting next_dagrun for example_branch_dop_operator_v3 to 2021-02-21 00:00:00+00:00
[2021-02-23 23:45:11,664] {scheduler_job.py:190} INFO - Processing /home/airflow/.local/lib/python3.6/site-packages/airflow/example_dags/example_branch_python_dop_operator_3.py took 0.110 seconds
[2021-02-23 23:45:42,226] {scheduler_job.py:182} INFO - Started process (PID=1072) to work on /home/airflow/.local/lib/python3.6/site-packages/airflow/example_dags/example_branch_python_dop_operator_3.py
[2021-02-23 23:45:42,229] {scheduler_job.py:629} INFO - Processing file /home/airflow/.local/lib/python3.6/site-packages/airflow/example_dags/example_branch_python_dop_operator_3.py for tasks to queue
[2021-02-23 23:45:42,230] {logging_mixin.py:104} INFO - [2021-02-23 23:45:42,230] {dagbag.py:448} INFO - Filling up the DagBag from /home/airflow/.local/lib/python3.6/site-packages/airflow/example_dags/example_branch_python_dop_operator_3.py
[2021-02-23 23:45:42,254] {scheduler_job.py:639} INFO - DAG(s) dict_keys(['example_branch_dop_operator_v3']) retrieved from /home/airflow/.local/lib/python3.6/site-packages/airflow/example_dags/example_branch_python_dop_operator_3.py
[2021-02-23 23:45:42,270] {logging_mixin.py:104} INFO - [2021-02-23 23:45:42,270] {dag.py:1818} INFO - Sync 1 DAGs
[2021-02-23 23:45:42,300] {logging_mixin.py:104} INFO - [2021-02-23 23:45:42,300] {dag.py:2273} INFO - Setting next_dagrun for example_branch_dop_operator_v3 to 2021-02-21 00:00:00+00:00
[2021-02-23 23:45:42,356] {scheduler_job.py:190} INFO - Processing /home/airflow/.local/lib/python3.6/site-packages/airflow/example_dags/example_branch_python_dop_operator_3.py took 0.137 seconds
[2021-02-23 23:46:13,145] {scheduler_job.py:182} INFO - Started process (PID=1099) to work on /home/airflow/.local/lib/python3.6/site-packages/airflow/example_dags/example_branch_python_dop_operator_3.py
[2021-02-23 23:46:13,147] {scheduler_job.py:629} INFO - Processing file /home/airflow/.local/lib/python3.6/site-packages/airflow/example_dags/example_branch_python_dop_operator_3.py for tasks to queue
[2021-02-23 23:46:13,147] {logging_mixin.py:104} INFO - [2021-02-23 23:46:13,147] {dagbag.py:448} INFO - Filling up the DagBag from /home/airflow/.local/lib/python3.6/site-packages/airflow/example_dags/example_branch_python_dop_operator_3.py
[2021-02-23 23:46:13,169] {scheduler_job.py:639} INFO - DAG(s) dict_keys(['example_branch_dop_operator_v3']) retrieved from /home/airflow/.local/lib/python3.6/site-packages/airflow/example_dags/example_branch_python_dop_operator_3.py
[2021-02-23 23:46:13,205] {logging_mixin.py:104} INFO - [2021-02-23 23:46:13,205] {dag.py:1818} INFO - Sync 1 DAGs
[2021-02-23 23:46:13,245] {logging_mixin.py:104} INFO - [2021-02-23 23:46:13,245] {dag.py:2273} INFO - Setting next_dagrun for example_branch_dop_operator_v3 to 2021-02-21 00:00:00+00:00
[2021-02-23 23:46:13,302] {scheduler_job.py:190} INFO - Processing /home/airflow/.local/lib/python3.6/site-packages/airflow/example_dags/example_branch_python_dop_operator_3.py took 0.162 seconds
[2021-02-23 23:46:44,113] {scheduler_job.py:182} INFO - Started process (PID=1126) to work on /home/airflow/.local/lib/python3.6/site-packages/airflow/example_dags/example_branch_python_dop_operator_3.py
[2021-02-23 23:46:44,114] {scheduler_job.py:629} INFO - Processing file /home/airflow/.local/lib/python3.6/site-packages/airflow/example_dags/example_branch_python_dop_operator_3.py for tasks to queue
[2021-02-23 23:46:44,115] {logging_mixin.py:104} INFO - [2021-02-23 23:46:44,115] {dagbag.py:448} INFO - Filling up the DagBag from /home/airflow/.local/lib/python3.6/site-packages/airflow/example_dags/example_branch_python_dop_operator_3.py
[2021-02-23 23:46:44,133] {scheduler_job.py:639} INFO - DAG(s) dict_keys(['example_branch_dop_operator_v3']) retrieved from /home/airflow/.local/lib/python3.6/site-packages/airflow/example_dags/example_branch_python_dop_operator_3.py
[2021-02-23 23:46:44,151] {logging_mixin.py:104} INFO - [2021-02-23 23:46:44,150] {dag.py:1818} INFO - Sync 1 DAGs
[2021-02-23 23:46:44,177] {logging_mixin.py:104} INFO - [2021-02-23 23:46:44,177] {dag.py:2273} INFO - Setting next_dagrun for example_branch_dop_operator_v3 to 2021-02-21 00:00:00+00:00
[2021-02-23 23:46:44,212] {scheduler_job.py:190} INFO - Processing /home/airflow/.local/lib/python3.6/site-packages/airflow/example_dags/example_branch_python_dop_operator_3.py took 0.105 seconds
[2021-02-23 23:47:14,971] {scheduler_job.py:182} INFO - Started process (PID=1153) to work on /home/airflow/.local/lib/python3.6/site-packages/airflow/example_dags/example_branch_python_dop_operator_3.py
[2021-02-23 23:47:14,973] {scheduler_job.py:629} INFO - Processing file /home/airflow/.local/lib/python3.6/site-packages/airflow/example_dags/example_branch_python_dop_operator_3.py for tasks to queue
[2021-02-23 23:47:14,973] {logging_mixin.py:104} INFO - [2021-02-23 23:47:14,973] {dagbag.py:448} INFO - Filling up the DagBag from /home/airflow/.local/lib/python3.6/site-packages/airflow/example_dags/example_branch_python_dop_operator_3.py
[2021-02-23 23:47:14,989] {scheduler_job.py:639} INFO - DAG(s) dict_keys(['example_branch_dop_operator_v3']) retrieved from /home/airflow/.local/lib/python3.6/site-packages/airflow/example_dags/example_branch_python_dop_operator_3.py
[2021-02-23 23:47:15,005] {logging_mixin.py:104} INFO - [2021-02-23 23:47:15,005] {dag.py:1818} INFO - Sync 1 DAGs
[2021-02-23 23:47:15,028] {logging_mixin.py:104} INFO - [2021-02-23 23:47:15,028] {dag.py:2273} INFO - Setting next_dagrun for example_branch_dop_operator_v3 to 2021-02-21 00:00:00+00:00
[2021-02-23 23:47:15,219] {scheduler_job.py:190} INFO - Processing /home/airflow/.local/lib/python3.6/site-packages/airflow/example_dags/example_branch_python_dop_operator_3.py took 0.252 seconds
[2021-02-23 23:47:46,140] {scheduler_job.py:182} INFO - Started process (PID=1180) to work on /home/airflow/.local/lib/python3.6/site-packages/airflow/example_dags/example_branch_python_dop_operator_3.py
[2021-02-23 23:47:46,141] {scheduler_job.py:629} INFO - Processing file /home/airflow/.local/lib/python3.6/site-packages/airflow/example_dags/example_branch_python_dop_operator_3.py for tasks to queue
[2021-02-23 23:47:46,141] {logging_mixin.py:104} INFO - [2021-02-23 23:47:46,141] {dagbag.py:448} INFO - Filling up the DagBag from /home/airflow/.local/lib/python3.6/site-packages/airflow/example_dags/example_branch_python_dop_operator_3.py
[2021-02-23 23:47:46,158] {scheduler_job.py:639} INFO - DAG(s) dict_keys(['example_branch_dop_operator_v3']) retrieved from /home/airflow/.local/lib/python3.6/site-packages/airflow/example_dags/example_branch_python_dop_operator_3.py
[2021-02-23 23:47:46,178] {logging_mixin.py:104} INFO - [2021-02-23 23:47:46,178] {dag.py:1818} INFO - Sync 1 DAGs
[2021-02-23 23:47:46,209] {logging_mixin.py:104} INFO - [2021-02-23 23:47:46,209] {dag.py:2273} INFO - Setting next_dagrun for example_branch_dop_operator_v3 to 2021-02-21 00:00:00+00:00
[2021-02-23 23:47:46,321] {scheduler_job.py:190} INFO - Processing /home/airflow/.local/lib/python3.6/site-packages/airflow/example_dags/example_branch_python_dop_operator_3.py took 0.184 seconds
[2021-02-23 23:48:16,430] {scheduler_job.py:182} INFO - Started process (PID=1207) to work on /home/airflow/.local/lib/python3.6/site-packages/airflow/example_dags/example_branch_python_dop_operator_3.py
[2021-02-23 23:48:16,431] {scheduler_job.py:629} INFO - Processing file /home/airflow/.local/lib/python3.6/site-packages/airflow/example_dags/example_branch_python_dop_operator_3.py for tasks to queue
[2021-02-23 23:48:16,432] {logging_mixin.py:104} INFO - [2021-02-23 23:48:16,432] {dagbag.py:448} INFO - Filling up the DagBag from /home/airflow/.local/lib/python3.6/site-packages/airflow/example_dags/example_branch_python_dop_operator_3.py
[2021-02-23 23:48:16,451] {scheduler_job.py:639} INFO - DAG(s) dict_keys(['example_branch_dop_operator_v3']) retrieved from /home/airflow/.local/lib/python3.6/site-packages/airflow/example_dags/example_branch_python_dop_operator_3.py
[2021-02-23 23:48:16,471] {logging_mixin.py:104} INFO - [2021-02-23 23:48:16,470] {dag.py:1818} INFO - Sync 1 DAGs
[2021-02-23 23:48:16,499] {logging_mixin.py:104} INFO - [2021-02-23 23:48:16,499] {dag.py:2273} INFO - Setting next_dagrun for example_branch_dop_operator_v3 to 2021-02-21 00:00:00+00:00
[2021-02-23 23:48:16,649] {scheduler_job.py:190} INFO - Processing /home/airflow/.local/lib/python3.6/site-packages/airflow/example_dags/example_branch_python_dop_operator_3.py took 0.226 seconds
[2021-02-23 23:48:47,205] {scheduler_job.py:182} INFO - Started process (PID=1234) to work on /home/airflow/.local/lib/python3.6/site-packages/airflow/example_dags/example_branch_python_dop_operator_3.py
[2021-02-23 23:48:47,206] {scheduler_job.py:629} INFO - Processing file /home/airflow/.local/lib/python3.6/site-packages/airflow/example_dags/example_branch_python_dop_operator_3.py for tasks to queue
[2021-02-23 23:48:47,207] {logging_mixin.py:104} INFO - [2021-02-23 23:48:47,207] {dagbag.py:448} INFO - Filling up the DagBag from /home/airflow/.local/lib/python3.6/site-packages/airflow/example_dags/example_branch_python_dop_operator_3.py
[2021-02-23 23:48:47,226] {scheduler_job.py:639} INFO - DAG(s) dict_keys(['example_branch_dop_operator_v3']) retrieved from /home/airflow/.local/lib/python3.6/site-packages/airflow/example_dags/example_branch_python_dop_operator_3.py
[2021-02-23 23:48:47,265] {logging_mixin.py:104} INFO - [2021-02-23 23:48:47,264] {dag.py:1818} INFO - Sync 1 DAGs
[2021-02-23 23:48:47,293] {logging_mixin.py:104} INFO - [2021-02-23 23:48:47,293] {dag.py:2273} INFO - Setting next_dagrun for example_branch_dop_operator_v3 to 2021-02-21 00:00:00+00:00
[2021-02-23 23:48:47,454] {scheduler_job.py:190} INFO - Processing /home/airflow/.local/lib/python3.6/site-packages/airflow/example_dags/example_branch_python_dop_operator_3.py took 0.253 seconds
[2021-02-23 23:49:18,088] {scheduler_job.py:182} INFO - Started process (PID=1261) to work on /home/airflow/.local/lib/python3.6/site-packages/airflow/example_dags/example_branch_python_dop_operator_3.py
[2021-02-23 23:49:18,089] {scheduler_job.py:629} INFO - Processing file /home/airflow/.local/lib/python3.6/site-packages/airflow/example_dags/example_branch_python_dop_operator_3.py for tasks to queue
[2021-02-23 23:49:18,089] {logging_mixin.py:104} INFO - [2021-02-23 23:49:18,089] {dagbag.py:448} INFO - Filling up the DagBag from /home/airflow/.local/lib/python3.6/site-packages/airflow/example_dags/example_branch_python_dop_operator_3.py
[2021-02-23 23:49:18,099] {scheduler_job.py:639} INFO - DAG(s) dict_keys(['example_branch_dop_operator_v3']) retrieved from /home/airflow/.local/lib/python3.6/site-packages/airflow/example_dags/example_branch_python_dop_operator_3.py
[2021-02-23 23:49:18,111] {logging_mixin.py:104} INFO - [2021-02-23 23:49:18,111] {dag.py:1818} INFO - Sync 1 DAGs
[2021-02-23 23:49:18,130] {logging_mixin.py:104} INFO - [2021-02-23 23:49:18,130] {dag.py:2273} INFO - Setting next_dagrun for example_branch_dop_operator_v3 to 2021-02-21 00:00:00+00:00
[2021-02-23 23:49:18,353] {scheduler_job.py:190} INFO - Processing /home/airflow/.local/lib/python3.6/site-packages/airflow/example_dags/example_branch_python_dop_operator_3.py took 0.266 seconds
