[2021-02-23 23:15:26,128] {scheduler_job.py:182} INFO - Started process (PID=29) to work on /home/airflow/.local/lib/python3.6/site-packages/airflow/example_dags/tutorial_etl_dag.py
[2021-02-23 23:15:26,129] {scheduler_job.py:629} INFO - Processing file /home/airflow/.local/lib/python3.6/site-packages/airflow/example_dags/tutorial_etl_dag.py for tasks to queue
[2021-02-23 23:15:26,129] {logging_mixin.py:104} INFO - [2021-02-23 23:15:26,129] {dagbag.py:448} INFO - Filling up the DagBag from /home/airflow/.local/lib/python3.6/site-packages/airflow/example_dags/tutorial_etl_dag.py
[2021-02-23 23:15:26,140] {scheduler_job.py:639} INFO - DAG(s) dict_keys(['tutorial_etl_dag']) retrieved from /home/airflow/.local/lib/python3.6/site-packages/airflow/example_dags/tutorial_etl_dag.py
[2021-02-23 23:15:26,159] {logging_mixin.py:104} INFO - [2021-02-23 23:15:26,159] {dag.py:1818} INFO - Sync 1 DAGs
[2021-02-23 23:15:26,168] {logging_mixin.py:104} INFO - [2021-02-23 23:15:26,168] {dag.py:1837} INFO - Creating ORM DAG for tutorial_etl_dag
[2021-02-23 23:15:26,174] {logging_mixin.py:104} INFO - [2021-02-23 23:15:26,174] {dag.py:2273} INFO - Setting next_dagrun for tutorial_etl_dag to None
[2021-02-23 23:15:26,288] {scheduler_job.py:190} INFO - Processing /home/airflow/.local/lib/python3.6/site-packages/airflow/example_dags/tutorial_etl_dag.py took 0.162 seconds
[2021-02-23 23:15:56,713] {scheduler_job.py:182} INFO - Started process (PID=56) to work on /home/airflow/.local/lib/python3.6/site-packages/airflow/example_dags/tutorial_etl_dag.py
[2021-02-23 23:15:56,714] {scheduler_job.py:629} INFO - Processing file /home/airflow/.local/lib/python3.6/site-packages/airflow/example_dags/tutorial_etl_dag.py for tasks to queue
[2021-02-23 23:15:56,714] {logging_mixin.py:104} INFO - [2021-02-23 23:15:56,714] {dagbag.py:448} INFO - Filling up the DagBag from /home/airflow/.local/lib/python3.6/site-packages/airflow/example_dags/tutorial_etl_dag.py
[2021-02-23 23:15:56,724] {scheduler_job.py:639} INFO - DAG(s) dict_keys(['tutorial_etl_dag']) retrieved from /home/airflow/.local/lib/python3.6/site-packages/airflow/example_dags/tutorial_etl_dag.py
[2021-02-23 23:15:56,738] {logging_mixin.py:104} INFO - [2021-02-23 23:15:56,738] {dag.py:1818} INFO - Sync 1 DAGs
[2021-02-23 23:15:56,749] {logging_mixin.py:104} INFO - [2021-02-23 23:15:56,749] {dag.py:2273} INFO - Setting next_dagrun for tutorial_etl_dag to None
[2021-02-23 23:15:56,875] {scheduler_job.py:190} INFO - Processing /home/airflow/.local/lib/python3.6/site-packages/airflow/example_dags/tutorial_etl_dag.py took 0.165 seconds
[2021-02-23 23:16:27,127] {scheduler_job.py:182} INFO - Started process (PID=83) to work on /home/airflow/.local/lib/python3.6/site-packages/airflow/example_dags/tutorial_etl_dag.py
[2021-02-23 23:16:27,129] {scheduler_job.py:629} INFO - Processing file /home/airflow/.local/lib/python3.6/site-packages/airflow/example_dags/tutorial_etl_dag.py for tasks to queue
[2021-02-23 23:16:27,129] {logging_mixin.py:104} INFO - [2021-02-23 23:16:27,129] {dagbag.py:448} INFO - Filling up the DagBag from /home/airflow/.local/lib/python3.6/site-packages/airflow/example_dags/tutorial_etl_dag.py
[2021-02-23 23:16:27,146] {scheduler_job.py:639} INFO - DAG(s) dict_keys(['tutorial_etl_dag']) retrieved from /home/airflow/.local/lib/python3.6/site-packages/airflow/example_dags/tutorial_etl_dag.py
[2021-02-23 23:16:27,167] {logging_mixin.py:104} INFO - [2021-02-23 23:16:27,167] {dag.py:1818} INFO - Sync 1 DAGs
[2021-02-23 23:16:27,185] {logging_mixin.py:104} INFO - [2021-02-23 23:16:27,185] {dag.py:2273} INFO - Setting next_dagrun for tutorial_etl_dag to None
[2021-02-23 23:16:27,534] {scheduler_job.py:190} INFO - Processing /home/airflow/.local/lib/python3.6/site-packages/airflow/example_dags/tutorial_etl_dag.py took 0.410 seconds
[2021-02-23 23:16:57,831] {scheduler_job.py:182} INFO - Started process (PID=110) to work on /home/airflow/.local/lib/python3.6/site-packages/airflow/example_dags/tutorial_etl_dag.py
[2021-02-23 23:16:57,832] {scheduler_job.py:629} INFO - Processing file /home/airflow/.local/lib/python3.6/site-packages/airflow/example_dags/tutorial_etl_dag.py for tasks to queue
[2021-02-23 23:16:57,833] {logging_mixin.py:104} INFO - [2021-02-23 23:16:57,833] {dagbag.py:448} INFO - Filling up the DagBag from /home/airflow/.local/lib/python3.6/site-packages/airflow/example_dags/tutorial_etl_dag.py
[2021-02-23 23:16:57,843] {scheduler_job.py:639} INFO - DAG(s) dict_keys(['tutorial_etl_dag']) retrieved from /home/airflow/.local/lib/python3.6/site-packages/airflow/example_dags/tutorial_etl_dag.py
[2021-02-23 23:16:57,858] {logging_mixin.py:104} INFO - [2021-02-23 23:16:57,858] {dag.py:1818} INFO - Sync 1 DAGs
[2021-02-23 23:16:57,868] {logging_mixin.py:104} INFO - [2021-02-23 23:16:57,868] {dag.py:2273} INFO - Setting next_dagrun for tutorial_etl_dag to None
[2021-02-23 23:16:57,942] {scheduler_job.py:190} INFO - Processing /home/airflow/.local/lib/python3.6/site-packages/airflow/example_dags/tutorial_etl_dag.py took 0.113 seconds
[2021-02-23 23:26:15,309] {scheduler_job.py:182} INFO - Started process (PID=47) to work on /home/airflow/.local/lib/python3.6/site-packages/airflow/example_dags/tutorial_etl_dag.py
[2021-02-23 23:26:15,311] {scheduler_job.py:629} INFO - Processing file /home/airflow/.local/lib/python3.6/site-packages/airflow/example_dags/tutorial_etl_dag.py for tasks to queue
[2021-02-23 23:26:15,313] {logging_mixin.py:104} INFO - [2021-02-23 23:26:15,312] {dagbag.py:448} INFO - Filling up the DagBag from /home/airflow/.local/lib/python3.6/site-packages/airflow/example_dags/tutorial_etl_dag.py
[2021-02-23 23:26:15,333] {scheduler_job.py:639} INFO - DAG(s) dict_keys(['tutorial_etl_dag']) retrieved from /home/airflow/.local/lib/python3.6/site-packages/airflow/example_dags/tutorial_etl_dag.py
[2021-02-23 23:26:15,358] {logging_mixin.py:104} INFO - [2021-02-23 23:26:15,358] {dag.py:1818} INFO - Sync 1 DAGs
[2021-02-23 23:26:15,381] {logging_mixin.py:104} INFO - [2021-02-23 23:26:15,381] {dag.py:2273} INFO - Setting next_dagrun for tutorial_etl_dag to None
[2021-02-23 23:26:15,422] {scheduler_job.py:190} INFO - Processing /home/airflow/.local/lib/python3.6/site-packages/airflow/example_dags/tutorial_etl_dag.py took 0.117 seconds
[2021-02-23 23:26:47,343] {scheduler_job.py:182} INFO - Started process (PID=74) to work on /home/airflow/.local/lib/python3.6/site-packages/airflow/example_dags/tutorial_etl_dag.py
[2021-02-23 23:26:47,344] {scheduler_job.py:629} INFO - Processing file /home/airflow/.local/lib/python3.6/site-packages/airflow/example_dags/tutorial_etl_dag.py for tasks to queue
[2021-02-23 23:26:47,344] {logging_mixin.py:104} INFO - [2021-02-23 23:26:47,344] {dagbag.py:448} INFO - Filling up the DagBag from /home/airflow/.local/lib/python3.6/site-packages/airflow/example_dags/tutorial_etl_dag.py
[2021-02-23 23:26:47,356] {scheduler_job.py:639} INFO - DAG(s) dict_keys(['tutorial_etl_dag']) retrieved from /home/airflow/.local/lib/python3.6/site-packages/airflow/example_dags/tutorial_etl_dag.py
[2021-02-23 23:26:47,375] {logging_mixin.py:104} INFO - [2021-02-23 23:26:47,374] {dag.py:1818} INFO - Sync 1 DAGs
[2021-02-23 23:26:47,387] {logging_mixin.py:104} INFO - [2021-02-23 23:26:47,387] {dag.py:2273} INFO - Setting next_dagrun for tutorial_etl_dag to None
[2021-02-23 23:26:47,505] {scheduler_job.py:190} INFO - Processing /home/airflow/.local/lib/python3.6/site-packages/airflow/example_dags/tutorial_etl_dag.py took 0.165 seconds
[2021-02-23 23:27:17,585] {scheduler_job.py:182} INFO - Started process (PID=101) to work on /home/airflow/.local/lib/python3.6/site-packages/airflow/example_dags/tutorial_etl_dag.py
[2021-02-23 23:27:17,585] {scheduler_job.py:629} INFO - Processing file /home/airflow/.local/lib/python3.6/site-packages/airflow/example_dags/tutorial_etl_dag.py for tasks to queue
[2021-02-23 23:27:17,586] {logging_mixin.py:104} INFO - [2021-02-23 23:27:17,586] {dagbag.py:448} INFO - Filling up the DagBag from /home/airflow/.local/lib/python3.6/site-packages/airflow/example_dags/tutorial_etl_dag.py
[2021-02-23 23:27:17,595] {scheduler_job.py:639} INFO - DAG(s) dict_keys(['tutorial_etl_dag']) retrieved from /home/airflow/.local/lib/python3.6/site-packages/airflow/example_dags/tutorial_etl_dag.py
[2021-02-23 23:27:17,629] {logging_mixin.py:104} INFO - [2021-02-23 23:27:17,629] {dag.py:1818} INFO - Sync 1 DAGs
[2021-02-23 23:27:17,647] {logging_mixin.py:104} INFO - [2021-02-23 23:27:17,647] {dag.py:2273} INFO - Setting next_dagrun for tutorial_etl_dag to None
[2021-02-23 23:27:17,682] {scheduler_job.py:190} INFO - Processing /home/airflow/.local/lib/python3.6/site-packages/airflow/example_dags/tutorial_etl_dag.py took 0.099 seconds
[2021-02-23 23:27:48,123] {scheduler_job.py:182} INFO - Started process (PID=126) to work on /home/airflow/.local/lib/python3.6/site-packages/airflow/example_dags/tutorial_etl_dag.py
[2021-02-23 23:27:48,125] {scheduler_job.py:629} INFO - Processing file /home/airflow/.local/lib/python3.6/site-packages/airflow/example_dags/tutorial_etl_dag.py for tasks to queue
[2021-02-23 23:27:48,125] {logging_mixin.py:104} INFO - [2021-02-23 23:27:48,125] {dagbag.py:448} INFO - Filling up the DagBag from /home/airflow/.local/lib/python3.6/site-packages/airflow/example_dags/tutorial_etl_dag.py
[2021-02-23 23:27:48,142] {scheduler_job.py:639} INFO - DAG(s) dict_keys(['tutorial_etl_dag']) retrieved from /home/airflow/.local/lib/python3.6/site-packages/airflow/example_dags/tutorial_etl_dag.py
[2021-02-23 23:27:48,160] {logging_mixin.py:104} INFO - [2021-02-23 23:27:48,160] {dag.py:1818} INFO - Sync 1 DAGs
[2021-02-23 23:27:48,174] {logging_mixin.py:104} INFO - [2021-02-23 23:27:48,174] {dag.py:2273} INFO - Setting next_dagrun for tutorial_etl_dag to None
[2021-02-23 23:27:48,402] {scheduler_job.py:190} INFO - Processing /home/airflow/.local/lib/python3.6/site-packages/airflow/example_dags/tutorial_etl_dag.py took 0.283 seconds
[2021-02-23 23:28:19,112] {scheduler_job.py:182} INFO - Started process (PID=152) to work on /home/airflow/.local/lib/python3.6/site-packages/airflow/example_dags/tutorial_etl_dag.py
[2021-02-23 23:28:19,113] {scheduler_job.py:629} INFO - Processing file /home/airflow/.local/lib/python3.6/site-packages/airflow/example_dags/tutorial_etl_dag.py for tasks to queue
[2021-02-23 23:28:19,114] {logging_mixin.py:104} INFO - [2021-02-23 23:28:19,113] {dagbag.py:448} INFO - Filling up the DagBag from /home/airflow/.local/lib/python3.6/site-packages/airflow/example_dags/tutorial_etl_dag.py
[2021-02-23 23:28:19,122] {scheduler_job.py:639} INFO - DAG(s) dict_keys(['tutorial_etl_dag']) retrieved from /home/airflow/.local/lib/python3.6/site-packages/airflow/example_dags/tutorial_etl_dag.py
[2021-02-23 23:28:19,134] {logging_mixin.py:104} INFO - [2021-02-23 23:28:19,134] {dag.py:1818} INFO - Sync 1 DAGs
[2021-02-23 23:28:19,145] {logging_mixin.py:104} INFO - [2021-02-23 23:28:19,145] {dag.py:2273} INFO - Setting next_dagrun for tutorial_etl_dag to None
[2021-02-23 23:28:19,178] {scheduler_job.py:190} INFO - Processing /home/airflow/.local/lib/python3.6/site-packages/airflow/example_dags/tutorial_etl_dag.py took 0.068 seconds
[2021-02-23 23:28:50,135] {scheduler_job.py:182} INFO - Started process (PID=180) to work on /home/airflow/.local/lib/python3.6/site-packages/airflow/example_dags/tutorial_etl_dag.py
[2021-02-23 23:28:50,136] {scheduler_job.py:629} INFO - Processing file /home/airflow/.local/lib/python3.6/site-packages/airflow/example_dags/tutorial_etl_dag.py for tasks to queue
[2021-02-23 23:28:50,137] {logging_mixin.py:104} INFO - [2021-02-23 23:28:50,137] {dagbag.py:448} INFO - Filling up the DagBag from /home/airflow/.local/lib/python3.6/site-packages/airflow/example_dags/tutorial_etl_dag.py
[2021-02-23 23:28:50,147] {scheduler_job.py:639} INFO - DAG(s) dict_keys(['tutorial_etl_dag']) retrieved from /home/airflow/.local/lib/python3.6/site-packages/airflow/example_dags/tutorial_etl_dag.py
[2021-02-23 23:28:50,163] {logging_mixin.py:104} INFO - [2021-02-23 23:28:50,163] {dag.py:1818} INFO - Sync 1 DAGs
[2021-02-23 23:28:50,176] {logging_mixin.py:104} INFO - [2021-02-23 23:28:50,176] {dag.py:2273} INFO - Setting next_dagrun for tutorial_etl_dag to None
[2021-02-23 23:28:50,224] {scheduler_job.py:190} INFO - Processing /home/airflow/.local/lib/python3.6/site-packages/airflow/example_dags/tutorial_etl_dag.py took 0.093 seconds
[2021-02-23 23:29:20,316] {scheduler_job.py:182} INFO - Started process (PID=207) to work on /home/airflow/.local/lib/python3.6/site-packages/airflow/example_dags/tutorial_etl_dag.py
[2021-02-23 23:29:20,317] {scheduler_job.py:629} INFO - Processing file /home/airflow/.local/lib/python3.6/site-packages/airflow/example_dags/tutorial_etl_dag.py for tasks to queue
[2021-02-23 23:29:20,317] {logging_mixin.py:104} INFO - [2021-02-23 23:29:20,317] {dagbag.py:448} INFO - Filling up the DagBag from /home/airflow/.local/lib/python3.6/site-packages/airflow/example_dags/tutorial_etl_dag.py
[2021-02-23 23:29:20,327] {scheduler_job.py:639} INFO - DAG(s) dict_keys(['tutorial_etl_dag']) retrieved from /home/airflow/.local/lib/python3.6/site-packages/airflow/example_dags/tutorial_etl_dag.py
[2021-02-23 23:29:20,346] {logging_mixin.py:104} INFO - [2021-02-23 23:29:20,346] {dag.py:1818} INFO - Sync 1 DAGs
[2021-02-23 23:29:20,358] {logging_mixin.py:104} INFO - [2021-02-23 23:29:20,357] {dag.py:2273} INFO - Setting next_dagrun for tutorial_etl_dag to None
[2021-02-23 23:29:20,390] {scheduler_job.py:190} INFO - Processing /home/airflow/.local/lib/python3.6/site-packages/airflow/example_dags/tutorial_etl_dag.py took 0.076 seconds
[2021-02-23 23:29:50,519] {scheduler_job.py:182} INFO - Started process (PID=235) to work on /home/airflow/.local/lib/python3.6/site-packages/airflow/example_dags/tutorial_etl_dag.py
[2021-02-23 23:29:50,519] {scheduler_job.py:629} INFO - Processing file /home/airflow/.local/lib/python3.6/site-packages/airflow/example_dags/tutorial_etl_dag.py for tasks to queue
[2021-02-23 23:29:50,520] {logging_mixin.py:104} INFO - [2021-02-23 23:29:50,520] {dagbag.py:448} INFO - Filling up the DagBag from /home/airflow/.local/lib/python3.6/site-packages/airflow/example_dags/tutorial_etl_dag.py
[2021-02-23 23:29:50,531] {scheduler_job.py:639} INFO - DAG(s) dict_keys(['tutorial_etl_dag']) retrieved from /home/airflow/.local/lib/python3.6/site-packages/airflow/example_dags/tutorial_etl_dag.py
[2021-02-23 23:29:50,548] {logging_mixin.py:104} INFO - [2021-02-23 23:29:50,547] {dag.py:1818} INFO - Sync 1 DAGs
[2021-02-23 23:29:50,560] {logging_mixin.py:104} INFO - [2021-02-23 23:29:50,560] {dag.py:2273} INFO - Setting next_dagrun for tutorial_etl_dag to None
[2021-02-23 23:29:50,589] {scheduler_job.py:190} INFO - Processing /home/airflow/.local/lib/python3.6/site-packages/airflow/example_dags/tutorial_etl_dag.py took 0.073 seconds
[2021-02-23 23:30:21,168] {scheduler_job.py:182} INFO - Started process (PID=260) to work on /home/airflow/.local/lib/python3.6/site-packages/airflow/example_dags/tutorial_etl_dag.py
[2021-02-23 23:30:21,169] {scheduler_job.py:629} INFO - Processing file /home/airflow/.local/lib/python3.6/site-packages/airflow/example_dags/tutorial_etl_dag.py for tasks to queue
[2021-02-23 23:30:21,170] {logging_mixin.py:104} INFO - [2021-02-23 23:30:21,170] {dagbag.py:448} INFO - Filling up the DagBag from /home/airflow/.local/lib/python3.6/site-packages/airflow/example_dags/tutorial_etl_dag.py
[2021-02-23 23:30:21,178] {scheduler_job.py:639} INFO - DAG(s) dict_keys(['tutorial_etl_dag']) retrieved from /home/airflow/.local/lib/python3.6/site-packages/airflow/example_dags/tutorial_etl_dag.py
[2021-02-23 23:30:21,194] {logging_mixin.py:104} INFO - [2021-02-23 23:30:21,194] {dag.py:1818} INFO - Sync 1 DAGs
[2021-02-23 23:30:21,209] {logging_mixin.py:104} INFO - [2021-02-23 23:30:21,209] {dag.py:2273} INFO - Setting next_dagrun for tutorial_etl_dag to None
[2021-02-23 23:30:21,290] {scheduler_job.py:190} INFO - Processing /home/airflow/.local/lib/python3.6/site-packages/airflow/example_dags/tutorial_etl_dag.py took 0.125 seconds
[2021-02-23 23:30:52,398] {scheduler_job.py:182} INFO - Started process (PID=288) to work on /home/airflow/.local/lib/python3.6/site-packages/airflow/example_dags/tutorial_etl_dag.py
[2021-02-23 23:30:52,399] {scheduler_job.py:629} INFO - Processing file /home/airflow/.local/lib/python3.6/site-packages/airflow/example_dags/tutorial_etl_dag.py for tasks to queue
[2021-02-23 23:30:52,400] {logging_mixin.py:104} INFO - [2021-02-23 23:30:52,400] {dagbag.py:448} INFO - Filling up the DagBag from /home/airflow/.local/lib/python3.6/site-packages/airflow/example_dags/tutorial_etl_dag.py
[2021-02-23 23:30:52,416] {scheduler_job.py:639} INFO - DAG(s) dict_keys(['tutorial_etl_dag']) retrieved from /home/airflow/.local/lib/python3.6/site-packages/airflow/example_dags/tutorial_etl_dag.py
[2021-02-23 23:30:52,449] {logging_mixin.py:104} INFO - [2021-02-23 23:30:52,448] {dag.py:1818} INFO - Sync 1 DAGs
[2021-02-23 23:30:52,470] {logging_mixin.py:104} INFO - [2021-02-23 23:30:52,470] {dag.py:2273} INFO - Setting next_dagrun for tutorial_etl_dag to None
[2021-02-23 23:30:52,589] {scheduler_job.py:190} INFO - Processing /home/airflow/.local/lib/python3.6/site-packages/airflow/example_dags/tutorial_etl_dag.py took 0.194 seconds
[2021-02-23 23:31:23,158] {scheduler_job.py:182} INFO - Started process (PID=317) to work on /home/airflow/.local/lib/python3.6/site-packages/airflow/example_dags/tutorial_etl_dag.py
[2021-02-23 23:31:23,159] {scheduler_job.py:629} INFO - Processing file /home/airflow/.local/lib/python3.6/site-packages/airflow/example_dags/tutorial_etl_dag.py for tasks to queue
[2021-02-23 23:31:23,159] {logging_mixin.py:104} INFO - [2021-02-23 23:31:23,159] {dagbag.py:448} INFO - Filling up the DagBag from /home/airflow/.local/lib/python3.6/site-packages/airflow/example_dags/tutorial_etl_dag.py
[2021-02-23 23:31:23,172] {scheduler_job.py:639} INFO - DAG(s) dict_keys(['tutorial_etl_dag']) retrieved from /home/airflow/.local/lib/python3.6/site-packages/airflow/example_dags/tutorial_etl_dag.py
[2021-02-23 23:31:23,194] {logging_mixin.py:104} INFO - [2021-02-23 23:31:23,194] {dag.py:1818} INFO - Sync 1 DAGs
[2021-02-23 23:31:23,213] {logging_mixin.py:104} INFO - [2021-02-23 23:31:23,213] {dag.py:2273} INFO - Setting next_dagrun for tutorial_etl_dag to None
[2021-02-23 23:31:23,247] {scheduler_job.py:190} INFO - Processing /home/airflow/.local/lib/python3.6/site-packages/airflow/example_dags/tutorial_etl_dag.py took 0.092 seconds
[2021-02-23 23:31:53,627] {scheduler_job.py:182} INFO - Started process (PID=342) to work on /home/airflow/.local/lib/python3.6/site-packages/airflow/example_dags/tutorial_etl_dag.py
[2021-02-23 23:31:53,628] {scheduler_job.py:629} INFO - Processing file /home/airflow/.local/lib/python3.6/site-packages/airflow/example_dags/tutorial_etl_dag.py for tasks to queue
[2021-02-23 23:31:53,628] {logging_mixin.py:104} INFO - [2021-02-23 23:31:53,628] {dagbag.py:448} INFO - Filling up the DagBag from /home/airflow/.local/lib/python3.6/site-packages/airflow/example_dags/tutorial_etl_dag.py
[2021-02-23 23:31:53,641] {scheduler_job.py:639} INFO - DAG(s) dict_keys(['tutorial_etl_dag']) retrieved from /home/airflow/.local/lib/python3.6/site-packages/airflow/example_dags/tutorial_etl_dag.py
[2021-02-23 23:31:53,659] {logging_mixin.py:104} INFO - [2021-02-23 23:31:53,659] {dag.py:1818} INFO - Sync 1 DAGs
[2021-02-23 23:31:53,673] {logging_mixin.py:104} INFO - [2021-02-23 23:31:53,673] {dag.py:2273} INFO - Setting next_dagrun for tutorial_etl_dag to None
[2021-02-23 23:31:53,706] {scheduler_job.py:190} INFO - Processing /home/airflow/.local/lib/python3.6/site-packages/airflow/example_dags/tutorial_etl_dag.py took 0.082 seconds
[2021-02-23 23:32:24,551] {scheduler_job.py:182} INFO - Started process (PID=368) to work on /home/airflow/.local/lib/python3.6/site-packages/airflow/example_dags/tutorial_etl_dag.py
[2021-02-23 23:32:24,552] {scheduler_job.py:629} INFO - Processing file /home/airflow/.local/lib/python3.6/site-packages/airflow/example_dags/tutorial_etl_dag.py for tasks to queue
[2021-02-23 23:32:24,553] {logging_mixin.py:104} INFO - [2021-02-23 23:32:24,553] {dagbag.py:448} INFO - Filling up the DagBag from /home/airflow/.local/lib/python3.6/site-packages/airflow/example_dags/tutorial_etl_dag.py
[2021-02-23 23:32:24,564] {scheduler_job.py:639} INFO - DAG(s) dict_keys(['tutorial_etl_dag']) retrieved from /home/airflow/.local/lib/python3.6/site-packages/airflow/example_dags/tutorial_etl_dag.py
[2021-02-23 23:32:24,582] {logging_mixin.py:104} INFO - [2021-02-23 23:32:24,582] {dag.py:1818} INFO - Sync 1 DAGs
[2021-02-23 23:32:24,595] {logging_mixin.py:104} INFO - [2021-02-23 23:32:24,595] {dag.py:2273} INFO - Setting next_dagrun for tutorial_etl_dag to None
[2021-02-23 23:32:24,632] {scheduler_job.py:190} INFO - Processing /home/airflow/.local/lib/python3.6/site-packages/airflow/example_dags/tutorial_etl_dag.py took 0.083 seconds
[2021-02-23 23:32:55,591] {scheduler_job.py:182} INFO - Started process (PID=395) to work on /home/airflow/.local/lib/python3.6/site-packages/airflow/example_dags/tutorial_etl_dag.py
[2021-02-23 23:32:55,591] {scheduler_job.py:629} INFO - Processing file /home/airflow/.local/lib/python3.6/site-packages/airflow/example_dags/tutorial_etl_dag.py for tasks to queue
[2021-02-23 23:32:55,592] {logging_mixin.py:104} INFO - [2021-02-23 23:32:55,592] {dagbag.py:448} INFO - Filling up the DagBag from /home/airflow/.local/lib/python3.6/site-packages/airflow/example_dags/tutorial_etl_dag.py
[2021-02-23 23:32:55,601] {scheduler_job.py:639} INFO - DAG(s) dict_keys(['tutorial_etl_dag']) retrieved from /home/airflow/.local/lib/python3.6/site-packages/airflow/example_dags/tutorial_etl_dag.py
[2021-02-23 23:32:55,616] {logging_mixin.py:104} INFO - [2021-02-23 23:32:55,616] {dag.py:1818} INFO - Sync 1 DAGs
[2021-02-23 23:32:55,630] {logging_mixin.py:104} INFO - [2021-02-23 23:32:55,630] {dag.py:2273} INFO - Setting next_dagrun for tutorial_etl_dag to None
[2021-02-23 23:32:55,659] {scheduler_job.py:190} INFO - Processing /home/airflow/.local/lib/python3.6/site-packages/airflow/example_dags/tutorial_etl_dag.py took 0.071 seconds
[2021-02-23 23:33:26,362] {scheduler_job.py:182} INFO - Started process (PID=422) to work on /home/airflow/.local/lib/python3.6/site-packages/airflow/example_dags/tutorial_etl_dag.py
[2021-02-23 23:33:26,363] {scheduler_job.py:629} INFO - Processing file /home/airflow/.local/lib/python3.6/site-packages/airflow/example_dags/tutorial_etl_dag.py for tasks to queue
[2021-02-23 23:33:26,364] {logging_mixin.py:104} INFO - [2021-02-23 23:33:26,364] {dagbag.py:448} INFO - Filling up the DagBag from /home/airflow/.local/lib/python3.6/site-packages/airflow/example_dags/tutorial_etl_dag.py
[2021-02-23 23:33:26,374] {scheduler_job.py:639} INFO - DAG(s) dict_keys(['tutorial_etl_dag']) retrieved from /home/airflow/.local/lib/python3.6/site-packages/airflow/example_dags/tutorial_etl_dag.py
[2021-02-23 23:33:26,391] {logging_mixin.py:104} INFO - [2021-02-23 23:33:26,391] {dag.py:1818} INFO - Sync 1 DAGs
[2021-02-23 23:33:26,405] {logging_mixin.py:104} INFO - [2021-02-23 23:33:26,404] {dag.py:2273} INFO - Setting next_dagrun for tutorial_etl_dag to None
[2021-02-23 23:33:26,443] {scheduler_job.py:190} INFO - Processing /home/airflow/.local/lib/python3.6/site-packages/airflow/example_dags/tutorial_etl_dag.py took 0.084 seconds
[2021-02-23 23:33:56,957] {scheduler_job.py:182} INFO - Started process (PID=448) to work on /home/airflow/.local/lib/python3.6/site-packages/airflow/example_dags/tutorial_etl_dag.py
[2021-02-23 23:33:56,958] {scheduler_job.py:629} INFO - Processing file /home/airflow/.local/lib/python3.6/site-packages/airflow/example_dags/tutorial_etl_dag.py for tasks to queue
[2021-02-23 23:33:56,959] {logging_mixin.py:104} INFO - [2021-02-23 23:33:56,959] {dagbag.py:448} INFO - Filling up the DagBag from /home/airflow/.local/lib/python3.6/site-packages/airflow/example_dags/tutorial_etl_dag.py
[2021-02-23 23:33:56,973] {scheduler_job.py:639} INFO - DAG(s) dict_keys(['tutorial_etl_dag']) retrieved from /home/airflow/.local/lib/python3.6/site-packages/airflow/example_dags/tutorial_etl_dag.py
[2021-02-23 23:33:56,990] {logging_mixin.py:104} INFO - [2021-02-23 23:33:56,990] {dag.py:1818} INFO - Sync 1 DAGs
[2021-02-23 23:33:57,003] {logging_mixin.py:104} INFO - [2021-02-23 23:33:57,003] {dag.py:2273} INFO - Setting next_dagrun for tutorial_etl_dag to None
[2021-02-23 23:33:57,035] {scheduler_job.py:190} INFO - Processing /home/airflow/.local/lib/python3.6/site-packages/airflow/example_dags/tutorial_etl_dag.py took 0.085 seconds
[2021-02-23 23:34:27,291] {scheduler_job.py:182} INFO - Started process (PID=472) to work on /home/airflow/.local/lib/python3.6/site-packages/airflow/example_dags/tutorial_etl_dag.py
[2021-02-23 23:34:27,371] {scheduler_job.py:629} INFO - Processing file /home/airflow/.local/lib/python3.6/site-packages/airflow/example_dags/tutorial_etl_dag.py for tasks to queue
[2021-02-23 23:34:27,373] {logging_mixin.py:104} INFO - [2021-02-23 23:34:27,373] {dagbag.py:448} INFO - Filling up the DagBag from /home/airflow/.local/lib/python3.6/site-packages/airflow/example_dags/tutorial_etl_dag.py
[2021-02-23 23:34:27,405] {scheduler_job.py:639} INFO - DAG(s) dict_keys(['tutorial_etl_dag']) retrieved from /home/airflow/.local/lib/python3.6/site-packages/airflow/example_dags/tutorial_etl_dag.py
[2021-02-23 23:34:27,424] {logging_mixin.py:104} INFO - [2021-02-23 23:34:27,424] {dag.py:1818} INFO - Sync 1 DAGs
[2021-02-23 23:34:27,440] {logging_mixin.py:104} INFO - [2021-02-23 23:34:27,440] {dag.py:2273} INFO - Setting next_dagrun for tutorial_etl_dag to None
[2021-02-23 23:34:27,621] {scheduler_job.py:190} INFO - Processing /home/airflow/.local/lib/python3.6/site-packages/airflow/example_dags/tutorial_etl_dag.py took 0.332 seconds
[2021-02-23 23:34:58,536] {scheduler_job.py:182} INFO - Started process (PID=502) to work on /home/airflow/.local/lib/python3.6/site-packages/airflow/example_dags/tutorial_etl_dag.py
[2021-02-23 23:34:58,536] {scheduler_job.py:629} INFO - Processing file /home/airflow/.local/lib/python3.6/site-packages/airflow/example_dags/tutorial_etl_dag.py for tasks to queue
[2021-02-23 23:34:58,537] {logging_mixin.py:104} INFO - [2021-02-23 23:34:58,537] {dagbag.py:448} INFO - Filling up the DagBag from /home/airflow/.local/lib/python3.6/site-packages/airflow/example_dags/tutorial_etl_dag.py
[2021-02-23 23:34:58,546] {scheduler_job.py:639} INFO - DAG(s) dict_keys(['tutorial_etl_dag']) retrieved from /home/airflow/.local/lib/python3.6/site-packages/airflow/example_dags/tutorial_etl_dag.py
[2021-02-23 23:34:58,560] {logging_mixin.py:104} INFO - [2021-02-23 23:34:58,560] {dag.py:1818} INFO - Sync 1 DAGs
[2021-02-23 23:34:58,574] {logging_mixin.py:104} INFO - [2021-02-23 23:34:58,574] {dag.py:2273} INFO - Setting next_dagrun for tutorial_etl_dag to None
[2021-02-23 23:34:58,606] {scheduler_job.py:190} INFO - Processing /home/airflow/.local/lib/python3.6/site-packages/airflow/example_dags/tutorial_etl_dag.py took 0.073 seconds
[2021-02-23 23:35:29,228] {scheduler_job.py:182} INFO - Started process (PID=528) to work on /home/airflow/.local/lib/python3.6/site-packages/airflow/example_dags/tutorial_etl_dag.py
[2021-02-23 23:35:29,229] {scheduler_job.py:629} INFO - Processing file /home/airflow/.local/lib/python3.6/site-packages/airflow/example_dags/tutorial_etl_dag.py for tasks to queue
[2021-02-23 23:35:29,229] {logging_mixin.py:104} INFO - [2021-02-23 23:35:29,229] {dagbag.py:448} INFO - Filling up the DagBag from /home/airflow/.local/lib/python3.6/site-packages/airflow/example_dags/tutorial_etl_dag.py
[2021-02-23 23:35:29,242] {scheduler_job.py:639} INFO - DAG(s) dict_keys(['tutorial_etl_dag']) retrieved from /home/airflow/.local/lib/python3.6/site-packages/airflow/example_dags/tutorial_etl_dag.py
[2021-02-23 23:35:29,260] {logging_mixin.py:104} INFO - [2021-02-23 23:35:29,260] {dag.py:1818} INFO - Sync 1 DAGs
[2021-02-23 23:35:29,273] {logging_mixin.py:104} INFO - [2021-02-23 23:35:29,273] {dag.py:2273} INFO - Setting next_dagrun for tutorial_etl_dag to None
[2021-02-23 23:35:29,305] {scheduler_job.py:190} INFO - Processing /home/airflow/.local/lib/python3.6/site-packages/airflow/example_dags/tutorial_etl_dag.py took 0.080 seconds
[2021-02-23 23:36:00,350] {scheduler_job.py:182} INFO - Started process (PID=557) to work on /home/airflow/.local/lib/python3.6/site-packages/airflow/example_dags/tutorial_etl_dag.py
[2021-02-23 23:36:00,351] {scheduler_job.py:629} INFO - Processing file /home/airflow/.local/lib/python3.6/site-packages/airflow/example_dags/tutorial_etl_dag.py for tasks to queue
[2021-02-23 23:36:00,352] {logging_mixin.py:104} INFO - [2021-02-23 23:36:00,352] {dagbag.py:448} INFO - Filling up the DagBag from /home/airflow/.local/lib/python3.6/site-packages/airflow/example_dags/tutorial_etl_dag.py
[2021-02-23 23:36:00,368] {scheduler_job.py:639} INFO - DAG(s) dict_keys(['tutorial_etl_dag']) retrieved from /home/airflow/.local/lib/python3.6/site-packages/airflow/example_dags/tutorial_etl_dag.py
[2021-02-23 23:36:00,390] {logging_mixin.py:104} INFO - [2021-02-23 23:36:00,390] {dag.py:1818} INFO - Sync 1 DAGs
[2021-02-23 23:36:00,408] {logging_mixin.py:104} INFO - [2021-02-23 23:36:00,408] {dag.py:2273} INFO - Setting next_dagrun for tutorial_etl_dag to None
[2021-02-23 23:36:00,440] {scheduler_job.py:190} INFO - Processing /home/airflow/.local/lib/python3.6/site-packages/airflow/example_dags/tutorial_etl_dag.py took 0.093 seconds
[2021-02-23 23:36:31,058] {scheduler_job.py:182} INFO - Started process (PID=584) to work on /home/airflow/.local/lib/python3.6/site-packages/airflow/example_dags/tutorial_etl_dag.py
[2021-02-23 23:36:31,060] {scheduler_job.py:629} INFO - Processing file /home/airflow/.local/lib/python3.6/site-packages/airflow/example_dags/tutorial_etl_dag.py for tasks to queue
[2021-02-23 23:36:31,060] {logging_mixin.py:104} INFO - [2021-02-23 23:36:31,060] {dagbag.py:448} INFO - Filling up the DagBag from /home/airflow/.local/lib/python3.6/site-packages/airflow/example_dags/tutorial_etl_dag.py
[2021-02-23 23:36:31,074] {scheduler_job.py:639} INFO - DAG(s) dict_keys(['tutorial_etl_dag']) retrieved from /home/airflow/.local/lib/python3.6/site-packages/airflow/example_dags/tutorial_etl_dag.py
[2021-02-23 23:36:31,093] {logging_mixin.py:104} INFO - [2021-02-23 23:36:31,093] {dag.py:1818} INFO - Sync 1 DAGs
[2021-02-23 23:36:31,109] {logging_mixin.py:104} INFO - [2021-02-23 23:36:31,109] {dag.py:2273} INFO - Setting next_dagrun for tutorial_etl_dag to None
[2021-02-23 23:36:31,138] {scheduler_job.py:190} INFO - Processing /home/airflow/.local/lib/python3.6/site-packages/airflow/example_dags/tutorial_etl_dag.py took 0.084 seconds
[2021-02-23 23:37:01,991] {scheduler_job.py:182} INFO - Started process (PID=611) to work on /home/airflow/.local/lib/python3.6/site-packages/airflow/example_dags/tutorial_etl_dag.py
[2021-02-23 23:37:01,993] {scheduler_job.py:629} INFO - Processing file /home/airflow/.local/lib/python3.6/site-packages/airflow/example_dags/tutorial_etl_dag.py for tasks to queue
[2021-02-23 23:37:01,994] {logging_mixin.py:104} INFO - [2021-02-23 23:37:01,994] {dagbag.py:448} INFO - Filling up the DagBag from /home/airflow/.local/lib/python3.6/site-packages/airflow/example_dags/tutorial_etl_dag.py
[2021-02-23 23:37:02,007] {scheduler_job.py:639} INFO - DAG(s) dict_keys(['tutorial_etl_dag']) retrieved from /home/airflow/.local/lib/python3.6/site-packages/airflow/example_dags/tutorial_etl_dag.py
[2021-02-23 23:37:02,033] {logging_mixin.py:104} INFO - [2021-02-23 23:37:02,032] {dag.py:1818} INFO - Sync 1 DAGs
[2021-02-23 23:37:02,051] {logging_mixin.py:104} INFO - [2021-02-23 23:37:02,051] {dag.py:2273} INFO - Setting next_dagrun for tutorial_etl_dag to None
[2021-02-23 23:37:02,094] {scheduler_job.py:190} INFO - Processing /home/airflow/.local/lib/python3.6/site-packages/airflow/example_dags/tutorial_etl_dag.py took 0.105 seconds
[2021-02-23 23:37:32,264] {scheduler_job.py:182} INFO - Started process (PID=635) to work on /home/airflow/.local/lib/python3.6/site-packages/airflow/example_dags/tutorial_etl_dag.py
[2021-02-23 23:37:32,265] {scheduler_job.py:629} INFO - Processing file /home/airflow/.local/lib/python3.6/site-packages/airflow/example_dags/tutorial_etl_dag.py for tasks to queue
[2021-02-23 23:37:32,266] {logging_mixin.py:104} INFO - [2021-02-23 23:37:32,265] {dagbag.py:448} INFO - Filling up the DagBag from /home/airflow/.local/lib/python3.6/site-packages/airflow/example_dags/tutorial_etl_dag.py
[2021-02-23 23:37:32,279] {scheduler_job.py:639} INFO - DAG(s) dict_keys(['tutorial_etl_dag']) retrieved from /home/airflow/.local/lib/python3.6/site-packages/airflow/example_dags/tutorial_etl_dag.py
[2021-02-23 23:37:32,302] {logging_mixin.py:104} INFO - [2021-02-23 23:37:32,302] {dag.py:1818} INFO - Sync 1 DAGs
[2021-02-23 23:37:32,316] {logging_mixin.py:104} INFO - [2021-02-23 23:37:32,316] {dag.py:2273} INFO - Setting next_dagrun for tutorial_etl_dag to None
[2021-02-23 23:37:32,359] {scheduler_job.py:190} INFO - Processing /home/airflow/.local/lib/python3.6/site-packages/airflow/example_dags/tutorial_etl_dag.py took 0.098 seconds
[2021-02-23 23:38:02,754] {scheduler_job.py:182} INFO - Started process (PID=663) to work on /home/airflow/.local/lib/python3.6/site-packages/airflow/example_dags/tutorial_etl_dag.py
[2021-02-23 23:38:02,755] {scheduler_job.py:629} INFO - Processing file /home/airflow/.local/lib/python3.6/site-packages/airflow/example_dags/tutorial_etl_dag.py for tasks to queue
[2021-02-23 23:38:02,756] {logging_mixin.py:104} INFO - [2021-02-23 23:38:02,756] {dagbag.py:448} INFO - Filling up the DagBag from /home/airflow/.local/lib/python3.6/site-packages/airflow/example_dags/tutorial_etl_dag.py
[2021-02-23 23:38:02,770] {scheduler_job.py:639} INFO - DAG(s) dict_keys(['tutorial_etl_dag']) retrieved from /home/airflow/.local/lib/python3.6/site-packages/airflow/example_dags/tutorial_etl_dag.py
[2021-02-23 23:38:02,787] {logging_mixin.py:104} INFO - [2021-02-23 23:38:02,787] {dag.py:1818} INFO - Sync 1 DAGs
[2021-02-23 23:38:02,800] {logging_mixin.py:104} INFO - [2021-02-23 23:38:02,800] {dag.py:2273} INFO - Setting next_dagrun for tutorial_etl_dag to None
[2021-02-23 23:38:02,848] {scheduler_job.py:190} INFO - Processing /home/airflow/.local/lib/python3.6/site-packages/airflow/example_dags/tutorial_etl_dag.py took 0.097 seconds
[2021-02-23 23:38:33,238] {scheduler_job.py:182} INFO - Started process (PID=689) to work on /home/airflow/.local/lib/python3.6/site-packages/airflow/example_dags/tutorial_etl_dag.py
[2021-02-23 23:38:33,242] {scheduler_job.py:629} INFO - Processing file /home/airflow/.local/lib/python3.6/site-packages/airflow/example_dags/tutorial_etl_dag.py for tasks to queue
[2021-02-23 23:38:33,243] {logging_mixin.py:104} INFO - [2021-02-23 23:38:33,243] {dagbag.py:448} INFO - Filling up the DagBag from /home/airflow/.local/lib/python3.6/site-packages/airflow/example_dags/tutorial_etl_dag.py
[2021-02-23 23:38:33,264] {scheduler_job.py:639} INFO - DAG(s) dict_keys(['tutorial_etl_dag']) retrieved from /home/airflow/.local/lib/python3.6/site-packages/airflow/example_dags/tutorial_etl_dag.py
[2021-02-23 23:38:33,281] {logging_mixin.py:104} INFO - [2021-02-23 23:38:33,281] {dag.py:1818} INFO - Sync 1 DAGs
[2021-02-23 23:38:33,294] {logging_mixin.py:104} INFO - [2021-02-23 23:38:33,293] {dag.py:2273} INFO - Setting next_dagrun for tutorial_etl_dag to None
[2021-02-23 23:38:33,332] {scheduler_job.py:190} INFO - Processing /home/airflow/.local/lib/python3.6/site-packages/airflow/example_dags/tutorial_etl_dag.py took 0.100 seconds
[2021-02-23 23:39:03,394] {scheduler_job.py:182} INFO - Started process (PID=716) to work on /home/airflow/.local/lib/python3.6/site-packages/airflow/example_dags/tutorial_etl_dag.py
[2021-02-23 23:39:03,395] {scheduler_job.py:629} INFO - Processing file /home/airflow/.local/lib/python3.6/site-packages/airflow/example_dags/tutorial_etl_dag.py for tasks to queue
[2021-02-23 23:39:03,395] {logging_mixin.py:104} INFO - [2021-02-23 23:39:03,395] {dagbag.py:448} INFO - Filling up the DagBag from /home/airflow/.local/lib/python3.6/site-packages/airflow/example_dags/tutorial_etl_dag.py
[2021-02-23 23:39:03,407] {scheduler_job.py:639} INFO - DAG(s) dict_keys(['tutorial_etl_dag']) retrieved from /home/airflow/.local/lib/python3.6/site-packages/airflow/example_dags/tutorial_etl_dag.py
[2021-02-23 23:39:03,423] {logging_mixin.py:104} INFO - [2021-02-23 23:39:03,423] {dag.py:1818} INFO - Sync 1 DAGs
[2021-02-23 23:39:03,435] {logging_mixin.py:104} INFO - [2021-02-23 23:39:03,435] {dag.py:2273} INFO - Setting next_dagrun for tutorial_etl_dag to None
[2021-02-23 23:39:03,463] {scheduler_job.py:190} INFO - Processing /home/airflow/.local/lib/python3.6/site-packages/airflow/example_dags/tutorial_etl_dag.py took 0.072 seconds
[2021-02-23 23:39:33,555] {scheduler_job.py:182} INFO - Started process (PID=743) to work on /home/airflow/.local/lib/python3.6/site-packages/airflow/example_dags/tutorial_etl_dag.py
[2021-02-23 23:39:33,555] {scheduler_job.py:629} INFO - Processing file /home/airflow/.local/lib/python3.6/site-packages/airflow/example_dags/tutorial_etl_dag.py for tasks to queue
[2021-02-23 23:39:33,556] {logging_mixin.py:104} INFO - [2021-02-23 23:39:33,556] {dagbag.py:448} INFO - Filling up the DagBag from /home/airflow/.local/lib/python3.6/site-packages/airflow/example_dags/tutorial_etl_dag.py
[2021-02-23 23:39:33,569] {scheduler_job.py:639} INFO - DAG(s) dict_keys(['tutorial_etl_dag']) retrieved from /home/airflow/.local/lib/python3.6/site-packages/airflow/example_dags/tutorial_etl_dag.py
[2021-02-23 23:39:33,589] {logging_mixin.py:104} INFO - [2021-02-23 23:39:33,588] {dag.py:1818} INFO - Sync 1 DAGs
[2021-02-23 23:39:33,606] {logging_mixin.py:104} INFO - [2021-02-23 23:39:33,606] {dag.py:2273} INFO - Setting next_dagrun for tutorial_etl_dag to None
[2021-02-23 23:39:33,645] {scheduler_job.py:190} INFO - Processing /home/airflow/.local/lib/python3.6/site-packages/airflow/example_dags/tutorial_etl_dag.py took 0.093 seconds
[2021-02-23 23:40:03,795] {scheduler_job.py:182} INFO - Started process (PID=771) to work on /home/airflow/.local/lib/python3.6/site-packages/airflow/example_dags/tutorial_etl_dag.py
[2021-02-23 23:40:03,796] {scheduler_job.py:629} INFO - Processing file /home/airflow/.local/lib/python3.6/site-packages/airflow/example_dags/tutorial_etl_dag.py for tasks to queue
[2021-02-23 23:40:03,797] {logging_mixin.py:104} INFO - [2021-02-23 23:40:03,797] {dagbag.py:448} INFO - Filling up the DagBag from /home/airflow/.local/lib/python3.6/site-packages/airflow/example_dags/tutorial_etl_dag.py
[2021-02-23 23:40:03,814] {scheduler_job.py:639} INFO - DAG(s) dict_keys(['tutorial_etl_dag']) retrieved from /home/airflow/.local/lib/python3.6/site-packages/airflow/example_dags/tutorial_etl_dag.py
[2021-02-23 23:40:03,835] {logging_mixin.py:104} INFO - [2021-02-23 23:40:03,835] {dag.py:1818} INFO - Sync 1 DAGs
[2021-02-23 23:40:03,852] {logging_mixin.py:104} INFO - [2021-02-23 23:40:03,852] {dag.py:2273} INFO - Setting next_dagrun for tutorial_etl_dag to None
[2021-02-23 23:40:04,030] {scheduler_job.py:190} INFO - Processing /home/airflow/.local/lib/python3.6/site-packages/airflow/example_dags/tutorial_etl_dag.py took 0.239 seconds
[2021-02-23 23:40:35,041] {scheduler_job.py:182} INFO - Started process (PID=799) to work on /home/airflow/.local/lib/python3.6/site-packages/airflow/example_dags/tutorial_etl_dag.py
[2021-02-23 23:40:35,041] {scheduler_job.py:629} INFO - Processing file /home/airflow/.local/lib/python3.6/site-packages/airflow/example_dags/tutorial_etl_dag.py for tasks to queue
[2021-02-23 23:40:35,042] {logging_mixin.py:104} INFO - [2021-02-23 23:40:35,042] {dagbag.py:448} INFO - Filling up the DagBag from /home/airflow/.local/lib/python3.6/site-packages/airflow/example_dags/tutorial_etl_dag.py
[2021-02-23 23:40:35,052] {scheduler_job.py:639} INFO - DAG(s) dict_keys(['tutorial_etl_dag']) retrieved from /home/airflow/.local/lib/python3.6/site-packages/airflow/example_dags/tutorial_etl_dag.py
[2021-02-23 23:40:35,068] {logging_mixin.py:104} INFO - [2021-02-23 23:40:35,068] {dag.py:1818} INFO - Sync 1 DAGs
[2021-02-23 23:40:35,080] {logging_mixin.py:104} INFO - [2021-02-23 23:40:35,080] {dag.py:2273} INFO - Setting next_dagrun for tutorial_etl_dag to None
[2021-02-23 23:40:35,111] {scheduler_job.py:190} INFO - Processing /home/airflow/.local/lib/python3.6/site-packages/airflow/example_dags/tutorial_etl_dag.py took 0.073 seconds
[2021-02-23 23:41:05,624] {scheduler_job.py:182} INFO - Started process (PID=826) to work on /home/airflow/.local/lib/python3.6/site-packages/airflow/example_dags/tutorial_etl_dag.py
[2021-02-23 23:41:05,626] {scheduler_job.py:629} INFO - Processing file /home/airflow/.local/lib/python3.6/site-packages/airflow/example_dags/tutorial_etl_dag.py for tasks to queue
[2021-02-23 23:41:05,627] {logging_mixin.py:104} INFO - [2021-02-23 23:41:05,626] {dagbag.py:448} INFO - Filling up the DagBag from /home/airflow/.local/lib/python3.6/site-packages/airflow/example_dags/tutorial_etl_dag.py
[2021-02-23 23:41:05,645] {scheduler_job.py:639} INFO - DAG(s) dict_keys(['tutorial_etl_dag']) retrieved from /home/airflow/.local/lib/python3.6/site-packages/airflow/example_dags/tutorial_etl_dag.py
[2021-02-23 23:41:05,663] {logging_mixin.py:104} INFO - [2021-02-23 23:41:05,663] {dag.py:1818} INFO - Sync 1 DAGs
[2021-02-23 23:41:05,676] {logging_mixin.py:104} INFO - [2021-02-23 23:41:05,676] {dag.py:2273} INFO - Setting next_dagrun for tutorial_etl_dag to None
[2021-02-23 23:41:05,710] {scheduler_job.py:190} INFO - Processing /home/airflow/.local/lib/python3.6/site-packages/airflow/example_dags/tutorial_etl_dag.py took 0.093 seconds
[2021-02-23 23:41:36,641] {scheduler_job.py:182} INFO - Started process (PID=853) to work on /home/airflow/.local/lib/python3.6/site-packages/airflow/example_dags/tutorial_etl_dag.py
[2021-02-23 23:41:36,643] {scheduler_job.py:629} INFO - Processing file /home/airflow/.local/lib/python3.6/site-packages/airflow/example_dags/tutorial_etl_dag.py for tasks to queue
[2021-02-23 23:41:36,644] {logging_mixin.py:104} INFO - [2021-02-23 23:41:36,643] {dagbag.py:448} INFO - Filling up the DagBag from /home/airflow/.local/lib/python3.6/site-packages/airflow/example_dags/tutorial_etl_dag.py
[2021-02-23 23:41:36,660] {scheduler_job.py:639} INFO - DAG(s) dict_keys(['tutorial_etl_dag']) retrieved from /home/airflow/.local/lib/python3.6/site-packages/airflow/example_dags/tutorial_etl_dag.py
[2021-02-23 23:41:36,681] {logging_mixin.py:104} INFO - [2021-02-23 23:41:36,681] {dag.py:1818} INFO - Sync 1 DAGs
[2021-02-23 23:41:36,694] {logging_mixin.py:104} INFO - [2021-02-23 23:41:36,694] {dag.py:2273} INFO - Setting next_dagrun for tutorial_etl_dag to None
[2021-02-23 23:41:36,724] {scheduler_job.py:190} INFO - Processing /home/airflow/.local/lib/python3.6/site-packages/airflow/example_dags/tutorial_etl_dag.py took 0.087 seconds
[2021-02-23 23:42:06,902] {scheduler_job.py:182} INFO - Started process (PID=881) to work on /home/airflow/.local/lib/python3.6/site-packages/airflow/example_dags/tutorial_etl_dag.py
[2021-02-23 23:42:06,903] {scheduler_job.py:629} INFO - Processing file /home/airflow/.local/lib/python3.6/site-packages/airflow/example_dags/tutorial_etl_dag.py for tasks to queue
[2021-02-23 23:42:06,904] {logging_mixin.py:104} INFO - [2021-02-23 23:42:06,903] {dagbag.py:448} INFO - Filling up the DagBag from /home/airflow/.local/lib/python3.6/site-packages/airflow/example_dags/tutorial_etl_dag.py
[2021-02-23 23:42:06,915] {scheduler_job.py:639} INFO - DAG(s) dict_keys(['tutorial_etl_dag']) retrieved from /home/airflow/.local/lib/python3.6/site-packages/airflow/example_dags/tutorial_etl_dag.py
[2021-02-23 23:42:06,931] {logging_mixin.py:104} INFO - [2021-02-23 23:42:06,931] {dag.py:1818} INFO - Sync 1 DAGs
[2021-02-23 23:42:06,945] {logging_mixin.py:104} INFO - [2021-02-23 23:42:06,945] {dag.py:2273} INFO - Setting next_dagrun for tutorial_etl_dag to None
[2021-02-23 23:42:06,987] {scheduler_job.py:190} INFO - Processing /home/airflow/.local/lib/python3.6/site-packages/airflow/example_dags/tutorial_etl_dag.py took 0.088 seconds
[2021-02-23 23:42:37,248] {scheduler_job.py:182} INFO - Started process (PID=907) to work on /home/airflow/.local/lib/python3.6/site-packages/airflow/example_dags/tutorial_etl_dag.py
[2021-02-23 23:42:37,249] {scheduler_job.py:629} INFO - Processing file /home/airflow/.local/lib/python3.6/site-packages/airflow/example_dags/tutorial_etl_dag.py for tasks to queue
[2021-02-23 23:42:37,250] {logging_mixin.py:104} INFO - [2021-02-23 23:42:37,250] {dagbag.py:448} INFO - Filling up the DagBag from /home/airflow/.local/lib/python3.6/site-packages/airflow/example_dags/tutorial_etl_dag.py
[2021-02-23 23:42:37,259] {scheduler_job.py:639} INFO - DAG(s) dict_keys(['tutorial_etl_dag']) retrieved from /home/airflow/.local/lib/python3.6/site-packages/airflow/example_dags/tutorial_etl_dag.py
[2021-02-23 23:42:37,274] {logging_mixin.py:104} INFO - [2021-02-23 23:42:37,274] {dag.py:1818} INFO - Sync 1 DAGs
[2021-02-23 23:42:37,287] {logging_mixin.py:104} INFO - [2021-02-23 23:42:37,287] {dag.py:2273} INFO - Setting next_dagrun for tutorial_etl_dag to None
[2021-02-23 23:42:37,493] {scheduler_job.py:190} INFO - Processing /home/airflow/.local/lib/python3.6/site-packages/airflow/example_dags/tutorial_etl_dag.py took 0.247 seconds
[2021-02-23 23:43:08,138] {scheduler_job.py:182} INFO - Started process (PID=934) to work on /home/airflow/.local/lib/python3.6/site-packages/airflow/example_dags/tutorial_etl_dag.py
[2021-02-23 23:43:08,139] {scheduler_job.py:629} INFO - Processing file /home/airflow/.local/lib/python3.6/site-packages/airflow/example_dags/tutorial_etl_dag.py for tasks to queue
[2021-02-23 23:43:08,140] {logging_mixin.py:104} INFO - [2021-02-23 23:43:08,140] {dagbag.py:448} INFO - Filling up the DagBag from /home/airflow/.local/lib/python3.6/site-packages/airflow/example_dags/tutorial_etl_dag.py
[2021-02-23 23:43:08,156] {scheduler_job.py:639} INFO - DAG(s) dict_keys(['tutorial_etl_dag']) retrieved from /home/airflow/.local/lib/python3.6/site-packages/airflow/example_dags/tutorial_etl_dag.py
[2021-02-23 23:43:08,179] {logging_mixin.py:104} INFO - [2021-02-23 23:43:08,179] {dag.py:1818} INFO - Sync 1 DAGs
[2021-02-23 23:43:08,197] {logging_mixin.py:104} INFO - [2021-02-23 23:43:08,196] {dag.py:2273} INFO - Setting next_dagrun for tutorial_etl_dag to None
[2021-02-23 23:43:08,263] {scheduler_job.py:190} INFO - Processing /home/airflow/.local/lib/python3.6/site-packages/airflow/example_dags/tutorial_etl_dag.py took 0.129 seconds
[2021-02-23 23:43:38,800] {scheduler_job.py:182} INFO - Started process (PID=961) to work on /home/airflow/.local/lib/python3.6/site-packages/airflow/example_dags/tutorial_etl_dag.py
[2021-02-23 23:43:38,802] {scheduler_job.py:629} INFO - Processing file /home/airflow/.local/lib/python3.6/site-packages/airflow/example_dags/tutorial_etl_dag.py for tasks to queue
[2021-02-23 23:43:38,802] {logging_mixin.py:104} INFO - [2021-02-23 23:43:38,802] {dagbag.py:448} INFO - Filling up the DagBag from /home/airflow/.local/lib/python3.6/site-packages/airflow/example_dags/tutorial_etl_dag.py
[2021-02-23 23:43:38,815] {scheduler_job.py:639} INFO - DAG(s) dict_keys(['tutorial_etl_dag']) retrieved from /home/airflow/.local/lib/python3.6/site-packages/airflow/example_dags/tutorial_etl_dag.py
[2021-02-23 23:43:38,833] {logging_mixin.py:104} INFO - [2021-02-23 23:43:38,833] {dag.py:1818} INFO - Sync 1 DAGs
[2021-02-23 23:43:38,846] {logging_mixin.py:104} INFO - [2021-02-23 23:43:38,846] {dag.py:2273} INFO - Setting next_dagrun for tutorial_etl_dag to None
[2021-02-23 23:43:39,057] {scheduler_job.py:190} INFO - Processing /home/airflow/.local/lib/python3.6/site-packages/airflow/example_dags/tutorial_etl_dag.py took 0.263 seconds
[2021-02-23 23:44:09,097] {scheduler_job.py:182} INFO - Started process (PID=988) to work on /home/airflow/.local/lib/python3.6/site-packages/airflow/example_dags/tutorial_etl_dag.py
[2021-02-23 23:44:09,099] {scheduler_job.py:629} INFO - Processing file /home/airflow/.local/lib/python3.6/site-packages/airflow/example_dags/tutorial_etl_dag.py for tasks to queue
[2021-02-23 23:44:09,100] {logging_mixin.py:104} INFO - [2021-02-23 23:44:09,099] {dagbag.py:448} INFO - Filling up the DagBag from /home/airflow/.local/lib/python3.6/site-packages/airflow/example_dags/tutorial_etl_dag.py
[2021-02-23 23:44:09,114] {scheduler_job.py:639} INFO - DAG(s) dict_keys(['tutorial_etl_dag']) retrieved from /home/airflow/.local/lib/python3.6/site-packages/airflow/example_dags/tutorial_etl_dag.py
[2021-02-23 23:44:09,137] {logging_mixin.py:104} INFO - [2021-02-23 23:44:09,137] {dag.py:1818} INFO - Sync 1 DAGs
[2021-02-23 23:44:09,151] {logging_mixin.py:104} INFO - [2021-02-23 23:44:09,151] {dag.py:2273} INFO - Setting next_dagrun for tutorial_etl_dag to None
[2021-02-23 23:44:09,221] {scheduler_job.py:190} INFO - Processing /home/airflow/.local/lib/python3.6/site-packages/airflow/example_dags/tutorial_etl_dag.py took 0.130 seconds
[2021-02-23 23:44:39,269] {scheduler_job.py:182} INFO - Started process (PID=1014) to work on /home/airflow/.local/lib/python3.6/site-packages/airflow/example_dags/tutorial_etl_dag.py
[2021-02-23 23:44:39,272] {scheduler_job.py:629} INFO - Processing file /home/airflow/.local/lib/python3.6/site-packages/airflow/example_dags/tutorial_etl_dag.py for tasks to queue
[2021-02-23 23:44:39,274] {logging_mixin.py:104} INFO - [2021-02-23 23:44:39,274] {dagbag.py:448} INFO - Filling up the DagBag from /home/airflow/.local/lib/python3.6/site-packages/airflow/example_dags/tutorial_etl_dag.py
[2021-02-23 23:44:39,296] {scheduler_job.py:639} INFO - DAG(s) dict_keys(['tutorial_etl_dag']) retrieved from /home/airflow/.local/lib/python3.6/site-packages/airflow/example_dags/tutorial_etl_dag.py
[2021-02-23 23:44:39,315] {logging_mixin.py:104} INFO - [2021-02-23 23:44:39,315] {dag.py:1818} INFO - Sync 1 DAGs
[2021-02-23 23:44:39,329] {logging_mixin.py:104} INFO - [2021-02-23 23:44:39,329] {dag.py:2273} INFO - Setting next_dagrun for tutorial_etl_dag to None
[2021-02-23 23:44:39,535] {scheduler_job.py:190} INFO - Processing /home/airflow/.local/lib/python3.6/site-packages/airflow/example_dags/tutorial_etl_dag.py took 0.274 seconds
[2021-02-23 23:45:10,224] {scheduler_job.py:182} INFO - Started process (PID=1041) to work on /home/airflow/.local/lib/python3.6/site-packages/airflow/example_dags/tutorial_etl_dag.py
[2021-02-23 23:45:10,225] {scheduler_job.py:629} INFO - Processing file /home/airflow/.local/lib/python3.6/site-packages/airflow/example_dags/tutorial_etl_dag.py for tasks to queue
[2021-02-23 23:45:10,226] {logging_mixin.py:104} INFO - [2021-02-23 23:45:10,226] {dagbag.py:448} INFO - Filling up the DagBag from /home/airflow/.local/lib/python3.6/site-packages/airflow/example_dags/tutorial_etl_dag.py
[2021-02-23 23:45:10,238] {scheduler_job.py:639} INFO - DAG(s) dict_keys(['tutorial_etl_dag']) retrieved from /home/airflow/.local/lib/python3.6/site-packages/airflow/example_dags/tutorial_etl_dag.py
[2021-02-23 23:45:10,258] {logging_mixin.py:104} INFO - [2021-02-23 23:45:10,258] {dag.py:1818} INFO - Sync 1 DAGs
[2021-02-23 23:45:10,271] {logging_mixin.py:104} INFO - [2021-02-23 23:45:10,271] {dag.py:2273} INFO - Setting next_dagrun for tutorial_etl_dag to None
[2021-02-23 23:45:10,359] {scheduler_job.py:190} INFO - Processing /home/airflow/.local/lib/python3.6/site-packages/airflow/example_dags/tutorial_etl_dag.py took 0.137 seconds
[2021-02-23 23:45:40,969] {scheduler_job.py:182} INFO - Started process (PID=1068) to work on /home/airflow/.local/lib/python3.6/site-packages/airflow/example_dags/tutorial_etl_dag.py
[2021-02-23 23:45:40,970] {scheduler_job.py:629} INFO - Processing file /home/airflow/.local/lib/python3.6/site-packages/airflow/example_dags/tutorial_etl_dag.py for tasks to queue
[2021-02-23 23:45:40,971] {logging_mixin.py:104} INFO - [2021-02-23 23:45:40,971] {dagbag.py:448} INFO - Filling up the DagBag from /home/airflow/.local/lib/python3.6/site-packages/airflow/example_dags/tutorial_etl_dag.py
[2021-02-23 23:45:40,987] {scheduler_job.py:639} INFO - DAG(s) dict_keys(['tutorial_etl_dag']) retrieved from /home/airflow/.local/lib/python3.6/site-packages/airflow/example_dags/tutorial_etl_dag.py
[2021-02-23 23:45:41,005] {logging_mixin.py:104} INFO - [2021-02-23 23:45:41,005] {dag.py:1818} INFO - Sync 1 DAGs
[2021-02-23 23:45:41,017] {logging_mixin.py:104} INFO - [2021-02-23 23:45:41,017] {dag.py:2273} INFO - Setting next_dagrun for tutorial_etl_dag to None
[2021-02-23 23:45:41,088] {scheduler_job.py:190} INFO - Processing /home/airflow/.local/lib/python3.6/site-packages/airflow/example_dags/tutorial_etl_dag.py took 0.125 seconds
[2021-02-23 23:46:11,969] {scheduler_job.py:182} INFO - Started process (PID=1095) to work on /home/airflow/.local/lib/python3.6/site-packages/airflow/example_dags/tutorial_etl_dag.py
[2021-02-23 23:46:11,970] {scheduler_job.py:629} INFO - Processing file /home/airflow/.local/lib/python3.6/site-packages/airflow/example_dags/tutorial_etl_dag.py for tasks to queue
[2021-02-23 23:46:11,970] {logging_mixin.py:104} INFO - [2021-02-23 23:46:11,970] {dagbag.py:448} INFO - Filling up the DagBag from /home/airflow/.local/lib/python3.6/site-packages/airflow/example_dags/tutorial_etl_dag.py
[2021-02-23 23:46:11,984] {scheduler_job.py:639} INFO - DAG(s) dict_keys(['tutorial_etl_dag']) retrieved from /home/airflow/.local/lib/python3.6/site-packages/airflow/example_dags/tutorial_etl_dag.py
[2021-02-23 23:46:12,005] {logging_mixin.py:104} INFO - [2021-02-23 23:46:12,004] {dag.py:1818} INFO - Sync 1 DAGs
[2021-02-23 23:46:12,020] {logging_mixin.py:104} INFO - [2021-02-23 23:46:12,020] {dag.py:2273} INFO - Setting next_dagrun for tutorial_etl_dag to None
[2021-02-23 23:46:12,088] {scheduler_job.py:190} INFO - Processing /home/airflow/.local/lib/python3.6/site-packages/airflow/example_dags/tutorial_etl_dag.py took 0.123 seconds
[2021-02-23 23:46:42,779] {scheduler_job.py:182} INFO - Started process (PID=1122) to work on /home/airflow/.local/lib/python3.6/site-packages/airflow/example_dags/tutorial_etl_dag.py
[2021-02-23 23:46:42,781] {scheduler_job.py:629} INFO - Processing file /home/airflow/.local/lib/python3.6/site-packages/airflow/example_dags/tutorial_etl_dag.py for tasks to queue
[2021-02-23 23:46:42,781] {logging_mixin.py:104} INFO - [2021-02-23 23:46:42,781] {dagbag.py:448} INFO - Filling up the DagBag from /home/airflow/.local/lib/python3.6/site-packages/airflow/example_dags/tutorial_etl_dag.py
[2021-02-23 23:46:42,795] {scheduler_job.py:639} INFO - DAG(s) dict_keys(['tutorial_etl_dag']) retrieved from /home/airflow/.local/lib/python3.6/site-packages/airflow/example_dags/tutorial_etl_dag.py
[2021-02-23 23:46:42,812] {logging_mixin.py:104} INFO - [2021-02-23 23:46:42,812] {dag.py:1818} INFO - Sync 1 DAGs
[2021-02-23 23:46:42,825] {logging_mixin.py:104} INFO - [2021-02-23 23:46:42,824] {dag.py:2273} INFO - Setting next_dagrun for tutorial_etl_dag to None
[2021-02-23 23:46:42,918] {scheduler_job.py:190} INFO - Processing /home/airflow/.local/lib/python3.6/site-packages/airflow/example_dags/tutorial_etl_dag.py took 0.143 seconds
[2021-02-23 23:47:13,645] {scheduler_job.py:182} INFO - Started process (PID=1149) to work on /home/airflow/.local/lib/python3.6/site-packages/airflow/example_dags/tutorial_etl_dag.py
[2021-02-23 23:47:13,649] {scheduler_job.py:629} INFO - Processing file /home/airflow/.local/lib/python3.6/site-packages/airflow/example_dags/tutorial_etl_dag.py for tasks to queue
[2021-02-23 23:47:13,650] {logging_mixin.py:104} INFO - [2021-02-23 23:47:13,650] {dagbag.py:448} INFO - Filling up the DagBag from /home/airflow/.local/lib/python3.6/site-packages/airflow/example_dags/tutorial_etl_dag.py
[2021-02-23 23:47:13,667] {scheduler_job.py:639} INFO - DAG(s) dict_keys(['tutorial_etl_dag']) retrieved from /home/airflow/.local/lib/python3.6/site-packages/airflow/example_dags/tutorial_etl_dag.py
[2021-02-23 23:47:13,685] {logging_mixin.py:104} INFO - [2021-02-23 23:47:13,685] {dag.py:1818} INFO - Sync 1 DAGs
[2021-02-23 23:47:13,698] {logging_mixin.py:104} INFO - [2021-02-23 23:47:13,698] {dag.py:2273} INFO - Setting next_dagrun for tutorial_etl_dag to None
[2021-02-23 23:47:13,744] {scheduler_job.py:190} INFO - Processing /home/airflow/.local/lib/python3.6/site-packages/airflow/example_dags/tutorial_etl_dag.py took 0.107 seconds
[2021-02-23 23:47:43,843] {scheduler_job.py:182} INFO - Started process (PID=1176) to work on /home/airflow/.local/lib/python3.6/site-packages/airflow/example_dags/tutorial_etl_dag.py
[2021-02-23 23:47:43,844] {scheduler_job.py:629} INFO - Processing file /home/airflow/.local/lib/python3.6/site-packages/airflow/example_dags/tutorial_etl_dag.py for tasks to queue
[2021-02-23 23:47:43,845] {logging_mixin.py:104} INFO - [2021-02-23 23:47:43,844] {dagbag.py:448} INFO - Filling up the DagBag from /home/airflow/.local/lib/python3.6/site-packages/airflow/example_dags/tutorial_etl_dag.py
[2021-02-23 23:47:43,860] {scheduler_job.py:639} INFO - DAG(s) dict_keys(['tutorial_etl_dag']) retrieved from /home/airflow/.local/lib/python3.6/site-packages/airflow/example_dags/tutorial_etl_dag.py
[2021-02-23 23:47:43,876] {logging_mixin.py:104} INFO - [2021-02-23 23:47:43,876] {dag.py:1818} INFO - Sync 1 DAGs
[2021-02-23 23:47:43,888] {logging_mixin.py:104} INFO - [2021-02-23 23:47:43,888] {dag.py:2273} INFO - Setting next_dagrun for tutorial_etl_dag to None
[2021-02-23 23:47:43,963] {scheduler_job.py:190} INFO - Processing /home/airflow/.local/lib/python3.6/site-packages/airflow/example_dags/tutorial_etl_dag.py took 0.124 seconds
[2021-02-23 23:48:14,048] {scheduler_job.py:182} INFO - Started process (PID=1203) to work on /home/airflow/.local/lib/python3.6/site-packages/airflow/example_dags/tutorial_etl_dag.py
[2021-02-23 23:48:14,049] {scheduler_job.py:629} INFO - Processing file /home/airflow/.local/lib/python3.6/site-packages/airflow/example_dags/tutorial_etl_dag.py for tasks to queue
[2021-02-23 23:48:14,050] {logging_mixin.py:104} INFO - [2021-02-23 23:48:14,050] {dagbag.py:448} INFO - Filling up the DagBag from /home/airflow/.local/lib/python3.6/site-packages/airflow/example_dags/tutorial_etl_dag.py
[2021-02-23 23:48:14,059] {scheduler_job.py:639} INFO - DAG(s) dict_keys(['tutorial_etl_dag']) retrieved from /home/airflow/.local/lib/python3.6/site-packages/airflow/example_dags/tutorial_etl_dag.py
[2021-02-23 23:48:14,074] {logging_mixin.py:104} INFO - [2021-02-23 23:48:14,073] {dag.py:1818} INFO - Sync 1 DAGs
[2021-02-23 23:48:14,084] {logging_mixin.py:104} INFO - [2021-02-23 23:48:14,084] {dag.py:2273} INFO - Setting next_dagrun for tutorial_etl_dag to None
[2021-02-23 23:48:14,232] {scheduler_job.py:190} INFO - Processing /home/airflow/.local/lib/python3.6/site-packages/airflow/example_dags/tutorial_etl_dag.py took 0.186 seconds
[2021-02-23 23:48:44,957] {scheduler_job.py:182} INFO - Started process (PID=1230) to work on /home/airflow/.local/lib/python3.6/site-packages/airflow/example_dags/tutorial_etl_dag.py
[2021-02-23 23:48:44,959] {scheduler_job.py:629} INFO - Processing file /home/airflow/.local/lib/python3.6/site-packages/airflow/example_dags/tutorial_etl_dag.py for tasks to queue
[2021-02-23 23:48:44,960] {logging_mixin.py:104} INFO - [2021-02-23 23:48:44,960] {dagbag.py:448} INFO - Filling up the DagBag from /home/airflow/.local/lib/python3.6/site-packages/airflow/example_dags/tutorial_etl_dag.py
[2021-02-23 23:48:44,979] {scheduler_job.py:639} INFO - DAG(s) dict_keys(['tutorial_etl_dag']) retrieved from /home/airflow/.local/lib/python3.6/site-packages/airflow/example_dags/tutorial_etl_dag.py
[2021-02-23 23:48:45,000] {logging_mixin.py:104} INFO - [2021-02-23 23:48:45,000] {dag.py:1818} INFO - Sync 1 DAGs
[2021-02-23 23:48:45,014] {logging_mixin.py:104} INFO - [2021-02-23 23:48:45,014] {dag.py:2273} INFO - Setting next_dagrun for tutorial_etl_dag to None
[2021-02-23 23:48:45,052] {scheduler_job.py:190} INFO - Processing /home/airflow/.local/lib/python3.6/site-packages/airflow/example_dags/tutorial_etl_dag.py took 0.100 seconds
[2021-02-23 23:49:15,851] {scheduler_job.py:182} INFO - Started process (PID=1257) to work on /home/airflow/.local/lib/python3.6/site-packages/airflow/example_dags/tutorial_etl_dag.py
[2021-02-23 23:49:15,851] {scheduler_job.py:629} INFO - Processing file /home/airflow/.local/lib/python3.6/site-packages/airflow/example_dags/tutorial_etl_dag.py for tasks to queue
[2021-02-23 23:49:15,852] {logging_mixin.py:104} INFO - [2021-02-23 23:49:15,852] {dagbag.py:448} INFO - Filling up the DagBag from /home/airflow/.local/lib/python3.6/site-packages/airflow/example_dags/tutorial_etl_dag.py
[2021-02-23 23:49:15,860] {scheduler_job.py:639} INFO - DAG(s) dict_keys(['tutorial_etl_dag']) retrieved from /home/airflow/.local/lib/python3.6/site-packages/airflow/example_dags/tutorial_etl_dag.py
[2021-02-23 23:49:15,874] {logging_mixin.py:104} INFO - [2021-02-23 23:49:15,874] {dag.py:1818} INFO - Sync 1 DAGs
[2021-02-23 23:49:15,887] {logging_mixin.py:104} INFO - [2021-02-23 23:49:15,887] {dag.py:2273} INFO - Setting next_dagrun for tutorial_etl_dag to None
[2021-02-23 23:49:15,923] {scheduler_job.py:190} INFO - Processing /home/airflow/.local/lib/python3.6/site-packages/airflow/example_dags/tutorial_etl_dag.py took 0.074 seconds
