[2021-02-23 23:15:26,446] {scheduler_job.py:182} INFO - Started process (PID=33) to work on /home/airflow/.local/lib/python3.6/site-packages/airflow/example_dags/tutorial.py
[2021-02-23 23:15:26,448] {scheduler_job.py:629} INFO - Processing file /home/airflow/.local/lib/python3.6/site-packages/airflow/example_dags/tutorial.py for tasks to queue
[2021-02-23 23:15:26,448] {logging_mixin.py:104} INFO - [2021-02-23 23:15:26,448] {dagbag.py:448} INFO - Filling up the DagBag from /home/airflow/.local/lib/python3.6/site-packages/airflow/example_dags/tutorial.py
[2021-02-23 23:15:26,463] {scheduler_job.py:639} INFO - DAG(s) dict_keys(['tutorial']) retrieved from /home/airflow/.local/lib/python3.6/site-packages/airflow/example_dags/tutorial.py
[2021-02-23 23:15:26,503] {logging_mixin.py:104} INFO - [2021-02-23 23:15:26,503] {dag.py:1818} INFO - Sync 1 DAGs
[2021-02-23 23:15:26,521] {logging_mixin.py:104} INFO - [2021-02-23 23:15:26,521] {dag.py:1837} INFO - Creating ORM DAG for tutorial
[2021-02-23 23:15:26,530] {logging_mixin.py:104} INFO - [2021-02-23 23:15:26,530] {dag.py:2273} INFO - Setting next_dagrun for tutorial to 2021-02-21 00:00:00+00:00
[2021-02-23 23:15:26,586] {scheduler_job.py:190} INFO - Processing /home/airflow/.local/lib/python3.6/site-packages/airflow/example_dags/tutorial.py took 0.145 seconds
[2021-02-23 23:15:57,403] {scheduler_job.py:182} INFO - Started process (PID=63) to work on /home/airflow/.local/lib/python3.6/site-packages/airflow/example_dags/tutorial.py
[2021-02-23 23:15:57,405] {scheduler_job.py:629} INFO - Processing file /home/airflow/.local/lib/python3.6/site-packages/airflow/example_dags/tutorial.py for tasks to queue
[2021-02-23 23:15:57,406] {logging_mixin.py:104} INFO - [2021-02-23 23:15:57,406] {dagbag.py:448} INFO - Filling up the DagBag from /home/airflow/.local/lib/python3.6/site-packages/airflow/example_dags/tutorial.py
[2021-02-23 23:15:57,422] {scheduler_job.py:639} INFO - DAG(s) dict_keys(['tutorial']) retrieved from /home/airflow/.local/lib/python3.6/site-packages/airflow/example_dags/tutorial.py
[2021-02-23 23:15:57,440] {logging_mixin.py:104} INFO - [2021-02-23 23:15:57,440] {dag.py:1818} INFO - Sync 1 DAGs
[2021-02-23 23:15:57,451] {logging_mixin.py:104} INFO - [2021-02-23 23:15:57,451] {dag.py:2273} INFO - Setting next_dagrun for tutorial to 2021-02-21 00:00:00+00:00
[2021-02-23 23:15:57,604] {scheduler_job.py:190} INFO - Processing /home/airflow/.local/lib/python3.6/site-packages/airflow/example_dags/tutorial.py took 0.207 seconds
[2021-02-23 23:16:28,171] {scheduler_job.py:182} INFO - Started process (PID=90) to work on /home/airflow/.local/lib/python3.6/site-packages/airflow/example_dags/tutorial.py
[2021-02-23 23:16:28,172] {scheduler_job.py:629} INFO - Processing file /home/airflow/.local/lib/python3.6/site-packages/airflow/example_dags/tutorial.py for tasks to queue
[2021-02-23 23:16:28,173] {logging_mixin.py:104} INFO - [2021-02-23 23:16:28,172] {dagbag.py:448} INFO - Filling up the DagBag from /home/airflow/.local/lib/python3.6/site-packages/airflow/example_dags/tutorial.py
[2021-02-23 23:16:28,185] {scheduler_job.py:639} INFO - DAG(s) dict_keys(['tutorial']) retrieved from /home/airflow/.local/lib/python3.6/site-packages/airflow/example_dags/tutorial.py
[2021-02-23 23:16:28,210] {logging_mixin.py:104} INFO - [2021-02-23 23:16:28,210] {dag.py:1818} INFO - Sync 1 DAGs
[2021-02-23 23:16:28,228] {logging_mixin.py:104} INFO - [2021-02-23 23:16:28,228] {dag.py:2273} INFO - Setting next_dagrun for tutorial to 2021-02-21 00:00:00+00:00
[2021-02-23 23:16:28,262] {scheduler_job.py:190} INFO - Processing /home/airflow/.local/lib/python3.6/site-packages/airflow/example_dags/tutorial.py took 0.094 seconds
[2021-02-23 23:16:59,621] {scheduler_job.py:182} INFO - Started process (PID=120) to work on /home/airflow/.local/lib/python3.6/site-packages/airflow/example_dags/tutorial.py
[2021-02-23 23:16:59,622] {scheduler_job.py:629} INFO - Processing file /home/airflow/.local/lib/python3.6/site-packages/airflow/example_dags/tutorial.py for tasks to queue
[2021-02-23 23:16:59,622] {logging_mixin.py:104} INFO - [2021-02-23 23:16:59,622] {dagbag.py:448} INFO - Filling up the DagBag from /home/airflow/.local/lib/python3.6/site-packages/airflow/example_dags/tutorial.py
[2021-02-23 23:16:59,630] {scheduler_job.py:639} INFO - DAG(s) dict_keys(['tutorial']) retrieved from /home/airflow/.local/lib/python3.6/site-packages/airflow/example_dags/tutorial.py
[2021-02-23 23:16:59,645] {logging_mixin.py:104} INFO - [2021-02-23 23:16:59,645] {dag.py:1818} INFO - Sync 1 DAGs
[2021-02-23 23:16:59,655] {logging_mixin.py:104} INFO - [2021-02-23 23:16:59,655] {dag.py:2273} INFO - Setting next_dagrun for tutorial to 2021-02-21 00:00:00+00:00
[2021-02-23 23:16:59,704] {scheduler_job.py:190} INFO - Processing /home/airflow/.local/lib/python3.6/site-packages/airflow/example_dags/tutorial.py took 0.085 seconds
[2021-02-23 23:26:14,620] {scheduler_job.py:182} INFO - Started process (PID=37) to work on /home/airflow/.local/lib/python3.6/site-packages/airflow/example_dags/tutorial.py
[2021-02-23 23:26:14,622] {scheduler_job.py:629} INFO - Processing file /home/airflow/.local/lib/python3.6/site-packages/airflow/example_dags/tutorial.py for tasks to queue
[2021-02-23 23:26:14,623] {logging_mixin.py:104} INFO - [2021-02-23 23:26:14,622] {dagbag.py:448} INFO - Filling up the DagBag from /home/airflow/.local/lib/python3.6/site-packages/airflow/example_dags/tutorial.py
[2021-02-23 23:26:14,640] {scheduler_job.py:639} INFO - DAG(s) dict_keys(['tutorial']) retrieved from /home/airflow/.local/lib/python3.6/site-packages/airflow/example_dags/tutorial.py
[2021-02-23 23:26:14,671] {logging_mixin.py:104} INFO - [2021-02-23 23:26:14,670] {dag.py:1818} INFO - Sync 1 DAGs
[2021-02-23 23:26:14,692] {logging_mixin.py:104} INFO - [2021-02-23 23:26:14,692] {dag.py:2273} INFO - Setting next_dagrun for tutorial to 2021-02-21 00:00:00+00:00
[2021-02-23 23:26:14,749] {scheduler_job.py:190} INFO - Processing /home/airflow/.local/lib/python3.6/site-packages/airflow/example_dags/tutorial.py took 0.135 seconds
[2021-02-23 23:26:45,150] {scheduler_job.py:182} INFO - Started process (PID=59) to work on /home/airflow/.local/lib/python3.6/site-packages/airflow/example_dags/tutorial.py
[2021-02-23 23:26:45,152] {scheduler_job.py:629} INFO - Processing file /home/airflow/.local/lib/python3.6/site-packages/airflow/example_dags/tutorial.py for tasks to queue
[2021-02-23 23:26:45,153] {logging_mixin.py:104} INFO - [2021-02-23 23:26:45,153] {dagbag.py:448} INFO - Filling up the DagBag from /home/airflow/.local/lib/python3.6/site-packages/airflow/example_dags/tutorial.py
[2021-02-23 23:26:45,169] {scheduler_job.py:639} INFO - DAG(s) dict_keys(['tutorial']) retrieved from /home/airflow/.local/lib/python3.6/site-packages/airflow/example_dags/tutorial.py
[2021-02-23 23:26:45,187] {logging_mixin.py:104} INFO - [2021-02-23 23:26:45,187] {dag.py:1818} INFO - Sync 1 DAGs
[2021-02-23 23:26:45,199] {logging_mixin.py:104} INFO - [2021-02-23 23:26:45,198] {dag.py:2273} INFO - Setting next_dagrun for tutorial to 2021-02-21 00:00:00+00:00
[2021-02-23 23:26:45,246] {scheduler_job.py:190} INFO - Processing /home/airflow/.local/lib/python3.6/site-packages/airflow/example_dags/tutorial.py took 0.101 seconds
[2021-02-23 23:27:15,635] {scheduler_job.py:182} INFO - Started process (PID=88) to work on /home/airflow/.local/lib/python3.6/site-packages/airflow/example_dags/tutorial.py
[2021-02-23 23:27:15,636] {scheduler_job.py:629} INFO - Processing file /home/airflow/.local/lib/python3.6/site-packages/airflow/example_dags/tutorial.py for tasks to queue
[2021-02-23 23:27:15,637] {logging_mixin.py:104} INFO - [2021-02-23 23:27:15,637] {dagbag.py:448} INFO - Filling up the DagBag from /home/airflow/.local/lib/python3.6/site-packages/airflow/example_dags/tutorial.py
[2021-02-23 23:27:15,649] {scheduler_job.py:639} INFO - DAG(s) dict_keys(['tutorial']) retrieved from /home/airflow/.local/lib/python3.6/site-packages/airflow/example_dags/tutorial.py
[2021-02-23 23:27:15,667] {logging_mixin.py:104} INFO - [2021-02-23 23:27:15,667] {dag.py:1818} INFO - Sync 1 DAGs
[2021-02-23 23:27:15,680] {logging_mixin.py:104} INFO - [2021-02-23 23:27:15,680] {dag.py:2273} INFO - Setting next_dagrun for tutorial to 2021-02-21 00:00:00+00:00
[2021-02-23 23:27:15,709] {scheduler_job.py:190} INFO - Processing /home/airflow/.local/lib/python3.6/site-packages/airflow/example_dags/tutorial.py took 0.079 seconds
[2021-02-23 23:27:45,881] {scheduler_job.py:182} INFO - Started process (PID=114) to work on /home/airflow/.local/lib/python3.6/site-packages/airflow/example_dags/tutorial.py
[2021-02-23 23:27:45,882] {scheduler_job.py:629} INFO - Processing file /home/airflow/.local/lib/python3.6/site-packages/airflow/example_dags/tutorial.py for tasks to queue
[2021-02-23 23:27:45,883] {logging_mixin.py:104} INFO - [2021-02-23 23:27:45,883] {dagbag.py:448} INFO - Filling up the DagBag from /home/airflow/.local/lib/python3.6/site-packages/airflow/example_dags/tutorial.py
[2021-02-23 23:27:45,896] {scheduler_job.py:639} INFO - DAG(s) dict_keys(['tutorial']) retrieved from /home/airflow/.local/lib/python3.6/site-packages/airflow/example_dags/tutorial.py
[2021-02-23 23:27:45,915] {logging_mixin.py:104} INFO - [2021-02-23 23:27:45,915] {dag.py:1818} INFO - Sync 1 DAGs
[2021-02-23 23:27:45,931] {logging_mixin.py:104} INFO - [2021-02-23 23:27:45,931] {dag.py:2273} INFO - Setting next_dagrun for tutorial to 2021-02-21 00:00:00+00:00
[2021-02-23 23:27:46,111] {scheduler_job.py:190} INFO - Processing /home/airflow/.local/lib/python3.6/site-packages/airflow/example_dags/tutorial.py took 0.234 seconds
[2021-02-23 23:28:16,483] {scheduler_job.py:182} INFO - Started process (PID=141) to work on /home/airflow/.local/lib/python3.6/site-packages/airflow/example_dags/tutorial.py
[2021-02-23 23:28:16,484] {scheduler_job.py:629} INFO - Processing file /home/airflow/.local/lib/python3.6/site-packages/airflow/example_dags/tutorial.py for tasks to queue
[2021-02-23 23:28:16,484] {logging_mixin.py:104} INFO - [2021-02-23 23:28:16,484] {dagbag.py:448} INFO - Filling up the DagBag from /home/airflow/.local/lib/python3.6/site-packages/airflow/example_dags/tutorial.py
[2021-02-23 23:28:16,493] {scheduler_job.py:639} INFO - DAG(s) dict_keys(['tutorial']) retrieved from /home/airflow/.local/lib/python3.6/site-packages/airflow/example_dags/tutorial.py
[2021-02-23 23:28:16,511] {logging_mixin.py:104} INFO - [2021-02-23 23:28:16,511] {dag.py:1818} INFO - Sync 1 DAGs
[2021-02-23 23:28:16,522] {logging_mixin.py:104} INFO - [2021-02-23 23:28:16,522] {dag.py:2273} INFO - Setting next_dagrun for tutorial to 2021-02-21 00:00:00+00:00
[2021-02-23 23:28:16,575] {scheduler_job.py:190} INFO - Processing /home/airflow/.local/lib/python3.6/site-packages/airflow/example_dags/tutorial.py took 0.096 seconds
[2021-02-23 23:28:47,460] {scheduler_job.py:182} INFO - Started process (PID=168) to work on /home/airflow/.local/lib/python3.6/site-packages/airflow/example_dags/tutorial.py
[2021-02-23 23:28:47,462] {scheduler_job.py:629} INFO - Processing file /home/airflow/.local/lib/python3.6/site-packages/airflow/example_dags/tutorial.py for tasks to queue
[2021-02-23 23:28:47,462] {logging_mixin.py:104} INFO - [2021-02-23 23:28:47,462] {dagbag.py:448} INFO - Filling up the DagBag from /home/airflow/.local/lib/python3.6/site-packages/airflow/example_dags/tutorial.py
[2021-02-23 23:28:47,471] {scheduler_job.py:639} INFO - DAG(s) dict_keys(['tutorial']) retrieved from /home/airflow/.local/lib/python3.6/site-packages/airflow/example_dags/tutorial.py
[2021-02-23 23:28:47,490] {logging_mixin.py:104} INFO - [2021-02-23 23:28:47,489] {dag.py:1818} INFO - Sync 1 DAGs
[2021-02-23 23:28:47,502] {logging_mixin.py:104} INFO - [2021-02-23 23:28:47,502] {dag.py:2273} INFO - Setting next_dagrun for tutorial to 2021-02-21 00:00:00+00:00
[2021-02-23 23:28:47,550] {scheduler_job.py:190} INFO - Processing /home/airflow/.local/lib/python3.6/site-packages/airflow/example_dags/tutorial.py took 0.093 seconds
[2021-02-23 23:29:17,953] {scheduler_job.py:182} INFO - Started process (PID=195) to work on /home/airflow/.local/lib/python3.6/site-packages/airflow/example_dags/tutorial.py
[2021-02-23 23:29:17,954] {scheduler_job.py:629} INFO - Processing file /home/airflow/.local/lib/python3.6/site-packages/airflow/example_dags/tutorial.py for tasks to queue
[2021-02-23 23:29:17,954] {logging_mixin.py:104} INFO - [2021-02-23 23:29:17,954] {dagbag.py:448} INFO - Filling up the DagBag from /home/airflow/.local/lib/python3.6/site-packages/airflow/example_dags/tutorial.py
[2021-02-23 23:29:17,963] {scheduler_job.py:639} INFO - DAG(s) dict_keys(['tutorial']) retrieved from /home/airflow/.local/lib/python3.6/site-packages/airflow/example_dags/tutorial.py
[2021-02-23 23:29:17,980] {logging_mixin.py:104} INFO - [2021-02-23 23:29:17,979] {dag.py:1818} INFO - Sync 1 DAGs
[2021-02-23 23:29:17,992] {logging_mixin.py:104} INFO - [2021-02-23 23:29:17,992] {dag.py:2273} INFO - Setting next_dagrun for tutorial to 2021-02-21 00:00:00+00:00
[2021-02-23 23:29:18,166] {scheduler_job.py:190} INFO - Processing /home/airflow/.local/lib/python3.6/site-packages/airflow/example_dags/tutorial.py took 0.216 seconds
[2021-02-23 23:29:48,634] {scheduler_job.py:182} INFO - Started process (PID=222) to work on /home/airflow/.local/lib/python3.6/site-packages/airflow/example_dags/tutorial.py
[2021-02-23 23:29:48,635] {scheduler_job.py:629} INFO - Processing file /home/airflow/.local/lib/python3.6/site-packages/airflow/example_dags/tutorial.py for tasks to queue
[2021-02-23 23:29:48,636] {logging_mixin.py:104} INFO - [2021-02-23 23:29:48,636] {dagbag.py:448} INFO - Filling up the DagBag from /home/airflow/.local/lib/python3.6/site-packages/airflow/example_dags/tutorial.py
[2021-02-23 23:29:48,644] {scheduler_job.py:639} INFO - DAG(s) dict_keys(['tutorial']) retrieved from /home/airflow/.local/lib/python3.6/site-packages/airflow/example_dags/tutorial.py
[2021-02-23 23:29:48,661] {logging_mixin.py:104} INFO - [2021-02-23 23:29:48,660] {dag.py:1818} INFO - Sync 1 DAGs
[2021-02-23 23:29:48,672] {logging_mixin.py:104} INFO - [2021-02-23 23:29:48,672] {dag.py:2273} INFO - Setting next_dagrun for tutorial to 2021-02-21 00:00:00+00:00
[2021-02-23 23:29:48,755] {scheduler_job.py:190} INFO - Processing /home/airflow/.local/lib/python3.6/site-packages/airflow/example_dags/tutorial.py took 0.123 seconds
[2021-02-23 23:30:19,553] {scheduler_job.py:182} INFO - Started process (PID=249) to work on /home/airflow/.local/lib/python3.6/site-packages/airflow/example_dags/tutorial.py
[2021-02-23 23:30:19,554] {scheduler_job.py:629} INFO - Processing file /home/airflow/.local/lib/python3.6/site-packages/airflow/example_dags/tutorial.py for tasks to queue
[2021-02-23 23:30:19,554] {logging_mixin.py:104} INFO - [2021-02-23 23:30:19,554] {dagbag.py:448} INFO - Filling up the DagBag from /home/airflow/.local/lib/python3.6/site-packages/airflow/example_dags/tutorial.py
[2021-02-23 23:30:19,562] {scheduler_job.py:639} INFO - DAG(s) dict_keys(['tutorial']) retrieved from /home/airflow/.local/lib/python3.6/site-packages/airflow/example_dags/tutorial.py
[2021-02-23 23:30:19,579] {logging_mixin.py:104} INFO - [2021-02-23 23:30:19,579] {dag.py:1818} INFO - Sync 1 DAGs
[2021-02-23 23:30:19,594] {logging_mixin.py:104} INFO - [2021-02-23 23:30:19,594] {dag.py:2273} INFO - Setting next_dagrun for tutorial to 2021-02-21 00:00:00+00:00
[2021-02-23 23:30:19,628] {scheduler_job.py:190} INFO - Processing /home/airflow/.local/lib/python3.6/site-packages/airflow/example_dags/tutorial.py took 0.077 seconds
[2021-02-23 23:30:50,068] {scheduler_job.py:182} INFO - Started process (PID=276) to work on /home/airflow/.local/lib/python3.6/site-packages/airflow/example_dags/tutorial.py
[2021-02-23 23:30:50,069] {scheduler_job.py:629} INFO - Processing file /home/airflow/.local/lib/python3.6/site-packages/airflow/example_dags/tutorial.py for tasks to queue
[2021-02-23 23:30:50,069] {logging_mixin.py:104} INFO - [2021-02-23 23:30:50,069] {dagbag.py:448} INFO - Filling up the DagBag from /home/airflow/.local/lib/python3.6/site-packages/airflow/example_dags/tutorial.py
[2021-02-23 23:30:50,079] {scheduler_job.py:639} INFO - DAG(s) dict_keys(['tutorial']) retrieved from /home/airflow/.local/lib/python3.6/site-packages/airflow/example_dags/tutorial.py
[2021-02-23 23:30:50,097] {logging_mixin.py:104} INFO - [2021-02-23 23:30:50,097] {dag.py:1818} INFO - Sync 1 DAGs
[2021-02-23 23:30:50,112] {logging_mixin.py:104} INFO - [2021-02-23 23:30:50,112] {dag.py:2273} INFO - Setting next_dagrun for tutorial to 2021-02-21 00:00:00+00:00
[2021-02-23 23:30:50,154] {scheduler_job.py:190} INFO - Processing /home/airflow/.local/lib/python3.6/site-packages/airflow/example_dags/tutorial.py took 0.090 seconds
[2021-02-23 23:31:21,106] {scheduler_job.py:182} INFO - Started process (PID=303) to work on /home/airflow/.local/lib/python3.6/site-packages/airflow/example_dags/tutorial.py
[2021-02-23 23:31:21,108] {scheduler_job.py:629} INFO - Processing file /home/airflow/.local/lib/python3.6/site-packages/airflow/example_dags/tutorial.py for tasks to queue
[2021-02-23 23:31:21,108] {logging_mixin.py:104} INFO - [2021-02-23 23:31:21,108] {dagbag.py:448} INFO - Filling up the DagBag from /home/airflow/.local/lib/python3.6/site-packages/airflow/example_dags/tutorial.py
[2021-02-23 23:31:21,123] {scheduler_job.py:639} INFO - DAG(s) dict_keys(['tutorial']) retrieved from /home/airflow/.local/lib/python3.6/site-packages/airflow/example_dags/tutorial.py
[2021-02-23 23:31:21,144] {logging_mixin.py:104} INFO - [2021-02-23 23:31:21,144] {dag.py:1818} INFO - Sync 1 DAGs
[2021-02-23 23:31:21,165] {logging_mixin.py:104} INFO - [2021-02-23 23:31:21,165] {dag.py:2273} INFO - Setting next_dagrun for tutorial to 2021-02-21 00:00:00+00:00
[2021-02-23 23:31:21,301] {scheduler_job.py:190} INFO - Processing /home/airflow/.local/lib/python3.6/site-packages/airflow/example_dags/tutorial.py took 0.199 seconds
[2021-02-23 23:31:52,188] {scheduler_job.py:182} INFO - Started process (PID=331) to work on /home/airflow/.local/lib/python3.6/site-packages/airflow/example_dags/tutorial.py
[2021-02-23 23:31:52,190] {scheduler_job.py:629} INFO - Processing file /home/airflow/.local/lib/python3.6/site-packages/airflow/example_dags/tutorial.py for tasks to queue
[2021-02-23 23:31:52,191] {logging_mixin.py:104} INFO - [2021-02-23 23:31:52,191] {dagbag.py:448} INFO - Filling up the DagBag from /home/airflow/.local/lib/python3.6/site-packages/airflow/example_dags/tutorial.py
[2021-02-23 23:31:52,201] {scheduler_job.py:639} INFO - DAG(s) dict_keys(['tutorial']) retrieved from /home/airflow/.local/lib/python3.6/site-packages/airflow/example_dags/tutorial.py
[2021-02-23 23:31:52,225] {logging_mixin.py:104} INFO - [2021-02-23 23:31:52,225] {dag.py:1818} INFO - Sync 1 DAGs
[2021-02-23 23:31:52,241] {logging_mixin.py:104} INFO - [2021-02-23 23:31:52,241] {dag.py:2273} INFO - Setting next_dagrun for tutorial to 2021-02-21 00:00:00+00:00
[2021-02-23 23:31:52,635] {scheduler_job.py:190} INFO - Processing /home/airflow/.local/lib/python3.6/site-packages/airflow/example_dags/tutorial.py took 0.451 seconds
[2021-02-23 23:32:22,961] {scheduler_job.py:182} INFO - Started process (PID=359) to work on /home/airflow/.local/lib/python3.6/site-packages/airflow/example_dags/tutorial.py
[2021-02-23 23:32:22,962] {scheduler_job.py:629} INFO - Processing file /home/airflow/.local/lib/python3.6/site-packages/airflow/example_dags/tutorial.py for tasks to queue
[2021-02-23 23:32:22,962] {logging_mixin.py:104} INFO - [2021-02-23 23:32:22,962] {dagbag.py:448} INFO - Filling up the DagBag from /home/airflow/.local/lib/python3.6/site-packages/airflow/example_dags/tutorial.py
[2021-02-23 23:32:22,972] {scheduler_job.py:639} INFO - DAG(s) dict_keys(['tutorial']) retrieved from /home/airflow/.local/lib/python3.6/site-packages/airflow/example_dags/tutorial.py
[2021-02-23 23:32:22,991] {logging_mixin.py:104} INFO - [2021-02-23 23:32:22,991] {dag.py:1818} INFO - Sync 1 DAGs
[2021-02-23 23:32:23,005] {logging_mixin.py:104} INFO - [2021-02-23 23:32:23,005] {dag.py:2273} INFO - Setting next_dagrun for tutorial to 2021-02-21 00:00:00+00:00
[2021-02-23 23:32:23,061] {scheduler_job.py:190} INFO - Processing /home/airflow/.local/lib/python3.6/site-packages/airflow/example_dags/tutorial.py took 0.103 seconds
[2021-02-23 23:32:53,477] {scheduler_job.py:182} INFO - Started process (PID=385) to work on /home/airflow/.local/lib/python3.6/site-packages/airflow/example_dags/tutorial.py
[2021-02-23 23:32:53,478] {scheduler_job.py:629} INFO - Processing file /home/airflow/.local/lib/python3.6/site-packages/airflow/example_dags/tutorial.py for tasks to queue
[2021-02-23 23:32:53,478] {logging_mixin.py:104} INFO - [2021-02-23 23:32:53,478] {dagbag.py:448} INFO - Filling up the DagBag from /home/airflow/.local/lib/python3.6/site-packages/airflow/example_dags/tutorial.py
[2021-02-23 23:32:53,490] {scheduler_job.py:639} INFO - DAG(s) dict_keys(['tutorial']) retrieved from /home/airflow/.local/lib/python3.6/site-packages/airflow/example_dags/tutorial.py
[2021-02-23 23:32:53,507] {logging_mixin.py:104} INFO - [2021-02-23 23:32:53,507] {dag.py:1818} INFO - Sync 1 DAGs
[2021-02-23 23:32:53,521] {logging_mixin.py:104} INFO - [2021-02-23 23:32:53,520] {dag.py:2273} INFO - Setting next_dagrun for tutorial to 2021-02-21 00:00:00+00:00
[2021-02-23 23:32:53,708] {scheduler_job.py:190} INFO - Processing /home/airflow/.local/lib/python3.6/site-packages/airflow/example_dags/tutorial.py took 0.234 seconds
[2021-02-23 23:33:24,687] {scheduler_job.py:182} INFO - Started process (PID=412) to work on /home/airflow/.local/lib/python3.6/site-packages/airflow/example_dags/tutorial.py
[2021-02-23 23:33:24,689] {scheduler_job.py:629} INFO - Processing file /home/airflow/.local/lib/python3.6/site-packages/airflow/example_dags/tutorial.py for tasks to queue
[2021-02-23 23:33:24,689] {logging_mixin.py:104} INFO - [2021-02-23 23:33:24,689] {dagbag.py:448} INFO - Filling up the DagBag from /home/airflow/.local/lib/python3.6/site-packages/airflow/example_dags/tutorial.py
[2021-02-23 23:33:24,699] {scheduler_job.py:639} INFO - DAG(s) dict_keys(['tutorial']) retrieved from /home/airflow/.local/lib/python3.6/site-packages/airflow/example_dags/tutorial.py
[2021-02-23 23:33:24,723] {logging_mixin.py:104} INFO - [2021-02-23 23:33:24,723] {dag.py:1818} INFO - Sync 1 DAGs
[2021-02-23 23:33:24,739] {logging_mixin.py:104} INFO - [2021-02-23 23:33:24,739] {dag.py:2273} INFO - Setting next_dagrun for tutorial to 2021-02-21 00:00:00+00:00
[2021-02-23 23:33:24,818] {scheduler_job.py:190} INFO - Processing /home/airflow/.local/lib/python3.6/site-packages/airflow/example_dags/tutorial.py took 0.134 seconds
[2021-02-23 23:33:55,392] {scheduler_job.py:182} INFO - Started process (PID=439) to work on /home/airflow/.local/lib/python3.6/site-packages/airflow/example_dags/tutorial.py
[2021-02-23 23:33:55,393] {scheduler_job.py:629} INFO - Processing file /home/airflow/.local/lib/python3.6/site-packages/airflow/example_dags/tutorial.py for tasks to queue
[2021-02-23 23:33:55,394] {logging_mixin.py:104} INFO - [2021-02-23 23:33:55,394] {dagbag.py:448} INFO - Filling up the DagBag from /home/airflow/.local/lib/python3.6/site-packages/airflow/example_dags/tutorial.py
[2021-02-23 23:33:55,403] {scheduler_job.py:639} INFO - DAG(s) dict_keys(['tutorial']) retrieved from /home/airflow/.local/lib/python3.6/site-packages/airflow/example_dags/tutorial.py
[2021-02-23 23:33:55,422] {logging_mixin.py:104} INFO - [2021-02-23 23:33:55,422] {dag.py:1818} INFO - Sync 1 DAGs
[2021-02-23 23:33:55,437] {logging_mixin.py:104} INFO - [2021-02-23 23:33:55,437] {dag.py:2273} INFO - Setting next_dagrun for tutorial to 2021-02-21 00:00:00+00:00
[2021-02-23 23:33:55,483] {scheduler_job.py:190} INFO - Processing /home/airflow/.local/lib/python3.6/site-packages/airflow/example_dags/tutorial.py took 0.094 seconds
[2021-02-23 23:34:25,822] {scheduler_job.py:182} INFO - Started process (PID=466) to work on /home/airflow/.local/lib/python3.6/site-packages/airflow/example_dags/tutorial.py
[2021-02-23 23:34:25,823] {scheduler_job.py:629} INFO - Processing file /home/airflow/.local/lib/python3.6/site-packages/airflow/example_dags/tutorial.py for tasks to queue
[2021-02-23 23:34:25,824] {logging_mixin.py:104} INFO - [2021-02-23 23:34:25,824] {dagbag.py:448} INFO - Filling up the DagBag from /home/airflow/.local/lib/python3.6/site-packages/airflow/example_dags/tutorial.py
[2021-02-23 23:34:25,833] {scheduler_job.py:639} INFO - DAG(s) dict_keys(['tutorial']) retrieved from /home/airflow/.local/lib/python3.6/site-packages/airflow/example_dags/tutorial.py
[2021-02-23 23:34:25,852] {logging_mixin.py:104} INFO - [2021-02-23 23:34:25,852] {dag.py:1818} INFO - Sync 1 DAGs
[2021-02-23 23:34:25,866] {logging_mixin.py:104} INFO - [2021-02-23 23:34:25,866] {dag.py:2273} INFO - Setting next_dagrun for tutorial to 2021-02-21 00:00:00+00:00
[2021-02-23 23:34:25,903] {scheduler_job.py:190} INFO - Processing /home/airflow/.local/lib/python3.6/site-packages/airflow/example_dags/tutorial.py took 0.084 seconds
[2021-02-23 23:34:55,939] {scheduler_job.py:182} INFO - Started process (PID=492) to work on /home/airflow/.local/lib/python3.6/site-packages/airflow/example_dags/tutorial.py
[2021-02-23 23:34:55,940] {scheduler_job.py:629} INFO - Processing file /home/airflow/.local/lib/python3.6/site-packages/airflow/example_dags/tutorial.py for tasks to queue
[2021-02-23 23:34:55,941] {logging_mixin.py:104} INFO - [2021-02-23 23:34:55,940] {dagbag.py:448} INFO - Filling up the DagBag from /home/airflow/.local/lib/python3.6/site-packages/airflow/example_dags/tutorial.py
[2021-02-23 23:34:55,951] {scheduler_job.py:639} INFO - DAG(s) dict_keys(['tutorial']) retrieved from /home/airflow/.local/lib/python3.6/site-packages/airflow/example_dags/tutorial.py
[2021-02-23 23:34:55,970] {logging_mixin.py:104} INFO - [2021-02-23 23:34:55,970] {dag.py:1818} INFO - Sync 1 DAGs
[2021-02-23 23:34:55,986] {logging_mixin.py:104} INFO - [2021-02-23 23:34:55,986] {dag.py:2273} INFO - Setting next_dagrun for tutorial to 2021-02-21 00:00:00+00:00
[2021-02-23 23:34:56,024] {scheduler_job.py:190} INFO - Processing /home/airflow/.local/lib/python3.6/site-packages/airflow/example_dags/tutorial.py took 0.094 seconds
[2021-02-23 23:35:26,077] {scheduler_job.py:182} INFO - Started process (PID=519) to work on /home/airflow/.local/lib/python3.6/site-packages/airflow/example_dags/tutorial.py
[2021-02-23 23:35:26,078] {scheduler_job.py:629} INFO - Processing file /home/airflow/.local/lib/python3.6/site-packages/airflow/example_dags/tutorial.py for tasks to queue
[2021-02-23 23:35:26,079] {logging_mixin.py:104} INFO - [2021-02-23 23:35:26,079] {dagbag.py:448} INFO - Filling up the DagBag from /home/airflow/.local/lib/python3.6/site-packages/airflow/example_dags/tutorial.py
[2021-02-23 23:35:26,088] {scheduler_job.py:639} INFO - DAG(s) dict_keys(['tutorial']) retrieved from /home/airflow/.local/lib/python3.6/site-packages/airflow/example_dags/tutorial.py
[2021-02-23 23:35:26,102] {logging_mixin.py:104} INFO - [2021-02-23 23:35:26,102] {dag.py:1818} INFO - Sync 1 DAGs
[2021-02-23 23:35:26,114] {logging_mixin.py:104} INFO - [2021-02-23 23:35:26,114] {dag.py:2273} INFO - Setting next_dagrun for tutorial to 2021-02-21 00:00:00+00:00
[2021-02-23 23:35:26,206] {scheduler_job.py:190} INFO - Processing /home/airflow/.local/lib/python3.6/site-packages/airflow/example_dags/tutorial.py took 0.133 seconds
[2021-02-23 23:35:56,247] {scheduler_job.py:182} INFO - Started process (PID=546) to work on /home/airflow/.local/lib/python3.6/site-packages/airflow/example_dags/tutorial.py
[2021-02-23 23:35:56,248] {scheduler_job.py:629} INFO - Processing file /home/airflow/.local/lib/python3.6/site-packages/airflow/example_dags/tutorial.py for tasks to queue
[2021-02-23 23:35:56,248] {logging_mixin.py:104} INFO - [2021-02-23 23:35:56,248] {dagbag.py:448} INFO - Filling up the DagBag from /home/airflow/.local/lib/python3.6/site-packages/airflow/example_dags/tutorial.py
[2021-02-23 23:35:56,257] {scheduler_job.py:639} INFO - DAG(s) dict_keys(['tutorial']) retrieved from /home/airflow/.local/lib/python3.6/site-packages/airflow/example_dags/tutorial.py
[2021-02-23 23:35:56,291] {logging_mixin.py:104} INFO - [2021-02-23 23:35:56,291] {dag.py:1818} INFO - Sync 1 DAGs
[2021-02-23 23:35:56,311] {logging_mixin.py:104} INFO - [2021-02-23 23:35:56,311] {dag.py:2273} INFO - Setting next_dagrun for tutorial to 2021-02-21 00:00:00+00:00
[2021-02-23 23:35:56,346] {scheduler_job.py:190} INFO - Processing /home/airflow/.local/lib/python3.6/site-packages/airflow/example_dags/tutorial.py took 0.102 seconds
[2021-02-23 23:36:26,402] {scheduler_job.py:182} INFO - Started process (PID=573) to work on /home/airflow/.local/lib/python3.6/site-packages/airflow/example_dags/tutorial.py
[2021-02-23 23:36:26,403] {scheduler_job.py:629} INFO - Processing file /home/airflow/.local/lib/python3.6/site-packages/airflow/example_dags/tutorial.py for tasks to queue
[2021-02-23 23:36:26,403] {logging_mixin.py:104} INFO - [2021-02-23 23:36:26,403] {dagbag.py:448} INFO - Filling up the DagBag from /home/airflow/.local/lib/python3.6/site-packages/airflow/example_dags/tutorial.py
[2021-02-23 23:36:26,413] {scheduler_job.py:639} INFO - DAG(s) dict_keys(['tutorial']) retrieved from /home/airflow/.local/lib/python3.6/site-packages/airflow/example_dags/tutorial.py
[2021-02-23 23:36:26,430] {logging_mixin.py:104} INFO - [2021-02-23 23:36:26,430] {dag.py:1818} INFO - Sync 1 DAGs
[2021-02-23 23:36:26,442] {logging_mixin.py:104} INFO - [2021-02-23 23:36:26,442] {dag.py:2273} INFO - Setting next_dagrun for tutorial to 2021-02-21 00:00:00+00:00
[2021-02-23 23:36:26,481] {scheduler_job.py:190} INFO - Processing /home/airflow/.local/lib/python3.6/site-packages/airflow/example_dags/tutorial.py took 0.081 seconds
[2021-02-23 23:36:56,710] {scheduler_job.py:182} INFO - Started process (PID=594) to work on /home/airflow/.local/lib/python3.6/site-packages/airflow/example_dags/tutorial.py
[2021-02-23 23:36:56,712] {scheduler_job.py:629} INFO - Processing file /home/airflow/.local/lib/python3.6/site-packages/airflow/example_dags/tutorial.py for tasks to queue
[2021-02-23 23:36:56,713] {logging_mixin.py:104} INFO - [2021-02-23 23:36:56,712] {dagbag.py:448} INFO - Filling up the DagBag from /home/airflow/.local/lib/python3.6/site-packages/airflow/example_dags/tutorial.py
[2021-02-23 23:36:56,723] {scheduler_job.py:639} INFO - DAG(s) dict_keys(['tutorial']) retrieved from /home/airflow/.local/lib/python3.6/site-packages/airflow/example_dags/tutorial.py
[2021-02-23 23:36:56,749] {logging_mixin.py:104} INFO - [2021-02-23 23:36:56,748] {dag.py:1818} INFO - Sync 1 DAGs
[2021-02-23 23:36:56,765] {logging_mixin.py:104} INFO - [2021-02-23 23:36:56,765] {dag.py:2273} INFO - Setting next_dagrun for tutorial to 2021-02-21 00:00:00+00:00
[2021-02-23 23:36:56,835] {scheduler_job.py:190} INFO - Processing /home/airflow/.local/lib/python3.6/site-packages/airflow/example_dags/tutorial.py took 0.130 seconds
[2021-02-23 23:37:27,584] {scheduler_job.py:182} INFO - Started process (PID=621) to work on /home/airflow/.local/lib/python3.6/site-packages/airflow/example_dags/tutorial.py
[2021-02-23 23:37:27,585] {scheduler_job.py:629} INFO - Processing file /home/airflow/.local/lib/python3.6/site-packages/airflow/example_dags/tutorial.py for tasks to queue
[2021-02-23 23:37:27,585] {logging_mixin.py:104} INFO - [2021-02-23 23:37:27,585] {dagbag.py:448} INFO - Filling up the DagBag from /home/airflow/.local/lib/python3.6/site-packages/airflow/example_dags/tutorial.py
[2021-02-23 23:37:27,593] {scheduler_job.py:639} INFO - DAG(s) dict_keys(['tutorial']) retrieved from /home/airflow/.local/lib/python3.6/site-packages/airflow/example_dags/tutorial.py
[2021-02-23 23:37:27,618] {logging_mixin.py:104} INFO - [2021-02-23 23:37:27,617] {dag.py:1818} INFO - Sync 1 DAGs
[2021-02-23 23:37:27,634] {logging_mixin.py:104} INFO - [2021-02-23 23:37:27,634] {dag.py:2273} INFO - Setting next_dagrun for tutorial to 2021-02-21 00:00:00+00:00
[2021-02-23 23:37:28,067] {scheduler_job.py:190} INFO - Processing /home/airflow/.local/lib/python3.6/site-packages/airflow/example_dags/tutorial.py took 0.486 seconds
[2021-02-23 23:37:58,119] {scheduler_job.py:182} INFO - Started process (PID=648) to work on /home/airflow/.local/lib/python3.6/site-packages/airflow/example_dags/tutorial.py
[2021-02-23 23:37:58,121] {scheduler_job.py:629} INFO - Processing file /home/airflow/.local/lib/python3.6/site-packages/airflow/example_dags/tutorial.py for tasks to queue
[2021-02-23 23:37:58,122] {logging_mixin.py:104} INFO - [2021-02-23 23:37:58,121] {dagbag.py:448} INFO - Filling up the DagBag from /home/airflow/.local/lib/python3.6/site-packages/airflow/example_dags/tutorial.py
[2021-02-23 23:37:58,133] {scheduler_job.py:639} INFO - DAG(s) dict_keys(['tutorial']) retrieved from /home/airflow/.local/lib/python3.6/site-packages/airflow/example_dags/tutorial.py
[2021-02-23 23:37:58,154] {logging_mixin.py:104} INFO - [2021-02-23 23:37:58,153] {dag.py:1818} INFO - Sync 1 DAGs
[2021-02-23 23:37:58,166] {logging_mixin.py:104} INFO - [2021-02-23 23:37:58,166] {dag.py:2273} INFO - Setting next_dagrun for tutorial to 2021-02-21 00:00:00+00:00
[2021-02-23 23:37:58,274] {scheduler_job.py:190} INFO - Processing /home/airflow/.local/lib/python3.6/site-packages/airflow/example_dags/tutorial.py took 0.160 seconds
[2021-02-23 23:38:28,488] {scheduler_job.py:182} INFO - Started process (PID=675) to work on /home/airflow/.local/lib/python3.6/site-packages/airflow/example_dags/tutorial.py
[2021-02-23 23:38:28,489] {scheduler_job.py:629} INFO - Processing file /home/airflow/.local/lib/python3.6/site-packages/airflow/example_dags/tutorial.py for tasks to queue
[2021-02-23 23:38:28,490] {logging_mixin.py:104} INFO - [2021-02-23 23:38:28,490] {dagbag.py:448} INFO - Filling up the DagBag from /home/airflow/.local/lib/python3.6/site-packages/airflow/example_dags/tutorial.py
[2021-02-23 23:38:28,499] {scheduler_job.py:639} INFO - DAG(s) dict_keys(['tutorial']) retrieved from /home/airflow/.local/lib/python3.6/site-packages/airflow/example_dags/tutorial.py
[2021-02-23 23:38:28,519] {logging_mixin.py:104} INFO - [2021-02-23 23:38:28,519] {dag.py:1818} INFO - Sync 1 DAGs
[2021-02-23 23:38:28,532] {logging_mixin.py:104} INFO - [2021-02-23 23:38:28,532] {dag.py:2273} INFO - Setting next_dagrun for tutorial to 2021-02-21 00:00:00+00:00
[2021-02-23 23:38:28,599] {scheduler_job.py:190} INFO - Processing /home/airflow/.local/lib/python3.6/site-packages/airflow/example_dags/tutorial.py took 0.114 seconds
[2021-02-23 23:38:58,972] {scheduler_job.py:182} INFO - Started process (PID=702) to work on /home/airflow/.local/lib/python3.6/site-packages/airflow/example_dags/tutorial.py
[2021-02-23 23:38:58,974] {scheduler_job.py:629} INFO - Processing file /home/airflow/.local/lib/python3.6/site-packages/airflow/example_dags/tutorial.py for tasks to queue
[2021-02-23 23:38:58,974] {logging_mixin.py:104} INFO - [2021-02-23 23:38:58,974] {dagbag.py:448} INFO - Filling up the DagBag from /home/airflow/.local/lib/python3.6/site-packages/airflow/example_dags/tutorial.py
[2021-02-23 23:38:58,987] {scheduler_job.py:639} INFO - DAG(s) dict_keys(['tutorial']) retrieved from /home/airflow/.local/lib/python3.6/site-packages/airflow/example_dags/tutorial.py
[2021-02-23 23:38:59,005] {logging_mixin.py:104} INFO - [2021-02-23 23:38:59,005] {dag.py:1818} INFO - Sync 1 DAGs
[2021-02-23 23:38:59,018] {logging_mixin.py:104} INFO - [2021-02-23 23:38:59,018] {dag.py:2273} INFO - Setting next_dagrun for tutorial to 2021-02-21 00:00:00+00:00
[2021-02-23 23:38:59,094] {scheduler_job.py:190} INFO - Processing /home/airflow/.local/lib/python3.6/site-packages/airflow/example_dags/tutorial.py took 0.126 seconds
[2021-02-23 23:39:29,182] {scheduler_job.py:182} INFO - Started process (PID=729) to work on /home/airflow/.local/lib/python3.6/site-packages/airflow/example_dags/tutorial.py
[2021-02-23 23:39:29,184] {scheduler_job.py:629} INFO - Processing file /home/airflow/.local/lib/python3.6/site-packages/airflow/example_dags/tutorial.py for tasks to queue
[2021-02-23 23:39:29,185] {logging_mixin.py:104} INFO - [2021-02-23 23:39:29,185] {dagbag.py:448} INFO - Filling up the DagBag from /home/airflow/.local/lib/python3.6/site-packages/airflow/example_dags/tutorial.py
[2021-02-23 23:39:29,204] {scheduler_job.py:639} INFO - DAG(s) dict_keys(['tutorial']) retrieved from /home/airflow/.local/lib/python3.6/site-packages/airflow/example_dags/tutorial.py
[2021-02-23 23:39:29,227] {logging_mixin.py:104} INFO - [2021-02-23 23:39:29,227] {dag.py:1818} INFO - Sync 1 DAGs
[2021-02-23 23:39:29,242] {logging_mixin.py:104} INFO - [2021-02-23 23:39:29,242] {dag.py:2273} INFO - Setting next_dagrun for tutorial to 2021-02-21 00:00:00+00:00
[2021-02-23 23:39:29,316] {scheduler_job.py:190} INFO - Processing /home/airflow/.local/lib/python3.6/site-packages/airflow/example_dags/tutorial.py took 0.144 seconds
[2021-02-23 23:39:59,377] {scheduler_job.py:182} INFO - Started process (PID=756) to work on /home/airflow/.local/lib/python3.6/site-packages/airflow/example_dags/tutorial.py
[2021-02-23 23:39:59,379] {scheduler_job.py:629} INFO - Processing file /home/airflow/.local/lib/python3.6/site-packages/airflow/example_dags/tutorial.py for tasks to queue
[2021-02-23 23:39:59,380] {logging_mixin.py:104} INFO - [2021-02-23 23:39:59,380] {dagbag.py:448} INFO - Filling up the DagBag from /home/airflow/.local/lib/python3.6/site-packages/airflow/example_dags/tutorial.py
[2021-02-23 23:39:59,390] {scheduler_job.py:639} INFO - DAG(s) dict_keys(['tutorial']) retrieved from /home/airflow/.local/lib/python3.6/site-packages/airflow/example_dags/tutorial.py
[2021-02-23 23:39:59,407] {logging_mixin.py:104} INFO - [2021-02-23 23:39:59,407] {dag.py:1818} INFO - Sync 1 DAGs
[2021-02-23 23:39:59,420] {logging_mixin.py:104} INFO - [2021-02-23 23:39:59,420] {dag.py:2273} INFO - Setting next_dagrun for tutorial to 2021-02-21 00:00:00+00:00
[2021-02-23 23:39:59,474] {scheduler_job.py:190} INFO - Processing /home/airflow/.local/lib/python3.6/site-packages/airflow/example_dags/tutorial.py took 0.100 seconds
[2021-02-23 23:40:30,006] {scheduler_job.py:182} INFO - Started process (PID=783) to work on /home/airflow/.local/lib/python3.6/site-packages/airflow/example_dags/tutorial.py
[2021-02-23 23:40:30,007] {scheduler_job.py:629} INFO - Processing file /home/airflow/.local/lib/python3.6/site-packages/airflow/example_dags/tutorial.py for tasks to queue
[2021-02-23 23:40:30,008] {logging_mixin.py:104} INFO - [2021-02-23 23:40:30,008] {dagbag.py:448} INFO - Filling up the DagBag from /home/airflow/.local/lib/python3.6/site-packages/airflow/example_dags/tutorial.py
[2021-02-23 23:40:30,022] {scheduler_job.py:639} INFO - DAG(s) dict_keys(['tutorial']) retrieved from /home/airflow/.local/lib/python3.6/site-packages/airflow/example_dags/tutorial.py
[2021-02-23 23:40:30,037] {logging_mixin.py:104} INFO - [2021-02-23 23:40:30,037] {dag.py:1818} INFO - Sync 1 DAGs
[2021-02-23 23:40:30,049] {logging_mixin.py:104} INFO - [2021-02-23 23:40:30,049] {dag.py:2273} INFO - Setting next_dagrun for tutorial to 2021-02-21 00:00:00+00:00
[2021-02-23 23:40:30,092] {scheduler_job.py:190} INFO - Processing /home/airflow/.local/lib/python3.6/site-packages/airflow/example_dags/tutorial.py took 0.094 seconds
[2021-02-23 23:41:00,634] {scheduler_job.py:182} INFO - Started process (PID=810) to work on /home/airflow/.local/lib/python3.6/site-packages/airflow/example_dags/tutorial.py
[2021-02-23 23:41:00,637] {scheduler_job.py:629} INFO - Processing file /home/airflow/.local/lib/python3.6/site-packages/airflow/example_dags/tutorial.py for tasks to queue
[2021-02-23 23:41:00,638] {logging_mixin.py:104} INFO - [2021-02-23 23:41:00,638] {dagbag.py:448} INFO - Filling up the DagBag from /home/airflow/.local/lib/python3.6/site-packages/airflow/example_dags/tutorial.py
[2021-02-23 23:41:00,653] {scheduler_job.py:639} INFO - DAG(s) dict_keys(['tutorial']) retrieved from /home/airflow/.local/lib/python3.6/site-packages/airflow/example_dags/tutorial.py
[2021-02-23 23:41:00,671] {logging_mixin.py:104} INFO - [2021-02-23 23:41:00,671] {dag.py:1818} INFO - Sync 1 DAGs
[2021-02-23 23:41:00,683] {logging_mixin.py:104} INFO - [2021-02-23 23:41:00,683] {dag.py:2273} INFO - Setting next_dagrun for tutorial to 2021-02-21 00:00:00+00:00
[2021-02-23 23:41:00,779] {scheduler_job.py:190} INFO - Processing /home/airflow/.local/lib/python3.6/site-packages/airflow/example_dags/tutorial.py took 0.154 seconds
[2021-02-23 23:41:31,352] {scheduler_job.py:182} INFO - Started process (PID=837) to work on /home/airflow/.local/lib/python3.6/site-packages/airflow/example_dags/tutorial.py
[2021-02-23 23:41:31,354] {scheduler_job.py:629} INFO - Processing file /home/airflow/.local/lib/python3.6/site-packages/airflow/example_dags/tutorial.py for tasks to queue
[2021-02-23 23:41:31,355] {logging_mixin.py:104} INFO - [2021-02-23 23:41:31,355] {dagbag.py:448} INFO - Filling up the DagBag from /home/airflow/.local/lib/python3.6/site-packages/airflow/example_dags/tutorial.py
[2021-02-23 23:41:31,362] {scheduler_job.py:639} INFO - DAG(s) dict_keys(['tutorial']) retrieved from /home/airflow/.local/lib/python3.6/site-packages/airflow/example_dags/tutorial.py
[2021-02-23 23:41:31,379] {logging_mixin.py:104} INFO - [2021-02-23 23:41:31,379] {dag.py:1818} INFO - Sync 1 DAGs
[2021-02-23 23:41:31,393] {logging_mixin.py:104} INFO - [2021-02-23 23:41:31,393] {dag.py:2273} INFO - Setting next_dagrun for tutorial to 2021-02-21 00:00:00+00:00
[2021-02-23 23:41:31,658] {scheduler_job.py:190} INFO - Processing /home/airflow/.local/lib/python3.6/site-packages/airflow/example_dags/tutorial.py took 0.308 seconds
[2021-02-23 23:42:02,306] {scheduler_job.py:182} INFO - Started process (PID=864) to work on /home/airflow/.local/lib/python3.6/site-packages/airflow/example_dags/tutorial.py
[2021-02-23 23:42:02,307] {scheduler_job.py:629} INFO - Processing file /home/airflow/.local/lib/python3.6/site-packages/airflow/example_dags/tutorial.py for tasks to queue
[2021-02-23 23:42:02,309] {logging_mixin.py:104} INFO - [2021-02-23 23:42:02,308] {dagbag.py:448} INFO - Filling up the DagBag from /home/airflow/.local/lib/python3.6/site-packages/airflow/example_dags/tutorial.py
[2021-02-23 23:42:02,320] {scheduler_job.py:639} INFO - DAG(s) dict_keys(['tutorial']) retrieved from /home/airflow/.local/lib/python3.6/site-packages/airflow/example_dags/tutorial.py
[2021-02-23 23:42:02,338] {logging_mixin.py:104} INFO - [2021-02-23 23:42:02,338] {dag.py:1818} INFO - Sync 1 DAGs
[2021-02-23 23:42:02,351] {logging_mixin.py:104} INFO - [2021-02-23 23:42:02,351] {dag.py:2273} INFO - Setting next_dagrun for tutorial to 2021-02-21 00:00:00+00:00
[2021-02-23 23:42:02,426] {scheduler_job.py:190} INFO - Processing /home/airflow/.local/lib/python3.6/site-packages/airflow/example_dags/tutorial.py took 0.129 seconds
[2021-02-23 23:42:32,725] {scheduler_job.py:182} INFO - Started process (PID=891) to work on /home/airflow/.local/lib/python3.6/site-packages/airflow/example_dags/tutorial.py
[2021-02-23 23:42:32,726] {scheduler_job.py:629} INFO - Processing file /home/airflow/.local/lib/python3.6/site-packages/airflow/example_dags/tutorial.py for tasks to queue
[2021-02-23 23:42:32,727] {logging_mixin.py:104} INFO - [2021-02-23 23:42:32,727] {dagbag.py:448} INFO - Filling up the DagBag from /home/airflow/.local/lib/python3.6/site-packages/airflow/example_dags/tutorial.py
[2021-02-23 23:42:32,738] {scheduler_job.py:639} INFO - DAG(s) dict_keys(['tutorial']) retrieved from /home/airflow/.local/lib/python3.6/site-packages/airflow/example_dags/tutorial.py
[2021-02-23 23:42:32,759] {logging_mixin.py:104} INFO - [2021-02-23 23:42:32,759] {dag.py:1818} INFO - Sync 1 DAGs
[2021-02-23 23:42:32,775] {logging_mixin.py:104} INFO - [2021-02-23 23:42:32,775] {dag.py:2273} INFO - Setting next_dagrun for tutorial to 2021-02-21 00:00:00+00:00
[2021-02-23 23:42:32,978] {scheduler_job.py:190} INFO - Processing /home/airflow/.local/lib/python3.6/site-packages/airflow/example_dags/tutorial.py took 0.258 seconds
[2021-02-23 23:43:03,033] {scheduler_job.py:182} INFO - Started process (PID=918) to work on /home/airflow/.local/lib/python3.6/site-packages/airflow/example_dags/tutorial.py
[2021-02-23 23:43:03,034] {scheduler_job.py:629} INFO - Processing file /home/airflow/.local/lib/python3.6/site-packages/airflow/example_dags/tutorial.py for tasks to queue
[2021-02-23 23:43:03,035] {logging_mixin.py:104} INFO - [2021-02-23 23:43:03,035] {dagbag.py:448} INFO - Filling up the DagBag from /home/airflow/.local/lib/python3.6/site-packages/airflow/example_dags/tutorial.py
[2021-02-23 23:43:03,046] {scheduler_job.py:639} INFO - DAG(s) dict_keys(['tutorial']) retrieved from /home/airflow/.local/lib/python3.6/site-packages/airflow/example_dags/tutorial.py
[2021-02-23 23:43:03,064] {logging_mixin.py:104} INFO - [2021-02-23 23:43:03,064] {dag.py:1818} INFO - Sync 1 DAGs
[2021-02-23 23:43:03,077] {logging_mixin.py:104} INFO - [2021-02-23 23:43:03,077] {dag.py:2273} INFO - Setting next_dagrun for tutorial to 2021-02-21 00:00:00+00:00
[2021-02-23 23:43:03,198] {scheduler_job.py:190} INFO - Processing /home/airflow/.local/lib/python3.6/site-packages/airflow/example_dags/tutorial.py took 0.170 seconds
[2021-02-23 23:43:33,897] {scheduler_job.py:182} INFO - Started process (PID=945) to work on /home/airflow/.local/lib/python3.6/site-packages/airflow/example_dags/tutorial.py
[2021-02-23 23:43:33,900] {scheduler_job.py:629} INFO - Processing file /home/airflow/.local/lib/python3.6/site-packages/airflow/example_dags/tutorial.py for tasks to queue
[2021-02-23 23:43:33,901] {logging_mixin.py:104} INFO - [2021-02-23 23:43:33,901] {dagbag.py:448} INFO - Filling up the DagBag from /home/airflow/.local/lib/python3.6/site-packages/airflow/example_dags/tutorial.py
[2021-02-23 23:43:33,912] {scheduler_job.py:639} INFO - DAG(s) dict_keys(['tutorial']) retrieved from /home/airflow/.local/lib/python3.6/site-packages/airflow/example_dags/tutorial.py
[2021-02-23 23:43:33,934] {logging_mixin.py:104} INFO - [2021-02-23 23:43:33,934] {dag.py:1818} INFO - Sync 1 DAGs
[2021-02-23 23:43:33,948] {logging_mixin.py:104} INFO - [2021-02-23 23:43:33,947] {dag.py:2273} INFO - Setting next_dagrun for tutorial to 2021-02-21 00:00:00+00:00
[2021-02-23 23:43:33,997] {scheduler_job.py:190} INFO - Processing /home/airflow/.local/lib/python3.6/site-packages/airflow/example_dags/tutorial.py took 0.109 seconds
[2021-02-23 23:44:04,195] {scheduler_job.py:182} INFO - Started process (PID=972) to work on /home/airflow/.local/lib/python3.6/site-packages/airflow/example_dags/tutorial.py
[2021-02-23 23:44:04,197] {scheduler_job.py:629} INFO - Processing file /home/airflow/.local/lib/python3.6/site-packages/airflow/example_dags/tutorial.py for tasks to queue
[2021-02-23 23:44:04,197] {logging_mixin.py:104} INFO - [2021-02-23 23:44:04,197] {dagbag.py:448} INFO - Filling up the DagBag from /home/airflow/.local/lib/python3.6/site-packages/airflow/example_dags/tutorial.py
[2021-02-23 23:44:04,209] {scheduler_job.py:639} INFO - DAG(s) dict_keys(['tutorial']) retrieved from /home/airflow/.local/lib/python3.6/site-packages/airflow/example_dags/tutorial.py
[2021-02-23 23:44:04,228] {logging_mixin.py:104} INFO - [2021-02-23 23:44:04,228] {dag.py:1818} INFO - Sync 1 DAGs
[2021-02-23 23:44:04,242] {logging_mixin.py:104} INFO - [2021-02-23 23:44:04,242] {dag.py:2273} INFO - Setting next_dagrun for tutorial to 2021-02-21 00:00:00+00:00
[2021-02-23 23:44:04,318] {scheduler_job.py:190} INFO - Processing /home/airflow/.local/lib/python3.6/site-packages/airflow/example_dags/tutorial.py took 0.128 seconds
[2021-02-23 23:44:34,373] {scheduler_job.py:182} INFO - Started process (PID=999) to work on /home/airflow/.local/lib/python3.6/site-packages/airflow/example_dags/tutorial.py
[2021-02-23 23:44:34,374] {scheduler_job.py:629} INFO - Processing file /home/airflow/.local/lib/python3.6/site-packages/airflow/example_dags/tutorial.py for tasks to queue
[2021-02-23 23:44:34,375] {logging_mixin.py:104} INFO - [2021-02-23 23:44:34,375] {dagbag.py:448} INFO - Filling up the DagBag from /home/airflow/.local/lib/python3.6/site-packages/airflow/example_dags/tutorial.py
[2021-02-23 23:44:34,385] {scheduler_job.py:639} INFO - DAG(s) dict_keys(['tutorial']) retrieved from /home/airflow/.local/lib/python3.6/site-packages/airflow/example_dags/tutorial.py
[2021-02-23 23:44:34,403] {logging_mixin.py:104} INFO - [2021-02-23 23:44:34,403] {dag.py:1818} INFO - Sync 1 DAGs
[2021-02-23 23:44:34,415] {logging_mixin.py:104} INFO - [2021-02-23 23:44:34,415] {dag.py:2273} INFO - Setting next_dagrun for tutorial to 2021-02-21 00:00:00+00:00
[2021-02-23 23:44:34,467] {scheduler_job.py:190} INFO - Processing /home/airflow/.local/lib/python3.6/site-packages/airflow/example_dags/tutorial.py took 0.097 seconds
[2021-02-23 23:45:05,449] {scheduler_job.py:182} INFO - Started process (PID=1026) to work on /home/airflow/.local/lib/python3.6/site-packages/airflow/example_dags/tutorial.py
[2021-02-23 23:45:05,451] {scheduler_job.py:629} INFO - Processing file /home/airflow/.local/lib/python3.6/site-packages/airflow/example_dags/tutorial.py for tasks to queue
[2021-02-23 23:45:05,453] {logging_mixin.py:104} INFO - [2021-02-23 23:45:05,452] {dagbag.py:448} INFO - Filling up the DagBag from /home/airflow/.local/lib/python3.6/site-packages/airflow/example_dags/tutorial.py
[2021-02-23 23:45:05,466] {scheduler_job.py:639} INFO - DAG(s) dict_keys(['tutorial']) retrieved from /home/airflow/.local/lib/python3.6/site-packages/airflow/example_dags/tutorial.py
[2021-02-23 23:45:05,485] {logging_mixin.py:104} INFO - [2021-02-23 23:45:05,484] {dag.py:1818} INFO - Sync 1 DAGs
[2021-02-23 23:45:05,497] {logging_mixin.py:104} INFO - [2021-02-23 23:45:05,497] {dag.py:2273} INFO - Setting next_dagrun for tutorial to 2021-02-21 00:00:00+00:00
[2021-02-23 23:45:05,558] {scheduler_job.py:190} INFO - Processing /home/airflow/.local/lib/python3.6/site-packages/airflow/example_dags/tutorial.py took 0.118 seconds
[2021-02-23 23:45:36,114] {scheduler_job.py:182} INFO - Started process (PID=1054) to work on /home/airflow/.local/lib/python3.6/site-packages/airflow/example_dags/tutorial.py
[2021-02-23 23:45:36,115] {scheduler_job.py:629} INFO - Processing file /home/airflow/.local/lib/python3.6/site-packages/airflow/example_dags/tutorial.py for tasks to queue
[2021-02-23 23:45:36,115] {logging_mixin.py:104} INFO - [2021-02-23 23:45:36,115] {dagbag.py:448} INFO - Filling up the DagBag from /home/airflow/.local/lib/python3.6/site-packages/airflow/example_dags/tutorial.py
[2021-02-23 23:45:36,126] {scheduler_job.py:639} INFO - DAG(s) dict_keys(['tutorial']) retrieved from /home/airflow/.local/lib/python3.6/site-packages/airflow/example_dags/tutorial.py
[2021-02-23 23:45:36,148] {logging_mixin.py:104} INFO - [2021-02-23 23:45:36,148] {dag.py:1818} INFO - Sync 1 DAGs
[2021-02-23 23:45:36,162] {logging_mixin.py:104} INFO - [2021-02-23 23:45:36,162] {dag.py:2273} INFO - Setting next_dagrun for tutorial to 2021-02-21 00:00:00+00:00
[2021-02-23 23:45:36,202] {scheduler_job.py:190} INFO - Processing /home/airflow/.local/lib/python3.6/site-packages/airflow/example_dags/tutorial.py took 0.092 seconds
[2021-02-23 23:46:06,816] {scheduler_job.py:182} INFO - Started process (PID=1081) to work on /home/airflow/.local/lib/python3.6/site-packages/airflow/example_dags/tutorial.py
[2021-02-23 23:46:06,817] {scheduler_job.py:629} INFO - Processing file /home/airflow/.local/lib/python3.6/site-packages/airflow/example_dags/tutorial.py for tasks to queue
[2021-02-23 23:46:06,818] {logging_mixin.py:104} INFO - [2021-02-23 23:46:06,818] {dagbag.py:448} INFO - Filling up the DagBag from /home/airflow/.local/lib/python3.6/site-packages/airflow/example_dags/tutorial.py
[2021-02-23 23:46:06,827] {scheduler_job.py:639} INFO - DAG(s) dict_keys(['tutorial']) retrieved from /home/airflow/.local/lib/python3.6/site-packages/airflow/example_dags/tutorial.py
[2021-02-23 23:46:06,847] {logging_mixin.py:104} INFO - [2021-02-23 23:46:06,847] {dag.py:1818} INFO - Sync 1 DAGs
[2021-02-23 23:46:06,860] {logging_mixin.py:104} INFO - [2021-02-23 23:46:06,859] {dag.py:2273} INFO - Setting next_dagrun for tutorial to 2021-02-21 00:00:00+00:00
[2021-02-23 23:46:06,895] {scheduler_job.py:190} INFO - Processing /home/airflow/.local/lib/python3.6/site-packages/airflow/example_dags/tutorial.py took 0.081 seconds
[2021-02-23 23:46:37,907] {scheduler_job.py:182} INFO - Started process (PID=1108) to work on /home/airflow/.local/lib/python3.6/site-packages/airflow/example_dags/tutorial.py
[2021-02-23 23:46:37,909] {scheduler_job.py:629} INFO - Processing file /home/airflow/.local/lib/python3.6/site-packages/airflow/example_dags/tutorial.py for tasks to queue
[2021-02-23 23:46:37,911] {logging_mixin.py:104} INFO - [2021-02-23 23:46:37,910] {dagbag.py:448} INFO - Filling up the DagBag from /home/airflow/.local/lib/python3.6/site-packages/airflow/example_dags/tutorial.py
[2021-02-23 23:46:37,924] {scheduler_job.py:639} INFO - DAG(s) dict_keys(['tutorial']) retrieved from /home/airflow/.local/lib/python3.6/site-packages/airflow/example_dags/tutorial.py
[2021-02-23 23:46:37,945] {logging_mixin.py:104} INFO - [2021-02-23 23:46:37,945] {dag.py:1818} INFO - Sync 1 DAGs
[2021-02-23 23:46:37,960] {logging_mixin.py:104} INFO - [2021-02-23 23:46:37,960] {dag.py:2273} INFO - Setting next_dagrun for tutorial to 2021-02-21 00:00:00+00:00
[2021-02-23 23:46:38,001] {scheduler_job.py:190} INFO - Processing /home/airflow/.local/lib/python3.6/site-packages/airflow/example_dags/tutorial.py took 0.102 seconds
[2021-02-23 23:47:08,742] {scheduler_job.py:182} INFO - Started process (PID=1135) to work on /home/airflow/.local/lib/python3.6/site-packages/airflow/example_dags/tutorial.py
[2021-02-23 23:47:08,744] {scheduler_job.py:629} INFO - Processing file /home/airflow/.local/lib/python3.6/site-packages/airflow/example_dags/tutorial.py for tasks to queue
[2021-02-23 23:47:08,745] {logging_mixin.py:104} INFO - [2021-02-23 23:47:08,745] {dagbag.py:448} INFO - Filling up the DagBag from /home/airflow/.local/lib/python3.6/site-packages/airflow/example_dags/tutorial.py
[2021-02-23 23:47:08,760] {scheduler_job.py:639} INFO - DAG(s) dict_keys(['tutorial']) retrieved from /home/airflow/.local/lib/python3.6/site-packages/airflow/example_dags/tutorial.py
[2021-02-23 23:47:08,790] {logging_mixin.py:104} INFO - [2021-02-23 23:47:08,790] {dag.py:1818} INFO - Sync 1 DAGs
[2021-02-23 23:47:08,810] {logging_mixin.py:104} INFO - [2021-02-23 23:47:08,809] {dag.py:2273} INFO - Setting next_dagrun for tutorial to 2021-02-21 00:00:00+00:00
[2021-02-23 23:47:08,857] {scheduler_job.py:190} INFO - Processing /home/airflow/.local/lib/python3.6/site-packages/airflow/example_dags/tutorial.py took 0.122 seconds
[2021-02-23 23:47:39,831] {scheduler_job.py:182} INFO - Started process (PID=1162) to work on /home/airflow/.local/lib/python3.6/site-packages/airflow/example_dags/tutorial.py
[2021-02-23 23:47:39,833] {scheduler_job.py:629} INFO - Processing file /home/airflow/.local/lib/python3.6/site-packages/airflow/example_dags/tutorial.py for tasks to queue
[2021-02-23 23:47:39,834] {logging_mixin.py:104} INFO - [2021-02-23 23:47:39,834] {dagbag.py:448} INFO - Filling up the DagBag from /home/airflow/.local/lib/python3.6/site-packages/airflow/example_dags/tutorial.py
[2021-02-23 23:47:39,846] {scheduler_job.py:639} INFO - DAG(s) dict_keys(['tutorial']) retrieved from /home/airflow/.local/lib/python3.6/site-packages/airflow/example_dags/tutorial.py
[2021-02-23 23:47:39,865] {logging_mixin.py:104} INFO - [2021-02-23 23:47:39,865] {dag.py:1818} INFO - Sync 1 DAGs
[2021-02-23 23:47:39,878] {logging_mixin.py:104} INFO - [2021-02-23 23:47:39,878] {dag.py:2273} INFO - Setting next_dagrun for tutorial to 2021-02-21 00:00:00+00:00
[2021-02-23 23:47:39,915] {scheduler_job.py:190} INFO - Processing /home/airflow/.local/lib/python3.6/site-packages/airflow/example_dags/tutorial.py took 0.092 seconds
[2021-02-23 23:48:10,836] {scheduler_job.py:182} INFO - Started process (PID=1189) to work on /home/airflow/.local/lib/python3.6/site-packages/airflow/example_dags/tutorial.py
[2021-02-23 23:48:10,837] {scheduler_job.py:629} INFO - Processing file /home/airflow/.local/lib/python3.6/site-packages/airflow/example_dags/tutorial.py for tasks to queue
[2021-02-23 23:48:10,837] {logging_mixin.py:104} INFO - [2021-02-23 23:48:10,837] {dagbag.py:448} INFO - Filling up the DagBag from /home/airflow/.local/lib/python3.6/site-packages/airflow/example_dags/tutorial.py
[2021-02-23 23:48:10,844] {scheduler_job.py:639} INFO - DAG(s) dict_keys(['tutorial']) retrieved from /home/airflow/.local/lib/python3.6/site-packages/airflow/example_dags/tutorial.py
[2021-02-23 23:48:10,867] {logging_mixin.py:104} INFO - [2021-02-23 23:48:10,867] {dag.py:1818} INFO - Sync 1 DAGs
[2021-02-23 23:48:10,881] {logging_mixin.py:104} INFO - [2021-02-23 23:48:10,881] {dag.py:2273} INFO - Setting next_dagrun for tutorial to 2021-02-21 00:00:00+00:00
[2021-02-23 23:48:10,918] {scheduler_job.py:190} INFO - Processing /home/airflow/.local/lib/python3.6/site-packages/airflow/example_dags/tutorial.py took 0.084 seconds
[2021-02-23 23:48:41,141] {scheduler_job.py:182} INFO - Started process (PID=1217) to work on /home/airflow/.local/lib/python3.6/site-packages/airflow/example_dags/tutorial.py
[2021-02-23 23:48:41,142] {scheduler_job.py:629} INFO - Processing file /home/airflow/.local/lib/python3.6/site-packages/airflow/example_dags/tutorial.py for tasks to queue
[2021-02-23 23:48:41,143] {logging_mixin.py:104} INFO - [2021-02-23 23:48:41,143] {dagbag.py:448} INFO - Filling up the DagBag from /home/airflow/.local/lib/python3.6/site-packages/airflow/example_dags/tutorial.py
[2021-02-23 23:48:41,151] {scheduler_job.py:639} INFO - DAG(s) dict_keys(['tutorial']) retrieved from /home/airflow/.local/lib/python3.6/site-packages/airflow/example_dags/tutorial.py
[2021-02-23 23:48:41,168] {logging_mixin.py:104} INFO - [2021-02-23 23:48:41,168] {dag.py:1818} INFO - Sync 1 DAGs
[2021-02-23 23:48:41,182] {logging_mixin.py:104} INFO - [2021-02-23 23:48:41,182] {dag.py:2273} INFO - Setting next_dagrun for tutorial to 2021-02-21 00:00:00+00:00
[2021-02-23 23:48:41,232] {scheduler_job.py:190} INFO - Processing /home/airflow/.local/lib/python3.6/site-packages/airflow/example_dags/tutorial.py took 0.093 seconds
[2021-02-23 23:49:12,219] {scheduler_job.py:182} INFO - Started process (PID=1243) to work on /home/airflow/.local/lib/python3.6/site-packages/airflow/example_dags/tutorial.py
[2021-02-23 23:49:12,220] {scheduler_job.py:629} INFO - Processing file /home/airflow/.local/lib/python3.6/site-packages/airflow/example_dags/tutorial.py for tasks to queue
[2021-02-23 23:49:12,221] {logging_mixin.py:104} INFO - [2021-02-23 23:49:12,221] {dagbag.py:448} INFO - Filling up the DagBag from /home/airflow/.local/lib/python3.6/site-packages/airflow/example_dags/tutorial.py
[2021-02-23 23:49:12,231] {scheduler_job.py:639} INFO - DAG(s) dict_keys(['tutorial']) retrieved from /home/airflow/.local/lib/python3.6/site-packages/airflow/example_dags/tutorial.py
[2021-02-23 23:49:12,251] {logging_mixin.py:104} INFO - [2021-02-23 23:49:12,251] {dag.py:1818} INFO - Sync 1 DAGs
[2021-02-23 23:49:12,264] {logging_mixin.py:104} INFO - [2021-02-23 23:49:12,263] {dag.py:2273} INFO - Setting next_dagrun for tutorial to 2021-02-21 00:00:00+00:00
[2021-02-23 23:49:12,297] {scheduler_job.py:190} INFO - Processing /home/airflow/.local/lib/python3.6/site-packages/airflow/example_dags/tutorial.py took 0.081 seconds
